25-08-2022 11:03:31|INFO|
    Running Command: 
        python3 main-ml.py --subject_setup dependent --experimental_setup trial --stimuli_class arousal --preprocessing DE --segment_lenght 60 --output_log ./output/dependent-trial-arousal-DE-60.log
    Starting training:
        segment_lenght:  60
        output_log:      ./output/dependent-trial-arousal-DE-60.log
        stimuli_class:   arousal
        preprocessing:   DE
        subject_setup:   dependent
        experimental_setup: trial
    
25-08-2022 11:03:32|INFO|Running Segment-First
25-08-2022 11:03:32|INFO|X.shape=(40, 160), y.shape=(40,), groups.shape=(40,)
25-08-2022 11:03:32|INFO|Is groups None: False 
25-08-2022 11:03:44|INFO|1/10|grid.best_params_={'svc__C': 0.01, 'svc__gamma': 1e-09, 'svc__kernel': 'rbf', 'svc__max_iter': 1000}, grid.best_score_=0.6111111111111112, grid.best_index_=0, acc=0.5, time=12.300918817520142
25-08-2022 11:03:44|INFO|Is groups None: False 
25-08-2022 11:03:45|INFO|2/10|grid.best_params_={'svc__C': 0.01, 'svc__gamma': 1e-09, 'svc__kernel': 'rbf', 'svc__max_iter': 1000}, grid.best_score_=0.6111111111111112, grid.best_index_=0, acc=0.5, time=0.39666104316711426
25-08-2022 11:03:45|INFO|Is groups None: False 
25-08-2022 11:03:45|INFO|3/10|grid.best_params_={'svc__C': 0.01, 'svc__gamma': 1e-09, 'svc__kernel': 'rbf', 'svc__max_iter': 1000}, grid.best_score_=0.6111111111111112, grid.best_index_=0, acc=0.5, time=0.423417329788208
25-08-2022 11:03:45|INFO|Is groups None: False 
25-08-2022 11:03:46|INFO|4/10|grid.best_params_={'svc__C': 100000000.0, 'svc__gamma': 1e-09, 'svc__kernel': 'rbf', 'svc__max_iter': 1000}, grid.best_score_=0.6388888888888888, grid.best_index_=35, acc=0.5, time=0.4057917594909668
25-08-2022 11:03:46|INFO|Is groups None: False 
25-08-2022 11:03:46|INFO|5/10|grid.best_params_={'svc__C': 0.01, 'svc__gamma': 1e-09, 'svc__kernel': 'rbf', 'svc__max_iter': 1000}, grid.best_score_=0.5833333333333334, grid.best_index_=0, acc=0.75, time=0.4103093147277832
25-08-2022 11:03:46|INFO|Is groups None: False 
25-08-2022 11:03:46|INFO|6/10|grid.best_params_={'svc__C': 10000.0, 'svc__gamma': 1e-05, 'svc__kernel': 'rbf', 'svc__max_iter': 1000}, grid.best_score_=0.6388888888888888, grid.best_index_=23, acc=0.25, time=0.3825366497039795
25-08-2022 11:03:46|INFO|Is groups None: False 
25-08-2022 11:03:47|INFO|7/10|grid.best_params_={'svc__C': 0.01, 'svc__gamma': 1e-09, 'svc__kernel': 'rbf', 'svc__max_iter': 1000}, grid.best_score_=0.6111111111111112, grid.best_index_=0, acc=0.5, time=0.4163975715637207
25-08-2022 11:03:47|INFO|Is groups None: False 
25-08-2022 11:03:47|INFO|8/10|grid.best_params_={'svc__C': 0.01, 'svc__gamma': 1e-09, 'svc__kernel': 'rbf', 'svc__max_iter': 1000}, grid.best_score_=0.6111111111111112, grid.best_index_=0, acc=0.5, time=0.4026782512664795
25-08-2022 11:03:47|INFO|Is groups None: False 
25-08-2022 11:03:48|INFO|9/10|grid.best_params_={'svc__C': 0.01, 'svc__gamma': 1e-09, 'svc__kernel': 'rbf', 'svc__max_iter': 1000}, grid.best_score_=0.6111111111111112, grid.best_index_=0, acc=0.5, time=0.40326571464538574
25-08-2022 11:03:48|INFO|Is groups None: False 
25-08-2022 11:03:48|INFO|10/10|grid.best_params_={'svc__C': 10000.0, 'svc__gamma': 1e-05, 'svc__kernel': 'rbf', 'svc__max_iter': 1000}, grid.best_score_=0.6111111111111112, grid.best_index_=23, acc=0.75, time=0.4273247718811035
25-08-2022 11:03:48|INFO|s01|10-CV=0.52500|STD=0.13463|Time spend=16.894667148590088
25-08-2022 11:03:49|INFO|Running Segment-First
25-08-2022 11:03:49|INFO|X.shape=(40, 160), y.shape=(40,), groups.shape=(40,)
25-08-2022 11:03:49|INFO|Is groups None: False 
25-08-2022 11:03:49|INFO|1/10|grid.best_params_={'svc__C': 0.01, 'svc__gamma': 1e-09, 'svc__kernel': 'rbf', 'svc__max_iter': 1000}, grid.best_score_=0.6111111111111112, grid.best_index_=0, acc=0.5, time=0.41686248779296875
25-08-2022 11:03:49|INFO|Is groups None: False 
25-08-2022 11:03:49|INFO|2/10|grid.best_params_={'svc__C': 0.01, 'svc__gamma': 1e-09, 'svc__kernel': 'rbf', 'svc__max_iter': 1000}, grid.best_score_=0.5833333333333334, grid.best_index_=0, acc=0.75, time=0.4087960720062256
25-08-2022 11:03:49|INFO|Is groups None: False 
25-08-2022 11:03:50|INFO|3/10|grid.best_params_={'svc__C': 10000000000.0, 'svc__gamma': 1e-09, 'svc__kernel': 'rbf', 'svc__max_iter': 1000}, grid.best_score_=0.6666666666666666, grid.best_index_=42, acc=0.25, time=0.4245941638946533
25-08-2022 11:03:50|INFO|Is groups None: False 
25-08-2022 11:03:50|INFO|4/10|grid.best_params_={'svc__C': 0.01, 'svc__gamma': 1e-09, 'svc__kernel': 'rbf', 'svc__max_iter': 1000}, grid.best_score_=0.6111111111111112, grid.best_index_=0, acc=0.5, time=0.4282863140106201
25-08-2022 11:03:50|INFO|Is groups None: False 
25-08-2022 11:03:51|INFO|5/10|grid.best_params_={'svc__C': 0.01, 'svc__gamma': 1e-09, 'svc__kernel': 'rbf', 'svc__max_iter': 1000}, grid.best_score_=0.6111111111111112, grid.best_index_=0, acc=0.5, time=0.39504146575927734
25-08-2022 11:03:51|INFO|Is groups None: False 
25-08-2022 11:03:51|INFO|6/10|grid.best_params_={'svc__C': 0.01, 'svc__gamma': 1e-09, 'svc__kernel': 'rbf', 'svc__max_iter': 1000}, grid.best_score_=0.6111111111111112, grid.best_index_=0, acc=0.5, time=0.4140017032623291
25-08-2022 11:03:51|INFO|Is groups None: False 
25-08-2022 11:03:52|INFO|7/10|grid.best_params_={'svc__C': 0.01, 'svc__gamma': 1e-09, 'svc__kernel': 'rbf', 'svc__max_iter': 1000}, grid.best_score_=0.5833333333333334, grid.best_index_=0, acc=0.75, time=0.4344935417175293
25-08-2022 11:03:52|INFO|Is groups None: False 
25-08-2022 11:03:52|INFO|8/10|grid.best_params_={'svc__C': 0.01, 'svc__gamma': 1e-09, 'svc__kernel': 'rbf', 'svc__max_iter': 1000}, grid.best_score_=0.5833333333333334, grid.best_index_=0, acc=0.75, time=0.42497992515563965
25-08-2022 11:03:52|INFO|Is groups None: False 
25-08-2022 11:03:52|INFO|9/10|grid.best_params_={'svc__C': 0.01, 'svc__gamma': 1e-09, 'svc__kernel': 'rbf', 'svc__max_iter': 1000}, grid.best_score_=0.6111111111111112, grid.best_index_=0, acc=0.5, time=0.4141383171081543
25-08-2022 11:03:52|INFO|Is groups None: False 
25-08-2022 11:03:53|INFO|10/10|grid.best_params_={'svc__C': 0.01, 'svc__gamma': 1e-09, 'svc__kernel': 'rbf', 'svc__max_iter': 1000}, grid.best_score_=0.5833333333333334, grid.best_index_=0, acc=0.75, time=0.367504358291626
25-08-2022 11:03:53|INFO|s02|10-CV=0.57500|STD=0.16008|Time spend=4.781541347503662
25-08-2022 11:03:53|INFO|Running Segment-First
25-08-2022 11:03:53|INFO|X.shape=(40, 160), y.shape=(40,), groups.shape=(40,)
25-08-2022 11:03:53|INFO|Is groups None: False 
25-08-2022 11:03:54|INFO|1/10|grid.best_params_={'svc__C': 0.01, 'svc__gamma': 1e-09, 'svc__kernel': 'rbf', 'svc__max_iter': 1000}, grid.best_score_=0.7777777777777778, grid.best_index_=0, acc=1.0, time=0.40934109687805176
25-08-2022 11:03:54|INFO|Is groups None: False 
25-08-2022 11:03:54|INFO|2/10|grid.best_params_={'svc__C': 0.01, 'svc__gamma': 1e-09, 'svc__kernel': 'rbf', 'svc__max_iter': 1000}, grid.best_score_=0.8055555555555556, grid.best_index_=0, acc=0.75, time=0.39217281341552734
25-08-2022 11:03:54|INFO|Is groups None: False 
25-08-2022 11:03:55|INFO|3/10|grid.best_params_={'svc__C': 0.01, 'svc__gamma': 1e-09, 'svc__kernel': 'rbf', 'svc__max_iter': 1000}, grid.best_score_=0.8055555555555556, grid.best_index_=0, acc=0.75, time=0.41847991943359375
25-08-2022 11:03:55|INFO|Is groups None: False 
25-08-2022 11:03:55|INFO|4/10|grid.best_params_={'svc__C': 0.01, 'svc__gamma': 1e-09, 'svc__kernel': 'rbf', 'svc__max_iter': 1000}, grid.best_score_=0.8055555555555556, grid.best_index_=0, acc=0.75, time=0.46108412742614746
25-08-2022 11:03:55|INFO|Is groups None: False 
25-08-2022 11:03:56|INFO|5/10|grid.best_params_={'svc__C': 0.01, 'svc__gamma': 1e-09, 'svc__kernel': 'rbf', 'svc__max_iter': 1000}, grid.best_score_=0.8055555555555556, grid.best_index_=0, acc=0.75, time=0.43393850326538086
25-08-2022 11:03:56|INFO|Is groups None: False 
25-08-2022 11:03:56|INFO|6/10|grid.best_params_={'svc__C': 10000000000.0, 'svc__gamma': 1e-09, 'svc__kernel': 'rbf', 'svc__max_iter': 1000}, grid.best_score_=0.8611111111111112, grid.best_index_=42, acc=0.5, time=0.42110753059387207
25-08-2022 11:03:56|INFO|Is groups None: False 
25-08-2022 11:03:56|INFO|7/10|grid.best_params_={'svc__C': 0.01, 'svc__gamma': 1e-09, 'svc__kernel': 'rbf', 'svc__max_iter': 1000}, grid.best_score_=0.8055555555555556, grid.best_index_=0, acc=0.75, time=0.41844916343688965
25-08-2022 11:03:56|INFO|Is groups None: False 
25-08-2022 11:03:57|INFO|8/10|grid.best_params_={'svc__C': 100000000.0, 'svc__gamma': 1e-09, 'svc__kernel': 'rbf', 'svc__max_iter': 1000}, grid.best_score_=0.8333333333333334, grid.best_index_=35, acc=0.75, time=0.42406654357910156
25-08-2022 11:03:57|INFO|Is groups None: False 
25-08-2022 11:03:57|INFO|9/10|grid.best_params_={'svc__C': 0.01, 'svc__gamma': 1e-09, 'svc__kernel': 'rbf', 'svc__max_iter': 1000}, grid.best_score_=0.8055555555555556, grid.best_index_=0, acc=0.75, time=0.415926456451416
25-08-2022 11:03:57|INFO|Is groups None: False 
25-08-2022 11:03:58|INFO|10/10|grid.best_params_={'svc__C': 0.01, 'svc__gamma': 1e-09, 'svc__kernel': 'rbf', 'svc__max_iter': 1000}, grid.best_score_=0.7777777777777778, grid.best_index_=0, acc=1.0, time=0.40097546577453613
25-08-2022 11:03:58|INFO|s03|10-CV=0.77500|STD=0.13463|Time spend=4.945443391799927
25-08-2022 11:03:58|INFO|Running Segment-First
25-08-2022 11:03:58|INFO|X.shape=(40, 160), y.shape=(40,), groups.shape=(40,)
25-08-2022 11:03:58|INFO|Is groups None: False 
25-08-2022 11:03:59|INFO|1/10|grid.best_params_={'svc__C': 10000.0, 'svc__gamma': 1e-05, 'svc__kernel': 'rbf', 'svc__max_iter': 1000}, grid.best_score_=0.6944444444444444, grid.best_index_=23, acc=0.75, time=0.421497106552124
25-08-2022 11:03:59|INFO|Is groups None: False 
25-08-2022 11:03:59|INFO|2/10|grid.best_params_={'svc__C': 100.0, 'svc__gamma': 0.001, 'svc__kernel': 'rbf', 'svc__max_iter': 1000}, grid.best_score_=0.6666666666666666, grid.best_index_=17, acc=0.5, time=0.42005085945129395
25-08-2022 11:03:59|INFO|Is groups None: False 
25-08-2022 11:04:00|INFO|3/10|grid.best_params_={'svc__C': 100000000.0, 'svc__gamma': 1e-09, 'svc__kernel': 'rbf', 'svc__max_iter': 1000}, grid.best_score_=0.6944444444444444, grid.best_index_=35, acc=0.5, time=0.5206558704376221
25-08-2022 11:04:00|INFO|Is groups None: False 
25-08-2022 11:04:00|INFO|4/10|grid.best_params_={'svc__C': 1000000.0, 'svc__gamma': 1e-07, 'svc__kernel': 'rbf', 'svc__max_iter': 1000}, grid.best_score_=0.6388888888888888, grid.best_index_=29, acc=0.5, time=0.46068406105041504
25-08-2022 11:04:00|INFO|Is groups None: False 
25-08-2022 11:04:01|INFO|5/10|grid.best_params_={'svc__C': 0.01, 'svc__gamma': 1e-09, 'svc__kernel': 'rbf', 'svc__max_iter': 1000}, grid.best_score_=0.6111111111111112, grid.best_index_=0, acc=0.5, time=0.414628267288208
25-08-2022 11:04:01|INFO|Is groups None: False 
25-08-2022 11:04:01|INFO|6/10|grid.best_params_={'svc__C': 100000000.0, 'svc__gamma': 1e-09, 'svc__kernel': 'rbf', 'svc__max_iter': 1000}, grid.best_score_=0.6666666666666666, grid.best_index_=35, acc=0.75, time=0.427715539932251
25-08-2022 11:04:01|INFO|Is groups None: False 
25-08-2022 11:04:02|INFO|7/10|grid.best_params_={'svc__C': 100000000.0, 'svc__gamma': 1e-09, 'svc__kernel': 'rbf', 'svc__max_iter': 1000}, grid.best_score_=0.6944444444444444, grid.best_index_=35, acc=1.0, time=0.4698929786682129
25-08-2022 11:04:02|INFO|Is groups None: False 
25-08-2022 11:04:02|INFO|8/10|grid.best_params_={'svc__C': 100.0, 'svc__gamma': 0.001, 'svc__kernel': 'rbf', 'svc__max_iter': 1000}, grid.best_score_=0.75, grid.best_index_=17, acc=0.5, time=0.40908002853393555
25-08-2022 11:04:02|INFO|Is groups None: False 
25-08-2022 11:04:02|INFO|9/10|grid.best_params_={'svc__C': 10000.0, 'svc__gamma': 1e-05, 'svc__kernel': 'rbf', 'svc__max_iter': 1000}, grid.best_score_=0.7222222222222222, grid.best_index_=23, acc=0.25, time=0.4357025623321533
25-08-2022 11:04:02|INFO|Is groups None: False 
25-08-2022 11:04:03|INFO|10/10|grid.best_params_={'svc__C': 10000.0, 'svc__gamma': 0.001, 'svc__kernel': 'rbf', 'svc__max_iter': 1000}, grid.best_score_=0.7222222222222222, grid.best_index_=24, acc=0.75, time=0.47757768630981445
25-08-2022 11:04:03|INFO|s04|10-CV=0.60000|STD=0.20000|Time spend=5.172258377075195
25-08-2022 11:04:03|INFO|Running Segment-First
25-08-2022 11:04:03|INFO|X.shape=(40, 160), y.shape=(40,), groups.shape=(40,)
25-08-2022 11:04:03|INFO|Is groups None: False 
25-08-2022 11:04:04|INFO|1/10|grid.best_params_={'svc__C': 1000000.0, 'svc__gamma': 1e-07, 'svc__kernel': 'rbf', 'svc__max_iter': 1000}, grid.best_score_=0.6222222222222222, grid.best_index_=29, acc=1.0, time=0.4051082134246826
25-08-2022 11:04:04|INFO|Is groups None: False 
25-08-2022 11:04:04|INFO|2/10|grid.best_params_={'svc__C': 1000000.0, 'svc__gamma': 1e-05, 'svc__kernel': 'rbf', 'svc__max_iter': 1000}, grid.best_score_=0.7, grid.best_index_=30, acc=0.75, time=0.44354867935180664
25-08-2022 11:04:04|INFO|Is groups None: False 
25-08-2022 11:04:05|INFO|3/10|grid.best_params_={'svc__C': 1000000.0, 'svc__gamma': 1e-07, 'svc__kernel': 'rbf', 'svc__max_iter': 1000}, grid.best_score_=0.75, grid.best_index_=29, acc=0.5, time=0.4234805107116699
25-08-2022 11:04:05|INFO|Is groups None: False 
25-08-2022 11:04:05|INFO|4/10|grid.best_params_={'svc__C': 100000000.0, 'svc__gamma': 1e-07, 'svc__kernel': 'rbf', 'svc__max_iter': 1000}, grid.best_score_=0.7462962962962963, grid.best_index_=36, acc=0.5, time=0.4438660144805908
25-08-2022 11:04:05|INFO|Is groups None: False 
25-08-2022 11:04:06|INFO|5/10|grid.best_params_={'svc__C': 100000000.0, 'svc__gamma': 1e-07, 'svc__kernel': 'rbf', 'svc__max_iter': 1000}, grid.best_score_=0.7222222222222222, grid.best_index_=36, acc=0.25, time=0.4177365303039551
25-08-2022 11:04:06|INFO|Is groups None: False 
25-08-2022 11:04:06|INFO|6/10|grid.best_params_={'svc__C': 100000000.0, 'svc__gamma': 1e-07, 'svc__kernel': 'rbf', 'svc__max_iter': 1000}, grid.best_score_=0.7222222222222222, grid.best_index_=36, acc=0.75, time=0.4207477569580078
25-08-2022 11:04:06|INFO|Is groups None: False 
25-08-2022 11:04:06|INFO|7/10|grid.best_params_={'svc__C': 100000000.0, 'svc__gamma': 1e-07, 'svc__kernel': 'rbf', 'svc__max_iter': 1000}, grid.best_score_=0.6111111111111112, grid.best_index_=36, acc=1.0, time=0.41919445991516113
25-08-2022 11:04:06|INFO|Is groups None: False 
25-08-2022 11:04:07|INFO|8/10|grid.best_params_={'svc__C': 100000000.0, 'svc__gamma': 1e-07, 'svc__kernel': 'rbf', 'svc__max_iter': 1000}, grid.best_score_=0.7833333333333333, grid.best_index_=36, acc=0.75, time=0.42148447036743164
25-08-2022 11:04:07|INFO|Is groups None: False 
25-08-2022 11:04:07|INFO|9/10|grid.best_params_={'svc__C': 10000.0, 'svc__gamma': 1e-05, 'svc__kernel': 'rbf', 'svc__max_iter': 1000}, grid.best_score_=0.6185185185185185, grid.best_index_=23, acc=1.0, time=0.41718554496765137
25-08-2022 11:04:07|INFO|Is groups None: False 
25-08-2022 11:04:08|INFO|10/10|grid.best_params_={'svc__C': 10000.0, 'svc__gamma': 1e-05, 'svc__kernel': 'rbf', 'svc__max_iter': 1000}, grid.best_score_=0.75, grid.best_index_=23, acc=0.5, time=0.4180600643157959
25-08-2022 11:04:08|INFO|s05|10-CV=0.70000|STD=0.24495|Time spend=4.837761163711548
25-08-2022 11:04:08|INFO|Running Segment-First
25-08-2022 11:04:08|INFO|X.shape=(40, 160), y.shape=(40,), groups.shape=(40,)
25-08-2022 11:04:08|INFO|Is groups None: False 
25-08-2022 11:04:09|INFO|1/10|grid.best_params_={'svc__C': 100.0, 'svc__gamma': 1e-05, 'svc__kernel': 'rbf', 'svc__max_iter': 1000}, grid.best_score_=0.5555555555555556, grid.best_index_=16, acc=0.75, time=0.42621636390686035
25-08-2022 11:04:09|INFO|Is groups None: False 
25-08-2022 11:04:09|INFO|2/10|grid.best_params_={'svc__C': 100.0, 'svc__gamma': 1e-05, 'svc__kernel': 'rbf', 'svc__max_iter': 1000}, grid.best_score_=0.5555555555555556, grid.best_index_=16, acc=0.75, time=0.41449785232543945
25-08-2022 11:04:09|INFO|Is groups None: False 
25-08-2022 11:04:10|INFO|3/10|grid.best_params_={'svc__C': 100.0, 'svc__gamma': 1e-05, 'svc__kernel': 'rbf', 'svc__max_iter': 1000}, grid.best_score_=0.6111111111111112, grid.best_index_=16, acc=0.5, time=0.4244067668914795
25-08-2022 11:04:10|INFO|Is groups None: False 
25-08-2022 11:04:10|INFO|4/10|grid.best_params_={'svc__C': 0.01, 'svc__gamma': 1e-09, 'svc__kernel': 'rbf', 'svc__max_iter': 1000}, grid.best_score_=0.5833333333333334, grid.best_index_=0, acc=0.5, time=0.43538475036621094
25-08-2022 11:04:10|INFO|Is groups None: False 
25-08-2022 11:04:11|INFO|5/10|grid.best_params_={'svc__C': 0.01, 'svc__gamma': 1e-09, 'svc__kernel': 'rbf', 'svc__max_iter': 1000}, grid.best_score_=0.5833333333333334, grid.best_index_=0, acc=0.5, time=0.4126567840576172
25-08-2022 11:04:11|INFO|Is groups None: False 
25-08-2022 11:04:11|INFO|6/10|grid.best_params_={'svc__C': 0.01, 'svc__gamma': 1e-09, 'svc__kernel': 'rbf', 'svc__max_iter': 1000}, grid.best_score_=0.5833333333333334, grid.best_index_=0, acc=0.5, time=0.4189887046813965
25-08-2022 11:04:11|INFO|Is groups None: False 
25-08-2022 11:04:11|INFO|7/10|grid.best_params_={'svc__C': 0.01, 'svc__gamma': 1e-09, 'svc__kernel': 'rbf', 'svc__max_iter': 1000}, grid.best_score_=0.5833333333333334, grid.best_index_=0, acc=0.5, time=0.43679237365722656
25-08-2022 11:04:11|INFO|Is groups None: False 
25-08-2022 11:04:12|INFO|8/10|grid.best_params_={'svc__C': 0.01, 'svc__gamma': 1e-09, 'svc__kernel': 'rbf', 'svc__max_iter': 1000}, grid.best_score_=0.5833333333333334, grid.best_index_=0, acc=0.5, time=0.43919801712036133
25-08-2022 11:04:12|INFO|Is groups None: False 
25-08-2022 11:04:12|INFO|9/10|grid.best_params_={'svc__C': 100.0, 'svc__gamma': 1e-05, 'svc__kernel': 'rbf', 'svc__max_iter': 1000}, grid.best_score_=0.6388888888888888, grid.best_index_=16, acc=0.25, time=0.41451430320739746
25-08-2022 11:04:12|INFO|Is groups None: False 
25-08-2022 11:04:13|INFO|10/10|grid.best_params_={'svc__C': 1000000.0, 'svc__gamma': 1e-07, 'svc__kernel': 'rbf', 'svc__max_iter': 1000}, grid.best_score_=0.5833333333333334, grid.best_index_=29, acc=0.25, time=0.42566561698913574
25-08-2022 11:04:13|INFO|s06|10-CV=0.50000|STD=0.15811|Time spend=4.940890073776245
25-08-2022 11:04:13|INFO|Running Segment-First
25-08-2022 11:04:13|INFO|X.shape=(40, 160), y.shape=(40,), groups.shape=(40,)
25-08-2022 11:04:13|INFO|Is groups None: False 
25-08-2022 11:04:14|INFO|1/10|grid.best_params_={'svc__C': 0.01, 'svc__gamma': 1e-09, 'svc__kernel': 'rbf', 'svc__max_iter': 1000}, grid.best_score_=0.6111111111111112, grid.best_index_=0, acc=0.75, time=0.433856725692749
25-08-2022 11:04:14|INFO|Is groups None: False 
25-08-2022 11:04:14|INFO|2/10|grid.best_params_={'svc__C': 10000.0, 'svc__gamma': 1e-05, 'svc__kernel': 'rbf', 'svc__max_iter': 1000}, grid.best_score_=0.6666666666666666, grid.best_index_=23, acc=0.25, time=0.38144731521606445
25-08-2022 11:04:14|INFO|Is groups None: False 
25-08-2022 11:04:15|INFO|3/10|grid.best_params_={'svc__C': 0.01, 'svc__gamma': 1e-09, 'svc__kernel': 'rbf', 'svc__max_iter': 1000}, grid.best_score_=0.6388888888888888, grid.best_index_=0, acc=0.5, time=0.41443657875061035
25-08-2022 11:04:15|INFO|Is groups None: False 
25-08-2022 11:04:15|INFO|4/10|grid.best_params_={'svc__C': 100000000.0, 'svc__gamma': 1e-09, 'svc__kernel': 'rbf', 'svc__max_iter': 1000}, grid.best_score_=0.6666666666666666, grid.best_index_=35, acc=0.5, time=0.4092848300933838
25-08-2022 11:04:15|INFO|Is groups None: False 
25-08-2022 11:04:15|INFO|5/10|grid.best_params_={'svc__C': 0.01, 'svc__gamma': 1e-09, 'svc__kernel': 'rbf', 'svc__max_iter': 1000}, grid.best_score_=0.6388888888888888, grid.best_index_=0, acc=0.5, time=0.4013404846191406
25-08-2022 11:04:15|INFO|Is groups None: False 
25-08-2022 11:04:16|INFO|6/10|grid.best_params_={'svc__C': 0.01, 'svc__gamma': 1e-09, 'svc__kernel': 'rbf', 'svc__max_iter': 1000}, grid.best_score_=0.6388888888888888, grid.best_index_=0, acc=0.5, time=0.41428351402282715
25-08-2022 11:04:16|INFO|Is groups None: False 
25-08-2022 11:04:16|INFO|7/10|grid.best_params_={'svc__C': 0.01, 'svc__gamma': 1e-09, 'svc__kernel': 'rbf', 'svc__max_iter': 1000}, grid.best_score_=0.6388888888888888, grid.best_index_=0, acc=0.5, time=0.4200015068054199
25-08-2022 11:04:16|INFO|Is groups None: False 
25-08-2022 11:04:17|INFO|8/10|grid.best_params_={'svc__C': 1000000.0, 'svc__gamma': 1e-05, 'svc__kernel': 'rbf', 'svc__max_iter': 1000}, grid.best_score_=0.6388888888888888, grid.best_index_=30, acc=0.25, time=0.4109489917755127
25-08-2022 11:04:17|INFO|Is groups None: False 
25-08-2022 11:04:17|INFO|9/10|grid.best_params_={'svc__C': 0.01, 'svc__gamma': 1e-09, 'svc__kernel': 'rbf', 'svc__max_iter': 1000}, grid.best_score_=0.6111111111111112, grid.best_index_=0, acc=0.75, time=0.43060779571533203
25-08-2022 11:04:17|INFO|Is groups None: False 
25-08-2022 11:04:17|INFO|10/10|grid.best_params_={'svc__C': 0.01, 'svc__gamma': 1e-09, 'svc__kernel': 'rbf', 'svc__max_iter': 1000}, grid.best_score_=0.6111111111111112, grid.best_index_=0, acc=0.75, time=0.440136194229126
25-08-2022 11:04:18|INFO|s07|10-CV=0.52500|STD=0.17500|Time spend=4.826039552688599
25-08-2022 11:04:18|INFO|Running Segment-First
25-08-2022 11:04:18|INFO|X.shape=(40, 160), y.shape=(40,), groups.shape=(40,)
25-08-2022 11:04:18|INFO|Is groups None: False 
25-08-2022 11:04:19|INFO|1/10|grid.best_params_={'svc__C': 10000000000.0, 'svc__gamma': 1e-09, 'svc__kernel': 'rbf', 'svc__max_iter': 1000}, grid.best_score_=0.5833333333333334, grid.best_index_=42, acc=0.5, time=0.42558860778808594
25-08-2022 11:04:19|INFO|Is groups None: False 
25-08-2022 11:04:19|INFO|2/10|grid.best_params_={'svc__C': 0.01, 'svc__gamma': 1e-09, 'svc__kernel': 'rbf', 'svc__max_iter': 1000}, grid.best_score_=0.5555555555555556, grid.best_index_=0, acc=0.75, time=0.42284584045410156
25-08-2022 11:04:19|INFO|Is groups None: False 
25-08-2022 11:04:19|INFO|3/10|grid.best_params_={'svc__C': 10000.0, 'svc__gamma': 0.001, 'svc__kernel': 'rbf', 'svc__max_iter': 1000}, grid.best_score_=0.6666666666666666, grid.best_index_=24, acc=0.25, time=0.42551279067993164
25-08-2022 11:04:19|INFO|Is groups None: False 
25-08-2022 11:04:20|INFO|4/10|grid.best_params_={'svc__C': 100000000.0, 'svc__gamma': 1e-09, 'svc__kernel': 'rbf', 'svc__max_iter': 1000}, grid.best_score_=0.6944444444444444, grid.best_index_=35, acc=0.5, time=0.4524726867675781
25-08-2022 11:04:20|INFO|Is groups None: False 
25-08-2022 11:04:20|INFO|5/10|grid.best_params_={'svc__C': 100.0, 'svc__gamma': 0.001, 'svc__kernel': 'rbf', 'svc__max_iter': 1000}, grid.best_score_=0.6944444444444444, grid.best_index_=17, acc=0.5, time=0.47832655906677246
25-08-2022 11:04:20|INFO|Is groups None: False 
25-08-2022 11:04:21|INFO|6/10|grid.best_params_={'svc__C': 0.01, 'svc__gamma': 1e-09, 'svc__kernel': 'rbf', 'svc__max_iter': 1000}, grid.best_score_=0.5833333333333334, grid.best_index_=0, acc=0.5, time=0.43139004707336426
25-08-2022 11:04:21|INFO|Is groups None: False 
25-08-2022 11:04:21|INFO|7/10|grid.best_params_={'svc__C': 10000000000.0, 'svc__gamma': 1e-09, 'svc__kernel': 'rbf', 'svc__max_iter': 1000}, grid.best_score_=0.6388888888888888, grid.best_index_=42, acc=0.5, time=0.43114757537841797
25-08-2022 11:04:21|INFO|Is groups None: False 
25-08-2022 11:04:22|INFO|8/10|grid.best_params_={'svc__C': 0.01, 'svc__gamma': 1e-09, 'svc__kernel': 'rbf', 'svc__max_iter': 1000}, grid.best_score_=0.5611111111111111, grid.best_index_=0, acc=0.6666666666666666, time=0.4184718132019043
25-08-2022 11:04:22|INFO|Is groups None: False 
25-08-2022 11:04:22|INFO|9/10|grid.best_params_={'svc__C': 0.01, 'svc__gamma': 1e-09, 'svc__kernel': 'rbf', 'svc__max_iter': 1000}, grid.best_score_=0.5833333333333334, grid.best_index_=0, acc=0.5, time=0.43392491340637207
25-08-2022 11:04:22|INFO|Is groups None: False 
25-08-2022 11:04:23|INFO|10/10|grid.best_params_={'svc__C': 1000000.0, 'svc__gamma': 1e-05, 'svc__kernel': 'rbf', 'svc__max_iter': 1000}, grid.best_score_=0.6759259259259259, grid.best_index_=30, acc=0.6, time=0.43428754806518555
25-08-2022 11:04:23|INFO|s08|10-CV=0.52667|STD=0.12477|Time spend=5.046761989593506
25-08-2022 11:04:23|INFO|Running Segment-First
25-08-2022 11:04:23|INFO|X.shape=(40, 160), y.shape=(40,), groups.shape=(40,)
25-08-2022 11:04:23|INFO|Is groups None: False 
25-08-2022 11:04:24|INFO|1/10|grid.best_params_={'svc__C': 0.01, 'svc__gamma': 1e-09, 'svc__kernel': 'rbf', 'svc__max_iter': 1000}, grid.best_score_=0.6111111111111112, grid.best_index_=0, acc=0.5, time=0.41446590423583984
25-08-2022 11:04:24|INFO|Is groups None: False 
25-08-2022 11:04:24|INFO|2/10|grid.best_params_={'svc__C': 100.0, 'svc__gamma': 0.001, 'svc__kernel': 'rbf', 'svc__max_iter': 1000}, grid.best_score_=0.6666666666666666, grid.best_index_=17, acc=0.25, time=0.4214608669281006
25-08-2022 11:04:24|INFO|Is groups None: False 
25-08-2022 11:04:24|INFO|3/10|grid.best_params_={'svc__C': 0.01, 'svc__gamma': 1e-09, 'svc__kernel': 'rbf', 'svc__max_iter': 1000}, grid.best_score_=0.6111111111111112, grid.best_index_=0, acc=0.5, time=0.3994760513305664
25-08-2022 11:04:24|INFO|Is groups None: False 
25-08-2022 11:04:25|INFO|4/10|grid.best_params_={'svc__C': 0.01, 'svc__gamma': 1e-09, 'svc__kernel': 'rbf', 'svc__max_iter': 1000}, grid.best_score_=0.5833333333333334, grid.best_index_=0, acc=0.75, time=0.4412119388580322
25-08-2022 11:04:25|INFO|Is groups None: False 
25-08-2022 11:04:25|INFO|5/10|grid.best_params_={'svc__C': 0.01, 'svc__gamma': 1e-09, 'svc__kernel': 'rbf', 'svc__max_iter': 1000}, grid.best_score_=0.6111111111111112, grid.best_index_=0, acc=0.5, time=0.44385504722595215
25-08-2022 11:04:25|INFO|Is groups None: False 
25-08-2022 11:04:26|INFO|6/10|grid.best_params_={'svc__C': 0.01, 'svc__gamma': 1e-09, 'svc__kernel': 'rbf', 'svc__max_iter': 1000}, grid.best_score_=0.6111111111111112, grid.best_index_=0, acc=0.5, time=0.41771578788757324
25-08-2022 11:04:26|INFO|Is groups None: False 
25-08-2022 11:04:26|INFO|7/10|grid.best_params_={'svc__C': 100000000.0, 'svc__gamma': 1e-09, 'svc__kernel': 'rbf', 'svc__max_iter': 1000}, grid.best_score_=0.6111111111111112, grid.best_index_=35, acc=0.25, time=0.4913454055786133
25-08-2022 11:04:26|INFO|Is groups None: False 
25-08-2022 11:04:27|INFO|8/10|grid.best_params_={'svc__C': 100.0, 'svc__gamma': 0.001, 'svc__kernel': 'rbf', 'svc__max_iter': 1000}, grid.best_score_=0.6388888888888888, grid.best_index_=17, acc=0.5, time=0.44928741455078125
25-08-2022 11:04:27|INFO|Is groups None: False 
25-08-2022 11:04:27|INFO|9/10|grid.best_params_={'svc__C': 100.0, 'svc__gamma': 0.001, 'svc__kernel': 'rbf', 'svc__max_iter': 1000}, grid.best_score_=0.7222222222222222, grid.best_index_=17, acc=0.75, time=0.4279508590698242
25-08-2022 11:04:27|INFO|Is groups None: False 
25-08-2022 11:04:28|INFO|10/10|grid.best_params_={'svc__C': 100.0, 'svc__gamma': 0.001, 'svc__kernel': 'rbf', 'svc__max_iter': 1000}, grid.best_score_=0.6388888888888888, grid.best_index_=17, acc=0.5, time=0.442594051361084
25-08-2022 11:04:28|INFO|s09|10-CV=0.50000|STD=0.15811|Time spend=5.012186050415039
25-08-2022 11:04:28|INFO|Running Segment-First
25-08-2022 11:04:28|INFO|X.shape=(40, 160), y.shape=(40,), groups.shape=(40,)
25-08-2022 11:04:28|INFO|Is groups None: False 
25-08-2022 11:04:29|INFO|1/10|grid.best_params_={'svc__C': 10000.0, 'svc__gamma': 1e-05, 'svc__kernel': 'rbf', 'svc__max_iter': 1000}, grid.best_score_=0.7222222222222222, grid.best_index_=23, acc=0.5, time=0.43877243995666504
25-08-2022 11:04:29|INFO|Is groups None: False 
25-08-2022 11:04:29|INFO|2/10|grid.best_params_={'svc__C': 1000000.0, 'svc__gamma': 1e-05, 'svc__kernel': 'rbf', 'svc__max_iter': 1000}, grid.best_score_=0.6388888888888888, grid.best_index_=30, acc=0.75, time=0.43342065811157227
25-08-2022 11:04:29|INFO|Is groups None: False 
25-08-2022 11:04:30|INFO|3/10|grid.best_params_={'svc__C': 10000000000.0, 'svc__gamma': 1e-09, 'svc__kernel': 'rbf', 'svc__max_iter': 1000}, grid.best_score_=0.75, grid.best_index_=42, acc=0.75, time=0.43242597579956055
25-08-2022 11:04:30|INFO|Is groups None: False 
25-08-2022 11:04:30|INFO|4/10|grid.best_params_={'svc__C': 100000000.0, 'svc__gamma': 1e-09, 'svc__kernel': 'rbf', 'svc__max_iter': 1000}, grid.best_score_=0.7777777777777778, grid.best_index_=35, acc=1.0, time=0.43373703956604004
25-08-2022 11:04:30|INFO|Is groups None: False 
25-08-2022 11:04:30|INFO|5/10|grid.best_params_={'svc__C': 1000000.0, 'svc__gamma': 1e-09, 'svc__kernel': 'rbf', 'svc__max_iter': 1000}, grid.best_score_=0.8055555555555556, grid.best_index_=28, acc=0.75, time=0.426896333694458
25-08-2022 11:04:30|INFO|Is groups None: False 
25-08-2022 11:04:31|INFO|6/10|grid.best_params_={'svc__C': 10000.0, 'svc__gamma': 1e-07, 'svc__kernel': 'rbf', 'svc__max_iter': 1000}, grid.best_score_=0.75, grid.best_index_=22, acc=0.75, time=0.4439432621002197
25-08-2022 11:04:31|INFO|Is groups None: False 
25-08-2022 11:04:31|INFO|7/10|grid.best_params_={'svc__C': 100.0, 'svc__gamma': 1e-05, 'svc__kernel': 'rbf', 'svc__max_iter': 1000}, grid.best_score_=0.7777777777777778, grid.best_index_=16, acc=1.0, time=0.4673590660095215
25-08-2022 11:04:31|INFO|Is groups None: False 
25-08-2022 11:04:32|INFO|8/10|grid.best_params_={'svc__C': 10000.0, 'svc__gamma': 1e-07, 'svc__kernel': 'rbf', 'svc__max_iter': 1000}, grid.best_score_=0.75, grid.best_index_=22, acc=0.5, time=0.43900299072265625
25-08-2022 11:04:32|INFO|Is groups None: False 
25-08-2022 11:04:32|INFO|9/10|grid.best_params_={'svc__C': 100.0, 'svc__gamma': 1e-05, 'svc__kernel': 'rbf', 'svc__max_iter': 1000}, grid.best_score_=0.7777777777777778, grid.best_index_=16, acc=0.5, time=0.44384217262268066
25-08-2022 11:04:32|INFO|Is groups None: False 
25-08-2022 11:04:33|INFO|10/10|grid.best_params_={'svc__C': 100.0, 'svc__gamma': 1e-05, 'svc__kernel': 'rbf', 'svc__max_iter': 1000}, grid.best_score_=0.7777777777777778, grid.best_index_=16, acc=0.5, time=0.4463803768157959
25-08-2022 11:04:33|INFO|s10|10-CV=0.70000|STD=0.18708|Time spend=5.099667072296143
25-08-2022 11:04:33|INFO|Running Segment-First
25-08-2022 11:04:33|INFO|X.shape=(40, 160), y.shape=(40,), groups.shape=(40,)
25-08-2022 11:04:33|INFO|Is groups None: False 
25-08-2022 11:04:34|INFO|1/10|grid.best_params_={'svc__C': 10000.0, 'svc__gamma': 0.001, 'svc__kernel': 'rbf', 'svc__max_iter': 1000}, grid.best_score_=0.6388888888888888, grid.best_index_=24, acc=0.5, time=0.43214893341064453
25-08-2022 11:04:34|INFO|Is groups None: False 
25-08-2022 11:04:34|INFO|2/10|grid.best_params_={'svc__C': 0.01, 'svc__gamma': 1e-09, 'svc__kernel': 'rbf', 'svc__max_iter': 1000}, grid.best_score_=0.6111111111111112, grid.best_index_=0, acc=0.75, time=0.4339110851287842
25-08-2022 11:04:34|INFO|Is groups None: False 
25-08-2022 11:04:35|INFO|3/10|grid.best_params_={'svc__C': 0.01, 'svc__gamma': 1e-09, 'svc__kernel': 'rbf', 'svc__max_iter': 1000}, grid.best_score_=0.6388888888888888, grid.best_index_=0, acc=0.5, time=0.4551990032196045
25-08-2022 11:04:35|INFO|Is groups None: False 
25-08-2022 11:04:35|INFO|4/10|grid.best_params_={'svc__C': 0.01, 'svc__gamma': 1e-09, 'svc__kernel': 'rbf', 'svc__max_iter': 1000}, grid.best_score_=0.6388888888888888, grid.best_index_=0, acc=0.5, time=0.46398138999938965
25-08-2022 11:04:35|INFO|Is groups None: False 
25-08-2022 11:04:36|INFO|5/10|grid.best_params_={'svc__C': 0.01, 'svc__gamma': 1e-09, 'svc__kernel': 'rbf', 'svc__max_iter': 1000}, grid.best_score_=0.6388888888888888, grid.best_index_=0, acc=0.5, time=0.4679574966430664
25-08-2022 11:04:36|INFO|Is groups None: False 
25-08-2022 11:04:36|INFO|6/10|grid.best_params_={'svc__C': 0.01, 'svc__gamma': 1e-09, 'svc__kernel': 'rbf', 'svc__max_iter': 1000}, grid.best_score_=0.6388888888888888, grid.best_index_=0, acc=0.5, time=0.513458251953125
25-08-2022 11:04:36|INFO|Is groups None: False 
25-08-2022 11:04:37|INFO|7/10|grid.best_params_={'svc__C': 0.01, 'svc__gamma': 1e-09, 'svc__kernel': 'rbf', 'svc__max_iter': 1000}, grid.best_score_=0.6111111111111112, grid.best_index_=0, acc=0.75, time=0.45093703269958496
25-08-2022 11:04:37|INFO|Is groups None: False 
25-08-2022 11:04:37|INFO|8/10|grid.best_params_={'svc__C': 0.01, 'svc__gamma': 1e-09, 'svc__kernel': 'rbf', 'svc__max_iter': 1000}, grid.best_score_=0.6388888888888888, grid.best_index_=0, acc=0.5, time=0.44440507888793945
25-08-2022 11:04:37|INFO|Is groups None: False 
25-08-2022 11:04:38|INFO|9/10|grid.best_params_={'svc__C': 0.01, 'svc__gamma': 1e-09, 'svc__kernel': 'rbf', 'svc__max_iter': 1000}, grid.best_score_=0.6111111111111112, grid.best_index_=0, acc=0.75, time=0.4429931640625
25-08-2022 11:04:38|INFO|Is groups None: False 
25-08-2022 11:04:38|INFO|10/10|grid.best_params_={'svc__C': 0.01, 'svc__gamma': 1e-09, 'svc__kernel': 'rbf', 'svc__max_iter': 1000}, grid.best_score_=0.6111111111111112, grid.best_index_=0, acc=0.75, time=0.5147905349731445
25-08-2022 11:04:38|INFO|s11|10-CV=0.60000|STD=0.12247|Time spend=5.4131810665130615
25-08-2022 11:04:39|INFO|Running Segment-First
25-08-2022 11:04:39|INFO|X.shape=(40, 160), y.shape=(40,), groups.shape=(40,)
25-08-2022 11:04:39|INFO|Is groups None: False 
25-08-2022 11:04:39|INFO|1/10|grid.best_params_={'svc__C': 0.01, 'svc__gamma': 1e-09, 'svc__kernel': 'rbf', 'svc__max_iter': 1000}, grid.best_score_=0.8333333333333334, grid.best_index_=0, acc=0.75, time=0.4030139446258545
25-08-2022 11:04:39|INFO|Is groups None: False 
25-08-2022 11:04:40|INFO|2/10|grid.best_params_={'svc__C': 0.01, 'svc__gamma': 1e-09, 'svc__kernel': 'rbf', 'svc__max_iter': 1000}, grid.best_score_=0.8333333333333334, grid.best_index_=0, acc=0.75, time=0.42265963554382324
25-08-2022 11:04:40|INFO|Is groups None: False 
25-08-2022 11:04:40|INFO|3/10|grid.best_params_={'svc__C': 0.01, 'svc__gamma': 1e-09, 'svc__kernel': 'rbf', 'svc__max_iter': 1000}, grid.best_score_=0.8333333333333334, grid.best_index_=0, acc=0.75, time=0.39168429374694824
25-08-2022 11:04:40|INFO|Is groups None: False 
25-08-2022 11:04:40|INFO|4/10|grid.best_params_={'svc__C': 0.01, 'svc__gamma': 1e-09, 'svc__kernel': 'rbf', 'svc__max_iter': 1000}, grid.best_score_=0.8333333333333334, grid.best_index_=0, acc=0.75, time=0.42188334465026855
25-08-2022 11:04:40|INFO|Is groups None: False 
25-08-2022 11:04:41|INFO|5/10|grid.best_params_={'svc__C': 10000.0, 'svc__gamma': 1e-05, 'svc__kernel': 'rbf', 'svc__max_iter': 1000}, grid.best_score_=0.8611111111111112, grid.best_index_=23, acc=0.5, time=0.44292664527893066
25-08-2022 11:04:41|INFO|Is groups None: False 
25-08-2022 11:04:41|INFO|6/10|grid.best_params_={'svc__C': 100.0, 'svc__gamma': 0.001, 'svc__kernel': 'rbf', 'svc__max_iter': 1000}, grid.best_score_=0.8611111111111112, grid.best_index_=17, acc=0.75, time=0.5178298950195312
25-08-2022 11:04:41|INFO|Is groups None: False 
25-08-2022 11:04:42|INFO|7/10|grid.best_params_={'svc__C': 0.01, 'svc__gamma': 1e-09, 'svc__kernel': 'rbf', 'svc__max_iter': 1000}, grid.best_score_=0.8055555555555556, grid.best_index_=0, acc=1.0, time=0.4704923629760742
25-08-2022 11:04:42|INFO|Is groups None: False 
25-08-2022 11:04:42|INFO|8/10|grid.best_params_={'svc__C': 0.01, 'svc__gamma': 1e-09, 'svc__kernel': 'rbf', 'svc__max_iter': 1000}, grid.best_score_=0.8333333333333334, grid.best_index_=0, acc=0.75, time=0.4845092296600342
25-08-2022 11:04:42|INFO|Is groups None: False 
25-08-2022 11:04:43|INFO|9/10|grid.best_params_={'svc__C': 0.01, 'svc__gamma': 1e-09, 'svc__kernel': 'rbf', 'svc__max_iter': 1000}, grid.best_score_=0.8055555555555556, grid.best_index_=0, acc=1.0, time=0.4420773983001709
25-08-2022 11:04:43|INFO|Is groups None: False 
25-08-2022 11:04:43|INFO|10/10|grid.best_params_={'svc__C': 100.0, 'svc__gamma': 0.001, 'svc__kernel': 'rbf', 'svc__max_iter': 1000}, grid.best_score_=0.8611111111111112, grid.best_index_=17, acc=1.0, time=0.4697566032409668
25-08-2022 11:04:43|INFO|s12|10-CV=0.80000|STD=0.15000|Time spend=5.200211048126221
25-08-2022 11:04:44|INFO|Running Segment-First
25-08-2022 11:04:44|INFO|X.shape=(40, 160), y.shape=(40,), groups.shape=(40,)
25-08-2022 11:04:44|INFO|Is groups None: False 
25-08-2022 11:04:44|INFO|1/10|grid.best_params_={'svc__C': 1000000.0, 'svc__gamma': 1e-07, 'svc__kernel': 'rbf', 'svc__max_iter': 1000}, grid.best_score_=0.9166666666666666, grid.best_index_=29, acc=0.75, time=0.42592954635620117
25-08-2022 11:04:44|INFO|Is groups None: False 
25-08-2022 11:04:45|INFO|2/10|grid.best_params_={'svc__C': 0.01, 'svc__gamma': 1e-09, 'svc__kernel': 'rbf', 'svc__max_iter': 1000}, grid.best_score_=0.8611111111111112, grid.best_index_=0, acc=0.75, time=0.4232511520385742
25-08-2022 11:04:45|INFO|Is groups None: False 
25-08-2022 11:04:45|INFO|3/10|grid.best_params_={'svc__C': 0.01, 'svc__gamma': 1e-09, 'svc__kernel': 'rbf', 'svc__max_iter': 1000}, grid.best_score_=0.8611111111111112, grid.best_index_=0, acc=0.75, time=0.3926522731781006
25-08-2022 11:04:45|INFO|Is groups None: False 
25-08-2022 11:04:46|INFO|4/10|grid.best_params_={'svc__C': 0.01, 'svc__gamma': 1e-09, 'svc__kernel': 'rbf', 'svc__max_iter': 1000}, grid.best_score_=0.8611111111111112, grid.best_index_=0, acc=0.75, time=0.42517805099487305
25-08-2022 11:04:46|INFO|Is groups None: False 
25-08-2022 11:04:46|INFO|5/10|grid.best_params_={'svc__C': 0.01, 'svc__gamma': 1e-09, 'svc__kernel': 'rbf', 'svc__max_iter': 1000}, grid.best_score_=0.8611111111111112, grid.best_index_=0, acc=0.75, time=0.45034265518188477
25-08-2022 11:04:46|INFO|Is groups None: False 
25-08-2022 11:04:46|INFO|6/10|grid.best_params_={'svc__C': 0.01, 'svc__gamma': 1e-09, 'svc__kernel': 'rbf', 'svc__max_iter': 1000}, grid.best_score_=0.8611111111111112, grid.best_index_=0, acc=0.75, time=0.43210554122924805
25-08-2022 11:04:46|INFO|Is groups None: False 
25-08-2022 11:04:47|INFO|7/10|grid.best_params_={'svc__C': 0.01, 'svc__gamma': 1e-09, 'svc__kernel': 'rbf', 'svc__max_iter': 1000}, grid.best_score_=0.8333333333333334, grid.best_index_=0, acc=1.0, time=0.4644815921783447
25-08-2022 11:04:47|INFO|Is groups None: False 
25-08-2022 11:04:47|INFO|8/10|grid.best_params_={'svc__C': 100.0, 'svc__gamma': 0.001, 'svc__kernel': 'rbf', 'svc__max_iter': 1000}, grid.best_score_=0.8611111111111112, grid.best_index_=17, acc=0.75, time=0.42871856689453125
25-08-2022 11:04:47|INFO|Is groups None: False 
25-08-2022 11:04:48|INFO|9/10|grid.best_params_={'svc__C': 10000000000.0, 'svc__gamma': 1e-09, 'svc__kernel': 'rbf', 'svc__max_iter': 1000}, grid.best_score_=0.8888888888888888, grid.best_index_=42, acc=0.5, time=0.4445524215698242
25-08-2022 11:04:48|INFO|Is groups None: False 
25-08-2022 11:04:48|INFO|10/10|grid.best_params_={'svc__C': 0.01, 'svc__gamma': 1e-09, 'svc__kernel': 'rbf', 'svc__max_iter': 1000}, grid.best_score_=0.8333333333333334, grid.best_index_=0, acc=1.0, time=0.4654672145843506
25-08-2022 11:04:48|INFO|s13|10-CV=0.77500|STD=0.13463|Time spend=4.995778322219849
25-08-2022 11:04:49|INFO|Running Segment-First
25-08-2022 11:04:49|INFO|X.shape=(40, 160), y.shape=(40,), groups.shape=(40,)
25-08-2022 11:04:49|INFO|Is groups None: False 
25-08-2022 11:04:49|INFO|1/10|grid.best_params_={'svc__C': 0.01, 'svc__gamma': 1e-09, 'svc__kernel': 'rbf', 'svc__max_iter': 1000}, grid.best_score_=0.6666666666666666, grid.best_index_=0, acc=0.75, time=0.44886231422424316
25-08-2022 11:04:49|INFO|Is groups None: False 
25-08-2022 11:04:50|INFO|2/10|grid.best_params_={'svc__C': 10000.0, 'svc__gamma': 0.001, 'svc__kernel': 'rbf', 'svc__max_iter': 1000}, grid.best_score_=0.6944444444444444, grid.best_index_=24, acc=0.5, time=0.4427361488342285
25-08-2022 11:04:50|INFO|Is groups None: False 
25-08-2022 11:04:50|INFO|3/10|grid.best_params_={'svc__C': 1000000.0, 'svc__gamma': 1e-07, 'svc__kernel': 'rbf', 'svc__max_iter': 1000}, grid.best_score_=0.75, grid.best_index_=29, acc=0.5, time=0.4249269962310791
25-08-2022 11:04:50|INFO|Is groups None: False 
25-08-2022 11:04:51|INFO|4/10|grid.best_params_={'svc__C': 0.01, 'svc__gamma': 1e-09, 'svc__kernel': 'rbf', 'svc__max_iter': 1000}, grid.best_score_=0.6944444444444444, grid.best_index_=0, acc=0.5, time=0.4524402618408203
25-08-2022 11:04:51|INFO|Is groups None: False 
25-08-2022 11:04:51|INFO|5/10|grid.best_params_={'svc__C': 0.01, 'svc__gamma': 1e-09, 'svc__kernel': 'rbf', 'svc__max_iter': 1000}, grid.best_score_=0.6944444444444444, grid.best_index_=0, acc=0.5, time=0.5180730819702148
25-08-2022 11:04:51|INFO|Is groups None: False 
25-08-2022 11:04:52|INFO|6/10|grid.best_params_={'svc__C': 10000.0, 'svc__gamma': 0.001, 'svc__kernel': 'rbf', 'svc__max_iter': 1000}, grid.best_score_=0.75, grid.best_index_=24, acc=0.25, time=0.43715500831604004
25-08-2022 11:04:52|INFO|Is groups None: False 
25-08-2022 11:04:52|INFO|7/10|grid.best_params_={'svc__C': 0.01, 'svc__gamma': 1e-09, 'svc__kernel': 'rbf', 'svc__max_iter': 1000}, grid.best_score_=0.6666666666666666, grid.best_index_=0, acc=0.75, time=0.46984410285949707
25-08-2022 11:04:52|INFO|Is groups None: False 
25-08-2022 11:04:53|INFO|8/10|grid.best_params_={'svc__C': 1000000.0, 'svc__gamma': 1e-07, 'svc__kernel': 'rbf', 'svc__max_iter': 1000}, grid.best_score_=0.6944444444444444, grid.best_index_=29, acc=0.5, time=0.4373307228088379
25-08-2022 11:04:53|INFO|Is groups None: False 
25-08-2022 11:04:53|INFO|9/10|grid.best_params_={'svc__C': 100000000.0, 'svc__gamma': 1e-09, 'svc__kernel': 'rbf', 'svc__max_iter': 1000}, grid.best_score_=0.7777777777777778, grid.best_index_=35, acc=0.75, time=0.5014431476593018
25-08-2022 11:04:53|INFO|Is groups None: False 
25-08-2022 11:04:54|INFO|10/10|grid.best_params_={'svc__C': 100000000.0, 'svc__gamma': 1e-07, 'svc__kernel': 'rbf', 'svc__max_iter': 1000}, grid.best_score_=0.6944444444444444, grid.best_index_=36, acc=1.0, time=0.44512438774108887
25-08-2022 11:04:54|INFO|s14|10-CV=0.60000|STD=0.20000|Time spend=5.300792455673218
25-08-2022 11:04:54|INFO|Running Segment-First
25-08-2022 11:04:54|INFO|X.shape=(40, 160), y.shape=(40,), groups.shape=(40,)
25-08-2022 11:04:54|INFO|Is groups None: False 
25-08-2022 11:04:55|INFO|1/10|grid.best_params_={'svc__C': 100.0, 'svc__gamma': 1e-05, 'svc__kernel': 'rbf', 'svc__max_iter': 1000}, grid.best_score_=0.5555555555555556, grid.best_index_=16, acc=0.5, time=0.42514657974243164
25-08-2022 11:04:55|INFO|Is groups None: False 
25-08-2022 11:04:55|INFO|2/10|grid.best_params_={'svc__C': 100.0, 'svc__gamma': 1e-05, 'svc__kernel': 'rbf', 'svc__max_iter': 1000}, grid.best_score_=0.5555555555555556, grid.best_index_=16, acc=1.0, time=0.44687414169311523
25-08-2022 11:04:55|INFO|Is groups None: False 
25-08-2022 11:04:56|INFO|3/10|grid.best_params_={'svc__C': 1000000.0, 'svc__gamma': 1e-09, 'svc__kernel': 'rbf', 'svc__max_iter': 1000}, grid.best_score_=0.5833333333333334, grid.best_index_=28, acc=0.75, time=0.4321103096008301
25-08-2022 11:04:56|INFO|Is groups None: False 
25-08-2022 11:04:56|INFO|4/10|grid.best_params_={'svc__C': 10000.0, 'svc__gamma': 1e-05, 'svc__kernel': 'rbf', 'svc__max_iter': 1000}, grid.best_score_=0.5833333333333334, grid.best_index_=23, acc=0.25, time=0.5178370475769043
25-08-2022 11:04:56|INFO|Is groups None: False 
25-08-2022 11:04:57|INFO|5/10|grid.best_params_={'svc__C': 100.0, 'svc__gamma': 1e-05, 'svc__kernel': 'rbf', 'svc__max_iter': 1000}, grid.best_score_=0.5833333333333334, grid.best_index_=16, acc=0.75, time=0.46750426292419434
25-08-2022 11:04:57|INFO|Is groups None: False 
25-08-2022 11:04:57|INFO|6/10|grid.best_params_={'svc__C': 100.0, 'svc__gamma': 1e-05, 'svc__kernel': 'rbf', 'svc__max_iter': 1000}, grid.best_score_=0.6388888888888888, grid.best_index_=16, acc=0.75, time=0.4648864269256592
25-08-2022 11:04:57|INFO|Is groups None: False 
25-08-2022 11:04:57|INFO|7/10|grid.best_params_={'svc__C': 100.0, 'svc__gamma': 1e-05, 'svc__kernel': 'rbf', 'svc__max_iter': 1000}, grid.best_score_=0.7277777777777777, grid.best_index_=16, acc=0.5, time=0.4361441135406494
25-08-2022 11:04:57|INFO|Is groups None: False 
25-08-2022 11:04:58|INFO|8/10|grid.best_params_={'svc__C': 1000000.0, 'svc__gamma': 1e-09, 'svc__kernel': 'rbf', 'svc__max_iter': 1000}, grid.best_score_=0.6388888888888888, grid.best_index_=28, acc=0.5, time=0.44773340225219727
25-08-2022 11:04:58|INFO|Is groups None: False 
25-08-2022 11:04:58|INFO|9/10|grid.best_params_={'svc__C': 100.0, 'svc__gamma': 1e-05, 'svc__kernel': 'rbf', 'svc__max_iter': 1000}, grid.best_score_=0.6111111111111112, grid.best_index_=16, acc=0.75, time=0.4798619747161865
25-08-2022 11:04:58|INFO|Is groups None: False 
25-08-2022 11:04:59|INFO|10/10|grid.best_params_={'svc__C': 100.0, 'svc__gamma': 1e-05, 'svc__kernel': 'rbf', 'svc__max_iter': 1000}, grid.best_score_=0.5555555555555556, grid.best_index_=16, acc=0.5, time=0.44440293312072754
25-08-2022 11:04:59|INFO|s15|10-CV=0.62500|STD=0.20156|Time spend=5.277223825454712
25-08-2022 11:04:59|INFO|Running Segment-First
25-08-2022 11:04:59|INFO|X.shape=(40, 160), y.shape=(40,), groups.shape=(40,)
25-08-2022 11:04:59|INFO|Is groups None: False 
25-08-2022 11:05:00|INFO|1/10|grid.best_params_={'svc__C': 1000000.0, 'svc__gamma': 1e-07, 'svc__kernel': 'rbf', 'svc__max_iter': 1000}, grid.best_score_=0.6666666666666666, grid.best_index_=29, acc=0.75, time=0.556565523147583
25-08-2022 11:05:00|INFO|Is groups None: False 
25-08-2022 11:05:00|INFO|2/10|grid.best_params_={'svc__C': 100000000.0, 'svc__gamma': 1e-09, 'svc__kernel': 'rbf', 'svc__max_iter': 1000}, grid.best_score_=0.7222222222222222, grid.best_index_=35, acc=1.0, time=0.4527122974395752
25-08-2022 11:05:00|INFO|Is groups None: False 
25-08-2022 11:05:01|INFO|3/10|grid.best_params_={'svc__C': 10000.0, 'svc__gamma': 1e-05, 'svc__kernel': 'rbf', 'svc__max_iter': 1000}, grid.best_score_=0.7222222222222222, grid.best_index_=23, acc=0.25, time=0.4539978504180908
25-08-2022 11:05:01|INFO|Is groups None: False 
25-08-2022 11:05:01|INFO|4/10|grid.best_params_={'svc__C': 10000.0, 'svc__gamma': 1e-05, 'svc__kernel': 'rbf', 'svc__max_iter': 1000}, grid.best_score_=0.6666666666666666, grid.best_index_=23, acc=1.0, time=0.4455275535583496
25-08-2022 11:05:01|INFO|Is groups None: False 
25-08-2022 11:05:02|INFO|5/10|grid.best_params_={'svc__C': 100000000.0, 'svc__gamma': 1e-09, 'svc__kernel': 'rbf', 'svc__max_iter': 1000}, grid.best_score_=0.7777777777777778, grid.best_index_=35, acc=0.25, time=0.4286971092224121
25-08-2022 11:05:02|INFO|Is groups None: False 
25-08-2022 11:05:02|INFO|6/10|grid.best_params_={'svc__C': 100.0, 'svc__gamma': 0.001, 'svc__kernel': 'rbf', 'svc__max_iter': 1000}, grid.best_score_=0.7777777777777778, grid.best_index_=17, acc=0.5, time=0.5065128803253174
25-08-2022 11:05:02|INFO|Is groups None: False 
25-08-2022 11:05:03|INFO|7/10|grid.best_params_={'svc__C': 100000000.0, 'svc__gamma': 1e-09, 'svc__kernel': 'rbf', 'svc__max_iter': 1000}, grid.best_score_=0.6666666666666666, grid.best_index_=35, acc=0.5, time=0.44456982612609863
25-08-2022 11:05:03|INFO|Is groups None: False 
25-08-2022 11:05:03|INFO|8/10|grid.best_params_={'svc__C': 1.0, 'svc__gamma': 0.001, 'svc__kernel': 'rbf', 'svc__max_iter': 1000}, grid.best_score_=0.6944444444444444, grid.best_index_=10, acc=0.75, time=0.48905301094055176
25-08-2022 11:05:03|INFO|Is groups None: False 
25-08-2022 11:05:04|INFO|9/10|grid.best_params_={'svc__C': 100000000.0, 'svc__gamma': 1e-09, 'svc__kernel': 'rbf', 'svc__max_iter': 1000}, grid.best_score_=0.6944444444444444, grid.best_index_=35, acc=0.75, time=0.4512927532196045
25-08-2022 11:05:04|INFO|Is groups None: False 
25-08-2022 11:05:04|INFO|10/10|grid.best_params_={'svc__C': 1.0, 'svc__gamma': 0.001, 'svc__kernel': 'rbf', 'svc__max_iter': 1000}, grid.best_score_=0.7222222222222222, grid.best_index_=10, acc=0.25, time=0.4551811218261719
25-08-2022 11:05:04|INFO|s16|10-CV=0.60000|STD=0.27839|Time spend=5.306032419204712
25-08-2022 11:05:05|INFO|Running Segment-First
25-08-2022 11:05:05|INFO|X.shape=(40, 160), y.shape=(40,), groups.shape=(40,)
25-08-2022 11:05:05|INFO|Is groups None: False 
25-08-2022 11:05:05|INFO|1/10|grid.best_params_={'svc__C': 10000000000.0, 'svc__gamma': 1e-09, 'svc__kernel': 'rbf', 'svc__max_iter': 1000}, grid.best_score_=0.7777777777777778, grid.best_index_=42, acc=1.0, time=0.4499220848083496
25-08-2022 11:05:05|INFO|Is groups None: False 
25-08-2022 11:05:06|INFO|2/10|grid.best_params_={'svc__C': 10000.0, 'svc__gamma': 1e-05, 'svc__kernel': 'rbf', 'svc__max_iter': 1000}, grid.best_score_=0.7777777777777778, grid.best_index_=23, acc=0.75, time=0.4149203300476074
25-08-2022 11:05:06|INFO|Is groups None: False 
25-08-2022 11:05:06|INFO|3/10|grid.best_params_={'svc__C': 10000.0, 'svc__gamma': 1e-05, 'svc__kernel': 'rbf', 'svc__max_iter': 1000}, grid.best_score_=0.7777777777777778, grid.best_index_=23, acc=1.0, time=0.44970107078552246
25-08-2022 11:05:06|INFO|Is groups None: False 
25-08-2022 11:05:07|INFO|4/10|grid.best_params_={'svc__C': 100.0, 'svc__gamma': 0.001, 'svc__kernel': 'rbf', 'svc__max_iter': 1000}, grid.best_score_=0.7222222222222222, grid.best_index_=17, acc=0.5, time=0.4413716793060303
25-08-2022 11:05:07|INFO|Is groups None: False 
25-08-2022 11:05:07|INFO|5/10|grid.best_params_={'svc__C': 100000000.0, 'svc__gamma': 1e-09, 'svc__kernel': 'rbf', 'svc__max_iter': 1000}, grid.best_score_=0.8611111111111112, grid.best_index_=35, acc=0.25, time=0.49518775939941406
25-08-2022 11:05:07|INFO|Is groups None: False 
25-08-2022 11:05:08|INFO|6/10|grid.best_params_={'svc__C': 100000000.0, 'svc__gamma': 1e-09, 'svc__kernel': 'rbf', 'svc__max_iter': 1000}, grid.best_score_=0.8055555555555556, grid.best_index_=35, acc=0.75, time=0.4725685119628906
25-08-2022 11:05:08|INFO|Is groups None: False 
25-08-2022 11:05:08|INFO|7/10|grid.best_params_={'svc__C': 1000000.0, 'svc__gamma': 1e-05, 'svc__kernel': 'rbf', 'svc__max_iter': 1000}, grid.best_score_=0.8333333333333334, grid.best_index_=30, acc=0.75, time=0.47144222259521484
25-08-2022 11:05:08|INFO|Is groups None: False 
25-08-2022 11:05:08|INFO|8/10|grid.best_params_={'svc__C': 1000000.0, 'svc__gamma': 1e-07, 'svc__kernel': 'rbf', 'svc__max_iter': 1000}, grid.best_score_=0.75, grid.best_index_=29, acc=0.75, time=0.45634937286376953
25-08-2022 11:05:08|INFO|Is groups None: False 
25-08-2022 11:05:09|INFO|9/10|grid.best_params_={'svc__C': 100000000.0, 'svc__gamma': 1e-09, 'svc__kernel': 'rbf', 'svc__max_iter': 1000}, grid.best_score_=0.8611111111111112, grid.best_index_=35, acc=0.75, time=0.448962926864624
25-08-2022 11:05:09|INFO|Is groups None: False 
25-08-2022 11:05:09|INFO|10/10|grid.best_params_={'svc__C': 100000000.0, 'svc__gamma': 1e-09, 'svc__kernel': 'rbf', 'svc__max_iter': 1000}, grid.best_score_=0.75, grid.best_index_=35, acc=0.75, time=0.4533562660217285
25-08-2022 11:05:09|INFO|s17|10-CV=0.72500|STD=0.20767|Time spend=5.221974849700928
25-08-2022 11:05:10|INFO|Running Segment-First
25-08-2022 11:05:10|INFO|X.shape=(40, 160), y.shape=(40,), groups.shape=(40,)
25-08-2022 11:05:10|INFO|Is groups None: False 
25-08-2022 11:05:11|INFO|1/10|grid.best_params_={'svc__C': 0.01, 'svc__gamma': 1e-09, 'svc__kernel': 'rbf', 'svc__max_iter': 1000}, grid.best_score_=0.6111111111111112, grid.best_index_=0, acc=0.75, time=0.4441099166870117
25-08-2022 11:05:11|INFO|Is groups None: False 
25-08-2022 11:05:11|INFO|2/10|grid.best_params_={'svc__C': 0.01, 'svc__gamma': 1e-09, 'svc__kernel': 'rbf', 'svc__max_iter': 1000}, grid.best_score_=0.6388888888888888, grid.best_index_=0, acc=0.5, time=0.4896676540374756
25-08-2022 11:05:11|INFO|Is groups None: False 
25-08-2022 11:05:11|INFO|3/10|grid.best_params_={'svc__C': 0.01, 'svc__gamma': 1e-09, 'svc__kernel': 'rbf', 'svc__max_iter': 1000}, grid.best_score_=0.6111111111111112, grid.best_index_=0, acc=0.75, time=0.4438362121582031
25-08-2022 11:05:11|INFO|Is groups None: False 
25-08-2022 11:05:12|INFO|4/10|grid.best_params_={'svc__C': 0.01, 'svc__gamma': 1e-09, 'svc__kernel': 'rbf', 'svc__max_iter': 1000}, grid.best_score_=0.6111111111111112, grid.best_index_=0, acc=0.75, time=0.4633505344390869
25-08-2022 11:05:12|INFO|Is groups None: False 
25-08-2022 11:05:12|INFO|5/10|grid.best_params_={'svc__C': 0.01, 'svc__gamma': 1e-09, 'svc__kernel': 'rbf', 'svc__max_iter': 1000}, grid.best_score_=0.6388888888888888, grid.best_index_=0, acc=0.5, time=0.4742608070373535
25-08-2022 11:05:12|INFO|Is groups None: False 
25-08-2022 11:05:13|INFO|6/10|grid.best_params_={'svc__C': 0.01, 'svc__gamma': 1e-09, 'svc__kernel': 'rbf', 'svc__max_iter': 1000}, grid.best_score_=0.6111111111111112, grid.best_index_=0, acc=0.75, time=0.4468264579772949
25-08-2022 11:05:13|INFO|Is groups None: False 
25-08-2022 11:05:13|INFO|7/10|grid.best_params_={'svc__C': 0.01, 'svc__gamma': 1e-09, 'svc__kernel': 'rbf', 'svc__max_iter': 1000}, grid.best_score_=0.6388888888888888, grid.best_index_=0, acc=0.5, time=0.48357701301574707
25-08-2022 11:05:13|INFO|Is groups None: False 
25-08-2022 11:05:14|INFO|8/10|grid.best_params_={'svc__C': 0.01, 'svc__gamma': 1e-09, 'svc__kernel': 'rbf', 'svc__max_iter': 1000}, grid.best_score_=0.6388888888888888, grid.best_index_=0, acc=0.5, time=0.4487721920013428
25-08-2022 11:05:14|INFO|Is groups None: False 
25-08-2022 11:05:14|INFO|9/10|grid.best_params_={'svc__C': 1000000.0, 'svc__gamma': 1e-09, 'svc__kernel': 'rbf', 'svc__max_iter': 1000}, grid.best_score_=0.6666666666666666, grid.best_index_=28, acc=0.5, time=0.4688100814819336
25-08-2022 11:05:14|INFO|Is groups None: False 
25-08-2022 11:05:15|INFO|10/10|grid.best_params_={'svc__C': 10000000000.0, 'svc__gamma': 1e-09, 'svc__kernel': 'rbf', 'svc__max_iter': 1000}, grid.best_score_=0.6666666666666666, grid.best_index_=42, acc=0.75, time=0.4593040943145752
25-08-2022 11:05:15|INFO|s18|10-CV=0.62500|STD=0.12500|Time spend=5.3895978927612305
25-08-2022 11:05:15|INFO|Running Segment-First
25-08-2022 11:05:15|INFO|X.shape=(40, 160), y.shape=(40,), groups.shape=(40,)
25-08-2022 11:05:15|INFO|Is groups None: False 
25-08-2022 11:05:16|INFO|1/10|grid.best_params_={'svc__C': 0.01, 'svc__gamma': 1e-09, 'svc__kernel': 'rbf', 'svc__max_iter': 1000}, grid.best_score_=0.6666666666666666, grid.best_index_=0, acc=0.75, time=0.43793725967407227
25-08-2022 11:05:16|INFO|Is groups None: False 
25-08-2022 11:05:16|INFO|2/10|grid.best_params_={'svc__C': 0.01, 'svc__gamma': 1e-09, 'svc__kernel': 'rbf', 'svc__max_iter': 1000}, grid.best_score_=0.6666666666666666, grid.best_index_=0, acc=0.75, time=0.4608428478240967
25-08-2022 11:05:16|INFO|Is groups None: False 
25-08-2022 11:05:17|INFO|3/10|grid.best_params_={'svc__C': 0.01, 'svc__gamma': 1e-09, 'svc__kernel': 'rbf', 'svc__max_iter': 1000}, grid.best_score_=0.6666666666666666, grid.best_index_=0, acc=0.75, time=0.4379878044128418
25-08-2022 11:05:17|INFO|Is groups None: False 
25-08-2022 11:05:17|INFO|4/10|grid.best_params_={'svc__C': 100000000.0, 'svc__gamma': 1e-09, 'svc__kernel': 'rbf', 'svc__max_iter': 1000}, grid.best_score_=0.7777777777777778, grid.best_index_=35, acc=0.5, time=0.5653500556945801
25-08-2022 11:05:17|INFO|Is groups None: False 
25-08-2022 11:05:18|INFO|5/10|grid.best_params_={'svc__C': 0.01, 'svc__gamma': 1e-09, 'svc__kernel': 'rbf', 'svc__max_iter': 1000}, grid.best_score_=0.6666666666666666, grid.best_index_=0, acc=0.75, time=0.4453573226928711
25-08-2022 11:05:18|INFO|Is groups None: False 
25-08-2022 11:05:18|INFO|6/10|grid.best_params_={'svc__C': 0.01, 'svc__gamma': 1e-09, 'svc__kernel': 'rbf', 'svc__max_iter': 1000}, grid.best_score_=0.6944444444444444, grid.best_index_=0, acc=0.5, time=0.4851219654083252
25-08-2022 11:05:18|INFO|Is groups None: False 
25-08-2022 11:05:19|INFO|7/10|grid.best_params_={'svc__C': 0.01, 'svc__gamma': 1e-09, 'svc__kernel': 'rbf', 'svc__max_iter': 1000}, grid.best_score_=0.6944444444444444, grid.best_index_=0, acc=0.5, time=0.4673750400543213
25-08-2022 11:05:19|INFO|Is groups None: False 
25-08-2022 11:05:19|INFO|8/10|grid.best_params_={'svc__C': 0.01, 'svc__gamma': 1e-09, 'svc__kernel': 'rbf', 'svc__max_iter': 1000}, grid.best_score_=0.6666666666666666, grid.best_index_=0, acc=0.75, time=0.49387168884277344
25-08-2022 11:05:19|INFO|Is groups None: False 
25-08-2022 11:05:20|INFO|9/10|grid.best_params_={'svc__C': 10000000000.0, 'svc__gamma': 1e-09, 'svc__kernel': 'rbf', 'svc__max_iter': 1000}, grid.best_score_=0.6944444444444444, grid.best_index_=42, acc=0.25, time=0.4530940055847168
25-08-2022 11:05:20|INFO|Is groups None: False 
25-08-2022 11:05:20|INFO|10/10|grid.best_params_={'svc__C': 0.01, 'svc__gamma': 1e-09, 'svc__kernel': 'rbf', 'svc__max_iter': 1000}, grid.best_score_=0.6666666666666666, grid.best_index_=0, acc=0.75, time=0.4739246368408203
25-08-2022 11:05:20|INFO|s19|10-CV=0.62500|STD=0.16771|Time spend=5.4687559604644775
25-08-2022 11:05:21|INFO|Running Segment-First
25-08-2022 11:05:21|INFO|X.shape=(40, 160), y.shape=(40,), groups.shape=(40,)
25-08-2022 11:05:21|INFO|Is groups None: False 
25-08-2022 11:05:21|INFO|1/10|grid.best_params_={'svc__C': 0.01, 'svc__gamma': 1e-09, 'svc__kernel': 'rbf', 'svc__max_iter': 1000}, grid.best_score_=0.7777777777777778, grid.best_index_=0, acc=0.75, time=0.44274330139160156
25-08-2022 11:05:21|INFO|Is groups None: False 
25-08-2022 11:05:22|INFO|2/10|grid.best_params_={'svc__C': 0.01, 'svc__gamma': 1e-09, 'svc__kernel': 'rbf', 'svc__max_iter': 1000}, grid.best_score_=0.7777777777777778, grid.best_index_=0, acc=0.75, time=0.43324899673461914
25-08-2022 11:05:22|INFO|Is groups None: False 
25-08-2022 11:05:22|INFO|3/10|grid.best_params_={'svc__C': 0.01, 'svc__gamma': 1e-09, 'svc__kernel': 'rbf', 'svc__max_iter': 1000}, grid.best_score_=0.7777777777777778, grid.best_index_=0, acc=0.75, time=0.4486873149871826
25-08-2022 11:05:22|INFO|Is groups None: False 
25-08-2022 11:05:23|INFO|4/10|grid.best_params_={'svc__C': 100.0, 'svc__gamma': 0.001, 'svc__kernel': 'rbf', 'svc__max_iter': 1000}, grid.best_score_=0.8055555555555556, grid.best_index_=17, acc=0.75, time=0.4077446460723877
25-08-2022 11:05:23|INFO|Is groups None: False 
25-08-2022 11:05:23|INFO|5/10|grid.best_params_={'svc__C': 0.01, 'svc__gamma': 1e-09, 'svc__kernel': 'rbf', 'svc__max_iter': 1000}, grid.best_score_=0.7777777777777778, grid.best_index_=0, acc=0.75, time=0.5352461338043213
25-08-2022 11:05:23|INFO|Is groups None: False 
25-08-2022 11:05:24|INFO|6/10|grid.best_params_={'svc__C': 0.01, 'svc__gamma': 1e-09, 'svc__kernel': 'rbf', 'svc__max_iter': 1000}, grid.best_score_=0.7777777777777778, grid.best_index_=0, acc=0.75, time=0.44827795028686523
25-08-2022 11:05:24|INFO|Is groups None: False 
25-08-2022 11:05:24|INFO|7/10|grid.best_params_={'svc__C': 0.01, 'svc__gamma': 1e-09, 'svc__kernel': 'rbf', 'svc__max_iter': 1000}, grid.best_score_=0.7777777777777778, grid.best_index_=0, acc=0.75, time=0.45422935485839844
25-08-2022 11:05:24|INFO|Is groups None: False 
25-08-2022 11:05:25|INFO|8/10|grid.best_params_={'svc__C': 0.01, 'svc__gamma': 1e-09, 'svc__kernel': 'rbf', 'svc__max_iter': 1000}, grid.best_score_=0.7777777777777778, grid.best_index_=0, acc=0.75, time=0.4429054260253906
25-08-2022 11:05:25|INFO|Is groups None: False 
25-08-2022 11:05:25|INFO|9/10|grid.best_params_={'svc__C': 10000.0, 'svc__gamma': 1e-05, 'svc__kernel': 'rbf', 'svc__max_iter': 1000}, grid.best_score_=0.8055555555555556, grid.best_index_=23, acc=0.75, time=0.4819295406341553
25-08-2022 11:05:25|INFO|Is groups None: False 
25-08-2022 11:05:26|INFO|10/10|grid.best_params_={'svc__C': 100000000.0, 'svc__gamma': 1e-09, 'svc__kernel': 'rbf', 'svc__max_iter': 1000}, grid.best_score_=0.8333333333333334, grid.best_index_=35, acc=0.75, time=0.44455933570861816
25-08-2022 11:05:26|INFO|s20|10-CV=0.75000|STD=0.00000|Time spend=5.3664164543151855
25-08-2022 11:05:26|INFO|Running Segment-First
25-08-2022 11:05:26|INFO|X.shape=(40, 160), y.shape=(40,), groups.shape=(40,)
25-08-2022 11:05:26|INFO|Is groups None: False 
25-08-2022 11:05:27|INFO|1/10|grid.best_params_={'svc__C': 0.01, 'svc__gamma': 1e-09, 'svc__kernel': 'rbf', 'svc__max_iter': 1000}, grid.best_score_=0.8055555555555556, grid.best_index_=0, acc=0.75, time=0.42974042892456055
25-08-2022 11:05:27|INFO|Is groups None: False 
25-08-2022 11:05:27|INFO|2/10|grid.best_params_={'svc__C': 0.01, 'svc__gamma': 1e-09, 'svc__kernel': 'rbf', 'svc__max_iter': 1000}, grid.best_score_=0.8055555555555556, grid.best_index_=0, acc=0.75, time=0.5114507675170898
25-08-2022 11:05:27|INFO|Is groups None: False 
25-08-2022 11:05:28|INFO|3/10|grid.best_params_={'svc__C': 0.01, 'svc__gamma': 1e-09, 'svc__kernel': 'rbf', 'svc__max_iter': 1000}, grid.best_score_=0.8055555555555556, grid.best_index_=0, acc=0.75, time=0.42545127868652344
25-08-2022 11:05:28|INFO|Is groups None: False 
25-08-2022 11:05:28|INFO|4/10|grid.best_params_={'svc__C': 0.01, 'svc__gamma': 1e-09, 'svc__kernel': 'rbf', 'svc__max_iter': 1000}, grid.best_score_=0.8055555555555556, grid.best_index_=0, acc=0.75, time=0.4732089042663574
25-08-2022 11:05:28|INFO|Is groups None: False 
25-08-2022 11:05:29|INFO|5/10|grid.best_params_={'svc__C': 0.01, 'svc__gamma': 1e-09, 'svc__kernel': 'rbf', 'svc__max_iter': 1000}, grid.best_score_=0.8055555555555556, grid.best_index_=0, acc=0.75, time=0.45604753494262695
25-08-2022 11:05:29|INFO|Is groups None: False 
25-08-2022 11:05:29|INFO|6/10|grid.best_params_={'svc__C': 0.01, 'svc__gamma': 1e-09, 'svc__kernel': 'rbf', 'svc__max_iter': 1000}, grid.best_score_=0.8055555555555556, grid.best_index_=0, acc=0.75, time=0.4412374496459961
25-08-2022 11:05:29|INFO|Is groups None: False 
25-08-2022 11:05:30|INFO|7/10|grid.best_params_={'svc__C': 0.01, 'svc__gamma': 1e-09, 'svc__kernel': 'rbf', 'svc__max_iter': 1000}, grid.best_score_=0.8055555555555556, grid.best_index_=0, acc=0.75, time=0.45230960845947266
25-08-2022 11:05:30|INFO|Is groups None: False 
25-08-2022 11:05:30|INFO|8/10|grid.best_params_={'svc__C': 0.01, 'svc__gamma': 1e-09, 'svc__kernel': 'rbf', 'svc__max_iter': 1000}, grid.best_score_=0.7777777777777778, grid.best_index_=0, acc=1.0, time=0.47193169593811035
25-08-2022 11:05:30|INFO|Is groups None: False 
25-08-2022 11:05:31|INFO|9/10|grid.best_params_={'svc__C': 10000000000.0, 'svc__gamma': 1e-09, 'svc__kernel': 'rbf', 'svc__max_iter': 1000}, grid.best_score_=0.8055555555555556, grid.best_index_=42, acc=1.0, time=0.45368432998657227
25-08-2022 11:05:31|INFO|Is groups None: False 
25-08-2022 11:05:31|INFO|10/10|grid.best_params_={'svc__C': 0.01, 'svc__gamma': 1e-09, 'svc__kernel': 'rbf', 'svc__max_iter': 1000}, grid.best_score_=0.8055555555555556, grid.best_index_=0, acc=0.75, time=0.44496607780456543
25-08-2022 11:05:31|INFO|s21|10-CV=0.80000|STD=0.10000|Time spend=5.411407232284546
25-08-2022 11:05:32|INFO|Running Segment-First
25-08-2022 11:05:32|INFO|X.shape=(40, 160), y.shape=(40,), groups.shape=(40,)
25-08-2022 11:05:32|INFO|Is groups None: False 
25-08-2022 11:05:32|INFO|1/10|grid.best_params_={'svc__C': 100.0, 'svc__gamma': 0.001, 'svc__kernel': 'rbf', 'svc__max_iter': 1000}, grid.best_score_=0.8055555555555556, grid.best_index_=17, acc=0.5, time=0.4244663715362549
25-08-2022 11:05:32|INFO|Is groups None: False 
25-08-2022 11:05:33|INFO|2/10|grid.best_params_={'svc__C': 100.0, 'svc__gamma': 1e-05, 'svc__kernel': 'rbf', 'svc__max_iter': 1000}, grid.best_score_=0.6666666666666666, grid.best_index_=16, acc=0.5, time=0.4715723991394043
25-08-2022 11:05:33|INFO|Is groups None: False 
25-08-2022 11:05:33|INFO|3/10|grid.best_params_={'svc__C': 100.0, 'svc__gamma': 0.001, 'svc__kernel': 'rbf', 'svc__max_iter': 1000}, grid.best_score_=0.6666666666666666, grid.best_index_=17, acc=1.0, time=0.46497535705566406
25-08-2022 11:05:33|INFO|Is groups None: False 
25-08-2022 11:05:33|INFO|4/10|grid.best_params_={'svc__C': 100.0, 'svc__gamma': 0.001, 'svc__kernel': 'rbf', 'svc__max_iter': 1000}, grid.best_score_=0.7777777777777778, grid.best_index_=17, acc=0.75, time=0.47440147399902344
25-08-2022 11:05:33|INFO|Is groups None: False 
25-08-2022 11:05:34|INFO|5/10|grid.best_params_={'svc__C': 100.0, 'svc__gamma': 0.001, 'svc__kernel': 'rbf', 'svc__max_iter': 1000}, grid.best_score_=0.8333333333333334, grid.best_index_=17, acc=0.25, time=0.47704362869262695
25-08-2022 11:05:34|INFO|Is groups None: False 
25-08-2022 11:05:34|INFO|6/10|grid.best_params_={'svc__C': 1.0, 'svc__gamma': 0.001, 'svc__kernel': 'rbf', 'svc__max_iter': 1000}, grid.best_score_=0.7222222222222222, grid.best_index_=10, acc=0.75, time=0.513817310333252
25-08-2022 11:05:34|INFO|Is groups None: False 
25-08-2022 11:05:35|INFO|7/10|grid.best_params_={'svc__C': 100.0, 'svc__gamma': 0.001, 'svc__kernel': 'rbf', 'svc__max_iter': 1000}, grid.best_score_=0.6666666666666666, grid.best_index_=17, acc=1.0, time=0.45598554611206055
25-08-2022 11:05:35|INFO|Is groups None: False 
25-08-2022 11:05:35|INFO|8/10|grid.best_params_={'svc__C': 100.0, 'svc__gamma': 0.001, 'svc__kernel': 'rbf', 'svc__max_iter': 1000}, grid.best_score_=0.7222222222222222, grid.best_index_=17, acc=1.0, time=0.4862639904022217
25-08-2022 11:05:35|INFO|Is groups None: False 
25-08-2022 11:05:36|INFO|9/10|grid.best_params_={'svc__C': 100.0, 'svc__gamma': 0.001, 'svc__kernel': 'rbf', 'svc__max_iter': 1000}, grid.best_score_=0.7777777777777778, grid.best_index_=17, acc=0.25, time=0.448976993560791
25-08-2022 11:05:36|INFO|Is groups None: False 
25-08-2022 11:05:36|INFO|10/10|grid.best_params_={'svc__C': 100.0, 'svc__gamma': 0.001, 'svc__kernel': 'rbf', 'svc__max_iter': 1000}, grid.best_score_=0.7777777777777778, grid.best_index_=17, acc=0.25, time=0.4755864143371582
25-08-2022 11:05:36|INFO|s22|10-CV=0.62500|STD=0.30104|Time spend=5.368694305419922
25-08-2022 11:05:37|INFO|Running Segment-First
25-08-2022 11:05:37|INFO|X.shape=(40, 160), y.shape=(40,), groups.shape=(40,)
25-08-2022 11:05:37|INFO|Is groups None: False 
25-08-2022 11:05:37|INFO|1/10|grid.best_params_={'svc__C': 0.01, 'svc__gamma': 1e-09, 'svc__kernel': 'rbf', 'svc__max_iter': 1000}, grid.best_score_=0.75, grid.best_index_=0, acc=0.75, time=0.43242311477661133
25-08-2022 11:05:37|INFO|Is groups None: False 
25-08-2022 11:05:38|INFO|2/10|grid.best_params_={'svc__C': 0.01, 'svc__gamma': 1e-09, 'svc__kernel': 'rbf', 'svc__max_iter': 1000}, grid.best_score_=0.75, grid.best_index_=0, acc=0.75, time=0.4682624340057373
25-08-2022 11:05:38|INFO|Is groups None: False 
25-08-2022 11:05:38|INFO|3/10|grid.best_params_={'svc__C': 0.01, 'svc__gamma': 1e-09, 'svc__kernel': 'rbf', 'svc__max_iter': 1000}, grid.best_score_=0.75, grid.best_index_=0, acc=0.75, time=0.4684622287750244
25-08-2022 11:05:38|INFO|Is groups None: False 
25-08-2022 11:05:39|INFO|4/10|grid.best_params_={'svc__C': 0.01, 'svc__gamma': 1e-09, 'svc__kernel': 'rbf', 'svc__max_iter': 1000}, grid.best_score_=0.75, grid.best_index_=0, acc=0.75, time=0.4489436149597168
25-08-2022 11:05:39|INFO|Is groups None: False 
25-08-2022 11:05:39|INFO|5/10|grid.best_params_={'svc__C': 0.01, 'svc__gamma': 1e-09, 'svc__kernel': 'rbf', 'svc__max_iter': 1000}, grid.best_score_=0.75, grid.best_index_=0, acc=0.75, time=0.5226762294769287
25-08-2022 11:05:39|INFO|Is groups None: False 
25-08-2022 11:05:40|INFO|6/10|grid.best_params_={'svc__C': 0.01, 'svc__gamma': 1e-09, 'svc__kernel': 'rbf', 'svc__max_iter': 1000}, grid.best_score_=0.75, grid.best_index_=0, acc=0.75, time=0.44202113151550293
25-08-2022 11:05:40|INFO|Is groups None: False 
25-08-2022 11:05:40|INFO|7/10|grid.best_params_={'svc__C': 0.01, 'svc__gamma': 1e-09, 'svc__kernel': 'rbf', 'svc__max_iter': 1000}, grid.best_score_=0.75, grid.best_index_=0, acc=0.75, time=0.4470357894897461
25-08-2022 11:05:40|INFO|Is groups None: False 
25-08-2022 11:05:41|INFO|8/10|grid.best_params_={'svc__C': 0.01, 'svc__gamma': 1e-09, 'svc__kernel': 'rbf', 'svc__max_iter': 1000}, grid.best_score_=0.75, grid.best_index_=0, acc=0.75, time=0.45060038566589355
25-08-2022 11:05:41|INFO|Is groups None: False 
25-08-2022 11:05:41|INFO|9/10|grid.best_params_={'svc__C': 0.01, 'svc__gamma': 1e-09, 'svc__kernel': 'rbf', 'svc__max_iter': 1000}, grid.best_score_=0.75, grid.best_index_=0, acc=0.75, time=0.48271703720092773
25-08-2022 11:05:41|INFO|Is groups None: False 
25-08-2022 11:05:42|INFO|10/10|grid.best_params_={'svc__C': 0.01, 'svc__gamma': 1e-09, 'svc__kernel': 'rbf', 'svc__max_iter': 1000}, grid.best_score_=0.75, grid.best_index_=0, acc=0.75, time=0.4500284194946289
25-08-2022 11:05:42|INFO|s23|10-CV=0.75000|STD=0.00000|Time spend=5.342056035995483
25-08-2022 11:05:42|INFO|Running Segment-First
25-08-2022 11:05:42|INFO|X.shape=(40, 160), y.shape=(40,), groups.shape=(40,)
25-08-2022 11:05:42|INFO|Is groups None: False 
25-08-2022 11:05:43|INFO|1/10|grid.best_params_={'svc__C': 100.0, 'svc__gamma': 0.001, 'svc__kernel': 'rbf', 'svc__max_iter': 1000}, grid.best_score_=0.8888888888888888, grid.best_index_=17, acc=0.5, time=0.49030208587646484
25-08-2022 11:05:43|INFO|Is groups None: False 
25-08-2022 11:05:43|INFO|2/10|grid.best_params_={'svc__C': 0.01, 'svc__gamma': 1e-09, 'svc__kernel': 'rbf', 'svc__max_iter': 1000}, grid.best_score_=0.8333333333333334, grid.best_index_=0, acc=0.75, time=0.4743161201477051
25-08-2022 11:05:43|INFO|Is groups None: False 
25-08-2022 11:05:44|INFO|3/10|grid.best_params_={'svc__C': 10000.0, 'svc__gamma': 1e-05, 'svc__kernel': 'rbf', 'svc__max_iter': 1000}, grid.best_score_=0.8888888888888888, grid.best_index_=23, acc=0.75, time=0.4780097007751465
25-08-2022 11:05:44|INFO|Is groups None: False 
25-08-2022 11:05:44|INFO|4/10|grid.best_params_={'svc__C': 100.0, 'svc__gamma': 0.001, 'svc__kernel': 'rbf', 'svc__max_iter': 1000}, grid.best_score_=0.8888888888888888, grid.best_index_=17, acc=1.0, time=0.4685847759246826
25-08-2022 11:05:44|INFO|Is groups None: False 
25-08-2022 11:05:45|INFO|5/10|grid.best_params_={'svc__C': 10000.0, 'svc__gamma': 0.001, 'svc__kernel': 'rbf', 'svc__max_iter': 1000}, grid.best_score_=0.8888888888888888, grid.best_index_=24, acc=0.75, time=0.4337735176086426
25-08-2022 11:05:45|INFO|Is groups None: False 
25-08-2022 11:05:45|INFO|6/10|grid.best_params_={'svc__C': 10000.0, 'svc__gamma': 0.001, 'svc__kernel': 'rbf', 'svc__max_iter': 1000}, grid.best_score_=0.8611111111111112, grid.best_index_=24, acc=1.0, time=0.46596693992614746
25-08-2022 11:05:45|INFO|Is groups None: False 
25-08-2022 11:05:46|INFO|7/10|grid.best_params_={'svc__C': 1000000.0, 'svc__gamma': 1e-05, 'svc__kernel': 'rbf', 'svc__max_iter': 1000}, grid.best_score_=0.8611111111111112, grid.best_index_=30, acc=0.75, time=0.4598081111907959
25-08-2022 11:05:46|INFO|Is groups None: False 
25-08-2022 11:05:46|INFO|8/10|grid.best_params_={'svc__C': 0.01, 'svc__gamma': 1e-09, 'svc__kernel': 'rbf', 'svc__max_iter': 1000}, grid.best_score_=0.8333333333333334, grid.best_index_=0, acc=0.75, time=0.561577558517456
25-08-2022 11:05:46|INFO|Is groups None: False 
25-08-2022 11:05:47|INFO|9/10|grid.best_params_={'svc__C': 10000.0, 'svc__gamma': 0.001, 'svc__kernel': 'rbf', 'svc__max_iter': 1000}, grid.best_score_=0.8333333333333334, grid.best_index_=24, acc=1.0, time=0.44460034370422363
25-08-2022 11:05:47|INFO|Is groups None: False 
25-08-2022 11:05:47|INFO|10/10|grid.best_params_={'svc__C': 100.0, 'svc__gamma': 0.001, 'svc__kernel': 'rbf', 'svc__max_iter': 1000}, grid.best_score_=0.8611111111111112, grid.best_index_=17, acc=0.75, time=0.45836663246154785
25-08-2022 11:05:47|INFO|s24|10-CV=0.80000|STD=0.15000|Time spend=5.388413667678833
25-08-2022 11:05:48|INFO|Running Segment-First
25-08-2022 11:05:48|INFO|X.shape=(40, 160), y.shape=(40,), groups.shape=(40,)
25-08-2022 11:05:48|INFO|Is groups None: False 
25-08-2022 11:05:48|INFO|1/10|grid.best_params_={'svc__C': 0.01, 'svc__gamma': 1e-09, 'svc__kernel': 'rbf', 'svc__max_iter': 1000}, grid.best_score_=0.7222222222222222, grid.best_index_=0, acc=0.75, time=0.47637939453125
25-08-2022 11:05:48|INFO|Is groups None: False 
25-08-2022 11:05:49|INFO|2/10|grid.best_params_={'svc__C': 0.01, 'svc__gamma': 1e-09, 'svc__kernel': 'rbf', 'svc__max_iter': 1000}, grid.best_score_=0.7222222222222222, grid.best_index_=0, acc=0.75, time=0.4504365921020508
25-08-2022 11:05:49|INFO|Is groups None: False 
25-08-2022 11:05:49|INFO|3/10|grid.best_params_={'svc__C': 0.01, 'svc__gamma': 1e-09, 'svc__kernel': 'rbf', 'svc__max_iter': 1000}, grid.best_score_=0.7222222222222222, grid.best_index_=0, acc=0.75, time=0.4805018901824951
25-08-2022 11:05:49|INFO|Is groups None: False 
25-08-2022 11:05:50|INFO|4/10|grid.best_params_={'svc__C': 0.01, 'svc__gamma': 1e-09, 'svc__kernel': 'rbf', 'svc__max_iter': 1000}, grid.best_score_=0.7222222222222222, grid.best_index_=0, acc=0.75, time=0.47573280334472656
25-08-2022 11:05:50|INFO|Is groups None: False 
25-08-2022 11:05:50|INFO|5/10|grid.best_params_={'svc__C': 0.01, 'svc__gamma': 1e-09, 'svc__kernel': 'rbf', 'svc__max_iter': 1000}, grid.best_score_=0.7222222222222222, grid.best_index_=0, acc=0.75, time=0.5346133708953857
25-08-2022 11:05:50|INFO|Is groups None: False 
25-08-2022 11:05:51|INFO|6/10|grid.best_params_={'svc__C': 0.01, 'svc__gamma': 1e-09, 'svc__kernel': 'rbf', 'svc__max_iter': 1000}, grid.best_score_=0.7222222222222222, grid.best_index_=0, acc=0.75, time=0.4850187301635742
25-08-2022 11:05:51|INFO|Is groups None: False 
25-08-2022 11:05:51|INFO|7/10|grid.best_params_={'svc__C': 0.01, 'svc__gamma': 1e-09, 'svc__kernel': 'rbf', 'svc__max_iter': 1000}, grid.best_score_=0.7222222222222222, grid.best_index_=0, acc=0.75, time=0.45722246170043945
25-08-2022 11:05:51|INFO|Is groups None: False 
25-08-2022 11:05:52|INFO|8/10|grid.best_params_={'svc__C': 0.01, 'svc__gamma': 1e-09, 'svc__kernel': 'rbf', 'svc__max_iter': 1000}, grid.best_score_=0.7222222222222222, grid.best_index_=0, acc=0.75, time=0.4660613536834717
25-08-2022 11:05:52|INFO|Is groups None: False 
25-08-2022 11:05:52|INFO|9/10|grid.best_params_={'svc__C': 0.01, 'svc__gamma': 1e-09, 'svc__kernel': 'rbf', 'svc__max_iter': 1000}, grid.best_score_=0.7222222222222222, grid.best_index_=0, acc=0.75, time=0.4700746536254883
25-08-2022 11:05:52|INFO|Is groups None: False 
25-08-2022 11:05:53|INFO|10/10|grid.best_params_={'svc__C': 0.01, 'svc__gamma': 1e-09, 'svc__kernel': 'rbf', 'svc__max_iter': 1000}, grid.best_score_=0.75, grid.best_index_=0, acc=0.5, time=0.4553866386413574
25-08-2022 11:05:53|INFO|s25|10-CV=0.72500|STD=0.07500|Time spend=5.487732648849487
25-08-2022 11:05:53|INFO|Running Segment-First
25-08-2022 11:05:53|INFO|X.shape=(40, 160), y.shape=(40,), groups.shape=(40,)
25-08-2022 11:05:53|INFO|Is groups None: False 
25-08-2022 11:05:54|INFO|1/10|grid.best_params_={'svc__C': 1000000.0, 'svc__gamma': 1e-07, 'svc__kernel': 'rbf', 'svc__max_iter': 1000}, grid.best_score_=0.7222222222222222, grid.best_index_=29, acc=0.5, time=0.4272294044494629
25-08-2022 11:05:54|INFO|Is groups None: False 
25-08-2022 11:05:54|INFO|2/10|grid.best_params_={'svc__C': 100.0, 'svc__gamma': 0.001, 'svc__kernel': 'rbf', 'svc__max_iter': 1000}, grid.best_score_=0.6388888888888888, grid.best_index_=17, acc=0.5, time=0.44684863090515137
25-08-2022 11:05:54|INFO|Is groups None: False 
25-08-2022 11:05:55|INFO|3/10|grid.best_params_={'svc__C': 10000.0, 'svc__gamma': 1e-05, 'svc__kernel': 'rbf', 'svc__max_iter': 1000}, grid.best_score_=0.6666666666666666, grid.best_index_=23, acc=0.75, time=0.461820125579834
25-08-2022 11:05:55|INFO|Is groups None: False 
25-08-2022 11:05:55|INFO|4/10|grid.best_params_={'svc__C': 10000000000.0, 'svc__gamma': 1e-09, 'svc__kernel': 'rbf', 'svc__max_iter': 1000}, grid.best_score_=0.7222222222222222, grid.best_index_=42, acc=0.75, time=0.4377632141113281
25-08-2022 11:05:55|INFO|Is groups None: False 
25-08-2022 11:05:56|INFO|5/10|grid.best_params_={'svc__C': 10000000000.0, 'svc__gamma': 1e-09, 'svc__kernel': 'rbf', 'svc__max_iter': 1000}, grid.best_score_=0.7222222222222222, grid.best_index_=42, acc=0.75, time=0.4756584167480469
25-08-2022 11:05:56|INFO|Is groups None: False 
25-08-2022 11:05:56|INFO|6/10|grid.best_params_={'svc__C': 100000000.0, 'svc__gamma': 1e-09, 'svc__kernel': 'rbf', 'svc__max_iter': 1000}, grid.best_score_=0.6944444444444444, grid.best_index_=35, acc=0.5, time=0.5163178443908691
25-08-2022 11:05:56|INFO|Is groups None: False 
25-08-2022 11:05:57|INFO|7/10|grid.best_params_={'svc__C': 100.0, 'svc__gamma': 0.001, 'svc__kernel': 'rbf', 'svc__max_iter': 1000}, grid.best_score_=0.6944444444444444, grid.best_index_=17, acc=0.25, time=0.4499673843383789
25-08-2022 11:05:57|INFO|Is groups None: False 
25-08-2022 11:05:57|INFO|8/10|grid.best_params_={'svc__C': 100000000.0, 'svc__gamma': 1e-09, 'svc__kernel': 'rbf', 'svc__max_iter': 1000}, grid.best_score_=0.6388888888888888, grid.best_index_=35, acc=1.0, time=0.4645555019378662
25-08-2022 11:05:57|INFO|Is groups None: False 
25-08-2022 11:05:58|INFO|9/10|grid.best_params_={'svc__C': 100.0, 'svc__gamma': 0.001, 'svc__kernel': 'rbf', 'svc__max_iter': 1000}, grid.best_score_=0.6944444444444444, grid.best_index_=17, acc=0.5, time=0.47748327255249023
25-08-2022 11:05:58|INFO|Is groups None: False 
25-08-2022 11:05:58|INFO|10/10|grid.best_params_={'svc__C': 100.0, 'svc__gamma': 0.001, 'svc__kernel': 'rbf', 'svc__max_iter': 1000}, grid.best_score_=0.6388888888888888, grid.best_index_=17, acc=0.5, time=0.48819994926452637
25-08-2022 11:05:58|INFO|s26|10-CV=0.60000|STD=0.20000|Time spend=5.491801500320435
25-08-2022 11:05:59|INFO|Running Segment-First
25-08-2022 11:05:59|INFO|X.shape=(40, 160), y.shape=(40,), groups.shape=(40,)
25-08-2022 11:05:59|INFO|Is groups None: False 
25-08-2022 11:05:59|INFO|1/10|grid.best_params_={'svc__C': 100.0, 'svc__gamma': 0.001, 'svc__kernel': 'rbf', 'svc__max_iter': 1000}, grid.best_score_=0.75, grid.best_index_=17, acc=0.75, time=0.43706274032592773
25-08-2022 11:05:59|INFO|Is groups None: False 
25-08-2022 11:06:00|INFO|2/10|grid.best_params_={'svc__C': 1000000.0, 'svc__gamma': 1e-07, 'svc__kernel': 'rbf', 'svc__max_iter': 1000}, grid.best_score_=0.7222222222222222, grid.best_index_=29, acc=0.5, time=0.5382637977600098
25-08-2022 11:06:00|INFO|Is groups None: False 
25-08-2022 11:06:00|INFO|3/10|grid.best_params_={'svc__C': 10000.0, 'svc__gamma': 1e-05, 'svc__kernel': 'rbf', 'svc__max_iter': 1000}, grid.best_score_=0.75, grid.best_index_=23, acc=0.75, time=0.5341305732727051
25-08-2022 11:06:00|INFO|Is groups None: False 
25-08-2022 11:06:01|INFO|4/10|grid.best_params_={'svc__C': 10000.0, 'svc__gamma': 1e-05, 'svc__kernel': 'rbf', 'svc__max_iter': 1000}, grid.best_score_=0.75, grid.best_index_=23, acc=0.75, time=0.49166393280029297
25-08-2022 11:06:01|INFO|Is groups None: False 
25-08-2022 11:06:01|INFO|5/10|grid.best_params_={'svc__C': 0.01, 'svc__gamma': 1e-09, 'svc__kernel': 'rbf', 'svc__max_iter': 1000}, grid.best_score_=0.6666666666666666, grid.best_index_=0, acc=0.75, time=0.5289013385772705
25-08-2022 11:06:01|INFO|Is groups None: False 
25-08-2022 11:06:02|INFO|6/10|grid.best_params_={'svc__C': 1000000.0, 'svc__gamma': 1e-07, 'svc__kernel': 'rbf', 'svc__max_iter': 1000}, grid.best_score_=0.8055555555555556, grid.best_index_=29, acc=0.75, time=0.44834065437316895
25-08-2022 11:06:02|INFO|Is groups None: False 
25-08-2022 11:06:02|INFO|7/10|grid.best_params_={'svc__C': 100000000.0, 'svc__gamma': 1e-09, 'svc__kernel': 'rbf', 'svc__max_iter': 1000}, grid.best_score_=0.7777777777777778, grid.best_index_=35, acc=0.5, time=0.46204209327697754
25-08-2022 11:06:02|INFO|Is groups None: False 
25-08-2022 11:06:03|INFO|8/10|grid.best_params_={'svc__C': 100.0, 'svc__gamma': 0.001, 'svc__kernel': 'rbf', 'svc__max_iter': 1000}, grid.best_score_=0.6944444444444444, grid.best_index_=17, acc=1.0, time=0.4840974807739258
25-08-2022 11:06:03|INFO|Is groups None: False 
25-08-2022 11:06:03|INFO|9/10|grid.best_params_={'svc__C': 100.0, 'svc__gamma': 0.001, 'svc__kernel': 'rbf', 'svc__max_iter': 1000}, grid.best_score_=0.8333333333333334, grid.best_index_=17, acc=0.75, time=0.49674439430236816
25-08-2022 11:06:03|INFO|Is groups None: False 
25-08-2022 11:06:04|INFO|10/10|grid.best_params_={'svc__C': 1000000.0, 'svc__gamma': 1e-05, 'svc__kernel': 'rbf', 'svc__max_iter': 1000}, grid.best_score_=0.6944444444444444, grid.best_index_=30, acc=0.5, time=0.4730541706085205
25-08-2022 11:06:04|INFO|s27|10-CV=0.70000|STD=0.15000|Time spend=5.543255567550659
25-08-2022 11:06:04|INFO|Running Segment-First
25-08-2022 11:06:04|INFO|X.shape=(40, 160), y.shape=(40,), groups.shape=(40,)
25-08-2022 11:06:04|INFO|Is groups None: False 
25-08-2022 11:06:05|INFO|1/10|grid.best_params_={'svc__C': 100.0, 'svc__gamma': 0.001, 'svc__kernel': 'rbf', 'svc__max_iter': 1000}, grid.best_score_=0.6111111111111112, grid.best_index_=17, acc=0.25, time=0.45288872718811035
25-08-2022 11:06:05|INFO|Is groups None: False 
25-08-2022 11:06:05|INFO|2/10|grid.best_params_={'svc__C': 100000000.0, 'svc__gamma': 1e-09, 'svc__kernel': 'rbf', 'svc__max_iter': 1000}, grid.best_score_=0.6388888888888888, grid.best_index_=35, acc=0.25, time=0.44539332389831543
25-08-2022 11:06:05|INFO|Is groups None: False 
25-08-2022 11:06:06|INFO|3/10|grid.best_params_={'svc__C': 10000.0, 'svc__gamma': 1e-05, 'svc__kernel': 'rbf', 'svc__max_iter': 1000}, grid.best_score_=0.6111111111111112, grid.best_index_=23, acc=0.5, time=0.4718315601348877
25-08-2022 11:06:06|INFO|Is groups None: False 
25-08-2022 11:06:06|INFO|4/10|grid.best_params_={'svc__C': 10000000000.0, 'svc__gamma': 1e-09, 'svc__kernel': 'rbf', 'svc__max_iter': 1000}, grid.best_score_=0.5555555555555556, grid.best_index_=42, acc=0.5, time=0.4739542007446289
25-08-2022 11:06:06|INFO|Is groups None: False 
25-08-2022 11:06:07|INFO|5/10|grid.best_params_={'svc__C': 1000000.0, 'svc__gamma': 1e-07, 'svc__kernel': 'rbf', 'svc__max_iter': 1000}, grid.best_score_=0.5833333333333334, grid.best_index_=29, acc=0.25, time=0.4686300754547119
25-08-2022 11:06:07|INFO|Is groups None: False 
25-08-2022 11:06:07|INFO|6/10|grid.best_params_={'svc__C': 1000000.0, 'svc__gamma': 1e-05, 'svc__kernel': 'rbf', 'svc__max_iter': 1000}, grid.best_score_=0.5833333333333334, grid.best_index_=30, acc=0.25, time=0.5254592895507812
25-08-2022 11:06:07|INFO|Is groups None: False 
25-08-2022 11:06:08|INFO|7/10|grid.best_params_={'svc__C': 1000000.0, 'svc__gamma': 1e-07, 'svc__kernel': 'rbf', 'svc__max_iter': 1000}, grid.best_score_=0.5833333333333334, grid.best_index_=29, acc=0.0, time=0.4840383529663086
25-08-2022 11:06:08|INFO|Is groups None: False 
25-08-2022 11:06:08|INFO|8/10|grid.best_params_={'svc__C': 10000.0, 'svc__gamma': 0.001, 'svc__kernel': 'rbf', 'svc__max_iter': 1000}, grid.best_score_=0.6388888888888888, grid.best_index_=24, acc=0.25, time=0.5075716972351074
25-08-2022 11:06:08|INFO|Is groups None: False 
25-08-2022 11:06:09|INFO|9/10|grid.best_params_={'svc__C': 10000000000.0, 'svc__gamma': 1e-09, 'svc__kernel': 'rbf', 'svc__max_iter': 1000}, grid.best_score_=0.6444444444444444, grid.best_index_=42, acc=0.5, time=0.4870297908782959
25-08-2022 11:06:09|INFO|Is groups None: False 
25-08-2022 11:06:09|INFO|10/10|grid.best_params_={'svc__C': 0.01, 'svc__gamma': 1e-09, 'svc__kernel': 'rbf', 'svc__max_iter': 1000}, grid.best_score_=0.5277777777777778, grid.best_index_=0, acc=0.5, time=0.5160787105560303
25-08-2022 11:06:09|INFO|s28|10-CV=0.32500|STD=0.16008|Time spend=5.4745728969573975
25-08-2022 11:06:10|INFO|Running Segment-First
25-08-2022 11:06:10|INFO|X.shape=(40, 160), y.shape=(40,), groups.shape=(40,)
25-08-2022 11:06:10|INFO|Is groups None: False 
25-08-2022 11:06:10|INFO|1/10|grid.best_params_={'svc__C': 100.0, 'svc__gamma': 0.001, 'svc__kernel': 'rbf', 'svc__max_iter': 1000}, grid.best_score_=0.6666666666666666, grid.best_index_=17, acc=0.5, time=0.47408151626586914
25-08-2022 11:06:10|INFO|Is groups None: False 
25-08-2022 11:06:11|INFO|2/10|grid.best_params_={'svc__C': 0.01, 'svc__gamma': 1e-09, 'svc__kernel': 'rbf', 'svc__max_iter': 1000}, grid.best_score_=0.6111111111111112, grid.best_index_=0, acc=0.75, time=0.5144219398498535
25-08-2022 11:06:11|INFO|Is groups None: False 
25-08-2022 11:06:11|INFO|3/10|grid.best_params_={'svc__C': 0.01, 'svc__gamma': 1e-09, 'svc__kernel': 'rbf', 'svc__max_iter': 1000}, grid.best_score_=0.6111111111111112, grid.best_index_=0, acc=0.75, time=0.49463820457458496
25-08-2022 11:06:11|INFO|Is groups None: False 
25-08-2022 11:06:12|INFO|4/10|grid.best_params_={'svc__C': 100.0, 'svc__gamma': 0.001, 'svc__kernel': 'rbf', 'svc__max_iter': 1000}, grid.best_score_=0.6944444444444444, grid.best_index_=17, acc=0.25, time=0.5176513195037842
25-08-2022 11:06:12|INFO|Is groups None: False 
25-08-2022 11:06:12|INFO|5/10|grid.best_params_={'svc__C': 10000000000.0, 'svc__gamma': 1e-09, 'svc__kernel': 'rbf', 'svc__max_iter': 1000}, grid.best_score_=0.7222222222222222, grid.best_index_=42, acc=0.25, time=0.572460412979126
25-08-2022 11:06:12|INFO|Is groups None: False 
25-08-2022 11:06:13|INFO|6/10|grid.best_params_={'svc__C': 0.01, 'svc__gamma': 1e-09, 'svc__kernel': 'rbf', 'svc__max_iter': 1000}, grid.best_score_=0.6388888888888888, grid.best_index_=0, acc=0.5, time=0.5564637184143066
25-08-2022 11:06:13|INFO|Is groups None: False 
25-08-2022 11:06:13|INFO|7/10|grid.best_params_={'svc__C': 100000000.0, 'svc__gamma': 1e-09, 'svc__kernel': 'rbf', 'svc__max_iter': 1000}, grid.best_score_=0.75, grid.best_index_=35, acc=0.25, time=0.5541789531707764
25-08-2022 11:06:13|INFO|Is groups None: False 
25-08-2022 11:06:14|INFO|8/10|grid.best_params_={'svc__C': 100.0, 'svc__gamma': 0.001, 'svc__kernel': 'rbf', 'svc__max_iter': 1000}, grid.best_score_=0.6944444444444444, grid.best_index_=17, acc=0.5, time=0.4883711338043213
25-08-2022 11:06:14|INFO|Is groups None: False 
25-08-2022 11:06:14|INFO|9/10|grid.best_params_={'svc__C': 0.01, 'svc__gamma': 1e-09, 'svc__kernel': 'rbf', 'svc__max_iter': 1000}, grid.best_score_=0.6111111111111112, grid.best_index_=0, acc=0.75, time=0.49234843254089355
25-08-2022 11:06:14|INFO|Is groups None: False 
25-08-2022 11:06:15|INFO|10/10|grid.best_params_={'svc__C': 0.01, 'svc__gamma': 1e-09, 'svc__kernel': 'rbf', 'svc__max_iter': 1000}, grid.best_score_=0.6111111111111112, grid.best_index_=0, acc=0.75, time=0.47156476974487305
25-08-2022 11:06:15|INFO|s29|10-CV=0.52500|STD=0.20767|Time spend=5.803961515426636
25-08-2022 11:06:16|INFO|Running Segment-First
25-08-2022 11:06:16|INFO|X.shape=(40, 160), y.shape=(40,), groups.shape=(40,)
25-08-2022 11:06:16|INFO|Is groups None: False 
25-08-2022 11:06:16|INFO|1/10|grid.best_params_={'svc__C': 100000000.0, 'svc__gamma': 1e-09, 'svc__kernel': 'rbf', 'svc__max_iter': 1000}, grid.best_score_=0.7777777777777778, grid.best_index_=35, acc=0.25, time=0.4754183292388916
25-08-2022 11:06:16|INFO|Is groups None: False 
25-08-2022 11:06:17|INFO|2/10|grid.best_params_={'svc__C': 1000000.0, 'svc__gamma': 1e-07, 'svc__kernel': 'rbf', 'svc__max_iter': 1000}, grid.best_score_=0.5555555555555556, grid.best_index_=29, acc=0.5, time=0.5070343017578125
25-08-2022 11:06:17|INFO|Is groups None: False 
25-08-2022 11:06:17|INFO|3/10|grid.best_params_={'svc__C': 10000000000.0, 'svc__gamma': 1e-09, 'svc__kernel': 'rbf', 'svc__max_iter': 1000}, grid.best_score_=0.5833333333333334, grid.best_index_=42, acc=0.75, time=0.48778223991394043
25-08-2022 11:06:17|INFO|Is groups None: False 
25-08-2022 11:06:18|INFO|4/10|grid.best_params_={'svc__C': 100000000.0, 'svc__gamma': 1e-07, 'svc__kernel': 'rbf', 'svc__max_iter': 1000}, grid.best_score_=0.6388888888888888, grid.best_index_=36, acc=1.0, time=0.4845733642578125
25-08-2022 11:06:18|INFO|Is groups None: False 
25-08-2022 11:06:18|INFO|5/10|grid.best_params_={'svc__C': 1000000.0, 'svc__gamma': 1e-09, 'svc__kernel': 'rbf', 'svc__max_iter': 1000}, grid.best_score_=0.6666666666666666, grid.best_index_=28, acc=1.0, time=0.544762372970581
25-08-2022 11:06:18|INFO|Is groups None: False 
25-08-2022 11:06:19|INFO|6/10|grid.best_params_={'svc__C': 1000000.0, 'svc__gamma': 1e-09, 'svc__kernel': 'rbf', 'svc__max_iter': 1000}, grid.best_score_=0.6944444444444444, grid.best_index_=28, acc=0.5, time=0.5107827186584473
25-08-2022 11:06:19|INFO|Is groups None: False 
25-08-2022 11:06:19|INFO|7/10|grid.best_params_={'svc__C': 1000000.0, 'svc__gamma': 1e-05, 'svc__kernel': 'rbf', 'svc__max_iter': 1000}, grid.best_score_=0.6388888888888888, grid.best_index_=30, acc=0.5, time=0.5216906070709229
25-08-2022 11:06:19|INFO|Is groups None: False 
25-08-2022 11:06:20|INFO|8/10|grid.best_params_={'svc__C': 100000000.0, 'svc__gamma': 1e-09, 'svc__kernel': 'rbf', 'svc__max_iter': 1000}, grid.best_score_=0.6111111111111112, grid.best_index_=35, acc=0.75, time=0.5476040840148926
25-08-2022 11:06:20|INFO|Is groups None: False 
25-08-2022 11:06:20|INFO|9/10|grid.best_params_={'svc__C': 100000000.0, 'svc__gamma': 1e-07, 'svc__kernel': 'rbf', 'svc__max_iter': 1000}, grid.best_score_=0.6666666666666666, grid.best_index_=36, acc=0.75, time=0.5027215480804443
25-08-2022 11:06:20|INFO|Is groups None: False 
25-08-2022 11:06:21|INFO|10/10|grid.best_params_={'svc__C': 1000000.0, 'svc__gamma': 1e-07, 'svc__kernel': 'rbf', 'svc__max_iter': 1000}, grid.best_score_=0.6944444444444444, grid.best_index_=29, acc=0.25, time=0.49127936363220215
25-08-2022 11:06:21|INFO|s30|10-CV=0.62500|STD=0.25617|Time spend=5.787577390670776
25-08-2022 11:06:21|INFO|Running Segment-First
25-08-2022 11:06:21|INFO|X.shape=(40, 160), y.shape=(40,), groups.shape=(40,)
25-08-2022 11:06:21|INFO|Is groups None: False 
25-08-2022 11:06:22|INFO|1/10|grid.best_params_={'svc__C': 10000000000.0, 'svc__gamma': 1e-09, 'svc__kernel': 'rbf', 'svc__max_iter': 1000}, grid.best_score_=0.8055555555555556, grid.best_index_=42, acc=0.75, time=0.45740413665771484
25-08-2022 11:06:22|INFO|Is groups None: False 
25-08-2022 11:06:22|INFO|2/10|grid.best_params_={'svc__C': 100000000.0, 'svc__gamma': 1e-09, 'svc__kernel': 'rbf', 'svc__max_iter': 1000}, grid.best_score_=0.7777777777777778, grid.best_index_=35, acc=0.75, time=0.4676802158355713
25-08-2022 11:06:22|INFO|Is groups None: False 
25-08-2022 11:06:23|INFO|3/10|grid.best_params_={'svc__C': 100.0, 'svc__gamma': 1e-05, 'svc__kernel': 'rbf', 'svc__max_iter': 1000}, grid.best_score_=0.7222222222222222, grid.best_index_=16, acc=0.75, time=0.4530167579650879
25-08-2022 11:06:23|INFO|Is groups None: False 
25-08-2022 11:06:23|INFO|4/10|grid.best_params_={'svc__C': 100.0, 'svc__gamma': 0.001, 'svc__kernel': 'rbf', 'svc__max_iter': 1000}, grid.best_score_=0.7222222222222222, grid.best_index_=17, acc=0.5, time=0.500208854675293
25-08-2022 11:06:23|INFO|Is groups None: False 
25-08-2022 11:06:24|INFO|5/10|grid.best_params_={'svc__C': 100.0, 'svc__gamma': 1e-05, 'svc__kernel': 'rbf', 'svc__max_iter': 1000}, grid.best_score_=0.75, grid.best_index_=16, acc=0.5, time=0.46534037590026855
25-08-2022 11:06:24|INFO|Is groups None: False 
25-08-2022 11:06:24|INFO|6/10|grid.best_params_={'svc__C': 10000.0, 'svc__gamma': 1e-05, 'svc__kernel': 'rbf', 'svc__max_iter': 1000}, grid.best_score_=0.7333333333333333, grid.best_index_=23, acc=0.75, time=0.5017247200012207
25-08-2022 11:06:24|INFO|Is groups None: False 
25-08-2022 11:06:25|INFO|7/10|grid.best_params_={'svc__C': 100.0, 'svc__gamma': 0.001, 'svc__kernel': 'rbf', 'svc__max_iter': 1000}, grid.best_score_=0.7777777777777778, grid.best_index_=17, acc=0.75, time=0.4857063293457031
25-08-2022 11:06:25|INFO|Is groups None: False 
25-08-2022 11:06:25|INFO|8/10|grid.best_params_={'svc__C': 10000.0, 'svc__gamma': 1e-05, 'svc__kernel': 'rbf', 'svc__max_iter': 1000}, grid.best_score_=0.75, grid.best_index_=23, acc=0.75, time=0.5166521072387695
25-08-2022 11:06:25|INFO|Is groups None: False 
25-08-2022 11:06:26|INFO|9/10|grid.best_params_={'svc__C': 100.0, 'svc__gamma': 0.001, 'svc__kernel': 'rbf', 'svc__max_iter': 1000}, grid.best_score_=0.7777777777777778, grid.best_index_=17, acc=0.5, time=0.43090295791625977
25-08-2022 11:06:26|INFO|Is groups None: False 
25-08-2022 11:06:26|INFO|10/10|grid.best_params_={'svc__C': 100.0, 'svc__gamma': 0.001, 'svc__kernel': 'rbf', 'svc__max_iter': 1000}, grid.best_score_=0.6944444444444444, grid.best_index_=17, acc=1.0, time=0.4545929431915283
25-08-2022 11:06:26|INFO|s31|10-CV=0.70000|STD=0.15000|Time spend=5.538188695907593
25-08-2022 11:06:27|INFO|Running Segment-First
25-08-2022 11:06:27|INFO|X.shape=(40, 160), y.shape=(40,), groups.shape=(40,)
25-08-2022 11:06:27|INFO|Is groups None: False 
25-08-2022 11:06:27|INFO|1/10|grid.best_params_={'svc__C': 0.01, 'svc__gamma': 1e-09, 'svc__kernel': 'rbf', 'svc__max_iter': 1000}, grid.best_score_=0.6666666666666666, grid.best_index_=0, acc=0.75, time=0.4600808620452881
25-08-2022 11:06:27|INFO|Is groups None: False 
25-08-2022 11:06:28|INFO|2/10|grid.best_params_={'svc__C': 0.01, 'svc__gamma': 1e-09, 'svc__kernel': 'rbf', 'svc__max_iter': 1000}, grid.best_score_=0.6944444444444444, grid.best_index_=0, acc=0.5, time=0.4607985019683838
25-08-2022 11:06:28|INFO|Is groups None: False 
25-08-2022 11:06:28|INFO|3/10|grid.best_params_={'svc__C': 0.01, 'svc__gamma': 1e-09, 'svc__kernel': 'rbf', 'svc__max_iter': 1000}, grid.best_score_=0.6666666666666666, grid.best_index_=0, acc=0.75, time=0.5545411109924316
25-08-2022 11:06:28|INFO|Is groups None: False 
25-08-2022 11:06:29|INFO|4/10|grid.best_params_={'svc__C': 0.01, 'svc__gamma': 1e-09, 'svc__kernel': 'rbf', 'svc__max_iter': 1000}, grid.best_score_=0.6666666666666666, grid.best_index_=0, acc=0.75, time=0.4601399898529053
25-08-2022 11:06:29|INFO|Is groups None: False 
25-08-2022 11:06:29|INFO|5/10|grid.best_params_={'svc__C': 0.01, 'svc__gamma': 1e-09, 'svc__kernel': 'rbf', 'svc__max_iter': 1000}, grid.best_score_=0.6666666666666666, grid.best_index_=0, acc=0.75, time=0.46452832221984863
25-08-2022 11:06:29|INFO|Is groups None: False 
25-08-2022 11:06:30|INFO|6/10|grid.best_params_={'svc__C': 0.01, 'svc__gamma': 1e-09, 'svc__kernel': 'rbf', 'svc__max_iter': 1000}, grid.best_score_=0.6666666666666666, grid.best_index_=0, acc=0.75, time=0.4554002285003662
25-08-2022 11:06:30|INFO|Is groups None: False 
25-08-2022 11:06:30|INFO|7/10|grid.best_params_={'svc__C': 0.01, 'svc__gamma': 1e-09, 'svc__kernel': 'rbf', 'svc__max_iter': 1000}, grid.best_score_=0.6944444444444444, grid.best_index_=0, acc=0.5, time=0.46250295639038086
25-08-2022 11:06:30|INFO|Is groups None: False 
25-08-2022 11:06:31|INFO|8/10|grid.best_params_={'svc__C': 0.01, 'svc__gamma': 1e-09, 'svc__kernel': 'rbf', 'svc__max_iter': 1000}, grid.best_score_=0.6666666666666666, grid.best_index_=0, acc=0.75, time=0.48450613021850586
25-08-2022 11:06:31|INFO|Is groups None: False 
25-08-2022 11:06:31|INFO|9/10|grid.best_params_={'svc__C': 0.01, 'svc__gamma': 1e-09, 'svc__kernel': 'rbf', 'svc__max_iter': 1000}, grid.best_score_=0.6666666666666666, grid.best_index_=0, acc=0.75, time=0.4871492385864258
25-08-2022 11:06:31|INFO|Is groups None: False 
25-08-2022 11:06:32|INFO|10/10|grid.best_params_={'svc__C': 0.01, 'svc__gamma': 1e-09, 'svc__kernel': 'rbf', 'svc__max_iter': 1000}, grid.best_score_=0.6944444444444444, grid.best_index_=0, acc=0.5, time=0.4619448184967041
25-08-2022 11:06:32|INFO|s32|10-CV=0.67500|STD=0.11456|Time spend=5.486567497253418
25-08-2022 11:06:32|INFO|final|10-CV=0.64068|STD=0.06441
