25-08-2022 14:53:55|INFO|
    Running Command: 
        python3 main-ml.py --subject_setup dependent --experimental_setup segment --stimuli_class valence --preprocessing DE --segment_lenght 12 --output_log ./output/dependent-segment-valence-DE-12.log
    Starting training:
        segment_lenght:  12
        output_log:      ./output/dependent-segment-valence-DE-12.log
        stimuli_class:   valence
        preprocessing:   DE
        subject_setup:   dependent
        experimental_setup: segment
    
25-08-2022 14:53:56|INFO|Running Split-First
25-08-2022 14:53:56|INFO|X.shape=(200, 160), y.shape=(200,), groups.shape=(200,)
25-08-2022 14:53:56|INFO|Is groups None: True 
25-08-2022 14:54:08|INFO|1/10|grid.best_params_={'svc__C': 1000000.0, 'svc__gamma': 1e-05, 'svc__kernel': 'rbf', 'svc__max_iter': 1000}, grid.best_score_=0.6111111111111112, grid.best_index_=30, acc=0.45, time=12.302704572677612
25-08-2022 14:54:08|INFO|Is groups None: True 
25-08-2022 14:54:09|INFO|2/10|grid.best_params_={'svc__C': 10000.0, 'svc__gamma': 1e-05, 'svc__kernel': 'rbf', 'svc__max_iter': 1000}, grid.best_score_=0.5833333333333335, grid.best_index_=23, acc=0.6, time=1.011713981628418
25-08-2022 14:54:09|INFO|Is groups None: True 
25-08-2022 14:54:10|INFO|3/10|grid.best_params_={'svc__C': 1000000.0, 'svc__gamma': 1e-07, 'svc__kernel': 'rbf', 'svc__max_iter': 1000}, grid.best_score_=0.6111111111111112, grid.best_index_=29, acc=0.6, time=1.006220817565918
25-08-2022 14:54:10|INFO|Is groups None: True 
25-08-2022 14:54:11|INFO|4/10|grid.best_params_={'svc__C': 100.0, 'svc__gamma': 0.001, 'svc__kernel': 'rbf', 'svc__max_iter': 1000}, grid.best_score_=0.6222222222222222, grid.best_index_=17, acc=0.55, time=0.9856274127960205
25-08-2022 14:54:11|INFO|Is groups None: True 
25-08-2022 14:54:12|INFO|5/10|grid.best_params_={'svc__C': 100.0, 'svc__gamma': 0.001, 'svc__kernel': 'rbf', 'svc__max_iter': 1000}, grid.best_score_=0.6611111111111111, grid.best_index_=17, acc=0.55, time=0.999243974685669
25-08-2022 14:54:12|INFO|Is groups None: True 
25-08-2022 14:54:13|INFO|6/10|grid.best_params_={'svc__C': 10000.0, 'svc__gamma': 1e-05, 'svc__kernel': 'rbf', 'svc__max_iter': 1000}, grid.best_score_=0.5722222222222223, grid.best_index_=23, acc=0.45, time=0.9953467845916748
25-08-2022 14:54:13|INFO|Is groups None: True 
25-08-2022 14:54:14|INFO|7/10|grid.best_params_={'svc__C': 1.0, 'svc__gamma': 0.001, 'svc__kernel': 'rbf', 'svc__max_iter': 1000}, grid.best_score_=0.5833333333333334, grid.best_index_=10, acc=0.5, time=1.019202709197998
25-08-2022 14:54:14|INFO|Is groups None: True 
25-08-2022 14:54:15|INFO|8/10|grid.best_params_={'svc__C': 100000000.0, 'svc__gamma': 1e-09, 'svc__kernel': 'rbf', 'svc__max_iter': 1000}, grid.best_score_=0.5888888888888889, grid.best_index_=35, acc=0.7, time=1.0075879096984863
25-08-2022 14:54:15|INFO|Is groups None: True 
25-08-2022 14:54:16|INFO|9/10|grid.best_params_={'svc__C': 1000000.0, 'svc__gamma': 1e-07, 'svc__kernel': 'rbf', 'svc__max_iter': 1000}, grid.best_score_=0.6000000000000001, grid.best_index_=29, acc=0.6, time=1.0176494121551514
25-08-2022 14:54:16|INFO|Is groups None: True 
25-08-2022 14:54:17|INFO|10/10|grid.best_params_={'svc__C': 10000000000.0, 'svc__gamma': 1e-09, 'svc__kernel': 'rbf', 'svc__max_iter': 1000}, grid.best_score_=0.6222222222222222, grid.best_index_=42, acc=0.75, time=0.9890925884246826
25-08-2022 14:54:17|INFO|s01|10-CV=0.57500|STD=0.09287|Time spend=22.112467527389526
25-08-2022 14:54:18|INFO|Running Split-First
25-08-2022 14:54:18|INFO|X.shape=(200, 160), y.shape=(200,), groups.shape=(200,)
25-08-2022 14:54:18|INFO|Is groups None: True 
25-08-2022 14:54:19|INFO|1/10|grid.best_params_={'svc__C': 10000000000.0, 'svc__gamma': 1e-09, 'svc__kernel': 'rbf', 'svc__max_iter': 1000}, grid.best_score_=0.7222222222222222, grid.best_index_=42, acc=0.6, time=1.0105156898498535
25-08-2022 14:54:19|INFO|Is groups None: True 
25-08-2022 14:54:20|INFO|2/10|grid.best_params_={'svc__C': 100.0, 'svc__gamma': 1e-05, 'svc__kernel': 'rbf', 'svc__max_iter': 1000}, grid.best_score_=0.7055555555555556, grid.best_index_=16, acc=0.7, time=0.985313892364502
25-08-2022 14:54:20|INFO|Is groups None: True 
25-08-2022 14:54:21|INFO|3/10|grid.best_params_={'svc__C': 1000000.0, 'svc__gamma': 1e-07, 'svc__kernel': 'rbf', 'svc__max_iter': 1000}, grid.best_score_=0.7166666666666667, grid.best_index_=29, acc=0.6, time=0.9887950420379639
25-08-2022 14:54:21|INFO|Is groups None: True 
25-08-2022 14:54:22|INFO|4/10|grid.best_params_={'svc__C': 100.0, 'svc__gamma': 1e-05, 'svc__kernel': 'rbf', 'svc__max_iter': 1000}, grid.best_score_=0.7166666666666667, grid.best_index_=16, acc=0.6, time=0.991959810256958
25-08-2022 14:54:22|INFO|Is groups None: True 
25-08-2022 14:54:23|INFO|5/10|grid.best_params_={'svc__C': 100.0, 'svc__gamma': 1e-05, 'svc__kernel': 'rbf', 'svc__max_iter': 1000}, grid.best_score_=0.7166666666666668, grid.best_index_=16, acc=0.7, time=0.9818692207336426
25-08-2022 14:54:23|INFO|Is groups None: True 
25-08-2022 14:54:24|INFO|6/10|grid.best_params_={'svc__C': 1000000.0, 'svc__gamma': 1e-09, 'svc__kernel': 'rbf', 'svc__max_iter': 1000}, grid.best_score_=0.7111111111111111, grid.best_index_=28, acc=0.75, time=1.0408120155334473
25-08-2022 14:54:24|INFO|Is groups None: True 
25-08-2022 14:54:25|INFO|7/10|grid.best_params_={'svc__C': 100.0, 'svc__gamma': 1e-05, 'svc__kernel': 'rbf', 'svc__max_iter': 1000}, grid.best_score_=0.7055555555555555, grid.best_index_=16, acc=0.7, time=1.0001959800720215
25-08-2022 14:54:25|INFO|Is groups None: True 
25-08-2022 14:54:26|INFO|8/10|grid.best_params_={'svc__C': 10000000000.0, 'svc__gamma': 1e-09, 'svc__kernel': 'rbf', 'svc__max_iter': 1000}, grid.best_score_=0.7222222222222222, grid.best_index_=42, acc=0.85, time=1.0078880786895752
25-08-2022 14:54:26|INFO|Is groups None: True 
25-08-2022 14:54:27|INFO|9/10|grid.best_params_={'svc__C': 100.0, 'svc__gamma': 1e-05, 'svc__kernel': 'rbf', 'svc__max_iter': 1000}, grid.best_score_=0.7000000000000001, grid.best_index_=16, acc=0.75, time=1.0012352466583252
25-08-2022 14:54:27|INFO|Is groups None: True 
25-08-2022 14:54:28|INFO|10/10|grid.best_params_={'svc__C': 10000000000.0, 'svc__gamma': 1e-09, 'svc__kernel': 'rbf', 'svc__max_iter': 1000}, grid.best_score_=0.7055555555555555, grid.best_index_=42, acc=0.55, time=1.037571907043457
25-08-2022 14:54:28|INFO|s02|10-CV=0.68000|STD=0.08718|Time spend=10.658073902130127
25-08-2022 14:54:28|INFO|Running Split-First
25-08-2022 14:54:28|INFO|X.shape=(200, 160), y.shape=(200,), groups.shape=(200,)
25-08-2022 14:54:28|INFO|Is groups None: True 
25-08-2022 14:54:29|INFO|1/10|grid.best_params_={'svc__C': 10000.0, 'svc__gamma': 0.001, 'svc__kernel': 'rbf', 'svc__max_iter': 1000}, grid.best_score_=0.7444444444444445, grid.best_index_=24, acc=0.65, time=0.9903857707977295
25-08-2022 14:54:29|INFO|Is groups None: True 
25-08-2022 14:54:30|INFO|2/10|grid.best_params_={'svc__C': 1000000.0, 'svc__gamma': 1e-07, 'svc__kernel': 'rbf', 'svc__max_iter': 1000}, grid.best_score_=0.7833333333333334, grid.best_index_=29, acc=0.65, time=0.9817996025085449
25-08-2022 14:54:30|INFO|Is groups None: True 
25-08-2022 14:54:31|INFO|3/10|grid.best_params_={'svc__C': 1000000.0, 'svc__gamma': 1e-07, 'svc__kernel': 'rbf', 'svc__max_iter': 1000}, grid.best_score_=0.7555555555555556, grid.best_index_=29, acc=0.8, time=0.989995002746582
25-08-2022 14:54:31|INFO|Is groups None: True 
25-08-2022 14:54:32|INFO|4/10|grid.best_params_={'svc__C': 1000000.0, 'svc__gamma': 1e-07, 'svc__kernel': 'rbf', 'svc__max_iter': 1000}, grid.best_score_=0.7500000000000001, grid.best_index_=29, acc=0.75, time=0.9835233688354492
25-08-2022 14:54:32|INFO|Is groups None: True 
25-08-2022 14:54:33|INFO|5/10|grid.best_params_={'svc__C': 100000000.0, 'svc__gamma': 1e-09, 'svc__kernel': 'rbf', 'svc__max_iter': 1000}, grid.best_score_=0.7444444444444445, grid.best_index_=35, acc=0.75, time=1.0244643688201904
25-08-2022 14:54:33|INFO|Is groups None: True 
25-08-2022 14:54:34|INFO|6/10|grid.best_params_={'svc__C': 10000000000.0, 'svc__gamma': 1e-09, 'svc__kernel': 'rbf', 'svc__max_iter': 1000}, grid.best_score_=0.7555555555555555, grid.best_index_=42, acc=0.65, time=0.9843926429748535
25-08-2022 14:54:34|INFO|Is groups None: True 
25-08-2022 14:54:35|INFO|7/10|grid.best_params_={'svc__C': 10000000000.0, 'svc__gamma': 1e-09, 'svc__kernel': 'rbf', 'svc__max_iter': 1000}, grid.best_score_=0.7277777777777777, grid.best_index_=42, acc=0.7, time=1.0007045269012451
25-08-2022 14:54:35|INFO|Is groups None: True 
25-08-2022 14:54:36|INFO|8/10|grid.best_params_={'svc__C': 10000000000.0, 'svc__gamma': 1e-09, 'svc__kernel': 'rbf', 'svc__max_iter': 1000}, grid.best_score_=0.7111111111111111, grid.best_index_=42, acc=0.85, time=1.024470329284668
25-08-2022 14:54:36|INFO|Is groups None: True 
25-08-2022 14:54:37|INFO|9/10|grid.best_params_={'svc__C': 10000.0, 'svc__gamma': 1e-05, 'svc__kernel': 'rbf', 'svc__max_iter': 1000}, grid.best_score_=0.7444444444444446, grid.best_index_=23, acc=0.8, time=0.982896089553833
25-08-2022 14:54:37|INFO|Is groups None: True 
25-08-2022 14:54:38|INFO|10/10|grid.best_params_={'svc__C': 1000000.0, 'svc__gamma': 1e-07, 'svc__kernel': 'rbf', 'svc__max_iter': 1000}, grid.best_score_=0.711111111111111, grid.best_index_=29, acc=0.75, time=1.052997350692749
25-08-2022 14:54:38|INFO|s03|10-CV=0.73500|STD=0.06727|Time spend=10.63972783088684
25-08-2022 14:54:39|INFO|Running Split-First
25-08-2022 14:54:39|INFO|X.shape=(200, 160), y.shape=(200,), groups.shape=(200,)
25-08-2022 14:54:39|INFO|Is groups None: True 
25-08-2022 14:54:40|INFO|1/10|grid.best_params_={'svc__C': 10000000000.0, 'svc__gamma': 1e-09, 'svc__kernel': 'rbf', 'svc__max_iter': 1000}, grid.best_score_=0.7333333333333333, grid.best_index_=42, acc=0.45, time=0.9719352722167969
25-08-2022 14:54:40|INFO|Is groups None: True 
25-08-2022 14:54:41|INFO|2/10|grid.best_params_={'svc__C': 100.0, 'svc__gamma': 0.001, 'svc__kernel': 'rbf', 'svc__max_iter': 1000}, grid.best_score_=0.6777777777777778, grid.best_index_=17, acc=0.75, time=0.9892444610595703
25-08-2022 14:54:41|INFO|Is groups None: True 
25-08-2022 14:54:42|INFO|3/10|grid.best_params_={'svc__C': 100000000.0, 'svc__gamma': 1e-09, 'svc__kernel': 'rbf', 'svc__max_iter': 1000}, grid.best_score_=0.7055555555555555, grid.best_index_=35, acc=0.7, time=0.9725661277770996
25-08-2022 14:54:42|INFO|Is groups None: True 
25-08-2022 14:54:43|INFO|4/10|grid.best_params_={'svc__C': 1000000.0, 'svc__gamma': 1e-07, 'svc__kernel': 'rbf', 'svc__max_iter': 1000}, grid.best_score_=0.7222222222222222, grid.best_index_=29, acc=0.7, time=0.9874250888824463
25-08-2022 14:54:43|INFO|Is groups None: True 
25-08-2022 14:54:44|INFO|5/10|grid.best_params_={'svc__C': 100000000.0, 'svc__gamma': 1e-09, 'svc__kernel': 'rbf', 'svc__max_iter': 1000}, grid.best_score_=0.7611111111111112, grid.best_index_=35, acc=0.5, time=1.0467090606689453
25-08-2022 14:54:44|INFO|Is groups None: True 
25-08-2022 14:54:45|INFO|6/10|grid.best_params_={'svc__C': 1000000.0, 'svc__gamma': 1e-07, 'svc__kernel': 'rbf', 'svc__max_iter': 1000}, grid.best_score_=0.6833333333333333, grid.best_index_=29, acc=0.7, time=0.9933440685272217
25-08-2022 14:54:45|INFO|Is groups None: True 
25-08-2022 14:54:46|INFO|7/10|grid.best_params_={'svc__C': 10000000000.0, 'svc__gamma': 1e-09, 'svc__kernel': 'rbf', 'svc__max_iter': 1000}, grid.best_score_=0.7222222222222222, grid.best_index_=42, acc=0.65, time=0.9926795959472656
25-08-2022 14:54:46|INFO|Is groups None: True 
25-08-2022 14:54:47|INFO|8/10|grid.best_params_={'svc__C': 1000000.0, 'svc__gamma': 1e-07, 'svc__kernel': 'rbf', 'svc__max_iter': 1000}, grid.best_score_=0.6777777777777778, grid.best_index_=29, acc=0.75, time=0.9880578517913818
25-08-2022 14:54:47|INFO|Is groups None: True 
25-08-2022 14:54:48|INFO|9/10|grid.best_params_={'svc__C': 10000000000.0, 'svc__gamma': 1e-09, 'svc__kernel': 'rbf', 'svc__max_iter': 1000}, grid.best_score_=0.7000000000000001, grid.best_index_=42, acc=0.6, time=1.0003883838653564
25-08-2022 14:54:48|INFO|Is groups None: True 
25-08-2022 14:54:49|INFO|10/10|grid.best_params_={'svc__C': 100.0, 'svc__gamma': 0.001, 'svc__kernel': 'rbf', 'svc__max_iter': 1000}, grid.best_score_=0.6833333333333333, grid.best_index_=17, acc=0.75, time=1.082212209701538
25-08-2022 14:54:49|INFO|s04|10-CV=0.65500|STD=0.10112|Time spend=10.63906478881836
25-08-2022 14:54:49|INFO|Running Split-First
25-08-2022 14:54:49|INFO|X.shape=(200, 160), y.shape=(200,), groups.shape=(200,)
25-08-2022 14:54:49|INFO|Is groups None: True 
25-08-2022 14:54:50|INFO|1/10|grid.best_params_={'svc__C': 100.0, 'svc__gamma': 0.001, 'svc__kernel': 'rbf', 'svc__max_iter': 1000}, grid.best_score_=0.6499999999999999, grid.best_index_=17, acc=0.65, time=0.9943749904632568
25-08-2022 14:54:50|INFO|Is groups None: True 
25-08-2022 14:54:51|INFO|2/10|grid.best_params_={'svc__C': 10000.0, 'svc__gamma': 0.001, 'svc__kernel': 'rbf', 'svc__max_iter': 1000}, grid.best_score_=0.7666666666666666, grid.best_index_=24, acc=0.4, time=1.0040342807769775
25-08-2022 14:54:52|INFO|Is groups None: True 
25-08-2022 14:54:52|INFO|3/10|grid.best_params_={'svc__C': 100.0, 'svc__gamma': 0.001, 'svc__kernel': 'rbf', 'svc__max_iter': 1000}, grid.best_score_=0.638888888888889, grid.best_index_=17, acc=0.75, time=0.9892914295196533
25-08-2022 14:54:52|INFO|Is groups None: True 
25-08-2022 14:54:54|INFO|4/10|grid.best_params_={'svc__C': 100.0, 'svc__gamma': 0.001, 'svc__kernel': 'rbf', 'svc__max_iter': 1000}, grid.best_score_=0.6888888888888889, grid.best_index_=17, acc=0.6, time=1.0428154468536377
25-08-2022 14:54:54|INFO|Is groups None: True 
25-08-2022 14:54:55|INFO|5/10|grid.best_params_={'svc__C': 100.0, 'svc__gamma': 0.001, 'svc__kernel': 'rbf', 'svc__max_iter': 1000}, grid.best_score_=0.6833333333333333, grid.best_index_=17, acc=0.7, time=0.9922575950622559
25-08-2022 14:54:55|INFO|Is groups None: True 
25-08-2022 14:54:56|INFO|6/10|grid.best_params_={'svc__C': 100.0, 'svc__gamma': 0.001, 'svc__kernel': 'rbf', 'svc__max_iter': 1000}, grid.best_score_=0.6722222222222222, grid.best_index_=17, acc=0.55, time=1.0009148120880127
25-08-2022 14:54:56|INFO|Is groups None: True 
25-08-2022 14:54:57|INFO|7/10|grid.best_params_={'svc__C': 100.0, 'svc__gamma': 0.001, 'svc__kernel': 'rbf', 'svc__max_iter': 1000}, grid.best_score_=0.6555555555555554, grid.best_index_=17, acc=0.6, time=1.0062224864959717
25-08-2022 14:54:57|INFO|Is groups None: True 
25-08-2022 14:54:58|INFO|8/10|grid.best_params_={'svc__C': 10000.0, 'svc__gamma': 0.001, 'svc__kernel': 'rbf', 'svc__max_iter': 1000}, grid.best_score_=0.6222222222222222, grid.best_index_=24, acc=0.7, time=1.0355231761932373
25-08-2022 14:54:58|INFO|Is groups None: True 
25-08-2022 14:54:59|INFO|9/10|grid.best_params_={'svc__C': 10000.0, 'svc__gamma': 0.001, 'svc__kernel': 'rbf', 'svc__max_iter': 1000}, grid.best_score_=0.6611111111111112, grid.best_index_=24, acc=0.65, time=1.0430636405944824
25-08-2022 14:54:59|INFO|Is groups None: True 
25-08-2022 14:55:00|INFO|10/10|grid.best_params_={'svc__C': 100.0, 'svc__gamma': 0.001, 'svc__kernel': 'rbf', 'svc__max_iter': 1000}, grid.best_score_=0.6555555555555556, grid.best_index_=17, acc=0.7, time=1.0746612548828125
25-08-2022 14:55:00|INFO|s05|10-CV=0.63000|STD=0.09539|Time spend=10.784589290618896
25-08-2022 14:55:00|INFO|Running Split-First
25-08-2022 14:55:00|INFO|X.shape=(200, 160), y.shape=(200,), groups.shape=(200,)
25-08-2022 14:55:00|INFO|Is groups None: True 
25-08-2022 14:55:01|INFO|1/10|grid.best_params_={'svc__C': 100.0, 'svc__gamma': 0.001, 'svc__kernel': 'rbf', 'svc__max_iter': 1000}, grid.best_score_=0.7666666666666666, grid.best_index_=17, acc=0.65, time=0.9287867546081543
25-08-2022 14:55:01|INFO|Is groups None: True 
25-08-2022 14:55:02|INFO|2/10|grid.best_params_={'svc__C': 100000000.0, 'svc__gamma': 1e-09, 'svc__kernel': 'rbf', 'svc__max_iter': 1000}, grid.best_score_=0.7555555555555555, grid.best_index_=35, acc=0.75, time=0.9619631767272949
25-08-2022 14:55:02|INFO|Is groups None: True 
25-08-2022 14:55:03|INFO|3/10|grid.best_params_={'svc__C': 10000000000.0, 'svc__gamma': 1e-09, 'svc__kernel': 'rbf', 'svc__max_iter': 1000}, grid.best_score_=0.7611111111111112, grid.best_index_=42, acc=0.75, time=0.9705548286437988
25-08-2022 14:55:03|INFO|Is groups None: True 
25-08-2022 14:55:04|INFO|4/10|grid.best_params_={'svc__C': 0.01, 'svc__gamma': 1e-09, 'svc__kernel': 'rbf', 'svc__max_iter': 1000}, grid.best_score_=0.75, grid.best_index_=0, acc=0.75, time=0.9555222988128662
25-08-2022 14:55:04|INFO|Is groups None: True 
25-08-2022 14:55:05|INFO|5/10|grid.best_params_={'svc__C': 100000000.0, 'svc__gamma': 1e-09, 'svc__kernel': 'rbf', 'svc__max_iter': 1000}, grid.best_score_=0.7611111111111111, grid.best_index_=35, acc=0.85, time=0.945220947265625
25-08-2022 14:55:05|INFO|Is groups None: True 
25-08-2022 14:55:06|INFO|6/10|grid.best_params_={'svc__C': 100000000.0, 'svc__gamma': 1e-09, 'svc__kernel': 'rbf', 'svc__max_iter': 1000}, grid.best_score_=0.7611111111111111, grid.best_index_=35, acc=0.75, time=0.9507806301116943
25-08-2022 14:55:06|INFO|Is groups None: True 
25-08-2022 14:55:07|INFO|7/10|grid.best_params_={'svc__C': 100000000.0, 'svc__gamma': 1e-09, 'svc__kernel': 'rbf', 'svc__max_iter': 1000}, grid.best_score_=0.7555555555555555, grid.best_index_=35, acc=0.75, time=0.9476630687713623
25-08-2022 14:55:07|INFO|Is groups None: True 
25-08-2022 14:55:08|INFO|8/10|grid.best_params_={'svc__C': 100000000.0, 'svc__gamma': 1e-09, 'svc__kernel': 'rbf', 'svc__max_iter': 1000}, grid.best_score_=0.7722222222222223, grid.best_index_=35, acc=0.75, time=0.9821133613586426
25-08-2022 14:55:08|INFO|Is groups None: True 
25-08-2022 14:55:09|INFO|9/10|grid.best_params_={'svc__C': 100000000.0, 'svc__gamma': 1e-09, 'svc__kernel': 'rbf', 'svc__max_iter': 1000}, grid.best_score_=0.7722222222222223, grid.best_index_=35, acc=0.75, time=0.9380853176116943
25-08-2022 14:55:09|INFO|Is groups None: True 
25-08-2022 14:55:10|INFO|10/10|grid.best_params_={'svc__C': 0.01, 'svc__gamma': 1e-09, 'svc__kernel': 'rbf', 'svc__max_iter': 1000}, grid.best_score_=0.75, grid.best_index_=0, acc=0.75, time=0.9452376365661621
25-08-2022 14:55:10|INFO|s06|10-CV=0.75000|STD=0.04472|Time spend=10.173067808151245
25-08-2022 14:55:10|INFO|Running Split-First
25-08-2022 14:55:10|INFO|X.shape=(200, 160), y.shape=(200,), groups.shape=(200,)
25-08-2022 14:55:10|INFO|Is groups None: True 
25-08-2022 14:55:11|INFO|1/10|grid.best_params_={'svc__C': 10000.0, 'svc__gamma': 1e-05, 'svc__kernel': 'rbf', 'svc__max_iter': 1000}, grid.best_score_=0.75, grid.best_index_=23, acc=0.75, time=0.9390702247619629
25-08-2022 14:55:11|INFO|Is groups None: True 
25-08-2022 14:55:12|INFO|2/10|grid.best_params_={'svc__C': 100.0, 'svc__gamma': 0.001, 'svc__kernel': 'rbf', 'svc__max_iter': 1000}, grid.best_score_=0.7388888888888889, grid.best_index_=17, acc=0.65, time=0.9796597957611084
25-08-2022 14:55:12|INFO|Is groups None: True 
25-08-2022 14:55:13|INFO|3/10|grid.best_params_={'svc__C': 0.01, 'svc__gamma': 1e-09, 'svc__kernel': 'rbf', 'svc__max_iter': 1000}, grid.best_score_=0.7, grid.best_index_=0, acc=0.7, time=0.9755394458770752
25-08-2022 14:55:13|INFO|Is groups None: True 
25-08-2022 14:55:14|INFO|4/10|grid.best_params_={'svc__C': 1000000.0, 'svc__gamma': 1e-05, 'svc__kernel': 'rbf', 'svc__max_iter': 1000}, grid.best_score_=0.7333333333333334, grid.best_index_=30, acc=0.7, time=0.965848445892334
25-08-2022 14:55:14|INFO|Is groups None: True 
25-08-2022 14:55:15|INFO|5/10|grid.best_params_={'svc__C': 100.0, 'svc__gamma': 0.001, 'svc__kernel': 'rbf', 'svc__max_iter': 1000}, grid.best_score_=0.7111111111111111, grid.best_index_=17, acc=0.85, time=0.960597038269043
25-08-2022 14:55:15|INFO|Is groups None: True 
25-08-2022 14:55:16|INFO|6/10|grid.best_params_={'svc__C': 10000.0, 'svc__gamma': 0.001, 'svc__kernel': 'rbf', 'svc__max_iter': 1000}, grid.best_score_=0.7388888888888889, grid.best_index_=24, acc=0.6, time=0.9813690185546875
25-08-2022 14:55:16|INFO|Is groups None: True 
25-08-2022 14:55:17|INFO|7/10|grid.best_params_={'svc__C': 100.0, 'svc__gamma': 0.001, 'svc__kernel': 'rbf', 'svc__max_iter': 1000}, grid.best_score_=0.7222222222222222, grid.best_index_=17, acc=0.6, time=0.9676423072814941
25-08-2022 14:55:17|INFO|Is groups None: True 
25-08-2022 14:55:18|INFO|8/10|grid.best_params_={'svc__C': 1000000.0, 'svc__gamma': 1e-05, 'svc__kernel': 'rbf', 'svc__max_iter': 1000}, grid.best_score_=0.7055555555555555, grid.best_index_=30, acc=0.6, time=1.0081288814544678
25-08-2022 14:55:18|INFO|Is groups None: True 
25-08-2022 14:55:19|INFO|9/10|grid.best_params_={'svc__C': 0.01, 'svc__gamma': 1e-09, 'svc__kernel': 'rbf', 'svc__max_iter': 1000}, grid.best_score_=0.7, grid.best_index_=0, acc=0.7, time=0.9812512397766113
25-08-2022 14:55:19|INFO|Is groups None: True 
25-08-2022 14:55:20|INFO|10/10|grid.best_params_={'svc__C': 100.0, 'svc__gamma': 0.001, 'svc__kernel': 'rbf', 'svc__max_iter': 1000}, grid.best_score_=0.7277777777777777, grid.best_index_=17, acc=0.7, time=0.9913821220397949
25-08-2022 14:55:20|INFO|s07|10-CV=0.68500|STD=0.07433|Time spend=10.35250973701477
25-08-2022 14:55:21|INFO|Running Split-First
25-08-2022 14:55:21|INFO|X.shape=(200, 160), y.shape=(200,), groups.shape=(200,)
25-08-2022 14:55:21|INFO|Is groups None: True 
25-08-2022 14:55:22|INFO|1/10|grid.best_params_={'svc__C': 100000000.0, 'svc__gamma': 1e-07, 'svc__kernel': 'rbf', 'svc__max_iter': 1000}, grid.best_score_=0.6277777777777778, grid.best_index_=36, acc=0.75, time=1.0159382820129395
25-08-2022 14:55:22|INFO|Is groups None: True 
25-08-2022 14:55:23|INFO|2/10|grid.best_params_={'svc__C': 1000000.0, 'svc__gamma': 1e-07, 'svc__kernel': 'rbf', 'svc__max_iter': 1000}, grid.best_score_=0.6499999999999999, grid.best_index_=29, acc=0.5, time=1.0048744678497314
25-08-2022 14:55:23|INFO|Is groups None: True 
25-08-2022 14:55:24|INFO|3/10|grid.best_params_={'svc__C': 10000.0, 'svc__gamma': 1e-05, 'svc__kernel': 'rbf', 'svc__max_iter': 1000}, grid.best_score_=0.6222222222222222, grid.best_index_=23, acc=0.75, time=1.0382814407348633
25-08-2022 14:55:24|INFO|Is groups None: True 
25-08-2022 14:55:25|INFO|4/10|grid.best_params_={'svc__C': 100000000.0, 'svc__gamma': 1e-09, 'svc__kernel': 'rbf', 'svc__max_iter': 1000}, grid.best_score_=0.6222222222222222, grid.best_index_=35, acc=0.55, time=1.027071475982666
25-08-2022 14:55:25|INFO|Is groups None: True 
25-08-2022 14:55:26|INFO|5/10|grid.best_params_={'svc__C': 10000.0, 'svc__gamma': 1e-05, 'svc__kernel': 'rbf', 'svc__max_iter': 1000}, grid.best_score_=0.5833333333333334, grid.best_index_=23, acc=0.75, time=1.031050443649292
25-08-2022 14:55:26|INFO|Is groups None: True 
25-08-2022 14:55:27|INFO|6/10|grid.best_params_={'svc__C': 100.0, 'svc__gamma': 0.001, 'svc__kernel': 'rbf', 'svc__max_iter': 1000}, grid.best_score_=0.6666666666666666, grid.best_index_=17, acc=0.55, time=1.0212154388427734
25-08-2022 14:55:27|INFO|Is groups None: True 
25-08-2022 14:55:28|INFO|7/10|grid.best_params_={'svc__C': 100.0, 'svc__gamma': 0.001, 'svc__kernel': 'rbf', 'svc__max_iter': 1000}, grid.best_score_=0.6277777777777778, grid.best_index_=17, acc=0.65, time=1.0688307285308838
25-08-2022 14:55:28|INFO|Is groups None: True 
25-08-2022 14:55:29|INFO|8/10|grid.best_params_={'svc__C': 10000.0, 'svc__gamma': 1e-05, 'svc__kernel': 'rbf', 'svc__max_iter': 1000}, grid.best_score_=0.65, grid.best_index_=23, acc=0.5, time=1.007453441619873
25-08-2022 14:55:29|INFO|Is groups None: True 
25-08-2022 14:55:30|INFO|9/10|grid.best_params_={'svc__C': 10000.0, 'svc__gamma': 1e-05, 'svc__kernel': 'rbf', 'svc__max_iter': 1000}, grid.best_score_=0.6666666666666667, grid.best_index_=23, acc=0.4, time=1.011892557144165
25-08-2022 14:55:30|INFO|Is groups None: True 
25-08-2022 14:55:31|INFO|10/10|grid.best_params_={'svc__C': 10000.0, 'svc__gamma': 1e-05, 'svc__kernel': 'rbf', 'svc__max_iter': 1000}, grid.best_score_=0.7, grid.best_index_=23, acc=0.55, time=1.0271847248077393
25-08-2022 14:55:31|INFO|s08|10-CV=0.59500|STD=0.11715|Time spend=10.928630352020264
25-08-2022 14:55:32|INFO|Running Split-First
25-08-2022 14:55:32|INFO|X.shape=(200, 160), y.shape=(200,), groups.shape=(200,)
25-08-2022 14:55:32|INFO|Is groups None: True 
25-08-2022 14:55:33|INFO|1/10|grid.best_params_={'svc__C': 1.0, 'svc__gamma': 0.001, 'svc__kernel': 'rbf', 'svc__max_iter': 1000}, grid.best_score_=0.7666666666666667, grid.best_index_=10, acc=0.6, time=0.9591593742370605
25-08-2022 14:55:33|INFO|Is groups None: True 
25-08-2022 14:55:34|INFO|2/10|grid.best_params_={'svc__C': 100.0, 'svc__gamma': 0.001, 'svc__kernel': 'rbf', 'svc__max_iter': 1000}, grid.best_score_=0.7777777777777779, grid.best_index_=17, acc=0.9, time=1.030024766921997
25-08-2022 14:55:34|INFO|Is groups None: True 
25-08-2022 14:55:35|INFO|3/10|grid.best_params_={'svc__C': 100.0, 'svc__gamma': 0.001, 'svc__kernel': 'rbf', 'svc__max_iter': 1000}, grid.best_score_=0.8111111111111111, grid.best_index_=17, acc=0.65, time=0.9897065162658691
25-08-2022 14:55:35|INFO|Is groups None: True 
25-08-2022 14:55:36|INFO|4/10|grid.best_params_={'svc__C': 100.0, 'svc__gamma': 1e-05, 'svc__kernel': 'rbf', 'svc__max_iter': 1000}, grid.best_score_=0.7555555555555555, grid.best_index_=16, acc=0.75, time=0.95564866065979
25-08-2022 14:55:36|INFO|Is groups None: True 
25-08-2022 14:55:37|INFO|5/10|grid.best_params_={'svc__C': 100.0, 'svc__gamma': 0.001, 'svc__kernel': 'rbf', 'svc__max_iter': 1000}, grid.best_score_=0.7833333333333332, grid.best_index_=17, acc=0.8, time=0.9813778400421143
25-08-2022 14:55:37|INFO|Is groups None: True 
25-08-2022 14:55:38|INFO|6/10|grid.best_params_={'svc__C': 1.0, 'svc__gamma': 0.001, 'svc__kernel': 'rbf', 'svc__max_iter': 1000}, grid.best_score_=0.75, grid.best_index_=10, acc=0.75, time=0.9804306030273438
25-08-2022 14:55:38|INFO|Is groups None: True 
25-08-2022 14:55:39|INFO|7/10|grid.best_params_={'svc__C': 100.0, 'svc__gamma': 0.001, 'svc__kernel': 'rbf', 'svc__max_iter': 1000}, grid.best_score_=0.8, grid.best_index_=17, acc=0.8, time=1.0260200500488281
25-08-2022 14:55:39|INFO|Is groups None: True 
25-08-2022 14:55:40|INFO|8/10|grid.best_params_={'svc__C': 100.0, 'svc__gamma': 0.001, 'svc__kernel': 'rbf', 'svc__max_iter': 1000}, grid.best_score_=0.7611111111111112, grid.best_index_=17, acc=0.85, time=1.0006580352783203
25-08-2022 14:55:40|INFO|Is groups None: True 
25-08-2022 14:55:41|INFO|9/10|grid.best_params_={'svc__C': 100.0, 'svc__gamma': 0.001, 'svc__kernel': 'rbf', 'svc__max_iter': 1000}, grid.best_score_=0.8, grid.best_index_=17, acc=0.7, time=0.9919986724853516
25-08-2022 14:55:41|INFO|Is groups None: True 
25-08-2022 14:55:42|INFO|10/10|grid.best_params_={'svc__C': 100000000.0, 'svc__gamma': 1e-09, 'svc__kernel': 'rbf', 'svc__max_iter': 1000}, grid.best_score_=0.7611111111111112, grid.best_index_=35, acc=0.8, time=0.9903998374938965
25-08-2022 14:55:42|INFO|s09|10-CV=0.76000|STD=0.08602|Time spend=10.543161869049072
25-08-2022 14:55:42|INFO|Running Split-First
25-08-2022 14:55:42|INFO|X.shape=(200, 160), y.shape=(200,), groups.shape=(200,)
25-08-2022 14:55:42|INFO|Is groups None: True 
25-08-2022 14:55:43|INFO|1/10|grid.best_params_={'svc__C': 1000000.0, 'svc__gamma': 1e-07, 'svc__kernel': 'rbf', 'svc__max_iter': 1000}, grid.best_score_=0.7944444444444445, grid.best_index_=29, acc=0.75, time=0.9992032051086426
25-08-2022 14:55:43|INFO|Is groups None: True 
25-08-2022 14:55:44|INFO|2/10|grid.best_params_={'svc__C': 100.0, 'svc__gamma': 0.001, 'svc__kernel': 'rbf', 'svc__max_iter': 1000}, grid.best_score_=0.8166666666666668, grid.best_index_=17, acc=0.7, time=0.9903926849365234
25-08-2022 14:55:44|INFO|Is groups None: True 
25-08-2022 14:55:45|INFO|3/10|grid.best_params_={'svc__C': 10000.0, 'svc__gamma': 1e-05, 'svc__kernel': 'rbf', 'svc__max_iter': 1000}, grid.best_score_=0.788888888888889, grid.best_index_=23, acc=0.85, time=1.0348081588745117
25-08-2022 14:55:45|INFO|Is groups None: True 
25-08-2022 14:55:46|INFO|4/10|grid.best_params_={'svc__C': 10000.0, 'svc__gamma': 1e-05, 'svc__kernel': 'rbf', 'svc__max_iter': 1000}, grid.best_score_=0.7999999999999999, grid.best_index_=23, acc=0.65, time=1.0767536163330078
25-08-2022 14:55:46|INFO|Is groups None: True 
25-08-2022 14:55:48|INFO|5/10|grid.best_params_={'svc__C': 10000.0, 'svc__gamma': 1e-05, 'svc__kernel': 'rbf', 'svc__max_iter': 1000}, grid.best_score_=0.7722222222222224, grid.best_index_=23, acc=0.8, time=1.1099414825439453
25-08-2022 14:55:48|INFO|Is groups None: True 
25-08-2022 14:55:49|INFO|6/10|grid.best_params_={'svc__C': 10000.0, 'svc__gamma': 1e-05, 'svc__kernel': 'rbf', 'svc__max_iter': 1000}, grid.best_score_=0.7722222222222223, grid.best_index_=23, acc=0.8, time=1.1541237831115723
25-08-2022 14:55:49|INFO|Is groups None: True 
25-08-2022 14:55:50|INFO|7/10|grid.best_params_={'svc__C': 100.0, 'svc__gamma': 0.001, 'svc__kernel': 'rbf', 'svc__max_iter': 1000}, grid.best_score_=0.7944444444444445, grid.best_index_=17, acc=0.7, time=1.2229411602020264
25-08-2022 14:55:50|INFO|Is groups None: True 
25-08-2022 14:55:51|INFO|8/10|grid.best_params_={'svc__C': 10000.0, 'svc__gamma': 1e-05, 'svc__kernel': 'rbf', 'svc__max_iter': 1000}, grid.best_score_=0.8111111111111111, grid.best_index_=23, acc=0.8, time=1.086885929107666
25-08-2022 14:55:51|INFO|Is groups None: True 
25-08-2022 14:55:52|INFO|9/10|grid.best_params_={'svc__C': 10000.0, 'svc__gamma': 1e-05, 'svc__kernel': 'rbf', 'svc__max_iter': 1000}, grid.best_score_=0.7833333333333333, grid.best_index_=23, acc=0.7, time=1.1036384105682373
25-08-2022 14:55:52|INFO|Is groups None: True 
25-08-2022 14:55:53|INFO|10/10|grid.best_params_={'svc__C': 100.0, 'svc__gamma': 0.001, 'svc__kernel': 'rbf', 'svc__max_iter': 1000}, grid.best_score_=0.7999999999999999, grid.best_index_=17, acc=0.65, time=1.1645166873931885
25-08-2022 14:55:53|INFO|s10|10-CV=0.74000|STD=0.06633|Time spend=11.550307512283325
25-08-2022 14:55:54|INFO|Running Split-First
25-08-2022 14:55:54|INFO|X.shape=(200, 160), y.shape=(200,), groups.shape=(200,)
25-08-2022 14:55:54|INFO|Is groups None: True 
25-08-2022 14:55:55|INFO|1/10|grid.best_params_={'svc__C': 10000.0, 'svc__gamma': 1e-05, 'svc__kernel': 'rbf', 'svc__max_iter': 1000}, grid.best_score_=0.7055555555555556, grid.best_index_=23, acc=0.7, time=1.0941555500030518
25-08-2022 14:55:55|INFO|Is groups None: True 
25-08-2022 14:55:56|INFO|2/10|grid.best_params_={'svc__C': 10000.0, 'svc__gamma': 1e-05, 'svc__kernel': 'rbf', 'svc__max_iter': 1000}, grid.best_score_=0.6888888888888888, grid.best_index_=23, acc=0.75, time=1.1249046325683594
25-08-2022 14:55:56|INFO|Is groups None: True 
25-08-2022 14:55:57|INFO|3/10|grid.best_params_={'svc__C': 1000000.0, 'svc__gamma': 1e-07, 'svc__kernel': 'rbf', 'svc__max_iter': 1000}, grid.best_score_=0.6777777777777777, grid.best_index_=29, acc=0.7, time=1.1207664012908936
25-08-2022 14:55:57|INFO|Is groups None: True 
25-08-2022 14:55:58|INFO|4/10|grid.best_params_={'svc__C': 10000.0, 'svc__gamma': 1e-05, 'svc__kernel': 'rbf', 'svc__max_iter': 1000}, grid.best_score_=0.7277777777777777, grid.best_index_=23, acc=0.6, time=1.1807472705841064
25-08-2022 14:55:58|INFO|Is groups None: True 
25-08-2022 14:55:59|INFO|5/10|grid.best_params_={'svc__C': 10000.0, 'svc__gamma': 1e-05, 'svc__kernel': 'rbf', 'svc__max_iter': 1000}, grid.best_score_=0.6722222222222222, grid.best_index_=23, acc=0.7, time=1.0451970100402832
25-08-2022 14:55:59|INFO|Is groups None: True 
25-08-2022 14:56:01|INFO|6/10|grid.best_params_={'svc__C': 10000.0, 'svc__gamma': 1e-05, 'svc__kernel': 'rbf', 'svc__max_iter': 1000}, grid.best_score_=0.7277777777777777, grid.best_index_=23, acc=0.65, time=1.211517095565796
25-08-2022 14:56:01|INFO|Is groups None: True 
25-08-2022 14:56:02|INFO|7/10|grid.best_params_={'svc__C': 10000.0, 'svc__gamma': 1e-05, 'svc__kernel': 'rbf', 'svc__max_iter': 1000}, grid.best_score_=0.7, grid.best_index_=23, acc=0.65, time=1.0040884017944336
25-08-2022 14:56:02|INFO|Is groups None: True 
25-08-2022 14:56:03|INFO|8/10|grid.best_params_={'svc__C': 1000000.0, 'svc__gamma': 1e-07, 'svc__kernel': 'rbf', 'svc__max_iter': 1000}, grid.best_score_=0.75, grid.best_index_=29, acc=0.5, time=0.9995901584625244
25-08-2022 14:56:03|INFO|Is groups None: True 
25-08-2022 14:56:04|INFO|9/10|grid.best_params_={'svc__C': 1000000.0, 'svc__gamma': 1e-07, 'svc__kernel': 'rbf', 'svc__max_iter': 1000}, grid.best_score_=0.6777777777777778, grid.best_index_=29, acc=0.75, time=1.0709161758422852
25-08-2022 14:56:04|INFO|Is groups None: True 
25-08-2022 14:56:05|INFO|10/10|grid.best_params_={'svc__C': 1000000.0, 'svc__gamma': 1e-07, 'svc__kernel': 'rbf', 'svc__max_iter': 1000}, grid.best_score_=0.6777777777777778, grid.best_index_=29, acc=0.75, time=1.0216140747070312
25-08-2022 14:56:05|INFO|s11|10-CV=0.67500|STD=0.07500|Time spend=11.48787522315979
25-08-2022 14:56:05|INFO|Running Split-First
25-08-2022 14:56:05|INFO|X.shape=(200, 160), y.shape=(200,), groups.shape=(200,)
25-08-2022 14:56:05|INFO|Is groups None: True 
25-08-2022 14:56:06|INFO|1/10|grid.best_params_={'svc__C': 1.0, 'svc__gamma': 0.001, 'svc__kernel': 'rbf', 'svc__max_iter': 1000}, grid.best_score_=0.6388888888888888, grid.best_index_=10, acc=0.7, time=0.9823195934295654
25-08-2022 14:56:06|INFO|Is groups None: True 
25-08-2022 14:56:07|INFO|2/10|grid.best_params_={'svc__C': 1000000.0, 'svc__gamma': 1e-07, 'svc__kernel': 'rbf', 'svc__max_iter': 1000}, grid.best_score_=0.6777777777777777, grid.best_index_=29, acc=0.55, time=1.0060992240905762
25-08-2022 14:56:07|INFO|Is groups None: True 
25-08-2022 14:56:08|INFO|3/10|grid.best_params_={'svc__C': 10000000000.0, 'svc__gamma': 1e-09, 'svc__kernel': 'rbf', 'svc__max_iter': 1000}, grid.best_score_=0.6833333333333333, grid.best_index_=42, acc=0.65, time=1.0211031436920166
25-08-2022 14:56:08|INFO|Is groups None: True 
25-08-2022 14:56:09|INFO|4/10|grid.best_params_={'svc__C': 100000000.0, 'svc__gamma': 1e-09, 'svc__kernel': 'rbf', 'svc__max_iter': 1000}, grid.best_score_=0.6611111111111111, grid.best_index_=35, acc=0.7, time=1.0081806182861328
25-08-2022 14:56:09|INFO|Is groups None: True 
25-08-2022 14:56:10|INFO|5/10|grid.best_params_={'svc__C': 100000000.0, 'svc__gamma': 1e-09, 'svc__kernel': 'rbf', 'svc__max_iter': 1000}, grid.best_score_=0.6833333333333335, grid.best_index_=35, acc=0.55, time=1.0046114921569824
25-08-2022 14:56:10|INFO|Is groups None: True 
25-08-2022 14:56:11|INFO|6/10|grid.best_params_={'svc__C': 1.0, 'svc__gamma': 0.001, 'svc__kernel': 'rbf', 'svc__max_iter': 1000}, grid.best_score_=0.6555555555555556, grid.best_index_=10, acc=0.75, time=1.0008254051208496
25-08-2022 14:56:11|INFO|Is groups None: True 
25-08-2022 14:56:12|INFO|7/10|grid.best_params_={'svc__C': 10000000000.0, 'svc__gamma': 1e-09, 'svc__kernel': 'rbf', 'svc__max_iter': 1000}, grid.best_score_=0.6555555555555554, grid.best_index_=42, acc=0.45, time=1.0154917240142822
25-08-2022 14:56:12|INFO|Is groups None: True 
25-08-2022 14:56:14|INFO|8/10|grid.best_params_={'svc__C': 1000000.0, 'svc__gamma': 1e-09, 'svc__kernel': 'rbf', 'svc__max_iter': 1000}, grid.best_score_=0.6333333333333333, grid.best_index_=28, acc=0.7, time=1.0740447044372559
25-08-2022 14:56:14|INFO|Is groups None: True 
25-08-2022 14:56:15|INFO|9/10|grid.best_params_={'svc__C': 1.0, 'svc__gamma': 0.001, 'svc__kernel': 'rbf', 'svc__max_iter': 1000}, grid.best_score_=0.7000000000000001, grid.best_index_=10, acc=0.45, time=1.019139289855957
25-08-2022 14:56:15|INFO|Is groups None: True 
25-08-2022 14:56:16|INFO|10/10|grid.best_params_={'svc__C': 1.0, 'svc__gamma': 0.001, 'svc__kernel': 'rbf', 'svc__max_iter': 1000}, grid.best_score_=0.6444444444444445, grid.best_index_=10, acc=0.7, time=1.0550663471221924
25-08-2022 14:56:16|INFO|s12|10-CV=0.62000|STD=0.10536|Time spend=10.825664043426514
25-08-2022 14:56:16|INFO|Running Split-First
25-08-2022 14:56:16|INFO|X.shape=(200, 160), y.shape=(200,), groups.shape=(200,)
25-08-2022 14:56:16|INFO|Is groups None: True 
25-08-2022 14:56:17|INFO|1/10|grid.best_params_={'svc__C': 1000000.0, 'svc__gamma': 1e-09, 'svc__kernel': 'rbf', 'svc__max_iter': 1000}, grid.best_score_=0.8111111111111111, grid.best_index_=28, acc=0.75, time=0.9311530590057373
25-08-2022 14:56:17|INFO|Is groups None: True 
25-08-2022 14:56:18|INFO|2/10|grid.best_params_={'svc__C': 100000000.0, 'svc__gamma': 1e-09, 'svc__kernel': 'rbf', 'svc__max_iter': 1000}, grid.best_score_=0.8111111111111111, grid.best_index_=35, acc=0.75, time=1.014284610748291
25-08-2022 14:56:18|INFO|Is groups None: True 
25-08-2022 14:56:19|INFO|3/10|grid.best_params_={'svc__C': 1000000.0, 'svc__gamma': 1e-09, 'svc__kernel': 'rbf', 'svc__max_iter': 1000}, grid.best_score_=0.7999999999999999, grid.best_index_=28, acc=0.8, time=0.9941098690032959
25-08-2022 14:56:19|INFO|Is groups None: True 
25-08-2022 14:56:20|INFO|4/10|grid.best_params_={'svc__C': 1000000.0, 'svc__gamma': 1e-09, 'svc__kernel': 'rbf', 'svc__max_iter': 1000}, grid.best_score_=0.8222222222222223, grid.best_index_=28, acc=0.7, time=0.9894957542419434
25-08-2022 14:56:20|INFO|Is groups None: True 
25-08-2022 14:56:21|INFO|5/10|grid.best_params_={'svc__C': 1000000.0, 'svc__gamma': 1e-09, 'svc__kernel': 'rbf', 'svc__max_iter': 1000}, grid.best_score_=0.7944444444444445, grid.best_index_=28, acc=0.9, time=0.9728491306304932
25-08-2022 14:56:21|INFO|Is groups None: True 
25-08-2022 14:56:22|INFO|6/10|grid.best_params_={'svc__C': 10000000000.0, 'svc__gamma': 1e-09, 'svc__kernel': 'rbf', 'svc__max_iter': 1000}, grid.best_score_=0.8222222222222223, grid.best_index_=42, acc=0.75, time=0.9833977222442627
25-08-2022 14:56:22|INFO|Is groups None: True 
25-08-2022 14:56:23|INFO|7/10|grid.best_params_={'svc__C': 100.0, 'svc__gamma': 1e-05, 'svc__kernel': 'rbf', 'svc__max_iter': 1000}, grid.best_score_=0.7888888888888889, grid.best_index_=16, acc=0.9, time=1.0107169151306152
25-08-2022 14:56:23|INFO|Is groups None: True 
25-08-2022 14:56:24|INFO|8/10|grid.best_params_={'svc__C': 1000000.0, 'svc__gamma': 1e-09, 'svc__kernel': 'rbf', 'svc__max_iter': 1000}, grid.best_score_=0.8111111111111111, grid.best_index_=28, acc=0.7, time=0.9864020347595215
25-08-2022 14:56:24|INFO|Is groups None: True 
25-08-2022 14:56:25|INFO|9/10|grid.best_params_={'svc__C': 10000000000.0, 'svc__gamma': 1e-09, 'svc__kernel': 'rbf', 'svc__max_iter': 1000}, grid.best_score_=0.7833333333333334, grid.best_index_=42, acc=0.95, time=0.9906637668609619
25-08-2022 14:56:25|INFO|Is groups None: True 
25-08-2022 14:56:26|INFO|10/10|grid.best_params_={'svc__C': 100.0, 'svc__gamma': 1e-05, 'svc__kernel': 'rbf', 'svc__max_iter': 1000}, grid.best_score_=0.8111111111111111, grid.best_index_=16, acc=0.75, time=0.9658348560333252
25-08-2022 14:56:26|INFO|s13|10-CV=0.79500|STD=0.08500|Time spend=10.420211553573608
25-08-2022 14:56:27|INFO|Running Split-First
25-08-2022 14:56:27|INFO|X.shape=(200, 160), y.shape=(200,), groups.shape=(200,)
25-08-2022 14:56:27|INFO|Is groups None: True 
25-08-2022 14:56:28|INFO|1/10|grid.best_params_={'svc__C': 10000.0, 'svc__gamma': 1e-05, 'svc__kernel': 'rbf', 'svc__max_iter': 1000}, grid.best_score_=0.8, grid.best_index_=23, acc=0.65, time=0.9614183902740479
25-08-2022 14:56:28|INFO|Is groups None: True 
25-08-2022 14:56:29|INFO|2/10|grid.best_params_={'svc__C': 1000000.0, 'svc__gamma': 1e-07, 'svc__kernel': 'rbf', 'svc__max_iter': 1000}, grid.best_score_=0.7888888888888889, grid.best_index_=29, acc=0.4, time=1.0267693996429443
25-08-2022 14:56:29|INFO|Is groups None: True 
25-08-2022 14:56:30|INFO|3/10|grid.best_params_={'svc__C': 1.0, 'svc__gamma': 0.001, 'svc__kernel': 'rbf', 'svc__max_iter': 1000}, grid.best_score_=0.7166666666666667, grid.best_index_=10, acc=0.8, time=1.0086355209350586
25-08-2022 14:56:30|INFO|Is groups None: True 
25-08-2022 14:56:31|INFO|4/10|grid.best_params_={'svc__C': 10000.0, 'svc__gamma': 1e-05, 'svc__kernel': 'rbf', 'svc__max_iter': 1000}, grid.best_score_=0.7611111111111112, grid.best_index_=23, acc=0.7, time=0.9774281978607178
25-08-2022 14:56:31|INFO|Is groups None: True 
25-08-2022 14:56:32|INFO|5/10|grid.best_params_={'svc__C': 100000000.0, 'svc__gamma': 1e-09, 'svc__kernel': 'rbf', 'svc__max_iter': 1000}, grid.best_score_=0.7222222222222223, grid.best_index_=35, acc=0.9, time=0.9830894470214844
25-08-2022 14:56:32|INFO|Is groups None: True 
25-08-2022 14:56:33|INFO|6/10|grid.best_params_={'svc__C': 100.0, 'svc__gamma': 0.001, 'svc__kernel': 'rbf', 'svc__max_iter': 1000}, grid.best_score_=0.7222222222222222, grid.best_index_=17, acc=0.7, time=0.9776015281677246
25-08-2022 14:56:33|INFO|Is groups None: True 
25-08-2022 14:56:34|INFO|7/10|grid.best_params_={'svc__C': 100000000.0, 'svc__gamma': 1e-09, 'svc__kernel': 'rbf', 'svc__max_iter': 1000}, grid.best_score_=0.7277777777777777, grid.best_index_=35, acc=0.8, time=1.0224425792694092
25-08-2022 14:56:34|INFO|Is groups None: True 
25-08-2022 14:56:35|INFO|8/10|grid.best_params_={'svc__C': 1.0, 'svc__gamma': 0.001, 'svc__kernel': 'rbf', 'svc__max_iter': 1000}, grid.best_score_=0.7222222222222222, grid.best_index_=10, acc=0.75, time=0.9937219619750977
25-08-2022 14:56:35|INFO|Is groups None: True 
25-08-2022 14:56:36|INFO|9/10|grid.best_params_={'svc__C': 1.0, 'svc__gamma': 0.001, 'svc__kernel': 'rbf', 'svc__max_iter': 1000}, grid.best_score_=0.7055555555555556, grid.best_index_=10, acc=0.9, time=0.9889805316925049
25-08-2022 14:56:36|INFO|Is groups None: True 
25-08-2022 14:56:37|INFO|10/10|grid.best_params_={'svc__C': 10000000000.0, 'svc__gamma': 1e-09, 'svc__kernel': 'rbf', 'svc__max_iter': 1000}, grid.best_score_=0.7611111111111112, grid.best_index_=42, acc=0.75, time=0.991910457611084
25-08-2022 14:56:37|INFO|s14|10-CV=0.73500|STD=0.13611|Time spend=10.542085647583008
25-08-2022 14:56:37|INFO|Running Split-First
25-08-2022 14:56:37|INFO|X.shape=(200, 160), y.shape=(200,), groups.shape=(200,)
25-08-2022 14:56:37|INFO|Is groups None: True 
25-08-2022 14:56:38|INFO|1/10|grid.best_params_={'svc__C': 1000000.0, 'svc__gamma': 1e-07, 'svc__kernel': 'rbf', 'svc__max_iter': 1000}, grid.best_score_=0.8166666666666668, grid.best_index_=29, acc=0.8, time=0.9958224296569824
25-08-2022 14:56:38|INFO|Is groups None: True 
25-08-2022 14:56:39|INFO|2/10|grid.best_params_={'svc__C': 1000000.0, 'svc__gamma': 1e-07, 'svc__kernel': 'rbf', 'svc__max_iter': 1000}, grid.best_score_=0.8333333333333335, grid.best_index_=29, acc=0.8, time=0.9809348583221436
25-08-2022 14:56:39|INFO|Is groups None: True 
25-08-2022 14:56:40|INFO|3/10|grid.best_params_={'svc__C': 100.0, 'svc__gamma': 0.001, 'svc__kernel': 'rbf', 'svc__max_iter': 1000}, grid.best_score_=0.838888888888889, grid.best_index_=17, acc=0.85, time=0.983881950378418
25-08-2022 14:56:40|INFO|Is groups None: True 
25-08-2022 14:56:41|INFO|4/10|grid.best_params_={'svc__C': 1000000.0, 'svc__gamma': 1e-07, 'svc__kernel': 'rbf', 'svc__max_iter': 1000}, grid.best_score_=0.8555555555555556, grid.best_index_=29, acc=0.65, time=0.9656679630279541
25-08-2022 14:56:41|INFO|Is groups None: True 
25-08-2022 14:56:42|INFO|5/10|grid.best_params_={'svc__C': 1000000.0, 'svc__gamma': 1e-05, 'svc__kernel': 'rbf', 'svc__max_iter': 1000}, grid.best_score_=0.8055555555555556, grid.best_index_=30, acc=0.95, time=0.9799680709838867
25-08-2022 14:56:42|INFO|Is groups None: True 
25-08-2022 14:56:43|INFO|6/10|grid.best_params_={'svc__C': 100000000.0, 'svc__gamma': 1e-09, 'svc__kernel': 'rbf', 'svc__max_iter': 1000}, grid.best_score_=0.8388888888888889, grid.best_index_=35, acc=0.7, time=1.0550837516784668
25-08-2022 14:56:43|INFO|Is groups None: True 
25-08-2022 14:56:44|INFO|7/10|grid.best_params_={'svc__C': 10000.0, 'svc__gamma': 1e-05, 'svc__kernel': 'rbf', 'svc__max_iter': 1000}, grid.best_score_=0.8166666666666667, grid.best_index_=23, acc=0.85, time=1.0143828392028809
25-08-2022 14:56:44|INFO|Is groups None: True 
25-08-2022 14:56:45|INFO|8/10|grid.best_params_={'svc__C': 10000.0, 'svc__gamma': 1e-05, 'svc__kernel': 'rbf', 'svc__max_iter': 1000}, grid.best_score_=0.8444444444444444, grid.best_index_=23, acc=0.8, time=0.9650967121124268
25-08-2022 14:56:45|INFO|Is groups None: True 
25-08-2022 14:56:46|INFO|9/10|grid.best_params_={'svc__C': 100.0, 'svc__gamma': 0.001, 'svc__kernel': 'rbf', 'svc__max_iter': 1000}, grid.best_score_=0.8277777777777778, grid.best_index_=17, acc=0.9, time=0.977226734161377
25-08-2022 14:56:46|INFO|Is groups None: True 
25-08-2022 14:56:47|INFO|10/10|grid.best_params_={'svc__C': 10000.0, 'svc__gamma': 0.001, 'svc__kernel': 'rbf', 'svc__max_iter': 1000}, grid.best_score_=0.8277777777777778, grid.best_index_=24, acc=0.7, time=0.9860422611236572
25-08-2022 14:56:47|INFO|s15|10-CV=0.80000|STD=0.08944|Time spend=10.519030570983887
25-08-2022 14:56:48|INFO|Running Split-First
25-08-2022 14:56:48|INFO|X.shape=(200, 160), y.shape=(200,), groups.shape=(200,)
25-08-2022 14:56:48|INFO|Is groups None: True 
25-08-2022 14:56:49|INFO|1/10|grid.best_params_={'svc__C': 100.0, 'svc__gamma': 1e-05, 'svc__kernel': 'rbf', 'svc__max_iter': 1000}, grid.best_score_=0.7166666666666666, grid.best_index_=16, acc=0.75, time=0.9887831211090088
25-08-2022 14:56:49|INFO|Is groups None: True 
25-08-2022 14:56:50|INFO|2/10|grid.best_params_={'svc__C': 10000000000.0, 'svc__gamma': 1e-09, 'svc__kernel': 'rbf', 'svc__max_iter': 1000}, grid.best_score_=0.7555555555555556, grid.best_index_=42, acc=0.6, time=1.020766258239746
25-08-2022 14:56:50|INFO|Is groups None: True 
25-08-2022 14:56:51|INFO|3/10|grid.best_params_={'svc__C': 100000000.0, 'svc__gamma': 1e-09, 'svc__kernel': 'rbf', 'svc__max_iter': 1000}, grid.best_score_=0.711111111111111, grid.best_index_=35, acc=0.85, time=0.9966156482696533
25-08-2022 14:56:51|INFO|Is groups None: True 
25-08-2022 14:56:52|INFO|4/10|grid.best_params_={'svc__C': 1.0, 'svc__gamma': 0.001, 'svc__kernel': 'rbf', 'svc__max_iter': 1000}, grid.best_score_=0.7388888888888888, grid.best_index_=10, acc=0.6, time=0.9822292327880859
25-08-2022 14:56:52|INFO|Is groups None: True 
25-08-2022 14:56:53|INFO|5/10|grid.best_params_={'svc__C': 10000000000.0, 'svc__gamma': 1e-09, 'svc__kernel': 'rbf', 'svc__max_iter': 1000}, grid.best_score_=0.7166666666666667, grid.best_index_=42, acc=0.8, time=1.0054731369018555
25-08-2022 14:56:53|INFO|Is groups None: True 
25-08-2022 14:56:54|INFO|6/10|grid.best_params_={'svc__C': 1000000.0, 'svc__gamma': 1e-09, 'svc__kernel': 'rbf', 'svc__max_iter': 1000}, grid.best_score_=0.7166666666666667, grid.best_index_=28, acc=0.7, time=1.0068771839141846
25-08-2022 14:56:54|INFO|Is groups None: True 
25-08-2022 14:56:55|INFO|7/10|grid.best_params_={'svc__C': 100000000.0, 'svc__gamma': 1e-09, 'svc__kernel': 'rbf', 'svc__max_iter': 1000}, grid.best_score_=0.7111111111111112, grid.best_index_=35, acc=0.7, time=0.9677019119262695
25-08-2022 14:56:55|INFO|Is groups None: True 
25-08-2022 14:56:56|INFO|8/10|grid.best_params_={'svc__C': 100.0, 'svc__gamma': 1e-05, 'svc__kernel': 'rbf', 'svc__max_iter': 1000}, grid.best_score_=0.7166666666666668, grid.best_index_=16, acc=0.65, time=0.995307207107544
25-08-2022 14:56:56|INFO|Is groups None: True 
25-08-2022 14:56:57|INFO|9/10|grid.best_params_={'svc__C': 100.0, 'svc__gamma': 1e-05, 'svc__kernel': 'rbf', 'svc__max_iter': 1000}, grid.best_score_=0.6777777777777777, grid.best_index_=16, acc=0.8, time=0.9865374565124512
25-08-2022 14:56:57|INFO|Is groups None: True 
25-08-2022 14:56:58|INFO|10/10|grid.best_params_={'svc__C': 1000000.0, 'svc__gamma': 1e-09, 'svc__kernel': 'rbf', 'svc__max_iter': 1000}, grid.best_score_=0.7055555555555556, grid.best_index_=28, acc=0.7, time=0.9830152988433838
25-08-2022 14:56:58|INFO|s16|10-CV=0.71500|STD=0.08078|Time spend=10.588756561279297
25-08-2022 14:56:58|INFO|Running Split-First
25-08-2022 14:56:58|INFO|X.shape=(200, 160), y.shape=(200,), groups.shape=(200,)
25-08-2022 14:56:58|INFO|Is groups None: True 
25-08-2022 14:56:59|INFO|1/10|grid.best_params_={'svc__C': 10000.0, 'svc__gamma': 0.001, 'svc__kernel': 'rbf', 'svc__max_iter': 1000}, grid.best_score_=0.6111111111111112, grid.best_index_=24, acc=0.55, time=0.9971001148223877
25-08-2022 14:56:59|INFO|Is groups None: True 
25-08-2022 14:57:01|INFO|2/10|grid.best_params_={'svc__C': 1000000.0, 'svc__gamma': 1e-05, 'svc__kernel': 'rbf', 'svc__max_iter': 1000}, grid.best_score_=0.6111111111111112, grid.best_index_=30, acc=0.55, time=1.2458271980285645
25-08-2022 14:57:01|INFO|Is groups None: True 
25-08-2022 14:57:02|INFO|3/10|grid.best_params_={'svc__C': 1000000.0, 'svc__gamma': 1e-05, 'svc__kernel': 'rbf', 'svc__max_iter': 1000}, grid.best_score_=0.6333333333333333, grid.best_index_=30, acc=0.6, time=1.041628360748291
25-08-2022 14:57:02|INFO|Is groups None: True 
25-08-2022 14:57:03|INFO|4/10|grid.best_params_={'svc__C': 10000000000.0, 'svc__gamma': 1e-09, 'svc__kernel': 'rbf', 'svc__max_iter': 1000}, grid.best_score_=0.5944444444444446, grid.best_index_=42, acc=0.55, time=1.017960786819458
25-08-2022 14:57:03|INFO|Is groups None: True 
25-08-2022 14:57:04|INFO|5/10|grid.best_params_={'svc__C': 1000000.0, 'svc__gamma': 1e-05, 'svc__kernel': 'rbf', 'svc__max_iter': 1000}, grid.best_score_=0.6444444444444445, grid.best_index_=30, acc=0.55, time=1.0925931930541992
25-08-2022 14:57:04|INFO|Is groups None: True 
25-08-2022 14:57:05|INFO|6/10|grid.best_params_={'svc__C': 1000000.0, 'svc__gamma': 1e-05, 'svc__kernel': 'rbf', 'svc__max_iter': 1000}, grid.best_score_=0.65, grid.best_index_=30, acc=0.5, time=1.045663833618164
25-08-2022 14:57:05|INFO|Is groups None: True 
25-08-2022 14:57:06|INFO|7/10|grid.best_params_={'svc__C': 1000000.0, 'svc__gamma': 1e-05, 'svc__kernel': 'rbf', 'svc__max_iter': 1000}, grid.best_score_=0.6166666666666667, grid.best_index_=30, acc=0.75, time=1.0359523296356201
25-08-2022 14:57:06|INFO|Is groups None: True 
25-08-2022 14:57:07|INFO|8/10|grid.best_params_={'svc__C': 10000000000.0, 'svc__gamma': 1e-09, 'svc__kernel': 'rbf', 'svc__max_iter': 1000}, grid.best_score_=0.6333333333333333, grid.best_index_=42, acc=0.6, time=1.0250108242034912
25-08-2022 14:57:07|INFO|Is groups None: True 
25-08-2022 14:57:08|INFO|9/10|grid.best_params_={'svc__C': 10000.0, 'svc__gamma': 0.001, 'svc__kernel': 'rbf', 'svc__max_iter': 1000}, grid.best_score_=0.6555555555555556, grid.best_index_=24, acc=0.45, time=1.0336940288543701
25-08-2022 14:57:08|INFO|Is groups None: True 
25-08-2022 14:57:09|INFO|10/10|grid.best_params_={'svc__C': 10000000000.0, 'svc__gamma': 1e-09, 'svc__kernel': 'rbf', 'svc__max_iter': 1000}, grid.best_score_=0.6166666666666667, grid.best_index_=42, acc=0.45, time=1.080763816833496
25-08-2022 14:57:09|INFO|s17|10-CV=0.55500|STD=0.08201|Time spend=11.282091856002808
25-08-2022 14:57:10|INFO|Running Split-First
25-08-2022 14:57:10|INFO|X.shape=(200, 160), y.shape=(200,), groups.shape=(200,)
25-08-2022 14:57:10|INFO|Is groups None: True 
25-08-2022 14:57:10|INFO|1/10|grid.best_params_={'svc__C': 100.0, 'svc__gamma': 0.001, 'svc__kernel': 'rbf', 'svc__max_iter': 1000}, grid.best_score_=0.8, grid.best_index_=17, acc=0.8, time=0.9421207904815674
25-08-2022 14:57:10|INFO|Is groups None: True 
25-08-2022 14:57:11|INFO|2/10|grid.best_params_={'svc__C': 10000000000.0, 'svc__gamma': 1e-09, 'svc__kernel': 'rbf', 'svc__max_iter': 1000}, grid.best_score_=0.8222222222222222, grid.best_index_=42, acc=0.7, time=0.9343349933624268
25-08-2022 14:57:11|INFO|Is groups None: True 
25-08-2022 14:57:12|INFO|3/10|grid.best_params_={'svc__C': 1000000.0, 'svc__gamma': 1e-09, 'svc__kernel': 'rbf', 'svc__max_iter': 1000}, grid.best_score_=0.7777777777777779, grid.best_index_=28, acc=0.8, time=0.9403610229492188
25-08-2022 14:57:12|INFO|Is groups None: True 
25-08-2022 14:57:13|INFO|4/10|grid.best_params_={'svc__C': 100.0, 'svc__gamma': 0.001, 'svc__kernel': 'rbf', 'svc__max_iter': 1000}, grid.best_score_=0.8111111111111111, grid.best_index_=17, acc=0.65, time=0.9836037158966064
25-08-2022 14:57:13|INFO|Is groups None: True 
25-08-2022 14:57:14|INFO|5/10|grid.best_params_={'svc__C': 10000.0, 'svc__gamma': 0.001, 'svc__kernel': 'rbf', 'svc__max_iter': 1000}, grid.best_score_=0.7944444444444445, grid.best_index_=24, acc=0.8, time=0.9867832660675049
25-08-2022 14:57:14|INFO|Is groups None: True 
25-08-2022 14:57:15|INFO|6/10|grid.best_params_={'svc__C': 100.0, 'svc__gamma': 0.001, 'svc__kernel': 'rbf', 'svc__max_iter': 1000}, grid.best_score_=0.8222222222222223, grid.best_index_=17, acc=0.65, time=0.9577782154083252
25-08-2022 14:57:15|INFO|Is groups None: True 
25-08-2022 14:57:16|INFO|7/10|grid.best_params_={'svc__C': 1000000.0, 'svc__gamma': 1e-07, 'svc__kernel': 'rbf', 'svc__max_iter': 1000}, grid.best_score_=0.7999999999999999, grid.best_index_=29, acc=0.9, time=1.0015461444854736
25-08-2022 14:57:16|INFO|Is groups None: True 
25-08-2022 14:57:17|INFO|8/10|grid.best_params_={'svc__C': 100.0, 'svc__gamma': 1e-05, 'svc__kernel': 'rbf', 'svc__max_iter': 1000}, grid.best_score_=0.8, grid.best_index_=16, acc=0.65, time=0.9452810287475586
25-08-2022 14:57:17|INFO|Is groups None: True 
25-08-2022 14:57:18|INFO|9/10|grid.best_params_={'svc__C': 10000000000.0, 'svc__gamma': 1e-09, 'svc__kernel': 'rbf', 'svc__max_iter': 1000}, grid.best_score_=0.7833333333333333, grid.best_index_=42, acc=0.9, time=1.024928331375122
25-08-2022 14:57:18|INFO|Is groups None: True 
25-08-2022 14:57:19|INFO|10/10|grid.best_params_={'svc__C': 10000.0, 'svc__gamma': 0.001, 'svc__kernel': 'rbf', 'svc__max_iter': 1000}, grid.best_score_=0.8055555555555556, grid.best_index_=24, acc=0.75, time=0.9601380825042725
25-08-2022 14:57:19|INFO|s18|10-CV=0.76000|STD=0.09165|Time spend=10.291977643966675
25-08-2022 14:57:20|INFO|Running Split-First
25-08-2022 14:57:20|INFO|X.shape=(200, 160), y.shape=(200,), groups.shape=(200,)
25-08-2022 14:57:20|INFO|Is groups None: True 
25-08-2022 14:57:21|INFO|1/10|grid.best_params_={'svc__C': 100.0, 'svc__gamma': 0.001, 'svc__kernel': 'rbf', 'svc__max_iter': 1000}, grid.best_score_=0.7055555555555555, grid.best_index_=17, acc=0.7, time=1.108229160308838
25-08-2022 14:57:21|INFO|Is groups None: True 
25-08-2022 14:57:22|INFO|2/10|grid.best_params_={'svc__C': 100.0, 'svc__gamma': 1e-05, 'svc__kernel': 'rbf', 'svc__max_iter': 1000}, grid.best_score_=0.6944444444444443, grid.best_index_=16, acc=0.6, time=1.0317718982696533
25-08-2022 14:57:22|INFO|Is groups None: True 
25-08-2022 14:57:23|INFO|3/10|grid.best_params_={'svc__C': 10000.0, 'svc__gamma': 1e-05, 'svc__kernel': 'rbf', 'svc__max_iter': 1000}, grid.best_score_=0.6722222222222223, grid.best_index_=23, acc=0.75, time=1.0158052444458008
25-08-2022 14:57:23|INFO|Is groups None: True 
25-08-2022 14:57:24|INFO|4/10|grid.best_params_={'svc__C': 100000000.0, 'svc__gamma': 1e-09, 'svc__kernel': 'rbf', 'svc__max_iter': 1000}, grid.best_score_=0.7055555555555555, grid.best_index_=35, acc=0.55, time=1.0117828845977783
25-08-2022 14:57:24|INFO|Is groups None: True 
25-08-2022 14:57:25|INFO|5/10|grid.best_params_={'svc__C': 100.0, 'svc__gamma': 0.001, 'svc__kernel': 'rbf', 'svc__max_iter': 1000}, grid.best_score_=0.7055555555555555, grid.best_index_=17, acc=0.6, time=1.0056812763214111
25-08-2022 14:57:25|INFO|Is groups None: True 
25-08-2022 14:57:26|INFO|6/10|grid.best_params_={'svc__C': 1000000.0, 'svc__gamma': 1e-05, 'svc__kernel': 'rbf', 'svc__max_iter': 1000}, grid.best_score_=0.7222222222222222, grid.best_index_=30, acc=0.7, time=0.9889483451843262
25-08-2022 14:57:26|INFO|Is groups None: True 
25-08-2022 14:57:27|INFO|7/10|grid.best_params_={'svc__C': 100.0, 'svc__gamma': 0.001, 'svc__kernel': 'rbf', 'svc__max_iter': 1000}, grid.best_score_=0.7, grid.best_index_=17, acc=0.8, time=1.0045433044433594
25-08-2022 14:57:27|INFO|Is groups None: True 
25-08-2022 14:57:28|INFO|8/10|grid.best_params_={'svc__C': 100000000.0, 'svc__gamma': 1e-07, 'svc__kernel': 'rbf', 'svc__max_iter': 1000}, grid.best_score_=0.7666666666666666, grid.best_index_=36, acc=0.6, time=0.9992613792419434
25-08-2022 14:57:28|INFO|Is groups None: True 
25-08-2022 14:57:29|INFO|9/10|grid.best_params_={'svc__C': 10000.0, 'svc__gamma': 1e-05, 'svc__kernel': 'rbf', 'svc__max_iter': 1000}, grid.best_score_=0.6611111111111112, grid.best_index_=23, acc=0.65, time=1.0105092525482178
25-08-2022 14:57:29|INFO|Is groups None: True 
25-08-2022 14:57:30|INFO|10/10|grid.best_params_={'svc__C': 100.0, 'svc__gamma': 0.001, 'svc__kernel': 'rbf', 'svc__max_iter': 1000}, grid.best_score_=0.7388888888888889, grid.best_index_=17, acc=0.5, time=1.0270147323608398
25-08-2022 14:57:30|INFO|s19|10-CV=0.64500|STD=0.08789|Time spend=10.814784526824951
25-08-2022 14:57:31|INFO|Running Split-First
25-08-2022 14:57:31|INFO|X.shape=(200, 160), y.shape=(200,), groups.shape=(200,)
25-08-2022 14:57:31|INFO|Is groups None: True 
25-08-2022 14:57:32|INFO|1/10|grid.best_params_={'svc__C': 100.0, 'svc__gamma': 0.001, 'svc__kernel': 'rbf', 'svc__max_iter': 1000}, grid.best_score_=0.7611111111111112, grid.best_index_=17, acc=0.75, time=0.9784741401672363
25-08-2022 14:57:32|INFO|Is groups None: True 
25-08-2022 14:57:33|INFO|2/10|grid.best_params_={'svc__C': 100.0, 'svc__gamma': 0.001, 'svc__kernel': 'rbf', 'svc__max_iter': 1000}, grid.best_score_=0.8, grid.best_index_=17, acc=0.85, time=0.9833917617797852
25-08-2022 14:57:33|INFO|Is groups None: True 
25-08-2022 14:57:34|INFO|3/10|grid.best_params_={'svc__C': 100.0, 'svc__gamma': 0.001, 'svc__kernel': 'rbf', 'svc__max_iter': 1000}, grid.best_score_=0.7944444444444445, grid.best_index_=17, acc=0.9, time=1.005408525466919
25-08-2022 14:57:34|INFO|Is groups None: True 
25-08-2022 14:57:35|INFO|4/10|grid.best_params_={'svc__C': 100.0, 'svc__gamma': 0.001, 'svc__kernel': 'rbf', 'svc__max_iter': 1000}, grid.best_score_=0.7611111111111112, grid.best_index_=17, acc=0.75, time=0.9827442169189453
25-08-2022 14:57:35|INFO|Is groups None: True 
25-08-2022 14:57:36|INFO|5/10|grid.best_params_={'svc__C': 1000000.0, 'svc__gamma': 1e-05, 'svc__kernel': 'rbf', 'svc__max_iter': 1000}, grid.best_score_=0.8055555555555556, grid.best_index_=30, acc=0.65, time=0.9942986965179443
25-08-2022 14:57:36|INFO|Is groups None: True 
25-08-2022 14:57:37|INFO|6/10|grid.best_params_={'svc__C': 10000.0, 'svc__gamma': 0.001, 'svc__kernel': 'rbf', 'svc__max_iter': 1000}, grid.best_score_=0.7944444444444445, grid.best_index_=24, acc=0.65, time=0.9700169563293457
25-08-2022 14:57:37|INFO|Is groups None: True 
25-08-2022 14:57:38|INFO|7/10|grid.best_params_={'svc__C': 10000.0, 'svc__gamma': 1e-05, 'svc__kernel': 'rbf', 'svc__max_iter': 1000}, grid.best_score_=0.7666666666666666, grid.best_index_=23, acc=0.85, time=0.9642808437347412
25-08-2022 14:57:38|INFO|Is groups None: True 
25-08-2022 14:57:39|INFO|8/10|grid.best_params_={'svc__C': 10000.0, 'svc__gamma': 1e-05, 'svc__kernel': 'rbf', 'svc__max_iter': 1000}, grid.best_score_=0.788888888888889, grid.best_index_=23, acc=0.75, time=0.9959063529968262
25-08-2022 14:57:39|INFO|Is groups None: True 
25-08-2022 14:57:40|INFO|9/10|grid.best_params_={'svc__C': 100.0, 'svc__gamma': 0.001, 'svc__kernel': 'rbf', 'svc__max_iter': 1000}, grid.best_score_=0.8055555555555557, grid.best_index_=17, acc=0.65, time=0.9928092956542969
25-08-2022 14:57:40|INFO|Is groups None: True 
25-08-2022 14:57:40|INFO|10/10|grid.best_params_={'svc__C': 1000000.0, 'svc__gamma': 1e-07, 'svc__kernel': 'rbf', 'svc__max_iter': 1000}, grid.best_score_=0.788888888888889, grid.best_index_=29, acc=0.75, time=0.9686832427978516
25-08-2022 14:57:41|INFO|s20|10-CV=0.75500|STD=0.08500|Time spend=10.436915159225464
25-08-2022 14:57:41|INFO|Running Split-First
25-08-2022 14:57:41|INFO|X.shape=(200, 160), y.shape=(200,), groups.shape=(200,)
25-08-2022 14:57:41|INFO|Is groups None: True 
25-08-2022 14:57:42|INFO|1/10|grid.best_params_={'svc__C': 1000000.0, 'svc__gamma': 1e-09, 'svc__kernel': 'rbf', 'svc__max_iter': 1000}, grid.best_score_=0.6722222222222222, grid.best_index_=28, acc=0.6, time=1.0056335926055908
25-08-2022 14:57:42|INFO|Is groups None: True 
25-08-2022 14:57:43|INFO|2/10|grid.best_params_={'svc__C': 10000.0, 'svc__gamma': 1e-07, 'svc__kernel': 'rbf', 'svc__max_iter': 1000}, grid.best_score_=0.6611111111111112, grid.best_index_=22, acc=0.8, time=1.0446281433105469
25-08-2022 14:57:43|INFO|Is groups None: True 
25-08-2022 14:57:44|INFO|3/10|grid.best_params_={'svc__C': 1.0, 'svc__gamma': 0.001, 'svc__kernel': 'rbf', 'svc__max_iter': 1000}, grid.best_score_=0.65, grid.best_index_=10, acc=0.45, time=1.0430822372436523
25-08-2022 14:57:44|INFO|Is groups None: True 
25-08-2022 14:57:45|INFO|4/10|grid.best_params_={'svc__C': 1.0, 'svc__gamma': 0.001, 'svc__kernel': 'rbf', 'svc__max_iter': 1000}, grid.best_score_=0.6333333333333334, grid.best_index_=10, acc=0.7, time=1.046682357788086
25-08-2022 14:57:45|INFO|Is groups None: True 
25-08-2022 14:57:46|INFO|5/10|grid.best_params_={'svc__C': 1.0, 'svc__gamma': 0.001, 'svc__kernel': 'rbf', 'svc__max_iter': 1000}, grid.best_score_=0.6388888888888888, grid.best_index_=10, acc=0.4, time=1.0294787883758545
25-08-2022 14:57:46|INFO|Is groups None: True 
25-08-2022 14:57:47|INFO|6/10|grid.best_params_={'svc__C': 1000000.0, 'svc__gamma': 1e-09, 'svc__kernel': 'rbf', 'svc__max_iter': 1000}, grid.best_score_=0.638888888888889, grid.best_index_=28, acc=0.75, time=1.0434410572052002
25-08-2022 14:57:47|INFO|Is groups None: True 
25-08-2022 14:57:48|INFO|7/10|grid.best_params_={'svc__C': 1.0, 'svc__gamma': 0.001, 'svc__kernel': 'rbf', 'svc__max_iter': 1000}, grid.best_score_=0.6499999999999999, grid.best_index_=10, acc=0.6, time=1.0579533576965332
25-08-2022 14:57:48|INFO|Is groups None: True 
25-08-2022 14:57:49|INFO|8/10|grid.best_params_={'svc__C': 10000.0, 'svc__gamma': 1e-07, 'svc__kernel': 'rbf', 'svc__max_iter': 1000}, grid.best_score_=0.6555555555555554, grid.best_index_=22, acc=0.7, time=1.0678579807281494
25-08-2022 14:57:49|INFO|Is groups None: True 
25-08-2022 14:57:51|INFO|9/10|grid.best_params_={'svc__C': 10000.0, 'svc__gamma': 1e-07, 'svc__kernel': 'rbf', 'svc__max_iter': 1000}, grid.best_score_=0.6888888888888889, grid.best_index_=22, acc=0.55, time=1.0563766956329346
25-08-2022 14:57:51|INFO|Is groups None: True 
25-08-2022 14:57:52|INFO|10/10|grid.best_params_={'svc__C': 10000000000.0, 'svc__gamma': 1e-09, 'svc__kernel': 'rbf', 'svc__max_iter': 1000}, grid.best_score_=0.6944444444444443, grid.best_index_=42, acc=0.55, time=1.0583295822143555
25-08-2022 14:57:52|INFO|s21|10-CV=0.61000|STD=0.12207|Time spend=11.072256326675415
25-08-2022 14:57:52|INFO|Running Split-First
25-08-2022 14:57:52|INFO|X.shape=(200, 160), y.shape=(200,), groups.shape=(200,)
25-08-2022 14:57:52|INFO|Is groups None: True 
25-08-2022 14:57:53|INFO|1/10|grid.best_params_={'svc__C': 10000.0, 'svc__gamma': 1e-05, 'svc__kernel': 'rbf', 'svc__max_iter': 1000}, grid.best_score_=0.7277777777777777, grid.best_index_=23, acc=0.6, time=1.0019891262054443
25-08-2022 14:57:53|INFO|Is groups None: True 
25-08-2022 14:57:54|INFO|2/10|grid.best_params_={'svc__C': 100000000.0, 'svc__gamma': 1e-09, 'svc__kernel': 'rbf', 'svc__max_iter': 1000}, grid.best_score_=0.7222222222222223, grid.best_index_=35, acc=0.7, time=1.0111091136932373
25-08-2022 14:57:54|INFO|Is groups None: True 
25-08-2022 14:57:55|INFO|3/10|grid.best_params_={'svc__C': 100000000.0, 'svc__gamma': 1e-09, 'svc__kernel': 'rbf', 'svc__max_iter': 1000}, grid.best_score_=0.7222222222222223, grid.best_index_=35, acc=0.6, time=1.009547472000122
25-08-2022 14:57:55|INFO|Is groups None: True 
25-08-2022 14:57:56|INFO|4/10|grid.best_params_={'svc__C': 10000.0, 'svc__gamma': 1e-07, 'svc__kernel': 'rbf', 'svc__max_iter': 1000}, grid.best_score_=0.7166666666666668, grid.best_index_=22, acc=0.6, time=0.9919142723083496
25-08-2022 14:57:56|INFO|Is groups None: True 
25-08-2022 14:57:57|INFO|5/10|grid.best_params_={'svc__C': 10000.0, 'svc__gamma': 1e-05, 'svc__kernel': 'rbf', 'svc__max_iter': 1000}, grid.best_score_=0.7333333333333333, grid.best_index_=23, acc=0.8, time=1.0194668769836426
25-08-2022 14:57:57|INFO|Is groups None: True 
25-08-2022 14:57:58|INFO|6/10|grid.best_params_={'svc__C': 10000.0, 'svc__gamma': 1e-05, 'svc__kernel': 'rbf', 'svc__max_iter': 1000}, grid.best_score_=0.7555555555555555, grid.best_index_=23, acc=0.65, time=1.042262077331543
25-08-2022 14:57:58|INFO|Is groups None: True 
25-08-2022 14:57:59|INFO|7/10|grid.best_params_={'svc__C': 1000000.0, 'svc__gamma': 1e-07, 'svc__kernel': 'rbf', 'svc__max_iter': 1000}, grid.best_score_=0.7166666666666668, grid.best_index_=29, acc=0.85, time=1.0186913013458252
25-08-2022 14:57:59|INFO|Is groups None: True 
25-08-2022 14:58:01|INFO|8/10|grid.best_params_={'svc__C': 10000000000.0, 'svc__gamma': 1e-09, 'svc__kernel': 'rbf', 'svc__max_iter': 1000}, grid.best_score_=0.7166666666666668, grid.best_index_=42, acc=0.75, time=1.302009105682373
25-08-2022 14:58:01|INFO|Is groups None: True 
25-08-2022 14:58:02|INFO|9/10|grid.best_params_={'svc__C': 100000000.0, 'svc__gamma': 1e-09, 'svc__kernel': 'rbf', 'svc__max_iter': 1000}, grid.best_score_=0.7166666666666667, grid.best_index_=35, acc=0.8, time=1.0315196514129639
25-08-2022 14:58:02|INFO|Is groups None: True 
25-08-2022 14:58:03|INFO|10/10|grid.best_params_={'svc__C': 1000000.0, 'svc__gamma': 1e-07, 'svc__kernel': 'rbf', 'svc__max_iter': 1000}, grid.best_score_=0.7222222222222222, grid.best_index_=29, acc=0.75, time=1.0013012886047363
25-08-2022 14:58:03|INFO|s22|10-CV=0.71000|STD=0.08888|Time spend=11.045037746429443
25-08-2022 14:58:03|INFO|Running Split-First
25-08-2022 14:58:03|INFO|X.shape=(200, 160), y.shape=(200,), groups.shape=(200,)
25-08-2022 14:58:03|INFO|Is groups None: True 
25-08-2022 14:58:04|INFO|1/10|grid.best_params_={'svc__C': 100.0, 'svc__gamma': 0.001, 'svc__kernel': 'rbf', 'svc__max_iter': 1000}, grid.best_score_=0.7166666666666667, grid.best_index_=17, acc=0.7, time=0.987868070602417
25-08-2022 14:58:04|INFO|Is groups None: True 
25-08-2022 14:58:05|INFO|2/10|grid.best_params_={'svc__C': 100.0, 'svc__gamma': 0.001, 'svc__kernel': 'rbf', 'svc__max_iter': 1000}, grid.best_score_=0.7333333333333333, grid.best_index_=17, acc=0.55, time=0.9979701042175293
25-08-2022 14:58:05|INFO|Is groups None: True 
25-08-2022 14:58:06|INFO|3/10|grid.best_params_={'svc__C': 10000.0, 'svc__gamma': 0.001, 'svc__kernel': 'rbf', 'svc__max_iter': 1000}, grid.best_score_=0.7055555555555556, grid.best_index_=24, acc=0.95, time=1.0084679126739502
25-08-2022 14:58:06|INFO|Is groups None: True 
25-08-2022 14:58:07|INFO|4/10|grid.best_params_={'svc__C': 100.0, 'svc__gamma': 0.001, 'svc__kernel': 'rbf', 'svc__max_iter': 1000}, grid.best_score_=0.7722222222222221, grid.best_index_=17, acc=0.6, time=0.9836609363555908
25-08-2022 14:58:07|INFO|Is groups None: True 
25-08-2022 14:58:08|INFO|5/10|grid.best_params_={'svc__C': 100.0, 'svc__gamma': 0.001, 'svc__kernel': 'rbf', 'svc__max_iter': 1000}, grid.best_score_=0.7333333333333334, grid.best_index_=17, acc=0.85, time=1.0441985130310059
25-08-2022 14:58:08|INFO|Is groups None: True 
25-08-2022 14:58:09|INFO|6/10|grid.best_params_={'svc__C': 100.0, 'svc__gamma': 0.001, 'svc__kernel': 'rbf', 'svc__max_iter': 1000}, grid.best_score_=0.7388888888888888, grid.best_index_=17, acc=0.7, time=0.9903645515441895
25-08-2022 14:58:09|INFO|Is groups None: True 
25-08-2022 14:58:10|INFO|7/10|grid.best_params_={'svc__C': 100.0, 'svc__gamma': 0.001, 'svc__kernel': 'rbf', 'svc__max_iter': 1000}, grid.best_score_=0.7277777777777777, grid.best_index_=17, acc=0.7, time=0.9888074398040771
25-08-2022 14:58:10|INFO|Is groups None: True 
25-08-2022 14:58:11|INFO|8/10|grid.best_params_={'svc__C': 10000.0, 'svc__gamma': 1e-05, 'svc__kernel': 'rbf', 'svc__max_iter': 1000}, grid.best_score_=0.711111111111111, grid.best_index_=23, acc=0.75, time=0.9866058826446533
25-08-2022 14:58:11|INFO|Is groups None: True 
25-08-2022 14:58:12|INFO|9/10|grid.best_params_={'svc__C': 100.0, 'svc__gamma': 0.001, 'svc__kernel': 'rbf', 'svc__max_iter': 1000}, grid.best_score_=0.7111111111111111, grid.best_index_=17, acc=0.85, time=0.9852356910705566
25-08-2022 14:58:12|INFO|Is groups None: True 
25-08-2022 14:58:13|INFO|10/10|grid.best_params_={'svc__C': 100.0, 'svc__gamma': 0.001, 'svc__kernel': 'rbf', 'svc__max_iter': 1000}, grid.best_score_=0.7166666666666667, grid.best_index_=17, acc=0.7, time=1.0414459705352783
25-08-2022 14:58:13|INFO|s23|10-CV=0.73500|STD=0.11413|Time spend=10.67081880569458
25-08-2022 14:58:14|INFO|Running Split-First
25-08-2022 14:58:14|INFO|X.shape=(200, 160), y.shape=(200,), groups.shape=(200,)
25-08-2022 14:58:14|INFO|Is groups None: True 
25-08-2022 14:58:15|INFO|1/10|grid.best_params_={'svc__C': 1000000.0, 'svc__gamma': 1e-07, 'svc__kernel': 'rbf', 'svc__max_iter': 1000}, grid.best_score_=0.7222222222222222, grid.best_index_=29, acc=0.75, time=1.0014033317565918
25-08-2022 14:58:15|INFO|Is groups None: True 
25-08-2022 14:58:16|INFO|2/10|grid.best_params_={'svc__C': 100000000.0, 'svc__gamma': 1e-09, 'svc__kernel': 'rbf', 'svc__max_iter': 1000}, grid.best_score_=0.7444444444444445, grid.best_index_=35, acc=0.4, time=1.0195279121398926
25-08-2022 14:58:16|INFO|Is groups None: True 
25-08-2022 14:58:17|INFO|3/10|grid.best_params_={'svc__C': 10000.0, 'svc__gamma': 1e-05, 'svc__kernel': 'rbf', 'svc__max_iter': 1000}, grid.best_score_=0.7444444444444445, grid.best_index_=23, acc=0.75, time=1.172473430633545
25-08-2022 14:58:17|INFO|Is groups None: True 
25-08-2022 14:58:18|INFO|4/10|grid.best_params_={'svc__C': 1000000.0, 'svc__gamma': 1e-07, 'svc__kernel': 'rbf', 'svc__max_iter': 1000}, grid.best_score_=0.7388888888888888, grid.best_index_=29, acc=0.75, time=1.024040699005127
25-08-2022 14:58:18|INFO|Is groups None: True 
25-08-2022 14:58:19|INFO|5/10|grid.best_params_={'svc__C': 10000.0, 'svc__gamma': 1e-05, 'svc__kernel': 'rbf', 'svc__max_iter': 1000}, grid.best_score_=0.6944444444444445, grid.best_index_=23, acc=0.65, time=1.0247561931610107
25-08-2022 14:58:19|INFO|Is groups None: True 
25-08-2022 14:58:20|INFO|6/10|grid.best_params_={'svc__C': 10000.0, 'svc__gamma': 0.001, 'svc__kernel': 'rbf', 'svc__max_iter': 1000}, grid.best_score_=0.7277777777777777, grid.best_index_=24, acc=0.75, time=1.019758701324463
25-08-2022 14:58:20|INFO|Is groups None: True 
25-08-2022 14:58:21|INFO|7/10|grid.best_params_={'svc__C': 10000.0, 'svc__gamma': 1e-05, 'svc__kernel': 'rbf', 'svc__max_iter': 1000}, grid.best_score_=0.7777777777777778, grid.best_index_=23, acc=0.65, time=1.0336132049560547
25-08-2022 14:58:21|INFO|Is groups None: True 
25-08-2022 14:58:22|INFO|8/10|grid.best_params_={'svc__C': 10000.0, 'svc__gamma': 1e-05, 'svc__kernel': 'rbf', 'svc__max_iter': 1000}, grid.best_score_=0.7222222222222222, grid.best_index_=23, acc=0.7, time=1.0669589042663574
25-08-2022 14:58:22|INFO|Is groups None: True 
25-08-2022 14:58:23|INFO|9/10|grid.best_params_={'svc__C': 10000.0, 'svc__gamma': 1e-05, 'svc__kernel': 'rbf', 'svc__max_iter': 1000}, grid.best_score_=0.7166666666666667, grid.best_index_=23, acc=0.9, time=1.0473434925079346
25-08-2022 14:58:23|INFO|Is groups None: True 
25-08-2022 14:58:24|INFO|10/10|grid.best_params_={'svc__C': 1000000.0, 'svc__gamma': 1e-07, 'svc__kernel': 'rbf', 'svc__max_iter': 1000}, grid.best_score_=0.7333333333333333, grid.best_index_=29, acc=0.75, time=1.014739751815796
25-08-2022 14:58:24|INFO|s24|10-CV=0.70500|STD=0.12135|Time spend=11.03905725479126
25-08-2022 14:58:25|INFO|Running Split-First
25-08-2022 14:58:25|INFO|X.shape=(200, 160), y.shape=(200,), groups.shape=(200,)
25-08-2022 14:58:25|INFO|Is groups None: True 
25-08-2022 14:58:26|INFO|1/10|grid.best_params_={'svc__C': 10000.0, 'svc__gamma': 1e-05, 'svc__kernel': 'rbf', 'svc__max_iter': 1000}, grid.best_score_=0.6944444444444443, grid.best_index_=23, acc=0.55, time=1.001432180404663
25-08-2022 14:58:26|INFO|Is groups None: True 
25-08-2022 14:58:27|INFO|2/10|grid.best_params_={'svc__C': 100.0, 'svc__gamma': 0.001, 'svc__kernel': 'rbf', 'svc__max_iter': 1000}, grid.best_score_=0.6499999999999999, grid.best_index_=17, acc=0.7, time=1.0131733417510986
25-08-2022 14:58:27|INFO|Is groups None: True 
25-08-2022 14:58:28|INFO|3/10|grid.best_params_={'svc__C': 10000.0, 'svc__gamma': 1e-05, 'svc__kernel': 'rbf', 'svc__max_iter': 1000}, grid.best_score_=0.6944444444444444, grid.best_index_=23, acc=0.6, time=1.0441508293151855
25-08-2022 14:58:28|INFO|Is groups None: True 
25-08-2022 14:58:29|INFO|4/10|grid.best_params_={'svc__C': 100.0, 'svc__gamma': 0.001, 'svc__kernel': 'rbf', 'svc__max_iter': 1000}, grid.best_score_=0.688888888888889, grid.best_index_=17, acc=0.6, time=1.0469586849212646
25-08-2022 14:58:29|INFO|Is groups None: True 
25-08-2022 14:58:30|INFO|5/10|grid.best_params_={'svc__C': 10000.0, 'svc__gamma': 1e-05, 'svc__kernel': 'rbf', 'svc__max_iter': 1000}, grid.best_score_=0.6833333333333333, grid.best_index_=23, acc=0.7, time=1.0459632873535156
25-08-2022 14:58:30|INFO|Is groups None: True 
25-08-2022 14:58:31|INFO|6/10|grid.best_params_={'svc__C': 100.0, 'svc__gamma': 0.001, 'svc__kernel': 'rbf', 'svc__max_iter': 1000}, grid.best_score_=0.6555555555555554, grid.best_index_=17, acc=0.65, time=1.0442240238189697
25-08-2022 14:58:31|INFO|Is groups None: True 
25-08-2022 14:58:32|INFO|7/10|grid.best_params_={'svc__C': 100.0, 'svc__gamma': 0.001, 'svc__kernel': 'rbf', 'svc__max_iter': 1000}, grid.best_score_=0.6833333333333333, grid.best_index_=17, acc=0.7, time=1.0439798831939697
25-08-2022 14:58:32|INFO|Is groups None: True 
25-08-2022 14:58:33|INFO|8/10|grid.best_params_={'svc__C': 100.0, 'svc__gamma': 0.001, 'svc__kernel': 'rbf', 'svc__max_iter': 1000}, grid.best_score_=0.65, grid.best_index_=17, acc=0.8, time=1.0843110084533691
25-08-2022 14:58:33|INFO|Is groups None: True 
25-08-2022 14:58:34|INFO|9/10|grid.best_params_={'svc__C': 10000.0, 'svc__gamma': 0.001, 'svc__kernel': 'rbf', 'svc__max_iter': 1000}, grid.best_score_=0.661111111111111, grid.best_index_=24, acc=0.7, time=1.0543103218078613
25-08-2022 14:58:34|INFO|Is groups None: True 
25-08-2022 14:58:35|INFO|10/10|grid.best_params_={'svc__C': 100.0, 'svc__gamma': 0.001, 'svc__kernel': 'rbf', 'svc__max_iter': 1000}, grid.best_score_=0.6444444444444445, grid.best_index_=17, acc=0.65, time=1.0235443115234375
25-08-2022 14:58:35|INFO|s25|10-CV=0.66500|STD=0.06727|Time spend=11.017630815505981
25-08-2022 14:58:36|INFO|Running Split-First
25-08-2022 14:58:36|INFO|X.shape=(200, 160), y.shape=(200,), groups.shape=(200,)
25-08-2022 14:58:36|INFO|Is groups None: True 
25-08-2022 14:58:37|INFO|1/10|grid.best_params_={'svc__C': 1000000.0, 'svc__gamma': 1e-07, 'svc__kernel': 'rbf', 'svc__max_iter': 1000}, grid.best_score_=0.6777777777777777, grid.best_index_=29, acc=0.65, time=0.9767496585845947
25-08-2022 14:58:37|INFO|Is groups None: True 
25-08-2022 14:58:38|INFO|2/10|grid.best_params_={'svc__C': 100000000.0, 'svc__gamma': 1e-09, 'svc__kernel': 'rbf', 'svc__max_iter': 1000}, grid.best_score_=0.6666666666666667, grid.best_index_=35, acc=0.8, time=0.9828975200653076
25-08-2022 14:58:38|INFO|Is groups None: True 
25-08-2022 14:58:39|INFO|3/10|grid.best_params_={'svc__C': 100.0, 'svc__gamma': 0.001, 'svc__kernel': 'rbf', 'svc__max_iter': 1000}, grid.best_score_=0.6555555555555556, grid.best_index_=17, acc=0.7, time=1.0168399810791016
25-08-2022 14:58:39|INFO|Is groups None: True 
25-08-2022 14:58:40|INFO|4/10|grid.best_params_={'svc__C': 1000000.0, 'svc__gamma': 1e-07, 'svc__kernel': 'rbf', 'svc__max_iter': 1000}, grid.best_score_=0.6944444444444444, grid.best_index_=29, acc=0.5, time=1.0015475749969482
25-08-2022 14:58:40|INFO|Is groups None: True 
25-08-2022 14:58:41|INFO|5/10|grid.best_params_={'svc__C': 100.0, 'svc__gamma': 0.001, 'svc__kernel': 'rbf', 'svc__max_iter': 1000}, grid.best_score_=0.7166666666666668, grid.best_index_=17, acc=0.8, time=1.0116355419158936
25-08-2022 14:58:41|INFO|Is groups None: True 
25-08-2022 14:58:42|INFO|6/10|grid.best_params_={'svc__C': 100.0, 'svc__gamma': 0.001, 'svc__kernel': 'rbf', 'svc__max_iter': 1000}, grid.best_score_=0.6944444444444444, grid.best_index_=17, acc=0.55, time=0.9945676326751709
25-08-2022 14:58:42|INFO|Is groups None: True 
25-08-2022 14:58:43|INFO|7/10|grid.best_params_={'svc__C': 10000000000.0, 'svc__gamma': 1e-09, 'svc__kernel': 'rbf', 'svc__max_iter': 1000}, grid.best_score_=0.7111111111111111, grid.best_index_=42, acc=0.6, time=0.9823629856109619
25-08-2022 14:58:43|INFO|Is groups None: True 
25-08-2022 14:58:44|INFO|8/10|grid.best_params_={'svc__C': 10000000000.0, 'svc__gamma': 1e-09, 'svc__kernel': 'rbf', 'svc__max_iter': 1000}, grid.best_score_=0.6722222222222222, grid.best_index_=42, acc=0.6, time=1.0227563381195068
25-08-2022 14:58:44|INFO|Is groups None: True 
25-08-2022 14:58:45|INFO|9/10|grid.best_params_={'svc__C': 100000000.0, 'svc__gamma': 1e-09, 'svc__kernel': 'rbf', 'svc__max_iter': 1000}, grid.best_score_=0.6888888888888888, grid.best_index_=35, acc=0.6, time=1.0060009956359863
25-08-2022 14:58:45|INFO|Is groups None: True 
25-08-2022 14:58:46|INFO|10/10|grid.best_params_={'svc__C': 100000000.0, 'svc__gamma': 1e-09, 'svc__kernel': 'rbf', 'svc__max_iter': 1000}, grid.best_score_=0.6999999999999998, grid.best_index_=35, acc=0.55, time=0.9842889308929443
25-08-2022 14:58:46|INFO|s26|10-CV=0.63500|STD=0.09760|Time spend=10.587026119232178
25-08-2022 14:58:47|INFO|Running Split-First
25-08-2022 14:58:47|INFO|X.shape=(200, 160), y.shape=(200,), groups.shape=(200,)
25-08-2022 14:58:47|INFO|Is groups None: True 
25-08-2022 14:58:47|INFO|1/10|grid.best_params_={'svc__C': 0.01, 'svc__gamma': 1e-09, 'svc__kernel': 'rbf', 'svc__max_iter': 1000}, grid.best_score_=0.75, grid.best_index_=0, acc=0.75, time=0.9030148983001709
25-08-2022 14:58:47|INFO|Is groups None: True 
25-08-2022 14:58:48|INFO|2/10|grid.best_params_={'svc__C': 0.01, 'svc__gamma': 1e-09, 'svc__kernel': 'rbf', 'svc__max_iter': 1000}, grid.best_score_=0.75, grid.best_index_=0, acc=0.75, time=0.9585115909576416
25-08-2022 14:58:48|INFO|Is groups None: True 
25-08-2022 14:58:49|INFO|3/10|grid.best_params_={'svc__C': 10000.0, 'svc__gamma': 1e-05, 'svc__kernel': 'rbf', 'svc__max_iter': 1000}, grid.best_score_=0.7611111111111112, grid.best_index_=23, acc=0.85, time=0.9549050331115723
25-08-2022 14:58:49|INFO|Is groups None: True 
25-08-2022 14:58:50|INFO|4/10|grid.best_params_={'svc__C': 0.01, 'svc__gamma': 1e-09, 'svc__kernel': 'rbf', 'svc__max_iter': 1000}, grid.best_score_=0.75, grid.best_index_=0, acc=0.75, time=1.025463581085205
25-08-2022 14:58:50|INFO|Is groups None: True 
25-08-2022 14:58:51|INFO|5/10|grid.best_params_={'svc__C': 0.01, 'svc__gamma': 1e-09, 'svc__kernel': 'rbf', 'svc__max_iter': 1000}, grid.best_score_=0.75, grid.best_index_=0, acc=0.75, time=1.0328657627105713
25-08-2022 14:58:51|INFO|Is groups None: True 
25-08-2022 14:58:52|INFO|6/10|grid.best_params_={'svc__C': 10000000000.0, 'svc__gamma': 1e-09, 'svc__kernel': 'rbf', 'svc__max_iter': 1000}, grid.best_score_=0.7888888888888889, grid.best_index_=42, acc=0.7, time=0.9834983348846436
25-08-2022 14:58:52|INFO|Is groups None: True 
25-08-2022 14:58:53|INFO|7/10|grid.best_params_={'svc__C': 0.01, 'svc__gamma': 1e-09, 'svc__kernel': 'rbf', 'svc__max_iter': 1000}, grid.best_score_=0.75, grid.best_index_=0, acc=0.75, time=0.9633102416992188
25-08-2022 14:58:53|INFO|Is groups None: True 
25-08-2022 14:58:54|INFO|8/10|grid.best_params_={'svc__C': 0.01, 'svc__gamma': 1e-09, 'svc__kernel': 'rbf', 'svc__max_iter': 1000}, grid.best_score_=0.75, grid.best_index_=0, acc=0.75, time=0.9531536102294922
25-08-2022 14:58:54|INFO|Is groups None: True 
25-08-2022 14:58:55|INFO|9/10|grid.best_params_={'svc__C': 0.01, 'svc__gamma': 1e-09, 'svc__kernel': 'rbf', 'svc__max_iter': 1000}, grid.best_score_=0.75, grid.best_index_=0, acc=0.75, time=0.9633927345275879
25-08-2022 14:58:55|INFO|Is groups None: True 
25-08-2022 14:58:56|INFO|10/10|grid.best_params_={'svc__C': 100.0, 'svc__gamma': 0.001, 'svc__kernel': 'rbf', 'svc__max_iter': 1000}, grid.best_score_=0.7611111111111111, grid.best_index_=17, acc=0.65, time=0.9282433986663818
25-08-2022 14:58:56|INFO|s27|10-CV=0.74500|STD=0.04717|Time spend=10.341552972793579
25-08-2022 14:58:57|INFO|Running Split-First
25-08-2022 14:58:57|INFO|X.shape=(200, 160), y.shape=(200,), groups.shape=(200,)
25-08-2022 14:58:57|INFO|Is groups None: True 
25-08-2022 14:58:58|INFO|1/10|grid.best_params_={'svc__C': 100000000.0, 'svc__gamma': 1e-09, 'svc__kernel': 'rbf', 'svc__max_iter': 1000}, grid.best_score_=0.7444444444444446, grid.best_index_=35, acc=0.7, time=0.9417579174041748
25-08-2022 14:58:58|INFO|Is groups None: True 
25-08-2022 14:58:59|INFO|2/10|grid.best_params_={'svc__C': 10000000000.0, 'svc__gamma': 1e-09, 'svc__kernel': 'rbf', 'svc__max_iter': 1000}, grid.best_score_=0.6944444444444445, grid.best_index_=42, acc=0.8, time=1.0043883323669434
25-08-2022 14:58:59|INFO|Is groups None: True 
25-08-2022 14:59:00|INFO|3/10|grid.best_params_={'svc__C': 1.0, 'svc__gamma': 0.001, 'svc__kernel': 'rbf', 'svc__max_iter': 1000}, grid.best_score_=0.6944444444444444, grid.best_index_=10, acc=0.55, time=1.1398842334747314
25-08-2022 14:59:00|INFO|Is groups None: True 
25-08-2022 14:59:01|INFO|4/10|grid.best_params_={'svc__C': 10000.0, 'svc__gamma': 1e-05, 'svc__kernel': 'rbf', 'svc__max_iter': 1000}, grid.best_score_=0.6611111111111111, grid.best_index_=23, acc=0.75, time=1.031301736831665
25-08-2022 14:59:01|INFO|Is groups None: True 
25-08-2022 14:59:02|INFO|5/10|grid.best_params_={'svc__C': 10000000000.0, 'svc__gamma': 1e-09, 'svc__kernel': 'rbf', 'svc__max_iter': 1000}, grid.best_score_=0.7222222222222222, grid.best_index_=42, acc=0.6, time=0.9778573513031006
25-08-2022 14:59:02|INFO|Is groups None: True 
25-08-2022 14:59:03|INFO|6/10|grid.best_params_={'svc__C': 100000000.0, 'svc__gamma': 1e-09, 'svc__kernel': 'rbf', 'svc__max_iter': 1000}, grid.best_score_=0.7277777777777777, grid.best_index_=35, acc=0.8, time=1.0024762153625488
25-08-2022 14:59:03|INFO|Is groups None: True 
25-08-2022 14:59:04|INFO|7/10|grid.best_params_={'svc__C': 10000000000.0, 'svc__gamma': 1e-09, 'svc__kernel': 'rbf', 'svc__max_iter': 1000}, grid.best_score_=0.7111111111111111, grid.best_index_=42, acc=0.65, time=0.987168550491333
25-08-2022 14:59:04|INFO|Is groups None: True 
25-08-2022 14:59:05|INFO|8/10|grid.best_params_={'svc__C': 1000000.0, 'svc__gamma': 1e-07, 'svc__kernel': 'rbf', 'svc__max_iter': 1000}, grid.best_score_=0.711111111111111, grid.best_index_=29, acc=0.65, time=0.9745965003967285
25-08-2022 14:59:05|INFO|Is groups None: True 
25-08-2022 14:59:06|INFO|9/10|grid.best_params_={'svc__C': 10000.0, 'svc__gamma': 0.001, 'svc__kernel': 'rbf', 'svc__max_iter': 1000}, grid.best_score_=0.7333333333333334, grid.best_index_=24, acc=0.6, time=1.0111017227172852
25-08-2022 14:59:06|INFO|Is groups None: True 
25-08-2022 14:59:07|INFO|10/10|grid.best_params_={'svc__C': 100000000.0, 'svc__gamma': 1e-09, 'svc__kernel': 'rbf', 'svc__max_iter': 1000}, grid.best_score_=0.7, grid.best_index_=35, acc=0.55, time=0.9824347496032715
25-08-2022 14:59:07|INFO|s28|10-CV=0.66500|STD=0.08958|Time spend=10.759066104888916
25-08-2022 14:59:08|INFO|Running Split-First
25-08-2022 14:59:08|INFO|X.shape=(200, 160), y.shape=(200,), groups.shape=(200,)
25-08-2022 14:59:08|INFO|Is groups None: True 
25-08-2022 14:59:09|INFO|1/10|grid.best_params_={'svc__C': 10000000000.0, 'svc__gamma': 1e-09, 'svc__kernel': 'rbf', 'svc__max_iter': 1000}, grid.best_score_=0.6888888888888889, grid.best_index_=42, acc=0.7, time=1.0103003978729248
25-08-2022 14:59:09|INFO|Is groups None: True 
25-08-2022 14:59:10|INFO|2/10|grid.best_params_={'svc__C': 100000000.0, 'svc__gamma': 1e-09, 'svc__kernel': 'rbf', 'svc__max_iter': 1000}, grid.best_score_=0.6999999999999998, grid.best_index_=35, acc=0.75, time=1.102325677871704
25-08-2022 14:59:10|INFO|Is groups None: True 
25-08-2022 14:59:11|INFO|3/10|grid.best_params_={'svc__C': 10000.0, 'svc__gamma': 0.001, 'svc__kernel': 'rbf', 'svc__max_iter': 1000}, grid.best_score_=0.6944444444444444, grid.best_index_=24, acc=0.7, time=0.9962286949157715
25-08-2022 14:59:11|INFO|Is groups None: True 
25-08-2022 14:59:12|INFO|4/10|grid.best_params_={'svc__C': 1000000.0, 'svc__gamma': 1e-05, 'svc__kernel': 'rbf', 'svc__max_iter': 1000}, grid.best_score_=0.7, grid.best_index_=30, acc=0.45, time=0.9894776344299316
25-08-2022 14:59:12|INFO|Is groups None: True 
25-08-2022 14:59:13|INFO|5/10|grid.best_params_={'svc__C': 10000000000.0, 'svc__gamma': 1e-09, 'svc__kernel': 'rbf', 'svc__max_iter': 1000}, grid.best_score_=0.6944444444444444, grid.best_index_=42, acc=0.8, time=1.0126261711120605
25-08-2022 14:59:13|INFO|Is groups None: True 
25-08-2022 14:59:14|INFO|6/10|grid.best_params_={'svc__C': 1000000.0, 'svc__gamma': 1e-09, 'svc__kernel': 'rbf', 'svc__max_iter': 1000}, grid.best_score_=0.6666666666666666, grid.best_index_=28, acc=0.55, time=1.0452594757080078
25-08-2022 14:59:14|INFO|Is groups None: True 
25-08-2022 14:59:15|INFO|7/10|grid.best_params_={'svc__C': 100.0, 'svc__gamma': 0.001, 'svc__kernel': 'rbf', 'svc__max_iter': 1000}, grid.best_score_=0.6777777777777778, grid.best_index_=17, acc=0.7, time=1.0056257247924805
25-08-2022 14:59:15|INFO|Is groups None: True 
25-08-2022 14:59:16|INFO|8/10|grid.best_params_={'svc__C': 10000.0, 'svc__gamma': 0.001, 'svc__kernel': 'rbf', 'svc__max_iter': 1000}, grid.best_score_=0.6833333333333333, grid.best_index_=24, acc=0.65, time=1.001830816268921
25-08-2022 14:59:16|INFO|Is groups None: True 
25-08-2022 14:59:17|INFO|9/10|grid.best_params_={'svc__C': 100.0, 'svc__gamma': 1e-05, 'svc__kernel': 'rbf', 'svc__max_iter': 1000}, grid.best_score_=0.6777777777777777, grid.best_index_=16, acc=0.7, time=1.0198993682861328
25-08-2022 14:59:17|INFO|Is groups None: True 
25-08-2022 14:59:18|INFO|10/10|grid.best_params_={'svc__C': 100.0, 'svc__gamma': 1e-05, 'svc__kernel': 'rbf', 'svc__max_iter': 1000}, grid.best_score_=0.6944444444444444, grid.best_index_=16, acc=0.65, time=0.9928457736968994
25-08-2022 14:59:18|INFO|s29|10-CV=0.66500|STD=0.09500|Time spend=10.790188789367676
25-08-2022 14:59:18|INFO|Running Split-First
25-08-2022 14:59:18|INFO|X.shape=(200, 160), y.shape=(200,), groups.shape=(200,)
25-08-2022 14:59:18|INFO|Is groups None: True 
25-08-2022 14:59:19|INFO|1/10|grid.best_params_={'svc__C': 0.01, 'svc__gamma': 1e-09, 'svc__kernel': 'rbf', 'svc__max_iter': 1000}, grid.best_score_=0.6722222222222223, grid.best_index_=0, acc=0.7, time=0.9825646877288818
25-08-2022 14:59:19|INFO|Is groups None: True 
25-08-2022 14:59:20|INFO|2/10|grid.best_params_={'svc__C': 0.01, 'svc__gamma': 1e-09, 'svc__kernel': 'rbf', 'svc__max_iter': 1000}, grid.best_score_=0.6722222222222223, grid.best_index_=0, acc=0.7, time=1.0228896141052246
25-08-2022 14:59:20|INFO|Is groups None: True 
25-08-2022 14:59:21|INFO|3/10|grid.best_params_={'svc__C': 10000000000.0, 'svc__gamma': 1e-09, 'svc__kernel': 'rbf', 'svc__max_iter': 1000}, grid.best_score_=0.6888888888888888, grid.best_index_=42, acc=0.75, time=1.008589267730713
25-08-2022 14:59:21|INFO|Is groups None: True 
25-08-2022 14:59:22|INFO|4/10|grid.best_params_={'svc__C': 0.01, 'svc__gamma': 1e-09, 'svc__kernel': 'rbf', 'svc__max_iter': 1000}, grid.best_score_=0.6722222222222223, grid.best_index_=0, acc=0.7, time=1.0259425640106201
25-08-2022 14:59:22|INFO|Is groups None: True 
25-08-2022 14:59:24|INFO|5/10|grid.best_params_={'svc__C': 0.01, 'svc__gamma': 1e-09, 'svc__kernel': 'rbf', 'svc__max_iter': 1000}, grid.best_score_=0.6722222222222223, grid.best_index_=0, acc=0.7, time=1.0440878868103027
25-08-2022 14:59:24|INFO|Is groups None: True 
25-08-2022 14:59:25|INFO|6/10|grid.best_params_={'svc__C': 10000.0, 'svc__gamma': 0.001, 'svc__kernel': 'rbf', 'svc__max_iter': 1000}, grid.best_score_=0.6888888888888888, grid.best_index_=24, acc=0.65, time=0.9999442100524902
25-08-2022 14:59:25|INFO|Is groups None: True 
25-08-2022 14:59:26|INFO|7/10|grid.best_params_={'svc__C': 10000.0, 'svc__gamma': 0.001, 'svc__kernel': 'rbf', 'svc__max_iter': 1000}, grid.best_score_=0.6888888888888889, grid.best_index_=24, acc=0.65, time=1.000627040863037
25-08-2022 14:59:26|INFO|Is groups None: True 
25-08-2022 14:59:27|INFO|8/10|grid.best_params_={'svc__C': 0.01, 'svc__gamma': 1e-09, 'svc__kernel': 'rbf', 'svc__max_iter': 1000}, grid.best_score_=0.6777777777777778, grid.best_index_=0, acc=0.65, time=0.9915242195129395
25-08-2022 14:59:27|INFO|Is groups None: True 
25-08-2022 14:59:28|INFO|9/10|grid.best_params_={'svc__C': 100.0, 'svc__gamma': 0.001, 'svc__kernel': 'rbf', 'svc__max_iter': 1000}, grid.best_score_=0.6888888888888888, grid.best_index_=17, acc=0.75, time=0.9967317581176758
25-08-2022 14:59:28|INFO|Is groups None: True 
25-08-2022 14:59:29|INFO|10/10|grid.best_params_={'svc__C': 100.0, 'svc__gamma': 0.001, 'svc__kernel': 'rbf', 'svc__max_iter': 1000}, grid.best_score_=0.7111111111111111, grid.best_index_=17, acc=0.7, time=1.0404176712036133
25-08-2022 14:59:29|INFO|s30|10-CV=0.69500|STD=0.03500|Time spend=10.751583337783813
25-08-2022 14:59:29|INFO|Running Split-First
25-08-2022 14:59:29|INFO|X.shape=(200, 160), y.shape=(200,), groups.shape=(200,)
25-08-2022 14:59:29|INFO|Is groups None: True 
25-08-2022 14:59:30|INFO|1/10|grid.best_params_={'svc__C': 10000000000.0, 'svc__gamma': 1e-09, 'svc__kernel': 'rbf', 'svc__max_iter': 1000}, grid.best_score_=0.6555555555555556, grid.best_index_=42, acc=0.6, time=1.0005261898040771
25-08-2022 14:59:30|INFO|Is groups None: True 
25-08-2022 14:59:31|INFO|2/10|grid.best_params_={'svc__C': 10000.0, 'svc__gamma': 1e-05, 'svc__kernel': 'rbf', 'svc__max_iter': 1000}, grid.best_score_=0.6111111111111112, grid.best_index_=23, acc=0.6, time=1.0282642841339111
25-08-2022 14:59:31|INFO|Is groups None: True 
25-08-2022 14:59:32|INFO|3/10|grid.best_params_={'svc__C': 1000000.0, 'svc__gamma': 1e-09, 'svc__kernel': 'rbf', 'svc__max_iter': 1000}, grid.best_score_=0.6444444444444444, grid.best_index_=28, acc=0.35, time=1.0077638626098633
25-08-2022 14:59:32|INFO|Is groups None: True 
25-08-2022 14:59:33|INFO|4/10|grid.best_params_={'svc__C': 100000000.0, 'svc__gamma': 1e-09, 'svc__kernel': 'rbf', 'svc__max_iter': 1000}, grid.best_score_=0.5944444444444446, grid.best_index_=35, acc=0.75, time=1.0720572471618652
25-08-2022 14:59:33|INFO|Is groups None: True 
25-08-2022 14:59:34|INFO|5/10|grid.best_params_={'svc__C': 10000.0, 'svc__gamma': 0.001, 'svc__kernel': 'rbf', 'svc__max_iter': 1000}, grid.best_score_=0.6444444444444444, grid.best_index_=24, acc=0.45, time=1.0399518013000488
25-08-2022 14:59:34|INFO|Is groups None: True 
25-08-2022 14:59:35|INFO|6/10|grid.best_params_={'svc__C': 100.0, 'svc__gamma': 0.001, 'svc__kernel': 'rbf', 'svc__max_iter': 1000}, grid.best_score_=0.6166666666666667, grid.best_index_=17, acc=0.7, time=1.0084764957427979
25-08-2022 14:59:35|INFO|Is groups None: True 
25-08-2022 14:59:36|INFO|7/10|grid.best_params_={'svc__C': 10000000000.0, 'svc__gamma': 1e-09, 'svc__kernel': 'rbf', 'svc__max_iter': 1000}, grid.best_score_=0.6444444444444444, grid.best_index_=42, acc=0.65, time=1.0221753120422363
25-08-2022 14:59:36|INFO|Is groups None: True 
25-08-2022 14:59:37|INFO|8/10|grid.best_params_={'svc__C': 10000000000.0, 'svc__gamma': 1e-09, 'svc__kernel': 'rbf', 'svc__max_iter': 1000}, grid.best_score_=0.6333333333333333, grid.best_index_=42, acc=0.35, time=1.0320286750793457
25-08-2022 14:59:37|INFO|Is groups None: True 
25-08-2022 14:59:38|INFO|9/10|grid.best_params_={'svc__C': 100000000.0, 'svc__gamma': 1e-09, 'svc__kernel': 'rbf', 'svc__max_iter': 1000}, grid.best_score_=0.6388888888888888, grid.best_index_=35, acc=0.75, time=1.0651390552520752
25-08-2022 14:59:38|INFO|Is groups None: True 
25-08-2022 14:59:40|INFO|10/10|grid.best_params_={'svc__C': 10000.0, 'svc__gamma': 0.001, 'svc__kernel': 'rbf', 'svc__max_iter': 1000}, grid.best_score_=0.6166666666666667, grid.best_index_=24, acc=0.65, time=1.0241529941558838
25-08-2022 14:59:40|INFO|s31|10-CV=0.58500|STD=0.14327|Time spend=10.928576469421387
25-08-2022 14:59:40|INFO|Running Split-First
25-08-2022 14:59:40|INFO|X.shape=(200, 160), y.shape=(200,), groups.shape=(200,)
25-08-2022 14:59:40|INFO|Is groups None: True 
25-08-2022 14:59:41|INFO|1/10|grid.best_params_={'svc__C': 100.0, 'svc__gamma': 0.1, 'svc__kernel': 'rbf', 'svc__max_iter': 1000}, grid.best_score_=0.7222222222222222, grid.best_index_=18, acc=0.85, time=0.9977569580078125
25-08-2022 14:59:41|INFO|Is groups None: True 
25-08-2022 14:59:42|INFO|2/10|grid.best_params_={'svc__C': 100.0, 'svc__gamma': 0.1, 'svc__kernel': 'rbf', 'svc__max_iter': 1000}, grid.best_score_=0.7222222222222222, grid.best_index_=18, acc=0.75, time=1.1034212112426758
25-08-2022 14:59:42|INFO|Is groups None: True 
25-08-2022 14:59:43|INFO|3/10|grid.best_params_={'svc__C': 100.0, 'svc__gamma': 0.001, 'svc__kernel': 'rbf', 'svc__max_iter': 1000}, grid.best_score_=0.7666666666666667, grid.best_index_=17, acc=0.5, time=1.0415115356445312
25-08-2022 14:59:43|INFO|Is groups None: True 
25-08-2022 14:59:44|INFO|4/10|grid.best_params_={'svc__C': 1.0, 'svc__gamma': 0.1, 'svc__kernel': 'rbf', 'svc__max_iter': 1000}, grid.best_score_=0.7277777777777777, grid.best_index_=11, acc=0.85, time=1.0144331455230713
25-08-2022 14:59:44|INFO|Is groups None: True 
25-08-2022 14:59:45|INFO|5/10|grid.best_params_={'svc__C': 0.01, 'svc__gamma': 10.0, 'svc__kernel': 'rbf', 'svc__max_iter': 1000}, grid.best_score_=0.7388888888888889, grid.best_index_=5, acc=0.65, time=1.019120216369629
25-08-2022 14:59:45|INFO|Is groups None: True 
25-08-2022 14:59:46|INFO|6/10|grid.best_params_={'svc__C': 10000000000.0, 'svc__gamma': 1e-09, 'svc__kernel': 'rbf', 'svc__max_iter': 1000}, grid.best_score_=0.7333333333333333, grid.best_index_=42, acc=0.75, time=1.0173945426940918
25-08-2022 14:59:46|INFO|Is groups None: True 
25-08-2022 14:59:47|INFO|7/10|grid.best_params_={'svc__C': 0.01, 'svc__gamma': 10.0, 'svc__kernel': 'rbf', 'svc__max_iter': 1000}, grid.best_score_=0.7333333333333333, grid.best_index_=5, acc=0.65, time=1.0193798542022705
25-08-2022 14:59:47|INFO|Is groups None: True 
25-08-2022 14:59:48|INFO|8/10|grid.best_params_={'svc__C': 10000.0, 'svc__gamma': 0.001, 'svc__kernel': 'rbf', 'svc__max_iter': 1000}, grid.best_score_=0.7777777777777778, grid.best_index_=24, acc=0.65, time=1.0452640056610107
25-08-2022 14:59:48|INFO|Is groups None: True 
25-08-2022 14:59:49|INFO|9/10|grid.best_params_={'svc__C': 0.01, 'svc__gamma': 10.0, 'svc__kernel': 'rbf', 'svc__max_iter': 1000}, grid.best_score_=0.7388888888888889, grid.best_index_=5, acc=0.6, time=1.0206482410430908
25-08-2022 14:59:49|INFO|Is groups None: True 
25-08-2022 14:59:50|INFO|10/10|grid.best_params_={'svc__C': 100.0, 'svc__gamma': 0.1, 'svc__kernel': 'rbf', 'svc__max_iter': 1000}, grid.best_score_=0.7444444444444445, grid.best_index_=18, acc=0.9, time=1.0362470149993896
25-08-2022 14:59:50|INFO|s32|10-CV=0.71500|STD=0.12052|Time spend=10.94385838508606
25-08-2022 14:59:50|INFO|final|10-CV=0.68719|STD=0.02431
