01-04-2022 14:44:41|INFO|
    Running Command: 
        python3 main-ml.py --subject_setup dependent --experimental_setup trial --stimuli_class valence --preprocessing DASM --segment_lenght 12 --output_log ./output/dependent_trial_valence_DASM_12.log
    Starting training:
        segment_lenght:  12
        output_log:      ./output/dependent_trial_valence_DASM_12.log
        stimuli_class:   valence
        preprocessing:   DASM
        subject_setup:   dependent
        experimental_setup: trial
    
01-04-2022 14:45:04|INFO|s04|10-CV=0.70500|STD=0.06874|Time spend=22.99942708015442
01-04-2022 14:45:21|INFO|s13|10-CV=0.77000|STD=0.10770|Time spend=17.66846537590027
01-04-2022 14:45:39|INFO|s07|10-CV=0.70000|STD=0.10000|Time spend=17.72633719444275
01-04-2022 14:46:00|INFO|s25|10-CV=0.44500|STD=0.08500|Time spend=20.520837783813477
01-04-2022 14:46:19|INFO|s31|10-CV=0.53000|STD=0.08718|Time spend=19.409871101379395
01-04-2022 14:46:37|INFO|s28|10-CV=0.64500|STD=0.10356|Time spend=18.031391620635986
01-04-2022 14:46:54|INFO|s20|10-CV=0.70000|STD=0.08367|Time spend=16.578477144241333
01-04-2022 14:47:11|INFO|s10|10-CV=0.74000|STD=0.19339|Time spend=17.34333038330078
01-04-2022 14:47:28|INFO|s18|10-CV=0.71000|STD=0.13379|Time spend=16.558274507522583
01-04-2022 14:47:46|INFO|s02|10-CV=0.68000|STD=0.14526|Time spend=18.021438121795654
01-04-2022 14:48:04|INFO|s16|10-CV=0.70500|STD=0.19679|Time spend=18.146899223327637
01-04-2022 14:48:24|INFO|s21|10-CV=0.48000|STD=0.16613|Time spend=19.834570169448853
01-04-2022 14:48:42|INFO|s30|10-CV=0.67500|STD=0.11456|Time spend=18.8798086643219
01-04-2022 14:49:01|INFO|s12|10-CV=0.57500|STD=0.07826|Time spend=18.815265893936157
01-04-2022 14:49:18|INFO|s27|10-CV=0.72500|STD=0.07500|Time spend=16.499879121780396
01-04-2022 14:49:38|INFO|s17|10-CV=0.47000|STD=0.12490|Time spend=19.805787563323975
01-04-2022 14:49:57|INFO|s08|10-CV=0.58500|STD=0.07762|Time spend=19.074870109558105
01-04-2022 14:50:15|INFO|s26|10-CV=0.60000|STD=0.10488|Time spend=18.76814365386963
01-04-2022 14:50:34|INFO|s23|10-CV=0.59500|STD=0.11057|Time spend=18.26377034187317
01-04-2022 14:50:52|INFO|s14|10-CV=0.67500|STD=0.18062|Time spend=18.3851580619812
01-04-2022 14:51:11|INFO|s11|10-CV=0.54000|STD=0.08307|Time spend=18.623494386672974
01-04-2022 14:51:29|INFO|s09|10-CV=0.66500|STD=0.13048|Time spend=18.01456379890442
01-04-2022 14:51:47|INFO|s06|10-CV=0.74000|STD=0.03000|Time spend=18.120652675628662
01-04-2022 14:52:06|INFO|s19|10-CV=0.61500|STD=0.12258|Time spend=19.092771291732788
01-04-2022 14:52:25|INFO|s24|10-CV=0.59500|STD=0.10112|Time spend=19.08200693130493
01-04-2022 14:52:43|INFO|s15|10-CV=0.77000|STD=0.13820|Time spend=17.698777198791504
01-04-2022 14:53:01|INFO|s32|10-CV=0.59500|STD=0.15882|Time spend=18.46213960647583
01-04-2022 14:53:20|INFO|s29|10-CV=0.62500|STD=0.06423|Time spend=18.709558725357056
01-04-2022 14:53:39|INFO|s05|10-CV=0.54000|STD=0.11576|Time spend=18.91987943649292
01-04-2022 14:53:59|INFO|s03|10-CV=0.52000|STD=0.10536|Time spend=20.096240282058716
01-04-2022 14:54:17|INFO|s22|10-CV=0.51500|STD=0.10012|Time spend=18.576603889465332
01-04-2022 14:54:38|INFO|s01|10-CV=0.50500|STD=0.12540|Time spend=21.068944931030273
01-04-2022 14:54:38|INFO|final|10-CV=0.62297|STD=0.03744
