02-06-2022 06:10:40|INFO|
    Running Command: 
        python3 main-ml.py --subject_setup dependent --experimental_setup trial --stimuli_class valence --preprocessing DASM --segment_lenght 20 --output_log ./output/dependent-trial-valence-DASM-20.log
    Starting training:
        segment_lenght:  20
        output_log:      ./output/dependent-trial-valence-DASM-20.log
        stimuli_class:   valence
        preprocessing:   DASM
        subject_setup:   dependent
        experimental_setup: trial
    
02-06-2022 06:10:46|INFO|Running Segment-First
02-06-2022 06:10:46|INFO|X.shape=(120, 14), y.shape=(120,), groups.shape=(120,)
02-06-2022 06:10:46|INFO|Is groups None: False 
02-06-2022 06:11:09|INFO|grid.best_params_={'C': 10000000000.0, 'gamma': 1e-09, 'kernel': 'rbf', 'max_iter': 1000}, grid.best_score_=0.5246913580246914, grid.best_index_=42, acc=0.4166666666666667, time=23.237130880355835
02-06-2022 06:11:09|INFO|Is groups None: False 
02-06-2022 06:11:10|INFO|grid.best_params_={'C': 100000000.0, 'gamma': 1e-07, 'kernel': 'rbf', 'max_iter': 1000}, grid.best_score_=0.5487654320987655, grid.best_index_=36, acc=0.5, time=0.32456493377685547
02-06-2022 06:11:10|INFO|Is groups None: False 
02-06-2022 06:11:10|INFO|grid.best_params_={'C': 100000000.0, 'gamma': 1e-05, 'kernel': 'rbf', 'max_iter': 1000}, grid.best_score_=0.5555555555555556, grid.best_index_=37, acc=0.75, time=0.25905847549438477
02-06-2022 06:11:10|INFO|Is groups None: False 
02-06-2022 06:11:10|INFO|grid.best_params_={'C': 1000000.0, 'gamma': 0.001, 'kernel': 'rbf', 'max_iter': 1000}, grid.best_score_=0.5827160493827162, grid.best_index_=31, acc=0.4166666666666667, time=0.25238680839538574
02-06-2022 06:11:10|INFO|Is groups None: False 
02-06-2022 06:11:10|INFO|grid.best_params_={'C': 10000.0, 'gamma': 0.001, 'kernel': 'rbf', 'max_iter': 1000}, grid.best_score_=0.519753086419753, grid.best_index_=24, acc=0.5, time=0.28082275390625
02-06-2022 06:11:10|INFO|Is groups None: False 
02-06-2022 06:11:11|INFO|grid.best_params_={'C': 0.01, 'gamma': 1e-09, 'kernel': 'rbf', 'max_iter': 1000}, grid.best_score_=0.5092592592592593, grid.best_index_=0, acc=0.5, time=0.23485207557678223
02-06-2022 06:11:11|INFO|Is groups None: False 
02-06-2022 06:11:11|INFO|grid.best_params_={'C': 10000.0, 'gamma': 0.001, 'kernel': 'rbf', 'max_iter': 1000}, grid.best_score_=0.5555555555555556, grid.best_index_=24, acc=0.3333333333333333, time=0.2602839469909668
02-06-2022 06:11:11|INFO|Is groups None: False 
02-06-2022 06:11:43|INFO|grid.best_params_={'C': 10000.0, 'gamma': 0.001, 'kernel': 'rbf', 'max_iter': 1000}, grid.best_score_=0.537037037037037, grid.best_index_=24, acc=0.4166666666666667, time=31.96611523628235
02-06-2022 06:11:43|INFO|Is groups None: False 
02-06-2022 06:11:43|INFO|grid.best_params_={'C': 1000000.0, 'gamma': 0.001, 'kernel': 'rbf', 'max_iter': 1000}, grid.best_score_=0.5648148148148148, grid.best_index_=31, acc=0.3333333333333333, time=0.31582117080688477
02-06-2022 06:11:43|INFO|Is groups None: False 
02-06-2022 06:11:43|INFO|grid.best_params_={'C': 0.01, 'gamma': 1e-05, 'kernel': 'rbf', 'max_iter': 1000}, grid.best_score_=0.5499999999999999, grid.best_index_=2, acc=0.5, time=0.2623000144958496
02-06-2022 06:11:43|INFO|s01|10-CV=0.46667|STD=0.11304|Time spend=63.40700054168701
02-06-2022 06:11:44|INFO|Running Segment-First
02-06-2022 06:11:44|INFO|X.shape=(120, 14), y.shape=(120,), groups.shape=(120,)
02-06-2022 06:11:44|INFO|Is groups None: False 
02-06-2022 06:11:44|INFO|grid.best_params_={'C': 10000000000.0, 'gamma': 1e-07, 'kernel': 'rbf', 'max_iter': 1000}, grid.best_score_=0.6851851851851852, grid.best_index_=43, acc=0.6666666666666666, time=0.34956932067871094
02-06-2022 06:11:44|INFO|Is groups None: False 
02-06-2022 06:11:44|INFO|grid.best_params_={'C': 100.0, 'gamma': 0.001, 'kernel': 'rbf', 'max_iter': 1000}, grid.best_score_=0.6574074074074074, grid.best_index_=17, acc=0.75, time=0.26880979537963867
02-06-2022 06:11:44|INFO|Is groups None: False 
02-06-2022 06:11:45|INFO|grid.best_params_={'C': 100.0, 'gamma': 0.001, 'kernel': 'rbf', 'max_iter': 1000}, grid.best_score_=0.6666666666666666, grid.best_index_=17, acc=0.9166666666666666, time=0.24390888214111328
02-06-2022 06:11:45|INFO|Is groups None: False 
02-06-2022 06:11:45|INFO|grid.best_params_={'C': 1000000.0, 'gamma': 1e-07, 'kernel': 'rbf', 'max_iter': 1000}, grid.best_score_=0.7037037037037037, grid.best_index_=29, acc=0.4166666666666667, time=0.24350214004516602
02-06-2022 06:11:45|INFO|Is groups None: False 
02-06-2022 06:11:45|INFO|grid.best_params_={'C': 1.0, 'gamma': 0.1, 'kernel': 'rbf', 'max_iter': 1000}, grid.best_score_=0.675925925925926, grid.best_index_=11, acc=0.6666666666666666, time=0.2572753429412842
02-06-2022 06:11:45|INFO|Is groups None: False 
02-06-2022 06:11:45|INFO|grid.best_params_={'C': 10000.0, 'gamma': 1e-05, 'kernel': 'rbf', 'max_iter': 1000}, grid.best_score_=0.7234567901234568, grid.best_index_=23, acc=0.5833333333333334, time=0.24089312553405762
02-06-2022 06:11:45|INFO|Is groups None: False 
02-06-2022 06:11:46|INFO|grid.best_params_={'C': 1000000.0, 'gamma': 1e-07, 'kernel': 'rbf', 'max_iter': 1000}, grid.best_score_=0.6851851851851852, grid.best_index_=29, acc=0.5833333333333334, time=0.3095684051513672
02-06-2022 06:11:46|INFO|Is groups None: False 
02-06-2022 06:11:46|INFO|grid.best_params_={'C': 10000000000.0, 'gamma': 1e-07, 'kernel': 'rbf', 'max_iter': 1000}, grid.best_score_=0.6481481481481481, grid.best_index_=43, acc=0.6666666666666666, time=0.24349212646484375
02-06-2022 06:11:46|INFO|Is groups None: False 
02-06-2022 06:11:46|INFO|grid.best_params_={'C': 100000000.0, 'gamma': 1e-07, 'kernel': 'rbf', 'max_iter': 1000}, grid.best_score_=0.6666666666666666, grid.best_index_=36, acc=0.4166666666666667, time=0.25681376457214355
02-06-2022 06:11:46|INFO|Is groups None: False 
02-06-2022 06:11:47|INFO|grid.best_params_={'C': 1000000.0, 'gamma': 1e-07, 'kernel': 'rbf', 'max_iter': 1000}, grid.best_score_=0.7407407407407408, grid.best_index_=29, acc=0.4166666666666667, time=0.2502579689025879
02-06-2022 06:11:47|INFO|s02|10-CV=0.60833|STD=0.15388|Time spend=3.1149206161499023
02-06-2022 06:11:47|INFO|Running Segment-First
02-06-2022 06:11:47|INFO|X.shape=(120, 14), y.shape=(120,), groups.shape=(120,)
02-06-2022 06:11:47|INFO|Is groups None: False 
02-06-2022 06:11:47|INFO|grid.best_params_={'C': 100000000.0, 'gamma': 1e-07, 'kernel': 'rbf', 'max_iter': 1000}, grid.best_score_=0.5740740740740741, grid.best_index_=36, acc=0.4166666666666667, time=0.352520227432251
02-06-2022 06:11:47|INFO|Is groups None: False 
02-06-2022 06:11:48|INFO|grid.best_params_={'C': 0.01, 'gamma': 1e-09, 'kernel': 'rbf', 'max_iter': 1000}, grid.best_score_=0.5555555555555556, grid.best_index_=0, acc=0.5, time=0.3185696601867676
02-06-2022 06:11:48|INFO|Is groups None: False 
02-06-2022 06:11:48|INFO|grid.best_params_={'C': 1000000.0, 'gamma': 1e-07, 'kernel': 'rbf', 'max_iter': 1000}, grid.best_score_=0.6203703703703705, grid.best_index_=29, acc=0.4166666666666667, time=0.24093317985534668
02-06-2022 06:11:48|INFO|Is groups None: False 
02-06-2022 06:11:48|INFO|grid.best_params_={'C': 100.0, 'gamma': 0.001, 'kernel': 'rbf', 'max_iter': 1000}, grid.best_score_=0.5950617283950618, grid.best_index_=17, acc=0.6666666666666666, time=0.23847723007202148
02-06-2022 06:11:48|INFO|Is groups None: False 
02-06-2022 06:11:48|INFO|grid.best_params_={'C': 0.01, 'gamma': 1e-09, 'kernel': 'rbf', 'max_iter': 1000}, grid.best_score_=0.5555555555555556, grid.best_index_=0, acc=0.5, time=0.29158878326416016
02-06-2022 06:11:48|INFO|Is groups None: False 
02-06-2022 06:11:49|INFO|grid.best_params_={'C': 1000000.0, 'gamma': 1e-05, 'kernel': 'rbf', 'max_iter': 1000}, grid.best_score_=0.638888888888889, grid.best_index_=30, acc=0.6666666666666666, time=0.25792860984802246
02-06-2022 06:11:49|INFO|Is groups None: False 
02-06-2022 06:11:49|INFO|grid.best_params_={'C': 100000000.0, 'gamma': 1e-07, 'kernel': 'rbf', 'max_iter': 1000}, grid.best_score_=0.6018518518518517, grid.best_index_=36, acc=0.4166666666666667, time=0.2531545162200928
02-06-2022 06:11:49|INFO|Is groups None: False 
02-06-2022 06:11:49|INFO|grid.best_params_={'C': 1000000.0, 'gamma': 1e-07, 'kernel': 'rbf', 'max_iter': 1000}, grid.best_score_=0.574074074074074, grid.best_index_=29, acc=0.5833333333333334, time=0.23177814483642578
02-06-2022 06:11:49|INFO|Is groups None: False 
02-06-2022 06:11:49|INFO|grid.best_params_={'C': 10000000000.0, 'gamma': 1e-07, 'kernel': 'rbf', 'max_iter': 1000}, grid.best_score_=0.5858024691358025, grid.best_index_=43, acc=0.4166666666666667, time=0.24978876113891602
02-06-2022 06:11:49|INFO|Is groups None: False 
02-06-2022 06:11:50|INFO|grid.best_params_={'C': 10000000000.0, 'gamma': 1e-07, 'kernel': 'rbf', 'max_iter': 1000}, grid.best_score_=0.7037037037037037, grid.best_index_=43, acc=0.5, time=0.24805545806884766
02-06-2022 06:11:50|INFO|s03|10-CV=0.50833|STD=0.09465|Time spend=3.1472008228302
02-06-2022 06:11:50|INFO|Running Segment-First
02-06-2022 06:11:50|INFO|X.shape=(120, 14), y.shape=(120,), groups.shape=(120,)
02-06-2022 06:11:50|INFO|Is groups None: False 
02-06-2022 06:11:50|INFO|grid.best_params_={'C': 100.0, 'gamma': 0.001, 'kernel': 'rbf', 'max_iter': 1000}, grid.best_score_=0.6759259259259259, grid.best_index_=17, acc=0.75, time=0.3693993091583252
02-06-2022 06:11:50|INFO|Is groups None: False 
02-06-2022 06:11:51|INFO|grid.best_params_={'C': 100000000.0, 'gamma': 1e-07, 'kernel': 'rbf', 'max_iter': 1000}, grid.best_score_=0.7592592592592593, grid.best_index_=36, acc=0.6666666666666666, time=0.2663872241973877
02-06-2022 06:11:51|INFO|Is groups None: False 
02-06-2022 06:11:51|INFO|grid.best_params_={'C': 100.0, 'gamma': 0.001, 'kernel': 'rbf', 'max_iter': 1000}, grid.best_score_=0.7037037037037037, grid.best_index_=17, acc=0.75, time=0.25217175483703613
02-06-2022 06:11:51|INFO|Is groups None: False 
02-06-2022 06:11:51|INFO|grid.best_params_={'C': 100.0, 'gamma': 0.001, 'kernel': 'rbf', 'max_iter': 1000}, grid.best_score_=0.7407407407407408, grid.best_index_=17, acc=0.6666666666666666, time=0.2763481140136719
02-06-2022 06:11:51|INFO|Is groups None: False 
02-06-2022 06:11:52|INFO|grid.best_params_={'C': 100.0, 'gamma': 0.001, 'kernel': 'rbf', 'max_iter': 1000}, grid.best_score_=0.6759259259259259, grid.best_index_=17, acc=0.75, time=0.2694270610809326
02-06-2022 06:11:52|INFO|Is groups None: False 
02-06-2022 06:11:52|INFO|grid.best_params_={'C': 100.0, 'gamma': 0.001, 'kernel': 'rbf', 'max_iter': 1000}, grid.best_score_=0.7129629629629629, grid.best_index_=17, acc=0.8333333333333334, time=0.26415300369262695
02-06-2022 06:11:52|INFO|Is groups None: False 
02-06-2022 06:11:52|INFO|grid.best_params_={'C': 10000.0, 'gamma': 1e-05, 'kernel': 'rbf', 'max_iter': 1000}, grid.best_score_=0.6944444444444445, grid.best_index_=23, acc=0.6666666666666666, time=0.2574117183685303
02-06-2022 06:11:52|INFO|Is groups None: False 
02-06-2022 06:11:52|INFO|grid.best_params_={'C': 10000000000.0, 'gamma': 1e-07, 'kernel': 'rbf', 'max_iter': 1000}, grid.best_score_=0.7685185185185185, grid.best_index_=43, acc=0.4166666666666667, time=0.25477051734924316
02-06-2022 06:11:52|INFO|Is groups None: False 
02-06-2022 06:11:53|INFO|grid.best_params_={'C': 10000.0, 'gamma': 1e-05, 'kernel': 'rbf', 'max_iter': 1000}, grid.best_score_=0.7314814814814815, grid.best_index_=23, acc=0.6666666666666666, time=0.25730276107788086
02-06-2022 06:11:53|INFO|Is groups None: False 
02-06-2022 06:11:53|INFO|grid.best_params_={'C': 1000000.0, 'gamma': 1e-07, 'kernel': 'rbf', 'max_iter': 1000}, grid.best_score_=0.6851851851851852, grid.best_index_=29, acc=0.8333333333333334, time=0.25837278366088867
02-06-2022 06:11:53|INFO|s04|10-CV=0.70000|STD=0.11304|Time spend=3.22287917137146
02-06-2022 06:11:53|INFO|Running Segment-First
02-06-2022 06:11:53|INFO|X.shape=(120, 14), y.shape=(120,), groups.shape=(120,)
02-06-2022 06:11:53|INFO|Is groups None: False 
02-06-2022 06:11:54|INFO|grid.best_params_={'C': 100000000.0, 'gamma': 1e-05, 'kernel': 'rbf', 'max_iter': 1000}, grid.best_score_=0.6018518518518519, grid.best_index_=37, acc=0.6666666666666666, time=0.35007405281066895
02-06-2022 06:11:54|INFO|Is groups None: False 
02-06-2022 06:11:54|INFO|grid.best_params_={'C': 100.0, 'gamma': 0.1, 'kernel': 'rbf', 'max_iter': 1000}, grid.best_score_=0.6203703703703703, grid.best_index_=18, acc=0.5, time=0.27510809898376465
02-06-2022 06:11:54|INFO|Is groups None: False 
02-06-2022 06:11:54|INFO|grid.best_params_={'C': 1.0, 'gamma': 0.1, 'kernel': 'rbf', 'max_iter': 1000}, grid.best_score_=0.6296296296296295, grid.best_index_=11, acc=0.6666666666666666, time=0.2576415538787842
02-06-2022 06:11:54|INFO|Is groups None: False 
02-06-2022 06:11:54|INFO|grid.best_params_={'C': 1000000.0, 'gamma': 0.001, 'kernel': 'rbf', 'max_iter': 1000}, grid.best_score_=0.6574074074074074, grid.best_index_=31, acc=0.4166666666666667, time=0.23712921142578125
02-06-2022 06:11:54|INFO|Is groups None: False 
02-06-2022 06:11:55|INFO|grid.best_params_={'C': 1000000.0, 'gamma': 0.001, 'kernel': 'rbf', 'max_iter': 1000}, grid.best_score_=0.6574074074074074, grid.best_index_=31, acc=0.3333333333333333, time=0.24865436553955078
02-06-2022 06:11:55|INFO|Is groups None: False 
02-06-2022 06:11:55|INFO|grid.best_params_={'C': 1000000.0, 'gamma': 1e-05, 'kernel': 'rbf', 'max_iter': 1000}, grid.best_score_=0.6296296296296297, grid.best_index_=30, acc=0.5, time=0.45108604431152344
02-06-2022 06:11:55|INFO|Is groups None: False 
02-06-2022 06:11:55|INFO|grid.best_params_={'C': 1000000.0, 'gamma': 1e-05, 'kernel': 'rbf', 'max_iter': 1000}, grid.best_score_=0.6296296296296295, grid.best_index_=30, acc=0.6666666666666666, time=0.2642841339111328
02-06-2022 06:11:55|INFO|Is groups None: False 
02-06-2022 06:11:56|INFO|grid.best_params_={'C': 0.01, 'gamma': 1e-09, 'kernel': 'rbf', 'max_iter': 1000}, grid.best_score_=0.6111111111111112, grid.best_index_=0, acc=0.5, time=0.244581937789917
02-06-2022 06:11:56|INFO|Is groups None: False 
02-06-2022 06:11:56|INFO|grid.best_params_={'C': 100.0, 'gamma': 0.1, 'kernel': 'rbf', 'max_iter': 1000}, grid.best_score_=0.6388888888888888, grid.best_index_=18, acc=0.4166666666666667, time=0.3381202220916748
02-06-2022 06:11:56|INFO|Is groups None: False 
02-06-2022 06:11:56|INFO|grid.best_params_={'C': 0.01, 'gamma': 1e-09, 'kernel': 'rbf', 'max_iter': 1000}, grid.best_score_=0.5833333333333334, grid.best_index_=0, acc=0.75, time=0.26764345169067383
02-06-2022 06:11:56|INFO|s05|10-CV=0.54167|STD=0.13044|Time spend=3.3931214809417725
02-06-2022 06:11:57|INFO|Running Segment-First
02-06-2022 06:11:57|INFO|X.shape=(120, 14), y.shape=(120,), groups.shape=(120,)
02-06-2022 06:11:57|INFO|Is groups None: False 
02-06-2022 06:11:57|INFO|grid.best_params_={'C': 0.01, 'gamma': 1e-09, 'kernel': 'rbf', 'max_iter': 1000}, grid.best_score_=0.75, grid.best_index_=0, acc=0.75, time=0.3081200122833252
02-06-2022 06:11:57|INFO|Is groups None: False 
02-06-2022 06:11:57|INFO|grid.best_params_={'C': 0.01, 'gamma': 1e-09, 'kernel': 'rbf', 'max_iter': 1000}, grid.best_score_=0.75, grid.best_index_=0, acc=0.75, time=0.25402188301086426
02-06-2022 06:11:57|INFO|Is groups None: False 
02-06-2022 06:11:58|INFO|grid.best_params_={'C': 0.01, 'gamma': 1e-09, 'kernel': 'rbf', 'max_iter': 1000}, grid.best_score_=0.75, grid.best_index_=0, acc=0.75, time=0.25601673126220703
02-06-2022 06:11:58|INFO|Is groups None: False 
02-06-2022 06:11:58|INFO|grid.best_params_={'C': 0.01, 'gamma': 1e-09, 'kernel': 'rbf', 'max_iter': 1000}, grid.best_score_=0.75, grid.best_index_=0, acc=0.75, time=0.25000572204589844
02-06-2022 06:11:58|INFO|Is groups None: False 
02-06-2022 06:11:58|INFO|grid.best_params_={'C': 0.01, 'gamma': 1e-09, 'kernel': 'rbf', 'max_iter': 1000}, grid.best_score_=0.75, grid.best_index_=0, acc=0.75, time=0.25247859954833984
02-06-2022 06:11:58|INFO|Is groups None: False 
02-06-2022 06:11:58|INFO|grid.best_params_={'C': 0.01, 'gamma': 1e-09, 'kernel': 'rbf', 'max_iter': 1000}, grid.best_score_=0.75, grid.best_index_=0, acc=0.75, time=0.24531817436218262
02-06-2022 06:11:58|INFO|Is groups None: False 
02-06-2022 06:11:59|INFO|grid.best_params_={'C': 0.01, 'gamma': 1e-09, 'kernel': 'rbf', 'max_iter': 1000}, grid.best_score_=0.75, grid.best_index_=0, acc=0.75, time=0.2528655529022217
02-06-2022 06:11:59|INFO|Is groups None: False 
02-06-2022 06:11:59|INFO|grid.best_params_={'C': 100000000.0, 'gamma': 1e-09, 'kernel': 'rbf', 'max_iter': 1000}, grid.best_score_=0.7685185185185185, grid.best_index_=35, acc=0.75, time=0.26677727699279785
02-06-2022 06:11:59|INFO|Is groups None: False 
02-06-2022 06:11:59|INFO|grid.best_params_={'C': 0.01, 'gamma': 1e-09, 'kernel': 'rbf', 'max_iter': 1000}, grid.best_score_=0.75, grid.best_index_=0, acc=0.75, time=0.24822258949279785
02-06-2022 06:11:59|INFO|Is groups None: False 
02-06-2022 06:11:59|INFO|grid.best_params_={'C': 0.01, 'gamma': 1e-09, 'kernel': 'rbf', 'max_iter': 1000}, grid.best_score_=0.75, grid.best_index_=0, acc=0.75, time=0.25483274459838867
02-06-2022 06:11:59|INFO|s06|10-CV=0.75000|STD=0.00000|Time spend=3.0592689514160156
02-06-2022 06:12:00|INFO|Running Segment-First
02-06-2022 06:12:00|INFO|X.shape=(120, 14), y.shape=(120,), groups.shape=(120,)
02-06-2022 06:12:00|INFO|Is groups None: False 
02-06-2022 06:12:00|INFO|grid.best_params_={'C': 0.01, 'gamma': 1e-09, 'kernel': 'rbf', 'max_iter': 1000}, grid.best_score_=0.6944444444444444, grid.best_index_=0, acc=0.75, time=0.32384276390075684
02-06-2022 06:12:00|INFO|Is groups None: False 
02-06-2022 06:12:00|INFO|grid.best_params_={'C': 0.01, 'gamma': 1e-09, 'kernel': 'rbf', 'max_iter': 1000}, grid.best_score_=0.7222222222222222, grid.best_index_=0, acc=0.5, time=0.25660014152526855
02-06-2022 06:12:00|INFO|Is groups None: False 
02-06-2022 06:12:01|INFO|grid.best_params_={'C': 0.01, 'gamma': 1e-09, 'kernel': 'rbf', 'max_iter': 1000}, grid.best_score_=0.6944444444444444, grid.best_index_=0, acc=0.75, time=0.2584066390991211
02-06-2022 06:12:01|INFO|Is groups None: False 
02-06-2022 06:12:01|INFO|grid.best_params_={'C': 0.01, 'gamma': 1e-09, 'kernel': 'rbf', 'max_iter': 1000}, grid.best_score_=0.7222222222222222, grid.best_index_=0, acc=0.5, time=0.2597165107727051
02-06-2022 06:12:01|INFO|Is groups None: False 
02-06-2022 06:12:01|INFO|grid.best_params_={'C': 0.01, 'gamma': 1e-09, 'kernel': 'rbf', 'max_iter': 1000}, grid.best_score_=0.6944444444444444, grid.best_index_=0, acc=0.75, time=0.247117280960083
02-06-2022 06:12:01|INFO|Is groups None: False 
02-06-2022 06:12:01|INFO|grid.best_params_={'C': 0.01, 'gamma': 1e-09, 'kernel': 'rbf', 'max_iter': 1000}, grid.best_score_=0.6944444444444444, grid.best_index_=0, acc=0.75, time=0.24762248992919922
02-06-2022 06:12:01|INFO|Is groups None: False 
02-06-2022 06:12:02|INFO|grid.best_params_={'C': 0.01, 'gamma': 1e-09, 'kernel': 'rbf', 'max_iter': 1000}, grid.best_score_=0.6944444444444444, grid.best_index_=0, acc=0.75, time=0.252948522567749
02-06-2022 06:12:02|INFO|Is groups None: False 
02-06-2022 06:12:02|INFO|grid.best_params_={'C': 100000000.0, 'gamma': 1e-09, 'kernel': 'rbf', 'max_iter': 1000}, grid.best_score_=0.7037037037037037, grid.best_index_=35, acc=0.5833333333333334, time=0.2628166675567627
02-06-2022 06:12:02|INFO|Is groups None: False 
02-06-2022 06:12:02|INFO|grid.best_params_={'C': 100000000.0, 'gamma': 1e-09, 'kernel': 'rbf', 'max_iter': 1000}, grid.best_score_=0.7037037037037037, grid.best_index_=35, acc=0.75, time=0.2528116703033447
02-06-2022 06:12:02|INFO|Is groups None: False 
02-06-2022 06:12:02|INFO|grid.best_params_={'C': 1000000.0, 'gamma': 0.001, 'kernel': 'rbf', 'max_iter': 1000}, grid.best_score_=0.7314814814814814, grid.best_index_=31, acc=0.25, time=0.24729204177856445
02-06-2022 06:12:02|INFO|s07|10-CV=0.63333|STD=0.16330|Time spend=3.0943710803985596
02-06-2022 06:12:03|INFO|Running Segment-First
02-06-2022 06:12:03|INFO|X.shape=(120, 14), y.shape=(120,), groups.shape=(120,)
02-06-2022 06:12:03|INFO|Is groups None: False 
02-06-2022 06:12:03|INFO|grid.best_params_={'C': 1.0, 'gamma': 0.1, 'kernel': 'rbf', 'max_iter': 1000}, grid.best_score_=0.6481481481481481, grid.best_index_=11, acc=0.3333333333333333, time=0.36831068992614746
02-06-2022 06:12:03|INFO|Is groups None: False 
02-06-2022 06:12:04|INFO|grid.best_params_={'C': 100000000.0, 'gamma': 1e-09, 'kernel': 'rbf', 'max_iter': 1000}, grid.best_score_=0.675925925925926, grid.best_index_=35, acc=0.5, time=0.26962947845458984
02-06-2022 06:12:04|INFO|Is groups None: False 
02-06-2022 06:12:04|INFO|grid.best_params_={'C': 10000.0, 'gamma': 1e-05, 'kernel': 'rbf', 'max_iter': 1000}, grid.best_score_=0.6018518518518519, grid.best_index_=23, acc=0.6666666666666666, time=0.2541697025299072
02-06-2022 06:12:04|INFO|Is groups None: False 
02-06-2022 06:12:04|INFO|grid.best_params_={'C': 10000.0, 'gamma': 0.001, 'kernel': 'rbf', 'max_iter': 1000}, grid.best_score_=0.6388888888888888, grid.best_index_=24, acc=0.25, time=0.3489551544189453
02-06-2022 06:12:04|INFO|Is groups None: False 
02-06-2022 06:12:04|INFO|grid.best_params_={'C': 10000.0, 'gamma': 0.001, 'kernel': 'rbf', 'max_iter': 1000}, grid.best_score_=0.6018518518518519, grid.best_index_=24, acc=0.5, time=0.25763511657714844
02-06-2022 06:12:04|INFO|Is groups None: False 
02-06-2022 06:12:05|INFO|grid.best_params_={'C': 100.0, 'gamma': 0.001, 'kernel': 'rbf', 'max_iter': 1000}, grid.best_score_=0.6388888888888888, grid.best_index_=17, acc=0.6666666666666666, time=0.2573831081390381
02-06-2022 06:12:05|INFO|Is groups None: False 
02-06-2022 06:12:05|INFO|grid.best_params_={'C': 1000000.0, 'gamma': 1e-07, 'kernel': 'rbf', 'max_iter': 1000}, grid.best_score_=0.6481481481481483, grid.best_index_=29, acc=0.5833333333333334, time=0.2526814937591553
02-06-2022 06:12:05|INFO|Is groups None: False 
02-06-2022 06:12:05|INFO|grid.best_params_={'C': 100000000.0, 'gamma': 1e-09, 'kernel': 'rbf', 'max_iter': 1000}, grid.best_score_=0.638888888888889, grid.best_index_=35, acc=0.25, time=0.2519242763519287
02-06-2022 06:12:05|INFO|Is groups None: False 
02-06-2022 06:12:05|INFO|grid.best_params_={'C': 10000.0, 'gamma': 0.001, 'kernel': 'rbf', 'max_iter': 1000}, grid.best_score_=0.638888888888889, grid.best_index_=24, acc=0.5, time=0.25727128982543945
02-06-2022 06:12:05|INFO|Is groups None: False 
02-06-2022 06:12:06|INFO|grid.best_params_={'C': 100000000.0, 'gamma': 1e-05, 'kernel': 'rbf', 'max_iter': 1000}, grid.best_score_=0.6574074074074074, grid.best_index_=37, acc=0.6666666666666666, time=0.26103925704956055
02-06-2022 06:12:06|INFO|s08|10-CV=0.49167|STD=0.15568|Time spend=3.2594175338745117
02-06-2022 06:12:06|INFO|Running Segment-First
02-06-2022 06:12:06|INFO|X.shape=(120, 14), y.shape=(120,), groups.shape=(120,)
02-06-2022 06:12:06|INFO|Is groups None: False 
02-06-2022 06:12:06|INFO|grid.best_params_={'C': 1.0, 'gamma': 0.1, 'kernel': 'rbf', 'max_iter': 1000}, grid.best_score_=0.6666666666666666, grid.best_index_=11, acc=0.6666666666666666, time=0.36621618270874023
02-06-2022 06:12:06|INFO|Is groups None: False 
02-06-2022 06:12:07|INFO|grid.best_params_={'C': 1.0, 'gamma': 0.1, 'kernel': 'rbf', 'max_iter': 1000}, grid.best_score_=0.6574074074074073, grid.best_index_=11, acc=0.75, time=0.2978997230529785
02-06-2022 06:12:07|INFO|Is groups None: False 
02-06-2022 06:12:07|INFO|grid.best_params_={'C': 100.0, 'gamma': 0.001, 'kernel': 'rbf', 'max_iter': 1000}, grid.best_score_=0.7037037037037037, grid.best_index_=17, acc=0.5833333333333334, time=0.24197864532470703
02-06-2022 06:12:07|INFO|Is groups None: False 
02-06-2022 06:12:07|INFO|grid.best_params_={'C': 10000000000.0, 'gamma': 1e-07, 'kernel': 'rbf', 'max_iter': 1000}, grid.best_score_=0.6851851851851852, grid.best_index_=43, acc=0.5833333333333334, time=0.268399715423584
02-06-2022 06:12:07|INFO|Is groups None: False 
02-06-2022 06:12:08|INFO|grid.best_params_={'C': 100.0, 'gamma': 0.001, 'kernel': 'rbf', 'max_iter': 1000}, grid.best_score_=0.7129629629629629, grid.best_index_=17, acc=0.6666666666666666, time=0.25411152839660645
02-06-2022 06:12:08|INFO|Is groups None: False 
02-06-2022 06:12:08|INFO|grid.best_params_={'C': 100.0, 'gamma': 0.001, 'kernel': 'rbf', 'max_iter': 1000}, grid.best_score_=0.6018518518518517, grid.best_index_=17, acc=0.8333333333333334, time=0.29808521270751953
02-06-2022 06:12:08|INFO|Is groups None: False 
02-06-2022 06:12:08|INFO|grid.best_params_={'C': 1000000.0, 'gamma': 1e-07, 'kernel': 'rbf', 'max_iter': 1000}, grid.best_score_=0.7407407407407407, grid.best_index_=29, acc=0.5, time=0.25104403495788574
02-06-2022 06:12:08|INFO|Is groups None: False 
02-06-2022 06:12:08|INFO|grid.best_params_={'C': 10000.0, 'gamma': 1e-05, 'kernel': 'rbf', 'max_iter': 1000}, grid.best_score_=0.6666666666666666, grid.best_index_=23, acc=0.5833333333333334, time=0.2904789447784424
02-06-2022 06:12:08|INFO|Is groups None: False 
02-06-2022 06:12:09|INFO|grid.best_params_={'C': 1.0, 'gamma': 0.1, 'kernel': 'rbf', 'max_iter': 1000}, grid.best_score_=0.638888888888889, grid.best_index_=11, acc=0.8333333333333334, time=0.24982380867004395
02-06-2022 06:12:09|INFO|Is groups None: False 
02-06-2022 06:12:09|INFO|grid.best_params_={'C': 10000.0, 'gamma': 0.001, 'kernel': 'rbf', 'max_iter': 1000}, grid.best_score_=0.7037037037037037, grid.best_index_=24, acc=0.3333333333333333, time=0.2405388355255127
02-06-2022 06:12:09|INFO|s09|10-CV=0.63333|STD=0.14530|Time spend=3.199537992477417
02-06-2022 06:12:09|INFO|Running Segment-First
02-06-2022 06:12:09|INFO|X.shape=(120, 14), y.shape=(120,), groups.shape=(120,)
02-06-2022 06:12:09|INFO|Is groups None: False 
02-06-2022 06:12:10|INFO|grid.best_params_={'C': 100.0, 'gamma': 0.001, 'kernel': 'rbf', 'max_iter': 1000}, grid.best_score_=0.8148148148148148, grid.best_index_=17, acc=0.5, time=0.3711380958557129
02-06-2022 06:12:10|INFO|Is groups None: False 
02-06-2022 06:12:10|INFO|grid.best_params_={'C': 10000.0, 'gamma': 1e-05, 'kernel': 'rbf', 'max_iter': 1000}, grid.best_score_=0.7037037037037037, grid.best_index_=23, acc=0.8333333333333334, time=0.28304290771484375
02-06-2022 06:12:10|INFO|Is groups None: False 
02-06-2022 06:12:10|INFO|grid.best_params_={'C': 100.0, 'gamma': 0.001, 'kernel': 'rbf', 'max_iter': 1000}, grid.best_score_=0.7592592592592593, grid.best_index_=17, acc=0.5, time=0.2512383460998535
02-06-2022 06:12:10|INFO|Is groups None: False 
02-06-2022 06:12:11|INFO|grid.best_params_={'C': 10000000000.0, 'gamma': 1e-07, 'kernel': 'rbf', 'max_iter': 1000}, grid.best_score_=0.7592592592592593, grid.best_index_=43, acc=0.75, time=0.31217455863952637
02-06-2022 06:12:11|INFO|Is groups None: False 
02-06-2022 06:12:11|INFO|grid.best_params_={'C': 100000000.0, 'gamma': 1e-07, 'kernel': 'rbf', 'max_iter': 1000}, grid.best_score_=0.712962962962963, grid.best_index_=36, acc=0.8333333333333334, time=0.26793503761291504
02-06-2022 06:12:11|INFO|Is groups None: False 
02-06-2022 06:12:11|INFO|grid.best_params_={'C': 10000.0, 'gamma': 1e-05, 'kernel': 'rbf', 'max_iter': 1000}, grid.best_score_=0.7222222222222222, grid.best_index_=23, acc=0.9166666666666666, time=0.2590813636779785
02-06-2022 06:12:11|INFO|Is groups None: False 
02-06-2022 06:12:11|INFO|grid.best_params_={'C': 10000.0, 'gamma': 1e-05, 'kernel': 'rbf', 'max_iter': 1000}, grid.best_score_=0.7222222222222223, grid.best_index_=23, acc=0.75, time=0.25162506103515625
02-06-2022 06:12:11|INFO|Is groups None: False 
02-06-2022 06:12:12|INFO|grid.best_params_={'C': 1000000.0, 'gamma': 1e-07, 'kernel': 'rbf', 'max_iter': 1000}, grid.best_score_=0.7314814814814814, grid.best_index_=29, acc=0.75, time=0.25196194648742676
02-06-2022 06:12:12|INFO|Is groups None: False 
02-06-2022 06:12:12|INFO|grid.best_params_={'C': 100.0, 'gamma': 0.001, 'kernel': 'rbf', 'max_iter': 1000}, grid.best_score_=0.7314814814814815, grid.best_index_=17, acc=0.9166666666666666, time=0.25164270401000977
02-06-2022 06:12:12|INFO|Is groups None: False 
02-06-2022 06:12:12|INFO|grid.best_params_={'C': 100.0, 'gamma': 0.001, 'kernel': 'rbf', 'max_iter': 1000}, grid.best_score_=0.787037037037037, grid.best_index_=17, acc=0.4166666666666667, time=0.25291919708251953
02-06-2022 06:12:12|INFO|s10|10-CV=0.71667|STD=0.17159|Time spend=3.2374351024627686
02-06-2022 06:12:13|INFO|Running Segment-First
02-06-2022 06:12:13|INFO|X.shape=(120, 14), y.shape=(120,), groups.shape=(120,)
02-06-2022 06:12:13|INFO|Is groups None: False 
02-06-2022 06:12:13|INFO|grid.best_params_={'C': 10000000000.0, 'gamma': 1e-07, 'kernel': 'rbf', 'max_iter': 1000}, grid.best_score_=0.7129629629629629, grid.best_index_=43, acc=0.75, time=0.3606140613555908
02-06-2022 06:12:13|INFO|Is groups None: False 
02-06-2022 06:12:13|INFO|grid.best_params_={'C': 100000000.0, 'gamma': 1e-07, 'kernel': 'rbf', 'max_iter': 1000}, grid.best_score_=0.7222222222222222, grid.best_index_=36, acc=0.5833333333333334, time=0.26290202140808105
02-06-2022 06:12:13|INFO|Is groups None: False 
02-06-2022 06:12:13|INFO|grid.best_params_={'C': 100.0, 'gamma': 0.001, 'kernel': 'rbf', 'max_iter': 1000}, grid.best_score_=0.6944444444444444, grid.best_index_=17, acc=0.6666666666666666, time=0.2543818950653076
02-06-2022 06:12:13|INFO|Is groups None: False 
02-06-2022 06:12:14|INFO|grid.best_params_={'C': 10000000000.0, 'gamma': 1e-09, 'kernel': 'rbf', 'max_iter': 1000}, grid.best_score_=0.7407407407407407, grid.best_index_=42, acc=0.5833333333333334, time=0.25102806091308594
02-06-2022 06:12:14|INFO|Is groups None: False 
02-06-2022 06:12:14|INFO|grid.best_params_={'C': 100000000.0, 'gamma': 1e-09, 'kernel': 'rbf', 'max_iter': 1000}, grid.best_score_=0.7314814814814814, grid.best_index_=35, acc=0.75, time=0.2628605365753174
02-06-2022 06:12:14|INFO|Is groups None: False 
02-06-2022 06:12:14|INFO|grid.best_params_={'C': 100000000.0, 'gamma': 1e-07, 'kernel': 'rbf', 'max_iter': 1000}, grid.best_score_=0.6944444444444444, grid.best_index_=36, acc=0.75, time=0.2543051242828369
02-06-2022 06:12:14|INFO|Is groups None: False 
02-06-2022 06:12:15|INFO|grid.best_params_={'C': 1000000.0, 'gamma': 1e-07, 'kernel': 'rbf', 'max_iter': 1000}, grid.best_score_=0.7037037037037037, grid.best_index_=29, acc=0.5833333333333334, time=0.25304388999938965
02-06-2022 06:12:15|INFO|Is groups None: False 
02-06-2022 06:12:15|INFO|grid.best_params_={'C': 10000000000.0, 'gamma': 1e-07, 'kernel': 'rbf', 'max_iter': 1000}, grid.best_score_=0.6851851851851852, grid.best_index_=43, acc=0.75, time=0.27240777015686035
02-06-2022 06:12:15|INFO|Is groups None: False 
02-06-2022 06:12:15|INFO|grid.best_params_={'C': 100000000.0, 'gamma': 1e-07, 'kernel': 'rbf', 'max_iter': 1000}, grid.best_score_=0.6759259259259259, grid.best_index_=36, acc=1.0, time=0.24860095977783203
02-06-2022 06:12:15|INFO|Is groups None: False 
02-06-2022 06:12:15|INFO|grid.best_params_={'C': 1000000.0, 'gamma': 1e-07, 'kernel': 'rbf', 'max_iter': 1000}, grid.best_score_=0.7037037037037037, grid.best_index_=29, acc=0.6666666666666666, time=0.2552213668823242
02-06-2022 06:12:15|INFO|s11|10-CV=0.70833|STD=0.11932|Time spend=3.1790239810943604
02-06-2022 06:12:16|INFO|Running Segment-First
02-06-2022 06:12:16|INFO|X.shape=(120, 14), y.shape=(120,), groups.shape=(120,)
02-06-2022 06:12:16|INFO|Is groups None: False 
02-06-2022 06:12:16|INFO|grid.best_params_={'C': 10000.0, 'gamma': 1e-05, 'kernel': 'rbf', 'max_iter': 1000}, grid.best_score_=0.591358024691358, grid.best_index_=23, acc=0.6666666666666666, time=0.33613085746765137
02-06-2022 06:12:16|INFO|Is groups None: False 
02-06-2022 06:12:16|INFO|grid.best_params_={'C': 10000000000.0, 'gamma': 1e-07, 'kernel': 'rbf', 'max_iter': 1000}, grid.best_score_=0.6290123456790124, grid.best_index_=43, acc=0.5833333333333334, time=0.24365520477294922
02-06-2022 06:12:16|INFO|Is groups None: False 
02-06-2022 06:12:17|INFO|grid.best_params_={'C': 100000000.0, 'gamma': 1e-07, 'kernel': 'rbf', 'max_iter': 1000}, grid.best_score_=0.5962962962962962, grid.best_index_=36, acc=0.8333333333333334, time=0.2548699378967285
02-06-2022 06:12:17|INFO|Is groups None: False 
02-06-2022 06:12:17|INFO|grid.best_params_={'C': 10000.0, 'gamma': 1e-05, 'kernel': 'rbf', 'max_iter': 1000}, grid.best_score_=0.6296296296296295, grid.best_index_=23, acc=0.6666666666666666, time=0.24895381927490234
02-06-2022 06:12:17|INFO|Is groups None: False 
02-06-2022 06:12:17|INFO|grid.best_params_={'C': 1.0, 'gamma': 0.1, 'kernel': 'rbf', 'max_iter': 1000}, grid.best_score_=0.6469135802469136, grid.best_index_=11, acc=0.5, time=0.2502713203430176
02-06-2022 06:12:17|INFO|Is groups None: False 
02-06-2022 06:12:17|INFO|grid.best_params_={'C': 1000000.0, 'gamma': 1e-07, 'kernel': 'rbf', 'max_iter': 1000}, grid.best_score_=0.6111111111111112, grid.best_index_=29, acc=0.3333333333333333, time=0.27797389030456543
02-06-2022 06:12:17|INFO|Is groups None: False 
02-06-2022 06:12:18|INFO|grid.best_params_={'C': 1000000.0, 'gamma': 1e-07, 'kernel': 'rbf', 'max_iter': 1000}, grid.best_score_=0.6203703703703705, grid.best_index_=29, acc=0.5833333333333334, time=0.264117956161499
02-06-2022 06:12:18|INFO|Is groups None: False 
02-06-2022 06:12:18|INFO|grid.best_params_={'C': 100.0, 'gamma': 0.001, 'kernel': 'rbf', 'max_iter': 1000}, grid.best_score_=0.630246913580247, grid.best_index_=17, acc=0.5833333333333334, time=0.2594106197357178
02-06-2022 06:12:18|INFO|Is groups None: False 
02-06-2022 06:12:18|INFO|grid.best_params_={'C': 1000000.0, 'gamma': 1e-05, 'kernel': 'rbf', 'max_iter': 1000}, grid.best_score_=0.6481481481481483, grid.best_index_=30, acc=0.5, time=0.2511458396911621
02-06-2022 06:12:18|INFO|Is groups None: False 
02-06-2022 06:12:19|INFO|grid.best_params_={'C': 1.0, 'gamma': 0.1, 'kernel': 'rbf', 'max_iter': 1000}, grid.best_score_=0.6944444444444445, grid.best_index_=11, acc=0.3333333333333333, time=0.25736236572265625
02-06-2022 06:12:19|INFO|s12|10-CV=0.55833|STD=0.14458|Time spend=3.1964011192321777
02-06-2022 06:12:19|INFO|Running Segment-First
02-06-2022 06:12:19|INFO|X.shape=(120, 14), y.shape=(120,), groups.shape=(120,)
02-06-2022 06:12:19|INFO|Is groups None: False 
02-06-2022 06:12:19|INFO|grid.best_params_={'C': 10000000000.0, 'gamma': 1e-07, 'kernel': 'rbf', 'max_iter': 1000}, grid.best_score_=0.8333333333333334, grid.best_index_=43, acc=0.4166666666666667, time=0.31672000885009766
02-06-2022 06:12:19|INFO|Is groups None: False 
02-06-2022 06:12:20|INFO|grid.best_params_={'C': 1000000.0, 'gamma': 1e-07, 'kernel': 'rbf', 'max_iter': 1000}, grid.best_score_=0.7592592592592592, grid.best_index_=29, acc=0.75, time=0.2760131359100342
02-06-2022 06:12:20|INFO|Is groups None: False 
02-06-2022 06:12:20|INFO|grid.best_params_={'C': 10000000000.0, 'gamma': 1e-07, 'kernel': 'rbf', 'max_iter': 1000}, grid.best_score_=0.7500000000000001, grid.best_index_=43, acc=0.8333333333333334, time=0.2674410343170166
02-06-2022 06:12:20|INFO|Is groups None: False 
02-06-2022 06:12:20|INFO|grid.best_params_={'C': 10000.0, 'gamma': 1e-05, 'kernel': 'rbf', 'max_iter': 1000}, grid.best_score_=0.7685185185185186, grid.best_index_=23, acc=0.6666666666666666, time=0.2466752529144287
02-06-2022 06:12:20|INFO|Is groups None: False 
02-06-2022 06:12:20|INFO|grid.best_params_={'C': 100000000.0, 'gamma': 1e-07, 'kernel': 'rbf', 'max_iter': 1000}, grid.best_score_=0.7500000000000001, grid.best_index_=36, acc=0.8333333333333334, time=0.24554753303527832
02-06-2022 06:12:20|INFO|Is groups None: False 
02-06-2022 06:12:21|INFO|grid.best_params_={'C': 10000.0, 'gamma': 1e-05, 'kernel': 'rbf', 'max_iter': 1000}, grid.best_score_=0.7592592592592592, grid.best_index_=23, acc=0.8333333333333334, time=0.24475860595703125
02-06-2022 06:12:21|INFO|Is groups None: False 
02-06-2022 06:12:21|INFO|grid.best_params_={'C': 100.0, 'gamma': 0.001, 'kernel': 'rbf', 'max_iter': 1000}, grid.best_score_=0.7407407407407408, grid.best_index_=17, acc=0.9166666666666666, time=0.2572610378265381
02-06-2022 06:12:21|INFO|Is groups None: False 
02-06-2022 06:12:21|INFO|grid.best_params_={'C': 10000000000.0, 'gamma': 1e-07, 'kernel': 'rbf', 'max_iter': 1000}, grid.best_score_=0.7592592592592592, grid.best_index_=43, acc=0.8333333333333334, time=0.2719268798828125
02-06-2022 06:12:21|INFO|Is groups None: False 
02-06-2022 06:12:21|INFO|grid.best_params_={'C': 10000.0, 'gamma': 1e-05, 'kernel': 'rbf', 'max_iter': 1000}, grid.best_score_=0.7870370370370371, grid.best_index_=23, acc=0.75, time=0.2675483226776123
02-06-2022 06:12:21|INFO|Is groups None: False 
02-06-2022 06:12:22|INFO|grid.best_params_={'C': 100.0, 'gamma': 0.001, 'kernel': 'rbf', 'max_iter': 1000}, grid.best_score_=0.7314814814814815, grid.best_index_=17, acc=0.75, time=0.3248131275177002
02-06-2022 06:12:22|INFO|s13|10-CV=0.75833|STD=0.13150|Time spend=3.1865222454071045
02-06-2022 06:12:22|INFO|Running Segment-First
02-06-2022 06:12:22|INFO|X.shape=(120, 14), y.shape=(120,), groups.shape=(120,)
02-06-2022 06:12:22|INFO|Is groups None: False 
02-06-2022 06:12:23|INFO|grid.best_params_={'C': 100.0, 'gamma': 0.001, 'kernel': 'rbf', 'max_iter': 1000}, grid.best_score_=0.6574074074074074, grid.best_index_=17, acc=0.75, time=0.34485316276550293
02-06-2022 06:12:23|INFO|Is groups None: False 
02-06-2022 06:12:23|INFO|grid.best_params_={'C': 1000000.0, 'gamma': 1e-07, 'kernel': 'rbf', 'max_iter': 1000}, grid.best_score_=0.7222222222222221, grid.best_index_=29, acc=0.3333333333333333, time=0.27520227432250977
02-06-2022 06:12:23|INFO|Is groups None: False 
02-06-2022 06:12:23|INFO|grid.best_params_={'C': 100000000.0, 'gamma': 1e-09, 'kernel': 'rbf', 'max_iter': 1000}, grid.best_score_=0.6388888888888888, grid.best_index_=35, acc=1.0, time=0.253936767578125
02-06-2022 06:12:23|INFO|Is groups None: False 
02-06-2022 06:12:23|INFO|grid.best_params_={'C': 1.0, 'gamma': 0.1, 'kernel': 'rbf', 'max_iter': 1000}, grid.best_score_=0.6851851851851852, grid.best_index_=11, acc=0.5, time=0.2571852207183838
02-06-2022 06:12:23|INFO|Is groups None: False 
02-06-2022 06:12:24|INFO|grid.best_params_={'C': 1000000.0, 'gamma': 1e-07, 'kernel': 'rbf', 'max_iter': 1000}, grid.best_score_=0.6574074074074073, grid.best_index_=29, acc=0.8333333333333334, time=0.24562525749206543
02-06-2022 06:12:24|INFO|Is groups None: False 
02-06-2022 06:12:24|INFO|grid.best_params_={'C': 10000000000.0, 'gamma': 1e-07, 'kernel': 'rbf', 'max_iter': 1000}, grid.best_score_=0.6759259259259259, grid.best_index_=43, acc=0.6666666666666666, time=0.24676871299743652
02-06-2022 06:12:24|INFO|Is groups None: False 
02-06-2022 06:12:24|INFO|grid.best_params_={'C': 100.0, 'gamma': 0.001, 'kernel': 'rbf', 'max_iter': 1000}, grid.best_score_=0.7037037037037037, grid.best_index_=17, acc=0.5833333333333334, time=0.2525036334991455
02-06-2022 06:12:24|INFO|Is groups None: False 
02-06-2022 06:12:24|INFO|grid.best_params_={'C': 100000000.0, 'gamma': 1e-07, 'kernel': 'rbf', 'max_iter': 1000}, grid.best_score_=0.6481481481481481, grid.best_index_=36, acc=0.75, time=0.259044885635376
02-06-2022 06:12:24|INFO|Is groups None: False 
02-06-2022 06:12:25|INFO|grid.best_params_={'C': 100000000.0, 'gamma': 1e-07, 'kernel': 'rbf', 'max_iter': 1000}, grid.best_score_=0.712962962962963, grid.best_index_=36, acc=0.4166666666666667, time=0.274810791015625
02-06-2022 06:12:25|INFO|Is groups None: False 
02-06-2022 06:12:25|INFO|grid.best_params_={'C': 10000000000.0, 'gamma': 1e-07, 'kernel': 'rbf', 'max_iter': 1000}, grid.best_score_=0.6944444444444444, grid.best_index_=43, acc=0.5833333333333334, time=0.2602701187133789
02-06-2022 06:12:25|INFO|s14|10-CV=0.64167|STD=0.19021|Time spend=3.177706003189087
02-06-2022 06:12:25|INFO|Running Segment-First
02-06-2022 06:12:25|INFO|X.shape=(120, 14), y.shape=(120,), groups.shape=(120,)
02-06-2022 06:12:25|INFO|Is groups None: False 
02-06-2022 06:12:26|INFO|grid.best_params_={'C': 100000000.0, 'gamma': 1e-07, 'kernel': 'rbf', 'max_iter': 1000}, grid.best_score_=0.7777777777777778, grid.best_index_=36, acc=0.8333333333333334, time=0.3190574645996094
02-06-2022 06:12:26|INFO|Is groups None: False 
02-06-2022 06:12:26|INFO|grid.best_params_={'C': 10000.0, 'gamma': 1e-05, 'kernel': 'rbf', 'max_iter': 1000}, grid.best_score_=0.7592592592592593, grid.best_index_=23, acc=0.75, time=0.25659918785095215
02-06-2022 06:12:26|INFO|Is groups None: False 
02-06-2022 06:12:26|INFO|grid.best_params_={'C': 10000.0, 'gamma': 1e-05, 'kernel': 'rbf', 'max_iter': 1000}, grid.best_score_=0.7314814814814815, grid.best_index_=23, acc=0.75, time=0.26370906829833984
02-06-2022 06:12:26|INFO|Is groups None: False 
02-06-2022 06:12:26|INFO|grid.best_params_={'C': 10000000000.0, 'gamma': 1e-07, 'kernel': 'rbf', 'max_iter': 1000}, grid.best_score_=0.8240740740740741, grid.best_index_=43, acc=0.5, time=0.28197598457336426
02-06-2022 06:12:26|INFO|Is groups None: False 
02-06-2022 06:12:27|INFO|grid.best_params_={'C': 10000.0, 'gamma': 1e-05, 'kernel': 'rbf', 'max_iter': 1000}, grid.best_score_=0.7685185185185185, grid.best_index_=23, acc=1.0, time=0.24335980415344238
02-06-2022 06:12:27|INFO|Is groups None: False 
02-06-2022 06:12:27|INFO|grid.best_params_={'C': 10000000000.0, 'gamma': 1e-07, 'kernel': 'rbf', 'max_iter': 1000}, grid.best_score_=0.7499999999999999, grid.best_index_=43, acc=0.75, time=0.34804844856262207
02-06-2022 06:12:27|INFO|Is groups None: False 
02-06-2022 06:12:27|INFO|grid.best_params_={'C': 10000.0, 'gamma': 1e-05, 'kernel': 'rbf', 'max_iter': 1000}, grid.best_score_=0.7777777777777778, grid.best_index_=23, acc=0.9166666666666666, time=0.2820000648498535
02-06-2022 06:12:27|INFO|Is groups None: False 
02-06-2022 06:12:28|INFO|grid.best_params_={'C': 100.0, 'gamma': 0.001, 'kernel': 'rbf', 'max_iter': 1000}, grid.best_score_=0.7592592592592592, grid.best_index_=17, acc=0.6666666666666666, time=0.258195161819458
02-06-2022 06:12:28|INFO|Is groups None: False 
02-06-2022 06:12:28|INFO|grid.best_params_={'C': 10000.0, 'gamma': 1e-05, 'kernel': 'rbf', 'max_iter': 1000}, grid.best_score_=0.7222222222222222, grid.best_index_=23, acc=0.75, time=0.2612314224243164
02-06-2022 06:12:28|INFO|Is groups None: False 
02-06-2022 06:12:28|INFO|grid.best_params_={'C': 10000.0, 'gamma': 1e-05, 'kernel': 'rbf', 'max_iter': 1000}, grid.best_score_=0.7592592592592592, grid.best_index_=23, acc=0.8333333333333334, time=0.2846095561981201
02-06-2022 06:12:28|INFO|s15|10-CV=0.77500|STD=0.12937|Time spend=3.275212287902832
02-06-2022 06:12:29|INFO|Running Segment-First
02-06-2022 06:12:29|INFO|X.shape=(120, 14), y.shape=(120,), groups.shape=(120,)
02-06-2022 06:12:29|INFO|Is groups None: False 
02-06-2022 06:12:29|INFO|grid.best_params_={'C': 10000.0, 'gamma': 1e-05, 'kernel': 'rbf', 'max_iter': 1000}, grid.best_score_=0.7592592592592592, grid.best_index_=23, acc=0.75, time=0.3248131275177002
02-06-2022 06:12:29|INFO|Is groups None: False 
02-06-2022 06:12:29|INFO|grid.best_params_={'C': 1000000.0, 'gamma': 1e-07, 'kernel': 'rbf', 'max_iter': 1000}, grid.best_score_=0.787037037037037, grid.best_index_=29, acc=0.75, time=0.2547879219055176
02-06-2022 06:12:29|INFO|Is groups None: False 
02-06-2022 06:12:29|INFO|grid.best_params_={'C': 100.0, 'gamma': 0.001, 'kernel': 'rbf', 'max_iter': 1000}, grid.best_score_=0.7222222222222222, grid.best_index_=17, acc=0.9166666666666666, time=0.249129056930542
02-06-2022 06:12:29|INFO|Is groups None: False 
02-06-2022 06:12:30|INFO|grid.best_params_={'C': 100.0, 'gamma': 0.001, 'kernel': 'rbf', 'max_iter': 1000}, grid.best_score_=0.8055555555555557, grid.best_index_=17, acc=0.4166666666666667, time=0.2494373321533203
02-06-2022 06:12:30|INFO|Is groups None: False 
02-06-2022 06:12:30|INFO|grid.best_params_={'C': 100.0, 'gamma': 0.001, 'kernel': 'rbf', 'max_iter': 1000}, grid.best_score_=0.75, grid.best_index_=17, acc=0.9166666666666666, time=0.2592637538909912
02-06-2022 06:12:30|INFO|Is groups None: False 
02-06-2022 06:12:30|INFO|grid.best_params_={'C': 1.0, 'gamma': 0.1, 'kernel': 'rbf', 'max_iter': 1000}, grid.best_score_=0.7314814814814814, grid.best_index_=11, acc=0.9166666666666666, time=0.2705671787261963
02-06-2022 06:12:30|INFO|Is groups None: False 
02-06-2022 06:12:31|INFO|grid.best_params_={'C': 1000000.0, 'gamma': 1e-07, 'kernel': 'rbf', 'max_iter': 1000}, grid.best_score_=0.7037037037037037, grid.best_index_=29, acc=0.8333333333333334, time=0.25844311714172363
02-06-2022 06:12:31|INFO|Is groups None: False 
02-06-2022 06:12:31|INFO|grid.best_params_={'C': 100.0, 'gamma': 0.001, 'kernel': 'rbf', 'max_iter': 1000}, grid.best_score_=0.7685185185185186, grid.best_index_=17, acc=0.5, time=0.25753116607666016
02-06-2022 06:12:31|INFO|Is groups None: False 
02-06-2022 06:12:31|INFO|grid.best_params_={'C': 10000.0, 'gamma': 1e-05, 'kernel': 'rbf', 'max_iter': 1000}, grid.best_score_=0.7592592592592593, grid.best_index_=23, acc=0.75, time=0.27315664291381836
02-06-2022 06:12:31|INFO|Is groups None: False 
02-06-2022 06:12:31|INFO|grid.best_params_={'C': 100000000.0, 'gamma': 1e-07, 'kernel': 'rbf', 'max_iter': 1000}, grid.best_score_=0.75, grid.best_index_=36, acc=0.4166666666666667, time=0.25361180305480957
02-06-2022 06:12:31|INFO|s16|10-CV=0.71667|STD=0.19076|Time spend=3.148198127746582
02-06-2022 06:12:32|INFO|Running Segment-First
02-06-2022 06:12:32|INFO|X.shape=(120, 14), y.shape=(120,), groups.shape=(120,)
02-06-2022 06:12:32|INFO|Is groups None: False 
02-06-2022 06:12:32|INFO|grid.best_params_={'C': 0.01, 'gamma': 1000.0, 'kernel': 'rbf', 'max_iter': 1000}, grid.best_score_=0.5555555555555556, grid.best_index_=6, acc=0.5, time=0.32778000831604004
02-06-2022 06:12:32|INFO|Is groups None: False 
02-06-2022 06:12:32|INFO|grid.best_params_={'C': 10000.0, 'gamma': 1e-05, 'kernel': 'rbf', 'max_iter': 1000}, grid.best_score_=0.5925925925925926, grid.best_index_=23, acc=0.4166666666666667, time=0.26098179817199707
02-06-2022 06:12:32|INFO|Is groups None: False 
02-06-2022 06:12:33|INFO|grid.best_params_={'C': 0.01, 'gamma': 10.0, 'kernel': 'rbf', 'max_iter': 1000}, grid.best_score_=0.5555555555555556, grid.best_index_=5, acc=0.5, time=0.25957417488098145
02-06-2022 06:12:33|INFO|Is groups None: False 
02-06-2022 06:12:33|INFO|grid.best_params_={'C': 100000000.0, 'gamma': 1e-07, 'kernel': 'rbf', 'max_iter': 1000}, grid.best_score_=0.6203703703703705, grid.best_index_=36, acc=0.3333333333333333, time=0.2587611675262451
02-06-2022 06:12:33|INFO|Is groups None: False 
02-06-2022 06:12:33|INFO|grid.best_params_={'C': 1000000.0, 'gamma': 1e-07, 'kernel': 'rbf', 'max_iter': 1000}, grid.best_score_=0.6018518518518519, grid.best_index_=29, acc=0.25, time=0.271742582321167
02-06-2022 06:12:33|INFO|Is groups None: False 
02-06-2022 06:12:33|INFO|grid.best_params_={'C': 0.01, 'gamma': 1e-09, 'kernel': 'rbf', 'max_iter': 1000}, grid.best_score_=0.5555555555555556, grid.best_index_=0, acc=0.5, time=0.2657928466796875
02-06-2022 06:12:33|INFO|Is groups None: False 
02-06-2022 06:12:34|INFO|grid.best_params_={'C': 0.01, 'gamma': 1e-09, 'kernel': 'rbf', 'max_iter': 1000}, grid.best_score_=0.5555555555555556, grid.best_index_=0, acc=0.5, time=0.2525320053100586
02-06-2022 06:12:34|INFO|Is groups None: False 
02-06-2022 06:12:34|INFO|grid.best_params_={'C': 10000000000.0, 'gamma': 1e-07, 'kernel': 'rbf', 'max_iter': 1000}, grid.best_score_=0.5555555555555557, grid.best_index_=43, acc=0.5833333333333334, time=0.27324652671813965
02-06-2022 06:12:34|INFO|Is groups None: False 
02-06-2022 06:12:34|INFO|grid.best_params_={'C': 1000000.0, 'gamma': 1e-05, 'kernel': 'rbf', 'max_iter': 1000}, grid.best_score_=0.6074074074074074, grid.best_index_=30, acc=0.4166666666666667, time=0.27881288528442383
02-06-2022 06:12:34|INFO|Is groups None: False 
02-06-2022 06:12:35|INFO|grid.best_params_={'C': 10000.0, 'gamma': 1e-05, 'kernel': 'rbf', 'max_iter': 1000}, grid.best_score_=0.5654320987654322, grid.best_index_=23, acc=0.5833333333333334, time=0.35698962211608887
02-06-2022 06:12:35|INFO|s17|10-CV=0.45833|STD=0.10035|Time spend=3.274914026260376
02-06-2022 06:12:35|INFO|Running Segment-First
02-06-2022 06:12:35|INFO|X.shape=(120, 14), y.shape=(120,), groups.shape=(120,)
02-06-2022 06:12:35|INFO|Is groups None: False 
02-06-2022 06:12:35|INFO|grid.best_params_={'C': 10000000000.0, 'gamma': 1e-07, 'kernel': 'rbf', 'max_iter': 1000}, grid.best_score_=0.7685185185185185, grid.best_index_=43, acc=0.6666666666666666, time=0.41321873664855957
02-06-2022 06:12:35|INFO|Is groups None: False 
02-06-2022 06:12:36|INFO|grid.best_params_={'C': 10000000000.0, 'gamma': 1e-07, 'kernel': 'rbf', 'max_iter': 1000}, grid.best_score_=0.7314814814814815, grid.best_index_=43, acc=0.8333333333333334, time=0.2759273052215576
02-06-2022 06:12:36|INFO|Is groups None: False 
02-06-2022 06:12:36|INFO|grid.best_params_={'C': 100000000.0, 'gamma': 1e-07, 'kernel': 'rbf', 'max_iter': 1000}, grid.best_score_=0.787037037037037, grid.best_index_=36, acc=1.0, time=0.2574620246887207
02-06-2022 06:12:36|INFO|Is groups None: False 
02-06-2022 06:12:36|INFO|grid.best_params_={'C': 1000000.0, 'gamma': 1e-05, 'kernel': 'rbf', 'max_iter': 1000}, grid.best_score_=0.8240740740740741, grid.best_index_=30, acc=0.4166666666666667, time=0.2465517520904541
02-06-2022 06:12:36|INFO|Is groups None: False 
02-06-2022 06:12:36|INFO|grid.best_params_={'C': 100.0, 'gamma': 0.001, 'kernel': 'rbf', 'max_iter': 1000}, grid.best_score_=0.7777777777777778, grid.best_index_=17, acc=0.75, time=0.24962067604064941
02-06-2022 06:12:36|INFO|Is groups None: False 
02-06-2022 06:12:37|INFO|grid.best_params_={'C': 10000.0, 'gamma': 0.001, 'kernel': 'rbf', 'max_iter': 1000}, grid.best_score_=0.7592592592592592, grid.best_index_=24, acc=0.9166666666666666, time=0.2996091842651367
02-06-2022 06:12:37|INFO|Is groups None: False 
02-06-2022 06:12:37|INFO|grid.best_params_={'C': 10000.0, 'gamma': 0.001, 'kernel': 'rbf', 'max_iter': 1000}, grid.best_score_=0.8055555555555556, grid.best_index_=24, acc=0.75, time=0.32735633850097656
02-06-2022 06:12:37|INFO|Is groups None: False 
02-06-2022 06:12:37|INFO|grid.best_params_={'C': 10000000000.0, 'gamma': 1e-07, 'kernel': 'rbf', 'max_iter': 1000}, grid.best_score_=0.8055555555555557, grid.best_index_=43, acc=0.75, time=0.27962660789489746
02-06-2022 06:12:37|INFO|Is groups None: False 
02-06-2022 06:12:38|INFO|grid.best_params_={'C': 100000000.0, 'gamma': 1e-07, 'kernel': 'rbf', 'max_iter': 1000}, grid.best_score_=0.787037037037037, grid.best_index_=36, acc=0.5833333333333334, time=0.2552523612976074
02-06-2022 06:12:38|INFO|Is groups None: False 
02-06-2022 06:12:38|INFO|grid.best_params_={'C': 10000000000.0, 'gamma': 1e-07, 'kernel': 'rbf', 'max_iter': 1000}, grid.best_score_=0.7314814814814815, grid.best_index_=43, acc=0.9166666666666666, time=0.2558422088623047
02-06-2022 06:12:38|INFO|s18|10-CV=0.75833|STD=0.16436|Time spend=3.3558461666107178
02-06-2022 06:12:38|INFO|Running Segment-First
02-06-2022 06:12:38|INFO|X.shape=(120, 14), y.shape=(120,), groups.shape=(120,)
02-06-2022 06:12:38|INFO|Is groups None: False 
02-06-2022 06:12:39|INFO|grid.best_params_={'C': 10000000000.0, 'gamma': 1e-07, 'kernel': 'rbf', 'max_iter': 1000}, grid.best_score_=0.675925925925926, grid.best_index_=43, acc=0.6666666666666666, time=0.3186955451965332
02-06-2022 06:12:39|INFO|Is groups None: False 
02-06-2022 06:12:39|INFO|grid.best_params_={'C': 10000000000.0, 'gamma': 1e-07, 'kernel': 'rbf', 'max_iter': 1000}, grid.best_score_=0.6759259259259259, grid.best_index_=43, acc=0.8333333333333334, time=0.26180386543273926
02-06-2022 06:12:39|INFO|Is groups None: False 
02-06-2022 06:12:39|INFO|grid.best_params_={'C': 1000000.0, 'gamma': 1e-05, 'kernel': 'rbf', 'max_iter': 1000}, grid.best_score_=0.7962962962962963, grid.best_index_=30, acc=0.16666666666666666, time=0.25478672981262207
02-06-2022 06:12:39|INFO|Is groups None: False 
02-06-2022 06:12:39|INFO|grid.best_params_={'C': 10000000000.0, 'gamma': 1e-07, 'kernel': 'rbf', 'max_iter': 1000}, grid.best_score_=0.6944444444444444, grid.best_index_=43, acc=0.6666666666666666, time=0.25064992904663086
02-06-2022 06:12:39|INFO|Is groups None: False 
02-06-2022 06:12:40|INFO|grid.best_params_={'C': 1000000.0, 'gamma': 1e-05, 'kernel': 'rbf', 'max_iter': 1000}, grid.best_score_=0.6851851851851852, grid.best_index_=30, acc=0.8333333333333334, time=0.2749149799346924
02-06-2022 06:12:40|INFO|Is groups None: False 
02-06-2022 06:12:40|INFO|grid.best_params_={'C': 1000000.0, 'gamma': 1e-05, 'kernel': 'rbf', 'max_iter': 1000}, grid.best_score_=0.6481481481481481, grid.best_index_=30, acc=0.8333333333333334, time=0.25726819038391113
02-06-2022 06:12:40|INFO|Is groups None: False 
02-06-2022 06:12:40|INFO|grid.best_params_={'C': 100000000.0, 'gamma': 1e-07, 'kernel': 'rbf', 'max_iter': 1000}, grid.best_score_=0.7407407407407408, grid.best_index_=36, acc=0.5, time=0.26340508460998535
02-06-2022 06:12:40|INFO|Is groups None: False 
02-06-2022 06:12:41|INFO|grid.best_params_={'C': 10000000000.0, 'gamma': 1e-07, 'kernel': 'rbf', 'max_iter': 1000}, grid.best_score_=0.7037037037037037, grid.best_index_=43, acc=0.6666666666666666, time=0.41277527809143066
02-06-2022 06:12:41|INFO|Is groups None: False 
02-06-2022 06:12:41|INFO|grid.best_params_={'C': 1000000.0, 'gamma': 1e-07, 'kernel': 'rbf', 'max_iter': 1000}, grid.best_score_=0.638888888888889, grid.best_index_=29, acc=0.5, time=0.30170726776123047
02-06-2022 06:12:41|INFO|Is groups None: False 
02-06-2022 06:12:41|INFO|grid.best_params_={'C': 10000.0, 'gamma': 0.001, 'kernel': 'rbf', 'max_iter': 1000}, grid.best_score_=0.6296296296296297, grid.best_index_=24, acc=0.5833333333333334, time=0.2592132091522217
02-06-2022 06:12:41|INFO|s19|10-CV=0.62500|STD=0.19454|Time spend=3.3124310970306396
02-06-2022 06:12:42|INFO|Running Segment-First
02-06-2022 06:12:42|INFO|X.shape=(120, 14), y.shape=(120,), groups.shape=(120,)
02-06-2022 06:12:42|INFO|Is groups None: False 
02-06-2022 06:12:42|INFO|grid.best_params_={'C': 1.0, 'gamma': 0.1, 'kernel': 'rbf', 'max_iter': 1000}, grid.best_score_=0.7037037037037037, grid.best_index_=11, acc=0.8333333333333334, time=0.31650757789611816
02-06-2022 06:12:42|INFO|Is groups None: False 
02-06-2022 06:12:42|INFO|grid.best_params_={'C': 10000000000.0, 'gamma': 1e-07, 'kernel': 'rbf', 'max_iter': 1000}, grid.best_score_=0.7222222222222223, grid.best_index_=43, acc=0.6666666666666666, time=0.24241876602172852
02-06-2022 06:12:42|INFO|Is groups None: False 
02-06-2022 06:12:42|INFO|grid.best_params_={'C': 1000000.0, 'gamma': 1e-05, 'kernel': 'rbf', 'max_iter': 1000}, grid.best_score_=0.7499999999999999, grid.best_index_=30, acc=0.5833333333333334, time=0.24518203735351562
02-06-2022 06:12:42|INFO|Is groups None: False 
02-06-2022 06:12:43|INFO|grid.best_params_={'C': 1000000.0, 'gamma': 1e-05, 'kernel': 'rbf', 'max_iter': 1000}, grid.best_score_=0.712962962962963, grid.best_index_=30, acc=0.5833333333333334, time=0.25139379501342773
02-06-2022 06:12:43|INFO|Is groups None: False 
02-06-2022 06:12:43|INFO|grid.best_params_={'C': 1.0, 'gamma': 0.1, 'kernel': 'rbf', 'max_iter': 1000}, grid.best_score_=0.7037037037037037, grid.best_index_=11, acc=0.8333333333333334, time=0.2629404067993164
02-06-2022 06:12:43|INFO|Is groups None: False 
02-06-2022 06:12:43|INFO|grid.best_params_={'C': 1.0, 'gamma': 0.1, 'kernel': 'rbf', 'max_iter': 1000}, grid.best_score_=0.75, grid.best_index_=11, acc=0.5833333333333334, time=0.25632762908935547
02-06-2022 06:12:43|INFO|Is groups None: False 
02-06-2022 06:12:44|INFO|grid.best_params_={'C': 1.0, 'gamma': 0.1, 'kernel': 'rbf', 'max_iter': 1000}, grid.best_score_=0.75, grid.best_index_=11, acc=0.5833333333333334, time=0.2630500793457031
02-06-2022 06:12:44|INFO|Is groups None: False 
02-06-2022 06:12:44|INFO|grid.best_params_={'C': 10000.0, 'gamma': 0.001, 'kernel': 'rbf', 'max_iter': 1000}, grid.best_score_=0.7592592592592592, grid.best_index_=24, acc=0.5833333333333334, time=0.256166934967041
02-06-2022 06:12:44|INFO|Is groups None: False 
02-06-2022 06:12:44|INFO|grid.best_params_={'C': 1.0, 'gamma': 0.1, 'kernel': 'rbf', 'max_iter': 1000}, grid.best_score_=0.7407407407407408, grid.best_index_=11, acc=0.6666666666666666, time=0.2661709785461426
02-06-2022 06:12:44|INFO|Is groups None: False 
02-06-2022 06:12:44|INFO|grid.best_params_={'C': 100.0, 'gamma': 0.1, 'kernel': 'rbf', 'max_iter': 1000}, grid.best_score_=0.7222222222222221, grid.best_index_=18, acc=0.5833333333333334, time=0.25998950004577637
02-06-2022 06:12:44|INFO|s20|10-CV=0.65000|STD=0.09718|Time spend=3.090510129928589
02-06-2022 06:12:45|INFO|Running Segment-First
02-06-2022 06:12:45|INFO|X.shape=(120, 14), y.shape=(120,), groups.shape=(120,)
02-06-2022 06:12:45|INFO|Is groups None: False 
02-06-2022 06:12:45|INFO|grid.best_params_={'C': 1000000.0, 'gamma': 1e-07, 'kernel': 'rbf', 'max_iter': 1000}, grid.best_score_=0.5648148148148149, grid.best_index_=29, acc=0.4166666666666667, time=0.3212001323699951
02-06-2022 06:12:45|INFO|Is groups None: False 
02-06-2022 06:12:45|INFO|grid.best_params_={'C': 10000000000.0, 'gamma': 1e-09, 'kernel': 'rbf', 'max_iter': 1000}, grid.best_score_=0.6228395061728395, grid.best_index_=42, acc=0.4166666666666667, time=0.2733426094055176
02-06-2022 06:12:45|INFO|Is groups None: False 
02-06-2022 06:12:46|INFO|grid.best_params_={'C': 1000000.0, 'gamma': 1e-05, 'kernel': 'rbf', 'max_iter': 1000}, grid.best_score_=0.5648148148148148, grid.best_index_=30, acc=0.5, time=0.24259138107299805
02-06-2022 06:12:46|INFO|Is groups None: False 
02-06-2022 06:12:46|INFO|grid.best_params_={'C': 10000.0, 'gamma': 0.001, 'kernel': 'rbf', 'max_iter': 1000}, grid.best_score_=0.5833333333333334, grid.best_index_=24, acc=0.25, time=0.3324120044708252
02-06-2022 06:12:46|INFO|Is groups None: False 
02-06-2022 06:12:46|INFO|grid.best_params_={'C': 100000000.0, 'gamma': 1e-09, 'kernel': 'rbf', 'max_iter': 1000}, grid.best_score_=0.574074074074074, grid.best_index_=35, acc=0.6666666666666666, time=0.2563161849975586
02-06-2022 06:12:46|INFO|Is groups None: False 
02-06-2022 06:12:47|INFO|grid.best_params_={'C': 100000000.0, 'gamma': 1e-09, 'kernel': 'rbf', 'max_iter': 1000}, grid.best_score_=0.6203703703703705, grid.best_index_=35, acc=0.5833333333333334, time=0.2697145938873291
02-06-2022 06:12:47|INFO|Is groups None: False 
02-06-2022 06:12:47|INFO|grid.best_params_={'C': 10000000000.0, 'gamma': 1e-07, 'kernel': 'rbf', 'max_iter': 1000}, grid.best_score_=0.5925925925925926, grid.best_index_=43, acc=0.75, time=0.2898271083831787
02-06-2022 06:12:47|INFO|Is groups None: False 
02-06-2022 06:12:47|INFO|grid.best_params_={'C': 0.01, 'gamma': 10.0, 'kernel': 'rbf', 'max_iter': 1000}, grid.best_score_=0.5296296296296297, grid.best_index_=5, acc=0.5, time=0.2614271640777588
02-06-2022 06:12:47|INFO|Is groups None: False 
02-06-2022 06:12:47|INFO|grid.best_params_={'C': 100.0, 'gamma': 0.001, 'kernel': 'rbf', 'max_iter': 1000}, grid.best_score_=0.6203703703703703, grid.best_index_=17, acc=0.4166666666666667, time=0.25618910789489746
02-06-2022 06:12:47|INFO|Is groups None: False 
02-06-2022 06:12:48|INFO|grid.best_params_={'C': 100000000.0, 'gamma': 1e-09, 'kernel': 'rbf', 'max_iter': 1000}, grid.best_score_=0.537037037037037, grid.best_index_=35, acc=0.75, time=0.25442028045654297
02-06-2022 06:12:48|INFO|s21|10-CV=0.52500|STD=0.15388|Time spend=3.247863531112671
02-06-2022 06:12:48|INFO|Running Segment-First
02-06-2022 06:12:48|INFO|X.shape=(120, 14), y.shape=(120,), groups.shape=(120,)
02-06-2022 06:12:48|INFO|Is groups None: False 
02-06-2022 06:12:48|INFO|grid.best_params_={'C': 100.0, 'gamma': 0.1, 'kernel': 'rbf', 'max_iter': 1000}, grid.best_score_=0.5648148148148149, grid.best_index_=18, acc=0.5833333333333334, time=0.34217166900634766
02-06-2022 06:12:48|INFO|Is groups None: False 
02-06-2022 06:12:49|INFO|grid.best_params_={'C': 10000000000.0, 'gamma': 1e-07, 'kernel': 'rbf', 'max_iter': 1000}, grid.best_score_=0.5833333333333335, grid.best_index_=43, acc=0.8333333333333334, time=0.25339317321777344
02-06-2022 06:12:49|INFO|Is groups None: False 
02-06-2022 06:12:49|INFO|grid.best_params_={'C': 100000000.0, 'gamma': 1e-09, 'kernel': 'rbf', 'max_iter': 1000}, grid.best_score_=0.5925925925925926, grid.best_index_=35, acc=0.5, time=0.26082372665405273
02-06-2022 06:12:49|INFO|Is groups None: False 
02-06-2022 06:12:49|INFO|grid.best_params_={'C': 100000000.0, 'gamma': 1e-05, 'kernel': 'rbf', 'max_iter': 1000}, grid.best_score_=0.5925925925925926, grid.best_index_=37, acc=0.5833333333333334, time=0.25274181365966797
02-06-2022 06:12:49|INFO|Is groups None: False 
02-06-2022 06:12:49|INFO|grid.best_params_={'C': 10000.0, 'gamma': 0.1, 'kernel': 'rbf', 'max_iter': 1000}, grid.best_score_=0.5771604938271604, grid.best_index_=25, acc=0.3333333333333333, time=0.2773933410644531
02-06-2022 06:12:49|INFO|Is groups None: False 
02-06-2022 06:12:50|INFO|grid.best_params_={'C': 100000000.0, 'gamma': 1e-09, 'kernel': 'rbf', 'max_iter': 1000}, grid.best_score_=0.6481481481481481, grid.best_index_=35, acc=0.6666666666666666, time=0.2715420722961426
02-06-2022 06:12:50|INFO|Is groups None: False 
02-06-2022 06:12:50|INFO|grid.best_params_={'C': 0.01, 'gamma': 1e-09, 'kernel': 'rbf', 'max_iter': 1000}, grid.best_score_=0.5555555555555556, grid.best_index_=0, acc=0.5, time=0.27229928970336914
02-06-2022 06:12:50|INFO|Is groups None: False 
02-06-2022 06:12:50|INFO|grid.best_params_={'C': 1.0, 'gamma': 0.1, 'kernel': 'rbf', 'max_iter': 1000}, grid.best_score_=0.5833333333333334, grid.best_index_=11, acc=0.3333333333333333, time=0.25319361686706543
02-06-2022 06:12:50|INFO|Is groups None: False 
02-06-2022 06:12:51|INFO|grid.best_params_={'C': 10000.0, 'gamma': 0.1, 'kernel': 'rbf', 'max_iter': 1000}, grid.best_score_=0.5648148148148149, grid.best_index_=25, acc=0.5, time=0.31984710693359375
02-06-2022 06:12:51|INFO|Is groups None: False 
02-06-2022 06:12:51|INFO|grid.best_params_={'C': 1000000.0, 'gamma': 1e-07, 'kernel': 'rbf', 'max_iter': 1000}, grid.best_score_=0.5555555555555556, grid.best_index_=29, acc=0.4166666666666667, time=0.28145623207092285
02-06-2022 06:12:51|INFO|s22|10-CV=0.52500|STD=0.14458|Time spend=3.326387882232666
02-06-2022 06:12:51|INFO|Running Segment-First
02-06-2022 06:12:51|INFO|X.shape=(120, 14), y.shape=(120,), groups.shape=(120,)
02-06-2022 06:12:51|INFO|Is groups None: False 
02-06-2022 06:12:52|INFO|grid.best_params_={'C': 100.0, 'gamma': 0.1, 'kernel': 'rbf', 'max_iter': 1000}, grid.best_score_=0.6666666666666667, grid.best_index_=18, acc=0.75, time=0.38153505325317383
02-06-2022 06:12:52|INFO|Is groups None: False 
02-06-2022 06:12:52|INFO|grid.best_params_={'C': 100.0, 'gamma': 0.1, 'kernel': 'rbf', 'max_iter': 1000}, grid.best_score_=0.6481481481481481, grid.best_index_=18, acc=0.6666666666666666, time=0.28405237197875977
02-06-2022 06:12:52|INFO|Is groups None: False 
02-06-2022 06:12:52|INFO|grid.best_params_={'C': 1.0, 'gamma': 0.1, 'kernel': 'rbf', 'max_iter': 1000}, grid.best_score_=0.6481481481481483, grid.best_index_=11, acc=0.6666666666666666, time=0.25478410720825195
02-06-2022 06:12:52|INFO|Is groups None: False 
02-06-2022 06:12:53|INFO|grid.best_params_={'C': 1.0, 'gamma': 0.1, 'kernel': 'rbf', 'max_iter': 1000}, grid.best_score_=0.6666666666666666, grid.best_index_=11, acc=0.75, time=0.2724332809448242
02-06-2022 06:12:53|INFO|Is groups None: False 
02-06-2022 06:12:53|INFO|grid.best_params_={'C': 100.0, 'gamma': 0.1, 'kernel': 'rbf', 'max_iter': 1000}, grid.best_score_=0.6481481481481481, grid.best_index_=18, acc=0.6666666666666666, time=0.252439022064209
02-06-2022 06:12:53|INFO|Is groups None: False 
02-06-2022 06:12:53|INFO|grid.best_params_={'C': 100000000.0, 'gamma': 1e-05, 'kernel': 'rbf', 'max_iter': 1000}, grid.best_score_=0.6851851851851852, grid.best_index_=37, acc=0.9166666666666666, time=0.26224732398986816
02-06-2022 06:12:53|INFO|Is groups None: False 
02-06-2022 06:12:53|INFO|grid.best_params_={'C': 100.0, 'gamma': 0.1, 'kernel': 'rbf', 'max_iter': 1000}, grid.best_score_=0.6759259259259259, grid.best_index_=18, acc=0.6666666666666666, time=0.2622814178466797
02-06-2022 06:12:53|INFO|Is groups None: False 
02-06-2022 06:12:54|INFO|grid.best_params_={'C': 0.01, 'gamma': 1e-09, 'kernel': 'rbf', 'max_iter': 1000}, grid.best_score_=0.6666666666666666, grid.best_index_=0, acc=0.5, time=0.2655453681945801
02-06-2022 06:12:54|INFO|Is groups None: False 
02-06-2022 06:12:54|INFO|grid.best_params_={'C': 10000.0, 'gamma': 0.001, 'kernel': 'rbf', 'max_iter': 1000}, grid.best_score_=0.675925925925926, grid.best_index_=24, acc=0.4166666666666667, time=0.2571146488189697
02-06-2022 06:12:54|INFO|Is groups None: False 
02-06-2022 06:12:54|INFO|grid.best_params_={'C': 100.0, 'gamma': 0.001, 'kernel': 'rbf', 'max_iter': 1000}, grid.best_score_=0.7037037037037037, grid.best_index_=17, acc=0.5, time=0.2505614757537842
02-06-2022 06:12:54|INFO|s23|10-CV=0.65000|STD=0.13844|Time spend=3.242990255355835
02-06-2022 06:12:55|INFO|Running Segment-First
02-06-2022 06:12:55|INFO|X.shape=(120, 14), y.shape=(120,), groups.shape=(120,)
02-06-2022 06:12:55|INFO|Is groups None: False 
02-06-2022 06:12:55|INFO|grid.best_params_={'C': 100000000.0, 'gamma': 1e-05, 'kernel': 'rbf', 'max_iter': 1000}, grid.best_score_=0.6203703703703703, grid.best_index_=37, acc=0.75, time=0.32592105865478516
02-06-2022 06:12:55|INFO|Is groups None: False 
02-06-2022 06:12:55|INFO|grid.best_params_={'C': 100000000.0, 'gamma': 1e-07, 'kernel': 'rbf', 'max_iter': 1000}, grid.best_score_=0.7777777777777778, grid.best_index_=36, acc=0.4166666666666667, time=0.2719004154205322
02-06-2022 06:12:55|INFO|Is groups None: False 
02-06-2022 06:12:56|INFO|grid.best_params_={'C': 1000000.0, 'gamma': 1e-05, 'kernel': 'rbf', 'max_iter': 1000}, grid.best_score_=0.7222222222222221, grid.best_index_=30, acc=0.5833333333333334, time=0.29049110412597656
02-06-2022 06:12:56|INFO|Is groups None: False 
02-06-2022 06:12:56|INFO|grid.best_params_={'C': 1000000.0, 'gamma': 1e-05, 'kernel': 'rbf', 'max_iter': 1000}, grid.best_score_=0.6944444444444444, grid.best_index_=30, acc=0.8333333333333334, time=0.25840163230895996
02-06-2022 06:12:56|INFO|Is groups None: False 
02-06-2022 06:12:56|INFO|grid.best_params_={'C': 10000.0, 'gamma': 1e-05, 'kernel': 'rbf', 'max_iter': 1000}, grid.best_score_=0.6296296296296297, grid.best_index_=23, acc=0.8333333333333334, time=0.26781558990478516
02-06-2022 06:12:56|INFO|Is groups None: False 
02-06-2022 06:12:56|INFO|grid.best_params_={'C': 1.0, 'gamma': 0.1, 'kernel': 'rbf', 'max_iter': 1000}, grid.best_score_=0.6666666666666666, grid.best_index_=11, acc=0.5833333333333334, time=0.24780845642089844
02-06-2022 06:12:56|INFO|Is groups None: False 
02-06-2022 06:12:57|INFO|grid.best_params_={'C': 100000000.0, 'gamma': 1e-07, 'kernel': 'rbf', 'max_iter': 1000}, grid.best_score_=0.6759259259259259, grid.best_index_=36, acc=0.6666666666666666, time=0.4240603446960449
02-06-2022 06:12:57|INFO|Is groups None: False 
02-06-2022 06:12:57|INFO|grid.best_params_={'C': 100000000.0, 'gamma': 1e-07, 'kernel': 'rbf', 'max_iter': 1000}, grid.best_score_=0.6203703703703703, grid.best_index_=36, acc=0.8333333333333334, time=0.27503085136413574
02-06-2022 06:12:57|INFO|Is groups None: False 
02-06-2022 06:12:57|INFO|grid.best_params_={'C': 100000000.0, 'gamma': 1e-05, 'kernel': 'rbf', 'max_iter': 1000}, grid.best_score_=0.6388888888888888, grid.best_index_=37, acc=0.75, time=0.32253265380859375
02-06-2022 06:12:57|INFO|Is groups None: False 
02-06-2022 06:12:58|INFO|grid.best_params_={'C': 100.0, 'gamma': 0.001, 'kernel': 'rbf', 'max_iter': 1000}, grid.best_score_=0.7314814814814815, grid.best_index_=17, acc=0.5833333333333334, time=0.24953317642211914
02-06-2022 06:12:58|INFO|s24|10-CV=0.68333|STD=0.13333|Time spend=3.440847158432007
02-06-2022 06:12:58|INFO|Running Segment-First
02-06-2022 06:12:58|INFO|X.shape=(120, 14), y.shape=(120,), groups.shape=(120,)
02-06-2022 06:12:58|INFO|Is groups None: False 
02-06-2022 06:12:58|INFO|grid.best_params_={'C': 10000.0, 'gamma': 0.001, 'kernel': 'rbf', 'max_iter': 1000}, grid.best_score_=0.5462962962962963, grid.best_index_=24, acc=0.5, time=0.3204505443572998
02-06-2022 06:12:58|INFO|Is groups None: False 
02-06-2022 06:12:59|INFO|grid.best_params_={'C': 100000000.0, 'gamma': 1e-05, 'kernel': 'rbf', 'max_iter': 1000}, grid.best_score_=0.5648148148148149, grid.best_index_=37, acc=0.4166666666666667, time=0.2576754093170166
02-06-2022 06:12:59|INFO|Is groups None: False 
02-06-2022 06:12:59|INFO|grid.best_params_={'C': 100.0, 'gamma': 0.1, 'kernel': 'rbf', 'max_iter': 1000}, grid.best_score_=0.5833333333333334, grid.best_index_=18, acc=0.75, time=0.2565610408782959
02-06-2022 06:12:59|INFO|Is groups None: False 
02-06-2022 06:12:59|INFO|grid.best_params_={'C': 100.0, 'gamma': 0.1, 'kernel': 'rbf', 'max_iter': 1000}, grid.best_score_=0.5962962962962962, grid.best_index_=18, acc=0.5833333333333334, time=0.2741427421569824
02-06-2022 06:12:59|INFO|Is groups None: False 
02-06-2022 06:12:59|INFO|grid.best_params_={'C': 1000000.0, 'gamma': 0.001, 'kernel': 'rbf', 'max_iter': 1000}, grid.best_score_=0.5561728395061728, grid.best_index_=31, acc=0.4166666666666667, time=0.2695295810699463
02-06-2022 06:12:59|INFO|Is groups None: False 
02-06-2022 06:13:00|INFO|grid.best_params_={'C': 100.0, 'gamma': 0.1, 'kernel': 'rbf', 'max_iter': 1000}, grid.best_score_=0.5919753086419752, grid.best_index_=18, acc=0.4166666666666667, time=0.2666347026824951
02-06-2022 06:13:00|INFO|Is groups None: False 
02-06-2022 06:13:00|INFO|grid.best_params_={'C': 100.0, 'gamma': 0.1, 'kernel': 'rbf', 'max_iter': 1000}, grid.best_score_=0.5777777777777777, grid.best_index_=18, acc=0.5833333333333334, time=0.2680389881134033
02-06-2022 06:13:00|INFO|Is groups None: False 
02-06-2022 06:13:00|INFO|grid.best_params_={'C': 100.0, 'gamma': 0.1, 'kernel': 'rbf', 'max_iter': 1000}, grid.best_score_=0.5833333333333334, grid.best_index_=18, acc=0.6666666666666666, time=0.26549696922302246
02-06-2022 06:13:00|INFO|Is groups None: False 
02-06-2022 06:13:01|INFO|grid.best_params_={'C': 100.0, 'gamma': 0.1, 'kernel': 'rbf', 'max_iter': 1000}, grid.best_score_=0.5833333333333334, grid.best_index_=18, acc=0.5, time=0.2585263252258301
02-06-2022 06:13:01|INFO|Is groups None: False 
02-06-2022 06:13:01|INFO|grid.best_params_={'C': 1000000.0, 'gamma': 0.001, 'kernel': 'rbf', 'max_iter': 1000}, grid.best_score_=0.5555555555555557, grid.best_index_=31, acc=0.5, time=0.270902156829834
02-06-2022 06:13:01|INFO|s25|10-CV=0.53333|STD=0.10672|Time spend=3.226543426513672
02-06-2022 06:13:01|INFO|Running Segment-First
02-06-2022 06:13:01|INFO|X.shape=(120, 14), y.shape=(120,), groups.shape=(120,)
02-06-2022 06:13:01|INFO|Is groups None: False 
02-06-2022 06:13:02|INFO|grid.best_params_={'C': 1.0, 'gamma': 0.1, 'kernel': 'rbf', 'max_iter': 1000}, grid.best_score_=0.75, grid.best_index_=11, acc=0.3333333333333333, time=0.3202080726623535
02-06-2022 06:13:02|INFO|Is groups None: False 
02-06-2022 06:13:02|INFO|grid.best_params_={'C': 1.0, 'gamma': 0.1, 'kernel': 'rbf', 'max_iter': 1000}, grid.best_score_=0.6574074074074074, grid.best_index_=11, acc=0.9166666666666666, time=0.2638366222381592
02-06-2022 06:13:02|INFO|Is groups None: False 
02-06-2022 06:13:02|INFO|grid.best_params_={'C': 10000000000.0, 'gamma': 1e-07, 'kernel': 'rbf', 'max_iter': 1000}, grid.best_score_=0.7314814814814814, grid.best_index_=43, acc=0.5, time=0.2515430450439453
02-06-2022 06:13:02|INFO|Is groups None: False 
02-06-2022 06:13:02|INFO|grid.best_params_={'C': 1.0, 'gamma': 0.1, 'kernel': 'rbf', 'max_iter': 1000}, grid.best_score_=0.7129629629629629, grid.best_index_=11, acc=0.5833333333333334, time=0.2559962272644043
02-06-2022 06:13:02|INFO|Is groups None: False 
02-06-2022 06:13:03|INFO|grid.best_params_={'C': 10000000000.0, 'gamma': 1e-07, 'kernel': 'rbf', 'max_iter': 1000}, grid.best_score_=0.6851851851851851, grid.best_index_=43, acc=0.75, time=0.2666478157043457
02-06-2022 06:13:03|INFO|Is groups None: False 
02-06-2022 06:13:03|INFO|grid.best_params_={'C': 10000000000.0, 'gamma': 1e-09, 'kernel': 'rbf', 'max_iter': 1000}, grid.best_score_=0.6666666666666666, grid.best_index_=42, acc=0.75, time=0.25779056549072266
02-06-2022 06:13:03|INFO|Is groups None: False 
02-06-2022 06:13:03|INFO|grid.best_params_={'C': 10000000000.0, 'gamma': 1e-09, 'kernel': 'rbf', 'max_iter': 1000}, grid.best_score_=0.675925925925926, grid.best_index_=42, acc=0.6666666666666666, time=0.2719550132751465
02-06-2022 06:13:03|INFO|Is groups None: False 
02-06-2022 06:13:03|INFO|grid.best_params_={'C': 1.0, 'gamma': 0.1, 'kernel': 'rbf', 'max_iter': 1000}, grid.best_score_=0.7314814814814815, grid.best_index_=11, acc=0.6666666666666666, time=0.25716161727905273
02-06-2022 06:13:03|INFO|Is groups None: False 
02-06-2022 06:13:04|INFO|grid.best_params_={'C': 10000.0, 'gamma': 1e-05, 'kernel': 'rbf', 'max_iter': 1000}, grid.best_score_=0.675925925925926, grid.best_index_=23, acc=0.75, time=0.29804301261901855
02-06-2022 06:13:04|INFO|Is groups None: False 
02-06-2022 06:13:04|INFO|grid.best_params_={'C': 100000000.0, 'gamma': 1e-09, 'kernel': 'rbf', 'max_iter': 1000}, grid.best_score_=0.6851851851851852, grid.best_index_=35, acc=0.5, time=0.2936270236968994
02-06-2022 06:13:04|INFO|s26|10-CV=0.64167|STD=0.15833|Time spend=3.198064088821411
02-06-2022 06:13:05|INFO|Running Segment-First
02-06-2022 06:13:05|INFO|X.shape=(120, 14), y.shape=(120,), groups.shape=(120,)
02-06-2022 06:13:05|INFO|Is groups None: False 
02-06-2022 06:13:05|INFO|grid.best_params_={'C': 0.01, 'gamma': 1e-09, 'kernel': 'rbf', 'max_iter': 1000}, grid.best_score_=0.75, grid.best_index_=0, acc=0.75, time=0.3988196849822998
02-06-2022 06:13:05|INFO|Is groups None: False 
02-06-2022 06:13:05|INFO|grid.best_params_={'C': 0.01, 'gamma': 1e-09, 'kernel': 'rbf', 'max_iter': 1000}, grid.best_score_=0.75, grid.best_index_=0, acc=0.75, time=0.2814507484436035
02-06-2022 06:13:05|INFO|Is groups None: False 
02-06-2022 06:13:05|INFO|grid.best_params_={'C': 0.01, 'gamma': 1e-09, 'kernel': 'rbf', 'max_iter': 1000}, grid.best_score_=0.75, grid.best_index_=0, acc=0.75, time=0.24645709991455078
02-06-2022 06:13:06|INFO|Is groups None: False 
02-06-2022 06:13:06|INFO|grid.best_params_={'C': 10000.0, 'gamma': 1e-05, 'kernel': 'rbf', 'max_iter': 1000}, grid.best_score_=0.7777777777777778, grid.best_index_=23, acc=0.4166666666666667, time=0.2508101463317871
02-06-2022 06:13:06|INFO|Is groups None: False 
02-06-2022 06:13:06|INFO|grid.best_params_={'C': 0.01, 'gamma': 1e-09, 'kernel': 'rbf', 'max_iter': 1000}, grid.best_score_=0.75, grid.best_index_=0, acc=0.75, time=0.2621786594390869
02-06-2022 06:13:06|INFO|Is groups None: False 
02-06-2022 06:13:06|INFO|grid.best_params_={'C': 0.01, 'gamma': 1e-09, 'kernel': 'rbf', 'max_iter': 1000}, grid.best_score_=0.75, grid.best_index_=0, acc=0.75, time=0.2601172924041748
02-06-2022 06:13:06|INFO|Is groups None: False 
02-06-2022 06:13:07|INFO|grid.best_params_={'C': 0.01, 'gamma': 1e-09, 'kernel': 'rbf', 'max_iter': 1000}, grid.best_score_=0.75, grid.best_index_=0, acc=0.75, time=0.27489566802978516
02-06-2022 06:13:07|INFO|Is groups None: False 
02-06-2022 06:13:07|INFO|grid.best_params_={'C': 0.01, 'gamma': 1e-09, 'kernel': 'rbf', 'max_iter': 1000}, grid.best_score_=0.75, grid.best_index_=0, acc=0.75, time=0.27330780029296875
02-06-2022 06:13:07|INFO|Is groups None: False 
02-06-2022 06:13:07|INFO|grid.best_params_={'C': 0.01, 'gamma': 1e-09, 'kernel': 'rbf', 'max_iter': 1000}, grid.best_score_=0.75, grid.best_index_=0, acc=0.75, time=0.30306196212768555
02-06-2022 06:13:07|INFO|Is groups None: False 
02-06-2022 06:13:07|INFO|grid.best_params_={'C': 0.01, 'gamma': 1e-09, 'kernel': 'rbf', 'max_iter': 1000}, grid.best_score_=0.75, grid.best_index_=0, acc=0.75, time=0.28362393379211426
02-06-2022 06:13:07|INFO|s27|10-CV=0.71667|STD=0.10000|Time spend=3.4223201274871826
02-06-2022 06:13:08|INFO|Running Segment-First
02-06-2022 06:13:08|INFO|X.shape=(120, 14), y.shape=(120,), groups.shape=(120,)
02-06-2022 06:13:08|INFO|Is groups None: False 
02-06-2022 06:13:08|INFO|grid.best_params_={'C': 10000.0, 'gamma': 1e-05, 'kernel': 'rbf', 'max_iter': 1000}, grid.best_score_=0.6666666666666667, grid.best_index_=23, acc=0.5, time=0.37195396423339844
02-06-2022 06:13:08|INFO|Is groups None: False 
02-06-2022 06:13:09|INFO|grid.best_params_={'C': 100.0, 'gamma': 0.001, 'kernel': 'rbf', 'max_iter': 1000}, grid.best_score_=0.638888888888889, grid.best_index_=17, acc=0.6666666666666666, time=0.27255845069885254
02-06-2022 06:13:09|INFO|Is groups None: False 
02-06-2022 06:13:09|INFO|grid.best_params_={'C': 10000000000.0, 'gamma': 1e-07, 'kernel': 'rbf', 'max_iter': 1000}, grid.best_score_=0.6203703703703703, grid.best_index_=43, acc=0.75, time=0.2528421878814697
02-06-2022 06:13:09|INFO|Is groups None: False 
02-06-2022 06:13:09|INFO|grid.best_params_={'C': 100.0, 'gamma': 0.001, 'kernel': 'rbf', 'max_iter': 1000}, grid.best_score_=0.6944444444444444, grid.best_index_=17, acc=0.4166666666666667, time=0.2792165279388428
02-06-2022 06:13:09|INFO|Is groups None: False 
02-06-2022 06:13:09|INFO|grid.best_params_={'C': 100.0, 'gamma': 0.001, 'kernel': 'rbf', 'max_iter': 1000}, grid.best_score_=0.675925925925926, grid.best_index_=17, acc=0.3333333333333333, time=0.29779958724975586
02-06-2022 06:13:09|INFO|Is groups None: False 
02-06-2022 06:13:10|INFO|grid.best_params_={'C': 0.01, 'gamma': 1e-09, 'kernel': 'rbf', 'max_iter': 1000}, grid.best_score_=0.6388888888888888, grid.best_index_=0, acc=0.5, time=0.29999399185180664
02-06-2022 06:13:10|INFO|Is groups None: False 
02-06-2022 06:13:10|INFO|grid.best_params_={'C': 10000.0, 'gamma': 0.001, 'kernel': 'rbf', 'max_iter': 1000}, grid.best_score_=0.6203703703703703, grid.best_index_=24, acc=0.5, time=0.29600048065185547
02-06-2022 06:13:10|INFO|Is groups None: False 
02-06-2022 06:13:10|INFO|grid.best_params_={'C': 0.01, 'gamma': 1e-09, 'kernel': 'rbf', 'max_iter': 1000}, grid.best_score_=0.6388888888888888, grid.best_index_=0, acc=0.5, time=0.2934858798980713
02-06-2022 06:13:10|INFO|Is groups None: False 
02-06-2022 06:13:11|INFO|grid.best_params_={'C': 1000000.0, 'gamma': 1e-07, 'kernel': 'rbf', 'max_iter': 1000}, grid.best_score_=0.675925925925926, grid.best_index_=29, acc=0.5833333333333334, time=0.29596614837646484
02-06-2022 06:13:11|INFO|Is groups None: False 
02-06-2022 06:13:11|INFO|grid.best_params_={'C': 100000000.0, 'gamma': 1e-09, 'kernel': 'rbf', 'max_iter': 1000}, grid.best_score_=0.6203703703703705, grid.best_index_=35, acc=0.75, time=0.29743123054504395
02-06-2022 06:13:11|INFO|s28|10-CV=0.55000|STD=0.13017|Time spend=3.5262045860290527
02-06-2022 06:13:12|INFO|Running Segment-First
02-06-2022 06:13:12|INFO|X.shape=(120, 14), y.shape=(120,), groups.shape=(120,)
02-06-2022 06:13:12|INFO|Is groups None: False 
02-06-2022 06:13:12|INFO|grid.best_params_={'C': 10000000000.0, 'gamma': 1e-07, 'kernel': 'rbf', 'max_iter': 1000}, grid.best_score_=0.7129629629629629, grid.best_index_=43, acc=0.75, time=0.34624814987182617
02-06-2022 06:13:12|INFO|Is groups None: False 
02-06-2022 06:13:12|INFO|grid.best_params_={'C': 10000000000.0, 'gamma': 1e-09, 'kernel': 'rbf', 'max_iter': 1000}, grid.best_score_=0.6574074074074074, grid.best_index_=42, acc=0.5, time=0.26668787002563477
02-06-2022 06:13:12|INFO|Is groups None: False 
02-06-2022 06:13:12|INFO|grid.best_params_={'C': 100.0, 'gamma': 0.001, 'kernel': 'rbf', 'max_iter': 1000}, grid.best_score_=0.6388888888888888, grid.best_index_=17, acc=0.75, time=0.2613201141357422
02-06-2022 06:13:12|INFO|Is groups None: False 
02-06-2022 06:13:13|INFO|grid.best_params_={'C': 1000000.0, 'gamma': 1e-07, 'kernel': 'rbf', 'max_iter': 1000}, grid.best_score_=0.6574074074074074, grid.best_index_=29, acc=0.5833333333333334, time=0.25565481185913086
02-06-2022 06:13:13|INFO|Is groups None: False 
02-06-2022 06:13:13|INFO|grid.best_params_={'C': 1000000.0, 'gamma': 1e-05, 'kernel': 'rbf', 'max_iter': 1000}, grid.best_score_=0.6388888888888888, grid.best_index_=30, acc=0.5833333333333334, time=0.2827012538909912
02-06-2022 06:13:13|INFO|Is groups None: False 
02-06-2022 06:13:13|INFO|grid.best_params_={'C': 100000000.0, 'gamma': 1e-07, 'kernel': 'rbf', 'max_iter': 1000}, grid.best_score_=0.638888888888889, grid.best_index_=36, acc=0.5833333333333334, time=0.2846982479095459
02-06-2022 06:13:13|INFO|Is groups None: False 
02-06-2022 06:13:14|INFO|grid.best_params_={'C': 10000.0, 'gamma': 1e-05, 'kernel': 'rbf', 'max_iter': 1000}, grid.best_score_=0.6388888888888888, grid.best_index_=23, acc=0.75, time=0.28922319412231445
02-06-2022 06:13:14|INFO|Is groups None: False 
02-06-2022 06:13:14|INFO|grid.best_params_={'C': 1000000.0, 'gamma': 1e-07, 'kernel': 'rbf', 'max_iter': 1000}, grid.best_score_=0.6555555555555554, grid.best_index_=29, acc=0.6666666666666666, time=0.2873804569244385
02-06-2022 06:13:14|INFO|Is groups None: False 
02-06-2022 06:13:14|INFO|grid.best_params_={'C': 10000.0, 'gamma': 1e-05, 'kernel': 'rbf', 'max_iter': 1000}, grid.best_score_=0.6574074074074074, grid.best_index_=23, acc=0.5833333333333334, time=0.44948911666870117
02-06-2022 06:13:14|INFO|Is groups None: False 
02-06-2022 06:13:15|INFO|grid.best_params_={'C': 10000000000.0, 'gamma': 1e-07, 'kernel': 'rbf', 'max_iter': 1000}, grid.best_score_=0.6574074074074074, grid.best_index_=43, acc=0.6666666666666666, time=0.3095526695251465
02-06-2022 06:13:15|INFO|s29|10-CV=0.64167|STD=0.08375|Time spend=3.6638927459716797
02-06-2022 06:13:15|INFO|Running Segment-First
02-06-2022 06:13:15|INFO|X.shape=(120, 14), y.shape=(120,), groups.shape=(120,)
02-06-2022 06:13:15|INFO|Is groups None: False 
02-06-2022 06:13:15|INFO|grid.best_params_={'C': 0.01, 'gamma': 1e-09, 'kernel': 'rbf', 'max_iter': 1000}, grid.best_score_=0.6666666666666666, grid.best_index_=0, acc=0.75, time=0.33449888229370117
02-06-2022 06:13:15|INFO|Is groups None: False 
02-06-2022 06:13:16|INFO|grid.best_params_={'C': 0.01, 'gamma': 1e-09, 'kernel': 'rbf', 'max_iter': 1000}, grid.best_score_=0.6666666666666666, grid.best_index_=0, acc=0.75, time=0.2666480541229248
02-06-2022 06:13:16|INFO|Is groups None: False 
02-06-2022 06:13:16|INFO|grid.best_params_={'C': 0.01, 'gamma': 1e-09, 'kernel': 'rbf', 'max_iter': 1000}, grid.best_score_=0.6944444444444444, grid.best_index_=0, acc=0.5, time=0.2529022693634033
02-06-2022 06:13:16|INFO|Is groups None: False 
02-06-2022 06:13:16|INFO|grid.best_params_={'C': 0.01, 'gamma': 1e-09, 'kernel': 'rbf', 'max_iter': 1000}, grid.best_score_=0.6944444444444444, grid.best_index_=0, acc=0.5, time=0.3620469570159912
02-06-2022 06:13:16|INFO|Is groups None: False 
02-06-2022 06:13:17|INFO|grid.best_params_={'C': 0.01, 'gamma': 1e-09, 'kernel': 'rbf', 'max_iter': 1000}, grid.best_score_=0.6666666666666666, grid.best_index_=0, acc=0.75, time=0.2653334140777588
02-06-2022 06:13:17|INFO|Is groups None: False 
02-06-2022 06:13:17|INFO|grid.best_params_={'C': 0.01, 'gamma': 1e-09, 'kernel': 'rbf', 'max_iter': 1000}, grid.best_score_=0.6666666666666666, grid.best_index_=0, acc=0.75, time=0.26917576789855957
02-06-2022 06:13:17|INFO|Is groups None: False 
02-06-2022 06:13:17|INFO|grid.best_params_={'C': 0.01, 'gamma': 1e-09, 'kernel': 'rbf', 'max_iter': 1000}, grid.best_score_=0.6944444444444444, grid.best_index_=0, acc=0.5, time=0.2695920467376709
02-06-2022 06:13:17|INFO|Is groups None: False 
02-06-2022 06:13:17|INFO|grid.best_params_={'C': 0.01, 'gamma': 1e-09, 'kernel': 'rbf', 'max_iter': 1000}, grid.best_score_=0.6666666666666666, grid.best_index_=0, acc=0.75, time=0.27298641204833984
02-06-2022 06:13:17|INFO|Is groups None: False 
02-06-2022 06:13:18|INFO|grid.best_params_={'C': 0.01, 'gamma': 1e-09, 'kernel': 'rbf', 'max_iter': 1000}, grid.best_score_=0.6666666666666666, grid.best_index_=0, acc=0.75, time=0.31725168228149414
02-06-2022 06:13:18|INFO|Is groups None: False 
02-06-2022 06:13:18|INFO|grid.best_params_={'C': 10000000000.0, 'gamma': 1e-09, 'kernel': 'rbf', 'max_iter': 1000}, grid.best_score_=0.6851851851851851, grid.best_index_=42, acc=0.75, time=0.29102516174316406
02-06-2022 06:13:18|INFO|s30|10-CV=0.67500|STD=0.11456|Time spend=3.451212167739868
02-06-2022 06:13:19|INFO|Running Segment-First
02-06-2022 06:13:19|INFO|X.shape=(120, 14), y.shape=(120,), groups.shape=(120,)
02-06-2022 06:13:19|INFO|Is groups None: False 
02-06-2022 06:13:19|INFO|grid.best_params_={'C': 100000000.0, 'gamma': 1e-05, 'kernel': 'rbf', 'max_iter': 1000}, grid.best_score_=0.5925925925925927, grid.best_index_=37, acc=0.3333333333333333, time=0.36388683319091797
02-06-2022 06:13:19|INFO|Is groups None: False 
02-06-2022 06:13:19|INFO|grid.best_params_={'C': 1.0, 'gamma': 0.1, 'kernel': 'rbf', 'max_iter': 1000}, grid.best_score_=0.6296296296296297, grid.best_index_=11, acc=0.5833333333333334, time=0.26534581184387207
02-06-2022 06:13:19|INFO|Is groups None: False 
02-06-2022 06:13:19|INFO|grid.best_params_={'C': 1000000.0, 'gamma': 1e-07, 'kernel': 'rbf', 'max_iter': 1000}, grid.best_score_=0.6296296296296297, grid.best_index_=29, acc=0.4166666666666667, time=0.2487952709197998
02-06-2022 06:13:19|INFO|Is groups None: False 
02-06-2022 06:13:20|INFO|grid.best_params_={'C': 1.0, 'gamma': 0.1, 'kernel': 'rbf', 'max_iter': 1000}, grid.best_score_=0.6111111111111112, grid.best_index_=11, acc=0.6666666666666666, time=0.3518033027648926
02-06-2022 06:13:20|INFO|Is groups None: False 
02-06-2022 06:13:20|INFO|grid.best_params_={'C': 1000000.0, 'gamma': 1e-05, 'kernel': 'rbf', 'max_iter': 1000}, grid.best_score_=0.6203703703703705, grid.best_index_=30, acc=0.75, time=0.26584863662719727
02-06-2022 06:13:20|INFO|Is groups None: False 
02-06-2022 06:13:20|INFO|grid.best_params_={'C': 1.0, 'gamma': 0.1, 'kernel': 'rbf', 'max_iter': 1000}, grid.best_score_=0.6018518518518519, grid.best_index_=11, acc=0.5833333333333334, time=0.26525044441223145
02-06-2022 06:13:20|INFO|Is groups None: False 
02-06-2022 06:13:21|INFO|grid.best_params_={'C': 1000000.0, 'gamma': 1e-07, 'kernel': 'rbf', 'max_iter': 1000}, grid.best_score_=0.5833333333333335, grid.best_index_=29, acc=0.6666666666666666, time=0.30719947814941406
02-06-2022 06:13:21|INFO|Is groups None: False 
02-06-2022 06:13:21|INFO|grid.best_params_={'C': 100.0, 'gamma': 0.1, 'kernel': 'rbf', 'max_iter': 1000}, grid.best_score_=0.5833333333333334, grid.best_index_=18, acc=0.5833333333333334, time=0.272061824798584
02-06-2022 06:13:21|INFO|Is groups None: False 
02-06-2022 06:13:21|INFO|grid.best_params_={'C': 100000000.0, 'gamma': 1e-05, 'kernel': 'rbf', 'max_iter': 1000}, grid.best_score_=0.6018518518518519, grid.best_index_=37, acc=0.5833333333333334, time=0.3250296115875244
02-06-2022 06:13:21|INFO|Is groups None: False 
02-06-2022 06:13:22|INFO|grid.best_params_={'C': 100.0, 'gamma': 0.1, 'kernel': 'rbf', 'max_iter': 1000}, grid.best_score_=0.6296296296296297, grid.best_index_=18, acc=0.5833333333333334, time=0.27434325218200684
02-06-2022 06:13:22|INFO|s31|10-CV=0.57500|STD=0.11456|Time spend=3.481210231781006
02-06-2022 06:13:22|INFO|Running Segment-First
02-06-2022 06:13:22|INFO|X.shape=(120, 14), y.shape=(120,), groups.shape=(120,)
02-06-2022 06:13:22|INFO|Is groups None: False 
02-06-2022 06:13:22|INFO|grid.best_params_={'C': 100000000.0, 'gamma': 1e-09, 'kernel': 'rbf', 'max_iter': 1000}, grid.best_score_=0.675925925925926, grid.best_index_=35, acc=0.75, time=0.34405016899108887
02-06-2022 06:13:22|INFO|Is groups None: False 
02-06-2022 06:13:23|INFO|grid.best_params_={'C': 100.0, 'gamma': 0.001, 'kernel': 'rbf', 'max_iter': 1000}, grid.best_score_=0.6388888888888888, grid.best_index_=17, acc=0.4166666666666667, time=0.26058506965637207
02-06-2022 06:13:23|INFO|Is groups None: False 
02-06-2022 06:13:23|INFO|grid.best_params_={'C': 10000000000.0, 'gamma': 1e-09, 'kernel': 'rbf', 'max_iter': 1000}, grid.best_score_=0.6574074074074074, grid.best_index_=42, acc=0.5833333333333334, time=0.2588064670562744
02-06-2022 06:13:23|INFO|Is groups None: False 
02-06-2022 06:13:23|INFO|grid.best_params_={'C': 1.0, 'gamma': 0.1, 'kernel': 'rbf', 'max_iter': 1000}, grid.best_score_=0.6666666666666665, grid.best_index_=11, acc=0.5833333333333334, time=0.27269601821899414
02-06-2022 06:13:23|INFO|Is groups None: False 
02-06-2022 06:13:24|INFO|grid.best_params_={'C': 10000000000.0, 'gamma': 1e-09, 'kernel': 'rbf', 'max_iter': 1000}, grid.best_score_=0.6666666666666666, grid.best_index_=42, acc=0.4166666666666667, time=0.3691396713256836
02-06-2022 06:13:24|INFO|Is groups None: False 
02-06-2022 06:13:24|INFO|grid.best_params_={'C': 100.0, 'gamma': 0.1, 'kernel': 'rbf', 'max_iter': 1000}, grid.best_score_=0.6388888888888888, grid.best_index_=18, acc=0.6666666666666666, time=0.29287195205688477
02-06-2022 06:13:24|INFO|Is groups None: False 
02-06-2022 06:13:24|INFO|grid.best_params_={'C': 1.0, 'gamma': 0.1, 'kernel': 'rbf', 'max_iter': 1000}, grid.best_score_=0.6018518518518517, grid.best_index_=11, acc=0.75, time=0.2749643325805664
02-06-2022 06:13:24|INFO|Is groups None: False 
02-06-2022 06:13:24|INFO|grid.best_params_={'C': 1000000.0, 'gamma': 0.001, 'kernel': 'rbf', 'max_iter': 1000}, grid.best_score_=0.6203703703703705, grid.best_index_=31, acc=0.5833333333333334, time=0.28063201904296875
02-06-2022 06:13:24|INFO|Is groups None: False 
02-06-2022 06:13:25|INFO|grid.best_params_={'C': 10000000000.0, 'gamma': 1e-09, 'kernel': 'rbf', 'max_iter': 1000}, grid.best_score_=0.6574074074074073, grid.best_index_=42, acc=0.6666666666666666, time=0.28502488136291504
02-06-2022 06:13:25|INFO|Is groups None: False 
02-06-2022 06:13:25|INFO|grid.best_params_={'C': 1.0, 'gamma': 0.1, 'kernel': 'rbf', 'max_iter': 1000}, grid.best_score_=0.6296296296296295, grid.best_index_=11, acc=0.5, time=0.2899954319000244
02-06-2022 06:13:25|INFO|s32|10-CV=0.59167|STD=0.11456|Time spend=3.456056594848633
02-06-2022 06:13:25|INFO|final|10-CV=0.62526|STD=0.03704
