02-06-2022 05:45:52|INFO|
    Running Command: 
        python3 main-ml.py --subject_setup dependent --experimental_setup trial --stimuli_class arousal --preprocessing DASM --segment_lenght 60 --output_log ./output/dependent-trial-arousal-DASM-60.log
    Starting training:
        segment_lenght:  60
        output_log:      ./output/dependent-trial-arousal-DASM-60.log
        stimuli_class:   arousal
        preprocessing:   DASM
        subject_setup:   dependent
        experimental_setup: trial
    
02-06-2022 05:45:57|INFO|Running Segment-First
02-06-2022 05:45:57|INFO|X.shape=(40, 14), y.shape=(40,), groups.shape=(40,)
02-06-2022 05:45:57|INFO|Is groups None: False 
02-06-2022 05:46:17|INFO|grid.best_params_={'C': 0.01, 'gamma': 1e-09, 'kernel': 'rbf', 'max_iter': 1000}, grid.best_score_=0.6111111111111112, grid.best_index_=0, acc=0.5, time=19.757460594177246
02-06-2022 05:46:17|INFO|Is groups None: False 
02-06-2022 05:46:17|INFO|grid.best_params_={'C': 0.01, 'gamma': 1e-09, 'kernel': 'rbf', 'max_iter': 1000}, grid.best_score_=0.6111111111111112, grid.best_index_=0, acc=0.5, time=0.2657473087310791
02-06-2022 05:46:17|INFO|Is groups None: False 
02-06-2022 05:46:17|INFO|grid.best_params_={'C': 100.0, 'gamma': 0.001, 'kernel': 'rbf', 'max_iter': 1000}, grid.best_score_=0.6388888888888888, grid.best_index_=17, acc=0.75, time=0.22276067733764648
02-06-2022 05:46:17|INFO|Is groups None: False 
02-06-2022 05:46:17|INFO|grid.best_params_={'C': 10000000000.0, 'gamma': 1e-07, 'kernel': 'rbf', 'max_iter': 1000}, grid.best_score_=0.6388888888888888, grid.best_index_=43, acc=0.5, time=0.21855783462524414
02-06-2022 05:46:17|INFO|Is groups None: False 
02-06-2022 05:46:18|INFO|grid.best_params_={'C': 10000.0, 'gamma': 1e-05, 'kernel': 'rbf', 'max_iter': 1000}, grid.best_score_=0.6944444444444444, grid.best_index_=23, acc=0.5, time=0.2025444507598877
02-06-2022 05:46:18|INFO|Is groups None: False 
02-06-2022 05:46:18|INFO|grid.best_params_={'C': 1000000.0, 'gamma': 0.001, 'kernel': 'rbf', 'max_iter': 1000}, grid.best_score_=0.6111111111111112, grid.best_index_=31, acc=0.25, time=0.2118830680847168
02-06-2022 05:46:18|INFO|Is groups None: False 
02-06-2022 05:46:18|INFO|grid.best_params_={'C': 0.01, 'gamma': 1e-09, 'kernel': 'rbf', 'max_iter': 1000}, grid.best_score_=0.6111111111111112, grid.best_index_=0, acc=0.5, time=0.22405600547790527
02-06-2022 05:46:18|INFO|Is groups None: False 
02-06-2022 05:46:18|INFO|grid.best_params_={'C': 0.01, 'gamma': 1e-09, 'kernel': 'rbf', 'max_iter': 1000}, grid.best_score_=0.6111111111111112, grid.best_index_=0, acc=0.5, time=0.22330951690673828
02-06-2022 05:46:18|INFO|Is groups None: False 
02-06-2022 05:46:19|INFO|grid.best_params_={'C': 0.01, 'gamma': 1e-09, 'kernel': 'rbf', 'max_iter': 1000}, grid.best_score_=0.6111111111111112, grid.best_index_=0, acc=0.5, time=0.21196389198303223
02-06-2022 05:46:19|INFO|Is groups None: False 
02-06-2022 05:46:19|INFO|grid.best_params_={'C': 0.01, 'gamma': 1e-09, 'kernel': 'rbf', 'max_iter': 1000}, grid.best_score_=0.5833333333333334, grid.best_index_=0, acc=0.75, time=0.2070293426513672
02-06-2022 05:46:19|INFO|s01|10-CV=0.52500|STD=0.13463|Time spend=26.45358419418335
02-06-2022 05:46:19|INFO|Running Segment-First
02-06-2022 05:46:19|INFO|X.shape=(40, 14), y.shape=(40,), groups.shape=(40,)
02-06-2022 05:46:19|INFO|Is groups None: False 
02-06-2022 05:46:19|INFO|grid.best_params_={'C': 0.01, 'gamma': 1e-09, 'kernel': 'rbf', 'max_iter': 1000}, grid.best_score_=0.6111111111111112, grid.best_index_=0, acc=0.5, time=0.25547099113464355
02-06-2022 05:46:19|INFO|Is groups None: False 
02-06-2022 05:46:20|INFO|grid.best_params_={'C': 0.01, 'gamma': 1e-09, 'kernel': 'rbf', 'max_iter': 1000}, grid.best_score_=0.5833333333333334, grid.best_index_=0, acc=0.75, time=0.2395157814025879
02-06-2022 05:46:20|INFO|Is groups None: False 
02-06-2022 05:46:20|INFO|grid.best_params_={'C': 100.0, 'gamma': 0.1, 'kernel': 'rbf', 'max_iter': 1000}, grid.best_score_=0.6944444444444444, grid.best_index_=18, acc=0.25, time=0.20477557182312012
02-06-2022 05:46:20|INFO|Is groups None: False 
02-06-2022 05:46:20|INFO|grid.best_params_={'C': 0.01, 'gamma': 1e-09, 'kernel': 'rbf', 'max_iter': 1000}, grid.best_score_=0.6111111111111112, grid.best_index_=0, acc=0.5, time=0.21323823928833008
02-06-2022 05:46:20|INFO|Is groups None: False 
02-06-2022 05:46:20|INFO|grid.best_params_={'C': 0.01, 'gamma': 1e-09, 'kernel': 'rbf', 'max_iter': 1000}, grid.best_score_=0.6111111111111112, grid.best_index_=0, acc=0.5, time=0.2695643901824951
02-06-2022 05:46:20|INFO|Is groups None: False 
02-06-2022 05:46:20|INFO|grid.best_params_={'C': 0.01, 'gamma': 1e-09, 'kernel': 'rbf', 'max_iter': 1000}, grid.best_score_=0.6111111111111112, grid.best_index_=0, acc=0.5, time=0.2243483066558838
02-06-2022 05:46:20|INFO|Is groups None: False 
02-06-2022 05:46:21|INFO|grid.best_params_={'C': 100.0, 'gamma': 0.1, 'kernel': 'rbf', 'max_iter': 1000}, grid.best_score_=0.6111111111111112, grid.best_index_=18, acc=0.5, time=0.21101856231689453
02-06-2022 05:46:21|INFO|Is groups None: False 
02-06-2022 05:46:21|INFO|grid.best_params_={'C': 100.0, 'gamma': 0.1, 'kernel': 'rbf', 'max_iter': 1000}, grid.best_score_=0.6111111111111112, grid.best_index_=18, acc=0.75, time=0.20589852333068848
02-06-2022 05:46:21|INFO|Is groups None: False 
02-06-2022 05:46:21|INFO|grid.best_params_={'C': 0.01, 'gamma': 1e-09, 'kernel': 'rbf', 'max_iter': 1000}, grid.best_score_=0.6111111111111112, grid.best_index_=0, acc=0.5, time=0.3410813808441162
02-06-2022 05:46:21|INFO|Is groups None: False 
02-06-2022 05:46:21|INFO|grid.best_params_={'C': 100000000.0, 'gamma': 1e-07, 'kernel': 'rbf', 'max_iter': 1000}, grid.best_score_=0.6388888888888888, grid.best_index_=36, acc=0.5, time=0.21974849700927734
02-06-2022 05:46:21|INFO|s02|10-CV=0.52500|STD=0.13463|Time spend=2.7603230476379395
02-06-2022 05:46:22|INFO|Running Segment-First
02-06-2022 05:46:22|INFO|X.shape=(40, 14), y.shape=(40,), groups.shape=(40,)
02-06-2022 05:46:22|INFO|Is groups None: False 
02-06-2022 05:46:22|INFO|grid.best_params_={'C': 0.01, 'gamma': 1e-09, 'kernel': 'rbf', 'max_iter': 1000}, grid.best_score_=0.7777777777777778, grid.best_index_=0, acc=1.0, time=0.23371362686157227
02-06-2022 05:46:22|INFO|Is groups None: False 
02-06-2022 05:46:22|INFO|grid.best_params_={'C': 0.01, 'gamma': 1e-09, 'kernel': 'rbf', 'max_iter': 1000}, grid.best_score_=0.8055555555555556, grid.best_index_=0, acc=0.75, time=0.2278614044189453
02-06-2022 05:46:22|INFO|Is groups None: False 
02-06-2022 05:46:23|INFO|grid.best_params_={'C': 0.01, 'gamma': 1e-09, 'kernel': 'rbf', 'max_iter': 1000}, grid.best_score_=0.8055555555555556, grid.best_index_=0, acc=0.75, time=0.21093130111694336
02-06-2022 05:46:23|INFO|Is groups None: False 
02-06-2022 05:46:23|INFO|grid.best_params_={'C': 0.01, 'gamma': 1e-09, 'kernel': 'rbf', 'max_iter': 1000}, grid.best_score_=0.8055555555555556, grid.best_index_=0, acc=0.75, time=0.20299720764160156
02-06-2022 05:46:23|INFO|Is groups None: False 
02-06-2022 05:46:23|INFO|grid.best_params_={'C': 0.01, 'gamma': 1e-09, 'kernel': 'rbf', 'max_iter': 1000}, grid.best_score_=0.8055555555555556, grid.best_index_=0, acc=0.75, time=0.22307300567626953
02-06-2022 05:46:23|INFO|Is groups None: False 
02-06-2022 05:46:23|INFO|grid.best_params_={'C': 0.01, 'gamma': 1e-09, 'kernel': 'rbf', 'max_iter': 1000}, grid.best_score_=0.8055555555555556, grid.best_index_=0, acc=0.75, time=0.20305514335632324
02-06-2022 05:46:23|INFO|Is groups None: False 
02-06-2022 05:46:23|INFO|grid.best_params_={'C': 0.01, 'gamma': 1e-09, 'kernel': 'rbf', 'max_iter': 1000}, grid.best_score_=0.8055555555555556, grid.best_index_=0, acc=0.75, time=0.21390342712402344
02-06-2022 05:46:23|INFO|Is groups None: False 
02-06-2022 05:46:24|INFO|grid.best_params_={'C': 0.01, 'gamma': 1e-09, 'kernel': 'rbf', 'max_iter': 1000}, grid.best_score_=0.8055555555555556, grid.best_index_=0, acc=0.75, time=0.20082950592041016
02-06-2022 05:46:24|INFO|Is groups None: False 
02-06-2022 05:46:24|INFO|grid.best_params_={'C': 1000000.0, 'gamma': 1e-05, 'kernel': 'rbf', 'max_iter': 1000}, grid.best_score_=0.8611111111111112, grid.best_index_=30, acc=0.5, time=0.21390795707702637
02-06-2022 05:46:24|INFO|Is groups None: False 
02-06-2022 05:46:24|INFO|grid.best_params_={'C': 0.01, 'gamma': 1e-09, 'kernel': 'rbf', 'max_iter': 1000}, grid.best_score_=0.7777777777777778, grid.best_index_=0, acc=1.0, time=0.21979188919067383
02-06-2022 05:46:24|INFO|s03|10-CV=0.77500|STD=0.13463|Time spend=2.5936646461486816
02-06-2022 05:46:24|INFO|Running Segment-First
02-06-2022 05:46:24|INFO|X.shape=(40, 14), y.shape=(40,), groups.shape=(40,)
02-06-2022 05:46:24|INFO|Is groups None: False 
02-06-2022 05:46:25|INFO|grid.best_params_={'C': 100.0, 'gamma': 0.1, 'kernel': 'rbf', 'max_iter': 1000}, grid.best_score_=0.6388888888888888, grid.best_index_=18, acc=0.5, time=0.27980494499206543
02-06-2022 05:46:25|INFO|Is groups None: False 
02-06-2022 05:46:25|INFO|grid.best_params_={'C': 100000000.0, 'gamma': 1e-07, 'kernel': 'rbf', 'max_iter': 1000}, grid.best_score_=0.7777777777777778, grid.best_index_=36, acc=0.25, time=0.22982263565063477
02-06-2022 05:46:25|INFO|Is groups None: False 
02-06-2022 05:46:25|INFO|grid.best_params_={'C': 100000000.0, 'gamma': 1e-07, 'kernel': 'rbf', 'max_iter': 1000}, grid.best_score_=0.6944444444444444, grid.best_index_=36, acc=0.5, time=0.21787762641906738
02-06-2022 05:46:25|INFO|Is groups None: False 
02-06-2022 05:46:25|INFO|grid.best_params_={'C': 100.0, 'gamma': 0.1, 'kernel': 'rbf', 'max_iter': 1000}, grid.best_score_=0.6666666666666666, grid.best_index_=18, acc=0.25, time=0.21051573753356934
02-06-2022 05:46:25|INFO|Is groups None: False 
02-06-2022 05:46:26|INFO|grid.best_params_={'C': 10000.0, 'gamma': 0.001, 'kernel': 'rbf', 'max_iter': 1000}, grid.best_score_=0.6944444444444444, grid.best_index_=24, acc=0.5, time=0.21107220649719238
02-06-2022 05:46:26|INFO|Is groups None: False 
02-06-2022 05:46:26|INFO|grid.best_params_={'C': 100000000.0, 'gamma': 1e-07, 'kernel': 'rbf', 'max_iter': 1000}, grid.best_score_=0.6388888888888888, grid.best_index_=36, acc=0.5, time=0.25891923904418945
02-06-2022 05:46:26|INFO|Is groups None: False 
02-06-2022 05:46:26|INFO|grid.best_params_={'C': 0.01, 'gamma': 1e-09, 'kernel': 'rbf', 'max_iter': 1000}, grid.best_score_=0.6111111111111112, grid.best_index_=0, acc=0.5, time=0.2239704132080078
02-06-2022 05:46:26|INFO|Is groups None: False 
02-06-2022 05:46:26|INFO|grid.best_params_={'C': 100000000.0, 'gamma': 1e-07, 'kernel': 'rbf', 'max_iter': 1000}, grid.best_score_=0.6666666666666666, grid.best_index_=36, acc=0.5, time=0.23958086967468262
02-06-2022 05:46:26|INFO|Is groups None: False 
02-06-2022 05:46:27|INFO|grid.best_params_={'C': 100000000.0, 'gamma': 1e-07, 'kernel': 'rbf', 'max_iter': 1000}, grid.best_score_=0.6388888888888888, grid.best_index_=36, acc=0.75, time=0.30799365043640137
02-06-2022 05:46:27|INFO|Is groups None: False 
02-06-2022 05:46:27|INFO|grid.best_params_={'C': 10000.0, 'gamma': 0.001, 'kernel': 'rbf', 'max_iter': 1000}, grid.best_score_=0.6944444444444444, grid.best_index_=24, acc=0.75, time=0.2116835117340088
02-06-2022 05:46:27|INFO|s04|10-CV=0.50000|STD=0.15811|Time spend=2.7696080207824707
02-06-2022 05:46:27|INFO|Running Segment-First
02-06-2022 05:46:27|INFO|X.shape=(40, 14), y.shape=(40,), groups.shape=(40,)
02-06-2022 05:46:27|INFO|Is groups None: False 
02-06-2022 05:46:28|INFO|grid.best_params_={'C': 100000000.0, 'gamma': 1e-05, 'kernel': 'rbf', 'max_iter': 1000}, grid.best_score_=0.6722222222222222, grid.best_index_=37, acc=0.25, time=0.29218173027038574
02-06-2022 05:46:28|INFO|Is groups None: False 
02-06-2022 05:46:28|INFO|grid.best_params_={'C': 1000000.0, 'gamma': 0.001, 'kernel': 'rbf', 'max_iter': 1000}, grid.best_score_=0.6962962962962963, grid.best_index_=31, acc=0.25, time=0.21813035011291504
02-06-2022 05:46:28|INFO|Is groups None: False 
02-06-2022 05:46:28|INFO|grid.best_params_={'C': 1000000.0, 'gamma': 1e-05, 'kernel': 'rbf', 'max_iter': 1000}, grid.best_score_=0.6666666666666666, grid.best_index_=30, acc=0.5, time=0.22578096389770508
02-06-2022 05:46:28|INFO|Is groups None: False 
02-06-2022 05:46:28|INFO|grid.best_params_={'C': 100000000.0, 'gamma': 1e-07, 'kernel': 'rbf', 'max_iter': 1000}, grid.best_score_=0.5981481481481481, grid.best_index_=36, acc=0.25, time=0.2121593952178955
02-06-2022 05:46:28|INFO|Is groups None: False 
02-06-2022 05:46:28|INFO|grid.best_params_={'C': 10000.0, 'gamma': 1e-05, 'kernel': 'rbf', 'max_iter': 1000}, grid.best_score_=0.5555555555555556, grid.best_index_=23, acc=0.25, time=0.2619936466217041
02-06-2022 05:46:28|INFO|Is groups None: False 
02-06-2022 05:46:29|INFO|grid.best_params_={'C': 1000000.0, 'gamma': 1e-05, 'kernel': 'rbf', 'max_iter': 1000}, grid.best_score_=0.5555555555555556, grid.best_index_=30, acc=0.75, time=0.23219776153564453
02-06-2022 05:46:29|INFO|Is groups None: False 
02-06-2022 05:46:29|INFO|grid.best_params_={'C': 10000.0, 'gamma': 0.001, 'kernel': 'rbf', 'max_iter': 1000}, grid.best_score_=0.6388888888888888, grid.best_index_=24, acc=0.75, time=0.21555376052856445
02-06-2022 05:46:29|INFO|Is groups None: False 
02-06-2022 05:46:29|INFO|grid.best_params_={'C': 10000.0, 'gamma': 0.001, 'kernel': 'rbf', 'max_iter': 1000}, grid.best_score_=0.6407407407407407, grid.best_index_=24, acc=0.5, time=0.21481561660766602
02-06-2022 05:46:29|INFO|Is groups None: False 
02-06-2022 05:46:29|INFO|grid.best_params_={'C': 1000000.0, 'gamma': 0.001, 'kernel': 'rbf', 'max_iter': 1000}, grid.best_score_=0.6074074074074074, grid.best_index_=31, acc=0.5, time=0.2114393711090088
02-06-2022 05:46:29|INFO|Is groups None: False 
02-06-2022 05:46:30|INFO|grid.best_params_={'C': 1000000.0, 'gamma': 1e-05, 'kernel': 'rbf', 'max_iter': 1000}, grid.best_score_=0.7222222222222222, grid.best_index_=30, acc=0.5, time=0.31704163551330566
02-06-2022 05:46:30|INFO|s05|10-CV=0.45000|STD=0.18708|Time spend=2.808363437652588
02-06-2022 05:46:30|INFO|Running Segment-First
02-06-2022 05:46:30|INFO|X.shape=(40, 14), y.shape=(40,), groups.shape=(40,)
02-06-2022 05:46:30|INFO|Is groups None: False 
02-06-2022 05:46:30|INFO|grid.best_params_={'C': 10000000000.0, 'gamma': 1e-07, 'kernel': 'rbf', 'max_iter': 1000}, grid.best_score_=0.5833333333333334, grid.best_index_=43, acc=0.5, time=0.28462648391723633
02-06-2022 05:46:30|INFO|Is groups None: False 
02-06-2022 05:46:30|INFO|grid.best_params_={'C': 0.01, 'gamma': 1e-09, 'kernel': 'rbf', 'max_iter': 1000}, grid.best_score_=0.5555555555555556, grid.best_index_=0, acc=0.75, time=0.21581721305847168
02-06-2022 05:46:30|INFO|Is groups None: False 
02-06-2022 05:46:31|INFO|grid.best_params_={'C': 10000.0, 'gamma': 0.001, 'kernel': 'rbf', 'max_iter': 1000}, grid.best_score_=0.6111111111111112, grid.best_index_=24, acc=0.75, time=0.22034859657287598
02-06-2022 05:46:31|INFO|Is groups None: False 
02-06-2022 05:46:31|INFO|grid.best_params_={'C': 0.01, 'gamma': 1e-09, 'kernel': 'rbf', 'max_iter': 1000}, grid.best_score_=0.5833333333333334, grid.best_index_=0, acc=0.5, time=0.21547412872314453
02-06-2022 05:46:31|INFO|Is groups None: False 
02-06-2022 05:46:31|INFO|grid.best_params_={'C': 10000.0, 'gamma': 0.001, 'kernel': 'rbf', 'max_iter': 1000}, grid.best_score_=0.6388888888888888, grid.best_index_=24, acc=0.5, time=0.22786355018615723
02-06-2022 05:46:31|INFO|Is groups None: False 
02-06-2022 05:46:31|INFO|grid.best_params_={'C': 0.01, 'gamma': 1e-09, 'kernel': 'rbf', 'max_iter': 1000}, grid.best_score_=0.5833333333333334, grid.best_index_=0, acc=0.5, time=0.22725796699523926
02-06-2022 05:46:31|INFO|Is groups None: False 
02-06-2022 05:46:32|INFO|grid.best_params_={'C': 0.01, 'gamma': 1e-09, 'kernel': 'rbf', 'max_iter': 1000}, grid.best_score_=0.5833333333333334, grid.best_index_=0, acc=0.5, time=0.21183037757873535
02-06-2022 05:46:32|INFO|Is groups None: False 
02-06-2022 05:46:32|INFO|grid.best_params_={'C': 0.01, 'gamma': 1e-09, 'kernel': 'rbf', 'max_iter': 1000}, grid.best_score_=0.5833333333333334, grid.best_index_=0, acc=0.5, time=0.3760988712310791
02-06-2022 05:46:32|INFO|Is groups None: False 
02-06-2022 05:46:32|INFO|grid.best_params_={'C': 10000.0, 'gamma': 1e-05, 'kernel': 'rbf', 'max_iter': 1000}, grid.best_score_=0.6666666666666666, grid.best_index_=23, acc=0.5, time=0.2485647201538086
02-06-2022 05:46:32|INFO|Is groups None: False 
02-06-2022 05:46:32|INFO|grid.best_params_={'C': 0.01, 'gamma': 1e-07, 'kernel': 'rbf', 'max_iter': 1000}, grid.best_score_=0.5555555555555556, grid.best_index_=1, acc=0.75, time=0.21197867393493652
02-06-2022 05:46:32|INFO|s06|10-CV=0.57500|STD=0.11456|Time spend=2.8084347248077393
02-06-2022 05:46:33|INFO|Running Segment-First
02-06-2022 05:46:33|INFO|X.shape=(40, 14), y.shape=(40,), groups.shape=(40,)
02-06-2022 05:46:33|INFO|Is groups None: False 
02-06-2022 05:46:33|INFO|grid.best_params_={'C': 100000000.0, 'gamma': 1e-09, 'kernel': 'rbf', 'max_iter': 1000}, grid.best_score_=0.6388888888888888, grid.best_index_=35, acc=0.75, time=0.2796640396118164
02-06-2022 05:46:33|INFO|Is groups None: False 
02-06-2022 05:46:33|INFO|grid.best_params_={'C': 0.01, 'gamma': 1e-09, 'kernel': 'rbf', 'max_iter': 1000}, grid.best_score_=0.6111111111111112, grid.best_index_=0, acc=0.75, time=0.23691153526306152
02-06-2022 05:46:33|INFO|Is groups None: False 
02-06-2022 05:46:34|INFO|grid.best_params_={'C': 0.01, 'gamma': 1e-09, 'kernel': 'rbf', 'max_iter': 1000}, grid.best_score_=0.6388888888888888, grid.best_index_=0, acc=0.5, time=0.20942115783691406
02-06-2022 05:46:34|INFO|Is groups None: False 
02-06-2022 05:46:34|INFO|grid.best_params_={'C': 100.0, 'gamma': 0.001, 'kernel': 'rbf', 'max_iter': 1000}, grid.best_score_=0.6666666666666666, grid.best_index_=17, acc=0.5, time=0.20833706855773926
02-06-2022 05:46:34|INFO|Is groups None: False 
02-06-2022 05:46:34|INFO|grid.best_params_={'C': 1000000.0, 'gamma': 0.001, 'kernel': 'rbf', 'max_iter': 1000}, grid.best_score_=0.6944444444444444, grid.best_index_=31, acc=0.75, time=0.20785093307495117
02-06-2022 05:46:34|INFO|Is groups None: False 
02-06-2022 05:46:34|INFO|grid.best_params_={'C': 0.01, 'gamma': 1e-09, 'kernel': 'rbf', 'max_iter': 1000}, grid.best_score_=0.6388888888888888, grid.best_index_=0, acc=0.5, time=0.3175833225250244
02-06-2022 05:46:34|INFO|Is groups None: False 
02-06-2022 05:46:35|INFO|grid.best_params_={'C': 0.01, 'gamma': 1e-09, 'kernel': 'rbf', 'max_iter': 1000}, grid.best_score_=0.6388888888888888, grid.best_index_=0, acc=0.5, time=0.22360706329345703
02-06-2022 05:46:35|INFO|Is groups None: False 
02-06-2022 05:46:35|INFO|grid.best_params_={'C': 100000000.0, 'gamma': 1e-09, 'kernel': 'rbf', 'max_iter': 1000}, grid.best_score_=0.6388888888888888, grid.best_index_=35, acc=0.75, time=0.22158479690551758
02-06-2022 05:46:35|INFO|Is groups None: False 
02-06-2022 05:46:35|INFO|grid.best_params_={'C': 100000000.0, 'gamma': 1e-07, 'kernel': 'rbf', 'max_iter': 1000}, grid.best_score_=0.6944444444444444, grid.best_index_=36, acc=0.5, time=0.21056056022644043
02-06-2022 05:46:35|INFO|Is groups None: False 
02-06-2022 05:46:35|INFO|grid.best_params_={'C': 0.01, 'gamma': 1e-09, 'kernel': 'rbf', 'max_iter': 1000}, grid.best_score_=0.6111111111111112, grid.best_index_=0, acc=0.75, time=0.20644855499267578
02-06-2022 05:46:35|INFO|s07|10-CV=0.62500|STD=0.12500|Time spend=2.6976985931396484
02-06-2022 05:46:36|INFO|Running Segment-First
02-06-2022 05:46:36|INFO|X.shape=(40, 14), y.shape=(40,), groups.shape=(40,)
02-06-2022 05:46:36|INFO|Is groups None: False 
02-06-2022 05:46:36|INFO|grid.best_params_={'C': 100000000.0, 'gamma': 1e-07, 'kernel': 'rbf', 'max_iter': 1000}, grid.best_score_=0.6388888888888888, grid.best_index_=36, acc=0.75, time=0.23901820182800293
02-06-2022 05:46:36|INFO|Is groups None: False 
02-06-2022 05:46:36|INFO|grid.best_params_={'C': 100000000.0, 'gamma': 1e-05, 'kernel': 'rbf', 'max_iter': 1000}, grid.best_score_=0.6111111111111112, grid.best_index_=37, acc=0.75, time=0.2228078842163086
02-06-2022 05:46:36|INFO|Is groups None: False 
02-06-2022 05:46:36|INFO|grid.best_params_={'C': 1000000.0, 'gamma': 1e-05, 'kernel': 'rbf', 'max_iter': 1000}, grid.best_score_=0.6666666666666666, grid.best_index_=30, acc=0.25, time=0.21525096893310547
02-06-2022 05:46:36|INFO|Is groups None: False 
02-06-2022 05:46:36|INFO|grid.best_params_={'C': 0.01, 'gamma': 1e-09, 'kernel': 'rbf', 'max_iter': 1000}, grid.best_score_=0.5833333333333334, grid.best_index_=0, acc=0.5, time=0.21204018592834473
02-06-2022 05:46:36|INFO|Is groups None: False 
02-06-2022 05:46:37|INFO|grid.best_params_={'C': 10000.0, 'gamma': 0.001, 'kernel': 'rbf', 'max_iter': 1000}, grid.best_score_=0.6388888888888888, grid.best_index_=24, acc=0.5, time=0.20796680450439453
02-06-2022 05:46:37|INFO|Is groups None: False 
02-06-2022 05:46:37|INFO|grid.best_params_={'C': 10000000000.0, 'gamma': 1e-09, 'kernel': 'rbf', 'max_iter': 1000}, grid.best_score_=0.6944444444444444, grid.best_index_=42, acc=0.5, time=0.22513866424560547
02-06-2022 05:46:37|INFO|Is groups None: False 
02-06-2022 05:46:37|INFO|grid.best_params_={'C': 100000000.0, 'gamma': 1e-07, 'kernel': 'rbf', 'max_iter': 1000}, grid.best_score_=0.6111111111111112, grid.best_index_=36, acc=0.75, time=0.21211552619934082
02-06-2022 05:46:37|INFO|Is groups None: False 
02-06-2022 05:46:37|INFO|grid.best_params_={'C': 1000000.0, 'gamma': 0.001, 'kernel': 'rbf', 'max_iter': 1000}, grid.best_score_=0.5888888888888889, grid.best_index_=31, acc=0.6666666666666666, time=0.2150273323059082
02-06-2022 05:46:37|INFO|Is groups None: False 
02-06-2022 05:46:38|INFO|grid.best_params_={'C': 0.01, 'gamma': 1e-09, 'kernel': 'rbf', 'max_iter': 1000}, grid.best_score_=0.5833333333333334, grid.best_index_=0, acc=0.5, time=0.2381448745727539
02-06-2022 05:46:38|INFO|Is groups None: False 
02-06-2022 05:46:38|INFO|grid.best_params_={'C': 1000000.0, 'gamma': 1e-05, 'kernel': 'rbf', 'max_iter': 1000}, grid.best_score_=0.6388888888888888, grid.best_index_=30, acc=0.8, time=0.20991134643554688
02-06-2022 05:46:38|INFO|s08|10-CV=0.59667|STD=0.16563|Time spend=2.6105988025665283
02-06-2022 05:46:38|INFO|Running Segment-First
02-06-2022 05:46:38|INFO|X.shape=(40, 14), y.shape=(40,), groups.shape=(40,)
02-06-2022 05:46:38|INFO|Is groups None: False 
02-06-2022 05:46:38|INFO|grid.best_params_={'C': 1000000.0, 'gamma': 1e-05, 'kernel': 'rbf', 'max_iter': 1000}, grid.best_score_=0.6666666666666666, grid.best_index_=30, acc=0.5, time=0.3059532642364502
02-06-2022 05:46:38|INFO|Is groups None: False 
02-06-2022 05:46:39|INFO|grid.best_params_={'C': 1000000.0, 'gamma': 1e-07, 'kernel': 'rbf', 'max_iter': 1000}, grid.best_score_=0.6666666666666666, grid.best_index_=29, acc=0.5, time=0.22056078910827637
02-06-2022 05:46:39|INFO|Is groups None: False 
02-06-2022 05:46:39|INFO|grid.best_params_={'C': 0.01, 'gamma': 1e-09, 'kernel': 'rbf', 'max_iter': 1000}, grid.best_score_=0.6111111111111112, grid.best_index_=0, acc=0.5, time=0.21985387802124023
02-06-2022 05:46:39|INFO|Is groups None: False 
02-06-2022 05:46:39|INFO|grid.best_params_={'C': 1.0, 'gamma': 0.1, 'kernel': 'rbf', 'max_iter': 1000}, grid.best_score_=0.6111111111111112, grid.best_index_=11, acc=0.75, time=0.22310709953308105
02-06-2022 05:46:39|INFO|Is groups None: False 
02-06-2022 05:46:39|INFO|grid.best_params_={'C': 100000000.0, 'gamma': 1e-05, 'kernel': 'rbf', 'max_iter': 1000}, grid.best_score_=0.6944444444444444, grid.best_index_=37, acc=0.5, time=0.23493456840515137
02-06-2022 05:46:39|INFO|Is groups None: False 
02-06-2022 05:46:40|INFO|grid.best_params_={'C': 1.0, 'gamma': 0.1, 'kernel': 'rbf', 'max_iter': 1000}, grid.best_score_=0.6388888888888888, grid.best_index_=11, acc=0.5, time=0.2204127311706543
02-06-2022 05:46:40|INFO|Is groups None: False 
02-06-2022 05:46:40|INFO|grid.best_params_={'C': 1000000.0, 'gamma': 1e-05, 'kernel': 'rbf', 'max_iter': 1000}, grid.best_score_=0.7222222222222222, grid.best_index_=30, acc=0.5, time=0.2099926471710205
02-06-2022 05:46:40|INFO|Is groups None: False 
02-06-2022 05:46:40|INFO|grid.best_params_={'C': 0.01, 'gamma': 1e-09, 'kernel': 'rbf', 'max_iter': 1000}, grid.best_score_=0.6111111111111112, grid.best_index_=0, acc=0.5, time=0.2173619270324707
02-06-2022 05:46:40|INFO|Is groups None: False 
02-06-2022 05:46:40|INFO|grid.best_params_={'C': 100000000.0, 'gamma': 1e-05, 'kernel': 'rbf', 'max_iter': 1000}, grid.best_score_=0.7222222222222222, grid.best_index_=37, acc=0.5, time=0.2639336585998535
02-06-2022 05:46:40|INFO|Is groups None: False 
02-06-2022 05:46:41|INFO|grid.best_params_={'C': 100000000.0, 'gamma': 1e-07, 'kernel': 'rbf', 'max_iter': 1000}, grid.best_score_=0.6944444444444444, grid.best_index_=36, acc=0.5, time=0.23093819618225098
02-06-2022 05:46:41|INFO|s09|10-CV=0.52500|STD=0.07500|Time spend=2.7420060634613037
02-06-2022 05:46:41|INFO|Running Segment-First
02-06-2022 05:46:41|INFO|X.shape=(40, 14), y.shape=(40,), groups.shape=(40,)
02-06-2022 05:46:41|INFO|Is groups None: False 
02-06-2022 05:46:41|INFO|grid.best_params_={'C': 100.0, 'gamma': 0.001, 'kernel': 'rbf', 'max_iter': 1000}, grid.best_score_=0.7222222222222222, grid.best_index_=17, acc=0.5, time=0.2818887233734131
02-06-2022 05:46:41|INFO|Is groups None: False 
02-06-2022 05:46:41|INFO|grid.best_params_={'C': 10000.0, 'gamma': 1e-05, 'kernel': 'rbf', 'max_iter': 1000}, grid.best_score_=0.6666666666666666, grid.best_index_=23, acc=0.5, time=0.22892189025878906
02-06-2022 05:46:41|INFO|Is groups None: False 
02-06-2022 05:46:42|INFO|grid.best_params_={'C': 1000000.0, 'gamma': 1e-05, 'kernel': 'rbf', 'max_iter': 1000}, grid.best_score_=0.6666666666666666, grid.best_index_=30, acc=0.75, time=0.2195744514465332
02-06-2022 05:46:42|INFO|Is groups None: False 
02-06-2022 05:46:42|INFO|grid.best_params_={'C': 100000000.0, 'gamma': 1e-07, 'kernel': 'rbf', 'max_iter': 1000}, grid.best_score_=0.75, grid.best_index_=36, acc=0.75, time=0.2806103229522705
02-06-2022 05:46:42|INFO|Is groups None: False 
02-06-2022 05:46:42|INFO|grid.best_params_={'C': 10000.0, 'gamma': 1e-05, 'kernel': 'rbf', 'max_iter': 1000}, grid.best_score_=0.7222222222222222, grid.best_index_=23, acc=0.5, time=0.20850658416748047
02-06-2022 05:46:42|INFO|Is groups None: False 
02-06-2022 05:46:42|INFO|grid.best_params_={'C': 100.0, 'gamma': 0.001, 'kernel': 'rbf', 'max_iter': 1000}, grid.best_score_=0.6666666666666666, grid.best_index_=17, acc=0.75, time=0.282076358795166
02-06-2022 05:46:42|INFO|Is groups None: False 
02-06-2022 05:46:43|INFO|grid.best_params_={'C': 10000000000.0, 'gamma': 1e-07, 'kernel': 'rbf', 'max_iter': 1000}, grid.best_score_=0.75, grid.best_index_=43, acc=0.5, time=0.22472929954528809
02-06-2022 05:46:43|INFO|Is groups None: False 
02-06-2022 05:46:43|INFO|grid.best_params_={'C': 100.0, 'gamma': 0.001, 'kernel': 'rbf', 'max_iter': 1000}, grid.best_score_=0.7222222222222222, grid.best_index_=17, acc=0.75, time=0.21759796142578125
02-06-2022 05:46:43|INFO|Is groups None: False 
02-06-2022 05:46:43|INFO|grid.best_params_={'C': 100.0, 'gamma': 0.001, 'kernel': 'rbf', 'max_iter': 1000}, grid.best_score_=0.7222222222222222, grid.best_index_=17, acc=0.75, time=0.2112102508544922
02-06-2022 05:46:43|INFO|Is groups None: False 
02-06-2022 05:46:43|INFO|grid.best_params_={'C': 100.0, 'gamma': 0.001, 'kernel': 'rbf', 'max_iter': 1000}, grid.best_score_=0.75, grid.best_index_=17, acc=0.25, time=0.20858049392700195
02-06-2022 05:46:43|INFO|s10|10-CV=0.60000|STD=0.16583|Time spend=2.7502048015594482
02-06-2022 05:46:44|INFO|Running Segment-First
02-06-2022 05:46:44|INFO|X.shape=(40, 14), y.shape=(40,), groups.shape=(40,)
02-06-2022 05:46:44|INFO|Is groups None: False 
02-06-2022 05:46:44|INFO|grid.best_params_={'C': 10000000000.0, 'gamma': 1e-07, 'kernel': 'rbf', 'max_iter': 1000}, grid.best_score_=0.6388888888888888, grid.best_index_=43, acc=0.75, time=0.2462611198425293
02-06-2022 05:46:44|INFO|Is groups None: False 
02-06-2022 05:46:44|INFO|grid.best_params_={'C': 0.01, 'gamma': 1e-09, 'kernel': 'rbf', 'max_iter': 1000}, grid.best_score_=0.6111111111111112, grid.best_index_=0, acc=0.75, time=0.22385048866271973
02-06-2022 05:46:44|INFO|Is groups None: False 
02-06-2022 05:46:44|INFO|grid.best_params_={'C': 100000000.0, 'gamma': 1e-09, 'kernel': 'rbf', 'max_iter': 1000}, grid.best_score_=0.6666666666666666, grid.best_index_=35, acc=0.5, time=0.2175731658935547
02-06-2022 05:46:44|INFO|Is groups None: False 
02-06-2022 05:46:45|INFO|grid.best_params_={'C': 100000000.0, 'gamma': 1e-09, 'kernel': 'rbf', 'max_iter': 1000}, grid.best_score_=0.6666666666666666, grid.best_index_=35, acc=0.5, time=0.22897815704345703
02-06-2022 05:46:45|INFO|Is groups None: False 
02-06-2022 05:46:45|INFO|grid.best_params_={'C': 1000000.0, 'gamma': 1e-05, 'kernel': 'rbf', 'max_iter': 1000}, grid.best_score_=0.6944444444444444, grid.best_index_=30, acc=0.0, time=0.20693421363830566
02-06-2022 05:46:45|INFO|Is groups None: False 
02-06-2022 05:46:45|INFO|grid.best_params_={'C': 0.01, 'gamma': 1e-09, 'kernel': 'rbf', 'max_iter': 1000}, grid.best_score_=0.6388888888888888, grid.best_index_=0, acc=0.5, time=0.2165358066558838
02-06-2022 05:46:45|INFO|Is groups None: False 
02-06-2022 05:46:45|INFO|grid.best_params_={'C': 0.01, 'gamma': 1e-09, 'kernel': 'rbf', 'max_iter': 1000}, grid.best_score_=0.6111111111111112, grid.best_index_=0, acc=0.75, time=0.22298836708068848
02-06-2022 05:46:45|INFO|Is groups None: False 
02-06-2022 05:46:45|INFO|grid.best_params_={'C': 10000000000.0, 'gamma': 1e-07, 'kernel': 'rbf', 'max_iter': 1000}, grid.best_score_=0.6944444444444444, grid.best_index_=43, acc=0.75, time=0.21802210807800293
02-06-2022 05:46:45|INFO|Is groups None: False 
02-06-2022 05:46:46|INFO|grid.best_params_={'C': 0.01, 'gamma': 1e-09, 'kernel': 'rbf', 'max_iter': 1000}, grid.best_score_=0.6111111111111112, grid.best_index_=0, acc=0.75, time=0.21025824546813965
02-06-2022 05:46:46|INFO|Is groups None: False 
02-06-2022 05:46:46|INFO|grid.best_params_={'C': 10000000000.0, 'gamma': 1e-09, 'kernel': 'rbf', 'max_iter': 1000}, grid.best_score_=0.6388888888888888, grid.best_index_=42, acc=0.75, time=0.30341172218322754
02-06-2022 05:46:46|INFO|s11|10-CV=0.60000|STD=0.22913|Time spend=2.6673364639282227
02-06-2022 05:46:46|INFO|Running Segment-First
02-06-2022 05:46:46|INFO|X.shape=(40, 14), y.shape=(40,), groups.shape=(40,)
02-06-2022 05:46:46|INFO|Is groups None: False 
02-06-2022 05:46:47|INFO|grid.best_params_={'C': 0.01, 'gamma': 1e-09, 'kernel': 'rbf', 'max_iter': 1000}, grid.best_score_=0.8333333333333334, grid.best_index_=0, acc=0.75, time=0.26909875869750977
02-06-2022 05:46:47|INFO|Is groups None: False 
02-06-2022 05:46:47|INFO|grid.best_params_={'C': 0.01, 'gamma': 1e-09, 'kernel': 'rbf', 'max_iter': 1000}, grid.best_score_=0.8333333333333334, grid.best_index_=0, acc=0.75, time=0.23356103897094727
02-06-2022 05:46:47|INFO|Is groups None: False 
02-06-2022 05:46:47|INFO|grid.best_params_={'C': 0.01, 'gamma': 1e-09, 'kernel': 'rbf', 'max_iter': 1000}, grid.best_score_=0.8333333333333334, grid.best_index_=0, acc=0.75, time=0.20999813079833984
02-06-2022 05:46:47|INFO|Is groups None: False 
02-06-2022 05:46:47|INFO|grid.best_params_={'C': 10000.0, 'gamma': 0.001, 'kernel': 'rbf', 'max_iter': 1000}, grid.best_score_=0.8611111111111112, grid.best_index_=24, acc=0.75, time=0.2089686393737793
02-06-2022 05:46:47|INFO|Is groups None: False 
02-06-2022 05:46:47|INFO|grid.best_params_={'C': 0.01, 'gamma': 1e-09, 'kernel': 'rbf', 'max_iter': 1000}, grid.best_score_=0.8333333333333334, grid.best_index_=0, acc=0.75, time=0.21166181564331055
02-06-2022 05:46:47|INFO|Is groups None: False 
02-06-2022 05:46:48|INFO|grid.best_params_={'C': 100.0, 'gamma': 0.1, 'kernel': 'rbf', 'max_iter': 1000}, grid.best_score_=0.8611111111111112, grid.best_index_=18, acc=0.75, time=0.29099035263061523
02-06-2022 05:46:48|INFO|Is groups None: False 
02-06-2022 05:46:48|INFO|grid.best_params_={'C': 0.01, 'gamma': 1e-09, 'kernel': 'rbf', 'max_iter': 1000}, grid.best_score_=0.8055555555555556, grid.best_index_=0, acc=1.0, time=0.22533941268920898
02-06-2022 05:46:48|INFO|Is groups None: False 
02-06-2022 05:46:48|INFO|grid.best_params_={'C': 0.01, 'gamma': 1e-09, 'kernel': 'rbf', 'max_iter': 1000}, grid.best_score_=0.8333333333333334, grid.best_index_=0, acc=0.75, time=0.21537113189697266
02-06-2022 05:46:48|INFO|Is groups None: False 
02-06-2022 05:46:48|INFO|grid.best_params_={'C': 100.0, 'gamma': 0.1, 'kernel': 'rbf', 'max_iter': 1000}, grid.best_score_=0.8333333333333334, grid.best_index_=18, acc=1.0, time=0.20512104034423828
02-06-2022 05:46:48|INFO|Is groups None: False 
02-06-2022 05:46:49|INFO|grid.best_params_={'C': 0.01, 'gamma': 1e-09, 'kernel': 'rbf', 'max_iter': 1000}, grid.best_score_=0.8055555555555556, grid.best_index_=0, acc=1.0, time=0.20628118515014648
02-06-2022 05:46:49|INFO|s12|10-CV=0.82500|STD=0.11456|Time spend=2.640618324279785
02-06-2022 05:46:49|INFO|Running Segment-First
02-06-2022 05:46:49|INFO|X.shape=(40, 14), y.shape=(40,), groups.shape=(40,)
02-06-2022 05:46:49|INFO|Is groups None: False 
02-06-2022 05:46:49|INFO|grid.best_params_={'C': 0.01, 'gamma': 1e-09, 'kernel': 'rbf', 'max_iter': 1000}, grid.best_score_=0.8611111111111112, grid.best_index_=0, acc=0.75, time=0.28075170516967773
02-06-2022 05:46:49|INFO|Is groups None: False 
02-06-2022 05:46:49|INFO|grid.best_params_={'C': 0.01, 'gamma': 1e-09, 'kernel': 'rbf', 'max_iter': 1000}, grid.best_score_=0.8611111111111112, grid.best_index_=0, acc=0.75, time=0.23445773124694824
02-06-2022 05:46:49|INFO|Is groups None: False 
02-06-2022 05:46:50|INFO|grid.best_params_={'C': 0.01, 'gamma': 1e-09, 'kernel': 'rbf', 'max_iter': 1000}, grid.best_score_=0.8611111111111112, grid.best_index_=0, acc=0.75, time=0.20949649810791016
02-06-2022 05:46:50|INFO|Is groups None: False 
02-06-2022 05:46:50|INFO|grid.best_params_={'C': 0.01, 'gamma': 1e-09, 'kernel': 'rbf', 'max_iter': 1000}, grid.best_score_=0.8611111111111112, grid.best_index_=0, acc=0.75, time=0.21612906455993652
02-06-2022 05:46:50|INFO|Is groups None: False 
02-06-2022 05:46:50|INFO|grid.best_params_={'C': 0.01, 'gamma': 1e-09, 'kernel': 'rbf', 'max_iter': 1000}, grid.best_score_=0.8611111111111112, grid.best_index_=0, acc=0.75, time=0.2091071605682373
02-06-2022 05:46:50|INFO|Is groups None: False 
02-06-2022 05:46:50|INFO|grid.best_params_={'C': 0.01, 'gamma': 1e-09, 'kernel': 'rbf', 'max_iter': 1000}, grid.best_score_=0.8611111111111112, grid.best_index_=0, acc=0.75, time=0.24325799942016602
02-06-2022 05:46:50|INFO|Is groups None: False 
02-06-2022 05:46:51|INFO|grid.best_params_={'C': 0.01, 'gamma': 1e-09, 'kernel': 'rbf', 'max_iter': 1000}, grid.best_score_=0.8333333333333334, grid.best_index_=0, acc=1.0, time=0.23166847229003906
02-06-2022 05:46:51|INFO|Is groups None: False 
02-06-2022 05:46:51|INFO|grid.best_params_={'C': 0.01, 'gamma': 1e-09, 'kernel': 'rbf', 'max_iter': 1000}, grid.best_score_=0.8333333333333334, grid.best_index_=0, acc=1.0, time=0.21443462371826172
02-06-2022 05:46:51|INFO|Is groups None: False 
02-06-2022 05:46:51|INFO|grid.best_params_={'C': 100000000.0, 'gamma': 1e-07, 'kernel': 'rbf', 'max_iter': 1000}, grid.best_score_=0.8888888888888888, grid.best_index_=36, acc=0.5, time=0.21849894523620605
02-06-2022 05:46:51|INFO|Is groups None: False 
02-06-2022 05:46:51|INFO|grid.best_params_={'C': 0.01, 'gamma': 1e-09, 'kernel': 'rbf', 'max_iter': 1000}, grid.best_score_=0.8333333333333334, grid.best_index_=0, acc=1.0, time=0.2390449047088623
02-06-2022 05:46:51|INFO|s13|10-CV=0.80000|STD=0.15000|Time spend=2.6775224208831787
02-06-2022 05:46:52|INFO|Running Segment-First
02-06-2022 05:46:52|INFO|X.shape=(40, 14), y.shape=(40,), groups.shape=(40,)
02-06-2022 05:46:52|INFO|Is groups None: False 
02-06-2022 05:46:52|INFO|grid.best_params_={'C': 0.01, 'gamma': 1e-09, 'kernel': 'rbf', 'max_iter': 1000}, grid.best_score_=0.6666666666666666, grid.best_index_=0, acc=0.75, time=0.23604655265808105
02-06-2022 05:46:52|INFO|Is groups None: False 
02-06-2022 05:46:56|INFO|grid.best_params_={'C': 1.0, 'gamma': 0.1, 'kernel': 'rbf', 'max_iter': 1000}, grid.best_score_=0.75, grid.best_index_=11, acc=0.75, time=3.827589988708496
02-06-2022 05:46:56|INFO|Is groups None: False 
02-06-2022 05:46:57|INFO|grid.best_params_={'C': 1.0, 'gamma': 0.1, 'kernel': 'rbf', 'max_iter': 1000}, grid.best_score_=0.75, grid.best_index_=11, acc=0.75, time=1.381093978881836
02-06-2022 05:46:57|INFO|Is groups None: False 
02-06-2022 05:46:58|INFO|grid.best_params_={'C': 1.0, 'gamma': 0.1, 'kernel': 'rbf', 'max_iter': 1000}, grid.best_score_=0.7777777777777778, grid.best_index_=11, acc=0.75, time=1.3460447788238525
02-06-2022 05:46:58|INFO|Is groups None: False 
02-06-2022 05:47:00|INFO|grid.best_params_={'C': 1.0, 'gamma': 0.1, 'kernel': 'rbf', 'max_iter': 1000}, grid.best_score_=0.7777777777777778, grid.best_index_=11, acc=0.75, time=1.2792580127716064
02-06-2022 05:47:00|INFO|Is groups None: False 
02-06-2022 05:47:01|INFO|grid.best_params_={'C': 1.0, 'gamma': 0.1, 'kernel': 'rbf', 'max_iter': 1000}, grid.best_score_=0.8055555555555556, grid.best_index_=11, acc=0.5, time=1.3577299118041992
02-06-2022 05:47:01|INFO|Is groups None: False 
02-06-2022 05:47:03|INFO|grid.best_params_={'C': 1.0, 'gamma': 0.1, 'kernel': 'rbf', 'max_iter': 1000}, grid.best_score_=0.7222222222222222, grid.best_index_=11, acc=0.75, time=1.664855718612671
02-06-2022 05:47:03|INFO|Is groups None: False 
02-06-2022 05:47:05|INFO|grid.best_params_={'C': 1.0, 'gamma': 0.1, 'kernel': 'rbf', 'max_iter': 1000}, grid.best_score_=0.7222222222222222, grid.best_index_=11, acc=1.0, time=1.7536749839782715
02-06-2022 05:47:05|INFO|Is groups None: False 
02-06-2022 05:47:06|INFO|grid.best_params_={'C': 1.0, 'gamma': 0.1, 'kernel': 'rbf', 'max_iter': 1000}, grid.best_score_=0.7777777777777778, grid.best_index_=11, acc=0.75, time=1.3365602493286133
02-06-2022 05:47:06|INFO|Is groups None: False 
02-06-2022 05:47:07|INFO|grid.best_params_={'C': 1.0, 'gamma': 0.1, 'kernel': 'rbf', 'max_iter': 1000}, grid.best_score_=0.6944444444444444, grid.best_index_=11, acc=0.75, time=1.0872752666473389
02-06-2022 05:47:07|INFO|s14|10-CV=0.75000|STD=0.11180|Time spend=15.830856800079346
02-06-2022 05:47:08|INFO|Running Segment-First
02-06-2022 05:47:08|INFO|X.shape=(40, 14), y.shape=(40,), groups.shape=(40,)
02-06-2022 05:47:08|INFO|Is groups None: False 
02-06-2022 05:47:09|INFO|grid.best_params_={'C': 100.0, 'gamma': 0.001, 'kernel': 'rbf', 'max_iter': 1000}, grid.best_score_=0.5277777777777778, grid.best_index_=17, acc=0.5, time=0.9707303047180176
02-06-2022 05:47:09|INFO|Is groups None: False 
02-06-2022 05:47:10|INFO|grid.best_params_={'C': 1.0, 'gamma': 0.1, 'kernel': 'rbf', 'max_iter': 1000}, grid.best_score_=0.5, grid.best_index_=11, acc=0.5, time=0.9848353862762451
02-06-2022 05:47:10|INFO|Is groups None: False 
02-06-2022 05:47:11|INFO|grid.best_params_={'C': 1.0, 'gamma': 0.1, 'kernel': 'rbf', 'max_iter': 1000}, grid.best_score_=0.5277777777777778, grid.best_index_=11, acc=0.75, time=0.9413628578186035
02-06-2022 05:47:11|INFO|Is groups None: False 
02-06-2022 05:47:12|INFO|grid.best_params_={'C': 100.0, 'gamma': 0.1, 'kernel': 'rbf', 'max_iter': 1000}, grid.best_score_=0.5833333333333334, grid.best_index_=18, acc=0.25, time=0.9620523452758789
02-06-2022 05:47:12|INFO|Is groups None: False 
02-06-2022 05:47:13|INFO|grid.best_params_={'C': 1000000.0, 'gamma': 1e-07, 'kernel': 'rbf', 'max_iter': 1000}, grid.best_score_=0.4722222222222222, grid.best_index_=29, acc=0.75, time=0.9342081546783447
02-06-2022 05:47:13|INFO|Is groups None: False 
02-06-2022 05:47:14|INFO|grid.best_params_={'C': 100.0, 'gamma': 0.1, 'kernel': 'rbf', 'max_iter': 1000}, grid.best_score_=0.5, grid.best_index_=18, acc=0.25, time=0.9861025810241699
02-06-2022 05:47:14|INFO|Is groups None: False 
02-06-2022 05:47:15|INFO|grid.best_params_={'C': 100.0, 'gamma': 0.001, 'kernel': 'rbf', 'max_iter': 1000}, grid.best_score_=0.6129629629629629, grid.best_index_=17, acc=0.0, time=0.9534516334533691
02-06-2022 05:47:15|INFO|Is groups None: False 
02-06-2022 05:47:16|INFO|grid.best_params_={'C': 10000000000.0, 'gamma': 1e-07, 'kernel': 'rbf', 'max_iter': 1000}, grid.best_score_=0.5833333333333334, grid.best_index_=43, acc=0.0, time=1.0340049266815186
02-06-2022 05:47:16|INFO|Is groups None: False 
02-06-2022 05:47:17|INFO|grid.best_params_={'C': 10000.0, 'gamma': 1e-05, 'kernel': 'rbf', 'max_iter': 1000}, grid.best_score_=0.5555555555555556, grid.best_index_=23, acc=0.5, time=1.0661685466766357
02-06-2022 05:47:17|INFO|Is groups None: False 
02-06-2022 05:47:18|INFO|grid.best_params_={'C': 1.0, 'gamma': 0.1, 'kernel': 'rbf', 'max_iter': 1000}, grid.best_score_=0.5277777777777778, grid.best_index_=11, acc=0.25, time=1.133387804031372
02-06-2022 05:47:18|INFO|s15|10-CV=0.37500|STD=0.25617|Time spend=10.809791564941406
02-06-2022 05:47:19|INFO|Running Segment-First
02-06-2022 05:47:19|INFO|X.shape=(40, 14), y.shape=(40,), groups.shape=(40,)
02-06-2022 05:47:19|INFO|Is groups None: False 
02-06-2022 05:47:20|INFO|grid.best_params_={'C': 100000000.0, 'gamma': 1e-09, 'kernel': 'rbf', 'max_iter': 1000}, grid.best_score_=0.5833333333333334, grid.best_index_=35, acc=0.5, time=0.9158768653869629
02-06-2022 05:47:20|INFO|Is groups None: False 
02-06-2022 05:47:21|INFO|grid.best_params_={'C': 10000000000.0, 'gamma': 1e-09, 'kernel': 'rbf', 'max_iter': 1000}, grid.best_score_=0.5277777777777778, grid.best_index_=42, acc=0.75, time=1.1821916103363037
02-06-2022 05:47:21|INFO|Is groups None: False 
02-06-2022 05:47:22|INFO|grid.best_params_={'C': 10000.0, 'gamma': 0.001, 'kernel': 'rbf', 'max_iter': 1000}, grid.best_score_=0.5555555555555556, grid.best_index_=24, acc=0.25, time=0.8637537956237793
02-06-2022 05:47:22|INFO|Is groups None: False 
02-06-2022 05:47:23|INFO|grid.best_params_={'C': 10000.0, 'gamma': 0.001, 'kernel': 'rbf', 'max_iter': 1000}, grid.best_score_=0.5833333333333334, grid.best_index_=24, acc=0.5, time=0.9940581321716309
02-06-2022 05:47:23|INFO|Is groups None: False 
02-06-2022 05:47:24|INFO|grid.best_params_={'C': 10000.0, 'gamma': 1e-05, 'kernel': 'rbf', 'max_iter': 1000}, grid.best_score_=0.6388888888888888, grid.best_index_=23, acc=0.25, time=1.0139985084533691
02-06-2022 05:47:24|INFO|Is groups None: False 
02-06-2022 05:47:25|INFO|grid.best_params_={'C': 10000000000.0, 'gamma': 1e-09, 'kernel': 'rbf', 'max_iter': 1000}, grid.best_score_=0.7222222222222222, grid.best_index_=42, acc=0.25, time=0.870011568069458
02-06-2022 05:47:25|INFO|Is groups None: False 
02-06-2022 05:47:25|INFO|grid.best_params_={'C': 100000000.0, 'gamma': 1e-09, 'kernel': 'rbf', 'max_iter': 1000}, grid.best_score_=0.6944444444444444, grid.best_index_=35, acc=0.5, time=0.9653065204620361
02-06-2022 05:47:25|INFO|Is groups None: False 
02-06-2022 05:47:26|INFO|grid.best_params_={'C': 100000000.0, 'gamma': 1e-09, 'kernel': 'rbf', 'max_iter': 1000}, grid.best_score_=0.6111111111111112, grid.best_index_=35, acc=0.75, time=0.9826798439025879
02-06-2022 05:47:26|INFO|Is groups None: False 
02-06-2022 05:47:27|INFO|grid.best_params_={'C': 1.0, 'gamma': 0.1, 'kernel': 'rbf', 'max_iter': 1000}, grid.best_score_=0.5555555555555556, grid.best_index_=11, acc=0.75, time=0.882605791091919
02-06-2022 05:47:27|INFO|Is groups None: False 
02-06-2022 05:47:28|INFO|grid.best_params_={'C': 1.0, 'gamma': 0.1, 'kernel': 'rbf', 'max_iter': 1000}, grid.best_score_=0.6666666666666666, grid.best_index_=11, acc=0.5, time=1.0066194534301758
02-06-2022 05:47:28|INFO|s16|10-CV=0.50000|STD=0.19365|Time spend=10.501980066299438
02-06-2022 05:47:29|INFO|Running Segment-First
02-06-2022 05:47:29|INFO|X.shape=(40, 14), y.shape=(40,), groups.shape=(40,)
02-06-2022 05:47:29|INFO|Is groups None: False 
02-06-2022 05:47:30|INFO|grid.best_params_={'C': 1.0, 'gamma': 0.1, 'kernel': 'rbf', 'max_iter': 1000}, grid.best_score_=0.7777777777777778, grid.best_index_=11, acc=1.0, time=0.8834598064422607
02-06-2022 05:47:30|INFO|Is groups None: False 
02-06-2022 05:47:31|INFO|grid.best_params_={'C': 100.0, 'gamma': 0.001, 'kernel': 'rbf', 'max_iter': 1000}, grid.best_score_=0.75, grid.best_index_=17, acc=0.75, time=0.9525980949401855
02-06-2022 05:47:31|INFO|Is groups None: False 
02-06-2022 05:47:32|INFO|grid.best_params_={'C': 1.0, 'gamma': 0.1, 'kernel': 'rbf', 'max_iter': 1000}, grid.best_score_=0.7777777777777778, grid.best_index_=11, acc=0.75, time=0.8503291606903076
02-06-2022 05:47:32|INFO|Is groups None: False 
02-06-2022 05:47:33|INFO|grid.best_params_={'C': 1000000.0, 'gamma': 1e-07, 'kernel': 'rbf', 'max_iter': 1000}, grid.best_score_=0.8055555555555556, grid.best_index_=29, acc=0.5, time=0.8453726768493652
02-06-2022 05:47:33|INFO|Is groups None: False 
02-06-2022 05:47:34|INFO|grid.best_params_={'C': 1.0, 'gamma': 0.1, 'kernel': 'rbf', 'max_iter': 1000}, grid.best_score_=0.8055555555555556, grid.best_index_=11, acc=0.75, time=0.8601870536804199
02-06-2022 05:47:34|INFO|Is groups None: False 
02-06-2022 05:47:34|INFO|grid.best_params_={'C': 1000000.0, 'gamma': 1e-07, 'kernel': 'rbf', 'max_iter': 1000}, grid.best_score_=0.8888888888888888, grid.best_index_=29, acc=0.5, time=0.7714488506317139
02-06-2022 05:47:34|INFO|Is groups None: False 
02-06-2022 05:47:35|INFO|grid.best_params_={'C': 100.0, 'gamma': 0.001, 'kernel': 'rbf', 'max_iter': 1000}, grid.best_score_=0.8333333333333334, grid.best_index_=17, acc=0.75, time=0.9016261100769043
02-06-2022 05:47:35|INFO|Is groups None: False 
02-06-2022 05:47:36|INFO|grid.best_params_={'C': 100.0, 'gamma': 0.001, 'kernel': 'rbf', 'max_iter': 1000}, grid.best_score_=0.7777777777777778, grid.best_index_=17, acc=0.75, time=0.8444414138793945
02-06-2022 05:47:36|INFO|Is groups None: False 
02-06-2022 05:47:37|INFO|grid.best_params_={'C': 1.0, 'gamma': 0.1, 'kernel': 'rbf', 'max_iter': 1000}, grid.best_score_=0.8055555555555556, grid.best_index_=11, acc=0.75, time=1.021331787109375
02-06-2022 05:47:37|INFO|Is groups None: False 
02-06-2022 05:47:38|INFO|grid.best_params_={'C': 100.0, 'gamma': 0.001, 'kernel': 'rbf', 'max_iter': 1000}, grid.best_score_=0.75, grid.best_index_=17, acc=1.0, time=1.217271327972412
02-06-2022 05:47:38|INFO|s17|10-CV=0.75000|STD=0.15811|Time spend=10.010351657867432
02-06-2022 05:47:39|INFO|Running Segment-First
02-06-2022 05:47:39|INFO|X.shape=(40, 14), y.shape=(40,), groups.shape=(40,)
02-06-2022 05:47:39|INFO|Is groups None: False 
02-06-2022 05:47:40|INFO|grid.best_params_={'C': 10000000000.0, 'gamma': 1e-09, 'kernel': 'rbf', 'max_iter': 1000}, grid.best_score_=0.6666666666666666, grid.best_index_=42, acc=0.75, time=1.012115478515625
02-06-2022 05:47:40|INFO|Is groups None: False 
02-06-2022 05:47:42|INFO|grid.best_params_={'C': 0.01, 'gamma': 1e-09, 'kernel': 'rbf', 'max_iter': 1000}, grid.best_score_=0.6388888888888888, grid.best_index_=0, acc=0.5, time=1.1418092250823975
02-06-2022 05:47:42|INFO|Is groups None: False 
02-06-2022 05:47:43|INFO|grid.best_params_={'C': 0.01, 'gamma': 1e-09, 'kernel': 'rbf', 'max_iter': 1000}, grid.best_score_=0.6111111111111112, grid.best_index_=0, acc=0.75, time=1.1109271049499512
02-06-2022 05:47:43|INFO|Is groups None: False 
02-06-2022 05:47:44|INFO|grid.best_params_={'C': 0.01, 'gamma': 1e-09, 'kernel': 'rbf', 'max_iter': 1000}, grid.best_score_=0.6111111111111112, grid.best_index_=0, acc=0.75, time=1.188389539718628
02-06-2022 05:47:44|INFO|Is groups None: False 
02-06-2022 05:47:45|INFO|grid.best_params_={'C': 0.01, 'gamma': 1e-09, 'kernel': 'rbf', 'max_iter': 1000}, grid.best_score_=0.6388888888888888, grid.best_index_=0, acc=0.5, time=1.1069574356079102
02-06-2022 05:47:45|INFO|Is groups None: False 
02-06-2022 05:47:46|INFO|grid.best_params_={'C': 0.01, 'gamma': 1e-09, 'kernel': 'rbf', 'max_iter': 1000}, grid.best_score_=0.6111111111111112, grid.best_index_=0, acc=0.75, time=0.9081435203552246
02-06-2022 05:47:46|INFO|Is groups None: False 
02-06-2022 05:47:47|INFO|grid.best_params_={'C': 0.01, 'gamma': 1e-09, 'kernel': 'rbf', 'max_iter': 1000}, grid.best_score_=0.6388888888888888, grid.best_index_=0, acc=0.5, time=0.8572802543640137
02-06-2022 05:47:47|INFO|Is groups None: False 
02-06-2022 05:47:48|INFO|grid.best_params_={'C': 100000000.0, 'gamma': 1e-05, 'kernel': 'rbf', 'max_iter': 1000}, grid.best_score_=0.6944444444444444, grid.best_index_=37, acc=0.25, time=0.9736623764038086
02-06-2022 05:47:48|INFO|Is groups None: False 
02-06-2022 05:47:49|INFO|grid.best_params_={'C': 0.01, 'gamma': 1e-09, 'kernel': 'rbf', 'max_iter': 1000}, grid.best_score_=0.6388888888888888, grid.best_index_=0, acc=0.5, time=0.8318789005279541
02-06-2022 05:47:49|INFO|Is groups None: False 
02-06-2022 05:47:50|INFO|grid.best_params_={'C': 0.01, 'gamma': 1e-09, 'kernel': 'rbf', 'max_iter': 1000}, grid.best_score_=0.6111111111111112, grid.best_index_=0, acc=0.75, time=0.9915378093719482
02-06-2022 05:47:50|INFO|s18|10-CV=0.60000|STD=0.16583|Time spend=11.33596420288086
02-06-2022 05:47:50|INFO|Running Segment-First
02-06-2022 05:47:50|INFO|X.shape=(40, 14), y.shape=(40,), groups.shape=(40,)
02-06-2022 05:47:50|INFO|Is groups None: False 
02-06-2022 05:47:51|INFO|grid.best_params_={'C': 0.01, 'gamma': 1e-09, 'kernel': 'rbf', 'max_iter': 1000}, grid.best_score_=0.6666666666666666, grid.best_index_=0, acc=0.75, time=0.8673226833343506
02-06-2022 05:47:51|INFO|Is groups None: False 
02-06-2022 05:47:52|INFO|grid.best_params_={'C': 0.01, 'gamma': 1e-09, 'kernel': 'rbf', 'max_iter': 1000}, grid.best_score_=0.6666666666666666, grid.best_index_=0, acc=0.75, time=0.9040231704711914
02-06-2022 05:47:52|INFO|Is groups None: False 
02-06-2022 05:47:53|INFO|grid.best_params_={'C': 100.0, 'gamma': 0.1, 'kernel': 'rbf', 'max_iter': 1000}, grid.best_score_=0.7222222222222222, grid.best_index_=18, acc=0.25, time=0.8621675968170166
02-06-2022 05:47:53|INFO|Is groups None: False 
02-06-2022 05:47:54|INFO|grid.best_params_={'C': 1000000.0, 'gamma': 1e-05, 'kernel': 'rbf', 'max_iter': 1000}, grid.best_score_=0.7222222222222222, grid.best_index_=30, acc=0.25, time=0.8399312496185303
02-06-2022 05:47:54|INFO|Is groups None: False 
02-06-2022 05:47:55|INFO|grid.best_params_={'C': 1000000.0, 'gamma': 1e-05, 'kernel': 'rbf', 'max_iter': 1000}, grid.best_score_=0.75, grid.best_index_=30, acc=0.5, time=0.8760643005371094
02-06-2022 05:47:55|INFO|Is groups None: False 
02-06-2022 05:47:56|INFO|grid.best_params_={'C': 100.0, 'gamma': 0.001, 'kernel': 'rbf', 'max_iter': 1000}, grid.best_score_=0.7777777777777778, grid.best_index_=17, acc=0.25, time=0.8867669105529785
02-06-2022 05:47:56|INFO|Is groups None: False 
02-06-2022 05:47:57|INFO|grid.best_params_={'C': 100000000.0, 'gamma': 1e-09, 'kernel': 'rbf', 'max_iter': 1000}, grid.best_score_=0.7222222222222222, grid.best_index_=35, acc=0.5, time=0.829819917678833
02-06-2022 05:47:57|INFO|Is groups None: False 
02-06-2022 05:47:58|INFO|grid.best_params_={'C': 100.0, 'gamma': 0.001, 'kernel': 'rbf', 'max_iter': 1000}, grid.best_score_=0.7222222222222222, grid.best_index_=17, acc=0.75, time=0.9852735996246338
02-06-2022 05:47:58|INFO|Is groups None: False 
02-06-2022 05:47:58|INFO|grid.best_params_={'C': 10000000000.0, 'gamma': 1e-07, 'kernel': 'rbf', 'max_iter': 1000}, grid.best_score_=0.7222222222222222, grid.best_index_=43, acc=0.75, time=0.7839875221252441
02-06-2022 05:47:58|INFO|Is groups None: False 
02-06-2022 05:47:59|INFO|grid.best_params_={'C': 0.01, 'gamma': 1e-09, 'kernel': 'rbf', 'max_iter': 1000}, grid.best_score_=0.6666666666666666, grid.best_index_=0, acc=0.75, time=0.8176968097686768
02-06-2022 05:47:59|INFO|s19|10-CV=0.55000|STD=0.21794|Time spend=9.537764072418213
02-06-2022 05:48:00|INFO|Running Segment-First
02-06-2022 05:48:00|INFO|X.shape=(40, 14), y.shape=(40,), groups.shape=(40,)
02-06-2022 05:48:00|INFO|Is groups None: False 
02-06-2022 05:48:01|INFO|grid.best_params_={'C': 0.01, 'gamma': 1e-09, 'kernel': 'rbf', 'max_iter': 1000}, grid.best_score_=0.7777777777777778, grid.best_index_=0, acc=0.75, time=0.9582424163818359
02-06-2022 05:48:01|INFO|Is groups None: False 
02-06-2022 05:48:02|INFO|grid.best_params_={'C': 0.01, 'gamma': 1e-09, 'kernel': 'rbf', 'max_iter': 1000}, grid.best_score_=0.7777777777777778, grid.best_index_=0, acc=0.75, time=0.9063975811004639
02-06-2022 05:48:02|INFO|Is groups None: False 
02-06-2022 05:48:03|INFO|grid.best_params_={'C': 0.01, 'gamma': 1e-09, 'kernel': 'rbf', 'max_iter': 1000}, grid.best_score_=0.7777777777777778, grid.best_index_=0, acc=0.75, time=1.0558619499206543
02-06-2022 05:48:03|INFO|Is groups None: False 
02-06-2022 05:48:04|INFO|grid.best_params_={'C': 0.01, 'gamma': 1e-09, 'kernel': 'rbf', 'max_iter': 1000}, grid.best_score_=0.7777777777777778, grid.best_index_=0, acc=0.75, time=0.8873977661132812
02-06-2022 05:48:04|INFO|Is groups None: False 
02-06-2022 05:48:05|INFO|grid.best_params_={'C': 0.01, 'gamma': 1e-09, 'kernel': 'rbf', 'max_iter': 1000}, grid.best_score_=0.7777777777777778, grid.best_index_=0, acc=0.75, time=0.8717546463012695
02-06-2022 05:48:05|INFO|Is groups None: False 
02-06-2022 05:48:06|INFO|grid.best_params_={'C': 0.01, 'gamma': 1e-09, 'kernel': 'rbf', 'max_iter': 1000}, grid.best_score_=0.7777777777777778, grid.best_index_=0, acc=0.75, time=1.2850756645202637
02-06-2022 05:48:06|INFO|Is groups None: False 
02-06-2022 05:48:07|INFO|grid.best_params_={'C': 0.01, 'gamma': 1e-09, 'kernel': 'rbf', 'max_iter': 1000}, grid.best_score_=0.7777777777777778, grid.best_index_=0, acc=0.75, time=0.9788773059844971
02-06-2022 05:48:07|INFO|Is groups None: False 
02-06-2022 05:48:08|INFO|grid.best_params_={'C': 0.01, 'gamma': 1e-09, 'kernel': 'rbf', 'max_iter': 1000}, grid.best_score_=0.7777777777777778, grid.best_index_=0, acc=0.75, time=0.9460303783416748
02-06-2022 05:48:08|INFO|Is groups None: False 
02-06-2022 05:48:09|INFO|grid.best_params_={'C': 0.01, 'gamma': 1e-09, 'kernel': 'rbf', 'max_iter': 1000}, grid.best_score_=0.75, grid.best_index_=0, acc=1.0, time=0.9135646820068359
02-06-2022 05:48:09|INFO|Is groups None: False 
02-06-2022 05:48:10|INFO|grid.best_params_={'C': 0.01, 'gamma': 1e-09, 'kernel': 'rbf', 'max_iter': 1000}, grid.best_score_=0.7777777777777778, grid.best_index_=0, acc=0.75, time=0.8662593364715576
02-06-2022 05:48:10|INFO|s20|10-CV=0.77500|STD=0.07500|Time spend=10.472958326339722
02-06-2022 05:48:10|INFO|Running Segment-First
02-06-2022 05:48:10|INFO|X.shape=(40, 14), y.shape=(40,), groups.shape=(40,)
02-06-2022 05:48:10|INFO|Is groups None: False 
02-06-2022 05:48:11|INFO|grid.best_params_={'C': 0.01, 'gamma': 1e-09, 'kernel': 'rbf', 'max_iter': 1000}, grid.best_score_=0.8055555555555556, grid.best_index_=0, acc=0.75, time=0.9988422393798828
02-06-2022 05:48:11|INFO|Is groups None: False 
02-06-2022 05:48:12|INFO|grid.best_params_={'C': 0.01, 'gamma': 1e-09, 'kernel': 'rbf', 'max_iter': 1000}, grid.best_score_=0.8055555555555556, grid.best_index_=0, acc=0.75, time=0.8413791656494141
02-06-2022 05:48:12|INFO|Is groups None: False 
02-06-2022 05:48:13|INFO|grid.best_params_={'C': 0.01, 'gamma': 1e-09, 'kernel': 'rbf', 'max_iter': 1000}, grid.best_score_=0.8055555555555556, grid.best_index_=0, acc=0.75, time=0.8379306793212891
02-06-2022 05:48:13|INFO|Is groups None: False 
02-06-2022 05:48:14|INFO|grid.best_params_={'C': 0.01, 'gamma': 1e-09, 'kernel': 'rbf', 'max_iter': 1000}, grid.best_score_=0.8055555555555556, grid.best_index_=0, acc=0.75, time=0.8901734352111816
02-06-2022 05:48:14|INFO|Is groups None: False 
02-06-2022 05:48:15|INFO|grid.best_params_={'C': 0.01, 'gamma': 1e-09, 'kernel': 'rbf', 'max_iter': 1000}, grid.best_score_=0.8055555555555556, grid.best_index_=0, acc=0.75, time=0.9548935890197754
02-06-2022 05:48:15|INFO|Is groups None: False 
02-06-2022 05:48:16|INFO|grid.best_params_={'C': 0.01, 'gamma': 1e-09, 'kernel': 'rbf', 'max_iter': 1000}, grid.best_score_=0.8055555555555556, grid.best_index_=0, acc=0.75, time=0.980776309967041
02-06-2022 05:48:16|INFO|Is groups None: False 
02-06-2022 05:48:17|INFO|grid.best_params_={'C': 0.01, 'gamma': 1e-09, 'kernel': 'rbf', 'max_iter': 1000}, grid.best_score_=0.8055555555555556, grid.best_index_=0, acc=0.75, time=0.9362530708312988
02-06-2022 05:48:17|INFO|Is groups None: False 
02-06-2022 05:48:18|INFO|grid.best_params_={'C': 0.01, 'gamma': 1e-09, 'kernel': 'rbf', 'max_iter': 1000}, grid.best_score_=0.7777777777777778, grid.best_index_=0, acc=1.0, time=0.7919919490814209
02-06-2022 05:48:18|INFO|Is groups None: False 
02-06-2022 05:48:19|INFO|grid.best_params_={'C': 0.01, 'gamma': 1e-09, 'kernel': 'rbf', 'max_iter': 1000}, grid.best_score_=0.7777777777777778, grid.best_index_=0, acc=1.0, time=1.4123101234436035
02-06-2022 05:48:19|INFO|Is groups None: False 
02-06-2022 05:48:20|INFO|grid.best_params_={'C': 0.01, 'gamma': 1e-09, 'kernel': 'rbf', 'max_iter': 1000}, grid.best_score_=0.8055555555555556, grid.best_index_=0, acc=0.75, time=1.0457839965820312
02-06-2022 05:48:20|INFO|s21|10-CV=0.80000|STD=0.10000|Time spend=10.569684743881226
02-06-2022 05:48:21|INFO|Running Segment-First
02-06-2022 05:48:21|INFO|X.shape=(40, 14), y.shape=(40,), groups.shape=(40,)
02-06-2022 05:48:21|INFO|Is groups None: False 
02-06-2022 05:48:22|INFO|grid.best_params_={'C': 0.01, 'gamma': 1e-09, 'kernel': 'rbf', 'max_iter': 1000}, grid.best_score_=0.6111111111111112, grid.best_index_=0, acc=0.5, time=1.2027482986450195
02-06-2022 05:48:22|INFO|Is groups None: False 
02-06-2022 05:48:23|INFO|grid.best_params_={'C': 10000.0, 'gamma': 0.001, 'kernel': 'rbf', 'max_iter': 1000}, grid.best_score_=0.6944444444444444, grid.best_index_=24, acc=0.25, time=0.8827629089355469
02-06-2022 05:48:23|INFO|Is groups None: False 
02-06-2022 05:48:24|INFO|grid.best_params_={'C': 100000000.0, 'gamma': 1e-09, 'kernel': 'rbf', 'max_iter': 1000}, grid.best_score_=0.6388888888888888, grid.best_index_=35, acc=1.0, time=0.8362894058227539
02-06-2022 05:48:24|INFO|Is groups None: False 
02-06-2022 05:48:25|INFO|grid.best_params_={'C': 100.0, 'gamma': 0.001, 'kernel': 'rbf', 'max_iter': 1000}, grid.best_score_=0.6944444444444444, grid.best_index_=17, acc=0.25, time=0.9665379524230957
02-06-2022 05:48:25|INFO|Is groups None: False 
02-06-2022 05:48:26|INFO|grid.best_params_={'C': 1000000.0, 'gamma': 0.001, 'kernel': 'rbf', 'max_iter': 1000}, grid.best_score_=0.6944444444444444, grid.best_index_=31, acc=0.5, time=0.8027856349945068
02-06-2022 05:48:26|INFO|Is groups None: False 
02-06-2022 05:48:27|INFO|grid.best_params_={'C': 100000000.0, 'gamma': 1e-09, 'kernel': 'rbf', 'max_iter': 1000}, grid.best_score_=0.6944444444444444, grid.best_index_=35, acc=0.5, time=0.920233964920044
02-06-2022 05:48:27|INFO|Is groups None: False 
02-06-2022 05:48:28|INFO|grid.best_params_={'C': 10000000000.0, 'gamma': 1e-09, 'kernel': 'rbf', 'max_iter': 1000}, grid.best_score_=0.6666666666666666, grid.best_index_=42, acc=0.5, time=0.9131579399108887
02-06-2022 05:48:28|INFO|Is groups None: False 
02-06-2022 05:48:29|INFO|grid.best_params_={'C': 100000000.0, 'gamma': 1e-09, 'kernel': 'rbf', 'max_iter': 1000}, grid.best_score_=0.6111111111111112, grid.best_index_=35, acc=1.0, time=0.878699779510498
02-06-2022 05:48:29|INFO|Is groups None: False 
02-06-2022 05:48:29|INFO|grid.best_params_={'C': 10000.0, 'gamma': 1e-05, 'kernel': 'rbf', 'max_iter': 1000}, grid.best_score_=0.6944444444444444, grid.best_index_=23, acc=0.5, time=0.9555258750915527
02-06-2022 05:48:30|INFO|Is groups None: False 
02-06-2022 05:48:30|INFO|grid.best_params_={'C': 100.0, 'gamma': 0.1, 'kernel': 'rbf', 'max_iter': 1000}, grid.best_score_=0.6944444444444444, grid.best_index_=18, acc=0.25, time=0.8339495658874512
02-06-2022 05:48:30|INFO|s22|10-CV=0.52500|STD=0.26101|Time spend=10.010926961898804
02-06-2022 05:48:31|INFO|Running Segment-First
02-06-2022 05:48:31|INFO|X.shape=(40, 14), y.shape=(40,), groups.shape=(40,)
02-06-2022 05:48:31|INFO|Is groups None: False 
02-06-2022 05:48:32|INFO|grid.best_params_={'C': 0.01, 'gamma': 1e-09, 'kernel': 'rbf', 'max_iter': 1000}, grid.best_score_=0.75, grid.best_index_=0, acc=0.75, time=0.9392492771148682
02-06-2022 05:48:32|INFO|Is groups None: False 
02-06-2022 05:48:33|INFO|grid.best_params_={'C': 0.01, 'gamma': 1e-09, 'kernel': 'rbf', 'max_iter': 1000}, grid.best_score_=0.75, grid.best_index_=0, acc=0.75, time=0.9209675788879395
02-06-2022 05:48:33|INFO|Is groups None: False 
02-06-2022 05:48:34|INFO|grid.best_params_={'C': 0.01, 'gamma': 1e-09, 'kernel': 'rbf', 'max_iter': 1000}, grid.best_score_=0.75, grid.best_index_=0, acc=0.75, time=0.7885925769805908
02-06-2022 05:48:34|INFO|Is groups None: False 
02-06-2022 05:48:35|INFO|grid.best_params_={'C': 0.01, 'gamma': 1e-09, 'kernel': 'rbf', 'max_iter': 1000}, grid.best_score_=0.75, grid.best_index_=0, acc=0.75, time=0.9127287864685059
02-06-2022 05:48:35|INFO|Is groups None: False 
02-06-2022 05:48:35|INFO|grid.best_params_={'C': 100000000.0, 'gamma': 1e-07, 'kernel': 'rbf', 'max_iter': 1000}, grid.best_score_=0.8611111111111112, grid.best_index_=36, acc=0.5, time=0.7767565250396729
02-06-2022 05:48:35|INFO|Is groups None: False 
02-06-2022 05:48:36|INFO|grid.best_params_={'C': 100000000.0, 'gamma': 1e-07, 'kernel': 'rbf', 'max_iter': 1000}, grid.best_score_=0.7777777777777778, grid.best_index_=36, acc=0.25, time=0.8571703433990479
02-06-2022 05:48:36|INFO|Is groups None: False 
02-06-2022 05:48:37|INFO|grid.best_params_={'C': 10000.0, 'gamma': 1e-05, 'kernel': 'rbf', 'max_iter': 1000}, grid.best_score_=0.7777777777777778, grid.best_index_=23, acc=0.5, time=0.8877151012420654
02-06-2022 05:48:37|INFO|Is groups None: False 
02-06-2022 05:48:38|INFO|grid.best_params_={'C': 0.01, 'gamma': 1e-09, 'kernel': 'rbf', 'max_iter': 1000}, grid.best_score_=0.75, grid.best_index_=0, acc=0.75, time=0.7974779605865479
02-06-2022 05:48:38|INFO|Is groups None: False 
02-06-2022 05:48:39|INFO|grid.best_params_={'C': 0.01, 'gamma': 1e-09, 'kernel': 'rbf', 'max_iter': 1000}, grid.best_score_=0.75, grid.best_index_=0, acc=0.75, time=0.8723862171173096
02-06-2022 05:48:39|INFO|Is groups None: False 
02-06-2022 05:48:40|INFO|grid.best_params_={'C': 0.01, 'gamma': 1e-09, 'kernel': 'rbf', 'max_iter': 1000}, grid.best_score_=0.75, grid.best_index_=0, acc=0.75, time=0.9680807590484619
02-06-2022 05:48:40|INFO|s23|10-CV=0.65000|STD=0.16583|Time spend=9.49232268333435
02-06-2022 05:48:41|INFO|Running Segment-First
02-06-2022 05:48:41|INFO|X.shape=(40, 14), y.shape=(40,), groups.shape=(40,)
02-06-2022 05:48:41|INFO|Is groups None: False 
02-06-2022 05:48:41|INFO|grid.best_params_={'C': 100.0, 'gamma': 0.001, 'kernel': 'rbf', 'max_iter': 1000}, grid.best_score_=0.8888888888888888, grid.best_index_=17, acc=0.5, time=0.7479662895202637
02-06-2022 05:48:41|INFO|Is groups None: False 
02-06-2022 05:48:42|INFO|grid.best_params_={'C': 1000000.0, 'gamma': 1e-07, 'kernel': 'rbf', 'max_iter': 1000}, grid.best_score_=0.8888888888888888, grid.best_index_=29, acc=0.75, time=0.9373269081115723
02-06-2022 05:48:42|INFO|Is groups None: False 
02-06-2022 05:48:43|INFO|grid.best_params_={'C': 0.01, 'gamma': 1e-09, 'kernel': 'rbf', 'max_iter': 1000}, grid.best_score_=0.8333333333333334, grid.best_index_=0, acc=0.75, time=0.7362864017486572
02-06-2022 05:48:43|INFO|Is groups None: False 
02-06-2022 05:48:44|INFO|grid.best_params_={'C': 100.0, 'gamma': 0.001, 'kernel': 'rbf', 'max_iter': 1000}, grid.best_score_=0.8888888888888888, grid.best_index_=17, acc=0.75, time=0.8887913227081299
02-06-2022 05:48:44|INFO|Is groups None: False 
02-06-2022 05:48:45|INFO|grid.best_params_={'C': 100.0, 'gamma': 0.001, 'kernel': 'rbf', 'max_iter': 1000}, grid.best_score_=0.8611111111111112, grid.best_index_=17, acc=0.75, time=0.7633893489837646
02-06-2022 05:48:45|INFO|Is groups None: False 
02-06-2022 05:48:46|INFO|grid.best_params_={'C': 0.01, 'gamma': 1e-09, 'kernel': 'rbf', 'max_iter': 1000}, grid.best_score_=0.8055555555555556, grid.best_index_=0, acc=1.0, time=0.8484206199645996
02-06-2022 05:48:46|INFO|Is groups None: False 
02-06-2022 05:48:46|INFO|grid.best_params_={'C': 0.01, 'gamma': 1e-09, 'kernel': 'rbf', 'max_iter': 1000}, grid.best_score_=0.8055555555555556, grid.best_index_=0, acc=1.0, time=0.908797025680542
02-06-2022 05:48:47|INFO|Is groups None: False 
02-06-2022 05:48:47|INFO|grid.best_params_={'C': 0.01, 'gamma': 1e-09, 'kernel': 'rbf', 'max_iter': 1000}, grid.best_score_=0.8333333333333334, grid.best_index_=0, acc=0.75, time=0.825843334197998
02-06-2022 05:48:47|INFO|Is groups None: False 
02-06-2022 05:48:48|INFO|grid.best_params_={'C': 100.0, 'gamma': 0.001, 'kernel': 'rbf', 'max_iter': 1000}, grid.best_score_=0.8333333333333334, grid.best_index_=17, acc=1.0, time=0.7567093372344971
02-06-2022 05:48:48|INFO|Is groups None: False 
02-06-2022 05:48:49|INFO|grid.best_params_={'C': 100.0, 'gamma': 0.001, 'kernel': 'rbf', 'max_iter': 1000}, grid.best_score_=0.8888888888888888, grid.best_index_=17, acc=0.75, time=0.8505187034606934
02-06-2022 05:48:49|INFO|s24|10-CV=0.80000|STD=0.15000|Time spend=9.159618854522705
02-06-2022 05:48:50|INFO|Running Segment-First
02-06-2022 05:48:50|INFO|X.shape=(40, 14), y.shape=(40,), groups.shape=(40,)
02-06-2022 05:48:50|INFO|Is groups None: False 
02-06-2022 05:48:51|INFO|grid.best_params_={'C': 10000.0, 'gamma': 0.001, 'kernel': 'rbf', 'max_iter': 1000}, grid.best_score_=0.75, grid.best_index_=24, acc=0.5, time=0.783454418182373
02-06-2022 05:48:51|INFO|Is groups None: False 
02-06-2022 05:48:51|INFO|grid.best_params_={'C': 0.01, 'gamma': 1e-09, 'kernel': 'rbf', 'max_iter': 1000}, grid.best_score_=0.7222222222222222, grid.best_index_=0, acc=0.75, time=0.9327905178070068
02-06-2022 05:48:51|INFO|Is groups None: False 
02-06-2022 05:48:52|INFO|grid.best_params_={'C': 0.01, 'gamma': 1e-09, 'kernel': 'rbf', 'max_iter': 1000}, grid.best_score_=0.7222222222222222, grid.best_index_=0, acc=0.75, time=0.8505058288574219
02-06-2022 05:48:52|INFO|Is groups None: False 
02-06-2022 05:48:53|INFO|grid.best_params_={'C': 100.0, 'gamma': 0.001, 'kernel': 'rbf', 'max_iter': 1000}, grid.best_score_=0.75, grid.best_index_=17, acc=0.75, time=0.8942947387695312
02-06-2022 05:48:53|INFO|Is groups None: False 
02-06-2022 05:48:54|INFO|grid.best_params_={'C': 100.0, 'gamma': 0.001, 'kernel': 'rbf', 'max_iter': 1000}, grid.best_score_=0.75, grid.best_index_=17, acc=0.75, time=0.9104921817779541
02-06-2022 05:48:54|INFO|Is groups None: False 
02-06-2022 05:48:55|INFO|grid.best_params_={'C': 100.0, 'gamma': 0.001, 'kernel': 'rbf', 'max_iter': 1000}, grid.best_score_=0.75, grid.best_index_=17, acc=0.75, time=0.8176860809326172
02-06-2022 05:48:55|INFO|Is groups None: False 
02-06-2022 05:48:56|INFO|grid.best_params_={'C': 0.01, 'gamma': 1e-09, 'kernel': 'rbf', 'max_iter': 1000}, grid.best_score_=0.7222222222222222, grid.best_index_=0, acc=0.75, time=0.8601975440979004
02-06-2022 05:48:56|INFO|Is groups None: False 
02-06-2022 05:48:57|INFO|grid.best_params_={'C': 0.01, 'gamma': 1e-09, 'kernel': 'rbf', 'max_iter': 1000}, grid.best_score_=0.7222222222222222, grid.best_index_=0, acc=0.75, time=0.9121260643005371
02-06-2022 05:48:57|INFO|Is groups None: False 
02-06-2022 05:48:58|INFO|grid.best_params_={'C': 0.01, 'gamma': 1e-09, 'kernel': 'rbf', 'max_iter': 1000}, grid.best_score_=0.7222222222222222, grid.best_index_=0, acc=0.75, time=0.8428215980529785
02-06-2022 05:48:58|INFO|Is groups None: False 
02-06-2022 05:48:59|INFO|grid.best_params_={'C': 10000.0, 'gamma': 0.001, 'kernel': 'rbf', 'max_iter': 1000}, grid.best_score_=0.7777777777777778, grid.best_index_=24, acc=0.25, time=0.9158446788787842
02-06-2022 05:48:59|INFO|s25|10-CV=0.67500|STD=0.16008|Time spend=9.595009326934814
02-06-2022 05:48:59|INFO|Running Segment-First
02-06-2022 05:48:59|INFO|X.shape=(40, 14), y.shape=(40,), groups.shape=(40,)
02-06-2022 05:48:59|INFO|Is groups None: False 
02-06-2022 05:49:00|INFO|grid.best_params_={'C': 1000000.0, 'gamma': 1e-05, 'kernel': 'rbf', 'max_iter': 1000}, grid.best_score_=0.7777777777777778, grid.best_index_=30, acc=0.5, time=0.7360734939575195
02-06-2022 05:49:00|INFO|Is groups None: False 
02-06-2022 05:49:01|INFO|grid.best_params_={'C': 10000.0, 'gamma': 1e-05, 'kernel': 'rbf', 'max_iter': 1000}, grid.best_score_=0.7777777777777778, grid.best_index_=23, acc=1.0, time=0.9667787551879883
02-06-2022 05:49:01|INFO|Is groups None: False 
02-06-2022 05:49:02|INFO|grid.best_params_={'C': 100000000.0, 'gamma': 1e-07, 'kernel': 'rbf', 'max_iter': 1000}, grid.best_score_=0.75, grid.best_index_=36, acc=0.75, time=0.8800477981567383
02-06-2022 05:49:02|INFO|Is groups None: False 
02-06-2022 05:49:03|INFO|grid.best_params_={'C': 100000000.0, 'gamma': 1e-07, 'kernel': 'rbf', 'max_iter': 1000}, grid.best_score_=0.75, grid.best_index_=36, acc=0.5, time=0.8497638702392578
02-06-2022 05:49:03|INFO|Is groups None: False 
02-06-2022 05:49:04|INFO|grid.best_params_={'C': 100.0, 'gamma': 0.001, 'kernel': 'rbf', 'max_iter': 1000}, grid.best_score_=0.6944444444444444, grid.best_index_=17, acc=0.5, time=0.8649153709411621
02-06-2022 05:49:04|INFO|Is groups None: False 
02-06-2022 05:49:05|INFO|grid.best_params_={'C': 10000.0, 'gamma': 0.001, 'kernel': 'rbf', 'max_iter': 1000}, grid.best_score_=0.6944444444444444, grid.best_index_=24, acc=0.5, time=0.8794481754302979
02-06-2022 05:49:05|INFO|Is groups None: False 
02-06-2022 05:49:05|INFO|grid.best_params_={'C': 100.0, 'gamma': 0.001, 'kernel': 'rbf', 'max_iter': 1000}, grid.best_score_=0.75, grid.best_index_=17, acc=0.5, time=0.8374745845794678
02-06-2022 05:49:05|INFO|Is groups None: False 
02-06-2022 05:49:06|INFO|grid.best_params_={'C': 100.0, 'gamma': 0.001, 'kernel': 'rbf', 'max_iter': 1000}, grid.best_score_=0.6666666666666666, grid.best_index_=17, acc=0.75, time=0.8931539058685303
02-06-2022 05:49:06|INFO|Is groups None: False 
02-06-2022 05:49:07|INFO|grid.best_params_={'C': 100.0, 'gamma': 0.001, 'kernel': 'rbf', 'max_iter': 1000}, grid.best_score_=0.75, grid.best_index_=17, acc=0.5, time=0.7654838562011719
02-06-2022 05:49:07|INFO|Is groups None: False 
02-06-2022 05:49:08|INFO|grid.best_params_={'C': 1000000.0, 'gamma': 1e-07, 'kernel': 'rbf', 'max_iter': 1000}, grid.best_score_=0.75, grid.best_index_=29, acc=0.75, time=1.022949457168579
02-06-2022 05:49:08|INFO|s26|10-CV=0.62500|STD=0.16771|Time spend=9.557640552520752
02-06-2022 05:49:09|INFO|Running Segment-First
02-06-2022 05:49:09|INFO|X.shape=(40, 14), y.shape=(40,), groups.shape=(40,)
02-06-2022 05:49:09|INFO|Is groups None: False 
02-06-2022 05:49:10|INFO|grid.best_params_={'C': 1000000.0, 'gamma': 1e-07, 'kernel': 'rbf', 'max_iter': 1000}, grid.best_score_=0.7777777777777778, grid.best_index_=29, acc=0.25, time=0.7263627052307129
02-06-2022 05:49:10|INFO|Is groups None: False 
02-06-2022 05:49:10|INFO|grid.best_params_={'C': 100.0, 'gamma': 0.1, 'kernel': 'rbf', 'max_iter': 1000}, grid.best_score_=0.75, grid.best_index_=18, acc=0.75, time=0.8142926692962646
02-06-2022 05:49:10|INFO|Is groups None: False 
02-06-2022 05:49:11|INFO|grid.best_params_={'C': 100.0, 'gamma': 0.1, 'kernel': 'rbf', 'max_iter': 1000}, grid.best_score_=0.7222222222222222, grid.best_index_=18, acc=1.0, time=0.8932526111602783
02-06-2022 05:49:11|INFO|Is groups None: False 
02-06-2022 05:49:12|INFO|grid.best_params_={'C': 100.0, 'gamma': 0.1, 'kernel': 'rbf', 'max_iter': 1000}, grid.best_score_=0.7222222222222222, grid.best_index_=18, acc=1.0, time=0.8092374801635742
02-06-2022 05:49:12|INFO|Is groups None: False 
02-06-2022 05:49:13|INFO|grid.best_params_={'C': 100000000.0, 'gamma': 1e-07, 'kernel': 'rbf', 'max_iter': 1000}, grid.best_score_=0.75, grid.best_index_=36, acc=0.75, time=0.8722915649414062
02-06-2022 05:49:13|INFO|Is groups None: False 
02-06-2022 05:49:14|INFO|grid.best_params_={'C': 10000.0, 'gamma': 1e-05, 'kernel': 'rbf', 'max_iter': 1000}, grid.best_score_=0.8055555555555556, grid.best_index_=23, acc=0.5, time=0.8502943515777588
02-06-2022 05:49:14|INFO|Is groups None: False 
02-06-2022 05:49:15|INFO|grid.best_params_={'C': 10000000000.0, 'gamma': 1e-09, 'kernel': 'rbf', 'max_iter': 1000}, grid.best_score_=0.75, grid.best_index_=42, acc=0.5, time=0.851264238357544
02-06-2022 05:49:15|INFO|Is groups None: False 
02-06-2022 05:49:16|INFO|grid.best_params_={'C': 100.0, 'gamma': 0.1, 'kernel': 'rbf', 'max_iter': 1000}, grid.best_score_=0.75, grid.best_index_=18, acc=0.5, time=0.9322021007537842
02-06-2022 05:49:16|INFO|Is groups None: False 
02-06-2022 05:49:17|INFO|grid.best_params_={'C': 100.0, 'gamma': 0.1, 'kernel': 'rbf', 'max_iter': 1000}, grid.best_score_=0.7777777777777778, grid.best_index_=18, acc=0.5, time=0.9054872989654541
02-06-2022 05:49:17|INFO|Is groups None: False 
02-06-2022 05:49:18|INFO|grid.best_params_={'C': 1000000.0, 'gamma': 1e-05, 'kernel': 'rbf', 'max_iter': 1000}, grid.best_score_=0.7222222222222222, grid.best_index_=30, acc=0.5, time=0.8455784320831299
02-06-2022 05:49:18|INFO|s27|10-CV=0.62500|STD=0.23049|Time spend=9.40019154548645
02-06-2022 05:49:18|INFO|Running Segment-First
02-06-2022 05:49:18|INFO|X.shape=(40, 14), y.shape=(40,), groups.shape=(40,)
02-06-2022 05:49:18|INFO|Is groups None: False 
02-06-2022 05:49:19|INFO|grid.best_params_={'C': 100000000.0, 'gamma': 1e-05, 'kernel': 'rbf', 'max_iter': 1000}, grid.best_score_=0.6666666666666666, grid.best_index_=37, acc=0.25, time=0.8106908798217773
02-06-2022 05:49:19|INFO|Is groups None: False 
02-06-2022 05:49:20|INFO|grid.best_params_={'C': 100000000.0, 'gamma': 1e-07, 'kernel': 'rbf', 'max_iter': 1000}, grid.best_score_=0.6666666666666666, grid.best_index_=36, acc=0.25, time=0.9223527908325195
02-06-2022 05:49:20|INFO|Is groups None: False 
02-06-2022 05:49:21|INFO|grid.best_params_={'C': 1000000.0, 'gamma': 0.001, 'kernel': 'rbf', 'max_iter': 1000}, grid.best_score_=0.6111111111111112, grid.best_index_=31, acc=0.75, time=1.0989243984222412
02-06-2022 05:49:21|INFO|Is groups None: False 
02-06-2022 05:49:22|INFO|grid.best_params_={'C': 1000000.0, 'gamma': 1e-05, 'kernel': 'rbf', 'max_iter': 1000}, grid.best_score_=0.6666666666666666, grid.best_index_=30, acc=0.75, time=1.080064058303833
02-06-2022 05:49:22|INFO|Is groups None: False 
02-06-2022 05:49:23|INFO|grid.best_params_={'C': 1000000.0, 'gamma': 0.001, 'kernel': 'rbf', 'max_iter': 1000}, grid.best_score_=0.6666666666666666, grid.best_index_=31, acc=0.5, time=1.0166957378387451
02-06-2022 05:49:23|INFO|Is groups None: False 
02-06-2022 05:49:24|INFO|grid.best_params_={'C': 1000000.0, 'gamma': 1e-05, 'kernel': 'rbf', 'max_iter': 1000}, grid.best_score_=0.5833333333333334, grid.best_index_=30, acc=0.75, time=0.8499908447265625
02-06-2022 05:49:24|INFO|Is groups None: False 
02-06-2022 05:49:25|INFO|grid.best_params_={'C': 100000000.0, 'gamma': 1e-05, 'kernel': 'rbf', 'max_iter': 1000}, grid.best_score_=0.5833333333333334, grid.best_index_=37, acc=0.25, time=0.3957185745239258
02-06-2022 05:49:25|INFO|Is groups None: False 
02-06-2022 05:49:25|INFO|grid.best_params_={'C': 1000000.0, 'gamma': 1e-05, 'kernel': 'rbf', 'max_iter': 1000}, grid.best_score_=0.6388888888888888, grid.best_index_=30, acc=0.5, time=0.23525452613830566
02-06-2022 05:49:25|INFO|Is groups None: False 
02-06-2022 05:49:25|INFO|grid.best_params_={'C': 10000.0, 'gamma': 0.001, 'kernel': 'rbf', 'max_iter': 1000}, grid.best_score_=0.6037037037037037, grid.best_index_=24, acc=0.25, time=0.24100875854492188
02-06-2022 05:49:25|INFO|Is groups None: False 
02-06-2022 05:49:25|INFO|grid.best_params_={'C': 1000000.0, 'gamma': 0.001, 'kernel': 'rbf', 'max_iter': 1000}, grid.best_score_=0.6111111111111112, grid.best_index_=31, acc=0.75, time=0.2216649055480957
02-06-2022 05:49:25|INFO|s28|10-CV=0.50000|STD=0.22361|Time spend=7.709883213043213
02-06-2022 05:49:26|INFO|Running Segment-First
02-06-2022 05:49:26|INFO|X.shape=(40, 14), y.shape=(40,), groups.shape=(40,)
02-06-2022 05:49:26|INFO|Is groups None: False 
02-06-2022 05:49:26|INFO|grid.best_params_={'C': 100.0, 'gamma': 0.001, 'kernel': 'rbf', 'max_iter': 1000}, grid.best_score_=0.7222222222222222, grid.best_index_=17, acc=0.25, time=0.2136991024017334
02-06-2022 05:49:26|INFO|Is groups None: False 
02-06-2022 05:49:26|INFO|grid.best_params_={'C': 1000000.0, 'gamma': 1e-07, 'kernel': 'rbf', 'max_iter': 1000}, grid.best_score_=0.6666666666666666, grid.best_index_=29, acc=0.75, time=0.21013951301574707
02-06-2022 05:49:26|INFO|Is groups None: False 
02-06-2022 05:49:26|INFO|grid.best_params_={'C': 0.01, 'gamma': 1e-09, 'kernel': 'rbf', 'max_iter': 1000}, grid.best_score_=0.6111111111111112, grid.best_index_=0, acc=0.75, time=0.22262144088745117
02-06-2022 05:49:26|INFO|Is groups None: False 
02-06-2022 05:49:26|INFO|grid.best_params_={'C': 100.0, 'gamma': 0.001, 'kernel': 'rbf', 'max_iter': 1000}, grid.best_score_=0.7222222222222222, grid.best_index_=17, acc=0.75, time=0.22524118423461914
02-06-2022 05:49:26|INFO|Is groups None: False 
02-06-2022 05:49:27|INFO|grid.best_params_={'C': 1.0, 'gamma': 0.1, 'kernel': 'rbf', 'max_iter': 1000}, grid.best_score_=0.7222222222222222, grid.best_index_=11, acc=0.75, time=0.21746158599853516
02-06-2022 05:49:27|INFO|Is groups None: False 
02-06-2022 05:49:27|INFO|grid.best_params_={'C': 1.0, 'gamma': 0.1, 'kernel': 'rbf', 'max_iter': 1000}, grid.best_score_=0.6666666666666666, grid.best_index_=11, acc=0.75, time=0.2242739200592041
02-06-2022 05:49:27|INFO|Is groups None: False 
02-06-2022 05:49:27|INFO|grid.best_params_={'C': 1.0, 'gamma': 0.1, 'kernel': 'rbf', 'max_iter': 1000}, grid.best_score_=0.75, grid.best_index_=11, acc=0.5, time=0.21990299224853516
02-06-2022 05:49:27|INFO|Is groups None: False 
02-06-2022 05:49:27|INFO|grid.best_params_={'C': 1000000.0, 'gamma': 1e-05, 'kernel': 'rbf', 'max_iter': 1000}, grid.best_score_=0.7222222222222222, grid.best_index_=30, acc=0.5, time=0.2136685848236084
02-06-2022 05:49:27|INFO|Is groups None: False 
02-06-2022 05:49:28|INFO|grid.best_params_={'C': 1.0, 'gamma': 0.1, 'kernel': 'rbf', 'max_iter': 1000}, grid.best_score_=0.6388888888888888, grid.best_index_=11, acc=0.75, time=0.2076549530029297
02-06-2022 05:49:28|INFO|Is groups None: False 
02-06-2022 05:49:28|INFO|grid.best_params_={'C': 100.0, 'gamma': 0.001, 'kernel': 'rbf', 'max_iter': 1000}, grid.best_score_=0.6666666666666666, grid.best_index_=17, acc=1.0, time=0.2094423770904541
02-06-2022 05:49:28|INFO|s29|10-CV=0.67500|STD=0.19526|Time spend=2.5371453762054443
02-06-2022 05:49:28|INFO|Running Segment-First
02-06-2022 05:49:28|INFO|X.shape=(40, 14), y.shape=(40,), groups.shape=(40,)
02-06-2022 05:49:28|INFO|Is groups None: False 
02-06-2022 05:49:28|INFO|grid.best_params_={'C': 10000.0, 'gamma': 0.001, 'kernel': 'rbf', 'max_iter': 1000}, grid.best_score_=0.75, grid.best_index_=24, acc=0.25, time=0.19978857040405273
02-06-2022 05:49:28|INFO|Is groups None: False 
02-06-2022 05:49:29|INFO|grid.best_params_={'C': 100000000.0, 'gamma': 1e-05, 'kernel': 'rbf', 'max_iter': 1000}, grid.best_score_=0.6388888888888888, grid.best_index_=37, acc=0.75, time=0.20913481712341309
02-06-2022 05:49:29|INFO|Is groups None: False 
02-06-2022 05:49:29|INFO|grid.best_params_={'C': 1000000.0, 'gamma': 1e-05, 'kernel': 'rbf', 'max_iter': 1000}, grid.best_score_=0.6944444444444444, grid.best_index_=30, acc=0.75, time=0.2090756893157959
02-06-2022 05:49:29|INFO|Is groups None: False 
02-06-2022 05:49:29|INFO|grid.best_params_={'C': 100000000.0, 'gamma': 1e-05, 'kernel': 'rbf', 'max_iter': 1000}, grid.best_score_=0.6666666666666666, grid.best_index_=37, acc=1.0, time=0.20599055290222168
02-06-2022 05:49:29|INFO|Is groups None: False 
02-06-2022 05:49:29|INFO|grid.best_params_={'C': 10000.0, 'gamma': 0.001, 'kernel': 'rbf', 'max_iter': 1000}, grid.best_score_=0.7777777777777778, grid.best_index_=24, acc=0.5, time=0.20430803298950195
02-06-2022 05:49:29|INFO|Is groups None: False 
02-06-2022 05:49:29|INFO|grid.best_params_={'C': 100000000.0, 'gamma': 1e-07, 'kernel': 'rbf', 'max_iter': 1000}, grid.best_score_=0.7222222222222222, grid.best_index_=36, acc=0.5, time=0.2096700668334961
02-06-2022 05:49:29|INFO|Is groups None: False 
02-06-2022 05:49:30|INFO|grid.best_params_={'C': 1000000.0, 'gamma': 1e-05, 'kernel': 'rbf', 'max_iter': 1000}, grid.best_score_=0.7222222222222222, grid.best_index_=30, acc=1.0, time=0.20516157150268555
02-06-2022 05:49:30|INFO|Is groups None: False 
02-06-2022 05:49:30|INFO|grid.best_params_={'C': 1000000.0, 'gamma': 1e-05, 'kernel': 'rbf', 'max_iter': 1000}, grid.best_score_=0.6666666666666666, grid.best_index_=30, acc=0.75, time=0.20930242538452148
02-06-2022 05:49:30|INFO|Is groups None: False 
02-06-2022 05:49:30|INFO|grid.best_params_={'C': 1000000.0, 'gamma': 1e-05, 'kernel': 'rbf', 'max_iter': 1000}, grid.best_score_=0.7777777777777778, grid.best_index_=30, acc=1.0, time=0.20458722114562988
02-06-2022 05:49:30|INFO|Is groups None: False 
02-06-2022 05:49:30|INFO|grid.best_params_={'C': 100000000.0, 'gamma': 1e-07, 'kernel': 'rbf', 'max_iter': 1000}, grid.best_score_=0.6944444444444444, grid.best_index_=36, acc=0.5, time=0.21149182319641113
02-06-2022 05:49:30|INFO|s30|10-CV=0.70000|STD=0.24495|Time spend=2.452073335647583
02-06-2022 05:49:31|INFO|Running Segment-First
02-06-2022 05:49:31|INFO|X.shape=(40, 14), y.shape=(40,), groups.shape=(40,)
02-06-2022 05:49:31|INFO|Is groups None: False 
02-06-2022 05:49:31|INFO|grid.best_params_={'C': 100.0, 'gamma': 0.1, 'kernel': 'rbf', 'max_iter': 1000}, grid.best_score_=0.6944444444444444, grid.best_index_=18, acc=0.5, time=0.207655668258667
02-06-2022 05:49:31|INFO|Is groups None: False 
02-06-2022 05:49:31|INFO|grid.best_params_={'C': 100.0, 'gamma': 0.001, 'kernel': 'rbf', 'max_iter': 1000}, grid.best_score_=0.7777777777777778, grid.best_index_=17, acc=0.75, time=0.21087145805358887
02-06-2022 05:49:31|INFO|Is groups None: False 
02-06-2022 05:49:31|INFO|grid.best_params_={'C': 100.0, 'gamma': 0.001, 'kernel': 'rbf', 'max_iter': 1000}, grid.best_score_=0.7222222222222222, grid.best_index_=17, acc=0.75, time=0.20815563201904297
02-06-2022 05:49:31|INFO|Is groups None: False 
02-06-2022 05:49:31|INFO|grid.best_params_={'C': 100.0, 'gamma': 0.001, 'kernel': 'rbf', 'max_iter': 1000}, grid.best_score_=0.7777777777777778, grid.best_index_=17, acc=0.5, time=0.20164108276367188
02-06-2022 05:49:31|INFO|Is groups None: False 
02-06-2022 05:49:32|INFO|grid.best_params_={'C': 100000000.0, 'gamma': 1e-09, 'kernel': 'rbf', 'max_iter': 1000}, grid.best_score_=0.7777777777777778, grid.best_index_=35, acc=0.5, time=0.19791364669799805
02-06-2022 05:49:32|INFO|Is groups None: False 
02-06-2022 05:49:32|INFO|grid.best_params_={'C': 10000.0, 'gamma': 0.001, 'kernel': 'rbf', 'max_iter': 1000}, grid.best_score_=0.6851851851851851, grid.best_index_=24, acc=0.5, time=0.21193742752075195
02-06-2022 05:49:32|INFO|Is groups None: False 
02-06-2022 05:49:32|INFO|grid.best_params_={'C': 100.0, 'gamma': 0.001, 'kernel': 'rbf', 'max_iter': 1000}, grid.best_score_=0.75, grid.best_index_=17, acc=0.75, time=0.2053818702697754
02-06-2022 05:49:32|INFO|Is groups None: False 
02-06-2022 05:49:32|INFO|grid.best_params_={'C': 100.0, 'gamma': 0.001, 'kernel': 'rbf', 'max_iter': 1000}, grid.best_score_=0.7777777777777778, grid.best_index_=17, acc=0.75, time=0.2250514030456543
02-06-2022 05:49:32|INFO|Is groups None: False 
02-06-2022 05:49:32|INFO|grid.best_params_={'C': 100.0, 'gamma': 0.001, 'kernel': 'rbf', 'max_iter': 1000}, grid.best_score_=0.6944444444444444, grid.best_index_=17, acc=0.5, time=0.20546698570251465
02-06-2022 05:49:32|INFO|Is groups None: False 
02-06-2022 05:49:33|INFO|grid.best_params_={'C': 1.0, 'gamma': 0.1, 'kernel': 'rbf', 'max_iter': 1000}, grid.best_score_=0.6666666666666666, grid.best_index_=11, acc=0.5, time=0.20524954795837402
02-06-2022 05:49:33|INFO|s31|10-CV=0.60000|STD=0.12247|Time spend=2.440521001815796
02-06-2022 05:49:33|INFO|Running Segment-First
02-06-2022 05:49:33|INFO|X.shape=(40, 14), y.shape=(40,), groups.shape=(40,)
02-06-2022 05:49:33|INFO|Is groups None: False 
02-06-2022 05:49:33|INFO|grid.best_params_={'C': 10000.0, 'gamma': 1e-05, 'kernel': 'rbf', 'max_iter': 1000}, grid.best_score_=0.7222222222222222, grid.best_index_=23, acc=0.5, time=0.20665407180786133
02-06-2022 05:49:33|INFO|Is groups None: False 
02-06-2022 05:49:33|INFO|grid.best_params_={'C': 0.01, 'gamma': 1e-09, 'kernel': 'rbf', 'max_iter': 1000}, grid.best_score_=0.6944444444444444, grid.best_index_=0, acc=0.5, time=0.2076559066772461
02-06-2022 05:49:33|INFO|Is groups None: False 
02-06-2022 05:49:34|INFO|grid.best_params_={'C': 0.01, 'gamma': 1e-09, 'kernel': 'rbf', 'max_iter': 1000}, grid.best_score_=0.6666666666666666, grid.best_index_=0, acc=0.75, time=0.20398378372192383
02-06-2022 05:49:34|INFO|Is groups None: False 
02-06-2022 05:49:34|INFO|grid.best_params_={'C': 10000000000.0, 'gamma': 1e-09, 'kernel': 'rbf', 'max_iter': 1000}, grid.best_score_=0.7222222222222222, grid.best_index_=42, acc=0.5, time=0.20725393295288086
02-06-2022 05:49:34|INFO|Is groups None: False 
02-06-2022 05:49:34|INFO|grid.best_params_={'C': 0.01, 'gamma': 1e-09, 'kernel': 'rbf', 'max_iter': 1000}, grid.best_score_=0.6666666666666666, grid.best_index_=0, acc=0.75, time=0.20421433448791504
02-06-2022 05:49:34|INFO|Is groups None: False 
02-06-2022 05:49:34|INFO|grid.best_params_={'C': 0.01, 'gamma': 1e-09, 'kernel': 'rbf', 'max_iter': 1000}, grid.best_score_=0.6666666666666666, grid.best_index_=0, acc=0.75, time=0.21108031272888184
02-06-2022 05:49:34|INFO|Is groups None: False 
02-06-2022 05:49:34|INFO|grid.best_params_={'C': 0.01, 'gamma': 1e-09, 'kernel': 'rbf', 'max_iter': 1000}, grid.best_score_=0.6944444444444444, grid.best_index_=0, acc=0.5, time=0.20117878913879395
02-06-2022 05:49:35|INFO|Is groups None: False 
02-06-2022 05:49:35|INFO|grid.best_params_={'C': 1000000.0, 'gamma': 1e-07, 'kernel': 'rbf', 'max_iter': 1000}, grid.best_score_=0.7222222222222222, grid.best_index_=29, acc=0.5, time=0.21197819709777832
02-06-2022 05:49:35|INFO|Is groups None: False 
02-06-2022 05:49:35|INFO|grid.best_params_={'C': 0.01, 'gamma': 1e-09, 'kernel': 'rbf', 'max_iter': 1000}, grid.best_score_=0.6666666666666666, grid.best_index_=0, acc=0.75, time=0.211991548538208
02-06-2022 05:49:35|INFO|Is groups None: False 
02-06-2022 05:49:35|INFO|grid.best_params_={'C': 0.01, 'gamma': 1e-09, 'kernel': 'rbf', 'max_iter': 1000}, grid.best_score_=0.6944444444444444, grid.best_index_=0, acc=0.5, time=0.21352934837341309
02-06-2022 05:49:35|INFO|s32|10-CV=0.60000|STD=0.12247|Time spend=2.4660251140594482
02-06-2022 05:49:35|INFO|final|10-CV=0.62490|STD=0.04923
