02-06-2022 14:12:36|INFO|
    Running Command: 
        python3 main-ml.py --subject_setup independent --experimental_setup trial --stimuli_class valence --preprocessing DASM --segment_lenght 1 --output_log ./output/independent-trial-valence-DASM-1.log
    Starting training:
        segment_lenght:  1
        output_log:      ./output/independent-trial-valence-DASM-1.log
        stimuli_class:   valence
        preprocessing:   DASM
        subject_setup:   independent
        experimental_setup: trial
    
02-06-2022 14:14:14|INFO|Running Segment-First
02-06-2022 14:14:14|INFO|X.shape=(76800, 14), y.shape=(76800,), groups.shape=(76800,)
02-06-2022 14:14:14|INFO|Is groups None: False 
02-06-2022 14:22:25|INFO|grid.best_params_={'C': 0.01, 'gamma': 1000.0, 'kernel': 'rbf', 'max_iter': 1000}, grid.best_score_=0.5538628472222222, grid.best_index_=6, acc=0.5479166666666667, time=491.21199321746826
02-06-2022 14:22:25|INFO|Is groups None: False 
02-06-2022 14:30:31|INFO|grid.best_params_={'C': 0.01, 'gamma': 1000.0, 'kernel': 'rbf', 'max_iter': 1000}, grid.best_score_=0.5530815972222223, grid.best_index_=6, acc=0.5548177083333333, time=485.3794815540314
02-06-2022 14:30:31|INFO|Is groups None: False 
02-06-2022 14:38:30|INFO|grid.best_params_={'C': 1.0, 'gamma': 1000.0, 'kernel': 'rbf', 'max_iter': 1000}, grid.best_score_=0.5530815972222222, grid.best_index_=13, acc=0.555078125, time=478.7713134288788
02-06-2022 14:38:30|INFO|Is groups None: False 
02-06-2022 14:46:33|INFO|grid.best_params_={'C': 0.01, 'gamma': 0.001, 'kernel': 'rbf', 'max_iter': 1000}, grid.best_score_=0.5552372685185185, grid.best_index_=3, acc=0.5514322916666666, time=483.21116304397583
02-06-2022 14:46:33|INFO|Is groups None: False 
02-06-2022 14:54:31|INFO|grid.best_params_={'C': 1.0, 'gamma': 0.001, 'kernel': 'rbf', 'max_iter': 1000}, grid.best_score_=0.5550491898148149, grid.best_index_=10, acc=0.5467447916666667, time=477.8179771900177
02-06-2022 14:54:31|INFO|Is groups None: False 
02-06-2022 15:02:31|INFO|grid.best_params_={'C': 1.0, 'gamma': 1000.0, 'kernel': 'rbf', 'max_iter': 1000}, grid.best_score_=0.5530092592592593, grid.best_index_=13, acc=0.5548177083333333, time=480.443740606308
02-06-2022 15:02:31|INFO|Is groups None: False 
02-06-2022 15:10:27|INFO|grid.best_params_={'C': 0.01, 'gamma': 0.001, 'kernel': 'rbf', 'max_iter': 1000}, grid.best_score_=0.5550202546296297, grid.best_index_=3, acc=0.540234375, time=476.1543278694153
02-06-2022 15:10:27|INFO|Is groups None: False 
02-06-2022 15:18:27|INFO|grid.best_params_={'C': 1.0, 'gamma': 1000.0, 'kernel': 'rbf', 'max_iter': 1000}, grid.best_score_=0.5530671296296297, grid.best_index_=13, acc=0.55390625, time=479.47929978370667
02-06-2022 15:18:27|INFO|Is groups None: False 
02-06-2022 15:26:27|INFO|grid.best_params_={'C': 1.0, 'gamma': 0.001, 'kernel': 'rbf', 'max_iter': 1000}, grid.best_score_=0.5552951388888889, grid.best_index_=10, acc=0.5515625, time=480.26595067977905
02-06-2022 15:26:27|INFO|Is groups None: False 
02-06-2022 15:34:24|INFO|grid.best_params_={'C': 0.01, 'gamma': 0.001, 'kernel': 'rbf', 'max_iter': 1000}, grid.best_score_=0.554050925925926, grid.best_index_=3, acc=0.5546875, time=477.1715633869171
02-06-2022 15:34:24|INFO|all|10-CV=0.55112|STD=0.00460|Time spend=4908.377335548401
02-06-2022 15:34:24|INFO|final|10-CV=0.55112|STD=0.00000
