02-04-2022 15:52:07|INFO|
    Running Command: 
        python3 main-ml.py --subject_setup independent --experimental_setup trial --stimuli_class valence --preprocessing DASM --segment_lenght 1 --output_log ./output/independent_trial_valence_DASM_1.log
    Starting training:
        segment_lenght:  1
        output_log:      ./output/independent_trial_valence_DASM_1.log
        stimuli_class:   valence
        preprocessing:   DASM
        subject_setup:   independent
        experimental_setup: trial
    
02-04-2022 16:55:43|INFO|
    Running Command: 
        python3 main-ml.py --subject_setup independent --experimental_setup trial --stimuli_class valence --preprocessing DASM --segment_lenght 1 --output_log ./output/independent_trial_valence_DASM_1.log
    Starting training:
        segment_lenght:  1
        output_log:      ./output/independent_trial_valence_DASM_1.log
        stimuli_class:   valence
        preprocessing:   DASM
        subject_setup:   independent
        experimental_setup: trial
    
