02-06-2022 06:16:41|INFO|
    Running Command: 
        python3 main-ml.py --subject_setup independent --experimental_setup trial --stimuli_class arousal --preprocessing DASM --segment_lenght 20 --output_log ./output/independent-trial-arousal-DASM-20.log
    Starting training:
        segment_lenght:  20
        output_log:      ./output/independent-trial-arousal-DASM-20.log
        stimuli_class:   arousal
        preprocessing:   DASM
        subject_setup:   independent
        experimental_setup: trial
    
02-06-2022 06:17:01|INFO|Running Segment-First
02-06-2022 06:17:01|INFO|X.shape=(3840, 14), y.shape=(3840,), groups.shape=(3840,)
02-06-2022 06:17:02|INFO|Is groups None: False 
02-06-2022 06:17:50|INFO|grid.best_params_={'C': 1.0, 'gamma': 0.1, 'kernel': 'rbf', 'max_iter': 1000}, grid.best_score_=0.6148726851851851, grid.best_index_=11, acc=0.5989583333333334, time=47.99806022644043
02-06-2022 06:17:50|INFO|Is groups None: False 
02-06-2022 06:18:16|INFO|grid.best_params_={'C': 1.0, 'gamma': 0.1, 'kernel': 'rbf', 'max_iter': 1000}, grid.best_score_=0.6085069444444444, grid.best_index_=11, acc=0.578125, time=26.343170166015625
02-06-2022 06:18:16|INFO|Is groups None: False 
02-06-2022 06:18:43|INFO|grid.best_params_={'C': 1.0, 'gamma': 0.1, 'kernel': 'rbf', 'max_iter': 1000}, grid.best_score_=0.6053240740740741, grid.best_index_=11, acc=0.6276041666666666, time=26.259897232055664
02-06-2022 06:18:43|INFO|Is groups None: False 
02-06-2022 06:19:09|INFO|grid.best_params_={'C': 1.0, 'gamma': 0.1, 'kernel': 'rbf', 'max_iter': 1000}, grid.best_score_=0.6142939814814814, grid.best_index_=11, acc=0.6119791666666666, time=26.367204904556274
02-06-2022 06:19:09|INFO|Is groups None: False 
02-06-2022 06:19:35|INFO|grid.best_params_={'C': 1.0, 'gamma': 0.1, 'kernel': 'rbf', 'max_iter': 1000}, grid.best_score_=0.6166087962962963, grid.best_index_=11, acc=0.6171875, time=26.131293296813965
02-06-2022 06:19:35|INFO|Is groups None: False 
02-06-2022 06:20:00|INFO|grid.best_params_={'C': 1.0, 'gamma': 0.1, 'kernel': 'rbf', 'max_iter': 1000}, grid.best_score_=0.6218171296296297, grid.best_index_=11, acc=0.5807291666666666, time=25.425859928131104
02-06-2022 06:20:01|INFO|Is groups None: False 
02-06-2022 06:20:26|INFO|grid.best_params_={'C': 1.0, 'gamma': 0.1, 'kernel': 'rbf', 'max_iter': 1000}, grid.best_score_=0.6157407407407407, grid.best_index_=11, acc=0.5703125, time=25.489518642425537
02-06-2022 06:20:26|INFO|Is groups None: False 
02-06-2022 06:20:50|INFO|grid.best_params_={'C': 1.0, 'gamma': 0.1, 'kernel': 'rbf', 'max_iter': 1000}, grid.best_score_=0.6223958333333334, grid.best_index_=11, acc=0.5677083333333334, time=24.270212650299072
02-06-2022 06:20:50|INFO|Is groups None: False 
02-06-2022 06:21:14|INFO|grid.best_params_={'C': 1.0, 'gamma': 0.1, 'kernel': 'rbf', 'max_iter': 1000}, grid.best_score_=0.6232638888888888, grid.best_index_=11, acc=0.6380208333333334, time=23.646205186843872
02-06-2022 06:21:14|INFO|Is groups None: False 
02-06-2022 06:21:37|INFO|grid.best_params_={'C': 1.0, 'gamma': 0.1, 'kernel': 'rbf', 'max_iter': 1000}, grid.best_score_=0.5972222222222222, grid.best_index_=11, acc=0.6119791666666666, time=23.123459339141846
02-06-2022 06:21:37|INFO|all|10-CV=0.60026|STD=0.02359|Time spend=296.1371765136719
02-06-2022 06:21:37|INFO|final|10-CV=0.60026|STD=0.00000
