27-05-2022 23:12:19|INFO|
    Running Command: 
        python3 main-ml.py --subject_setup dependent --experimental_setup segment --stimuli_class valence --preprocessing DE --segment_lenght 1 --output_log ./output/dependent_segment_valence_DE_1.log
    Starting training:
        segment_lenght:  1
        output_log:      ./output/dependent_segment_valence_DE_1.log
        stimuli_class:   valence
        preprocessing:   DE
        subject_setup:   dependent
        experimental_setup: segment
    
27-05-2022 23:31:20|INFO|s09|10-CV=0.72458|STD=0.03825|Time spend=1141.2858052253723
27-05-2022 23:49:43|INFO|s19|10-CV=0.66375|STD=0.02141|Time spend=1102.7524330615997
28-05-2022 00:09:02|INFO|s17|10-CV=0.60000|STD=0.02364|Time spend=1158.5913534164429
28-05-2022 00:26:27|INFO|s28|10-CV=0.64500|STD=0.02880|Time spend=1045.6468222141266
28-05-2022 00:42:02|INFO|s07|10-CV=0.73042|STD=0.03694|Time spend=934.318680524826
28-05-2022 00:59:25|INFO|s11|10-CV=0.66083|STD=0.03605|Time spend=1043.58349776268
28-05-2022 01:18:07|INFO|s25|10-CV=0.60083|STD=0.03259|Time spend=1121.3876314163208
28-05-2022 01:35:53|INFO|s24|10-CV=0.66917|STD=0.03114|Time spend=1066.0180563926697
28-05-2022 01:52:29|INFO|s04|10-CV=0.67542|STD=0.03691|Time spend=996.0938992500305
28-05-2022 02:09:50|INFO|s16|10-CV=0.73042|STD=0.05134|Time spend=1041.0047369003296
28-05-2022 02:28:57|INFO|s29|10-CV=0.65250|STD=0.01911|Time spend=1146.6451869010925
28-05-2022 02:48:11|INFO|s26|10-CV=0.64792|STD=0.00859|Time spend=1154.7559616565704
28-05-2022 03:07:25|INFO|s15|10-CV=0.79500|STD=0.07228|Time spend=1153.7649915218353
28-05-2022 03:26:34|INFO|s21|10-CV=0.58875|STD=0.03339|Time spend=1149.3157169818878
28-05-2022 03:43:06|INFO|s30|10-CV=0.67125|STD=0.01985|Time spend=991.8406612873077
28-05-2022 03:57:55|INFO|s27|10-CV=0.75417|STD=0.01835|Time spend=888.7627727985382
28-05-2022 04:16:43|INFO|s31|10-CV=0.62250|STD=0.03114|Time spend=1128.478637456894
28-05-2022 04:33:41|INFO|s10|10-CV=0.81417|STD=0.02746|Time spend=1017.4339101314545
28-05-2022 04:51:01|INFO|s22|10-CV=0.71083|STD=0.04176|Time spend=1040.479902267456
28-05-2022 05:07:06|INFO|s18|10-CV=0.74833|STD=0.03769|Time spend=964.4375166893005
28-05-2022 05:24:52|INFO|s02|10-CV=0.69583|STD=0.04798|Time spend=1065.8396000862122
28-05-2022 05:41:56|INFO|s20|10-CV=0.67583|STD=0.01706|Time spend=1024.1429755687714
28-05-2022 05:56:55|INFO|s06|10-CV=0.75125|STD=0.00458|Time spend=899.4095737934113
28-05-2022 06:13:48|INFO|s23|10-CV=0.71000|STD=0.02085|Time spend=1012.3816523551941
28-05-2022 06:32:11|INFO|s03|10-CV=0.68083|STD=0.03298|Time spend=1103.8602986335754
28-05-2022 06:49:55|INFO|s05|10-CV=0.67750|STD=0.02093|Time spend=1063.7972118854523
28-05-2022 07:07:48|INFO|s12|10-CV=0.63083|STD=0.03196|Time spend=1072.6612157821655
28-05-2022 07:26:58|INFO|s32|10-CV=0.62958|STD=0.03473|Time spend=1150.0079646110535
28-05-2022 07:45:43|INFO|s08|10-CV=0.61917|STD=0.03350|Time spend=1124.9212877750397
28-05-2022 08:04:52|INFO|s01|10-CV=0.60250|STD=0.02702|Time spend=1148.9056458473206
28-05-2022 08:20:59|INFO|s13|10-CV=0.76333|STD=0.03908|Time spend=967.2582354545593
28-05-2022 08:36:47|INFO|s14|10-CV=0.71208|STD=0.07055|Time spend=948.4623296260834
28-05-2022 08:36:47|INFO|final|10-CV=0.68296|STD=0.01430
