16-06-2022 21:30:17|INFO|
    Running Command: 
        python3 main-ml.py --subject_setup dependent --experimental_setup trial --stimuli_class arousal --preprocessing DE --segment_lenght 12 --output_log ./output/dependent-trial-arousal-DE-12.log
    Starting training:
        segment_lenght:  12
        output_log:      ./output/dependent-trial-arousal-DE-12.log
        stimuli_class:   arousal
        preprocessing:   DE
        subject_setup:   dependent
        experimental_setup: trial
    
16-06-2022 21:30:18|INFO|Running Segment-First
16-06-2022 21:30:18|INFO|X.shape=(200, 160), y.shape=(200,), groups.shape=(200,)
16-06-2022 21:30:18|INFO|Is groups None: False 
16-06-2022 21:30:42|INFO|1/10|grid.best_params_={'C': 0.01, 'gamma': 1e-09, 'kernel': 'rbf', 'max_iter': 1000}, grid.best_score_=0.6111111111111112, grid.best_index_=0, acc=0.5, time=24.380157947540283
16-06-2022 21:30:42|INFO|Is groups None: False 
16-06-2022 21:30:43|INFO|2/10|grid.best_params_={'C': 0.01, 'gamma': 1e-09, 'kernel': 'rbf', 'max_iter': 1000}, grid.best_score_=0.6111111111111112, grid.best_index_=0, acc=0.5, time=0.49722981452941895
16-06-2022 21:30:43|INFO|Is groups None: False 
16-06-2022 21:30:43|INFO|3/10|grid.best_params_={'C': 10000000000.0, 'gamma': 1e-09, 'kernel': 'rbf', 'max_iter': 1000}, grid.best_score_=0.6611111111111111, grid.best_index_=42, acc=0.7, time=0.48937177658081055
16-06-2022 21:30:43|INFO|Is groups None: False 
16-06-2022 21:30:44|INFO|4/10|grid.best_params_={'C': 10000.0, 'gamma': 1e-05, 'kernel': 'rbf', 'max_iter': 1000}, grid.best_score_=0.6222222222222222, grid.best_index_=23, acc=0.65, time=0.48816776275634766
16-06-2022 21:30:44|INFO|Is groups None: False 
16-06-2022 21:30:44|INFO|5/10|grid.best_params_={'C': 1000000.0, 'gamma': 1e-05, 'kernel': 'rbf', 'max_iter': 1000}, grid.best_score_=0.6, grid.best_index_=30, acc=0.55, time=0.47463512420654297
16-06-2022 21:30:44|INFO|Is groups None: False 
16-06-2022 21:30:45|INFO|6/10|grid.best_params_={'C': 100.0, 'gamma': 0.001, 'kernel': 'rbf', 'max_iter': 1000}, grid.best_score_=0.5888888888888889, grid.best_index_=17, acc=0.55, time=0.4539508819580078
16-06-2022 21:30:45|INFO|Is groups None: False 
16-06-2022 21:31:23|INFO|7/10|grid.best_params_={'C': 100000000.0, 'gamma': 1e-09, 'kernel': 'rbf', 'max_iter': 1000}, grid.best_score_=0.6166666666666667, grid.best_index_=35, acc=0.6, time=38.26258182525635
16-06-2022 21:31:23|INFO|Is groups None: False 
16-06-2022 21:31:23|INFO|8/10|grid.best_params_={'C': 100000000.0, 'gamma': 1e-09, 'kernel': 'rbf', 'max_iter': 1000}, grid.best_score_=0.6166666666666667, grid.best_index_=35, acc=0.7, time=0.49748802185058594
16-06-2022 21:31:23|INFO|Is groups None: False 
16-06-2022 21:31:24|INFO|9/10|grid.best_params_={'C': 0.01, 'gamma': 1e-09, 'kernel': 'rbf', 'max_iter': 1000}, grid.best_score_=0.6111111111111112, grid.best_index_=0, acc=0.5, time=0.5095586776733398
16-06-2022 21:31:24|INFO|Is groups None: False 
16-06-2022 21:31:24|INFO|10/10|grid.best_params_={'C': 1000000.0, 'gamma': 1e-05, 'kernel': 'rbf', 'max_iter': 1000}, grid.best_score_=0.6277777777777778, grid.best_index_=30, acc=0.6, time=0.4969818592071533
16-06-2022 21:31:24|INFO|s01|10-CV=0.58500|STD=0.07433|Time spend=67.33262944221497
16-06-2022 21:31:25|INFO|Running Segment-First
16-06-2022 21:31:25|INFO|X.shape=(200, 160), y.shape=(200,), groups.shape=(200,)
16-06-2022 21:31:25|INFO|Is groups None: False 
16-06-2022 21:31:26|INFO|1/10|grid.best_params_={'C': 0.01, 'gamma': 1e-09, 'kernel': 'rbf', 'max_iter': 1000}, grid.best_score_=0.6111111111111112, grid.best_index_=0, acc=0.5, time=0.518836498260498
16-06-2022 21:31:26|INFO|Is groups None: False 
16-06-2022 21:31:26|INFO|2/10|grid.best_params_={'C': 0.01, 'gamma': 1e-09, 'kernel': 'rbf', 'max_iter': 1000}, grid.best_score_=0.5833333333333334, grid.best_index_=0, acc=0.75, time=0.5270035266876221
16-06-2022 21:31:26|INFO|Is groups None: False 
16-06-2022 21:31:27|INFO|3/10|grid.best_params_={'C': 0.01, 'gamma': 1e-09, 'kernel': 'rbf', 'max_iter': 1000}, grid.best_score_=0.6111111111111112, grid.best_index_=0, acc=0.5, time=0.5068590641021729
16-06-2022 21:31:27|INFO|Is groups None: False 
16-06-2022 21:31:27|INFO|4/10|grid.best_params_={'C': 0.01, 'gamma': 1e-09, 'kernel': 'rbf', 'max_iter': 1000}, grid.best_score_=0.6111111111111112, grid.best_index_=0, acc=0.5, time=0.5096666812896729
16-06-2022 21:31:27|INFO|Is groups None: False 
16-06-2022 21:31:28|INFO|5/10|grid.best_params_={'C': 0.01, 'gamma': 1e-09, 'kernel': 'rbf', 'max_iter': 1000}, grid.best_score_=0.6111111111111112, grid.best_index_=0, acc=0.5, time=0.5226752758026123
16-06-2022 21:31:28|INFO|Is groups None: False 
16-06-2022 21:31:28|INFO|6/10|grid.best_params_={'C': 0.01, 'gamma': 1e-09, 'kernel': 'rbf', 'max_iter': 1000}, grid.best_score_=0.6111111111111112, grid.best_index_=0, acc=0.5, time=0.5368130207061768
16-06-2022 21:31:28|INFO|Is groups None: False 
16-06-2022 21:31:29|INFO|7/10|grid.best_params_={'C': 0.01, 'gamma': 1e-09, 'kernel': 'rbf', 'max_iter': 1000}, grid.best_score_=0.5833333333333334, grid.best_index_=0, acc=0.75, time=0.5151576995849609
16-06-2022 21:31:29|INFO|Is groups None: False 
16-06-2022 21:31:29|INFO|8/10|grid.best_params_={'C': 0.01, 'gamma': 1e-09, 'kernel': 'rbf', 'max_iter': 1000}, grid.best_score_=0.5833333333333334, grid.best_index_=0, acc=0.75, time=0.5189130306243896
16-06-2022 21:31:29|INFO|Is groups None: False 
16-06-2022 21:31:30|INFO|9/10|grid.best_params_={'C': 0.01, 'gamma': 1e-09, 'kernel': 'rbf', 'max_iter': 1000}, grid.best_score_=0.6111111111111112, grid.best_index_=0, acc=0.5, time=0.5103178024291992
16-06-2022 21:31:30|INFO|Is groups None: False 
16-06-2022 21:31:30|INFO|10/10|grid.best_params_={'C': 0.01, 'gamma': 1e-09, 'kernel': 'rbf', 'max_iter': 1000}, grid.best_score_=0.5833333333333334, grid.best_index_=0, acc=0.75, time=0.5160515308380127
16-06-2022 21:31:30|INFO|s02|10-CV=0.60000|STD=0.12247|Time spend=5.848741054534912
16-06-2022 21:31:31|INFO|Running Segment-First
16-06-2022 21:31:31|INFO|X.shape=(200, 160), y.shape=(200,), groups.shape=(200,)
16-06-2022 21:31:31|INFO|Is groups None: False 
16-06-2022 21:31:31|INFO|1/10|grid.best_params_={'C': 0.01, 'gamma': 1e-09, 'kernel': 'rbf', 'max_iter': 1000}, grid.best_score_=0.7777777777777778, grid.best_index_=0, acc=1.0, time=0.46323323249816895
16-06-2022 21:31:31|INFO|Is groups None: False 
16-06-2022 21:31:32|INFO|2/10|grid.best_params_={'C': 0.01, 'gamma': 1e-09, 'kernel': 'rbf', 'max_iter': 1000}, grid.best_score_=0.8055555555555556, grid.best_index_=0, acc=0.75, time=0.47777318954467773
16-06-2022 21:31:32|INFO|Is groups None: False 
16-06-2022 21:31:32|INFO|3/10|grid.best_params_={'C': 0.01, 'gamma': 1e-09, 'kernel': 'rbf', 'max_iter': 1000}, grid.best_score_=0.8055555555555556, grid.best_index_=0, acc=0.75, time=0.4885101318359375
16-06-2022 21:31:32|INFO|Is groups None: False 
16-06-2022 21:31:33|INFO|4/10|grid.best_params_={'C': 0.01, 'gamma': 1e-09, 'kernel': 'rbf', 'max_iter': 1000}, grid.best_score_=0.8055555555555556, grid.best_index_=0, acc=0.75, time=0.46326780319213867
16-06-2022 21:31:33|INFO|Is groups None: False 
16-06-2022 21:31:33|INFO|5/10|grid.best_params_={'C': 100000000.0, 'gamma': 1e-09, 'kernel': 'rbf', 'max_iter': 1000}, grid.best_score_=0.8166666666666667, grid.best_index_=35, acc=0.75, time=0.4736776351928711
16-06-2022 21:31:33|INFO|Is groups None: False 
16-06-2022 21:31:34|INFO|6/10|grid.best_params_={'C': 0.01, 'gamma': 1e-09, 'kernel': 'rbf', 'max_iter': 1000}, grid.best_score_=0.8055555555555556, grid.best_index_=0, acc=0.75, time=0.457028865814209
16-06-2022 21:31:34|INFO|Is groups None: False 
16-06-2022 21:31:34|INFO|7/10|grid.best_params_={'C': 0.01, 'gamma': 1e-09, 'kernel': 'rbf', 'max_iter': 1000}, grid.best_score_=0.8055555555555556, grid.best_index_=0, acc=0.75, time=0.47318458557128906
16-06-2022 21:31:34|INFO|Is groups None: False 
16-06-2022 21:31:35|INFO|8/10|grid.best_params_={'C': 0.01, 'gamma': 1e-09, 'kernel': 'rbf', 'max_iter': 1000}, grid.best_score_=0.8055555555555556, grid.best_index_=0, acc=0.75, time=0.46591734886169434
16-06-2022 21:31:35|INFO|Is groups None: False 
16-06-2022 21:31:35|INFO|9/10|grid.best_params_={'C': 10000.0, 'gamma': 1e-05, 'kernel': 'rbf', 'max_iter': 1000}, grid.best_score_=0.8111111111111112, grid.best_index_=23, acc=0.55, time=0.4832634925842285
16-06-2022 21:31:35|INFO|Is groups None: False 
16-06-2022 21:31:36|INFO|10/10|grid.best_params_={'C': 0.01, 'gamma': 1e-09, 'kernel': 'rbf', 'max_iter': 1000}, grid.best_score_=0.7777777777777778, grid.best_index_=0, acc=1.0, time=0.4774487018585205
16-06-2022 21:31:36|INFO|s03|10-CV=0.78000|STD=0.12490|Time spend=5.390426397323608
16-06-2022 21:31:36|INFO|Running Segment-First
16-06-2022 21:31:36|INFO|X.shape=(200, 160), y.shape=(200,), groups.shape=(200,)
16-06-2022 21:31:36|INFO|Is groups None: False 
16-06-2022 21:31:37|INFO|1/10|grid.best_params_={'C': 100.0, 'gamma': 0.001, 'kernel': 'rbf', 'max_iter': 1000}, grid.best_score_=0.6555555555555556, grid.best_index_=17, acc=0.6, time=0.4852294921875
16-06-2022 21:31:37|INFO|Is groups None: False 
16-06-2022 21:31:37|INFO|2/10|grid.best_params_={'C': 100.0, 'gamma': 0.001, 'kernel': 'rbf', 'max_iter': 1000}, grid.best_score_=0.6833333333333333, grid.best_index_=17, acc=0.45, time=0.5076992511749268
16-06-2022 21:31:37|INFO|Is groups None: False 
16-06-2022 21:31:38|INFO|3/10|grid.best_params_={'C': 100000000.0, 'gamma': 1e-09, 'kernel': 'rbf', 'max_iter': 1000}, grid.best_score_=0.65, grid.best_index_=35, acc=0.45, time=0.49867844581604004
16-06-2022 21:31:38|INFO|Is groups None: False 
16-06-2022 21:31:38|INFO|4/10|grid.best_params_={'C': 100000000.0, 'gamma': 1e-09, 'kernel': 'rbf', 'max_iter': 1000}, grid.best_score_=0.6222222222222222, grid.best_index_=35, acc=0.6, time=0.5049686431884766
16-06-2022 21:31:38|INFO|Is groups None: False 
16-06-2022 21:31:39|INFO|5/10|grid.best_params_={'C': 100.0, 'gamma': 0.1, 'kernel': 'rbf', 'max_iter': 1000}, grid.best_score_=0.6611111111111111, grid.best_index_=18, acc=0.5, time=0.5129005908966064
16-06-2022 21:31:39|INFO|Is groups None: False 
16-06-2022 21:31:39|INFO|6/10|grid.best_params_={'C': 100.0, 'gamma': 0.001, 'kernel': 'rbf', 'max_iter': 1000}, grid.best_score_=0.6444444444444444, grid.best_index_=17, acc=0.9, time=0.5056824684143066
16-06-2022 21:31:39|INFO|Is groups None: False 
16-06-2022 21:31:40|INFO|7/10|grid.best_params_={'C': 10000.0, 'gamma': 0.001, 'kernel': 'rbf', 'max_iter': 1000}, grid.best_score_=0.6388888888888888, grid.best_index_=24, acc=0.65, time=0.5183191299438477
16-06-2022 21:31:40|INFO|Is groups None: False 
16-06-2022 21:31:41|INFO|8/10|grid.best_params_={'C': 100.0, 'gamma': 0.001, 'kernel': 'rbf', 'max_iter': 1000}, grid.best_score_=0.6833333333333333, grid.best_index_=17, acc=0.55, time=0.6228823661804199
16-06-2022 21:31:41|INFO|Is groups None: False 
16-06-2022 21:31:41|INFO|9/10|grid.best_params_={'C': 100.0, 'gamma': 0.001, 'kernel': 'rbf', 'max_iter': 1000}, grid.best_score_=0.6611111111111111, grid.best_index_=17, acc=0.75, time=0.5038697719573975
16-06-2022 21:31:41|INFO|Is groups None: False 
16-06-2022 21:31:42|INFO|10/10|grid.best_params_={'C': 100000000.0, 'gamma': 1e-09, 'kernel': 'rbf', 'max_iter': 1000}, grid.best_score_=0.6777777777777778, grid.best_index_=35, acc=0.55, time=0.506723165512085
16-06-2022 21:31:42|INFO|s04|10-CV=0.60000|STD=0.13229|Time spend=5.8266379833221436
16-06-2022 21:31:42|INFO|Running Segment-First
16-06-2022 21:31:42|INFO|X.shape=(200, 160), y.shape=(200,), groups.shape=(200,)
16-06-2022 21:31:42|INFO|Is groups None: False 
16-06-2022 21:31:43|INFO|1/10|grid.best_params_={'C': 1000000.0, 'gamma': 1e-05, 'kernel': 'rbf', 'max_iter': 1000}, grid.best_score_=0.5537037037037037, grid.best_index_=30, acc=0.35, time=0.5073013305664062
16-06-2022 21:31:43|INFO|Is groups None: False 
16-06-2022 21:31:43|INFO|2/10|grid.best_params_={'C': 10000.0, 'gamma': 1e-05, 'kernel': 'rbf', 'max_iter': 1000}, grid.best_score_=0.6107407407407408, grid.best_index_=23, acc=0.5, time=0.5128538608551025
16-06-2022 21:31:43|INFO|Is groups None: False 
16-06-2022 21:31:44|INFO|3/10|grid.best_params_={'C': 100000000.0, 'gamma': 1e-07, 'kernel': 'rbf', 'max_iter': 1000}, grid.best_score_=0.6222222222222222, grid.best_index_=36, acc=0.55, time=0.5251312255859375
16-06-2022 21:31:44|INFO|Is groups None: False 
16-06-2022 21:31:44|INFO|4/10|grid.best_params_={'C': 100000000.0, 'gamma': 1e-09, 'kernel': 'rbf', 'max_iter': 1000}, grid.best_score_=0.5559259259259259, grid.best_index_=35, acc=0.45, time=0.5181944370269775
16-06-2022 21:31:44|INFO|Is groups None: False 
16-06-2022 21:31:45|INFO|5/10|grid.best_params_={'C': 100000000.0, 'gamma': 1e-07, 'kernel': 'rbf', 'max_iter': 1000}, grid.best_score_=0.6111111111111112, grid.best_index_=36, acc=0.8, time=0.5036499500274658
16-06-2022 21:31:45|INFO|Is groups None: False 
16-06-2022 21:31:45|INFO|6/10|grid.best_params_={'C': 100000000.0, 'gamma': 1e-07, 'kernel': 'rbf', 'max_iter': 1000}, grid.best_score_=0.5888888888888889, grid.best_index_=36, acc=0.35, time=0.5303289890289307
16-06-2022 21:31:45|INFO|Is groups None: False 
16-06-2022 21:31:46|INFO|7/10|grid.best_params_={'C': 10000.0, 'gamma': 0.001, 'kernel': 'rbf', 'max_iter': 1000}, grid.best_score_=0.55, grid.best_index_=24, acc=0.3, time=0.5074760913848877
16-06-2022 21:31:46|INFO|Is groups None: False 
16-06-2022 21:31:46|INFO|8/10|grid.best_params_={'C': 100000000.0, 'gamma': 1e-07, 'kernel': 'rbf', 'max_iter': 1000}, grid.best_score_=0.5625925925925926, grid.best_index_=36, acc=0.65, time=0.5236303806304932
16-06-2022 21:31:46|INFO|Is groups None: False 
16-06-2022 21:31:47|INFO|9/10|grid.best_params_={'C': 100000000.0, 'gamma': 1e-07, 'kernel': 'rbf', 'max_iter': 1000}, grid.best_score_=0.6085185185185186, grid.best_index_=36, acc=0.65, time=0.51568603515625
16-06-2022 21:31:47|INFO|Is groups None: False 
16-06-2022 21:31:47|INFO|10/10|grid.best_params_={'C': 100.0, 'gamma': 0.001, 'kernel': 'rbf', 'max_iter': 1000}, grid.best_score_=0.588888888888889, grid.best_index_=17, acc=0.45, time=0.5547232627868652
16-06-2022 21:31:47|INFO|s05|10-CV=0.50500|STD=0.15075|Time spend=5.848208904266357
16-06-2022 21:31:48|INFO|Running Segment-First
16-06-2022 21:31:48|INFO|X.shape=(200, 160), y.shape=(200,), groups.shape=(200,)
16-06-2022 21:31:48|INFO|Is groups None: False 
16-06-2022 21:31:48|INFO|1/10|grid.best_params_={'C': 0.01, 'gamma': 0.1, 'kernel': 'rbf', 'max_iter': 1000}, grid.best_score_=0.55, grid.best_index_=4, acc=0.75, time=0.5080404281616211
16-06-2022 21:31:48|INFO|Is groups None: False 
16-06-2022 21:31:49|INFO|2/10|grid.best_params_={'C': 100.0, 'gamma': 1e-05, 'kernel': 'rbf', 'max_iter': 1000}, grid.best_score_=0.5833333333333334, grid.best_index_=16, acc=0.65, time=0.5114283561706543
16-06-2022 21:31:49|INFO|Is groups None: False 
16-06-2022 21:31:50|INFO|3/10|grid.best_params_={'C': 1000000.0, 'gamma': 1e-09, 'kernel': 'rbf', 'max_iter': 1000}, grid.best_score_=0.588888888888889, grid.best_index_=28, acc=0.5, time=0.5103650093078613
16-06-2022 21:31:50|INFO|Is groups None: False 
16-06-2022 21:31:50|INFO|4/10|grid.best_params_={'C': 0.01, 'gamma': 1e-09, 'kernel': 'rbf', 'max_iter': 1000}, grid.best_score_=0.5833333333333334, grid.best_index_=0, acc=0.5, time=0.5200700759887695
16-06-2022 21:31:50|INFO|Is groups None: False 
16-06-2022 21:31:51|INFO|5/10|grid.best_params_={'C': 0.01, 'gamma': 1e-09, 'kernel': 'rbf', 'max_iter': 1000}, grid.best_score_=0.5833333333333334, grid.best_index_=0, acc=0.5, time=0.5268616676330566
16-06-2022 21:31:51|INFO|Is groups None: False 
16-06-2022 21:31:51|INFO|6/10|grid.best_params_={'C': 0.01, 'gamma': 1e-09, 'kernel': 'rbf', 'max_iter': 1000}, grid.best_score_=0.5833333333333334, grid.best_index_=0, acc=0.5, time=0.4993736743927002
16-06-2022 21:31:51|INFO|Is groups None: False 
16-06-2022 21:31:52|INFO|7/10|grid.best_params_={'C': 0.01, 'gamma': 1e-09, 'kernel': 'rbf', 'max_iter': 1000}, grid.best_score_=0.5833333333333334, grid.best_index_=0, acc=0.5, time=0.5173113346099854
16-06-2022 21:31:52|INFO|Is groups None: False 
16-06-2022 21:31:52|INFO|8/10|grid.best_params_={'C': 0.01, 'gamma': 1e-09, 'kernel': 'rbf', 'max_iter': 1000}, grid.best_score_=0.5833333333333334, grid.best_index_=0, acc=0.5, time=0.516176700592041
16-06-2022 21:31:52|INFO|Is groups None: False 
16-06-2022 21:31:53|INFO|9/10|grid.best_params_={'C': 1.0, 'gamma': 0.001, 'kernel': 'rbf', 'max_iter': 1000}, grid.best_score_=0.6055555555555555, grid.best_index_=10, acc=0.3, time=0.4997212886810303
16-06-2022 21:31:53|INFO|Is groups None: False 
16-06-2022 21:31:53|INFO|10/10|grid.best_params_={'C': 100.0, 'gamma': 1e-05, 'kernel': 'rbf', 'max_iter': 1000}, grid.best_score_=0.5611111111111112, grid.best_index_=16, acc=0.6, time=0.5062241554260254
16-06-2022 21:31:53|INFO|s06|10-CV=0.53000|STD=0.11225|Time spend=5.772595643997192
16-06-2022 21:31:54|INFO|Running Segment-First
16-06-2022 21:31:54|INFO|X.shape=(200, 160), y.shape=(200,), groups.shape=(200,)
16-06-2022 21:31:54|INFO|Is groups None: False 
16-06-2022 21:31:54|INFO|1/10|grid.best_params_={'C': 0.01, 'gamma': 1e-09, 'kernel': 'rbf', 'max_iter': 1000}, grid.best_score_=0.6111111111111112, grid.best_index_=0, acc=0.75, time=0.49901461601257324
16-06-2022 21:31:54|INFO|Is groups None: False 
16-06-2022 21:31:55|INFO|2/10|grid.best_params_={'C': 1000000.0, 'gamma': 1e-07, 'kernel': 'rbf', 'max_iter': 1000}, grid.best_score_=0.7000000000000001, grid.best_index_=29, acc=0.45, time=0.491588830947876
16-06-2022 21:31:55|INFO|Is groups None: False 
16-06-2022 21:31:55|INFO|3/10|grid.best_params_={'C': 0.01, 'gamma': 1e-09, 'kernel': 'rbf', 'max_iter': 1000}, grid.best_score_=0.6388888888888888, grid.best_index_=0, acc=0.5, time=0.5213329792022705
16-06-2022 21:31:55|INFO|Is groups None: False 
16-06-2022 21:31:56|INFO|4/10|grid.best_params_={'C': 0.01, 'gamma': 1e-09, 'kernel': 'rbf', 'max_iter': 1000}, grid.best_score_=0.6388888888888888, grid.best_index_=0, acc=0.5, time=0.49504971504211426
16-06-2022 21:31:56|INFO|Is groups None: False 
16-06-2022 21:31:56|INFO|5/10|grid.best_params_={'C': 0.01, 'gamma': 1e-09, 'kernel': 'rbf', 'max_iter': 1000}, grid.best_score_=0.6388888888888888, grid.best_index_=0, acc=0.5, time=0.5126121044158936
16-06-2022 21:31:56|INFO|Is groups None: False 
16-06-2022 21:31:57|INFO|6/10|grid.best_params_={'C': 0.01, 'gamma': 1e-09, 'kernel': 'rbf', 'max_iter': 1000}, grid.best_score_=0.6388888888888888, grid.best_index_=0, acc=0.5, time=0.49856090545654297
16-06-2022 21:31:57|INFO|Is groups None: False 
16-06-2022 21:31:57|INFO|7/10|grid.best_params_={'C': 0.01, 'gamma': 1e-09, 'kernel': 'rbf', 'max_iter': 1000}, grid.best_score_=0.6388888888888888, grid.best_index_=0, acc=0.5, time=0.4913926124572754
16-06-2022 21:31:57|INFO|Is groups None: False 
16-06-2022 21:31:58|INFO|8/10|grid.best_params_={'C': 0.01, 'gamma': 1e-09, 'kernel': 'rbf', 'max_iter': 1000}, grid.best_score_=0.6111111111111112, grid.best_index_=0, acc=0.75, time=0.5026602745056152
16-06-2022 21:31:58|INFO|Is groups None: False 
16-06-2022 21:31:58|INFO|9/10|grid.best_params_={'C': 1000000.0, 'gamma': 1e-07, 'kernel': 'rbf', 'max_iter': 1000}, grid.best_score_=0.6277777777777778, grid.best_index_=29, acc=0.75, time=0.5134687423706055
16-06-2022 21:31:58|INFO|Is groups None: False 
16-06-2022 21:31:59|INFO|10/10|grid.best_params_={'C': 0.01, 'gamma': 1e-09, 'kernel': 'rbf', 'max_iter': 1000}, grid.best_score_=0.6111111111111112, grid.best_index_=0, acc=0.75, time=0.5154500007629395
16-06-2022 21:31:59|INFO|s07|10-CV=0.59500|STD=0.12738|Time spend=5.70309853553772
16-06-2022 21:31:59|INFO|Running Segment-First
16-06-2022 21:31:59|INFO|X.shape=(200, 160), y.shape=(200,), groups.shape=(200,)
16-06-2022 21:31:59|INFO|Is groups None: False 
16-06-2022 21:32:00|INFO|1/10|grid.best_params_={'C': 10000000000.0, 'gamma': 1e-09, 'kernel': 'rbf', 'max_iter': 1000}, grid.best_score_=0.5888888888888889, grid.best_index_=42, acc=0.6, time=0.5098443031311035
16-06-2022 21:32:00|INFO|Is groups None: False 
16-06-2022 21:32:00|INFO|2/10|grid.best_params_={'C': 100000000.0, 'gamma': 1e-07, 'kernel': 'rbf', 'max_iter': 1000}, grid.best_score_=0.5777777777777778, grid.best_index_=36, acc=0.6, time=0.5147502422332764
16-06-2022 21:32:00|INFO|Is groups None: False 
16-06-2022 21:32:01|INFO|3/10|grid.best_params_={'C': 10000.0, 'gamma': 1e-05, 'kernel': 'rbf', 'max_iter': 1000}, grid.best_score_=0.6055555555555556, grid.best_index_=23, acc=0.4, time=0.4958508014678955
16-06-2022 21:32:01|INFO|Is groups None: False 
16-06-2022 21:32:02|INFO|4/10|grid.best_params_={'C': 100000000.0, 'gamma': 1e-09, 'kernel': 'rbf', 'max_iter': 1000}, grid.best_score_=0.5944444444444446, grid.best_index_=35, acc=0.65, time=0.5150344371795654
16-06-2022 21:32:02|INFO|Is groups None: False 
16-06-2022 21:32:02|INFO|5/10|grid.best_params_={'C': 10000000000.0, 'gamma': 1e-09, 'kernel': 'rbf', 'max_iter': 1000}, grid.best_score_=0.5888888888888889, grid.best_index_=42, acc=0.5, time=0.5046267509460449
16-06-2022 21:32:02|INFO|Is groups None: False 
16-06-2022 21:32:03|INFO|6/10|grid.best_params_={'C': 0.01, 'gamma': 1e-09, 'kernel': 'rbf', 'max_iter': 1000}, grid.best_score_=0.5833333333333334, grid.best_index_=0, acc=0.5, time=0.5340254306793213
16-06-2022 21:32:03|INFO|Is groups None: False 
16-06-2022 21:32:03|INFO|7/10|grid.best_params_={'C': 0.01, 'gamma': 1e-09, 'kernel': 'rbf', 'max_iter': 1000}, grid.best_score_=0.5833333333333334, grid.best_index_=0, acc=0.5, time=0.5087032318115234
16-06-2022 21:32:03|INFO|Is groups None: False 
16-06-2022 21:32:04|INFO|8/10|grid.best_params_={'C': 0.01, 'gamma': 1e-09, 'kernel': 'rbf', 'max_iter': 1000}, grid.best_score_=0.5611111111111111, grid.best_index_=0, acc=0.6666666666666666, time=0.5156822204589844
16-06-2022 21:32:04|INFO|Is groups None: False 
16-06-2022 21:32:04|INFO|9/10|grid.best_params_={'C': 0.01, 'gamma': 1e-09, 'kernel': 'rbf', 'max_iter': 1000}, grid.best_score_=0.5833333333333334, grid.best_index_=0, acc=0.5, time=0.5043916702270508
16-06-2022 21:32:04|INFO|Is groups None: False 
16-06-2022 21:32:05|INFO|10/10|grid.best_params_={'C': 0.01, 'gamma': 1e-09, 'kernel': 'rbf', 'max_iter': 1000}, grid.best_score_=0.574074074074074, grid.best_index_=0, acc=0.6, time=0.49411916732788086
16-06-2022 21:32:05|INFO|s08|10-CV=0.55167|STD=0.07974|Time spend=5.748488664627075
16-06-2022 21:32:05|INFO|Running Segment-First
16-06-2022 21:32:05|INFO|X.shape=(200, 160), y.shape=(200,), groups.shape=(200,)
16-06-2022 21:32:05|INFO|Is groups None: False 
16-06-2022 21:32:06|INFO|1/10|grid.best_params_={'C': 0.01, 'gamma': 1e-09, 'kernel': 'rbf', 'max_iter': 1000}, grid.best_score_=0.6111111111111112, grid.best_index_=0, acc=0.5, time=0.5135147571563721
16-06-2022 21:32:06|INFO|Is groups None: False 
16-06-2022 21:32:06|INFO|2/10|grid.best_params_={'C': 100.0, 'gamma': 0.001, 'kernel': 'rbf', 'max_iter': 1000}, grid.best_score_=0.6166666666666667, grid.best_index_=17, acc=0.35, time=0.5034911632537842
16-06-2022 21:32:06|INFO|Is groups None: False 
16-06-2022 21:32:07|INFO|3/10|grid.best_params_={'C': 0.01, 'gamma': 1e-09, 'kernel': 'rbf', 'max_iter': 1000}, grid.best_score_=0.6111111111111112, grid.best_index_=0, acc=0.5, time=0.5180578231811523
16-06-2022 21:32:07|INFO|Is groups None: False 
16-06-2022 21:32:07|INFO|4/10|grid.best_params_={'C': 0.01, 'gamma': 1e-09, 'kernel': 'rbf', 'max_iter': 1000}, grid.best_score_=0.5833333333333334, grid.best_index_=0, acc=0.75, time=0.5499207973480225
16-06-2022 21:32:07|INFO|Is groups None: False 
16-06-2022 21:32:08|INFO|5/10|grid.best_params_={'C': 0.01, 'gamma': 1e-09, 'kernel': 'rbf', 'max_iter': 1000}, grid.best_score_=0.6111111111111112, grid.best_index_=0, acc=0.5, time=0.5146749019622803
16-06-2022 21:32:08|INFO|Is groups None: False 
16-06-2022 21:32:08|INFO|6/10|grid.best_params_={'C': 0.01, 'gamma': 1e-09, 'kernel': 'rbf', 'max_iter': 1000}, grid.best_score_=0.6111111111111112, grid.best_index_=0, acc=0.5, time=0.529350996017456
16-06-2022 21:32:08|INFO|Is groups None: False 
16-06-2022 21:32:09|INFO|7/10|grid.best_params_={'C': 100.0, 'gamma': 0.001, 'kernel': 'rbf', 'max_iter': 1000}, grid.best_score_=0.6388888888888888, grid.best_index_=17, acc=0.45, time=0.4932224750518799
16-06-2022 21:32:09|INFO|Is groups None: False 
16-06-2022 21:32:09|INFO|8/10|grid.best_params_={'C': 100.0, 'gamma': 0.001, 'kernel': 'rbf', 'max_iter': 1000}, grid.best_score_=0.6666666666666666, grid.best_index_=17, acc=0.55, time=0.4951157569885254
16-06-2022 21:32:09|INFO|Is groups None: False 
16-06-2022 21:32:10|INFO|9/10|grid.best_params_={'C': 10000.0, 'gamma': 1e-05, 'kernel': 'rbf', 'max_iter': 1000}, grid.best_score_=0.6222222222222222, grid.best_index_=23, acc=0.65, time=0.5048849582672119
16-06-2022 21:32:10|INFO|Is groups None: False 
16-06-2022 21:32:10|INFO|10/10|grid.best_params_={'C': 100.0, 'gamma': 0.001, 'kernel': 'rbf', 'max_iter': 1000}, grid.best_score_=0.6666666666666666, grid.best_index_=17, acc=0.35, time=0.5203063488006592
16-06-2022 21:32:10|INFO|s09|10-CV=0.51000|STD=0.11576|Time spend=5.808839559555054
16-06-2022 21:32:11|INFO|Running Segment-First
16-06-2022 21:32:11|INFO|X.shape=(200, 160), y.shape=(200,), groups.shape=(200,)
16-06-2022 21:32:11|INFO|Is groups None: False 
16-06-2022 21:32:12|INFO|1/10|grid.best_params_={'C': 10000.0, 'gamma': 1e-05, 'kernel': 'rbf', 'max_iter': 1000}, grid.best_score_=0.6722222222222222, grid.best_index_=23, acc=0.5, time=0.49037885665893555
16-06-2022 21:32:12|INFO|Is groups None: False 
16-06-2022 21:32:12|INFO|2/10|grid.best_params_={'C': 10000.0, 'gamma': 1e-05, 'kernel': 'rbf', 'max_iter': 1000}, grid.best_score_=0.6888888888888889, grid.best_index_=23, acc=0.75, time=0.507798433303833
16-06-2022 21:32:12|INFO|Is groups None: False 
16-06-2022 21:32:13|INFO|3/10|grid.best_params_={'C': 1000000.0, 'gamma': 1e-05, 'kernel': 'rbf', 'max_iter': 1000}, grid.best_score_=0.6944444444444444, grid.best_index_=30, acc=0.55, time=0.5047287940979004
16-06-2022 21:32:13|INFO|Is groups None: False 
16-06-2022 21:32:13|INFO|4/10|grid.best_params_={'C': 10000000000.0, 'gamma': 1e-09, 'kernel': 'rbf', 'max_iter': 1000}, grid.best_score_=0.6444444444444444, grid.best_index_=42, acc=0.55, time=0.519340991973877
16-06-2022 21:32:13|INFO|Is groups None: False 
16-06-2022 21:32:14|INFO|5/10|grid.best_params_={'C': 10000000000.0, 'gamma': 1e-09, 'kernel': 'rbf', 'max_iter': 1000}, grid.best_score_=0.6555555555555554, grid.best_index_=42, acc=0.55, time=0.494553804397583
16-06-2022 21:32:14|INFO|Is groups None: False 
16-06-2022 21:32:14|INFO|6/10|grid.best_params_={'C': 1000000.0, 'gamma': 1e-07, 'kernel': 'rbf', 'max_iter': 1000}, grid.best_score_=0.6555555555555556, grid.best_index_=29, acc=0.7, time=0.49862051010131836
16-06-2022 21:32:14|INFO|Is groups None: False 
16-06-2022 21:32:15|INFO|7/10|grid.best_params_={'C': 100.0, 'gamma': 0.001, 'kernel': 'rbf', 'max_iter': 1000}, grid.best_score_=0.6277777777777778, grid.best_index_=17, acc=0.6, time=0.5262711048126221
16-06-2022 21:32:15|INFO|Is groups None: False 
16-06-2022 21:32:15|INFO|8/10|grid.best_params_={'C': 10000.0, 'gamma': 1e-05, 'kernel': 'rbf', 'max_iter': 1000}, grid.best_score_=0.65, grid.best_index_=23, acc=0.5, time=0.5474693775177002
16-06-2022 21:32:15|INFO|Is groups None: False 
16-06-2022 21:32:16|INFO|9/10|grid.best_params_={'C': 10000000000.0, 'gamma': 1e-09, 'kernel': 'rbf', 'max_iter': 1000}, grid.best_score_=0.6111111111111112, grid.best_index_=42, acc=0.6, time=0.522148609161377
16-06-2022 21:32:16|INFO|Is groups None: False 
16-06-2022 21:32:16|INFO|10/10|grid.best_params_={'C': 100000000.0, 'gamma': 1e-07, 'kernel': 'rbf', 'max_iter': 1000}, grid.best_score_=0.6055555555555556, grid.best_index_=36, acc=0.6, time=0.5104618072509766
16-06-2022 21:32:16|INFO|s10|10-CV=0.59000|STD=0.07681|Time spend=5.7981486320495605
16-06-2022 21:32:17|INFO|Running Segment-First
16-06-2022 21:32:17|INFO|X.shape=(200, 160), y.shape=(200,), groups.shape=(200,)
16-06-2022 21:32:17|INFO|Is groups None: False 
16-06-2022 21:32:17|INFO|1/10|grid.best_params_={'C': 10000000000.0, 'gamma': 1e-07, 'kernel': 'rbf', 'max_iter': 1000}, grid.best_score_=0.6499999999999999, grid.best_index_=43, acc=0.15, time=0.5075879096984863
16-06-2022 21:32:17|INFO|Is groups None: False 
16-06-2022 21:32:18|INFO|2/10|grid.best_params_={'C': 1.0, 'gamma': 0.1, 'kernel': 'rbf', 'max_iter': 1000}, grid.best_score_=0.65, grid.best_index_=11, acc=0.65, time=0.4968600273132324
16-06-2022 21:32:18|INFO|Is groups None: False 
16-06-2022 21:32:18|INFO|3/10|grid.best_params_={'C': 1.0, 'gamma': 0.1, 'kernel': 'rbf', 'max_iter': 1000}, grid.best_score_=0.6666666666666666, grid.best_index_=11, acc=0.5, time=0.5064296722412109
16-06-2022 21:32:18|INFO|Is groups None: False 
16-06-2022 21:32:19|INFO|4/10|grid.best_params_={'C': 1.0, 'gamma': 0.1, 'kernel': 'rbf', 'max_iter': 1000}, grid.best_score_=0.6611111111111111, grid.best_index_=11, acc=0.65, time=0.5271930694580078
16-06-2022 21:32:19|INFO|Is groups None: False 
16-06-2022 21:32:19|INFO|5/10|grid.best_params_={'C': 1.0, 'gamma': 0.1, 'kernel': 'rbf', 'max_iter': 1000}, grid.best_score_=0.6777777777777778, grid.best_index_=11, acc=0.5, time=0.5141408443450928
16-06-2022 21:32:19|INFO|Is groups None: False 
16-06-2022 21:32:20|INFO|6/10|grid.best_params_={'C': 1.0, 'gamma': 0.1, 'kernel': 'rbf', 'max_iter': 1000}, grid.best_score_=0.6555555555555556, grid.best_index_=11, acc=0.55, time=0.49106740951538086
16-06-2022 21:32:20|INFO|Is groups None: False 
16-06-2022 21:32:20|INFO|7/10|grid.best_params_={'C': 1.0, 'gamma': 0.1, 'kernel': 'rbf', 'max_iter': 1000}, grid.best_score_=0.6333333333333333, grid.best_index_=11, acc=0.8, time=0.4989292621612549
16-06-2022 21:32:20|INFO|Is groups None: False 
16-06-2022 21:32:21|INFO|8/10|grid.best_params_={'C': 0.01, 'gamma': 1e-09, 'kernel': 'rbf', 'max_iter': 1000}, grid.best_score_=0.6388888888888888, grid.best_index_=0, acc=0.5, time=0.497861385345459
16-06-2022 21:32:21|INFO|Is groups None: False 
16-06-2022 21:32:21|INFO|9/10|grid.best_params_={'C': 10000.0, 'gamma': 0.001, 'kernel': 'rbf', 'max_iter': 1000}, grid.best_score_=0.6777777777777778, grid.best_index_=24, acc=0.5, time=0.501168966293335
16-06-2022 21:32:21|INFO|Is groups None: False 
16-06-2022 21:32:22|INFO|10/10|grid.best_params_={'C': 10000.0, 'gamma': 0.001, 'kernel': 'rbf', 'max_iter': 1000}, grid.best_score_=0.6444444444444445, grid.best_index_=24, acc=0.6, time=0.49314355850219727
16-06-2022 21:32:22|INFO|s11|10-CV=0.54000|STD=0.15937|Time spend=5.709493398666382
16-06-2022 21:32:23|INFO|Running Segment-First
16-06-2022 21:32:23|INFO|X.shape=(200, 160), y.shape=(200,), groups.shape=(200,)
16-06-2022 21:32:23|INFO|Is groups None: False 
16-06-2022 21:32:23|INFO|1/10|grid.best_params_={'C': 0.01, 'gamma': 1e-09, 'kernel': 'rbf', 'max_iter': 1000}, grid.best_score_=0.8333333333333334, grid.best_index_=0, acc=0.75, time=0.458601713180542
16-06-2022 21:32:23|INFO|Is groups None: False 
16-06-2022 21:32:24|INFO|2/10|grid.best_params_={'C': 0.01, 'gamma': 1e-09, 'kernel': 'rbf', 'max_iter': 1000}, grid.best_score_=0.8333333333333334, grid.best_index_=0, acc=0.75, time=0.46633458137512207
16-06-2022 21:32:24|INFO|Is groups None: False 
16-06-2022 21:32:24|INFO|3/10|grid.best_params_={'C': 0.01, 'gamma': 1e-09, 'kernel': 'rbf', 'max_iter': 1000}, grid.best_score_=0.8333333333333334, grid.best_index_=0, acc=0.75, time=0.46030449867248535
16-06-2022 21:32:24|INFO|Is groups None: False 
16-06-2022 21:32:24|INFO|4/10|grid.best_params_={'C': 0.01, 'gamma': 1e-09, 'kernel': 'rbf', 'max_iter': 1000}, grid.best_score_=0.8333333333333334, grid.best_index_=0, acc=0.75, time=0.46814632415771484
16-06-2022 21:32:24|INFO|Is groups None: False 
16-06-2022 21:32:25|INFO|5/10|grid.best_params_={'C': 0.01, 'gamma': 1e-09, 'kernel': 'rbf', 'max_iter': 1000}, grid.best_score_=0.8333333333333334, grid.best_index_=0, acc=0.75, time=0.4493694305419922
16-06-2022 21:32:25|INFO|Is groups None: False 
16-06-2022 21:32:25|INFO|6/10|grid.best_params_={'C': 0.01, 'gamma': 1e-09, 'kernel': 'rbf', 'max_iter': 1000}, grid.best_score_=0.8333333333333334, grid.best_index_=0, acc=0.75, time=0.4768671989440918
16-06-2022 21:32:25|INFO|Is groups None: False 
16-06-2022 21:32:26|INFO|7/10|grid.best_params_={'C': 0.01, 'gamma': 1e-09, 'kernel': 'rbf', 'max_iter': 1000}, grid.best_score_=0.8055555555555556, grid.best_index_=0, acc=1.0, time=0.4787876605987549
16-06-2022 21:32:26|INFO|Is groups None: False 
16-06-2022 21:32:26|INFO|8/10|grid.best_params_={'C': 0.01, 'gamma': 1e-09, 'kernel': 'rbf', 'max_iter': 1000}, grid.best_score_=0.8333333333333334, grid.best_index_=0, acc=0.75, time=0.47835254669189453
16-06-2022 21:32:26|INFO|Is groups None: False 
16-06-2022 21:32:27|INFO|9/10|grid.best_params_={'C': 0.01, 'gamma': 1e-09, 'kernel': 'rbf', 'max_iter': 1000}, grid.best_score_=0.8055555555555556, grid.best_index_=0, acc=1.0, time=0.5041141510009766
16-06-2022 21:32:27|INFO|Is groups None: False 
16-06-2022 21:32:27|INFO|10/10|grid.best_params_={'C': 0.01, 'gamma': 1e-09, 'kernel': 'rbf', 'max_iter': 1000}, grid.best_score_=0.8055555555555556, grid.best_index_=0, acc=1.0, time=0.468886137008667
16-06-2022 21:32:27|INFO|s12|10-CV=0.82500|STD=0.11456|Time spend=5.440715789794922
16-06-2022 21:32:28|INFO|Running Segment-First
16-06-2022 21:32:28|INFO|X.shape=(200, 160), y.shape=(200,), groups.shape=(200,)
16-06-2022 21:32:28|INFO|Is groups None: False 
16-06-2022 21:32:28|INFO|1/10|grid.best_params_={'C': 0.01, 'gamma': 1e-09, 'kernel': 'rbf', 'max_iter': 1000}, grid.best_score_=0.8611111111111112, grid.best_index_=0, acc=0.75, time=0.4312598705291748
16-06-2022 21:32:28|INFO|Is groups None: False 
16-06-2022 21:32:29|INFO|2/10|grid.best_params_={'C': 0.01, 'gamma': 1e-09, 'kernel': 'rbf', 'max_iter': 1000}, grid.best_score_=0.8611111111111112, grid.best_index_=0, acc=0.75, time=0.4530453681945801
16-06-2022 21:32:29|INFO|Is groups None: False 
16-06-2022 21:32:29|INFO|3/10|grid.best_params_={'C': 0.01, 'gamma': 1e-09, 'kernel': 'rbf', 'max_iter': 1000}, grid.best_score_=0.8611111111111112, grid.best_index_=0, acc=0.75, time=0.44585323333740234
16-06-2022 21:32:29|INFO|Is groups None: False 
16-06-2022 21:32:30|INFO|4/10|grid.best_params_={'C': 0.01, 'gamma': 1e-09, 'kernel': 'rbf', 'max_iter': 1000}, grid.best_score_=0.8611111111111112, grid.best_index_=0, acc=0.75, time=0.45050597190856934
16-06-2022 21:32:30|INFO|Is groups None: False 
16-06-2022 21:32:30|INFO|5/10|grid.best_params_={'C': 0.01, 'gamma': 1e-09, 'kernel': 'rbf', 'max_iter': 1000}, grid.best_score_=0.8611111111111112, grid.best_index_=0, acc=0.75, time=0.4417555332183838
16-06-2022 21:32:30|INFO|Is groups None: False 
16-06-2022 21:32:31|INFO|6/10|grid.best_params_={'C': 0.01, 'gamma': 1e-09, 'kernel': 'rbf', 'max_iter': 1000}, grid.best_score_=0.8611111111111112, grid.best_index_=0, acc=0.75, time=0.4698951244354248
16-06-2022 21:32:31|INFO|Is groups None: False 
16-06-2022 21:32:31|INFO|7/10|grid.best_params_={'C': 0.01, 'gamma': 1e-09, 'kernel': 'rbf', 'max_iter': 1000}, grid.best_score_=0.8333333333333334, grid.best_index_=0, acc=1.0, time=0.4647250175476074
16-06-2022 21:32:31|INFO|Is groups None: False 
16-06-2022 21:32:32|INFO|8/10|grid.best_params_={'C': 0.01, 'gamma': 1e-09, 'kernel': 'rbf', 'max_iter': 1000}, grid.best_score_=0.8333333333333334, grid.best_index_=0, acc=1.0, time=0.4365720748901367
16-06-2022 21:32:32|INFO|Is groups None: False 
16-06-2022 21:32:32|INFO|9/10|grid.best_params_={'C': 0.01, 'gamma': 1e-09, 'kernel': 'rbf', 'max_iter': 1000}, grid.best_score_=0.8333333333333334, grid.best_index_=0, acc=1.0, time=0.45305395126342773
16-06-2022 21:32:32|INFO|Is groups None: False 
16-06-2022 21:32:33|INFO|10/10|grid.best_params_={'C': 0.01, 'gamma': 1e-09, 'kernel': 'rbf', 'max_iter': 1000}, grid.best_score_=0.8333333333333334, grid.best_index_=0, acc=1.0, time=0.4608490467071533
16-06-2022 21:32:33|INFO|s13|10-CV=0.85000|STD=0.12247|Time spend=5.166445016860962
16-06-2022 21:32:33|INFO|Running Segment-First
16-06-2022 21:32:33|INFO|X.shape=(200, 160), y.shape=(200,), groups.shape=(200,)
16-06-2022 21:32:33|INFO|Is groups None: False 
16-06-2022 21:32:34|INFO|1/10|grid.best_params_={'C': 0.01, 'gamma': 1e-09, 'kernel': 'rbf', 'max_iter': 1000}, grid.best_score_=0.6666666666666666, grid.best_index_=0, acc=0.75, time=0.4887564182281494
16-06-2022 21:32:34|INFO|Is groups None: False 
16-06-2022 21:32:34|INFO|2/10|grid.best_params_={'C': 1000000.0, 'gamma': 1e-07, 'kernel': 'rbf', 'max_iter': 1000}, grid.best_score_=0.7, grid.best_index_=29, acc=0.55, time=0.5057151317596436
16-06-2022 21:32:34|INFO|Is groups None: False 
16-06-2022 21:32:35|INFO|3/10|grid.best_params_={'C': 100000000.0, 'gamma': 1e-09, 'kernel': 'rbf', 'max_iter': 1000}, grid.best_score_=0.7222222222222222, grid.best_index_=35, acc=0.75, time=0.4887702465057373
16-06-2022 21:32:35|INFO|Is groups None: False 
16-06-2022 21:32:35|INFO|4/10|grid.best_params_={'C': 1000000.0, 'gamma': 1e-07, 'kernel': 'rbf', 'max_iter': 1000}, grid.best_score_=0.7111111111111111, grid.best_index_=29, acc=0.55, time=0.4960052967071533
16-06-2022 21:32:35|INFO|Is groups None: False 
16-06-2022 21:32:36|INFO|5/10|grid.best_params_={'C': 10000.0, 'gamma': 0.001, 'kernel': 'rbf', 'max_iter': 1000}, grid.best_score_=0.7388888888888888, grid.best_index_=24, acc=0.5, time=0.4862799644470215
16-06-2022 21:32:36|INFO|Is groups None: False 
16-06-2022 21:32:36|INFO|6/10|grid.best_params_={'C': 1000000.0, 'gamma': 1e-07, 'kernel': 'rbf', 'max_iter': 1000}, grid.best_score_=0.7000000000000001, grid.best_index_=29, acc=0.55, time=0.484499454498291
16-06-2022 21:32:36|INFO|Is groups None: False 
16-06-2022 21:32:37|INFO|7/10|grid.best_params_={'C': 0.01, 'gamma': 1e-09, 'kernel': 'rbf', 'max_iter': 1000}, grid.best_score_=0.6666666666666666, grid.best_index_=0, acc=0.75, time=0.4875311851501465
16-06-2022 21:32:37|INFO|Is groups None: False 
16-06-2022 21:32:37|INFO|8/10|grid.best_params_={'C': 1000000.0, 'gamma': 1e-07, 'kernel': 'rbf', 'max_iter': 1000}, grid.best_score_=0.7166666666666667, grid.best_index_=29, acc=0.5, time=0.49660515785217285
16-06-2022 21:32:37|INFO|Is groups None: False 
16-06-2022 21:32:38|INFO|9/10|grid.best_params_={'C': 10000.0, 'gamma': 1e-05, 'kernel': 'rbf', 'max_iter': 1000}, grid.best_score_=0.6944444444444444, grid.best_index_=23, acc=0.65, time=0.4909040927886963
16-06-2022 21:32:38|INFO|Is groups None: False 
16-06-2022 21:32:38|INFO|10/10|grid.best_params_={'C': 0.01, 'gamma': 1e-09, 'kernel': 'rbf', 'max_iter': 1000}, grid.best_score_=0.6666666666666666, grid.best_index_=0, acc=0.75, time=0.4901285171508789
16-06-2022 21:32:38|INFO|s14|10-CV=0.63000|STD=0.10536|Time spend=5.589578151702881
16-06-2022 21:32:39|INFO|Running Segment-First
16-06-2022 21:32:39|INFO|X.shape=(200, 160), y.shape=(200,), groups.shape=(200,)
16-06-2022 21:32:39|INFO|Is groups None: False 
16-06-2022 21:32:39|INFO|1/10|grid.best_params_={'C': 1000000.0, 'gamma': 1e-09, 'kernel': 'rbf', 'max_iter': 1000}, grid.best_score_=0.6277777777777778, grid.best_index_=28, acc=0.45, time=0.5017013549804688
16-06-2022 21:32:39|INFO|Is groups None: False 
16-06-2022 21:32:40|INFO|2/10|grid.best_params_={'C': 1.0, 'gamma': 0.001, 'kernel': 'rbf', 'max_iter': 1000}, grid.best_score_=0.5555555555555556, grid.best_index_=10, acc=0.85, time=0.4989440441131592
16-06-2022 21:32:40|INFO|Is groups None: False 
16-06-2022 21:32:40|INFO|3/10|grid.best_params_={'C': 1.0, 'gamma': 0.001, 'kernel': 'rbf', 'max_iter': 1000}, grid.best_score_=0.5833333333333334, grid.best_index_=10, acc=0.65, time=0.5120425224304199
16-06-2022 21:32:40|INFO|Is groups None: False 
16-06-2022 21:32:41|INFO|4/10|grid.best_params_={'C': 1000000.0, 'gamma': 1e-09, 'kernel': 'rbf', 'max_iter': 1000}, grid.best_score_=0.5944444444444444, grid.best_index_=28, acc=0.65, time=0.5149068832397461
16-06-2022 21:32:41|INFO|Is groups None: False 
16-06-2022 21:32:41|INFO|5/10|grid.best_params_={'C': 100.0, 'gamma': 1e-05, 'kernel': 'rbf', 'max_iter': 1000}, grid.best_score_=0.6111111111111112, grid.best_index_=16, acc=0.55, time=0.5639629364013672
16-06-2022 21:32:41|INFO|Is groups None: False 
16-06-2022 21:32:42|INFO|6/10|grid.best_params_={'C': 1000000.0, 'gamma': 1e-09, 'kernel': 'rbf', 'max_iter': 1000}, grid.best_score_=0.6222222222222222, grid.best_index_=28, acc=0.5, time=0.5565125942230225
16-06-2022 21:32:42|INFO|Is groups None: False 
16-06-2022 21:32:42|INFO|7/10|grid.best_params_={'C': 100.0, 'gamma': 1e-05, 'kernel': 'rbf', 'max_iter': 1000}, grid.best_score_=0.6681481481481482, grid.best_index_=16, acc=0.55, time=0.5248672962188721
16-06-2022 21:32:42|INFO|Is groups None: False 
16-06-2022 21:32:43|INFO|8/10|grid.best_params_={'C': 100.0, 'gamma': 0.001, 'kernel': 'rbf', 'max_iter': 1000}, grid.best_score_=0.6555555555555556, grid.best_index_=17, acc=0.5, time=0.5172410011291504
16-06-2022 21:32:43|INFO|Is groups None: False 
16-06-2022 21:32:43|INFO|9/10|grid.best_params_={'C': 1.0, 'gamma': 0.001, 'kernel': 'rbf', 'max_iter': 1000}, grid.best_score_=0.6111111111111112, grid.best_index_=10, acc=0.6, time=0.502946138381958
16-06-2022 21:32:43|INFO|Is groups None: False 
16-06-2022 21:32:44|INFO|10/10|grid.best_params_={'C': 1.0, 'gamma': 0.001, 'kernel': 'rbf', 'max_iter': 1000}, grid.best_score_=0.6000000000000001, grid.best_index_=10, acc=0.55, time=0.5109565258026123
16-06-2022 21:32:44|INFO|s15|10-CV=0.58500|STD=0.10735|Time spend=5.8626368045806885
16-06-2022 21:32:45|INFO|Running Segment-First
16-06-2022 21:32:45|INFO|X.shape=(200, 160), y.shape=(200,), groups.shape=(200,)
16-06-2022 21:32:45|INFO|Is groups None: False 
16-06-2022 21:32:45|INFO|1/10|grid.best_params_={'C': 10000000000.0, 'gamma': 1e-09, 'kernel': 'rbf', 'max_iter': 1000}, grid.best_score_=0.6888888888888889, grid.best_index_=42, acc=0.6, time=0.5162312984466553
16-06-2022 21:32:45|INFO|Is groups None: False 
16-06-2022 21:32:46|INFO|2/10|grid.best_params_={'C': 10000000000.0, 'gamma': 1e-09, 'kernel': 'rbf', 'max_iter': 1000}, grid.best_score_=0.6833333333333333, grid.best_index_=42, acc=1.0, time=0.5150208473205566
16-06-2022 21:32:46|INFO|Is groups None: False 
16-06-2022 21:32:46|INFO|3/10|grid.best_params_={'C': 10000000000.0, 'gamma': 1e-09, 'kernel': 'rbf', 'max_iter': 1000}, grid.best_score_=0.6388888888888888, grid.best_index_=42, acc=0.7, time=0.49379801750183105
16-06-2022 21:32:46|INFO|Is groups None: False 
16-06-2022 21:32:47|INFO|4/10|grid.best_params_={'C': 100000000.0, 'gamma': 1e-09, 'kernel': 'rbf', 'max_iter': 1000}, grid.best_score_=0.6555555555555556, grid.best_index_=35, acc=0.85, time=0.5269894599914551
16-06-2022 21:32:47|INFO|Is groups None: False 
16-06-2022 21:32:47|INFO|5/10|grid.best_params_={'C': 100000000.0, 'gamma': 1e-09, 'kernel': 'rbf', 'max_iter': 1000}, grid.best_score_=0.6944444444444444, grid.best_index_=35, acc=0.5, time=0.5101382732391357
16-06-2022 21:32:47|INFO|Is groups None: False 
16-06-2022 21:32:48|INFO|6/10|grid.best_params_={'C': 100000000.0, 'gamma': 1e-09, 'kernel': 'rbf', 'max_iter': 1000}, grid.best_score_=0.6444444444444445, grid.best_index_=35, acc=0.75, time=0.49630117416381836
16-06-2022 21:32:48|INFO|Is groups None: False 
16-06-2022 21:32:48|INFO|7/10|grid.best_params_={'C': 100000000.0, 'gamma': 1e-09, 'kernel': 'rbf', 'max_iter': 1000}, grid.best_score_=0.661111111111111, grid.best_index_=35, acc=0.8, time=0.48944973945617676
16-06-2022 21:32:48|INFO|Is groups None: False 
16-06-2022 21:32:49|INFO|8/10|grid.best_params_={'C': 100000000.0, 'gamma': 1e-09, 'kernel': 'rbf', 'max_iter': 1000}, grid.best_score_=0.7055555555555555, grid.best_index_=35, acc=0.65, time=0.5021822452545166
16-06-2022 21:32:49|INFO|Is groups None: False 
16-06-2022 21:32:49|INFO|9/10|grid.best_params_={'C': 100000000.0, 'gamma': 1e-09, 'kernel': 'rbf', 'max_iter': 1000}, grid.best_score_=0.7166666666666668, grid.best_index_=35, acc=0.75, time=0.48663926124572754
16-06-2022 21:32:49|INFO|Is groups None: False 
16-06-2022 21:32:50|INFO|10/10|grid.best_params_={'C': 1000000.0, 'gamma': 1e-09, 'kernel': 'rbf', 'max_iter': 1000}, grid.best_score_=0.6888888888888889, grid.best_index_=28, acc=0.5, time=0.49056339263916016
16-06-2022 21:32:50|INFO|s16|10-CV=0.71000|STD=0.14799|Time spend=5.695431232452393
16-06-2022 21:32:50|INFO|Running Segment-First
16-06-2022 21:32:50|INFO|X.shape=(200, 160), y.shape=(200,), groups.shape=(200,)
16-06-2022 21:32:50|INFO|Is groups None: False 
16-06-2022 21:32:51|INFO|1/10|grid.best_params_={'C': 100.0, 'gamma': 1e-05, 'kernel': 'rbf', 'max_iter': 1000}, grid.best_score_=0.7166666666666667, grid.best_index_=16, acc=0.7, time=0.4858381748199463
16-06-2022 21:32:51|INFO|Is groups None: False 
16-06-2022 21:32:51|INFO|2/10|grid.best_params_={'C': 1000000.0, 'gamma': 1e-09, 'kernel': 'rbf', 'max_iter': 1000}, grid.best_score_=0.6611111111111112, grid.best_index_=28, acc=0.8, time=0.5188851356506348
16-06-2022 21:32:51|INFO|Is groups None: False 
16-06-2022 21:32:52|INFO|3/10|grid.best_params_={'C': 100.0, 'gamma': 1e-05, 'kernel': 'rbf', 'max_iter': 1000}, grid.best_score_=0.7166666666666668, grid.best_index_=16, acc=0.5, time=0.4943411350250244
16-06-2022 21:32:52|INFO|Is groups None: False 
16-06-2022 21:32:52|INFO|4/10|grid.best_params_={'C': 10000000000.0, 'gamma': 1e-09, 'kernel': 'rbf', 'max_iter': 1000}, grid.best_score_=0.6833333333333332, grid.best_index_=42, acc=0.7, time=0.49687981605529785
16-06-2022 21:32:52|INFO|Is groups None: False 
16-06-2022 21:32:53|INFO|5/10|grid.best_params_={'C': 1.0, 'gamma': 0.001, 'kernel': 'rbf', 'max_iter': 1000}, grid.best_score_=0.7388888888888889, grid.best_index_=10, acc=0.55, time=0.4942905902862549
16-06-2022 21:32:53|INFO|Is groups None: False 
16-06-2022 21:32:53|INFO|6/10|grid.best_params_={'C': 100.0, 'gamma': 1e-05, 'kernel': 'rbf', 'max_iter': 1000}, grid.best_score_=0.6722222222222223, grid.best_index_=16, acc=0.6, time=0.4975595474243164
16-06-2022 21:32:53|INFO|Is groups None: False 
16-06-2022 21:32:54|INFO|7/10|grid.best_params_={'C': 100.0, 'gamma': 1e-05, 'kernel': 'rbf', 'max_iter': 1000}, grid.best_score_=0.6944444444444444, grid.best_index_=16, acc=0.65, time=0.5010557174682617
16-06-2022 21:32:54|INFO|Is groups None: False 
16-06-2022 21:32:54|INFO|8/10|grid.best_params_={'C': 10000000000.0, 'gamma': 1e-09, 'kernel': 'rbf', 'max_iter': 1000}, grid.best_score_=0.6888888888888889, grid.best_index_=42, acc=0.5, time=0.4911518096923828
16-06-2022 21:32:54|INFO|Is groups None: False 
16-06-2022 21:32:55|INFO|9/10|grid.best_params_={'C': 100000000.0, 'gamma': 1e-09, 'kernel': 'rbf', 'max_iter': 1000}, grid.best_score_=0.6833333333333332, grid.best_index_=35, acc=0.8, time=0.48145103454589844
16-06-2022 21:32:55|INFO|Is groups None: False 
16-06-2022 21:32:55|INFO|10/10|grid.best_params_={'C': 1000000.0, 'gamma': 1e-09, 'kernel': 'rbf', 'max_iter': 1000}, grid.best_score_=0.6888888888888889, grid.best_index_=28, acc=0.85, time=0.5229091644287109
16-06-2022 21:32:55|INFO|s17|10-CV=0.66500|STD=0.12052|Time spend=5.672819375991821
16-06-2022 21:32:56|INFO|Running Segment-First
16-06-2022 21:32:56|INFO|X.shape=(200, 160), y.shape=(200,), groups.shape=(200,)
16-06-2022 21:32:56|INFO|Is groups None: False 
16-06-2022 21:32:56|INFO|1/10|grid.best_params_={'C': 0.01, 'gamma': 1e-09, 'kernel': 'rbf', 'max_iter': 1000}, grid.best_score_=0.6111111111111112, grid.best_index_=0, acc=0.75, time=0.52659010887146
16-06-2022 21:32:56|INFO|Is groups None: False 
16-06-2022 21:32:57|INFO|2/10|grid.best_params_={'C': 0.01, 'gamma': 1e-09, 'kernel': 'rbf', 'max_iter': 1000}, grid.best_score_=0.6388888888888888, grid.best_index_=0, acc=0.5, time=0.5002837181091309
16-06-2022 21:32:57|INFO|Is groups None: False 
16-06-2022 21:32:58|INFO|3/10|grid.best_params_={'C': 0.01, 'gamma': 1e-09, 'kernel': 'rbf', 'max_iter': 1000}, grid.best_score_=0.6111111111111112, grid.best_index_=0, acc=0.75, time=0.5057218074798584
16-06-2022 21:32:58|INFO|Is groups None: False 
16-06-2022 21:32:58|INFO|4/10|grid.best_params_={'C': 0.01, 'gamma': 1e-09, 'kernel': 'rbf', 'max_iter': 1000}, grid.best_score_=0.6111111111111112, grid.best_index_=0, acc=0.75, time=0.5010747909545898
16-06-2022 21:32:58|INFO|Is groups None: False 
16-06-2022 21:32:59|INFO|5/10|grid.best_params_={'C': 0.01, 'gamma': 1e-09, 'kernel': 'rbf', 'max_iter': 1000}, grid.best_score_=0.6388888888888888, grid.best_index_=0, acc=0.5, time=0.49848031997680664
16-06-2022 21:32:59|INFO|Is groups None: False 
16-06-2022 21:32:59|INFO|6/10|grid.best_params_={'C': 0.01, 'gamma': 1e-09, 'kernel': 'rbf', 'max_iter': 1000}, grid.best_score_=0.6111111111111112, grid.best_index_=0, acc=0.75, time=0.5038387775421143
16-06-2022 21:32:59|INFO|Is groups None: False 
16-06-2022 21:33:00|INFO|7/10|grid.best_params_={'C': 0.01, 'gamma': 1e-09, 'kernel': 'rbf', 'max_iter': 1000}, grid.best_score_=0.6388888888888888, grid.best_index_=0, acc=0.5, time=0.49636220932006836
16-06-2022 21:33:00|INFO|Is groups None: False 
16-06-2022 21:33:00|INFO|8/10|grid.best_params_={'C': 0.01, 'gamma': 1e-09, 'kernel': 'rbf', 'max_iter': 1000}, grid.best_score_=0.6388888888888888, grid.best_index_=0, acc=0.5, time=0.5007913112640381
16-06-2022 21:33:00|INFO|Is groups None: False 
16-06-2022 21:33:01|INFO|9/10|grid.best_params_={'C': 0.01, 'gamma': 1e-09, 'kernel': 'rbf', 'max_iter': 1000}, grid.best_score_=0.6388888888888888, grid.best_index_=0, acc=0.5, time=0.594820499420166
16-06-2022 21:33:01|INFO|Is groups None: False 
16-06-2022 21:33:01|INFO|10/10|grid.best_params_={'C': 10000.0, 'gamma': 1e-07, 'kernel': 'rbf', 'max_iter': 1000}, grid.best_score_=0.6166666666666667, grid.best_index_=22, acc=0.75, time=0.5047259330749512
16-06-2022 21:33:01|INFO|s18|10-CV=0.62500|STD=0.12500|Time spend=5.803724050521851
16-06-2022 21:33:02|INFO|Running Segment-First
16-06-2022 21:33:02|INFO|X.shape=(200, 160), y.shape=(200,), groups.shape=(200,)
16-06-2022 21:33:02|INFO|Is groups None: False 
16-06-2022 21:33:02|INFO|1/10|grid.best_params_={'C': 0.01, 'gamma': 1e-09, 'kernel': 'rbf', 'max_iter': 1000}, grid.best_score_=0.6666666666666666, grid.best_index_=0, acc=0.75, time=0.500920295715332
16-06-2022 21:33:02|INFO|Is groups None: False 
16-06-2022 21:33:03|INFO|2/10|grid.best_params_={'C': 0.01, 'gamma': 1e-09, 'kernel': 'rbf', 'max_iter': 1000}, grid.best_score_=0.6666666666666666, grid.best_index_=0, acc=0.75, time=0.4900550842285156
16-06-2022 21:33:03|INFO|Is groups None: False 
16-06-2022 21:33:03|INFO|3/10|grid.best_params_={'C': 0.01, 'gamma': 1e-09, 'kernel': 'rbf', 'max_iter': 1000}, grid.best_score_=0.6666666666666666, grid.best_index_=0, acc=0.75, time=0.4783141613006592
16-06-2022 21:33:03|INFO|Is groups None: False 
16-06-2022 21:33:04|INFO|4/10|grid.best_params_={'C': 0.01, 'gamma': 1e-09, 'kernel': 'rbf', 'max_iter': 1000}, grid.best_score_=0.6944444444444444, grid.best_index_=0, acc=0.5, time=0.48381829261779785
16-06-2022 21:33:04|INFO|Is groups None: False 
16-06-2022 21:33:04|INFO|5/10|grid.best_params_={'C': 0.01, 'gamma': 1e-09, 'kernel': 'rbf', 'max_iter': 1000}, grid.best_score_=0.6666666666666666, grid.best_index_=0, acc=0.75, time=0.4882059097290039
16-06-2022 21:33:04|INFO|Is groups None: False 
16-06-2022 21:33:05|INFO|6/10|grid.best_params_={'C': 0.01, 'gamma': 1e-09, 'kernel': 'rbf', 'max_iter': 1000}, grid.best_score_=0.6944444444444444, grid.best_index_=0, acc=0.5, time=0.48372530937194824
16-06-2022 21:33:05|INFO|Is groups None: False 
16-06-2022 21:33:05|INFO|7/10|grid.best_params_={'C': 0.01, 'gamma': 1e-09, 'kernel': 'rbf', 'max_iter': 1000}, grid.best_score_=0.6944444444444444, grid.best_index_=0, acc=0.5, time=0.48023176193237305
16-06-2022 21:33:05|INFO|Is groups None: False 
16-06-2022 21:33:06|INFO|8/10|grid.best_params_={'C': 0.01, 'gamma': 1e-09, 'kernel': 'rbf', 'max_iter': 1000}, grid.best_score_=0.6666666666666666, grid.best_index_=0, acc=0.75, time=0.5417962074279785
16-06-2022 21:33:06|INFO|Is groups None: False 
16-06-2022 21:33:06|INFO|9/10|grid.best_params_={'C': 0.01, 'gamma': 1e-09, 'kernel': 'rbf', 'max_iter': 1000}, grid.best_score_=0.6666666666666666, grid.best_index_=0, acc=0.75, time=0.48212647438049316
16-06-2022 21:33:06|INFO|Is groups None: False 
16-06-2022 21:33:07|INFO|10/10|grid.best_params_={'C': 0.01, 'gamma': 1e-09, 'kernel': 'rbf', 'max_iter': 1000}, grid.best_score_=0.6666666666666666, grid.best_index_=0, acc=0.75, time=0.4947621822357178
16-06-2022 21:33:07|INFO|s19|10-CV=0.67500|STD=0.11456|Time spend=5.593612432479858
16-06-2022 21:33:07|INFO|Running Segment-First
16-06-2022 21:33:07|INFO|X.shape=(200, 160), y.shape=(200,), groups.shape=(200,)
16-06-2022 21:33:07|INFO|Is groups None: False 
16-06-2022 21:33:08|INFO|1/10|grid.best_params_={'C': 0.01, 'gamma': 1e-09, 'kernel': 'rbf', 'max_iter': 1000}, grid.best_score_=0.7777777777777778, grid.best_index_=0, acc=0.75, time=0.4912600517272949
16-06-2022 21:33:08|INFO|Is groups None: False 
16-06-2022 21:33:08|INFO|2/10|grid.best_params_={'C': 0.01, 'gamma': 1e-09, 'kernel': 'rbf', 'max_iter': 1000}, grid.best_score_=0.7777777777777778, grid.best_index_=0, acc=0.75, time=0.48696064949035645
16-06-2022 21:33:08|INFO|Is groups None: False 
16-06-2022 21:33:09|INFO|3/10|grid.best_params_={'C': 0.01, 'gamma': 1e-09, 'kernel': 'rbf', 'max_iter': 1000}, grid.best_score_=0.7777777777777778, grid.best_index_=0, acc=0.75, time=0.49120211601257324
16-06-2022 21:33:09|INFO|Is groups None: False 
16-06-2022 21:33:09|INFO|4/10|grid.best_params_={'C': 0.01, 'gamma': 1e-09, 'kernel': 'rbf', 'max_iter': 1000}, grid.best_score_=0.7777777777777778, grid.best_index_=0, acc=0.75, time=0.5157899856567383
16-06-2022 21:33:09|INFO|Is groups None: False 
16-06-2022 21:33:10|INFO|5/10|grid.best_params_={'C': 0.01, 'gamma': 1e-09, 'kernel': 'rbf', 'max_iter': 1000}, grid.best_score_=0.7777777777777778, grid.best_index_=0, acc=0.75, time=0.4917182922363281
16-06-2022 21:33:10|INFO|Is groups None: False 
16-06-2022 21:33:10|INFO|6/10|grid.best_params_={'C': 0.01, 'gamma': 1e-09, 'kernel': 'rbf', 'max_iter': 1000}, grid.best_score_=0.7777777777777778, grid.best_index_=0, acc=0.75, time=0.46036362648010254
16-06-2022 21:33:10|INFO|Is groups None: False 
16-06-2022 21:33:11|INFO|7/10|grid.best_params_={'C': 0.01, 'gamma': 1e-09, 'kernel': 'rbf', 'max_iter': 1000}, grid.best_score_=0.7777777777777778, grid.best_index_=0, acc=0.75, time=0.4903371334075928
16-06-2022 21:33:11|INFO|Is groups None: False 
16-06-2022 21:33:11|INFO|8/10|grid.best_params_={'C': 0.01, 'gamma': 1e-09, 'kernel': 'rbf', 'max_iter': 1000}, grid.best_score_=0.7777777777777778, grid.best_index_=0, acc=0.75, time=0.49224305152893066
16-06-2022 21:33:11|INFO|Is groups None: False 
16-06-2022 21:33:12|INFO|9/10|grid.best_params_={'C': 10000.0, 'gamma': 1e-05, 'kernel': 'rbf', 'max_iter': 1000}, grid.best_score_=0.7611111111111111, grid.best_index_=23, acc=0.65, time=0.4794802665710449
16-06-2022 21:33:12|INFO|Is groups None: False 
16-06-2022 21:33:12|INFO|10/10|grid.best_params_={'C': 0.01, 'gamma': 1e-09, 'kernel': 'rbf', 'max_iter': 1000}, grid.best_score_=0.7777777777777778, grid.best_index_=0, acc=0.75, time=0.4732058048248291
16-06-2022 21:33:12|INFO|s20|10-CV=0.74000|STD=0.03000|Time spend=5.530466079711914
16-06-2022 21:33:13|INFO|Running Segment-First
16-06-2022 21:33:13|INFO|X.shape=(200, 160), y.shape=(200,), groups.shape=(200,)
16-06-2022 21:33:13|INFO|Is groups None: False 
16-06-2022 21:33:13|INFO|1/10|grid.best_params_={'C': 0.01, 'gamma': 1e-09, 'kernel': 'rbf', 'max_iter': 1000}, grid.best_score_=0.8055555555555556, grid.best_index_=0, acc=0.75, time=0.46874451637268066
16-06-2022 21:33:13|INFO|Is groups None: False 
16-06-2022 21:33:14|INFO|2/10|grid.best_params_={'C': 0.01, 'gamma': 1e-09, 'kernel': 'rbf', 'max_iter': 1000}, grid.best_score_=0.8055555555555556, grid.best_index_=0, acc=0.75, time=0.4761848449707031
16-06-2022 21:33:14|INFO|Is groups None: False 
16-06-2022 21:33:14|INFO|3/10|grid.best_params_={'C': 0.01, 'gamma': 1e-09, 'kernel': 'rbf', 'max_iter': 1000}, grid.best_score_=0.8055555555555556, grid.best_index_=0, acc=0.75, time=0.45887136459350586
16-06-2022 21:33:14|INFO|Is groups None: False 
16-06-2022 21:33:15|INFO|4/10|grid.best_params_={'C': 0.01, 'gamma': 1e-09, 'kernel': 'rbf', 'max_iter': 1000}, grid.best_score_=0.8055555555555556, grid.best_index_=0, acc=0.75, time=0.48450303077697754
16-06-2022 21:33:15|INFO|Is groups None: False 
16-06-2022 21:33:15|INFO|5/10|grid.best_params_={'C': 0.01, 'gamma': 1e-09, 'kernel': 'rbf', 'max_iter': 1000}, grid.best_score_=0.8055555555555556, grid.best_index_=0, acc=0.75, time=0.48652195930480957
16-06-2022 21:33:15|INFO|Is groups None: False 
16-06-2022 21:33:16|INFO|6/10|grid.best_params_={'C': 0.01, 'gamma': 1e-09, 'kernel': 'rbf', 'max_iter': 1000}, grid.best_score_=0.8055555555555556, grid.best_index_=0, acc=0.75, time=0.48896121978759766
16-06-2022 21:33:16|INFO|Is groups None: False 
16-06-2022 21:33:16|INFO|7/10|grid.best_params_={'C': 0.01, 'gamma': 1e-09, 'kernel': 'rbf', 'max_iter': 1000}, grid.best_score_=0.8055555555555556, grid.best_index_=0, acc=0.75, time=0.47039175033569336
16-06-2022 21:33:16|INFO|Is groups None: False 
16-06-2022 21:33:17|INFO|8/10|grid.best_params_={'C': 0.01, 'gamma': 1e-09, 'kernel': 'rbf', 'max_iter': 1000}, grid.best_score_=0.7777777777777778, grid.best_index_=0, acc=1.0, time=0.49248838424682617
16-06-2022 21:33:17|INFO|Is groups None: False 
16-06-2022 21:33:17|INFO|9/10|grid.best_params_={'C': 0.01, 'gamma': 1e-09, 'kernel': 'rbf', 'max_iter': 1000}, grid.best_score_=0.7777777777777778, grid.best_index_=0, acc=1.0, time=0.48438358306884766
16-06-2022 21:33:17|INFO|Is groups None: False 
16-06-2022 21:33:18|INFO|10/10|grid.best_params_={'C': 0.01, 'gamma': 1e-09, 'kernel': 'rbf', 'max_iter': 1000}, grid.best_score_=0.8055555555555556, grid.best_index_=0, acc=0.75, time=0.45777297019958496
16-06-2022 21:33:18|INFO|s21|10-CV=0.80000|STD=0.10000|Time spend=5.422930002212524
16-06-2022 21:33:18|INFO|Running Segment-First
16-06-2022 21:33:18|INFO|X.shape=(200, 160), y.shape=(200,), groups.shape=(200,)
16-06-2022 21:33:18|INFO|Is groups None: False 
16-06-2022 21:33:19|INFO|1/10|grid.best_params_={'C': 100.0, 'gamma': 0.1, 'kernel': 'rbf', 'max_iter': 1000}, grid.best_score_=0.6444444444444444, grid.best_index_=18, acc=0.3, time=0.5088515281677246
16-06-2022 21:33:19|INFO|Is groups None: False 
16-06-2022 21:33:19|INFO|2/10|grid.best_params_={'C': 100.0, 'gamma': 0.1, 'kernel': 'rbf', 'max_iter': 1000}, grid.best_score_=0.6388888888888888, grid.best_index_=18, acc=0.55, time=0.500835657119751
16-06-2022 21:33:19|INFO|Is groups None: False 
16-06-2022 21:33:20|INFO|3/10|grid.best_params_={'C': 0.01, 'gamma': 1e-09, 'kernel': 'rbf', 'max_iter': 1000}, grid.best_score_=0.5833333333333334, grid.best_index_=0, acc=0.75, time=0.5027375221252441
16-06-2022 21:33:20|INFO|Is groups None: False 
16-06-2022 21:33:20|INFO|4/10|grid.best_params_={'C': 10000.0, 'gamma': 1e-05, 'kernel': 'rbf', 'max_iter': 1000}, grid.best_score_=0.6388888888888888, grid.best_index_=23, acc=0.75, time=0.5676400661468506
16-06-2022 21:33:20|INFO|Is groups None: False 
16-06-2022 21:33:21|INFO|5/10|grid.best_params_={'C': 10000.0, 'gamma': 1e-05, 'kernel': 'rbf', 'max_iter': 1000}, grid.best_score_=0.7, grid.best_index_=23, acc=0.45, time=0.5261232852935791
16-06-2022 21:33:21|INFO|Is groups None: False 
16-06-2022 21:33:21|INFO|6/10|grid.best_params_={'C': 1000000.0, 'gamma': 1e-07, 'kernel': 'rbf', 'max_iter': 1000}, grid.best_score_=0.6166666666666667, grid.best_index_=29, acc=0.65, time=0.5017187595367432
16-06-2022 21:33:21|INFO|Is groups None: False 
16-06-2022 21:33:22|INFO|7/10|grid.best_params_={'C': 1000000.0, 'gamma': 1e-07, 'kernel': 'rbf', 'max_iter': 1000}, grid.best_score_=0.6555555555555556, grid.best_index_=29, acc=0.45, time=0.5108785629272461
16-06-2022 21:33:22|INFO|Is groups None: False 
16-06-2022 21:33:22|INFO|8/10|grid.best_params_={'C': 1000000.0, 'gamma': 1e-07, 'kernel': 'rbf', 'max_iter': 1000}, grid.best_score_=0.6000000000000001, grid.best_index_=29, acc=0.95, time=0.5066878795623779
16-06-2022 21:33:22|INFO|Is groups None: False 
16-06-2022 21:33:23|INFO|9/10|grid.best_params_={'C': 1000000.0, 'gamma': 1e-07, 'kernel': 'rbf', 'max_iter': 1000}, grid.best_score_=0.6722222222222222, grid.best_index_=29, acc=0.55, time=0.51589035987854
16-06-2022 21:33:23|INFO|Is groups None: False 
16-06-2022 21:33:24|INFO|10/10|grid.best_params_={'C': 1000000.0, 'gamma': 1e-07, 'kernel': 'rbf', 'max_iter': 1000}, grid.best_score_=0.6333333333333333, grid.best_index_=29, acc=0.75, time=0.5106155872344971
16-06-2022 21:33:24|INFO|s22|10-CV=0.61500|STD=0.18173|Time spend=5.829801082611084
16-06-2022 21:33:24|INFO|Running Segment-First
16-06-2022 21:33:24|INFO|X.shape=(200, 160), y.shape=(200,), groups.shape=(200,)
16-06-2022 21:33:24|INFO|Is groups None: False 
16-06-2022 21:33:25|INFO|1/10|grid.best_params_={'C': 0.01, 'gamma': 1e-09, 'kernel': 'rbf', 'max_iter': 1000}, grid.best_score_=0.75, grid.best_index_=0, acc=0.75, time=0.47527480125427246
16-06-2022 21:33:25|INFO|Is groups None: False 
16-06-2022 21:33:25|INFO|2/10|grid.best_params_={'C': 0.01, 'gamma': 1e-09, 'kernel': 'rbf', 'max_iter': 1000}, grid.best_score_=0.75, grid.best_index_=0, acc=0.75, time=0.49582982063293457
16-06-2022 21:33:25|INFO|Is groups None: False 
16-06-2022 21:33:26|INFO|3/10|grid.best_params_={'C': 0.01, 'gamma': 1e-09, 'kernel': 'rbf', 'max_iter': 1000}, grid.best_score_=0.75, grid.best_index_=0, acc=0.75, time=0.4738032817840576
16-06-2022 21:33:26|INFO|Is groups None: False 
16-06-2022 21:33:26|INFO|4/10|grid.best_params_={'C': 0.01, 'gamma': 1e-09, 'kernel': 'rbf', 'max_iter': 1000}, grid.best_score_=0.75, grid.best_index_=0, acc=0.75, time=0.49001121520996094
16-06-2022 21:33:26|INFO|Is groups None: False 
16-06-2022 21:33:27|INFO|5/10|grid.best_params_={'C': 0.01, 'gamma': 1e-09, 'kernel': 'rbf', 'max_iter': 1000}, grid.best_score_=0.75, grid.best_index_=0, acc=0.75, time=0.47589111328125
16-06-2022 21:33:27|INFO|Is groups None: False 
16-06-2022 21:33:27|INFO|6/10|grid.best_params_={'C': 0.01, 'gamma': 1e-09, 'kernel': 'rbf', 'max_iter': 1000}, grid.best_score_=0.75, grid.best_index_=0, acc=0.75, time=0.48607683181762695
16-06-2022 21:33:27|INFO|Is groups None: False 
16-06-2022 21:33:28|INFO|7/10|grid.best_params_={'C': 0.01, 'gamma': 1e-09, 'kernel': 'rbf', 'max_iter': 1000}, grid.best_score_=0.75, grid.best_index_=0, acc=0.75, time=0.48317384719848633
16-06-2022 21:33:28|INFO|Is groups None: False 
16-06-2022 21:33:28|INFO|8/10|grid.best_params_={'C': 0.01, 'gamma': 1e-09, 'kernel': 'rbf', 'max_iter': 1000}, grid.best_score_=0.75, grid.best_index_=0, acc=0.75, time=0.4768369197845459
16-06-2022 21:33:28|INFO|Is groups None: False 
16-06-2022 21:33:29|INFO|9/10|grid.best_params_={'C': 0.01, 'gamma': 1e-09, 'kernel': 'rbf', 'max_iter': 1000}, grid.best_score_=0.75, grid.best_index_=0, acc=0.75, time=0.47078585624694824
16-06-2022 21:33:29|INFO|Is groups None: False 
16-06-2022 21:33:29|INFO|10/10|grid.best_params_={'C': 0.01, 'gamma': 1e-09, 'kernel': 'rbf', 'max_iter': 1000}, grid.best_score_=0.75, grid.best_index_=0, acc=0.75, time=0.48310160636901855
16-06-2022 21:33:29|INFO|s23|10-CV=0.75000|STD=0.00000|Time spend=5.467493534088135
16-06-2022 21:33:30|INFO|Running Segment-First
16-06-2022 21:33:30|INFO|X.shape=(200, 160), y.shape=(200,), groups.shape=(200,)
16-06-2022 21:33:30|INFO|Is groups None: False 
16-06-2022 21:33:30|INFO|1/10|grid.best_params_={'C': 0.01, 'gamma': 1e-09, 'kernel': 'rbf', 'max_iter': 1000}, grid.best_score_=0.8333333333333334, grid.best_index_=0, acc=0.75, time=0.46520209312438965
16-06-2022 21:33:30|INFO|Is groups None: False 
16-06-2022 21:33:31|INFO|2/10|grid.best_params_={'C': 0.01, 'gamma': 1e-09, 'kernel': 'rbf', 'max_iter': 1000}, grid.best_score_=0.8333333333333334, grid.best_index_=0, acc=0.75, time=0.46262598037719727
16-06-2022 21:33:31|INFO|Is groups None: False 
16-06-2022 21:33:31|INFO|3/10|grid.best_params_={'C': 0.01, 'gamma': 1e-09, 'kernel': 'rbf', 'max_iter': 1000}, grid.best_score_=0.8333333333333334, grid.best_index_=0, acc=0.75, time=0.4641835689544678
16-06-2022 21:33:31|INFO|Is groups None: False 
16-06-2022 21:33:32|INFO|4/10|grid.best_params_={'C': 0.01, 'gamma': 1e-09, 'kernel': 'rbf', 'max_iter': 1000}, grid.best_score_=0.8333333333333334, grid.best_index_=0, acc=0.75, time=0.47315549850463867
16-06-2022 21:33:32|INFO|Is groups None: False 
16-06-2022 21:33:32|INFO|5/10|grid.best_params_={'C': 0.01, 'gamma': 1e-09, 'kernel': 'rbf', 'max_iter': 1000}, grid.best_score_=0.8333333333333334, grid.best_index_=0, acc=0.75, time=0.4611830711364746
16-06-2022 21:33:32|INFO|Is groups None: False 
16-06-2022 21:33:32|INFO|6/10|grid.best_params_={'C': 0.01, 'gamma': 1e-09, 'kernel': 'rbf', 'max_iter': 1000}, grid.best_score_=0.8055555555555556, grid.best_index_=0, acc=1.0, time=0.4914877414703369
16-06-2022 21:33:32|INFO|Is groups None: False 
16-06-2022 21:33:33|INFO|7/10|grid.best_params_={'C': 0.01, 'gamma': 1e-09, 'kernel': 'rbf', 'max_iter': 1000}, grid.best_score_=0.8055555555555556, grid.best_index_=0, acc=1.0, time=0.4726557731628418
16-06-2022 21:33:33|INFO|Is groups None: False 
16-06-2022 21:33:33|INFO|8/10|grid.best_params_={'C': 0.01, 'gamma': 1e-09, 'kernel': 'rbf', 'max_iter': 1000}, grid.best_score_=0.8333333333333334, grid.best_index_=0, acc=0.75, time=0.46104907989501953
16-06-2022 21:33:33|INFO|Is groups None: False 
16-06-2022 21:33:34|INFO|9/10|grid.best_params_={'C': 0.01, 'gamma': 1e-09, 'kernel': 'rbf', 'max_iter': 1000}, grid.best_score_=0.8055555555555556, grid.best_index_=0, acc=1.0, time=0.47964954376220703
16-06-2022 21:33:34|INFO|Is groups None: False 
16-06-2022 21:33:34|INFO|10/10|grid.best_params_={'C': 0.01, 'gamma': 1e-09, 'kernel': 'rbf', 'max_iter': 1000}, grid.best_score_=0.8333333333333334, grid.best_index_=0, acc=0.75, time=0.4648270606994629
16-06-2022 21:33:34|INFO|s24|10-CV=0.82500|STD=0.11456|Time spend=5.372342824935913
16-06-2022 21:33:35|INFO|Running Segment-First
16-06-2022 21:33:35|INFO|X.shape=(200, 160), y.shape=(200,), groups.shape=(200,)
16-06-2022 21:33:35|INFO|Is groups None: False 
16-06-2022 21:33:35|INFO|1/10|grid.best_params_={'C': 0.01, 'gamma': 1e-09, 'kernel': 'rbf', 'max_iter': 1000}, grid.best_score_=0.7222222222222222, grid.best_index_=0, acc=0.75, time=0.4777343273162842
16-06-2022 21:33:35|INFO|Is groups None: False 
16-06-2022 21:33:36|INFO|2/10|grid.best_params_={'C': 0.01, 'gamma': 1e-09, 'kernel': 'rbf', 'max_iter': 1000}, grid.best_score_=0.7222222222222222, grid.best_index_=0, acc=0.75, time=0.5070970058441162
16-06-2022 21:33:36|INFO|Is groups None: False 
16-06-2022 21:33:36|INFO|3/10|grid.best_params_={'C': 100000000.0, 'gamma': 1e-09, 'kernel': 'rbf', 'max_iter': 1000}, grid.best_score_=0.7277777777777777, grid.best_index_=35, acc=0.7, time=0.490842342376709
16-06-2022 21:33:36|INFO|Is groups None: False 
16-06-2022 21:33:37|INFO|4/10|grid.best_params_={'C': 0.01, 'gamma': 1e-09, 'kernel': 'rbf', 'max_iter': 1000}, grid.best_score_=0.7222222222222222, grid.best_index_=0, acc=0.75, time=0.5262312889099121
16-06-2022 21:33:37|INFO|Is groups None: False 
16-06-2022 21:33:38|INFO|5/10|grid.best_params_={'C': 0.01, 'gamma': 1e-09, 'kernel': 'rbf', 'max_iter': 1000}, grid.best_score_=0.7222222222222222, grid.best_index_=0, acc=0.75, time=0.5466015338897705
16-06-2022 21:33:38|INFO|Is groups None: False 
16-06-2022 21:33:38|INFO|6/10|grid.best_params_={'C': 0.01, 'gamma': 1e-09, 'kernel': 'rbf', 'max_iter': 1000}, grid.best_score_=0.7222222222222222, grid.best_index_=0, acc=0.75, time=0.5045638084411621
16-06-2022 21:33:38|INFO|Is groups None: False 
16-06-2022 21:33:39|INFO|7/10|grid.best_params_={'C': 100000000.0, 'gamma': 1e-09, 'kernel': 'rbf', 'max_iter': 1000}, grid.best_score_=0.7499999999999999, grid.best_index_=35, acc=0.65, time=0.48635172843933105
16-06-2022 21:33:39|INFO|Is groups None: False 
16-06-2022 21:33:39|INFO|8/10|grid.best_params_={'C': 0.01, 'gamma': 1e-09, 'kernel': 'rbf', 'max_iter': 1000}, grid.best_score_=0.7222222222222222, grid.best_index_=0, acc=0.75, time=0.5620882511138916
16-06-2022 21:33:39|INFO|Is groups None: False 
16-06-2022 21:33:40|INFO|9/10|grid.best_params_={'C': 0.01, 'gamma': 1e-09, 'kernel': 'rbf', 'max_iter': 1000}, grid.best_score_=0.7222222222222222, grid.best_index_=0, acc=0.75, time=0.4705240726470947
16-06-2022 21:33:40|INFO|Is groups None: False 
16-06-2022 21:33:40|INFO|10/10|grid.best_params_={'C': 1000000.0, 'gamma': 1e-07, 'kernel': 'rbf', 'max_iter': 1000}, grid.best_score_=0.7722222222222224, grid.best_index_=29, acc=0.55, time=0.481036901473999
16-06-2022 21:33:40|INFO|s25|10-CV=0.71500|STD=0.06344|Time spend=5.696861267089844
16-06-2022 21:33:41|INFO|Running Segment-First
16-06-2022 21:33:41|INFO|X.shape=(200, 160), y.shape=(200,), groups.shape=(200,)
16-06-2022 21:33:41|INFO|Is groups None: False 
16-06-2022 21:33:41|INFO|1/10|grid.best_params_={'C': 0.01, 'gamma': 1e-09, 'kernel': 'rbf', 'max_iter': 1000}, grid.best_score_=0.5833333333333334, grid.best_index_=0, acc=0.5, time=0.4967162609100342
16-06-2022 21:33:41|INFO|Is groups None: False 
16-06-2022 21:33:42|INFO|2/10|grid.best_params_={'C': 100000000.0, 'gamma': 1e-07, 'kernel': 'rbf', 'max_iter': 1000}, grid.best_score_=0.6166666666666667, grid.best_index_=36, acc=0.25, time=0.5278668403625488
16-06-2022 21:33:42|INFO|Is groups None: False 
16-06-2022 21:33:42|INFO|3/10|grid.best_params_={'C': 100000000.0, 'gamma': 1e-09, 'kernel': 'rbf', 'max_iter': 1000}, grid.best_score_=0.5833333333333335, grid.best_index_=35, acc=0.5, time=0.505882740020752
16-06-2022 21:33:42|INFO|Is groups None: False 
16-06-2022 21:33:43|INFO|4/10|grid.best_params_={'C': 0.01, 'gamma': 1e-09, 'kernel': 'rbf', 'max_iter': 1000}, grid.best_score_=0.5833333333333334, grid.best_index_=0, acc=0.5, time=0.549633264541626
16-06-2022 21:33:43|INFO|Is groups None: False 
16-06-2022 21:33:43|INFO|5/10|grid.best_params_={'C': 100000000.0, 'gamma': 1e-09, 'kernel': 'rbf', 'max_iter': 1000}, grid.best_score_=0.588888888888889, grid.best_index_=35, acc=0.6, time=0.5235195159912109
16-06-2022 21:33:43|INFO|Is groups None: False 
16-06-2022 21:33:44|INFO|6/10|grid.best_params_={'C': 0.01, 'gamma': 1e-09, 'kernel': 'rbf', 'max_iter': 1000}, grid.best_score_=0.5833333333333334, grid.best_index_=0, acc=0.5, time=0.5123062133789062
16-06-2022 21:33:44|INFO|Is groups None: False 
16-06-2022 21:33:44|INFO|7/10|grid.best_params_={'C': 1000000.0, 'gamma': 1e-07, 'kernel': 'rbf', 'max_iter': 1000}, grid.best_score_=0.6222222222222222, grid.best_index_=29, acc=0.4, time=0.5089919567108154
16-06-2022 21:33:44|INFO|Is groups None: False 
16-06-2022 21:33:45|INFO|8/10|grid.best_params_={'C': 10000.0, 'gamma': 1e-05, 'kernel': 'rbf', 'max_iter': 1000}, grid.best_score_=0.6055555555555555, grid.best_index_=23, acc=0.5, time=0.5046062469482422
16-06-2022 21:33:45|INFO|Is groups None: False 
16-06-2022 21:33:45|INFO|9/10|grid.best_params_={'C': 0.01, 'gamma': 1e-09, 'kernel': 'rbf', 'max_iter': 1000}, grid.best_score_=0.5833333333333334, grid.best_index_=0, acc=0.5, time=0.523576021194458
16-06-2022 21:33:45|INFO|Is groups None: False 
16-06-2022 21:33:46|INFO|10/10|grid.best_params_={'C': 0.01, 'gamma': 1e-09, 'kernel': 'rbf', 'max_iter': 1000}, grid.best_score_=0.5555555555555556, grid.best_index_=0, acc=0.75, time=0.5084404945373535
16-06-2022 21:33:46|INFO|s26|10-CV=0.50000|STD=0.12042|Time spend=5.8393919467926025
16-06-2022 21:33:46|INFO|Running Segment-First
16-06-2022 21:33:46|INFO|X.shape=(200, 160), y.shape=(200,), groups.shape=(200,)
16-06-2022 21:33:47|INFO|Is groups None: False 
16-06-2022 21:33:47|INFO|1/10|grid.best_params_={'C': 100000000.0, 'gamma': 1e-09, 'kernel': 'rbf', 'max_iter': 1000}, grid.best_score_=0.6944444444444443, grid.best_index_=35, acc=0.5, time=0.480515718460083
16-06-2022 21:33:47|INFO|Is groups None: False 
16-06-2022 21:33:48|INFO|2/10|grid.best_params_={'C': 0.01, 'gamma': 1e-09, 'kernel': 'rbf', 'max_iter': 1000}, grid.best_score_=0.6666666666666666, grid.best_index_=0, acc=0.75, time=0.5038328170776367
16-06-2022 21:33:48|INFO|Is groups None: False 
16-06-2022 21:33:48|INFO|3/10|grid.best_params_={'C': 0.01, 'gamma': 1e-09, 'kernel': 'rbf', 'max_iter': 1000}, grid.best_score_=0.6666666666666666, grid.best_index_=0, acc=0.75, time=0.47609519958496094
16-06-2022 21:33:48|INFO|Is groups None: False 
16-06-2022 21:33:48|INFO|4/10|grid.best_params_={'C': 1000000.0, 'gamma': 1e-09, 'kernel': 'rbf', 'max_iter': 1000}, grid.best_score_=0.6888888888888889, grid.best_index_=28, acc=0.7, time=0.48824524879455566
16-06-2022 21:33:48|INFO|Is groups None: False 
16-06-2022 21:33:49|INFO|5/10|grid.best_params_={'C': 10000000000.0, 'gamma': 1e-09, 'kernel': 'rbf', 'max_iter': 1000}, grid.best_score_=0.6833333333333333, grid.best_index_=42, acc=0.7, time=0.4832026958465576
16-06-2022 21:33:49|INFO|Is groups None: False 
16-06-2022 21:33:49|INFO|6/10|grid.best_params_={'C': 0.01, 'gamma': 1e-09, 'kernel': 'rbf', 'max_iter': 1000}, grid.best_score_=0.6944444444444444, grid.best_index_=0, acc=0.5, time=0.4757578372955322
16-06-2022 21:33:49|INFO|Is groups None: False 
16-06-2022 21:33:50|INFO|7/10|grid.best_params_={'C': 0.01, 'gamma': 1e-09, 'kernel': 'rbf', 'max_iter': 1000}, grid.best_score_=0.6944444444444444, grid.best_index_=0, acc=0.5, time=0.4884982109069824
16-06-2022 21:33:50|INFO|Is groups None: False 
16-06-2022 21:33:50|INFO|8/10|grid.best_params_={'C': 0.01, 'gamma': 1e-09, 'kernel': 'rbf', 'max_iter': 1000}, grid.best_score_=0.6666666666666666, grid.best_index_=0, acc=0.75, time=0.5055088996887207
16-06-2022 21:33:50|INFO|Is groups None: False 
16-06-2022 21:33:51|INFO|9/10|grid.best_params_={'C': 1.0, 'gamma': 0.001, 'kernel': 'rbf', 'max_iter': 1000}, grid.best_score_=0.7, grid.best_index_=10, acc=0.5, time=0.48712921142578125
16-06-2022 21:33:51|INFO|Is groups None: False 
16-06-2022 21:33:51|INFO|10/10|grid.best_params_={'C': 0.01, 'gamma': 1e-09, 'kernel': 'rbf', 'max_iter': 1000}, grid.best_score_=0.6666666666666666, grid.best_index_=0, acc=0.75, time=0.4957306385040283
16-06-2022 21:33:51|INFO|s27|10-CV=0.64000|STD=0.11576|Time spend=5.5420660972595215
16-06-2022 21:33:52|INFO|Running Segment-First
16-06-2022 21:33:52|INFO|X.shape=(200, 160), y.shape=(200,), groups.shape=(200,)
16-06-2022 21:33:52|INFO|Is groups None: False 
16-06-2022 21:33:53|INFO|1/10|grid.best_params_={'C': 1000000.0, 'gamma': 1e-09, 'kernel': 'rbf', 'max_iter': 1000}, grid.best_score_=0.5388888888888889, grid.best_index_=28, acc=0.5, time=0.5041861534118652
16-06-2022 21:33:53|INFO|Is groups None: False 
16-06-2022 21:33:53|INFO|2/10|grid.best_params_={'C': 10000000000.0, 'gamma': 1e-09, 'kernel': 'rbf', 'max_iter': 1000}, grid.best_score_=0.6055555555555556, grid.best_index_=42, acc=0.3, time=0.5105504989624023
16-06-2022 21:33:53|INFO|Is groups None: False 
16-06-2022 21:33:54|INFO|3/10|grid.best_params_={'C': 10000.0, 'gamma': 0.001, 'kernel': 'rbf', 'max_iter': 1000}, grid.best_score_=0.5555555555555556, grid.best_index_=24, acc=0.3, time=0.5083749294281006
16-06-2022 21:33:54|INFO|Is groups None: False 
16-06-2022 21:33:54|INFO|4/10|grid.best_params_={'C': 1000000.0, 'gamma': 1e-09, 'kernel': 'rbf', 'max_iter': 1000}, grid.best_score_=0.5555555555555556, grid.best_index_=28, acc=0.5, time=0.513983964920044
16-06-2022 21:33:54|INFO|Is groups None: False 
16-06-2022 21:33:55|INFO|5/10|grid.best_params_={'C': 10000.0, 'gamma': 0.001, 'kernel': 'rbf', 'max_iter': 1000}, grid.best_score_=0.5611111111111111, grid.best_index_=24, acc=0.45, time=0.5114128589630127
16-06-2022 21:33:55|INFO|Is groups None: False 
16-06-2022 21:33:55|INFO|6/10|grid.best_params_={'C': 0.01, 'gamma': 1e-09, 'kernel': 'rbf', 'max_iter': 1000}, grid.best_score_=0.5555555555555556, grid.best_index_=0, acc=0.5, time=0.5562663078308105
16-06-2022 21:33:55|INFO|Is groups None: False 
16-06-2022 21:33:56|INFO|7/10|grid.best_params_={'C': 0.01, 'gamma': 1e-09, 'kernel': 'rbf', 'max_iter': 1000}, grid.best_score_=0.5333333333333333, grid.best_index_=0, acc=0.75, time=0.5078825950622559
16-06-2022 21:33:56|INFO|Is groups None: False 
16-06-2022 21:33:56|INFO|8/10|grid.best_params_={'C': 0.01, 'gamma': 1e-09, 'kernel': 'rbf', 'max_iter': 1000}, grid.best_score_=0.5555555555555556, grid.best_index_=0, acc=0.5, time=0.5048291683197021
16-06-2022 21:33:56|INFO|Is groups None: False 
16-06-2022 21:33:57|INFO|9/10|grid.best_params_={'C': 10000.0, 'gamma': 1e-05, 'kernel': 'rbf', 'max_iter': 1000}, grid.best_score_=0.5277777777777778, grid.best_index_=23, acc=0.5, time=0.5152938365936279
16-06-2022 21:33:57|INFO|Is groups None: False 
16-06-2022 21:33:57|INFO|10/10|grid.best_params_={'C': 1000000.0, 'gamma': 1e-09, 'kernel': 'rbf', 'max_iter': 1000}, grid.best_score_=0.6555555555555556, grid.best_index_=28, acc=0.35, time=0.5027661323547363
16-06-2022 21:33:57|INFO|s28|10-CV=0.46500|STD=0.12460|Time spend=5.789084434509277
16-06-2022 21:33:58|INFO|Running Segment-First
16-06-2022 21:33:58|INFO|X.shape=(200, 160), y.shape=(200,), groups.shape=(200,)
16-06-2022 21:33:58|INFO|Is groups None: False 
16-06-2022 21:33:58|INFO|1/10|grid.best_params_={'C': 100.0, 'gamma': 1e-05, 'kernel': 'rbf', 'max_iter': 1000}, grid.best_score_=0.6499999999999999, grid.best_index_=16, acc=0.55, time=0.4953126907348633
16-06-2022 21:33:58|INFO|Is groups None: False 
16-06-2022 21:33:59|INFO|2/10|grid.best_params_={'C': 0.01, 'gamma': 1e-09, 'kernel': 'rbf', 'max_iter': 1000}, grid.best_score_=0.6111111111111112, grid.best_index_=0, acc=0.75, time=0.5120065212249756
16-06-2022 21:33:59|INFO|Is groups None: False 
16-06-2022 21:33:59|INFO|3/10|grid.best_params_={'C': 0.01, 'gamma': 1e-09, 'kernel': 'rbf', 'max_iter': 1000}, grid.best_score_=0.6111111111111112, grid.best_index_=0, acc=0.75, time=0.5077667236328125
16-06-2022 21:33:59|INFO|Is groups None: False 
16-06-2022 21:34:00|INFO|4/10|grid.best_params_={'C': 0.01, 'gamma': 1e-09, 'kernel': 'rbf', 'max_iter': 1000}, grid.best_score_=0.6388888888888888, grid.best_index_=0, acc=0.5, time=0.514756441116333
16-06-2022 21:34:00|INFO|Is groups None: False 
16-06-2022 21:34:00|INFO|5/10|grid.best_params_={'C': 0.01, 'gamma': 1e-09, 'kernel': 'rbf', 'max_iter': 1000}, grid.best_score_=0.6388888888888888, grid.best_index_=0, acc=0.5, time=0.5090384483337402
16-06-2022 21:34:00|INFO|Is groups None: False 
16-06-2022 21:34:01|INFO|6/10|grid.best_params_={'C': 0.01, 'gamma': 1e-09, 'kernel': 'rbf', 'max_iter': 1000}, grid.best_score_=0.6388888888888888, grid.best_index_=0, acc=0.5, time=0.5293195247650146
16-06-2022 21:34:01|INFO|Is groups None: False 
16-06-2022 21:34:01|INFO|7/10|grid.best_params_={'C': 100000000.0, 'gamma': 1e-09, 'kernel': 'rbf', 'max_iter': 1000}, grid.best_score_=0.6888888888888889, grid.best_index_=35, acc=0.5, time=0.48972296714782715
16-06-2022 21:34:01|INFO|Is groups None: False 
16-06-2022 21:34:02|INFO|8/10|grid.best_params_={'C': 0.01, 'gamma': 1e-09, 'kernel': 'rbf', 'max_iter': 1000}, grid.best_score_=0.6388888888888888, grid.best_index_=0, acc=0.5, time=0.5029458999633789
16-06-2022 21:34:02|INFO|Is groups None: False 
16-06-2022 21:34:02|INFO|9/10|grid.best_params_={'C': 0.01, 'gamma': 1e-09, 'kernel': 'rbf', 'max_iter': 1000}, grid.best_score_=0.6111111111111112, grid.best_index_=0, acc=0.75, time=0.5083310604095459
16-06-2022 21:34:02|INFO|Is groups None: False 
16-06-2022 21:34:03|INFO|10/10|grid.best_params_={'C': 0.01, 'gamma': 1e-09, 'kernel': 'rbf', 'max_iter': 1000}, grid.best_score_=0.6111111111111112, grid.best_index_=0, acc=0.75, time=0.519517183303833
16-06-2022 21:34:03|INFO|s29|10-CV=0.60500|STD=0.11927|Time spend=5.739064455032349
16-06-2022 21:34:04|INFO|Running Segment-First
16-06-2022 21:34:04|INFO|X.shape=(200, 160), y.shape=(200,), groups.shape=(200,)
16-06-2022 21:34:04|INFO|Is groups None: False 
16-06-2022 21:34:04|INFO|1/10|grid.best_params_={'C': 10000000000.0, 'gamma': 1e-09, 'kernel': 'rbf', 'max_iter': 1000}, grid.best_score_=0.6111111111111112, grid.best_index_=42, acc=0.5, time=0.5130958557128906
16-06-2022 21:34:04|INFO|Is groups None: False 
16-06-2022 21:34:05|INFO|2/10|grid.best_params_={'C': 100000000.0, 'gamma': 1e-09, 'kernel': 'rbf', 'max_iter': 1000}, grid.best_score_=0.5944444444444444, grid.best_index_=35, acc=0.6, time=0.4940009117126465
16-06-2022 21:34:05|INFO|Is groups None: False 
16-06-2022 21:34:05|INFO|3/10|grid.best_params_={'C': 10000000000.0, 'gamma': 1e-09, 'kernel': 'rbf', 'max_iter': 1000}, grid.best_score_=0.5777777777777778, grid.best_index_=42, acc=0.75, time=0.5137712955474854
16-06-2022 21:34:05|INFO|Is groups None: False 
16-06-2022 21:34:06|INFO|4/10|grid.best_params_={'C': 10000000000.0, 'gamma': 1e-09, 'kernel': 'rbf', 'max_iter': 1000}, grid.best_score_=0.5944444444444444, grid.best_index_=42, acc=0.45, time=0.5308001041412354
16-06-2022 21:34:06|INFO|Is groups None: False 
16-06-2022 21:34:06|INFO|5/10|grid.best_params_={'C': 100000000.0, 'gamma': 1e-09, 'kernel': 'rbf', 'max_iter': 1000}, grid.best_score_=0.5611111111111111, grid.best_index_=35, acc=0.8, time=0.5028548240661621
16-06-2022 21:34:06|INFO|Is groups None: False 
16-06-2022 21:34:07|INFO|6/10|grid.best_params_={'C': 10000.0, 'gamma': 1e-07, 'kernel': 'rbf', 'max_iter': 1000}, grid.best_score_=0.6222222222222222, grid.best_index_=22, acc=0.4, time=0.5160436630249023
16-06-2022 21:34:07|INFO|Is groups None: False 
16-06-2022 21:34:07|INFO|7/10|grid.best_params_={'C': 1000000.0, 'gamma': 1e-07, 'kernel': 'rbf', 'max_iter': 1000}, grid.best_score_=0.6611111111111111, grid.best_index_=29, acc=0.35, time=0.5007972717285156
16-06-2022 21:34:07|INFO|Is groups None: False 
16-06-2022 21:34:08|INFO|8/10|grid.best_params_={'C': 10000.0, 'gamma': 0.001, 'kernel': 'rbf', 'max_iter': 1000}, grid.best_score_=0.5777777777777778, grid.best_index_=24, acc=0.5, time=0.5036735534667969
16-06-2022 21:34:08|INFO|Is groups None: False 
16-06-2022 21:34:08|INFO|9/10|grid.best_params_={'C': 100000000.0, 'gamma': 1e-09, 'kernel': 'rbf', 'max_iter': 1000}, grid.best_score_=0.5777777777777777, grid.best_index_=35, acc=0.65, time=0.5077893733978271
16-06-2022 21:34:08|INFO|Is groups None: False 
16-06-2022 21:34:09|INFO|10/10|grid.best_params_={'C': 10000.0, 'gamma': 1e-05, 'kernel': 'rbf', 'max_iter': 1000}, grid.best_score_=0.6444444444444444, grid.best_index_=23, acc=0.3, time=0.5175631046295166
16-06-2022 21:34:09|INFO|s30|10-CV=0.53000|STD=0.15843|Time spend=5.765028953552246
16-06-2022 21:34:09|INFO|Running Segment-First
16-06-2022 21:34:09|INFO|X.shape=(200, 160), y.shape=(200,), groups.shape=(200,)
16-06-2022 21:34:09|INFO|Is groups None: False 
16-06-2022 21:34:10|INFO|1/10|grid.best_params_={'C': 10000000000.0, 'gamma': 1e-09, 'kernel': 'rbf', 'max_iter': 1000}, grid.best_score_=0.6666666666666666, grid.best_index_=42, acc=0.6, time=0.5026247501373291
16-06-2022 21:34:10|INFO|Is groups None: False 
16-06-2022 21:34:10|INFO|2/10|grid.best_params_={'C': 100.0, 'gamma': 1e-05, 'kernel': 'rbf', 'max_iter': 1000}, grid.best_score_=0.6333333333333333, grid.best_index_=16, acc=0.9, time=0.5231311321258545
16-06-2022 21:34:10|INFO|Is groups None: False 
16-06-2022 21:34:11|INFO|3/10|grid.best_params_={'C': 10000000000.0, 'gamma': 1e-09, 'kernel': 'rbf', 'max_iter': 1000}, grid.best_score_=0.7, grid.best_index_=42, acc=0.65, time=0.529224157333374
16-06-2022 21:34:11|INFO|Is groups None: False 
16-06-2022 21:34:11|INFO|4/10|grid.best_params_={'C': 1000000.0, 'gamma': 1e-09, 'kernel': 'rbf', 'max_iter': 1000}, grid.best_score_=0.711111111111111, grid.best_index_=28, acc=0.5, time=0.5302228927612305
16-06-2022 21:34:11|INFO|Is groups None: False 
16-06-2022 21:34:12|INFO|5/10|grid.best_params_={'C': 10000000000.0, 'gamma': 1e-09, 'kernel': 'rbf', 'max_iter': 1000}, grid.best_score_=0.7166666666666668, grid.best_index_=42, acc=0.6, time=0.5398039817810059
16-06-2022 21:34:12|INFO|Is groups None: False 
16-06-2022 21:34:13|INFO|6/10|grid.best_params_={'C': 100.0, 'gamma': 1e-05, 'kernel': 'rbf', 'max_iter': 1000}, grid.best_score_=0.7022222222222223, grid.best_index_=16, acc=0.7, time=0.546173095703125
16-06-2022 21:34:13|INFO|Is groups None: False 
16-06-2022 21:34:13|INFO|7/10|grid.best_params_={'C': 100.0, 'gamma': 1e-05, 'kernel': 'rbf', 'max_iter': 1000}, grid.best_score_=0.6888888888888889, grid.best_index_=16, acc=0.6, time=0.5229241847991943
16-06-2022 21:34:13|INFO|Is groups None: False 
16-06-2022 21:34:14|INFO|8/10|grid.best_params_={'C': 100.0, 'gamma': 1e-05, 'kernel': 'rbf', 'max_iter': 1000}, grid.best_score_=0.6666666666666666, grid.best_index_=16, acc=0.8, time=0.501072883605957
16-06-2022 21:34:14|INFO|Is groups None: False 
16-06-2022 21:34:14|INFO|9/10|grid.best_params_={'C': 100000000.0, 'gamma': 1e-09, 'kernel': 'rbf', 'max_iter': 1000}, grid.best_score_=0.6666666666666666, grid.best_index_=35, acc=0.65, time=0.5075366497039795
16-06-2022 21:34:14|INFO|Is groups None: False 
16-06-2022 21:34:15|INFO|10/10|grid.best_params_={'C': 100.0, 'gamma': 1e-05, 'kernel': 'rbf', 'max_iter': 1000}, grid.best_score_=0.6333333333333333, grid.best_index_=16, acc=0.7, time=0.489116907119751
16-06-2022 21:34:15|INFO|s31|10-CV=0.67000|STD=0.10770|Time spend=5.855305910110474
16-06-2022 21:34:15|INFO|Running Segment-First
16-06-2022 21:34:15|INFO|X.shape=(200, 160), y.shape=(200,), groups.shape=(200,)
16-06-2022 21:34:15|INFO|Is groups None: False 
16-06-2022 21:34:16|INFO|1/10|grid.best_params_={'C': 0.01, 'gamma': 1e-09, 'kernel': 'rbf', 'max_iter': 1000}, grid.best_score_=0.6666666666666666, grid.best_index_=0, acc=0.75, time=0.49187278747558594
16-06-2022 21:34:16|INFO|Is groups None: False 
16-06-2022 21:34:16|INFO|2/10|grid.best_params_={'C': 0.01, 'gamma': 1e-09, 'kernel': 'rbf', 'max_iter': 1000}, grid.best_score_=0.6944444444444444, grid.best_index_=0, acc=0.5, time=0.4712791442871094
16-06-2022 21:34:16|INFO|Is groups None: False 
16-06-2022 21:34:17|INFO|3/10|grid.best_params_={'C': 0.01, 'gamma': 1e-09, 'kernel': 'rbf', 'max_iter': 1000}, grid.best_score_=0.6666666666666666, grid.best_index_=0, acc=0.75, time=0.48622822761535645
16-06-2022 21:34:17|INFO|Is groups None: False 
16-06-2022 21:34:17|INFO|4/10|grid.best_params_={'C': 0.01, 'gamma': 1e-09, 'kernel': 'rbf', 'max_iter': 1000}, grid.best_score_=0.6666666666666666, grid.best_index_=0, acc=0.75, time=0.5076096057891846
16-06-2022 21:34:17|INFO|Is groups None: False 
16-06-2022 21:34:18|INFO|5/10|grid.best_params_={'C': 0.01, 'gamma': 1e-09, 'kernel': 'rbf', 'max_iter': 1000}, grid.best_score_=0.6666666666666666, grid.best_index_=0, acc=0.75, time=0.48962974548339844
16-06-2022 21:34:18|INFO|Is groups None: False 
16-06-2022 21:34:18|INFO|6/10|grid.best_params_={'C': 0.01, 'gamma': 1e-09, 'kernel': 'rbf', 'max_iter': 1000}, grid.best_score_=0.6666666666666666, grid.best_index_=0, acc=0.75, time=0.5042250156402588
16-06-2022 21:34:18|INFO|Is groups None: False 
16-06-2022 21:34:19|INFO|7/10|grid.best_params_={'C': 0.01, 'gamma': 1e-09, 'kernel': 'rbf', 'max_iter': 1000}, grid.best_score_=0.6944444444444444, grid.best_index_=0, acc=0.5, time=0.48120641708374023
16-06-2022 21:34:19|INFO|Is groups None: False 
16-06-2022 21:34:19|INFO|8/10|grid.best_params_={'C': 0.01, 'gamma': 1e-09, 'kernel': 'rbf', 'max_iter': 1000}, grid.best_score_=0.6666666666666666, grid.best_index_=0, acc=0.75, time=0.4978632926940918
16-06-2022 21:34:19|INFO|Is groups None: False 
16-06-2022 21:34:20|INFO|9/10|grid.best_params_={'C': 0.01, 'gamma': 1e-09, 'kernel': 'rbf', 'max_iter': 1000}, grid.best_score_=0.6666666666666666, grid.best_index_=0, acc=0.75, time=0.49422597885131836
16-06-2022 21:34:20|INFO|Is groups None: False 
16-06-2022 21:34:20|INFO|10/10|grid.best_params_={'C': 0.01, 'gamma': 1e-09, 'kernel': 'rbf', 'max_iter': 1000}, grid.best_score_=0.6944444444444444, grid.best_index_=0, acc=0.5, time=0.49991703033447266
16-06-2022 21:34:20|INFO|s32|10-CV=0.67500|STD=0.11456|Time spend=5.584233283996582
16-06-2022 21:34:20|INFO|final|10-CV=0.64005|STD=0.03501
