17-06-2022 23:26:53|INFO|
    Running Command: 
        python3 main-ml.py --subject_setup dependent --experimental_setup segment --stimuli_class valence --preprocessing DE --segment_lenght 1 --output_log ./output/dependent-segment-valence-DE-1.log
    Starting training:
        segment_lenght:  1
        output_log:      ./output/dependent-segment-valence-DE-1.log
        stimuli_class:   valence
        preprocessing:   DE
        subject_setup:   dependent
        experimental_setup: segment
    
17-06-2022 23:26:56|INFO|Running Split-First
17-06-2022 23:26:56|INFO|X.shape=(2400, 160), y.shape=(2400,), groups.shape=(2400,)
17-06-2022 23:26:56|INFO|Is groups None: True 
17-06-2022 23:28:46|INFO|1/10|grid.best_params_={'C': 1.0, 'gamma': 0.001, 'kernel': 'rbf', 'max_iter': 1000}, grid.best_score_=0.6245370370370371, grid.best_index_=10, acc=0.5875, time=109.7976143360138
17-06-2022 23:28:46|INFO|Is groups None: True 
17-06-2022 23:30:18|INFO|2/10|grid.best_params_={'C': 1.0, 'gamma': 0.001, 'kernel': 'rbf', 'max_iter': 1000}, grid.best_score_=0.6203703703703705, grid.best_index_=10, acc=0.6041666666666666, time=91.3353180885315
17-06-2022 23:30:18|INFO|Is groups None: True 
17-06-2022 23:31:48|INFO|3/10|grid.best_params_={'C': 1.0, 'gamma': 0.001, 'kernel': 'rbf', 'max_iter': 1000}, grid.best_score_=0.6189814814814816, grid.best_index_=10, acc=0.6416666666666667, time=89.85767340660095
17-06-2022 23:31:48|INFO|Is groups None: True 
17-06-2022 23:33:19|INFO|4/10|grid.best_params_={'C': 1.0, 'gamma': 0.001, 'kernel': 'rbf', 'max_iter': 1000}, grid.best_score_=0.6171296296296295, grid.best_index_=10, acc=0.6291666666666667, time=91.09529089927673
17-06-2022 23:33:19|INFO|Is groups None: True 
17-06-2022 23:34:50|INFO|5/10|grid.best_params_={'C': 1.0, 'gamma': 0.001, 'kernel': 'rbf', 'max_iter': 1000}, grid.best_score_=0.6268518518518519, grid.best_index_=10, acc=0.6208333333333333, time=91.27314972877502
17-06-2022 23:34:50|INFO|Is groups None: True 
17-06-2022 23:36:20|INFO|6/10|grid.best_params_={'C': 1.0, 'gamma': 0.001, 'kernel': 'rbf', 'max_iter': 1000}, grid.best_score_=0.6268518518518519, grid.best_index_=10, acc=0.6083333333333333, time=90.03037786483765
17-06-2022 23:36:20|INFO|Is groups None: True 
17-06-2022 23:37:51|INFO|7/10|grid.best_params_={'C': 1.0, 'gamma': 0.001, 'kernel': 'rbf', 'max_iter': 1000}, grid.best_score_=0.6185185185185186, grid.best_index_=10, acc=0.6083333333333333, time=91.36622214317322
17-06-2022 23:37:51|INFO|Is groups None: True 
17-06-2022 23:39:25|INFO|8/10|grid.best_params_={'C': 1.0, 'gamma': 0.001, 'kernel': 'rbf', 'max_iter': 1000}, grid.best_score_=0.6245370370370371, grid.best_index_=10, acc=0.625, time=93.95143675804138
17-06-2022 23:39:25|INFO|Is groups None: True 
17-06-2022 23:40:57|INFO|9/10|grid.best_params_={'C': 10000.0, 'gamma': 1e-07, 'kernel': 'rbf', 'max_iter': 1000}, grid.best_score_=0.6245370370370371, grid.best_index_=22, acc=0.5875, time=92.14181995391846
17-06-2022 23:40:57|INFO|Is groups None: True 
17-06-2022 23:42:30|INFO|10/10|grid.best_params_={'C': 1.0, 'gamma': 0.001, 'kernel': 'rbf', 'max_iter': 1000}, grid.best_score_=0.6356481481481482, grid.best_index_=10, acc=0.5791666666666667, time=92.20403289794922
17-06-2022 23:42:30|INFO|s01|10-CV=0.60917|STD=0.01926|Time spend=936.8853743076324
17-06-2022 23:42:33|INFO|Running Split-First
17-06-2022 23:42:33|INFO|X.shape=(2400, 160), y.shape=(2400,), groups.shape=(2400,)
17-06-2022 23:42:33|INFO|Is groups None: True 
17-06-2022 23:44:00|INFO|1/10|grid.best_params_={'C': 10000.0, 'gamma': 1e-07, 'kernel': 'rbf', 'max_iter': 1000}, grid.best_score_=0.7185185185185186, grid.best_index_=22, acc=0.5875, time=86.97585582733154
17-06-2022 23:44:00|INFO|Is groups None: True 
17-06-2022 23:45:27|INFO|2/10|grid.best_params_={'C': 10000.0, 'gamma': 1e-07, 'kernel': 'rbf', 'max_iter': 1000}, grid.best_score_=0.7097222222222223, grid.best_index_=22, acc=0.6333333333333333, time=86.57207942008972
17-06-2022 23:45:27|INFO|Is groups None: True 
17-06-2022 23:46:54|INFO|3/10|grid.best_params_={'C': 10000.0, 'gamma': 1e-07, 'kernel': 'rbf', 'max_iter': 1000}, grid.best_score_=0.7074074074074075, grid.best_index_=22, acc=0.6833333333333333, time=87.14918732643127
17-06-2022 23:46:54|INFO|Is groups None: True 
17-06-2022 23:48:20|INFO|4/10|grid.best_params_={'C': 100.0, 'gamma': 1e-05, 'kernel': 'rbf', 'max_iter': 1000}, grid.best_score_=0.7092592592592593, grid.best_index_=16, acc=0.6541666666666667, time=86.36791038513184
17-06-2022 23:48:20|INFO|Is groups None: True 
17-06-2022 23:49:47|INFO|5/10|grid.best_params_={'C': 100.0, 'gamma': 1e-05, 'kernel': 'rbf', 'max_iter': 1000}, grid.best_score_=0.701388888888889, grid.best_index_=16, acc=0.7041666666666667, time=86.67008638381958
17-06-2022 23:49:47|INFO|Is groups None: True 
17-06-2022 23:51:15|INFO|6/10|grid.best_params_={'C': 1000000.0, 'gamma': 1e-09, 'kernel': 'rbf', 'max_iter': 1000}, grid.best_score_=0.700462962962963, grid.best_index_=28, acc=0.7375, time=87.69550633430481
17-06-2022 23:51:15|INFO|Is groups None: True 
17-06-2022 23:52:41|INFO|7/10|grid.best_params_={'C': 100.0, 'gamma': 1e-05, 'kernel': 'rbf', 'max_iter': 1000}, grid.best_score_=0.7037037037037037, grid.best_index_=16, acc=0.7375, time=86.63735723495483
17-06-2022 23:52:41|INFO|Is groups None: True 
17-06-2022 23:54:09|INFO|8/10|grid.best_params_={'C': 100.0, 'gamma': 1e-05, 'kernel': 'rbf', 'max_iter': 1000}, grid.best_score_=0.699074074074074, grid.best_index_=16, acc=0.7458333333333333, time=87.71098041534424
17-06-2022 23:54:09|INFO|Is groups None: True 
17-06-2022 23:55:36|INFO|9/10|grid.best_params_={'C': 10000.0, 'gamma': 1e-07, 'kernel': 'rbf', 'max_iter': 1000}, grid.best_score_=0.6995370370370372, grid.best_index_=22, acc=0.7666666666666667, time=86.81160259246826
17-06-2022 23:55:36|INFO|Is groups None: True 
17-06-2022 23:57:03|INFO|10/10|grid.best_params_={'C': 100.0, 'gamma': 1e-05, 'kernel': 'rbf', 'max_iter': 1000}, grid.best_score_=0.6939814814814815, grid.best_index_=16, acc=0.7583333333333333, time=86.74206495285034
17-06-2022 23:57:03|INFO|s02|10-CV=0.70083|STD=0.05679|Time spend=873.0356743335724
17-06-2022 23:57:06|INFO|Running Split-First
17-06-2022 23:57:06|INFO|X.shape=(2400, 160), y.shape=(2400,), groups.shape=(2400,)
17-06-2022 23:57:06|INFO|Is groups None: True 
17-06-2022 23:58:34|INFO|1/10|grid.best_params_={'C': 100.0, 'gamma': 1e-05, 'kernel': 'rbf', 'max_iter': 1000}, grid.best_score_=0.6888888888888888, grid.best_index_=16, acc=0.6375, time=87.94439816474915
17-06-2022 23:58:34|INFO|Is groups None: True 
18-06-2022 00:00:02|INFO|2/10|grid.best_params_={'C': 100.0, 'gamma': 1e-05, 'kernel': 'rbf', 'max_iter': 1000}, grid.best_score_=0.6828703703703703, grid.best_index_=16, acc=0.6708333333333333, time=87.43845057487488
18-06-2022 00:00:02|INFO|Is groups None: True 
18-06-2022 00:01:27|INFO|3/10|grid.best_params_={'C': 10000.0, 'gamma': 1e-07, 'kernel': 'rbf', 'max_iter': 1000}, grid.best_score_=0.6837962962962963, grid.best_index_=22, acc=0.6541666666666667, time=85.10949945449829
18-06-2022 00:01:27|INFO|Is groups None: True 
18-06-2022 00:02:52|INFO|4/10|grid.best_params_={'C': 100.0, 'gamma': 1e-05, 'kernel': 'rbf', 'max_iter': 1000}, grid.best_score_=0.6856481481481481, grid.best_index_=16, acc=0.6458333333333334, time=85.50947213172913
18-06-2022 00:02:52|INFO|Is groups None: True 
18-06-2022 00:04:19|INFO|5/10|grid.best_params_={'C': 10000.0, 'gamma': 1e-07, 'kernel': 'rbf', 'max_iter': 1000}, grid.best_score_=0.686574074074074, grid.best_index_=22, acc=0.6708333333333333, time=86.21273732185364
18-06-2022 00:04:19|INFO|Is groups None: True 
18-06-2022 00:05:44|INFO|6/10|grid.best_params_={'C': 100.0, 'gamma': 1e-05, 'kernel': 'rbf', 'max_iter': 1000}, grid.best_score_=0.6782407407407407, grid.best_index_=16, acc=0.6666666666666666, time=85.82046103477478
18-06-2022 00:05:44|INFO|Is groups None: True 
18-06-2022 00:07:11|INFO|7/10|grid.best_params_={'C': 10000000000.0, 'gamma': 1e-09, 'kernel': 'rbf', 'max_iter': 1000}, grid.best_score_=0.6796296296296296, grid.best_index_=42, acc=0.7083333333333334, time=86.16450619697571
18-06-2022 00:07:11|INFO|Is groups None: True 
18-06-2022 00:08:36|INFO|8/10|grid.best_params_={'C': 10000000000.0, 'gamma': 1e-09, 'kernel': 'rbf', 'max_iter': 1000}, grid.best_score_=0.674074074074074, grid.best_index_=42, acc=0.7166666666666667, time=85.28209972381592
18-06-2022 00:08:36|INFO|Is groups None: True 
18-06-2022 00:10:04|INFO|9/10|grid.best_params_={'C': 100.0, 'gamma': 1e-05, 'kernel': 'rbf', 'max_iter': 1000}, grid.best_score_=0.6694444444444445, grid.best_index_=16, acc=0.7458333333333333, time=88.35994338989258
18-06-2022 00:10:04|INFO|Is groups None: True 
18-06-2022 00:11:31|INFO|10/10|grid.best_params_={'C': 10000.0, 'gamma': 1e-07, 'kernel': 'rbf', 'max_iter': 1000}, grid.best_score_=0.6851851851851851, grid.best_index_=22, acc=0.6458333333333334, time=86.2219922542572
18-06-2022 00:11:31|INFO|s03|10-CV=0.67625|STD=0.03390|Time spend=867.8777205944061
18-06-2022 00:11:34|INFO|Running Split-First
18-06-2022 00:11:34|INFO|X.shape=(2400, 160), y.shape=(2400,), groups.shape=(2400,)
18-06-2022 00:11:34|INFO|Is groups None: True 
18-06-2022 00:12:54|INFO|1/10|grid.best_params_={'C': 10000000000.0, 'gamma': 1e-09, 'kernel': 'rbf', 'max_iter': 1000}, grid.best_score_=0.6837962962962963, grid.best_index_=42, acc=0.6208333333333333, time=79.89106798171997
18-06-2022 00:12:54|INFO|Is groups None: True 
18-06-2022 00:14:14|INFO|2/10|grid.best_params_={'C': 10000000000.0, 'gamma': 1e-09, 'kernel': 'rbf', 'max_iter': 1000}, grid.best_score_=0.6745370370370369, grid.best_index_=42, acc=0.6958333333333333, time=79.72161030769348
18-06-2022 00:14:14|INFO|Is groups None: True 
18-06-2022 00:15:33|INFO|3/10|grid.best_params_={'C': 100000000.0, 'gamma': 1e-09, 'kernel': 'rbf', 'max_iter': 1000}, grid.best_score_=0.675, grid.best_index_=35, acc=0.6541666666666667, time=79.00730919837952
18-06-2022 00:15:33|INFO|Is groups None: True 
18-06-2022 00:16:52|INFO|4/10|grid.best_params_={'C': 10000000000.0, 'gamma': 1e-09, 'kernel': 'rbf', 'max_iter': 1000}, grid.best_score_=0.6782407407407407, grid.best_index_=42, acc=0.6583333333333333, time=79.655757188797
18-06-2022 00:16:52|INFO|Is groups None: True 
18-06-2022 00:18:13|INFO|5/10|grid.best_params_={'C': 10000000000.0, 'gamma': 1e-09, 'kernel': 'rbf', 'max_iter': 1000}, grid.best_score_=0.6777777777777778, grid.best_index_=42, acc=0.6541666666666667, time=80.68629360198975
18-06-2022 00:18:13|INFO|Is groups None: True 
18-06-2022 00:19:34|INFO|6/10|grid.best_params_={'C': 10000.0, 'gamma': 1e-07, 'kernel': 'rbf', 'max_iter': 1000}, grid.best_score_=0.6662037037037037, grid.best_index_=22, acc=0.6958333333333333, time=81.12400507926941
18-06-2022 00:19:34|INFO|Is groups None: True 
18-06-2022 00:20:56|INFO|7/10|grid.best_params_={'C': 100000000.0, 'gamma': 1e-09, 'kernel': 'rbf', 'max_iter': 1000}, grid.best_score_=0.6805555555555556, grid.best_index_=35, acc=0.6666666666666666, time=81.24798107147217
18-06-2022 00:20:56|INFO|Is groups None: True 
18-06-2022 00:22:16|INFO|8/10|grid.best_params_={'C': 10000000000.0, 'gamma': 1e-09, 'kernel': 'rbf', 'max_iter': 1000}, grid.best_score_=0.6722222222222222, grid.best_index_=42, acc=0.6916666666666667, time=80.38521528244019
18-06-2022 00:22:16|INFO|Is groups None: True 
18-06-2022 00:23:36|INFO|9/10|grid.best_params_={'C': 10000000000.0, 'gamma': 1e-09, 'kernel': 'rbf', 'max_iter': 1000}, grid.best_score_=0.6828703703703703, grid.best_index_=42, acc=0.6583333333333333, time=80.3906557559967
18-06-2022 00:23:36|INFO|Is groups None: True 
18-06-2022 00:24:58|INFO|10/10|grid.best_params_={'C': 100.0, 'gamma': 1e-05, 'kernel': 'rbf', 'max_iter': 1000}, grid.best_score_=0.6773148148148148, grid.best_index_=16, acc=0.6291666666666667, time=81.61169910430908
18-06-2022 00:24:58|INFO|s04|10-CV=0.66250|STD=0.02472|Time spend=807.4263441562653
18-06-2022 00:25:02|INFO|Running Split-First
18-06-2022 00:25:02|INFO|X.shape=(2400, 160), y.shape=(2400,), groups.shape=(2400,)
18-06-2022 00:25:02|INFO|Is groups None: True 
18-06-2022 00:26:22|INFO|1/10|grid.best_params_={'C': 10000000000.0, 'gamma': 1e-09, 'kernel': 'rbf', 'max_iter': 1000}, grid.best_score_=0.650462962962963, grid.best_index_=42, acc=0.6333333333333333, time=80.68766498565674
18-06-2022 00:26:22|INFO|Is groups None: True 
18-06-2022 00:27:44|INFO|2/10|grid.best_params_={'C': 1000000.0, 'gamma': 1e-09, 'kernel': 'rbf', 'max_iter': 1000}, grid.best_score_=0.6402777777777778, grid.best_index_=28, acc=0.6833333333333333, time=81.55440521240234
18-06-2022 00:27:44|INFO|Is groups None: True 
18-06-2022 00:29:04|INFO|3/10|grid.best_params_={'C': 1000000.0, 'gamma': 1e-09, 'kernel': 'rbf', 'max_iter': 1000}, grid.best_score_=0.6472222222222221, grid.best_index_=28, acc=0.6416666666666667, time=80.3717725276947
18-06-2022 00:29:04|INFO|Is groups None: True 
18-06-2022 00:30:24|INFO|4/10|grid.best_params_={'C': 10000000000.0, 'gamma': 1e-09, 'kernel': 'rbf', 'max_iter': 1000}, grid.best_score_=0.6481481481481481, grid.best_index_=42, acc=0.65, time=80.06138730049133
18-06-2022 00:30:24|INFO|Is groups None: True 
18-06-2022 00:31:46|INFO|5/10|grid.best_params_={'C': 100000000.0, 'gamma': 1e-09, 'kernel': 'rbf', 'max_iter': 1000}, grid.best_score_=0.6439814814814814, grid.best_index_=35, acc=0.6166666666666667, time=81.50417518615723
18-06-2022 00:31:46|INFO|Is groups None: True 
18-06-2022 00:33:07|INFO|6/10|grid.best_params_={'C': 100000000.0, 'gamma': 1e-09, 'kernel': 'rbf', 'max_iter': 1000}, grid.best_score_=0.6523148148148148, grid.best_index_=35, acc=0.6125, time=80.89135909080505
18-06-2022 00:33:07|INFO|Is groups None: True 
18-06-2022 00:34:27|INFO|7/10|grid.best_params_={'C': 100000000.0, 'gamma': 1e-09, 'kernel': 'rbf', 'max_iter': 1000}, grid.best_score_=0.6486111111111111, grid.best_index_=35, acc=0.575, time=80.66173124313354
18-06-2022 00:34:27|INFO|Is groups None: True 
18-06-2022 00:35:47|INFO|8/10|grid.best_params_={'C': 10000000000.0, 'gamma': 1e-09, 'kernel': 'rbf', 'max_iter': 1000}, grid.best_score_=0.6375000000000001, grid.best_index_=42, acc=0.675, time=79.79267907142639
18-06-2022 00:35:47|INFO|Is groups None: True 
18-06-2022 00:37:09|INFO|9/10|grid.best_params_={'C': 1000000.0, 'gamma': 1e-09, 'kernel': 'rbf', 'max_iter': 1000}, grid.best_score_=0.648611111111111, grid.best_index_=28, acc=0.6375, time=81.3961660861969
18-06-2022 00:37:09|INFO|Is groups None: True 
18-06-2022 00:38:29|INFO|10/10|grid.best_params_={'C': 100000000.0, 'gamma': 1e-09, 'kernel': 'rbf', 'max_iter': 1000}, grid.best_score_=0.6462962962962963, grid.best_index_=35, acc=0.65, time=80.80324339866638
18-06-2022 00:38:29|INFO|s05|10-CV=0.63750|STD=0.02970|Time spend=811.4843509197235
18-06-2022 00:38:33|INFO|Running Split-First
18-06-2022 00:38:33|INFO|X.shape=(2400, 160), y.shape=(2400,), groups.shape=(2400,)
18-06-2022 00:38:33|INFO|Is groups None: True 
18-06-2022 00:39:40|INFO|1/10|grid.best_params_={'C': 10000000000.0, 'gamma': 1e-09, 'kernel': 'rbf', 'max_iter': 1000}, grid.best_score_=0.7518518518518518, grid.best_index_=42, acc=0.7541666666666667, time=66.66122055053711
18-06-2022 00:39:40|INFO|Is groups None: True 
18-06-2022 00:40:46|INFO|2/10|grid.best_params_={'C': 100000000.0, 'gamma': 1e-09, 'kernel': 'rbf', 'max_iter': 1000}, grid.best_score_=0.7583333333333333, grid.best_index_=35, acc=0.75, time=65.74022936820984
18-06-2022 00:40:46|INFO|Is groups None: True 
18-06-2022 00:41:51|INFO|3/10|grid.best_params_={'C': 1000000.0, 'gamma': 1e-09, 'kernel': 'rbf', 'max_iter': 1000}, grid.best_score_=0.7504629629629629, grid.best_index_=28, acc=0.75, time=65.60731959342957
18-06-2022 00:41:51|INFO|Is groups None: True 
18-06-2022 00:42:57|INFO|4/10|grid.best_params_={'C': 100000000.0, 'gamma': 1e-09, 'kernel': 'rbf', 'max_iter': 1000}, grid.best_score_=0.7541666666666667, grid.best_index_=35, acc=0.7541666666666667, time=65.65724277496338
18-06-2022 00:42:57|INFO|Is groups None: True 
18-06-2022 00:44:03|INFO|5/10|grid.best_params_={'C': 1000000.0, 'gamma': 1e-09, 'kernel': 'rbf', 'max_iter': 1000}, grid.best_score_=0.7504629629629629, grid.best_index_=28, acc=0.7541666666666667, time=65.88973665237427
18-06-2022 00:44:03|INFO|Is groups None: True 
18-06-2022 00:45:08|INFO|6/10|grid.best_params_={'C': 0.01, 'gamma': 1e-09, 'kernel': 'rbf', 'max_iter': 1000}, grid.best_score_=0.75, grid.best_index_=0, acc=0.75, time=65.71538376808167
18-06-2022 00:45:08|INFO|Is groups None: True 
18-06-2022 00:46:14|INFO|7/10|grid.best_params_={'C': 100000000.0, 'gamma': 1e-09, 'kernel': 'rbf', 'max_iter': 1000}, grid.best_score_=0.7513888888888889, grid.best_index_=35, acc=0.7458333333333333, time=65.84273982048035
18-06-2022 00:46:14|INFO|Is groups None: True 
18-06-2022 00:47:20|INFO|8/10|grid.best_params_={'C': 10000000000.0, 'gamma': 1e-09, 'kernel': 'rbf', 'max_iter': 1000}, grid.best_score_=0.7518518518518519, grid.best_index_=42, acc=0.7458333333333333, time=66.03512477874756
18-06-2022 00:47:20|INFO|Is groups None: True 
18-06-2022 00:48:26|INFO|9/10|grid.best_params_={'C': 100000000.0, 'gamma': 1e-09, 'kernel': 'rbf', 'max_iter': 1000}, grid.best_score_=0.751851851851852, grid.best_index_=35, acc=0.7458333333333333, time=65.88815331459045
18-06-2022 00:48:26|INFO|Is groups None: True 
18-06-2022 00:49:33|INFO|10/10|grid.best_params_={'C': 10000000000.0, 'gamma': 1e-09, 'kernel': 'rbf', 'max_iter': 1000}, grid.best_score_=0.7537037037037037, grid.best_index_=42, acc=0.75, time=66.45940494537354
18-06-2022 00:49:33|INFO|s06|10-CV=0.75000|STD=0.00323|Time spend=663.263044834137
18-06-2022 00:49:36|INFO|Running Split-First
18-06-2022 00:49:36|INFO|X.shape=(2400, 160), y.shape=(2400,), groups.shape=(2400,)
18-06-2022 00:49:36|INFO|Is groups None: True 
18-06-2022 00:50:47|INFO|1/10|grid.best_params_={'C': 100000000.0, 'gamma': 1e-09, 'kernel': 'rbf', 'max_iter': 1000}, grid.best_score_=0.7152777777777778, grid.best_index_=35, acc=0.7, time=70.09273958206177
18-06-2022 00:50:47|INFO|Is groups None: True 
18-06-2022 00:51:57|INFO|2/10|grid.best_params_={'C': 100000000.0, 'gamma': 1e-09, 'kernel': 'rbf', 'max_iter': 1000}, grid.best_score_=0.7152777777777777, grid.best_index_=35, acc=0.7416666666666667, time=70.75399565696716
18-06-2022 00:51:57|INFO|Is groups None: True 
18-06-2022 00:53:08|INFO|3/10|grid.best_params_={'C': 1000000.0, 'gamma': 1e-09, 'kernel': 'rbf', 'max_iter': 1000}, grid.best_score_=0.7074074074074075, grid.best_index_=28, acc=0.7291666666666666, time=70.65765452384949
18-06-2022 00:53:08|INFO|Is groups None: True 
18-06-2022 00:54:18|INFO|4/10|grid.best_params_={'C': 10000000000.0, 'gamma': 1e-09, 'kernel': 'rbf', 'max_iter': 1000}, grid.best_score_=0.710648148148148, grid.best_index_=42, acc=0.7291666666666666, time=70.01993179321289
18-06-2022 00:54:18|INFO|Is groups None: True 
18-06-2022 00:55:30|INFO|5/10|grid.best_params_={'C': 1000000.0, 'gamma': 1e-09, 'kernel': 'rbf', 'max_iter': 1000}, grid.best_score_=0.7097222222222223, grid.best_index_=28, acc=0.7208333333333333, time=71.77944755554199
18-06-2022 00:55:30|INFO|Is groups None: True 
18-06-2022 00:56:40|INFO|6/10|grid.best_params_={'C': 100000000.0, 'gamma': 1e-09, 'kernel': 'rbf', 'max_iter': 1000}, grid.best_score_=0.7115740740740741, grid.best_index_=35, acc=0.7083333333333334, time=70.47493577003479
18-06-2022 00:56:40|INFO|Is groups None: True 
18-06-2022 00:57:50|INFO|7/10|grid.best_params_={'C': 10000000000.0, 'gamma': 1e-09, 'kernel': 'rbf', 'max_iter': 1000}, grid.best_score_=0.7083333333333334, grid.best_index_=42, acc=0.7333333333333333, time=69.62561130523682
18-06-2022 00:57:50|INFO|Is groups None: True 
18-06-2022 00:59:01|INFO|8/10|grid.best_params_={'C': 100000000.0, 'gamma': 1e-09, 'kernel': 'rbf', 'max_iter': 1000}, grid.best_score_=0.7152777777777778, grid.best_index_=35, acc=0.6875, time=70.61475157737732
18-06-2022 00:59:01|INFO|Is groups None: True 
18-06-2022 01:00:10|INFO|9/10|grid.best_params_={'C': 100000000.0, 'gamma': 1e-09, 'kernel': 'rbf', 'max_iter': 1000}, grid.best_score_=0.7189814814814816, grid.best_index_=35, acc=0.7083333333333334, time=69.6061794757843
18-06-2022 01:00:10|INFO|Is groups None: True 
18-06-2022 01:01:20|INFO|10/10|grid.best_params_={'C': 1000000.0, 'gamma': 1e-09, 'kernel': 'rbf', 'max_iter': 1000}, grid.best_score_=0.7138888888888889, grid.best_index_=28, acc=0.6958333333333333, time=69.96332788467407
18-06-2022 01:01:20|INFO|s07|10-CV=0.71542|STD=0.01708|Time spend=707.400646686554
18-06-2022 01:01:24|INFO|Running Split-First
18-06-2022 01:01:24|INFO|X.shape=(2400, 160), y.shape=(2400,), groups.shape=(2400,)
18-06-2022 01:01:24|INFO|Is groups None: True 
18-06-2022 01:02:50|INFO|1/10|grid.best_params_={'C': 10000000000.0, 'gamma': 1e-09, 'kernel': 'rbf', 'max_iter': 1000}, grid.best_score_=0.6398148148148148, grid.best_index_=42, acc=0.5791666666666667, time=86.68064761161804
18-06-2022 01:02:50|INFO|Is groups None: True 
18-06-2022 01:04:18|INFO|2/10|grid.best_params_={'C': 10000000000.0, 'gamma': 1e-09, 'kernel': 'rbf', 'max_iter': 1000}, grid.best_score_=0.6351851851851852, grid.best_index_=42, acc=0.5875, time=87.58891081809998
18-06-2022 01:04:18|INFO|Is groups None: True 
18-06-2022 01:05:44|INFO|3/10|grid.best_params_={'C': 100000000.0, 'gamma': 1e-09, 'kernel': 'rbf', 'max_iter': 1000}, grid.best_score_=0.6287037037037037, grid.best_index_=35, acc=0.6708333333333333, time=86.12969589233398
18-06-2022 01:05:44|INFO|Is groups None: True 
18-06-2022 01:07:11|INFO|4/10|grid.best_params_={'C': 10000000000.0, 'gamma': 1e-09, 'kernel': 'rbf', 'max_iter': 1000}, grid.best_score_=0.6282407407407408, grid.best_index_=42, acc=0.6166666666666667, time=86.48985242843628
18-06-2022 01:07:11|INFO|Is groups None: True 
18-06-2022 01:08:38|INFO|5/10|grid.best_params_={'C': 1.0, 'gamma': 0.001, 'kernel': 'rbf', 'max_iter': 1000}, grid.best_score_=0.6185185185185186, grid.best_index_=10, acc=0.6541666666666667, time=87.40390920639038
18-06-2022 01:08:38|INFO|Is groups None: True 
18-06-2022 01:10:07|INFO|6/10|grid.best_params_={'C': 100000000.0, 'gamma': 1e-09, 'kernel': 'rbf', 'max_iter': 1000}, grid.best_score_=0.6259259259259259, grid.best_index_=35, acc=0.6291666666666667, time=89.42609763145447
18-06-2022 01:10:07|INFO|Is groups None: True 
18-06-2022 01:11:34|INFO|7/10|grid.best_params_={'C': 100000000.0, 'gamma': 1e-09, 'kernel': 'rbf', 'max_iter': 1000}, grid.best_score_=0.6208333333333335, grid.best_index_=35, acc=0.6666666666666666, time=86.04971861839294
18-06-2022 01:11:34|INFO|Is groups None: True 
18-06-2022 01:13:01|INFO|8/10|grid.best_params_={'C': 100000000.0, 'gamma': 1e-09, 'kernel': 'rbf', 'max_iter': 1000}, grid.best_score_=0.6347222222222222, grid.best_index_=35, acc=0.5375, time=87.08215355873108
18-06-2022 01:13:01|INFO|Is groups None: True 
18-06-2022 01:14:28|INFO|9/10|grid.best_params_={'C': 100000000.0, 'gamma': 1e-09, 'kernel': 'rbf', 'max_iter': 1000}, grid.best_score_=0.6300925925925925, grid.best_index_=35, acc=0.6208333333333333, time=87.42232871055603
18-06-2022 01:14:28|INFO|Is groups None: True 
18-06-2022 01:15:55|INFO|10/10|grid.best_params_={'C': 10000.0, 'gamma': 1e-07, 'kernel': 'rbf', 'max_iter': 1000}, grid.best_score_=0.6324074074074074, grid.best_index_=22, acc=0.5375, time=87.10490107536316
18-06-2022 01:15:55|INFO|s08|10-CV=0.61000|STD=0.04622|Time spend=875.0188665390015
18-06-2022 01:15:59|INFO|Running Split-First
18-06-2022 01:15:59|INFO|X.shape=(2400, 160), y.shape=(2400,), groups.shape=(2400,)
18-06-2022 01:15:59|INFO|Is groups None: True 
18-06-2022 01:17:26|INFO|1/10|grid.best_params_={'C': 1.0, 'gamma': 0.001, 'kernel': 'rbf', 'max_iter': 1000}, grid.best_score_=0.7407407407407407, grid.best_index_=10, acc=0.6208333333333333, time=87.18451023101807
18-06-2022 01:17:26|INFO|Is groups None: True 
18-06-2022 01:18:54|INFO|2/10|grid.best_params_={'C': 10000.0, 'gamma': 1e-07, 'kernel': 'rbf', 'max_iter': 1000}, grid.best_score_=0.726388888888889, grid.best_index_=22, acc=0.6958333333333333, time=88.04537272453308
18-06-2022 01:18:54|INFO|Is groups None: True 
18-06-2022 01:20:23|INFO|3/10|grid.best_params_={'C': 1.0, 'gamma': 0.001, 'kernel': 'rbf', 'max_iter': 1000}, grid.best_score_=0.7273148148148149, grid.best_index_=10, acc=0.7291666666666666, time=88.51524615287781
18-06-2022 01:20:23|INFO|Is groups None: True 
18-06-2022 01:21:52|INFO|4/10|grid.best_params_={'C': 1.0, 'gamma': 0.001, 'kernel': 'rbf', 'max_iter': 1000}, grid.best_score_=0.7305555555555556, grid.best_index_=10, acc=0.725, time=89.25085067749023
18-06-2022 01:21:52|INFO|Is groups None: True 
18-06-2022 01:23:20|INFO|5/10|grid.best_params_={'C': 1.0, 'gamma': 0.001, 'kernel': 'rbf', 'max_iter': 1000}, grid.best_score_=0.7291666666666666, grid.best_index_=10, acc=0.7333333333333333, time=88.56643009185791
18-06-2022 01:23:20|INFO|Is groups None: True 
18-06-2022 01:24:49|INFO|6/10|grid.best_params_={'C': 100.0, 'gamma': 1e-05, 'kernel': 'rbf', 'max_iter': 1000}, grid.best_score_=0.7254629629629629, grid.best_index_=16, acc=0.725, time=88.27427244186401
18-06-2022 01:24:49|INFO|Is groups None: True 
18-06-2022 01:26:18|INFO|7/10|grid.best_params_={'C': 1.0, 'gamma': 0.001, 'kernel': 'rbf', 'max_iter': 1000}, grid.best_score_=0.7217592592592592, grid.best_index_=10, acc=0.7458333333333333, time=88.9823830127716
18-06-2022 01:26:18|INFO|Is groups None: True 
18-06-2022 01:27:47|INFO|8/10|grid.best_params_={'C': 1.0, 'gamma': 0.001, 'kernel': 'rbf', 'max_iter': 1000}, grid.best_score_=0.7240740740740741, grid.best_index_=10, acc=0.7333333333333333, time=88.89422988891602
18-06-2022 01:27:47|INFO|Is groups None: True 
18-06-2022 01:29:14|INFO|9/10|grid.best_params_={'C': 100.0, 'gamma': 1e-05, 'kernel': 'rbf', 'max_iter': 1000}, grid.best_score_=0.7212962962962963, grid.best_index_=16, acc=0.7875, time=86.9164354801178
18-06-2022 01:29:14|INFO|Is groups None: True 
18-06-2022 01:30:41|INFO|10/10|grid.best_params_={'C': 1.0, 'gamma': 0.001, 'kernel': 'rbf', 'max_iter': 1000}, grid.best_score_=0.7226851851851851, grid.best_index_=10, acc=0.7625, time=87.95326137542725
18-06-2022 01:30:41|INFO|s09|10-CV=0.72583|STD=0.04195|Time spend=886.3400719165802
18-06-2022 01:30:45|INFO|Running Split-First
18-06-2022 01:30:45|INFO|X.shape=(2400, 160), y.shape=(2400,), groups.shape=(2400,)
18-06-2022 01:30:45|INFO|Is groups None: True 
18-06-2022 01:32:08|INFO|1/10|grid.best_params_={'C': 10000000000.0, 'gamma': 1e-09, 'kernel': 'rbf', 'max_iter': 1000}, grid.best_score_=0.8074074074074074, grid.best_index_=42, acc=0.7416666666666667, time=83.18227434158325
18-06-2022 01:32:08|INFO|Is groups None: True 
18-06-2022 01:33:32|INFO|2/10|grid.best_params_={'C': 10000000000.0, 'gamma': 1e-09, 'kernel': 'rbf', 'max_iter': 1000}, grid.best_score_=0.800462962962963, grid.best_index_=42, acc=0.7666666666666667, time=83.37085127830505
18-06-2022 01:33:32|INFO|Is groups None: True 
18-06-2022 01:34:55|INFO|3/10|grid.best_params_={'C': 100000000.0, 'gamma': 1e-09, 'kernel': 'rbf', 'max_iter': 1000}, grid.best_score_=0.7981481481481482, grid.best_index_=35, acc=0.8041666666666667, time=83.52787613868713
18-06-2022 01:34:55|INFO|Is groups None: True 
18-06-2022 01:36:19|INFO|4/10|grid.best_params_={'C': 10000000000.0, 'gamma': 1e-09, 'kernel': 'rbf', 'max_iter': 1000}, grid.best_score_=0.7990740740740742, grid.best_index_=42, acc=0.7875, time=83.83992314338684
18-06-2022 01:36:19|INFO|Is groups None: True 
18-06-2022 01:37:44|INFO|5/10|grid.best_params_={'C': 100000000.0, 'gamma': 1e-09, 'kernel': 'rbf', 'max_iter': 1000}, grid.best_score_=0.8037037037037036, grid.best_index_=35, acc=0.8125, time=84.75886654853821
18-06-2022 01:37:44|INFO|Is groups None: True 
18-06-2022 01:39:08|INFO|6/10|grid.best_params_={'C': 100000000.0, 'gamma': 1e-09, 'kernel': 'rbf', 'max_iter': 1000}, grid.best_score_=0.7986111111111112, grid.best_index_=35, acc=0.8083333333333333, time=84.06782054901123
18-06-2022 01:39:08|INFO|Is groups None: True 
18-06-2022 01:40:34|INFO|7/10|grid.best_params_={'C': 100000000.0, 'gamma': 1e-09, 'kernel': 'rbf', 'max_iter': 1000}, grid.best_score_=0.8046296296296297, grid.best_index_=35, acc=0.775, time=85.8426342010498
18-06-2022 01:40:34|INFO|Is groups None: True 
18-06-2022 01:41:59|INFO|8/10|grid.best_params_={'C': 100000000.0, 'gamma': 1e-09, 'kernel': 'rbf', 'max_iter': 1000}, grid.best_score_=0.8009259259259259, grid.best_index_=35, acc=0.7916666666666666, time=84.82492756843567
18-06-2022 01:41:59|INFO|Is groups None: True 
18-06-2022 01:43:23|INFO|9/10|grid.best_params_={'C': 100000000.0, 'gamma': 1e-09, 'kernel': 'rbf', 'max_iter': 1000}, grid.best_score_=0.8018518518518518, grid.best_index_=35, acc=0.825, time=84.68869662284851
18-06-2022 01:43:23|INFO|Is groups None: True 
18-06-2022 01:44:46|INFO|10/10|grid.best_params_={'C': 100000000.0, 'gamma': 1e-09, 'kernel': 'rbf', 'max_iter': 1000}, grid.best_score_=0.7958333333333334, grid.best_index_=35, acc=0.8416666666666667, time=82.76932263374329
18-06-2022 01:44:46|INFO|s10|10-CV=0.79542|STD=0.02785|Time spend=844.580983877182
18-06-2022 01:44:50|INFO|Running Split-First
18-06-2022 01:44:50|INFO|X.shape=(2400, 160), y.shape=(2400,), groups.shape=(2400,)
18-06-2022 01:44:50|INFO|Is groups None: True 
18-06-2022 01:46:09|INFO|1/10|grid.best_params_={'C': 100000000.0, 'gamma': 1e-09, 'kernel': 'rbf', 'max_iter': 1000}, grid.best_score_=0.6259259259259259, grid.best_index_=35, acc=0.6333333333333333, time=79.17035388946533
18-06-2022 01:46:09|INFO|Is groups None: True 
18-06-2022 01:47:29|INFO|2/10|grid.best_params_={'C': 10000000000.0, 'gamma': 1e-09, 'kernel': 'rbf', 'max_iter': 1000}, grid.best_score_=0.6189814814814815, grid.best_index_=42, acc=0.6375, time=79.7841010093689
18-06-2022 01:47:29|INFO|Is groups None: True 
18-06-2022 01:48:48|INFO|3/10|grid.best_params_={'C': 10000000000.0, 'gamma': 1e-09, 'kernel': 'rbf', 'max_iter': 1000}, grid.best_score_=0.636574074074074, grid.best_index_=42, acc=0.625, time=79.54140520095825
18-06-2022 01:48:48|INFO|Is groups None: True 
18-06-2022 01:50:08|INFO|4/10|grid.best_params_={'C': 10000000000.0, 'gamma': 1e-09, 'kernel': 'rbf', 'max_iter': 1000}, grid.best_score_=0.6342592592592593, grid.best_index_=42, acc=0.5791666666666667, time=80.00489330291748
18-06-2022 01:50:08|INFO|Is groups None: True 
18-06-2022 01:51:29|INFO|5/10|grid.best_params_={'C': 10000000000.0, 'gamma': 1e-09, 'kernel': 'rbf', 'max_iter': 1000}, grid.best_score_=0.624537037037037, grid.best_index_=42, acc=0.6625, time=80.33409476280212
18-06-2022 01:51:29|INFO|Is groups None: True 
18-06-2022 01:52:49|INFO|6/10|grid.best_params_={'C': 100000000.0, 'gamma': 1e-09, 'kernel': 'rbf', 'max_iter': 1000}, grid.best_score_=0.6194444444444444, grid.best_index_=35, acc=0.65, time=80.58045601844788
18-06-2022 01:52:49|INFO|Is groups None: True 
18-06-2022 01:54:09|INFO|7/10|grid.best_params_={'C': 1000000.0, 'gamma': 1e-09, 'kernel': 'rbf', 'max_iter': 1000}, grid.best_score_=0.6249999999999999, grid.best_index_=28, acc=0.6291666666666667, time=80.21822047233582
18-06-2022 01:54:09|INFO|Is groups None: True 
18-06-2022 01:55:30|INFO|8/10|grid.best_params_={'C': 100000000.0, 'gamma': 1e-09, 'kernel': 'rbf', 'max_iter': 1000}, grid.best_score_=0.6277777777777778, grid.best_index_=35, acc=0.6041666666666666, time=80.6892020702362
18-06-2022 01:55:30|INFO|Is groups None: True 
18-06-2022 01:56:49|INFO|9/10|grid.best_params_={'C': 10000000000.0, 'gamma': 1e-09, 'kernel': 'rbf', 'max_iter': 1000}, grid.best_score_=0.6287037037037037, grid.best_index_=42, acc=0.6541666666666667, time=79.11466312408447
18-06-2022 01:56:49|INFO|Is groups None: True 
18-06-2022 01:58:09|INFO|10/10|grid.best_params_={'C': 10000000000.0, 'gamma': 1e-09, 'kernel': 'rbf', 'max_iter': 1000}, grid.best_score_=0.6319444444444444, grid.best_index_=42, acc=0.6166666666666667, time=79.46703600883484
18-06-2022 01:58:09|INFO|s11|10-CV=0.62917|STD=0.02357|Time spend=802.6700866222382
18-06-2022 01:58:12|INFO|Running Split-First
18-06-2022 01:58:12|INFO|X.shape=(2400, 160), y.shape=(2400,), groups.shape=(2400,)
18-06-2022 01:58:12|INFO|Is groups None: True 
18-06-2022 01:59:39|INFO|1/10|grid.best_params_={'C': 1000000.0, 'gamma': 1e-09, 'kernel': 'rbf', 'max_iter': 1000}, grid.best_score_=0.6416666666666666, grid.best_index_=28, acc=0.6833333333333333, time=86.89287519454956
18-06-2022 01:59:39|INFO|Is groups None: True 
18-06-2022 02:01:06|INFO|2/10|grid.best_params_={'C': 10000.0, 'gamma': 1e-07, 'kernel': 'rbf', 'max_iter': 1000}, grid.best_score_=0.6509259259259258, grid.best_index_=22, acc=0.6375, time=86.89823341369629
18-06-2022 02:01:06|INFO|Is groups None: True 
18-06-2022 02:02:35|INFO|3/10|grid.best_params_={'C': 10000.0, 'gamma': 1e-07, 'kernel': 'rbf', 'max_iter': 1000}, grid.best_score_=0.6462962962962963, grid.best_index_=22, acc=0.65, time=88.68395376205444
18-06-2022 02:02:35|INFO|Is groups None: True 
18-06-2022 02:04:02|INFO|4/10|grid.best_params_={'C': 1000000.0, 'gamma': 1e-09, 'kernel': 'rbf', 'max_iter': 1000}, grid.best_score_=0.6449074074074074, grid.best_index_=28, acc=0.6416666666666667, time=86.98082137107849
18-06-2022 02:04:02|INFO|Is groups None: True 
18-06-2022 02:05:29|INFO|5/10|grid.best_params_={'C': 100.0, 'gamma': 1e-05, 'kernel': 'rbf', 'max_iter': 1000}, grid.best_score_=0.6532407407407408, grid.best_index_=16, acc=0.6541666666666667, time=86.80006432533264
18-06-2022 02:05:29|INFO|Is groups None: True 
18-06-2022 02:06:56|INFO|6/10|grid.best_params_={'C': 1.0, 'gamma': 0.001, 'kernel': 'rbf', 'max_iter': 1000}, grid.best_score_=0.6472222222222223, grid.best_index_=10, acc=0.6416666666666667, time=86.94419312477112
18-06-2022 02:06:56|INFO|Is groups None: True 
18-06-2022 02:08:22|INFO|7/10|grid.best_params_={'C': 100000000.0, 'gamma': 1e-09, 'kernel': 'rbf', 'max_iter': 1000}, grid.best_score_=0.6444444444444444, grid.best_index_=35, acc=0.6291666666666667, time=86.21129870414734
18-06-2022 02:08:22|INFO|Is groups None: True 
18-06-2022 02:09:49|INFO|8/10|grid.best_params_={'C': 1000000.0, 'gamma': 1e-09, 'kernel': 'rbf', 'max_iter': 1000}, grid.best_score_=0.649537037037037, grid.best_index_=28, acc=0.6166666666666667, time=87.14912104606628
18-06-2022 02:09:49|INFO|Is groups None: True 
18-06-2022 02:11:18|INFO|9/10|grid.best_params_={'C': 10000.0, 'gamma': 1e-07, 'kernel': 'rbf', 'max_iter': 1000}, grid.best_score_=0.6472222222222221, grid.best_index_=22, acc=0.675, time=88.56453919410706
18-06-2022 02:11:18|INFO|Is groups None: True 
18-06-2022 02:12:45|INFO|10/10|grid.best_params_={'C': 1000000.0, 'gamma': 1e-09, 'kernel': 'rbf', 'max_iter': 1000}, grid.best_score_=0.6560185185185184, grid.best_index_=28, acc=0.5666666666666667, time=87.86853814125061
18-06-2022 02:12:45|INFO|s12|10-CV=0.63958|STD=0.03075|Time spend=876.6661694049835
18-06-2022 02:12:49|INFO|Running Split-First
18-06-2022 02:12:49|INFO|X.shape=(2400, 160), y.shape=(2400,), groups.shape=(2400,)
18-06-2022 02:12:49|INFO|Is groups None: True 
18-06-2022 02:14:09|INFO|1/10|grid.best_params_={'C': 10000.0, 'gamma': 1e-07, 'kernel': 'rbf', 'max_iter': 1000}, grid.best_score_=0.7740740740740741, grid.best_index_=22, acc=0.6708333333333333, time=80.20031261444092
18-06-2022 02:14:09|INFO|Is groups None: True 
18-06-2022 02:15:30|INFO|2/10|grid.best_params_={'C': 100.0, 'gamma': 1e-05, 'kernel': 'rbf', 'max_iter': 1000}, grid.best_score_=0.7680555555555556, grid.best_index_=16, acc=0.7375, time=80.33478617668152
18-06-2022 02:15:30|INFO|Is groups None: True 
18-06-2022 02:16:51|INFO|3/10|grid.best_params_={'C': 10000.0, 'gamma': 1e-07, 'kernel': 'rbf', 'max_iter': 1000}, grid.best_score_=0.7643518518518517, grid.best_index_=22, acc=0.7666666666666667, time=81.09736824035645
18-06-2022 02:16:51|INFO|Is groups None: True 
18-06-2022 02:18:11|INFO|4/10|grid.best_params_={'C': 100.0, 'gamma': 1e-05, 'kernel': 'rbf', 'max_iter': 1000}, grid.best_score_=0.7671296296296296, grid.best_index_=16, acc=0.7375, time=80.56342101097107
18-06-2022 02:18:11|INFO|Is groups None: True 
18-06-2022 02:19:31|INFO|5/10|grid.best_params_={'C': 1000000.0, 'gamma': 1e-09, 'kernel': 'rbf', 'max_iter': 1000}, grid.best_score_=0.764351851851852, grid.best_index_=28, acc=0.75, time=80.07307386398315
18-06-2022 02:19:31|INFO|Is groups None: True 
18-06-2022 02:20:53|INFO|6/10|grid.best_params_={'C': 10000.0, 'gamma': 1e-07, 'kernel': 'rbf', 'max_iter': 1000}, grid.best_score_=0.7615740740740742, grid.best_index_=22, acc=0.775, time=81.77392983436584
18-06-2022 02:20:53|INFO|Is groups None: True 
18-06-2022 02:22:13|INFO|7/10|grid.best_params_={'C': 100.0, 'gamma': 1e-05, 'kernel': 'rbf', 'max_iter': 1000}, grid.best_score_=0.7638888888888888, grid.best_index_=16, acc=0.7666666666666667, time=80.3437283039093
18-06-2022 02:22:13|INFO|Is groups None: True 
18-06-2022 02:23:35|INFO|8/10|grid.best_params_={'C': 10000.0, 'gamma': 1e-07, 'kernel': 'rbf', 'max_iter': 1000}, grid.best_score_=0.7583333333333333, grid.best_index_=22, acc=0.7916666666666666, time=81.83548760414124
18-06-2022 02:23:35|INFO|Is groups None: True 
18-06-2022 02:24:57|INFO|9/10|grid.best_params_={'C': 10000.0, 'gamma': 1e-07, 'kernel': 'rbf', 'max_iter': 1000}, grid.best_score_=0.7574074074074075, grid.best_index_=22, acc=0.8083333333333333, time=81.50058245658875
18-06-2022 02:24:57|INFO|Is groups None: True 
18-06-2022 02:26:19|INFO|10/10|grid.best_params_={'C': 10000.0, 'gamma': 1e-07, 'kernel': 'rbf', 'max_iter': 1000}, grid.best_score_=0.7592592592592592, grid.best_index_=22, acc=0.8083333333333333, time=82.20360255241394
18-06-2022 02:26:19|INFO|s13|10-CV=0.76125|STD=0.03878|Time spend=813.6240656375885
18-06-2022 02:26:23|INFO|Running Split-First
18-06-2022 02:26:23|INFO|X.shape=(2400, 160), y.shape=(2400,), groups.shape=(2400,)
18-06-2022 02:26:23|INFO|Is groups None: True 
18-06-2022 02:27:49|INFO|1/10|grid.best_params_={'C': 10000000000.0, 'gamma': 1e-09, 'kernel': 'rbf', 'max_iter': 1000}, grid.best_score_=0.736574074074074, grid.best_index_=42, acc=0.55, time=85.86432933807373
18-06-2022 02:27:49|INFO|Is groups None: True 
18-06-2022 02:29:14|INFO|2/10|grid.best_params_={'C': 10000.0, 'gamma': 1e-07, 'kernel': 'rbf', 'max_iter': 1000}, grid.best_score_=0.7240740740740741, grid.best_index_=22, acc=0.6375, time=85.88310074806213
18-06-2022 02:29:14|INFO|Is groups None: True 
18-06-2022 02:30:41|INFO|3/10|grid.best_params_={'C': 100000000.0, 'gamma': 1e-09, 'kernel': 'rbf', 'max_iter': 1000}, grid.best_score_=0.7222222222222222, grid.best_index_=35, acc=0.6333333333333333, time=86.82619953155518
18-06-2022 02:30:41|INFO|Is groups None: True 
18-06-2022 02:32:08|INFO|4/10|grid.best_params_={'C': 1.0, 'gamma': 0.001, 'kernel': 'rbf', 'max_iter': 1000}, grid.best_score_=0.7185185185185186, grid.best_index_=10, acc=0.7, time=86.87822461128235
18-06-2022 02:32:08|INFO|Is groups None: True 
18-06-2022 02:33:35|INFO|5/10|grid.best_params_={'C': 1.0, 'gamma': 0.001, 'kernel': 'rbf', 'max_iter': 1000}, grid.best_score_=0.7148148148148148, grid.best_index_=10, acc=0.7375, time=86.59565734863281
18-06-2022 02:33:35|INFO|Is groups None: True 
18-06-2022 02:35:02|INFO|6/10|grid.best_params_={'C': 10000.0, 'gamma': 1e-07, 'kernel': 'rbf', 'max_iter': 1000}, grid.best_score_=0.7115740740740741, grid.best_index_=22, acc=0.7458333333333333, time=87.17008185386658
18-06-2022 02:35:02|INFO|Is groups None: True 
18-06-2022 02:36:29|INFO|7/10|grid.best_params_={'C': 1000000.0, 'gamma': 1e-09, 'kernel': 'rbf', 'max_iter': 1000}, grid.best_score_=0.7134259259259258, grid.best_index_=28, acc=0.7375, time=87.34174013137817
18-06-2022 02:36:29|INFO|Is groups None: True 
18-06-2022 02:37:56|INFO|8/10|grid.best_params_={'C': 1.0, 'gamma': 0.001, 'kernel': 'rbf', 'max_iter': 1000}, grid.best_score_=0.7046296296296296, grid.best_index_=10, acc=0.8, time=86.51552224159241
18-06-2022 02:37:56|INFO|Is groups None: True 
18-06-2022 02:39:23|INFO|9/10|grid.best_params_={'C': 1.0, 'gamma': 0.001, 'kernel': 'rbf', 'max_iter': 1000}, grid.best_score_=0.7064814814814815, grid.best_index_=10, acc=0.7958333333333333, time=87.16314578056335
18-06-2022 02:39:23|INFO|Is groups None: True 
18-06-2022 02:40:51|INFO|10/10|grid.best_params_={'C': 100.0, 'gamma': 1e-05, 'kernel': 'rbf', 'max_iter': 1000}, grid.best_score_=0.7083333333333334, grid.best_index_=16, acc=0.775, time=87.79492330551147
18-06-2022 02:40:51|INFO|s14|10-CV=0.71125|STD=0.07701|Time spend=871.7355167865753
18-06-2022 02:40:54|INFO|Running Split-First
18-06-2022 02:40:54|INFO|X.shape=(2400, 160), y.shape=(2400,), groups.shape=(2400,)
18-06-2022 02:40:54|INFO|Is groups None: True 
18-06-2022 02:42:18|INFO|1/10|grid.best_params_={'C': 100.0, 'gamma': 1e-05, 'kernel': 'rbf', 'max_iter': 1000}, grid.best_score_=0.8138888888888889, grid.best_index_=16, acc=0.6041666666666666, time=83.82086038589478
18-06-2022 02:42:18|INFO|Is groups None: True 
18-06-2022 02:43:43|INFO|2/10|grid.best_params_={'C': 100.0, 'gamma': 1e-05, 'kernel': 'rbf', 'max_iter': 1000}, grid.best_score_=0.799074074074074, grid.best_index_=16, acc=0.7291666666666666, time=85.0586245059967
18-06-2022 02:43:43|INFO|Is groups None: True 
18-06-2022 02:45:09|INFO|3/10|grid.best_params_={'C': 10000000000.0, 'gamma': 1e-09, 'kernel': 'rbf', 'max_iter': 1000}, grid.best_score_=0.7916666666666665, grid.best_index_=42, acc=0.7875, time=85.51063323020935
18-06-2022 02:45:09|INFO|Is groups None: True 
18-06-2022 02:46:36|INFO|4/10|grid.best_params_={'C': 100.0, 'gamma': 1e-05, 'kernel': 'rbf', 'max_iter': 1000}, grid.best_score_=0.7884259259259259, grid.best_index_=16, acc=0.8125, time=86.68490195274353
18-06-2022 02:46:36|INFO|Is groups None: True 
18-06-2022 02:48:01|INFO|5/10|grid.best_params_={'C': 10000.0, 'gamma': 1e-07, 'kernel': 'rbf', 'max_iter': 1000}, grid.best_score_=0.7907407407407407, grid.best_index_=22, acc=0.7958333333333333, time=84.99472641944885
18-06-2022 02:48:01|INFO|Is groups None: True 
18-06-2022 02:49:27|INFO|6/10|grid.best_params_={'C': 100.0, 'gamma': 1e-05, 'kernel': 'rbf', 'max_iter': 1000}, grid.best_score_=0.7912037037037037, grid.best_index_=16, acc=0.8083333333333333, time=86.71241235733032
18-06-2022 02:49:27|INFO|Is groups None: True 
18-06-2022 02:50:52|INFO|7/10|grid.best_params_={'C': 100.0, 'gamma': 1e-05, 'kernel': 'rbf', 'max_iter': 1000}, grid.best_score_=0.787962962962963, grid.best_index_=16, acc=0.8333333333333334, time=84.67737865447998
18-06-2022 02:50:52|INFO|Is groups None: True 
18-06-2022 02:52:16|INFO|8/10|grid.best_params_={'C': 1.0, 'gamma': 0.001, 'kernel': 'rbf', 'max_iter': 1000}, grid.best_score_=0.7879629629629629, grid.best_index_=10, acc=0.8375, time=83.97557139396667
18-06-2022 02:52:16|INFO|Is groups None: True 
18-06-2022 02:53:39|INFO|9/10|grid.best_params_={'C': 100000000.0, 'gamma': 1e-09, 'kernel': 'rbf', 'max_iter': 1000}, grid.best_score_=0.7921296296296296, grid.best_index_=35, acc=0.8375, time=82.8929979801178
18-06-2022 02:53:39|INFO|Is groups None: True 
18-06-2022 02:55:03|INFO|10/10|grid.best_params_={'C': 10000.0, 'gamma': 1e-07, 'kernel': 'rbf', 'max_iter': 1000}, grid.best_score_=0.7847222222222222, grid.best_index_=22, acc=0.8375, time=83.97332620620728
18-06-2022 02:55:03|INFO|s15|10-CV=0.78833|STD=0.06909|Time spend=852.0517530441284
18-06-2022 02:55:06|INFO|Running Split-First
18-06-2022 02:55:06|INFO|X.shape=(2400, 160), y.shape=(2400,), groups.shape=(2400,)
18-06-2022 02:55:06|INFO|Is groups None: True 
18-06-2022 02:56:25|INFO|1/10|grid.best_params_={'C': 100.0, 'gamma': 1e-05, 'kernel': 'rbf', 'max_iter': 1000}, grid.best_score_=0.7375, grid.best_index_=16, acc=0.6541666666666667, time=78.7865343093872
18-06-2022 02:56:25|INFO|Is groups None: True 
18-06-2022 02:57:42|INFO|2/10|grid.best_params_={'C': 10000.0, 'gamma': 1e-07, 'kernel': 'rbf', 'max_iter': 1000}, grid.best_score_=0.7319444444444445, grid.best_index_=22, acc=0.6833333333333333, time=77.1425850391388
18-06-2022 02:57:42|INFO|Is groups None: True 
18-06-2022 02:58:59|INFO|3/10|grid.best_params_={'C': 10000.0, 'gamma': 1e-07, 'kernel': 'rbf', 'max_iter': 1000}, grid.best_score_=0.738425925925926, grid.best_index_=22, acc=0.6833333333333333, time=77.05146408081055
18-06-2022 02:58:59|INFO|Is groups None: True 
18-06-2022 03:00:17|INFO|4/10|grid.best_params_={'C': 10000.0, 'gamma': 1e-07, 'kernel': 'rbf', 'max_iter': 1000}, grid.best_score_=0.726388888888889, grid.best_index_=22, acc=0.725, time=77.59493470191956
18-06-2022 03:00:17|INFO|Is groups None: True 
18-06-2022 03:01:35|INFO|5/10|grid.best_params_={'C': 10000.0, 'gamma': 1e-07, 'kernel': 'rbf', 'max_iter': 1000}, grid.best_score_=0.7273148148148149, grid.best_index_=22, acc=0.7291666666666666, time=78.03241634368896
18-06-2022 03:01:35|INFO|Is groups None: True 
18-06-2022 03:02:54|INFO|6/10|grid.best_params_={'C': 10000.0, 'gamma': 1e-07, 'kernel': 'rbf', 'max_iter': 1000}, grid.best_score_=0.7277777777777779, grid.best_index_=22, acc=0.7125, time=78.79473090171814
18-06-2022 03:02:54|INFO|Is groups None: True 
18-06-2022 03:04:13|INFO|7/10|grid.best_params_={'C': 100000000.0, 'gamma': 1e-09, 'kernel': 'rbf', 'max_iter': 1000}, grid.best_score_=0.725462962962963, grid.best_index_=35, acc=0.7166666666666667, time=78.84865689277649
18-06-2022 03:04:13|INFO|Is groups None: True 
18-06-2022 03:05:31|INFO|8/10|grid.best_params_={'C': 100.0, 'gamma': 1e-05, 'kernel': 'rbf', 'max_iter': 1000}, grid.best_score_=0.7194444444444444, grid.best_index_=16, acc=0.775, time=77.9870970249176
18-06-2022 03:05:31|INFO|Is groups None: True 
18-06-2022 03:06:49|INFO|9/10|grid.best_params_={'C': 1000000.0, 'gamma': 1e-09, 'kernel': 'rbf', 'max_iter': 1000}, grid.best_score_=0.7208333333333333, grid.best_index_=28, acc=0.7583333333333333, time=78.07390236854553
18-06-2022 03:06:49|INFO|Is groups None: True 
18-06-2022 03:08:07|INFO|10/10|grid.best_params_={'C': 1000000.0, 'gamma': 1e-09, 'kernel': 'rbf', 'max_iter': 1000}, grid.best_score_=0.7240740740740741, grid.best_index_=28, acc=0.7625, time=78.18801951408386
18-06-2022 03:08:07|INFO|s16|10-CV=0.72000|STD=0.03674|Time spend=784.1995520591736
18-06-2022 03:08:11|INFO|Running Split-First
18-06-2022 03:08:11|INFO|X.shape=(2400, 160), y.shape=(2400,), groups.shape=(2400,)
18-06-2022 03:08:11|INFO|Is groups None: True 
18-06-2022 03:09:38|INFO|1/10|grid.best_params_={'C': 100.0, 'gamma': 1e-05, 'kernel': 'rbf', 'max_iter': 1000}, grid.best_score_=0.6138888888888888, grid.best_index_=16, acc=0.5708333333333333, time=87.39002180099487
18-06-2022 03:09:38|INFO|Is groups None: True 
18-06-2022 03:11:05|INFO|2/10|grid.best_params_={'C': 10000.0, 'gamma': 1e-07, 'kernel': 'rbf', 'max_iter': 1000}, grid.best_score_=0.6129629629629629, grid.best_index_=22, acc=0.6, time=87.43154287338257
18-06-2022 03:11:05|INFO|Is groups None: True 
18-06-2022 03:12:32|INFO|3/10|grid.best_params_={'C': 10000000000.0, 'gamma': 1e-09, 'kernel': 'rbf', 'max_iter': 1000}, grid.best_score_=0.6180555555555556, grid.best_index_=42, acc=0.6041666666666666, time=86.05343770980835
18-06-2022 03:12:32|INFO|Is groups None: True 
18-06-2022 03:13:57|INFO|4/10|grid.best_params_={'C': 1.0, 'gamma': 0.001, 'kernel': 'rbf', 'max_iter': 1000}, grid.best_score_=0.6064814814814815, grid.best_index_=10, acc=0.6208333333333333, time=85.09713172912598
18-06-2022 03:13:57|INFO|Is groups None: True 
18-06-2022 03:15:22|INFO|5/10|grid.best_params_={'C': 1.0, 'gamma': 0.001, 'kernel': 'rbf', 'max_iter': 1000}, grid.best_score_=0.6060185185185186, grid.best_index_=10, acc=0.6458333333333334, time=85.21518421173096
18-06-2022 03:15:22|INFO|Is groups None: True 
18-06-2022 03:16:48|INFO|6/10|grid.best_params_={'C': 10000.0, 'gamma': 1e-07, 'kernel': 'rbf', 'max_iter': 1000}, grid.best_score_=0.6060185185185185, grid.best_index_=22, acc=0.5583333333333333, time=85.98132610321045
18-06-2022 03:16:48|INFO|Is groups None: True 
18-06-2022 03:18:15|INFO|7/10|grid.best_params_={'C': 1000000.0, 'gamma': 1e-09, 'kernel': 'rbf', 'max_iter': 1000}, grid.best_score_=0.6037037037037037, grid.best_index_=28, acc=0.6416666666666667, time=86.84795427322388
18-06-2022 03:18:15|INFO|Is groups None: True 
18-06-2022 03:19:42|INFO|8/10|grid.best_params_={'C': 10000000000.0, 'gamma': 1e-09, 'kernel': 'rbf', 'max_iter': 1000}, grid.best_score_=0.6074074074074074, grid.best_index_=42, acc=0.5916666666666667, time=86.88003396987915
18-06-2022 03:19:42|INFO|Is groups None: True 
18-06-2022 03:21:07|INFO|9/10|grid.best_params_={'C': 100.0, 'gamma': 1e-05, 'kernel': 'rbf', 'max_iter': 1000}, grid.best_score_=0.6180555555555556, grid.best_index_=16, acc=0.5708333333333333, time=85.5404646396637
18-06-2022 03:21:07|INFO|Is groups None: True 
18-06-2022 03:22:35|INFO|10/10|grid.best_params_={'C': 1.0, 'gamma': 0.001, 'kernel': 'rbf', 'max_iter': 1000}, grid.best_score_=0.6078703703703703, grid.best_index_=10, acc=0.5791666666666667, time=87.96110129356384
18-06-2022 03:22:35|INFO|s17|10-CV=0.59833|STD=0.02864|Time spend=868.1087415218353
18-06-2022 03:22:39|INFO|Running Split-First
18-06-2022 03:22:39|INFO|X.shape=(2400, 160), y.shape=(2400,), groups.shape=(2400,)
18-06-2022 03:22:39|INFO|Is groups None: True 
18-06-2022 03:23:55|INFO|1/10|grid.best_params_={'C': 1.0, 'gamma': 0.001, 'kernel': 'rbf', 'max_iter': 1000}, grid.best_score_=0.7625, grid.best_index_=10, acc=0.6958333333333333, time=76.58209800720215
18-06-2022 03:23:55|INFO|Is groups None: True 
18-06-2022 03:25:12|INFO|2/10|grid.best_params_={'C': 1.0, 'gamma': 0.001, 'kernel': 'rbf', 'max_iter': 1000}, grid.best_score_=0.7569444444444444, grid.best_index_=10, acc=0.725, time=76.89371347427368
18-06-2022 03:25:12|INFO|Is groups None: True 
18-06-2022 03:26:32|INFO|3/10|grid.best_params_={'C': 1.0, 'gamma': 0.001, 'kernel': 'rbf', 'max_iter': 1000}, grid.best_score_=0.7578703703703704, grid.best_index_=10, acc=0.7333333333333333, time=79.8273012638092
18-06-2022 03:26:32|INFO|Is groups None: True 
18-06-2022 03:27:49|INFO|4/10|grid.best_params_={'C': 1.0, 'gamma': 0.001, 'kernel': 'rbf', 'max_iter': 1000}, grid.best_score_=0.7560185185185184, grid.best_index_=10, acc=0.7333333333333333, time=77.0711624622345
18-06-2022 03:27:49|INFO|Is groups None: True 
18-06-2022 03:29:07|INFO|5/10|grid.best_params_={'C': 1.0, 'gamma': 0.001, 'kernel': 'rbf', 'max_iter': 1000}, grid.best_score_=0.7569444444444444, grid.best_index_=10, acc=0.7333333333333333, time=77.58467864990234
18-06-2022 03:29:07|INFO|Is groups None: True 
18-06-2022 03:30:24|INFO|6/10|grid.best_params_={'C': 1.0, 'gamma': 0.001, 'kernel': 'rbf', 'max_iter': 1000}, grid.best_score_=0.762037037037037, grid.best_index_=10, acc=0.7208333333333333, time=76.9752905368805
18-06-2022 03:30:24|INFO|Is groups None: True 
18-06-2022 03:31:42|INFO|7/10|grid.best_params_={'C': 1.0, 'gamma': 0.001, 'kernel': 'rbf', 'max_iter': 1000}, grid.best_score_=0.7555555555555555, grid.best_index_=10, acc=0.8083333333333333, time=78.32563948631287
18-06-2022 03:31:42|INFO|Is groups None: True 
18-06-2022 03:33:00|INFO|8/10|grid.best_params_={'C': 1.0, 'gamma': 0.001, 'kernel': 'rbf', 'max_iter': 1000}, grid.best_score_=0.7537037037037037, grid.best_index_=10, acc=0.8083333333333333, time=77.51098775863647
18-06-2022 03:33:00|INFO|Is groups None: True 
18-06-2022 03:34:17|INFO|9/10|grid.best_params_={'C': 1.0, 'gamma': 0.001, 'kernel': 'rbf', 'max_iter': 1000}, grid.best_score_=0.7541666666666667, grid.best_index_=10, acc=0.775, time=77.01903367042542
18-06-2022 03:34:17|INFO|Is groups None: True 
18-06-2022 03:35:34|INFO|10/10|grid.best_params_={'C': 1.0, 'gamma': 0.001, 'kernel': 'rbf', 'max_iter': 1000}, grid.best_score_=0.750925925925926, grid.best_index_=10, acc=0.8083333333333333, time=77.1809310913086
18-06-2022 03:35:34|INFO|s18|10-CV=0.75417|STD=0.03988|Time spend=778.6556808948517
18-06-2022 03:35:37|INFO|Running Split-First
18-06-2022 03:35:37|INFO|X.shape=(2400, 160), y.shape=(2400,), groups.shape=(2400,)
18-06-2022 03:35:37|INFO|Is groups None: True 
18-06-2022 03:37:01|INFO|1/10|grid.best_params_={'C': 100000000.0, 'gamma': 1e-09, 'kernel': 'rbf', 'max_iter': 1000}, grid.best_score_=0.6708333333333334, grid.best_index_=35, acc=0.6041666666666666, time=83.42726182937622
18-06-2022 03:37:01|INFO|Is groups None: True 
18-06-2022 03:38:25|INFO|2/10|grid.best_params_={'C': 1000000.0, 'gamma': 1e-09, 'kernel': 'rbf', 'max_iter': 1000}, grid.best_score_=0.6620370370370371, grid.best_index_=28, acc=0.65, time=83.89088201522827
18-06-2022 03:38:25|INFO|Is groups None: True 
18-06-2022 03:39:47|INFO|3/10|grid.best_params_={'C': 10000000000.0, 'gamma': 1e-09, 'kernel': 'rbf', 'max_iter': 1000}, grid.best_score_=0.6680555555555556, grid.best_index_=42, acc=0.6625, time=82.35079860687256
18-06-2022 03:39:47|INFO|Is groups None: True 
18-06-2022 03:41:11|INFO|4/10|grid.best_params_={'C': 1.0, 'gamma': 0.001, 'kernel': 'rbf', 'max_iter': 1000}, grid.best_score_=0.6620370370370371, grid.best_index_=10, acc=0.6375, time=83.96098637580872
18-06-2022 03:41:11|INFO|Is groups None: True 
18-06-2022 03:42:35|INFO|5/10|grid.best_params_={'C': 1000000.0, 'gamma': 1e-09, 'kernel': 'rbf', 'max_iter': 1000}, grid.best_score_=0.6629629629629631, grid.best_index_=28, acc=0.6458333333333334, time=84.2902307510376
18-06-2022 03:42:35|INFO|Is groups None: True 
18-06-2022 03:44:00|INFO|6/10|grid.best_params_={'C': 100.0, 'gamma': 1e-05, 'kernel': 'rbf', 'max_iter': 1000}, grid.best_score_=0.6675925925925925, grid.best_index_=16, acc=0.6458333333333334, time=84.34849095344543
18-06-2022 03:44:00|INFO|Is groups None: True 
18-06-2022 03:45:24|INFO|7/10|grid.best_params_={'C': 10000000000.0, 'gamma': 1e-09, 'kernel': 'rbf', 'max_iter': 1000}, grid.best_score_=0.6648148148148149, grid.best_index_=42, acc=0.65, time=84.61254835128784
18-06-2022 03:45:24|INFO|Is groups None: True 
18-06-2022 03:46:48|INFO|8/10|grid.best_params_={'C': 10000000000.0, 'gamma': 1e-09, 'kernel': 'rbf', 'max_iter': 1000}, grid.best_score_=0.6662037037037036, grid.best_index_=42, acc=0.675, time=83.62514591217041
18-06-2022 03:46:48|INFO|Is groups None: True 
18-06-2022 03:48:10|INFO|9/10|grid.best_params_={'C': 10000.0, 'gamma': 1e-07, 'kernel': 'rbf', 'max_iter': 1000}, grid.best_score_=0.663888888888889, grid.best_index_=22, acc=0.6666666666666666, time=82.30559659004211
18-06-2022 03:48:10|INFO|Is groups None: True 
18-06-2022 03:49:33|INFO|10/10|grid.best_params_={'C': 100000000.0, 'gamma': 1e-09, 'kernel': 'rbf', 'max_iter': 1000}, grid.best_score_=0.6675925925925926, grid.best_index_=35, acc=0.6666666666666666, time=82.6739616394043
18-06-2022 03:49:33|INFO|s19|10-CV=0.65042|STD=0.01904|Time spend=839.2511658668518
18-06-2022 03:49:37|INFO|Running Split-First
18-06-2022 03:49:37|INFO|X.shape=(2400, 160), y.shape=(2400,), groups.shape=(2400,)
18-06-2022 03:49:37|INFO|Is groups None: True 
18-06-2022 03:50:58|INFO|1/10|grid.best_params_={'C': 1.0, 'gamma': 0.001, 'kernel': 'rbf', 'max_iter': 1000}, grid.best_score_=0.6990740740740741, grid.best_index_=10, acc=0.6541666666666667, time=81.24777722358704
18-06-2022 03:50:58|INFO|Is groups None: True 
18-06-2022 03:52:19|INFO|2/10|grid.best_params_={'C': 1.0, 'gamma': 0.001, 'kernel': 'rbf', 'max_iter': 1000}, grid.best_score_=0.6907407407407408, grid.best_index_=10, acc=0.675, time=81.17582631111145
18-06-2022 03:52:19|INFO|Is groups None: True 
18-06-2022 03:53:40|INFO|3/10|grid.best_params_={'C': 100.0, 'gamma': 1e-05, 'kernel': 'rbf', 'max_iter': 1000}, grid.best_score_=0.6939814814814815, grid.best_index_=16, acc=0.675, time=80.88088846206665
18-06-2022 03:53:40|INFO|Is groups None: True 
18-06-2022 03:55:02|INFO|4/10|grid.best_params_={'C': 100.0, 'gamma': 1e-05, 'kernel': 'rbf', 'max_iter': 1000}, grid.best_score_=0.6902777777777778, grid.best_index_=16, acc=0.6833333333333333, time=81.80930209159851
18-06-2022 03:55:02|INFO|Is groups None: True 
18-06-2022 03:56:23|INFO|5/10|grid.best_params_={'C': 1.0, 'gamma': 0.001, 'kernel': 'rbf', 'max_iter': 1000}, grid.best_score_=0.6870370370370371, grid.best_index_=10, acc=0.7083333333333334, time=81.45313310623169
18-06-2022 03:56:23|INFO|Is groups None: True 
18-06-2022 03:57:46|INFO|6/10|grid.best_params_={'C': 10000.0, 'gamma': 1e-07, 'kernel': 'rbf', 'max_iter': 1000}, grid.best_score_=0.6958333333333333, grid.best_index_=22, acc=0.6625, time=82.6129310131073
18-06-2022 03:57:46|INFO|Is groups None: True 
18-06-2022 03:59:07|INFO|7/10|grid.best_params_={'C': 1.0, 'gamma': 0.001, 'kernel': 'rbf', 'max_iter': 1000}, grid.best_score_=0.6930555555555556, grid.best_index_=10, acc=0.6875, time=80.60876846313477
18-06-2022 03:59:07|INFO|Is groups None: True 
18-06-2022 04:00:28|INFO|8/10|grid.best_params_={'C': 1000000.0, 'gamma': 1e-09, 'kernel': 'rbf', 'max_iter': 1000}, grid.best_score_=0.6902777777777778, grid.best_index_=28, acc=0.7083333333333334, time=81.52474784851074
18-06-2022 04:00:28|INFO|Is groups None: True 
18-06-2022 04:01:51|INFO|9/10|grid.best_params_={'C': 1.0, 'gamma': 0.001, 'kernel': 'rbf', 'max_iter': 1000}, grid.best_score_=0.6939814814814815, grid.best_index_=10, acc=0.6958333333333333, time=82.85986638069153
18-06-2022 04:01:51|INFO|Is groups None: True 
18-06-2022 04:03:12|INFO|10/10|grid.best_params_={'C': 10000.0, 'gamma': 1e-07, 'kernel': 'rbf', 'max_iter': 1000}, grid.best_score_=0.7004629629629631, grid.best_index_=22, acc=0.6541666666666667, time=80.57520389556885
18-06-2022 04:03:12|INFO|s20|10-CV=0.68042|STD=0.01901|Time spend=818.5019683837891
18-06-2022 04:03:15|INFO|Running Split-First
18-06-2022 04:03:15|INFO|X.shape=(2400, 160), y.shape=(2400,), groups.shape=(2400,)
18-06-2022 04:03:15|INFO|Is groups None: True 
18-06-2022 04:04:43|INFO|1/10|grid.best_params_={'C': 1.0, 'gamma': 0.001, 'kernel': 'rbf', 'max_iter': 1000}, grid.best_score_=0.5930555555555556, grid.best_index_=10, acc=0.5458333333333333, time=87.75765204429626
18-06-2022 04:04:43|INFO|Is groups None: True 
18-06-2022 04:06:42|INFO|2/10|grid.best_params_={'C': 1.0, 'gamma': 0.001, 'kernel': 'rbf', 'max_iter': 1000}, grid.best_score_=0.5935185185185186, grid.best_index_=10, acc=0.5875, time=118.58155584335327
18-06-2022 04:06:42|INFO|Is groups None: True 
18-06-2022 04:08:38|INFO|3/10|grid.best_params_={'C': 1.0, 'gamma': 0.001, 'kernel': 'rbf', 'max_iter': 1000}, grid.best_score_=0.5912037037037037, grid.best_index_=10, acc=0.55, time=116.09108781814575
18-06-2022 04:08:38|INFO|Is groups None: True 
18-06-2022 04:10:44|INFO|4/10|grid.best_params_={'C': 1.0, 'gamma': 0.001, 'kernel': 'rbf', 'max_iter': 1000}, grid.best_score_=0.5805555555555555, grid.best_index_=10, acc=0.6458333333333334, time=126.61452293395996
18-06-2022 04:10:44|INFO|Is groups None: True 
18-06-2022 04:12:50|INFO|5/10|grid.best_params_={'C': 1.0, 'gamma': 0.001, 'kernel': 'rbf', 'max_iter': 1000}, grid.best_score_=0.5800925925925927, grid.best_index_=10, acc=0.6, time=125.27248477935791
18-06-2022 04:12:50|INFO|Is groups None: True 
18-06-2022 04:14:31|INFO|6/10|grid.best_params_={'C': 1.0, 'gamma': 0.001, 'kernel': 'rbf', 'max_iter': 1000}, grid.best_score_=0.5819444444444445, grid.best_index_=10, acc=0.5958333333333333, time=100.98090863227844
18-06-2022 04:14:31|INFO|Is groups None: True 
18-06-2022 04:16:10|INFO|7/10|grid.best_params_={'C': 1.0, 'gamma': 0.001, 'kernel': 'rbf', 'max_iter': 1000}, grid.best_score_=0.5921296296296297, grid.best_index_=10, acc=0.6, time=98.9843966960907
18-06-2022 04:16:10|INFO|Is groups None: True 
18-06-2022 04:17:38|INFO|8/10|grid.best_params_={'C': 1.0, 'gamma': 0.001, 'kernel': 'rbf', 'max_iter': 1000}, grid.best_score_=0.5842592592592593, grid.best_index_=10, acc=0.5875, time=88.95297646522522
18-06-2022 04:17:38|INFO|Is groups None: True 
18-06-2022 04:19:07|INFO|9/10|grid.best_params_={'C': 1.0, 'gamma': 0.001, 'kernel': 'rbf', 'max_iter': 1000}, grid.best_score_=0.585185185185185, grid.best_index_=10, acc=0.6291666666666667, time=88.93988680839539
18-06-2022 04:19:07|INFO|Is groups None: True 
18-06-2022 04:20:35|INFO|10/10|grid.best_params_={'C': 1.0, 'gamma': 0.001, 'kernel': 'rbf', 'max_iter': 1000}, grid.best_score_=0.5972222222222222, grid.best_index_=10, acc=0.5541666666666667, time=87.57526206970215
18-06-2022 04:20:35|INFO|s21|10-CV=0.58958|STD=0.03119|Time spend=1043.4755425453186
18-06-2022 04:20:39|INFO|Running Split-First
18-06-2022 04:20:39|INFO|X.shape=(2400, 160), y.shape=(2400,), groups.shape=(2400,)
18-06-2022 04:20:39|INFO|Is groups None: True 
18-06-2022 04:22:01|INFO|1/10|grid.best_params_={'C': 1.0, 'gamma': 0.001, 'kernel': 'rbf', 'max_iter': 1000}, grid.best_score_=0.7060185185185186, grid.best_index_=10, acc=0.7, time=82.25267553329468
18-06-2022 04:22:01|INFO|Is groups None: True 
18-06-2022 04:23:24|INFO|2/10|grid.best_params_={'C': 1000000.0, 'gamma': 1e-09, 'kernel': 'rbf', 'max_iter': 1000}, grid.best_score_=0.7129629629629629, grid.best_index_=28, acc=0.6958333333333333, time=82.69488549232483
18-06-2022 04:23:24|INFO|Is groups None: True 
18-06-2022 04:24:46|INFO|3/10|grid.best_params_={'C': 100.0, 'gamma': 1e-05, 'kernel': 'rbf', 'max_iter': 1000}, grid.best_score_=0.7134259259259259, grid.best_index_=16, acc=0.675, time=82.10058617591858
18-06-2022 04:24:46|INFO|Is groups None: True 
18-06-2022 04:26:08|INFO|4/10|grid.best_params_={'C': 10000.0, 'gamma': 1e-07, 'kernel': 'rbf', 'max_iter': 1000}, grid.best_score_=0.7083333333333334, grid.best_index_=22, acc=0.7375, time=82.64058828353882
18-06-2022 04:26:08|INFO|Is groups None: True 
18-06-2022 04:27:33|INFO|5/10|grid.best_params_={'C': 1.0, 'gamma': 0.001, 'kernel': 'rbf', 'max_iter': 1000}, grid.best_score_=0.7166666666666668, grid.best_index_=10, acc=0.6708333333333333, time=84.35625982284546
18-06-2022 04:27:33|INFO|Is groups None: True 
18-06-2022 04:28:56|INFO|6/10|grid.best_params_={'C': 1.0, 'gamma': 0.001, 'kernel': 'rbf', 'max_iter': 1000}, grid.best_score_=0.7152777777777778, grid.best_index_=10, acc=0.6916666666666667, time=82.95462679862976
18-06-2022 04:28:56|INFO|Is groups None: True 
18-06-2022 04:30:18|INFO|7/10|grid.best_params_={'C': 10000.0, 'gamma': 1e-07, 'kernel': 'rbf', 'max_iter': 1000}, grid.best_score_=0.7143518518518519, grid.best_index_=22, acc=0.6791666666666667, time=81.75745391845703
18-06-2022 04:30:18|INFO|Is groups None: True 
18-06-2022 04:31:39|INFO|8/10|grid.best_params_={'C': 10000.0, 'gamma': 1e-07, 'kernel': 'rbf', 'max_iter': 1000}, grid.best_score_=0.7138888888888889, grid.best_index_=22, acc=0.7, time=81.82636165618896
18-06-2022 04:31:39|INFO|Is groups None: True 
18-06-2022 04:33:02|INFO|9/10|grid.best_params_={'C': 100000000.0, 'gamma': 1e-09, 'kernel': 'rbf', 'max_iter': 1000}, grid.best_score_=0.7069444444444444, grid.best_index_=35, acc=0.75, time=82.81712126731873
18-06-2022 04:33:02|INFO|Is groups None: True 
18-06-2022 04:34:25|INFO|10/10|grid.best_params_={'C': 1000000.0, 'gamma': 1e-09, 'kernel': 'rbf', 'max_iter': 1000}, grid.best_score_=0.7050925925925927, grid.best_index_=28, acc=0.7166666666666667, time=82.50506281852722
18-06-2022 04:34:25|INFO|s22|10-CV=0.70167|STD=0.02480|Time spend=829.6610615253448
18-06-2022 04:34:28|INFO|Running Split-First
18-06-2022 04:34:28|INFO|X.shape=(2400, 160), y.shape=(2400,), groups.shape=(2400,)
18-06-2022 04:34:28|INFO|Is groups None: True 
18-06-2022 04:35:44|INFO|1/10|grid.best_params_={'C': 1000000.0, 'gamma': 1e-09, 'kernel': 'rbf', 'max_iter': 1000}, grid.best_score_=0.7074074074074074, grid.best_index_=28, acc=0.7, time=75.97460412979126
18-06-2022 04:35:44|INFO|Is groups None: True 
18-06-2022 04:37:01|INFO|2/10|grid.best_params_={'C': 1000000.0, 'gamma': 1e-09, 'kernel': 'rbf', 'max_iter': 1000}, grid.best_score_=0.7097222222222223, grid.best_index_=28, acc=0.6833333333333333, time=76.12737655639648
18-06-2022 04:37:01|INFO|Is groups None: True 
18-06-2022 04:38:18|INFO|3/10|grid.best_params_={'C': 1000000.0, 'gamma': 1e-09, 'kernel': 'rbf', 'max_iter': 1000}, grid.best_score_=0.7050925925925926, grid.best_index_=28, acc=0.7375, time=77.10550665855408
18-06-2022 04:38:18|INFO|Is groups None: True 
18-06-2022 04:39:33|INFO|4/10|grid.best_params_={'C': 100000000.0, 'gamma': 1e-09, 'kernel': 'rbf', 'max_iter': 1000}, grid.best_score_=0.7111111111111111, grid.best_index_=35, acc=0.7083333333333334, time=75.66848969459534
18-06-2022 04:39:33|INFO|Is groups None: True 
18-06-2022 04:40:50|INFO|5/10|grid.best_params_={'C': 1000000.0, 'gamma': 1e-09, 'kernel': 'rbf', 'max_iter': 1000}, grid.best_score_=0.7106481481481481, grid.best_index_=28, acc=0.6958333333333333, time=76.93348002433777
18-06-2022 04:40:50|INFO|Is groups None: True 
18-06-2022 04:42:08|INFO|6/10|grid.best_params_={'C': 1000000.0, 'gamma': 1e-09, 'kernel': 'rbf', 'max_iter': 1000}, grid.best_score_=0.713425925925926, grid.best_index_=28, acc=0.7375, time=78.02213716506958
18-06-2022 04:42:08|INFO|Is groups None: True 
18-06-2022 04:43:25|INFO|7/10|grid.best_params_={'C': 1000000.0, 'gamma': 1e-09, 'kernel': 'rbf', 'max_iter': 1000}, grid.best_score_=0.7157407407407408, grid.best_index_=28, acc=0.7041666666666667, time=76.64343357086182
18-06-2022 04:43:25|INFO|Is groups None: True 
18-06-2022 04:44:41|INFO|8/10|grid.best_params_={'C': 1000000.0, 'gamma': 1e-09, 'kernel': 'rbf', 'max_iter': 1000}, grid.best_score_=0.7064814814814815, grid.best_index_=28, acc=0.7125, time=76.03471755981445
18-06-2022 04:44:41|INFO|Is groups None: True 
18-06-2022 04:45:57|INFO|9/10|grid.best_params_={'C': 1000000.0, 'gamma': 1e-09, 'kernel': 'rbf', 'max_iter': 1000}, grid.best_score_=0.712962962962963, grid.best_index_=28, acc=0.7, time=76.11902022361755
18-06-2022 04:45:57|INFO|Is groups None: True 
18-06-2022 04:47:14|INFO|10/10|grid.best_params_={'C': 100000000.0, 'gamma': 1e-09, 'kernel': 'rbf', 'max_iter': 1000}, grid.best_score_=0.7111111111111111, grid.best_index_=35, acc=0.7125, time=76.93434238433838
18-06-2022 04:47:14|INFO|s23|10-CV=0.70917|STD=0.01633|Time spend=769.4461822509766
18-06-2022 04:47:18|INFO|Running Split-First
18-06-2022 04:47:18|INFO|X.shape=(2400, 160), y.shape=(2400,), groups.shape=(2400,)
18-06-2022 04:47:18|INFO|Is groups None: True 
18-06-2022 04:48:42|INFO|1/10|grid.best_params_={'C': 10000000000.0, 'gamma': 1e-09, 'kernel': 'rbf', 'max_iter': 1000}, grid.best_score_=0.6712962962962963, grid.best_index_=42, acc=0.5458333333333333, time=84.58494830131531
18-06-2022 04:48:42|INFO|Is groups None: True 
18-06-2022 04:50:08|INFO|2/10|grid.best_params_={'C': 10000000000.0, 'gamma': 1e-09, 'kernel': 'rbf', 'max_iter': 1000}, grid.best_score_=0.6537037037037037, grid.best_index_=42, acc=0.6125, time=85.26184105873108
18-06-2022 04:50:08|INFO|Is groups None: True 
18-06-2022 04:51:33|INFO|3/10|grid.best_params_={'C': 1.0, 'gamma': 0.001, 'kernel': 'rbf', 'max_iter': 1000}, grid.best_score_=0.6467592592592593, grid.best_index_=10, acc=0.6458333333333334, time=85.71530652046204
18-06-2022 04:51:33|INFO|Is groups None: True 
18-06-2022 04:53:00|INFO|4/10|grid.best_params_={'C': 1.0, 'gamma': 0.001, 'kernel': 'rbf', 'max_iter': 1000}, grid.best_score_=0.6476851851851853, grid.best_index_=10, acc=0.6708333333333333, time=86.96390080451965
18-06-2022 04:53:00|INFO|Is groups None: True 
18-06-2022 04:54:25|INFO|5/10|grid.best_params_={'C': 10000000000.0, 'gamma': 1e-09, 'kernel': 'rbf', 'max_iter': 1000}, grid.best_score_=0.6476851851851851, grid.best_index_=42, acc=0.6375, time=84.84806084632874
18-06-2022 04:54:25|INFO|Is groups None: True 
18-06-2022 04:55:52|INFO|6/10|grid.best_params_={'C': 10000000000.0, 'gamma': 1e-09, 'kernel': 'rbf', 'max_iter': 1000}, grid.best_score_=0.6486111111111111, grid.best_index_=42, acc=0.6291666666666667, time=86.29942917823792
18-06-2022 04:55:52|INFO|Is groups None: True 
18-06-2022 04:57:17|INFO|7/10|grid.best_params_={'C': 100000000.0, 'gamma': 1e-09, 'kernel': 'rbf', 'max_iter': 1000}, grid.best_score_=0.6476851851851851, grid.best_index_=35, acc=0.6583333333333333, time=85.7125461101532
18-06-2022 04:57:17|INFO|Is groups None: True 
18-06-2022 04:58:42|INFO|8/10|grid.best_params_={'C': 1000000.0, 'gamma': 1e-09, 'kernel': 'rbf', 'max_iter': 1000}, grid.best_score_=0.6439814814814815, grid.best_index_=28, acc=0.7041666666666667, time=84.66950702667236
18-06-2022 04:58:42|INFO|Is groups None: True 
18-06-2022 05:00:08|INFO|9/10|grid.best_params_={'C': 10000000000.0, 'gamma': 1e-09, 'kernel': 'rbf', 'max_iter': 1000}, grid.best_score_=0.6472222222222221, grid.best_index_=42, acc=0.6875, time=85.72239804267883
18-06-2022 05:00:08|INFO|Is groups None: True 
18-06-2022 05:01:34|INFO|10/10|grid.best_params_={'C': 1000000.0, 'gamma': 1e-09, 'kernel': 'rbf', 'max_iter': 1000}, grid.best_score_=0.6476851851851851, grid.best_index_=28, acc=0.675, time=86.50905847549438
18-06-2022 05:01:34|INFO|s24|10-CV=0.64667|STD=0.04269|Time spend=860.0288372039795
18-06-2022 05:01:38|INFO|Running Split-First
18-06-2022 05:01:38|INFO|X.shape=(2400, 160), y.shape=(2400,), groups.shape=(2400,)
18-06-2022 05:01:38|INFO|Is groups None: True 
18-06-2022 05:03:06|INFO|1/10|grid.best_params_={'C': 1.0, 'gamma': 0.001, 'kernel': 'rbf', 'max_iter': 1000}, grid.best_score_=0.6254629629629629, grid.best_index_=10, acc=0.55, time=88.57995247840881
18-06-2022 05:03:06|INFO|Is groups None: True 
18-06-2022 05:04:34|INFO|2/10|grid.best_params_={'C': 1.0, 'gamma': 0.001, 'kernel': 'rbf', 'max_iter': 1000}, grid.best_score_=0.6134259259259259, grid.best_index_=10, acc=0.6208333333333333, time=87.6994001865387
18-06-2022 05:04:34|INFO|Is groups None: True 
18-06-2022 05:06:02|INFO|3/10|grid.best_params_={'C': 1.0, 'gamma': 0.001, 'kernel': 'rbf', 'max_iter': 1000}, grid.best_score_=0.6175925925925925, grid.best_index_=10, acc=0.5916666666666667, time=87.82477736473083
18-06-2022 05:06:02|INFO|Is groups None: True 
18-06-2022 05:07:30|INFO|4/10|grid.best_params_={'C': 1.0, 'gamma': 0.001, 'kernel': 'rbf', 'max_iter': 1000}, grid.best_score_=0.6226851851851852, grid.best_index_=10, acc=0.5666666666666667, time=87.96819281578064
18-06-2022 05:07:30|INFO|Is groups None: True 
18-06-2022 05:09:00|INFO|5/10|grid.best_params_={'C': 1.0, 'gamma': 0.001, 'kernel': 'rbf', 'max_iter': 1000}, grid.best_score_=0.6175925925925926, grid.best_index_=10, acc=0.6041666666666666, time=89.6895854473114
18-06-2022 05:09:00|INFO|Is groups None: True 
18-06-2022 05:10:28|INFO|6/10|grid.best_params_={'C': 1.0, 'gamma': 0.001, 'kernel': 'rbf', 'max_iter': 1000}, grid.best_score_=0.6180555555555556, grid.best_index_=10, acc=0.5875, time=88.39385461807251
18-06-2022 05:10:28|INFO|Is groups None: True 
18-06-2022 05:11:57|INFO|7/10|grid.best_params_={'C': 1.0, 'gamma': 0.001, 'kernel': 'rbf', 'max_iter': 1000}, grid.best_score_=0.6143518518518518, grid.best_index_=10, acc=0.6625, time=88.62766599655151
18-06-2022 05:11:57|INFO|Is groups None: True 
18-06-2022 05:13:27|INFO|8/10|grid.best_params_={'C': 1.0, 'gamma': 0.001, 'kernel': 'rbf', 'max_iter': 1000}, grid.best_score_=0.6212962962962963, grid.best_index_=10, acc=0.6333333333333333, time=90.749183177948
18-06-2022 05:13:27|INFO|Is groups None: True 
18-06-2022 05:14:55|INFO|9/10|grid.best_params_={'C': 1.0, 'gamma': 0.001, 'kernel': 'rbf', 'max_iter': 1000}, grid.best_score_=0.6152777777777778, grid.best_index_=10, acc=0.65, time=87.77519679069519
18-06-2022 05:14:55|INFO|Is groups None: True 
18-06-2022 05:16:24|INFO|10/10|grid.best_params_={'C': 1.0, 'gamma': 0.001, 'kernel': 'rbf', 'max_iter': 1000}, grid.best_score_=0.611574074074074, grid.best_index_=10, acc=0.6375, time=89.36369633674622
18-06-2022 05:16:24|INFO|s25|10-CV=0.61042|STD=0.03482|Time spend=890.3300998210907
18-06-2022 05:16:28|INFO|Running Split-First
18-06-2022 05:16:28|INFO|X.shape=(2400, 160), y.shape=(2400,), groups.shape=(2400,)
18-06-2022 05:16:28|INFO|Is groups None: True 
18-06-2022 05:17:44|INFO|1/10|grid.best_params_={'C': 1000000.0, 'gamma': 1e-09, 'kernel': 'rbf', 'max_iter': 1000}, grid.best_score_=0.6541666666666667, grid.best_index_=28, acc=0.65, time=75.93770623207092
18-06-2022 05:17:44|INFO|Is groups None: True 
18-06-2022 05:19:02|INFO|2/10|grid.best_params_={'C': 1000000.0, 'gamma': 1e-09, 'kernel': 'rbf', 'max_iter': 1000}, grid.best_score_=0.6504629629629631, grid.best_index_=28, acc=0.65, time=78.03083515167236
18-06-2022 05:19:02|INFO|Is groups None: True 
18-06-2022 05:20:19|INFO|3/10|grid.best_params_={'C': 1000000.0, 'gamma': 1e-09, 'kernel': 'rbf', 'max_iter': 1000}, grid.best_score_=0.6523148148148148, grid.best_index_=28, acc=0.6541666666666667, time=77.03700423240662
18-06-2022 05:20:19|INFO|Is groups None: True 
18-06-2022 05:21:36|INFO|4/10|grid.best_params_={'C': 1000000.0, 'gamma': 1e-09, 'kernel': 'rbf', 'max_iter': 1000}, grid.best_score_=0.6504629629629631, grid.best_index_=28, acc=0.6458333333333334, time=76.99909734725952
18-06-2022 05:21:36|INFO|Is groups None: True 
18-06-2022 05:22:53|INFO|5/10|grid.best_params_={'C': 100000000.0, 'gamma': 1e-09, 'kernel': 'rbf', 'max_iter': 1000}, grid.best_score_=0.6509259259259259, grid.best_index_=35, acc=0.6666666666666666, time=77.00671744346619
18-06-2022 05:22:53|INFO|Is groups None: True 
18-06-2022 05:24:09|INFO|6/10|grid.best_params_={'C': 10000000000.0, 'gamma': 1e-09, 'kernel': 'rbf', 'max_iter': 1000}, grid.best_score_=0.6527777777777778, grid.best_index_=42, acc=0.6458333333333334, time=75.90384817123413
18-06-2022 05:24:09|INFO|Is groups None: True 
18-06-2022 05:25:25|INFO|7/10|grid.best_params_={'C': 100000000.0, 'gamma': 1e-09, 'kernel': 'rbf', 'max_iter': 1000}, grid.best_score_=0.6550925925925926, grid.best_index_=35, acc=0.6458333333333334, time=76.31057953834534
18-06-2022 05:25:25|INFO|Is groups None: True 
18-06-2022 05:26:41|INFO|8/10|grid.best_params_={'C': 100000000.0, 'gamma': 1e-09, 'kernel': 'rbf', 'max_iter': 1000}, grid.best_score_=0.6592592592592593, grid.best_index_=35, acc=0.6458333333333334, time=75.48082327842712
18-06-2022 05:26:41|INFO|Is groups None: True 
18-06-2022 05:27:59|INFO|9/10|grid.best_params_={'C': 10000000000.0, 'gamma': 1e-09, 'kernel': 'rbf', 'max_iter': 1000}, grid.best_score_=0.6527777777777778, grid.best_index_=42, acc=0.6458333333333334, time=77.62560987472534
18-06-2022 05:27:59|INFO|Is groups None: True 
18-06-2022 05:29:15|INFO|10/10|grid.best_params_={'C': 10000000000.0, 'gamma': 1e-09, 'kernel': 'rbf', 'max_iter': 1000}, grid.best_score_=0.6532407407407407, grid.best_index_=42, acc=0.6541666666666667, time=76.767995595932
18-06-2022 05:29:15|INFO|s26|10-CV=0.65042|STD=0.00631|Time spend=770.8080892562866
18-06-2022 05:29:19|INFO|Running Split-First
18-06-2022 05:29:19|INFO|X.shape=(2400, 160), y.shape=(2400,), groups.shape=(2400,)
18-06-2022 05:29:19|INFO|Is groups None: True 
18-06-2022 05:30:24|INFO|1/10|grid.best_params_={'C': 100000000.0, 'gamma': 1e-09, 'kernel': 'rbf', 'max_iter': 1000}, grid.best_score_=0.7532407407407408, grid.best_index_=35, acc=0.7416666666666667, time=64.47373294830322
18-06-2022 05:30:24|INFO|Is groups None: True 
18-06-2022 05:31:28|INFO|2/10|grid.best_params_={'C': 10000000000.0, 'gamma': 1e-09, 'kernel': 'rbf', 'max_iter': 1000}, grid.best_score_=0.7555555555555555, grid.best_index_=42, acc=0.7791666666666667, time=64.11742854118347
18-06-2022 05:31:28|INFO|Is groups None: True 
18-06-2022 05:32:32|INFO|3/10|grid.best_params_={'C': 100000000.0, 'gamma': 1e-09, 'kernel': 'rbf', 'max_iter': 1000}, grid.best_score_=0.7555555555555555, grid.best_index_=35, acc=0.7625, time=64.57741618156433
18-06-2022 05:32:32|INFO|Is groups None: True 
18-06-2022 05:33:36|INFO|4/10|grid.best_params_={'C': 10000000000.0, 'gamma': 1e-09, 'kernel': 'rbf', 'max_iter': 1000}, grid.best_score_=0.7606481481481482, grid.best_index_=42, acc=0.7625, time=64.21335411071777
18-06-2022 05:33:36|INFO|Is groups None: True 
18-06-2022 05:34:41|INFO|5/10|grid.best_params_={'C': 100000000.0, 'gamma': 1e-09, 'kernel': 'rbf', 'max_iter': 1000}, grid.best_score_=0.7611111111111112, grid.best_index_=35, acc=0.7583333333333333, time=64.43531560897827
18-06-2022 05:34:41|INFO|Is groups None: True 
18-06-2022 05:36:00|INFO|6/10|grid.best_params_={'C': 100000000.0, 'gamma': 1e-09, 'kernel': 'rbf', 'max_iter': 1000}, grid.best_score_=0.761574074074074, grid.best_index_=35, acc=0.7166666666666667, time=79.20545554161072
18-06-2022 05:36:00|INFO|Is groups None: True 
18-06-2022 05:37:17|INFO|7/10|grid.best_params_={'C': 10000000000.0, 'gamma': 1e-09, 'kernel': 'rbf', 'max_iter': 1000}, grid.best_score_=0.7597222222222223, grid.best_index_=42, acc=0.7375, time=76.8157012462616
18-06-2022 05:37:17|INFO|Is groups None: True 
18-06-2022 05:38:34|INFO|8/10|grid.best_params_={'C': 100000000.0, 'gamma': 1e-09, 'kernel': 'rbf', 'max_iter': 1000}, grid.best_score_=0.7592592592592593, grid.best_index_=35, acc=0.7458333333333333, time=76.70149326324463
18-06-2022 05:38:34|INFO|Is groups None: True 
18-06-2022 05:40:06|INFO|9/10|grid.best_params_={'C': 100000000.0, 'gamma': 1e-09, 'kernel': 'rbf', 'max_iter': 1000}, grid.best_score_=0.750462962962963, grid.best_index_=35, acc=0.775, time=91.97230815887451
18-06-2022 05:40:06|INFO|Is groups None: True 
18-06-2022 05:41:19|INFO|10/10|grid.best_params_={'C': 100000000.0, 'gamma': 1e-09, 'kernel': 'rbf', 'max_iter': 1000}, grid.best_score_=0.7550925925925925, grid.best_index_=35, acc=0.7541666666666667, time=73.00843954086304
18-06-2022 05:41:19|INFO|s27|10-CV=0.75333|STD=0.01766|Time spend=723.3329346179962
18-06-2022 05:41:22|INFO|Running Split-First
18-06-2022 05:41:22|INFO|X.shape=(2400, 160), y.shape=(2400,), groups.shape=(2400,)
18-06-2022 05:41:22|INFO|Is groups None: True 
18-06-2022 05:42:56|INFO|1/10|grid.best_params_={'C': 100000000.0, 'gamma': 1e-09, 'kernel': 'rbf', 'max_iter': 1000}, grid.best_score_=0.6564814814814814, grid.best_index_=35, acc=0.6625, time=93.25379252433777
18-06-2022 05:42:56|INFO|Is groups None: True 
18-06-2022 05:44:27|INFO|2/10|grid.best_params_={'C': 10000000000.0, 'gamma': 1e-09, 'kernel': 'rbf', 'max_iter': 1000}, grid.best_score_=0.6550925925925924, grid.best_index_=42, acc=0.6625, time=90.8992018699646
18-06-2022 05:44:27|INFO|Is groups None: True 
18-06-2022 05:45:46|INFO|3/10|grid.best_params_={'C': 100000000.0, 'gamma': 1e-09, 'kernel': 'rbf', 'max_iter': 1000}, grid.best_score_=0.6606481481481481, grid.best_index_=35, acc=0.6541666666666667, time=79.07052707672119
18-06-2022 05:45:46|INFO|Is groups None: True 
18-06-2022 05:47:05|INFO|4/10|grid.best_params_={'C': 10000000000.0, 'gamma': 1e-09, 'kernel': 'rbf', 'max_iter': 1000}, grid.best_score_=0.6606481481481482, grid.best_index_=42, acc=0.6416666666666667, time=79.23888993263245
18-06-2022 05:47:05|INFO|Is groups None: True 
18-06-2022 05:48:21|INFO|5/10|grid.best_params_={'C': 100000000.0, 'gamma': 1e-09, 'kernel': 'rbf', 'max_iter': 1000}, grid.best_score_=0.6583333333333333, grid.best_index_=35, acc=0.625, time=76.55098843574524
18-06-2022 05:48:21|INFO|Is groups None: True 
18-06-2022 05:49:38|INFO|6/10|grid.best_params_={'C': 1000000.0, 'gamma': 1e-09, 'kernel': 'rbf', 'max_iter': 1000}, grid.best_score_=0.6569444444444446, grid.best_index_=28, acc=0.625, time=76.77451944351196
18-06-2022 05:49:38|INFO|Is groups None: True 
18-06-2022 05:50:55|INFO|7/10|grid.best_params_={'C': 1000000.0, 'gamma': 1e-09, 'kernel': 'rbf', 'max_iter': 1000}, grid.best_score_=0.6574074074074073, grid.best_index_=28, acc=0.6458333333333334, time=76.78941082954407
18-06-2022 05:50:55|INFO|Is groups None: True 
18-06-2022 05:52:14|INFO|8/10|grid.best_params_={'C': 100000000.0, 'gamma': 1e-09, 'kernel': 'rbf', 'max_iter': 1000}, grid.best_score_=0.6634259259259259, grid.best_index_=35, acc=0.6125, time=78.91996216773987
18-06-2022 05:52:14|INFO|Is groups None: True 
18-06-2022 05:53:30|INFO|9/10|grid.best_params_={'C': 100000000.0, 'gamma': 1e-09, 'kernel': 'rbf', 'max_iter': 1000}, grid.best_score_=0.6574074074074074, grid.best_index_=35, acc=0.6125, time=76.43756103515625
18-06-2022 05:53:30|INFO|Is groups None: True 
18-06-2022 05:54:53|INFO|10/10|grid.best_params_={'C': 10000000000.0, 'gamma': 1e-09, 'kernel': 'rbf', 'max_iter': 1000}, grid.best_score_=0.662037037037037, grid.best_index_=42, acc=0.6291666666666667, time=82.39798498153687
18-06-2022 05:54:53|INFO|s28|10-CV=0.63708|STD=0.01801|Time spend=814.1691899299622
18-06-2022 05:54:56|INFO|Running Split-First
18-06-2022 05:54:56|INFO|X.shape=(2400, 160), y.shape=(2400,), groups.shape=(2400,)
18-06-2022 05:54:56|INFO|Is groups None: True 
18-06-2022 05:56:18|INFO|1/10|grid.best_params_={'C': 100000000.0, 'gamma': 1e-09, 'kernel': 'rbf', 'max_iter': 1000}, grid.best_score_=0.6472222222222224, grid.best_index_=35, acc=0.6583333333333333, time=81.94373178482056
18-06-2022 05:56:18|INFO|Is groups None: True 
18-06-2022 05:57:41|INFO|2/10|grid.best_params_={'C': 100000000.0, 'gamma': 1e-09, 'kernel': 'rbf', 'max_iter': 1000}, grid.best_score_=0.6527777777777779, grid.best_index_=35, acc=0.6541666666666667, time=82.95432615280151
18-06-2022 05:57:41|INFO|Is groups None: True 
18-06-2022 05:59:05|INFO|3/10|grid.best_params_={'C': 10000000000.0, 'gamma': 1e-09, 'kernel': 'rbf', 'max_iter': 1000}, grid.best_score_=0.6611111111111112, grid.best_index_=42, acc=0.675, time=83.51976418495178
18-06-2022 05:59:05|INFO|Is groups None: True 
18-06-2022 06:00:27|INFO|4/10|grid.best_params_={'C': 100.0, 'gamma': 1e-05, 'kernel': 'rbf', 'max_iter': 1000}, grid.best_score_=0.650462962962963, grid.best_index_=16, acc=0.6125, time=82.40115332603455
18-06-2022 06:00:27|INFO|Is groups None: True 
18-06-2022 06:01:50|INFO|5/10|grid.best_params_={'C': 100000000.0, 'gamma': 1e-09, 'kernel': 'rbf', 'max_iter': 1000}, grid.best_score_=0.6523148148148148, grid.best_index_=35, acc=0.65, time=82.56767988204956
18-06-2022 06:01:50|INFO|Is groups None: True 
18-06-2022 06:03:13|INFO|6/10|grid.best_params_={'C': 100.0, 'gamma': 1e-05, 'kernel': 'rbf', 'max_iter': 1000}, grid.best_score_=0.6564814814814814, grid.best_index_=16, acc=0.5958333333333333, time=82.87677693367004
18-06-2022 06:03:13|INFO|Is groups None: True 
18-06-2022 06:04:35|INFO|7/10|grid.best_params_={'C': 100.0, 'gamma': 1e-05, 'kernel': 'rbf', 'max_iter': 1000}, grid.best_score_=0.6527777777777778, grid.best_index_=16, acc=0.6375, time=82.58900451660156
18-06-2022 06:04:35|INFO|Is groups None: True 
18-06-2022 06:05:57|INFO|8/10|grid.best_params_={'C': 100000000.0, 'gamma': 1e-09, 'kernel': 'rbf', 'max_iter': 1000}, grid.best_score_=0.65, grid.best_index_=35, acc=0.6541666666666667, time=81.93146824836731
18-06-2022 06:05:57|INFO|Is groups None: True 
18-06-2022 06:07:20|INFO|9/10|grid.best_params_={'C': 1.0, 'gamma': 0.001, 'kernel': 'rbf', 'max_iter': 1000}, grid.best_score_=0.6509259259259259, grid.best_index_=10, acc=0.6458333333333334, time=83.13177394866943
18-06-2022 06:07:20|INFO|Is groups None: True 
18-06-2022 06:08:43|INFO|10/10|grid.best_params_={'C': 10000.0, 'gamma': 1e-07, 'kernel': 'rbf', 'max_iter': 1000}, grid.best_score_=0.6486111111111111, grid.best_index_=22, acc=0.6375, time=82.79322242736816
18-06-2022 06:08:43|INFO|s29|10-CV=0.64208|STD=0.02185|Time spend=830.4413516521454
18-06-2022 06:08:47|INFO|Running Split-First
18-06-2022 06:08:47|INFO|X.shape=(2400, 160), y.shape=(2400,), groups.shape=(2400,)
18-06-2022 06:08:47|INFO|Is groups None: True 
18-06-2022 06:10:02|INFO|1/10|grid.best_params_={'C': 100000000.0, 'gamma': 1e-09, 'kernel': 'rbf', 'max_iter': 1000}, grid.best_score_=0.6787037037037038, grid.best_index_=35, acc=0.7, time=74.37364768981934
18-06-2022 06:10:02|INFO|Is groups None: True 
18-06-2022 06:11:15|INFO|2/10|grid.best_params_={'C': 10000000000.0, 'gamma': 1e-09, 'kernel': 'rbf', 'max_iter': 1000}, grid.best_score_=0.6763888888888889, grid.best_index_=42, acc=0.6833333333333333, time=73.75934052467346
18-06-2022 06:11:15|INFO|Is groups None: True 
18-06-2022 06:12:29|INFO|3/10|grid.best_params_={'C': 0.01, 'gamma': 1e-09, 'kernel': 'rbf', 'max_iter': 1000}, grid.best_score_=0.675, grid.best_index_=0, acc=0.675, time=73.89900970458984
18-06-2022 06:12:29|INFO|Is groups None: True 
18-06-2022 06:13:46|INFO|4/10|grid.best_params_={'C': 10000000000.0, 'gamma': 1e-09, 'kernel': 'rbf', 'max_iter': 1000}, grid.best_score_=0.6759259259259259, grid.best_index_=42, acc=0.6625, time=76.27656078338623
18-06-2022 06:13:46|INFO|Is groups None: True 
18-06-2022 06:14:58|INFO|5/10|grid.best_params_={'C': 100000000.0, 'gamma': 1e-09, 'kernel': 'rbf', 'max_iter': 1000}, grid.best_score_=0.675462962962963, grid.best_index_=35, acc=0.6708333333333333, time=72.17115926742554
18-06-2022 06:14:58|INFO|Is groups None: True 
18-06-2022 06:16:11|INFO|6/10|grid.best_params_={'C': 100000000.0, 'gamma': 1e-09, 'kernel': 'rbf', 'max_iter': 1000}, grid.best_score_=0.6814814814814816, grid.best_index_=35, acc=0.6583333333333333, time=73.81119799613953
18-06-2022 06:16:12|INFO|Is groups None: True 
18-06-2022 06:17:24|INFO|7/10|grid.best_params_={'C': 0.01, 'gamma': 1e-09, 'kernel': 'rbf', 'max_iter': 1000}, grid.best_score_=0.675, grid.best_index_=0, acc=0.675, time=72.73659658432007
18-06-2022 06:17:24|INFO|Is groups None: True 
18-06-2022 06:18:37|INFO|8/10|grid.best_params_={'C': 10000000000.0, 'gamma': 1e-09, 'kernel': 'rbf', 'max_iter': 1000}, grid.best_score_=0.6777777777777778, grid.best_index_=42, acc=0.6916666666666667, time=73.00476884841919
18-06-2022 06:18:37|INFO|Is groups None: True 
18-06-2022 06:19:51|INFO|9/10|grid.best_params_={'C': 0.01, 'gamma': 1e-09, 'kernel': 'rbf', 'max_iter': 1000}, grid.best_score_=0.675, grid.best_index_=0, acc=0.675, time=73.89913654327393
18-06-2022 06:19:51|INFO|Is groups None: True 
18-06-2022 06:21:05|INFO|10/10|grid.best_params_={'C': 100000000.0, 'gamma': 1e-09, 'kernel': 'rbf', 'max_iter': 1000}, grid.best_score_=0.6777777777777777, grid.best_index_=35, acc=0.6708333333333333, time=73.42180705070496
18-06-2022 06:21:05|INFO|s30|10-CV=0.67625|STD=0.01194|Time spend=741.3592224121094
18-06-2022 06:21:08|INFO|Running Split-First
18-06-2022 06:21:08|INFO|X.shape=(2400, 160), y.shape=(2400,), groups.shape=(2400,)
18-06-2022 06:21:08|INFO|Is groups None: True 
18-06-2022 06:22:32|INFO|1/10|grid.best_params_={'C': 100000000.0, 'gamma': 1e-09, 'kernel': 'rbf', 'max_iter': 1000}, grid.best_score_=0.6402777777777777, grid.best_index_=35, acc=0.5583333333333333, time=83.29182124137878
18-06-2022 06:22:32|INFO|Is groups None: True 
18-06-2022 06:23:55|INFO|2/10|grid.best_params_={'C': 100000000.0, 'gamma': 1e-09, 'kernel': 'rbf', 'max_iter': 1000}, grid.best_score_=0.636574074074074, grid.best_index_=35, acc=0.6541666666666667, time=83.44525408744812
18-06-2022 06:23:55|INFO|Is groups None: True 
18-06-2022 06:25:18|INFO|3/10|grid.best_params_={'C': 1.0, 'gamma': 0.001, 'kernel': 'rbf', 'max_iter': 1000}, grid.best_score_=0.6370370370370371, grid.best_index_=10, acc=0.6291666666666667, time=82.74810457229614
18-06-2022 06:25:18|INFO|Is groups None: True 
18-06-2022 06:26:40|INFO|4/10|grid.best_params_={'C': 100.0, 'gamma': 1e-05, 'kernel': 'rbf', 'max_iter': 1000}, grid.best_score_=0.6375, grid.best_index_=16, acc=0.5708333333333333, time=82.18975186347961
18-06-2022 06:26:40|INFO|Is groups None: True 
18-06-2022 06:28:04|INFO|5/10|grid.best_params_={'C': 1.0, 'gamma': 0.001, 'kernel': 'rbf', 'max_iter': 1000}, grid.best_score_=0.6328703703703704, grid.best_index_=10, acc=0.6208333333333333, time=83.60939049720764
18-06-2022 06:28:04|INFO|Is groups None: True 
18-06-2022 06:29:28|INFO|6/10|grid.best_params_={'C': 1000000.0, 'gamma': 1e-09, 'kernel': 'rbf', 'max_iter': 1000}, grid.best_score_=0.6319444444444444, grid.best_index_=28, acc=0.6083333333333333, time=84.11884450912476
18-06-2022 06:29:28|INFO|Is groups None: True 
18-06-2022 06:30:51|INFO|7/10|grid.best_params_={'C': 1.0, 'gamma': 0.001, 'kernel': 'rbf', 'max_iter': 1000}, grid.best_score_=0.637037037037037, grid.best_index_=10, acc=0.6291666666666667, time=83.37386059761047
18-06-2022 06:30:51|INFO|Is groups None: True 
18-06-2022 06:32:16|INFO|8/10|grid.best_params_={'C': 10000.0, 'gamma': 1e-07, 'kernel': 'rbf', 'max_iter': 1000}, grid.best_score_=0.6361111111111112, grid.best_index_=22, acc=0.6333333333333333, time=84.66421580314636
18-06-2022 06:32:16|INFO|Is groups None: True 
18-06-2022 06:33:40|INFO|9/10|grid.best_params_={'C': 100.0, 'gamma': 1e-05, 'kernel': 'rbf', 'max_iter': 1000}, grid.best_score_=0.637962962962963, grid.best_index_=16, acc=0.6416666666666667, time=84.36525917053223
18-06-2022 06:33:40|INFO|Is groups None: True 
18-06-2022 06:35:04|INFO|10/10|grid.best_params_={'C': 10000.0, 'gamma': 1e-07, 'kernel': 'rbf', 'max_iter': 1000}, grid.best_score_=0.6314814814814815, grid.best_index_=22, acc=0.6916666666666667, time=84.0135645866394
18-06-2022 06:35:04|INFO|s31|10-CV=0.62375|STD=0.03652|Time spend=839.6528928279877
18-06-2022 06:35:08|INFO|Running Split-First
18-06-2022 06:35:08|INFO|X.shape=(2400, 160), y.shape=(2400,), groups.shape=(2400,)
18-06-2022 06:35:08|INFO|Is groups None: True 
18-06-2022 06:36:36|INFO|1/10|grid.best_params_={'C': 100.0, 'gamma': 0.1, 'kernel': 'rbf', 'max_iter': 1000}, grid.best_score_=0.6333333333333333, grid.best_index_=18, acc=0.6416666666666667, time=88.11741280555725
18-06-2022 06:36:36|INFO|Is groups None: True 
18-06-2022 06:38:05|INFO|2/10|grid.best_params_={'C': 100.0, 'gamma': 0.1, 'kernel': 'rbf', 'max_iter': 1000}, grid.best_score_=0.6185185185185185, grid.best_index_=18, acc=0.65, time=88.80031538009644
18-06-2022 06:38:05|INFO|Is groups None: True 
18-06-2022 06:39:33|INFO|3/10|grid.best_params_={'C': 100.0, 'gamma': 0.1, 'kernel': 'rbf', 'max_iter': 1000}, grid.best_score_=0.6310185185185184, grid.best_index_=18, acc=0.6333333333333333, time=88.4579918384552
18-06-2022 06:39:33|INFO|Is groups None: True 
18-06-2022 06:41:03|INFO|4/10|grid.best_params_={'C': 100.0, 'gamma': 0.1, 'kernel': 'rbf', 'max_iter': 1000}, grid.best_score_=0.6314814814814815, grid.best_index_=18, acc=0.6666666666666666, time=89.1920313835144
18-06-2022 06:41:03|INFO|Is groups None: True 
18-06-2022 06:42:32|INFO|5/10|grid.best_params_={'C': 100.0, 'gamma': 0.1, 'kernel': 'rbf', 'max_iter': 1000}, grid.best_score_=0.6310185185185184, grid.best_index_=18, acc=0.6333333333333333, time=89.73864150047302
18-06-2022 06:42:32|INFO|Is groups None: True 
18-06-2022 06:44:03|INFO|6/10|grid.best_params_={'C': 100.0, 'gamma': 0.1, 'kernel': 'rbf', 'max_iter': 1000}, grid.best_score_=0.6212962962962963, grid.best_index_=18, acc=0.575, time=91.04676342010498
18-06-2022 06:44:03|INFO|Is groups None: True 
18-06-2022 06:45:33|INFO|7/10|grid.best_params_={'C': 100.0, 'gamma': 0.1, 'kernel': 'rbf', 'max_iter': 1000}, grid.best_score_=0.6245370370370371, grid.best_index_=18, acc=0.6291666666666667, time=89.544851064682
18-06-2022 06:45:33|INFO|Is groups None: True 
18-06-2022 06:47:02|INFO|8/10|grid.best_params_={'C': 100.0, 'gamma': 0.1, 'kernel': 'rbf', 'max_iter': 1000}, grid.best_score_=0.6263888888888888, grid.best_index_=18, acc=0.6583333333333333, time=89.5758945941925
18-06-2022 06:47:03|INFO|Is groups None: True 
18-06-2022 06:48:32|INFO|9/10|grid.best_params_={'C': 100.0, 'gamma': 0.1, 'kernel': 'rbf', 'max_iter': 1000}, grid.best_score_=0.624537037037037, grid.best_index_=18, acc=0.6291666666666667, time=89.74936199188232
18-06-2022 06:48:32|INFO|Is groups None: True 
18-06-2022 06:50:01|INFO|10/10|grid.best_params_={'C': 100.0, 'gamma': 0.1, 'kernel': 'rbf', 'max_iter': 1000}, grid.best_score_=0.6310185185185184, grid.best_index_=18, acc=0.5833333333333334, time=88.47872471809387
18-06-2022 06:50:01|INFO|s32|10-CV=0.63000|STD=0.02812|Time spend=896.4954698085785
18-06-2022 06:50:01|INFO|final|10-CV=0.67770|STD=0.01591
