17-06-2022 15:27:14|INFO|
    Running Command: 
        python3 main-ml.py --subject_setup dependent --experimental_setup trial --stimuli_class valence --preprocessing DE --segment_lenght 1 --output_log ./output/dependent-trial-valence-DE-1.log
    Starting training:
        segment_lenght:  1
        output_log:      ./output/dependent-trial-valence-DE-1.log
        stimuli_class:   valence
        preprocessing:   DE
        subject_setup:   dependent
        experimental_setup: trial
    
17-06-2022 15:27:18|INFO|Running Segment-First
17-06-2022 15:27:18|INFO|X.shape=(2400, 160), y.shape=(2400,), groups.shape=(2400,)
17-06-2022 15:27:18|INFO|Is groups None: False 
17-06-2022 15:29:06|INFO|1/10|grid.best_params_={'C': 0.01, 'gamma': 0.1, 'kernel': 'rbf', 'max_iter': 1000}, grid.best_score_=0.5324074074074073, grid.best_index_=4, acc=0.525, time=108.10882258415222
17-06-2022 15:29:06|INFO|Is groups None: False 
17-06-2022 15:30:35|INFO|2/10|grid.best_params_={'C': 0.01, 'gamma': 0.1, 'kernel': 'rbf', 'max_iter': 1000}, grid.best_score_=0.5324074074074073, grid.best_index_=4, acc=0.5833333333333334, time=89.0396888256073
17-06-2022 15:30:35|INFO|Is groups None: False 
17-06-2022 15:32:05|INFO|3/10|grid.best_params_={'C': 0.01, 'gamma': 1e-05, 'kernel': 'rbf', 'max_iter': 1000}, grid.best_score_=0.5259259259259259, grid.best_index_=2, acc=0.6125, time=90.12277626991272
17-06-2022 15:32:05|INFO|Is groups None: False 
17-06-2022 15:33:49|INFO|4/10|grid.best_params_={'C': 0.01, 'gamma': 0.1, 'kernel': 'rbf', 'max_iter': 1000}, grid.best_score_=0.5324074074074073, grid.best_index_=4, acc=0.5125, time=103.17924642562866
17-06-2022 15:33:49|INFO|Is groups None: False 
17-06-2022 15:35:26|INFO|5/10|grid.best_params_={'C': 0.01, 'gamma': 0.1, 'kernel': 'rbf', 'max_iter': 1000}, grid.best_score_=0.5324074074074074, grid.best_index_=4, acc=0.5083333333333333, time=97.05125713348389
17-06-2022 15:35:26|INFO|Is groups None: False 
17-06-2022 15:37:04|INFO|6/10|grid.best_params_={'C': 0.01, 'gamma': 1e-09, 'kernel': 'rbf', 'max_iter': 1000}, grid.best_score_=0.5268518518518519, grid.best_index_=0, acc=0.5791666666666667, time=98.76636672019958
17-06-2022 15:37:04|INFO|Is groups None: False 
17-06-2022 15:39:23|INFO|7/10|grid.best_params_={'C': 0.01, 'gamma': 0.1, 'kernel': 'rbf', 'max_iter': 1000}, grid.best_score_=0.5263888888888889, grid.best_index_=4, acc=0.48333333333333334, time=139.0076286792755
17-06-2022 15:39:23|INFO|Is groups None: False 
17-06-2022 15:41:26|INFO|8/10|grid.best_params_={'C': 10000000000.0, 'gamma': 1e-09, 'kernel': 'rbf', 'max_iter': 1000}, grid.best_score_=0.5773148148148147, grid.best_index_=42, acc=0.3416666666666667, time=122.9687271118164
17-06-2022 15:41:26|INFO|Is groups None: False 
17-06-2022 15:43:22|INFO|9/10|grid.best_params_={'C': 0.01, 'gamma': 1e-09, 'kernel': 'rbf', 'max_iter': 1000}, grid.best_score_=0.5263888888888889, grid.best_index_=0, acc=0.425, time=115.72475552558899
17-06-2022 15:43:22|INFO|Is groups None: False 
17-06-2022 15:45:25|INFO|10/10|grid.best_params_={'C': 0.01, 'gamma': 0.1, 'kernel': 'rbf', 'max_iter': 1000}, grid.best_score_=0.5407407407407407, grid.best_index_=4, acc=0.5125, time=122.52953267097473
17-06-2022 15:45:25|INFO|s01|10-CV=0.50833|STD=0.07560|Time spend=1090.3670539855957
17-06-2022 15:45:28|INFO|Running Segment-First
17-06-2022 15:45:28|INFO|X.shape=(2400, 160), y.shape=(2400,), groups.shape=(2400,)
17-06-2022 15:45:28|INFO|Is groups None: False 
17-06-2022 15:47:19|INFO|1/10|grid.best_params_={'C': 100.0, 'gamma': 1e-05, 'kernel': 'rbf', 'max_iter': 1000}, grid.best_score_=0.6597222222222223, grid.best_index_=16, acc=0.7, time=110.99289846420288
17-06-2022 15:47:19|INFO|Is groups None: False 
17-06-2022 15:49:16|INFO|2/10|grid.best_params_={'C': 10000.0, 'gamma': 1e-07, 'kernel': 'rbf', 'max_iter': 1000}, grid.best_score_=0.6513888888888889, grid.best_index_=22, acc=0.7625, time=116.48632001876831
17-06-2022 15:49:16|INFO|Is groups None: False 
17-06-2022 15:51:07|INFO|3/10|grid.best_params_={'C': 100.0, 'gamma': 1e-05, 'kernel': 'rbf', 'max_iter': 1000}, grid.best_score_=0.6449074074074074, grid.best_index_=16, acc=0.7458333333333333, time=111.25002694129944
17-06-2022 15:51:07|INFO|Is groups None: False 
17-06-2022 15:52:57|INFO|4/10|grid.best_params_={'C': 100.0, 'gamma': 1e-05, 'kernel': 'rbf', 'max_iter': 1000}, grid.best_score_=0.6856481481481481, grid.best_index_=16, acc=0.6208333333333333, time=109.38051772117615
17-06-2022 15:52:57|INFO|Is groups None: False 
17-06-2022 15:54:48|INFO|5/10|grid.best_params_={'C': 10000.0, 'gamma': 1e-07, 'kernel': 'rbf', 'max_iter': 1000}, grid.best_score_=0.6356481481481482, grid.best_index_=22, acc=0.8125, time=111.52300381660461
17-06-2022 15:54:48|INFO|Is groups None: False 
17-06-2022 15:56:41|INFO|6/10|grid.best_params_={'C': 1000000.0, 'gamma': 1e-09, 'kernel': 'rbf', 'max_iter': 1000}, grid.best_score_=0.6335493827160494, grid.best_index_=28, acc=0.6583333333333333, time=112.76998400688171
17-06-2022 15:56:41|INFO|Is groups None: False 
17-06-2022 15:58:32|INFO|7/10|grid.best_params_={'C': 10000.0, 'gamma': 1e-07, 'kernel': 'rbf', 'max_iter': 1000}, grid.best_score_=0.6699074074074074, grid.best_index_=22, acc=0.5958333333333333, time=110.71450519561768
17-06-2022 15:58:32|INFO|Is groups None: False 
17-06-2022 16:00:24|INFO|8/10|grid.best_params_={'C': 10000.0, 'gamma': 1e-07, 'kernel': 'rbf', 'max_iter': 1000}, grid.best_score_=0.6324074074074074, grid.best_index_=22, acc=0.875, time=112.31760931015015
17-06-2022 16:00:24|INFO|Is groups None: False 
17-06-2022 16:02:18|INFO|9/10|grid.best_params_={'C': 100.0, 'gamma': 1e-05, 'kernel': 'rbf', 'max_iter': 1000}, grid.best_score_=0.6615740740740742, grid.best_index_=16, acc=0.7041666666666667, time=114.10464692115784
17-06-2022 16:02:18|INFO|Is groups None: False 
17-06-2022 16:04:12|INFO|10/10|grid.best_params_={'C': 100.0, 'gamma': 1e-05, 'kernel': 'rbf', 'max_iter': 1000}, grid.best_score_=0.7296296296296296, grid.best_index_=16, acc=0.3375, time=113.81395888328552
17-06-2022 16:04:12|INFO|s02|10-CV=0.68125|STD=0.14002|Time spend=1127.1907396316528
17-06-2022 16:04:16|INFO|Running Segment-First
17-06-2022 16:04:16|INFO|X.shape=(2400, 160), y.shape=(2400,), groups.shape=(2400,)
17-06-2022 16:04:16|INFO|Is groups None: False 
17-06-2022 16:06:08|INFO|1/10|grid.best_params_={'C': 10000.0, 'gamma': 1e-07, 'kernel': 'rbf', 'max_iter': 1000}, grid.best_score_=0.6189814814814816, grid.best_index_=22, acc=0.6916666666666667, time=112.55330395698547
17-06-2022 16:06:08|INFO|Is groups None: False 
17-06-2022 16:08:02|INFO|2/10|grid.best_params_={'C': 1000000.0, 'gamma': 1e-09, 'kernel': 'rbf', 'max_iter': 1000}, grid.best_score_=0.6175925925925925, grid.best_index_=28, acc=0.6708333333333333, time=113.6250536441803
17-06-2022 16:08:02|INFO|Is groups None: False 
17-06-2022 16:09:56|INFO|3/10|grid.best_params_={'C': 1000000.0, 'gamma': 1e-09, 'kernel': 'rbf', 'max_iter': 1000}, grid.best_score_=0.6222222222222222, grid.best_index_=28, acc=0.5791666666666667, time=114.05140495300293
17-06-2022 16:09:56|INFO|Is groups None: False 
17-06-2022 16:11:51|INFO|4/10|grid.best_params_={'C': 10000.0, 'gamma': 1e-07, 'kernel': 'rbf', 'max_iter': 1000}, grid.best_score_=0.6191358024691359, grid.best_index_=22, acc=0.5958333333333333, time=114.71014356613159
17-06-2022 16:11:51|INFO|Is groups None: False 
17-06-2022 16:13:41|INFO|5/10|grid.best_params_={'C': 10000.0, 'gamma': 1e-07, 'kernel': 'rbf', 'max_iter': 1000}, grid.best_score_=0.611574074074074, grid.best_index_=22, acc=0.6166666666666667, time=110.55296206474304
17-06-2022 16:13:41|INFO|Is groups None: False 
17-06-2022 16:15:31|INFO|6/10|grid.best_params_={'C': 10000.0, 'gamma': 1e-07, 'kernel': 'rbf', 'max_iter': 1000}, grid.best_score_=0.6194444444444445, grid.best_index_=22, acc=0.5541666666666667, time=110.20507168769836
17-06-2022 16:15:31|INFO|Is groups None: False 
17-06-2022 16:17:23|INFO|7/10|grid.best_params_={'C': 10000000000.0, 'gamma': 1e-09, 'kernel': 'rbf', 'max_iter': 1000}, grid.best_score_=0.6254629629629629, grid.best_index_=42, acc=0.5208333333333334, time=111.18951272964478
17-06-2022 16:17:23|INFO|Is groups None: False 
17-06-2022 16:19:17|INFO|8/10|grid.best_params_={'C': 10000000000.0, 'gamma': 1e-09, 'kernel': 'rbf', 'max_iter': 1000}, grid.best_score_=0.6027777777777777, grid.best_index_=42, acc=0.675, time=114.55689096450806
17-06-2022 16:19:17|INFO|Is groups None: False 
17-06-2022 16:21:10|INFO|9/10|grid.best_params_={'C': 100.0, 'gamma': 1e-05, 'kernel': 'rbf', 'max_iter': 1000}, grid.best_score_=0.6142283950617284, grid.best_index_=16, acc=0.6416666666666667, time=113.04925966262817
17-06-2022 16:21:10|INFO|Is groups None: False 
17-06-2022 16:23:05|INFO|10/10|grid.best_params_={'C': 100.0, 'gamma': 1e-05, 'kernel': 'rbf', 'max_iter': 1000}, grid.best_score_=0.6212962962962962, grid.best_index_=16, acc=0.6291666666666667, time=114.71891593933105
17-06-2022 16:23:05|INFO|s03|10-CV=0.61750|STD=0.05260|Time spend=1133.0347354412079
17-06-2022 16:23:09|INFO|Running Segment-First
17-06-2022 16:23:09|INFO|X.shape=(2400, 160), y.shape=(2400,), groups.shape=(2400,)
17-06-2022 16:23:09|INFO|Is groups None: False 
17-06-2022 16:24:46|INFO|1/10|grid.best_params_={'C': 0.01, 'gamma': 1e-09, 'kernel': 'rbf', 'max_iter': 1000}, grid.best_score_=0.6111111111111112, grid.best_index_=0, acc=0.5, time=97.58358573913574
17-06-2022 16:24:46|INFO|Is groups None: False 
17-06-2022 16:26:20|INFO|2/10|grid.best_params_={'C': 10000000000.0, 'gamma': 1e-09, 'kernel': 'rbf', 'max_iter': 1000}, grid.best_score_=0.6574074074074074, grid.best_index_=42, acc=0.5125, time=94.0013473033905
17-06-2022 16:26:20|INFO|Is groups None: False 
17-06-2022 16:27:57|INFO|3/10|grid.best_params_={'C': 0.01, 'gamma': 1e-09, 'kernel': 'rbf', 'max_iter': 1000}, grid.best_score_=0.6111111111111112, grid.best_index_=0, acc=0.5, time=96.89446568489075
17-06-2022 16:27:57|INFO|Is groups None: False 
17-06-2022 16:29:45|INFO|4/10|grid.best_params_={'C': 10000000000.0, 'gamma': 1e-09, 'kernel': 'rbf', 'max_iter': 1000}, grid.best_score_=0.6175925925925926, grid.best_index_=42, acc=0.6583333333333333, time=107.69522500038147
17-06-2022 16:29:45|INFO|Is groups None: False 
17-06-2022 16:31:17|INFO|5/10|grid.best_params_={'C': 100000000.0, 'gamma': 1e-07, 'kernel': 'rbf', 'max_iter': 1000}, grid.best_score_=0.586111111111111, grid.best_index_=36, acc=0.4625, time=92.06279635429382
17-06-2022 16:31:17|INFO|Is groups None: False 
17-06-2022 16:32:46|INFO|6/10|grid.best_params_={'C': 100000000.0, 'gamma': 1e-09, 'kernel': 'rbf', 'max_iter': 1000}, grid.best_score_=0.6111111111111112, grid.best_index_=35, acc=0.625, time=88.68172645568848
17-06-2022 16:32:46|INFO|Is groups None: False 
17-06-2022 16:34:16|INFO|7/10|grid.best_params_={'C': 0.01, 'gamma': 1e-09, 'kernel': 'rbf', 'max_iter': 1000}, grid.best_score_=0.5833333333333334, grid.best_index_=0, acc=0.75, time=90.51355791091919
17-06-2022 16:34:16|INFO|Is groups None: False 
17-06-2022 16:35:41|INFO|8/10|grid.best_params_={'C': 100000000.0, 'gamma': 1e-09, 'kernel': 'rbf', 'max_iter': 1000}, grid.best_score_=0.6236111111111111, grid.best_index_=35, acc=0.55, time=84.4342954158783
17-06-2022 16:35:41|INFO|Is groups None: False 
17-06-2022 16:37:07|INFO|9/10|grid.best_params_={'C': 10000000000.0, 'gamma': 1e-09, 'kernel': 'rbf', 'max_iter': 1000}, grid.best_score_=0.6351851851851852, grid.best_index_=42, acc=0.5833333333333334, time=86.14482855796814
17-06-2022 16:37:07|INFO|Is groups None: False 
17-06-2022 16:38:42|INFO|10/10|grid.best_params_={'C': 100000000.0, 'gamma': 1e-09, 'kernel': 'rbf', 'max_iter': 1000}, grid.best_score_=0.6092592592592593, grid.best_index_=35, acc=0.725, time=94.88814449310303
17-06-2022 16:38:42|INFO|s04|10-CV=0.58667|STD=0.09472|Time spend=936.680333852768
17-06-2022 16:38:45|INFO|Running Segment-First
17-06-2022 16:38:45|INFO|X.shape=(2400, 160), y.shape=(2400,), groups.shape=(2400,)
17-06-2022 16:38:45|INFO|Is groups None: False 
17-06-2022 16:40:16|INFO|1/10|grid.best_params_={'C': 0.01, 'gamma': 1e-09, 'kernel': 'rbf', 'max_iter': 1000}, grid.best_score_=0.5833333333333334, grid.best_index_=0, acc=0.75, time=90.55827569961548
17-06-2022 16:40:16|INFO|Is groups None: False 
17-06-2022 16:41:46|INFO|2/10|grid.best_params_={'C': 0.01, 'gamma': 1e-09, 'kernel': 'rbf', 'max_iter': 1000}, grid.best_score_=0.6111111111111112, grid.best_index_=0, acc=0.5, time=90.17832064628601
17-06-2022 16:41:46|INFO|Is groups None: False 
17-06-2022 16:43:23|INFO|3/10|grid.best_params_={'C': 0.01, 'gamma': 1e-09, 'kernel': 'rbf', 'max_iter': 1000}, grid.best_score_=0.5833333333333334, grid.best_index_=0, acc=0.75, time=96.58981347084045
17-06-2022 16:43:23|INFO|Is groups None: False 
17-06-2022 16:44:55|INFO|4/10|grid.best_params_={'C': 10000000000.0, 'gamma': 1e-09, 'kernel': 'rbf', 'max_iter': 1000}, grid.best_score_=0.6249999999999999, grid.best_index_=42, acc=0.5458333333333333, time=91.92740750312805
17-06-2022 16:44:55|INFO|Is groups None: False 
17-06-2022 16:46:32|INFO|5/10|grid.best_params_={'C': 0.01, 'gamma': 1e-09, 'kernel': 'rbf', 'max_iter': 1000}, grid.best_score_=0.6111111111111112, grid.best_index_=0, acc=0.5, time=97.3207061290741
17-06-2022 16:46:32|INFO|Is groups None: False 
17-06-2022 16:48:18|INFO|6/10|grid.best_params_={'C': 1000000.0, 'gamma': 1e-09, 'kernel': 'rbf', 'max_iter': 1000}, grid.best_score_=0.6175925925925925, grid.best_index_=28, acc=0.5125, time=106.03327965736389
17-06-2022 16:48:18|INFO|Is groups None: False 
17-06-2022 16:50:11|INFO|7/10|grid.best_params_={'C': 100000000.0, 'gamma': 1e-09, 'kernel': 'rbf', 'max_iter': 1000}, grid.best_score_=0.5888888888888889, grid.best_index_=35, acc=0.6416666666666667, time=113.44853949546814
17-06-2022 16:50:11|INFO|Is groups None: False 
17-06-2022 16:52:02|INFO|8/10|grid.best_params_={'C': 0.01, 'gamma': 1e-09, 'kernel': 'rbf', 'max_iter': 1000}, grid.best_score_=0.6111111111111112, grid.best_index_=0, acc=0.5, time=110.93484258651733
17-06-2022 16:52:02|INFO|Is groups None: False 
17-06-2022 16:53:54|INFO|9/10|grid.best_params_={'C': 0.01, 'gamma': 1e-09, 'kernel': 'rbf', 'max_iter': 1000}, grid.best_score_=0.6111111111111112, grid.best_index_=0, acc=0.5, time=111.28622817993164
17-06-2022 16:53:54|INFO|Is groups None: False 
17-06-2022 16:56:19|INFO|10/10|grid.best_params_={'C': 0.01, 'gamma': 1e-09, 'kernel': 'rbf', 'max_iter': 1000}, grid.best_score_=0.5833333333333334, grid.best_index_=0, acc=0.75, time=144.9197120666504
17-06-2022 16:56:19|INFO|s05|10-CV=0.59500|STD=0.10935|Time spend=1056.9908754825592
17-06-2022 16:56:22|INFO|Running Segment-First
17-06-2022 16:56:22|INFO|X.shape=(2400, 160), y.shape=(2400,), groups.shape=(2400,)
17-06-2022 16:56:22|INFO|Is groups None: False 
17-06-2022 16:57:54|INFO|1/10|grid.best_params_={'C': 0.01, 'gamma': 1e-09, 'kernel': 'rbf', 'max_iter': 1000}, grid.best_score_=0.75, grid.best_index_=0, acc=0.75, time=91.96744728088379
17-06-2022 16:57:54|INFO|Is groups None: False 
17-06-2022 16:59:28|INFO|2/10|grid.best_params_={'C': 0.01, 'gamma': 1e-09, 'kernel': 'rbf', 'max_iter': 1000}, grid.best_score_=0.75, grid.best_index_=0, acc=0.75, time=93.44641423225403
17-06-2022 16:59:28|INFO|Is groups None: False 
17-06-2022 17:00:53|INFO|3/10|grid.best_params_={'C': 0.01, 'gamma': 1e-09, 'kernel': 'rbf', 'max_iter': 1000}, grid.best_score_=0.75, grid.best_index_=0, acc=0.75, time=85.35185551643372
17-06-2022 17:00:53|INFO|Is groups None: False 
17-06-2022 17:02:14|INFO|4/10|grid.best_params_={'C': 0.01, 'gamma': 1e-09, 'kernel': 'rbf', 'max_iter': 1000}, grid.best_score_=0.75, grid.best_index_=0, acc=0.75, time=80.83387088775635
17-06-2022 17:02:14|INFO|Is groups None: False 
17-06-2022 17:03:39|INFO|5/10|grid.best_params_={'C': 0.01, 'gamma': 1e-09, 'kernel': 'rbf', 'max_iter': 1000}, grid.best_score_=0.75, grid.best_index_=0, acc=0.75, time=85.30621457099915
17-06-2022 17:03:39|INFO|Is groups None: False 
17-06-2022 17:05:06|INFO|6/10|grid.best_params_={'C': 0.01, 'gamma': 1e-09, 'kernel': 'rbf', 'max_iter': 1000}, grid.best_score_=0.75, grid.best_index_=0, acc=0.75, time=86.17479038238525
17-06-2022 17:05:06|INFO|Is groups None: False 
17-06-2022 17:06:29|INFO|7/10|grid.best_params_={'C': 0.01, 'gamma': 1e-09, 'kernel': 'rbf', 'max_iter': 1000}, grid.best_score_=0.75, grid.best_index_=0, acc=0.75, time=83.21001625061035
17-06-2022 17:06:29|INFO|Is groups None: False 
17-06-2022 17:07:53|INFO|8/10|grid.best_params_={'C': 0.01, 'gamma': 1e-09, 'kernel': 'rbf', 'max_iter': 1000}, grid.best_score_=0.75, grid.best_index_=0, acc=0.75, time=84.6299729347229
17-06-2022 17:07:53|INFO|Is groups None: False 
17-06-2022 17:09:18|INFO|9/10|grid.best_params_={'C': 0.01, 'gamma': 1e-09, 'kernel': 'rbf', 'max_iter': 1000}, grid.best_score_=0.75, grid.best_index_=0, acc=0.75, time=84.31472444534302
17-06-2022 17:09:18|INFO|Is groups None: False 
17-06-2022 17:10:43|INFO|10/10|grid.best_params_={'C': 0.01, 'gamma': 1e-09, 'kernel': 'rbf', 'max_iter': 1000}, grid.best_score_=0.75, grid.best_index_=0, acc=0.75, time=84.97786808013916
17-06-2022 17:10:43|INFO|s06|10-CV=0.75000|STD=0.00000|Time spend=864.0680611133575
17-06-2022 17:10:47|INFO|Running Segment-First
17-06-2022 17:10:47|INFO|X.shape=(2400, 160), y.shape=(2400,), groups.shape=(2400,)
17-06-2022 17:10:47|INFO|Is groups None: False 
17-06-2022 17:12:19|INFO|1/10|grid.best_params_={'C': 0.01, 'gamma': 1e-09, 'kernel': 'rbf', 'max_iter': 1000}, grid.best_score_=0.6944444444444444, grid.best_index_=0, acc=0.75, time=91.69831323623657
17-06-2022 17:12:19|INFO|Is groups None: False 
17-06-2022 17:13:46|INFO|2/10|grid.best_params_={'C': 0.01, 'gamma': 1e-09, 'kernel': 'rbf', 'max_iter': 1000}, grid.best_score_=0.7222222222222222, grid.best_index_=0, acc=0.5, time=86.71080589294434
17-06-2022 17:13:46|INFO|Is groups None: False 
17-06-2022 17:15:16|INFO|3/10|grid.best_params_={'C': 0.01, 'gamma': 1e-09, 'kernel': 'rbf', 'max_iter': 1000}, grid.best_score_=0.6944444444444444, grid.best_index_=0, acc=0.75, time=90.92712879180908
17-06-2022 17:15:16|INFO|Is groups None: False 
17-06-2022 17:16:43|INFO|4/10|grid.best_params_={'C': 0.01, 'gamma': 1e-09, 'kernel': 'rbf', 'max_iter': 1000}, grid.best_score_=0.7222222222222222, grid.best_index_=0, acc=0.5, time=86.52713990211487
17-06-2022 17:16:43|INFO|Is groups None: False 
17-06-2022 17:18:15|INFO|5/10|grid.best_params_={'C': 0.01, 'gamma': 1e-09, 'kernel': 'rbf', 'max_iter': 1000}, grid.best_score_=0.6944444444444444, grid.best_index_=0, acc=0.75, time=92.35179042816162
17-06-2022 17:18:15|INFO|Is groups None: False 
17-06-2022 17:19:50|INFO|6/10|grid.best_params_={'C': 0.01, 'gamma': 1e-09, 'kernel': 'rbf', 'max_iter': 1000}, grid.best_score_=0.6944444444444444, grid.best_index_=0, acc=0.75, time=94.95907402038574
17-06-2022 17:19:50|INFO|Is groups None: False 
17-06-2022 17:21:21|INFO|7/10|grid.best_params_={'C': 0.01, 'gamma': 1e-09, 'kernel': 'rbf', 'max_iter': 1000}, grid.best_score_=0.6944444444444444, grid.best_index_=0, acc=0.75, time=91.09828758239746
17-06-2022 17:21:21|INFO|Is groups None: False 
17-06-2022 17:22:55|INFO|8/10|grid.best_params_={'C': 0.01, 'gamma': 1e-09, 'kernel': 'rbf', 'max_iter': 1000}, grid.best_score_=0.6944444444444444, grid.best_index_=0, acc=0.75, time=93.59814596176147
17-06-2022 17:22:55|INFO|Is groups None: False 
17-06-2022 17:24:28|INFO|9/10|grid.best_params_={'C': 0.01, 'gamma': 1e-09, 'kernel': 'rbf', 'max_iter': 1000}, grid.best_score_=0.6944444444444444, grid.best_index_=0, acc=0.75, time=92.5328860282898
17-06-2022 17:24:28|INFO|Is groups None: False 
17-06-2022 17:25:57|INFO|10/10|grid.best_params_={'C': 0.01, 'gamma': 1e-09, 'kernel': 'rbf', 'max_iter': 1000}, grid.best_score_=0.6944444444444444, grid.best_index_=0, acc=0.75, time=89.57304525375366
17-06-2022 17:25:57|INFO|s07|10-CV=0.70000|STD=0.10000|Time spend=914.4737374782562
17-06-2022 17:26:01|INFO|Running Segment-First
17-06-2022 17:26:01|INFO|X.shape=(2400, 160), y.shape=(2400,), groups.shape=(2400,)
17-06-2022 17:26:01|INFO|Is groups None: False 
17-06-2022 17:27:35|INFO|1/10|grid.best_params_={'C': 1000000.0, 'gamma': 1e-05, 'kernel': 'rbf', 'max_iter': 1000}, grid.best_score_=0.5851851851851851, grid.best_index_=30, acc=0.39166666666666666, time=94.15719437599182
17-06-2022 17:27:35|INFO|Is groups None: False 
17-06-2022 17:29:11|INFO|2/10|grid.best_params_={'C': 1000000.0, 'gamma': 1e-05, 'kernel': 'rbf', 'max_iter': 1000}, grid.best_score_=0.5638888888888889, grid.best_index_=30, acc=0.4791666666666667, time=95.66787600517273
17-06-2022 17:29:11|INFO|Is groups None: False 
17-06-2022 17:30:47|INFO|3/10|grid.best_params_={'C': 1000000.0, 'gamma': 1e-05, 'kernel': 'rbf', 'max_iter': 1000}, grid.best_score_=0.575462962962963, grid.best_index_=30, acc=0.42083333333333334, time=96.75835609436035
17-06-2022 17:30:47|INFO|Is groups None: False 
17-06-2022 17:32:21|INFO|4/10|grid.best_params_={'C': 0.01, 'gamma': 1e-09, 'kernel': 'rbf', 'max_iter': 1000}, grid.best_score_=0.5555555555555556, grid.best_index_=0, acc=0.5, time=94.05481362342834
17-06-2022 17:32:21|INFO|Is groups None: False 
17-06-2022 17:33:54|INFO|5/10|grid.best_params_={'C': 0.01, 'gamma': 1e-09, 'kernel': 'rbf', 'max_iter': 1000}, grid.best_score_=0.5555555555555556, grid.best_index_=0, acc=0.5, time=92.79685306549072
17-06-2022 17:33:54|INFO|Is groups None: False 
17-06-2022 17:35:34|INFO|6/10|grid.best_params_={'C': 100000000.0, 'gamma': 1e-07, 'kernel': 'rbf', 'max_iter': 1000}, grid.best_score_=0.5662962962962962, grid.best_index_=36, acc=0.5208333333333334, time=100.21405124664307
17-06-2022 17:35:35|INFO|Is groups None: False 
17-06-2022 17:37:10|INFO|7/10|grid.best_params_={'C': 1.0, 'gamma': 0.1, 'kernel': 'rbf', 'max_iter': 1000}, grid.best_score_=0.5560185185185185, grid.best_index_=11, acc=0.4875, time=95.29081010818481
17-06-2022 17:37:10|INFO|Is groups None: False 
17-06-2022 17:38:57|INFO|8/10|grid.best_params_={'C': 100000000.0, 'gamma': 1e-07, 'kernel': 'rbf', 'max_iter': 1000}, grid.best_score_=0.5416666666666666, grid.best_index_=36, acc=0.5833333333333334, time=107.29480457305908
17-06-2022 17:38:57|INFO|Is groups None: False 
17-06-2022 17:40:33|INFO|9/10|grid.best_params_={'C': 0.01, 'gamma': 1000.0, 'kernel': 'rbf', 'max_iter': 1000}, grid.best_score_=0.5555555555555556, grid.best_index_=6, acc=0.5, time=95.75135016441345
17-06-2022 17:40:33|INFO|Is groups None: False 
17-06-2022 17:42:05|INFO|10/10|grid.best_params_={'C': 10000.0, 'gamma': 1e-05, 'kernel': 'rbf', 'max_iter': 1000}, grid.best_score_=0.5865740740740741, grid.best_index_=23, acc=0.5541666666666667, time=92.41110324859619
17-06-2022 17:42:05|INFO|s08|10-CV=0.49375|STD=0.05340|Time spend=968.1354374885559
17-06-2022 17:42:09|INFO|Running Segment-First
17-06-2022 17:42:09|INFO|X.shape=(2400, 160), y.shape=(2400,), groups.shape=(2400,)
17-06-2022 17:42:09|INFO|Is groups None: False 
17-06-2022 17:43:44|INFO|1/10|grid.best_params_={'C': 10000.0, 'gamma': 1e-07, 'kernel': 'rbf', 'max_iter': 1000}, grid.best_score_=0.6319444444444444, grid.best_index_=22, acc=0.7625, time=94.8304672241211
17-06-2022 17:43:44|INFO|Is groups None: False 
17-06-2022 17:45:42|INFO|2/10|grid.best_params_={'C': 10000.0, 'gamma': 1e-07, 'kernel': 'rbf', 'max_iter': 1000}, grid.best_score_=0.6592592592592593, grid.best_index_=22, acc=0.6458333333333334, time=118.53996968269348
17-06-2022 17:45:42|INFO|Is groups None: False 
17-06-2022 17:47:39|INFO|3/10|grid.best_params_={'C': 10000.0, 'gamma': 1e-07, 'kernel': 'rbf', 'max_iter': 1000}, grid.best_score_=0.7, grid.best_index_=22, acc=0.5, time=116.57066679000854
17-06-2022 17:47:39|INFO|Is groups None: False 
17-06-2022 17:49:44|INFO|4/10|grid.best_params_={'C': 1000000.0, 'gamma': 1e-09, 'kernel': 'rbf', 'max_iter': 1000}, grid.best_score_=0.6527777777777778, grid.best_index_=28, acc=0.8375, time=125.51781702041626
17-06-2022 17:49:44|INFO|Is groups None: False 
17-06-2022 17:51:55|INFO|5/10|grid.best_params_={'C': 100.0, 'gamma': 1e-05, 'kernel': 'rbf', 'max_iter': 1000}, grid.best_score_=0.6481481481481483, grid.best_index_=16, acc=0.7125, time=130.34952998161316
17-06-2022 17:51:55|INFO|Is groups None: False 
17-06-2022 17:54:05|INFO|6/10|grid.best_params_={'C': 100.0, 'gamma': 1e-05, 'kernel': 'rbf', 'max_iter': 1000}, grid.best_score_=0.5930555555555556, grid.best_index_=16, acc=0.8833333333333333, time=130.52835726737976
17-06-2022 17:54:05|INFO|Is groups None: False 
17-06-2022 17:55:47|INFO|7/10|grid.best_params_={'C': 1000000.0, 'gamma': 1e-09, 'kernel': 'rbf', 'max_iter': 1000}, grid.best_score_=0.6652777777777776, grid.best_index_=28, acc=0.4875, time=101.58587884902954
17-06-2022 17:55:47|INFO|Is groups None: False 
17-06-2022 17:57:40|INFO|8/10|grid.best_params_={'C': 1000000.0, 'gamma': 1e-09, 'kernel': 'rbf', 'max_iter': 1000}, grid.best_score_=0.6444444444444444, grid.best_index_=28, acc=0.6291666666666667, time=112.74082827568054
17-06-2022 17:57:40|INFO|Is groups None: False 
17-06-2022 17:59:27|INFO|9/10|grid.best_params_={'C': 10000.0, 'gamma': 1e-07, 'kernel': 'rbf', 'max_iter': 1000}, grid.best_score_=0.6606481481481482, grid.best_index_=22, acc=0.6166666666666667, time=107.4643816947937
17-06-2022 17:59:27|INFO|Is groups None: False 
17-06-2022 18:01:15|INFO|10/10|grid.best_params_={'C': 10000.0, 'gamma': 1e-07, 'kernel': 'rbf', 'max_iter': 1000}, grid.best_score_=0.6851851851851852, grid.best_index_=22, acc=0.45, time=108.14601826667786
17-06-2022 18:01:15|INFO|s09|10-CV=0.65250|STD=0.14020|Time spend=1150.0043749809265
17-06-2022 18:01:19|INFO|Running Segment-First
17-06-2022 18:01:19|INFO|X.shape=(2400, 160), y.shape=(2400,), groups.shape=(2400,)
17-06-2022 18:01:19|INFO|Is groups None: False 
17-06-2022 18:03:16|INFO|1/10|grid.best_params_={'C': 1000000.0, 'gamma': 1e-09, 'kernel': 'rbf', 'max_iter': 1000}, grid.best_score_=0.7939814814814814, grid.best_index_=28, acc=0.6333333333333333, time=116.50944232940674
17-06-2022 18:03:16|INFO|Is groups None: False 
17-06-2022 18:05:48|INFO|2/10|grid.best_params_={'C': 100.0, 'gamma': 1e-05, 'kernel': 'rbf', 'max_iter': 1000}, grid.best_score_=0.7407407407407408, grid.best_index_=16, acc=0.9791666666666666, time=151.99686217308044
17-06-2022 18:05:48|INFO|Is groups None: False 
17-06-2022 18:08:30|INFO|3/10|grid.best_params_={'C': 100.0, 'gamma': 1e-05, 'kernel': 'rbf', 'max_iter': 1000}, grid.best_score_=0.7958333333333334, grid.best_index_=16, acc=0.5375, time=162.65104842185974
17-06-2022 18:08:30|INFO|Is groups None: False 
17-06-2022 18:10:24|INFO|4/10|grid.best_params_={'C': 100.0, 'gamma': 1e-05, 'kernel': 'rbf', 'max_iter': 1000}, grid.best_score_=0.7842592592592593, grid.best_index_=16, acc=0.6916666666666667, time=114.06553673744202
17-06-2022 18:10:24|INFO|Is groups None: False 
17-06-2022 18:12:06|INFO|5/10|grid.best_params_={'C': 100.0, 'gamma': 1e-05, 'kernel': 'rbf', 'max_iter': 1000}, grid.best_score_=0.7282407407407407, grid.best_index_=16, acc=0.9916666666666667, time=101.7556643486023
17-06-2022 18:12:06|INFO|Is groups None: False 
17-06-2022 18:13:46|INFO|6/10|grid.best_params_={'C': 100.0, 'gamma': 1e-05, 'kernel': 'rbf', 'max_iter': 1000}, grid.best_score_=0.749074074074074, grid.best_index_=16, acc=0.9333333333333333, time=100.22240543365479
17-06-2022 18:13:46|INFO|Is groups None: False 
17-06-2022 18:15:21|INFO|7/10|grid.best_params_={'C': 1000000.0, 'gamma': 1e-09, 'kernel': 'rbf', 'max_iter': 1000}, grid.best_score_=0.7611111111111111, grid.best_index_=28, acc=0.7125, time=94.89643383026123
17-06-2022 18:15:21|INFO|Is groups None: False 
17-06-2022 18:17:04|INFO|8/10|grid.best_params_={'C': 10000.0, 'gamma': 1e-07, 'kernel': 'rbf', 'max_iter': 1000}, grid.best_score_=0.7537037037037037, grid.best_index_=22, acc=0.8458333333333333, time=102.27456784248352
17-06-2022 18:17:04|INFO|Is groups None: False 
17-06-2022 18:18:45|INFO|9/10|grid.best_params_={'C': 100.0, 'gamma': 1e-05, 'kernel': 'rbf', 'max_iter': 1000}, grid.best_score_=0.7532407407407408, grid.best_index_=16, acc=0.8875, time=101.62065935134888
17-06-2022 18:18:45|INFO|Is groups None: False 
17-06-2022 18:20:22|INFO|10/10|grid.best_params_={'C': 100000000.0, 'gamma': 1e-09, 'kernel': 'rbf', 'max_iter': 1000}, grid.best_score_=0.8097222222222222, grid.best_index_=35, acc=0.5708333333333333, time=96.59639263153076
17-06-2022 18:20:22|INFO|s10|10-CV=0.77833|STD=0.16133|Time spend=1146.451640367508
17-06-2022 18:20:26|INFO|Running Segment-First
17-06-2022 18:20:26|INFO|X.shape=(2400, 160), y.shape=(2400,), groups.shape=(2400,)
17-06-2022 18:20:26|INFO|Is groups None: False 
17-06-2022 18:21:59|INFO|1/10|grid.best_params_={'C': 0.01, 'gamma': 1e-09, 'kernel': 'rbf', 'max_iter': 1000}, grid.best_score_=0.5833333333333334, grid.best_index_=0, acc=0.75, time=92.54825019836426
17-06-2022 18:21:59|INFO|Is groups None: False 
17-06-2022 18:23:26|INFO|2/10|grid.best_params_={'C': 0.01, 'gamma': 1e-09, 'kernel': 'rbf', 'max_iter': 1000}, grid.best_score_=0.6111111111111112, grid.best_index_=0, acc=0.5, time=87.35669827461243
17-06-2022 18:23:26|INFO|Is groups None: False 
17-06-2022 18:24:55|INFO|3/10|grid.best_params_={'C': 0.01, 'gamma': 1e-09, 'kernel': 'rbf', 'max_iter': 1000}, grid.best_score_=0.6111111111111112, grid.best_index_=0, acc=0.5, time=88.6140787601471
17-06-2022 18:24:55|INFO|Is groups None: False 
17-06-2022 18:26:27|INFO|4/10|grid.best_params_={'C': 0.01, 'gamma': 1e-09, 'kernel': 'rbf', 'max_iter': 1000}, grid.best_score_=0.6111111111111112, grid.best_index_=0, acc=0.5, time=91.58071875572205
17-06-2022 18:26:27|INFO|Is groups None: False 
17-06-2022 18:28:06|INFO|5/10|grid.best_params_={'C': 0.01, 'gamma': 1e-09, 'kernel': 'rbf', 'max_iter': 1000}, grid.best_score_=0.5833333333333334, grid.best_index_=0, acc=0.75, time=99.45246124267578
17-06-2022 18:28:06|INFO|Is groups None: False 
17-06-2022 18:29:42|INFO|6/10|grid.best_params_={'C': 10000000000.0, 'gamma': 1e-07, 'kernel': 'rbf', 'max_iter': 1000}, grid.best_score_=0.5935185185185186, grid.best_index_=43, acc=0.525, time=95.9735631942749
17-06-2022 18:29:42|INFO|Is groups None: False 
17-06-2022 18:31:17|INFO|7/10|grid.best_params_={'C': 0.01, 'gamma': 1e-09, 'kernel': 'rbf', 'max_iter': 1000}, grid.best_score_=0.5833333333333334, grid.best_index_=0, acc=0.75, time=94.73774600028992
17-06-2022 18:31:17|INFO|Is groups None: False 
17-06-2022 18:32:49|INFO|8/10|grid.best_params_={'C': 0.01, 'gamma': 1e-09, 'kernel': 'rbf', 'max_iter': 1000}, grid.best_score_=0.6111111111111112, grid.best_index_=0, acc=0.5, time=92.13111329078674
17-06-2022 18:32:49|INFO|Is groups None: False 
17-06-2022 18:34:34|INFO|9/10|grid.best_params_={'C': 0.01, 'gamma': 1e-09, 'kernel': 'rbf', 'max_iter': 1000}, grid.best_score_=0.6111111111111112, grid.best_index_=0, acc=0.5, time=104.62906813621521
17-06-2022 18:34:34|INFO|Is groups None: False 
17-06-2022 18:36:35|INFO|10/10|grid.best_params_={'C': 0.01, 'gamma': 1e-09, 'kernel': 'rbf', 'max_iter': 1000}, grid.best_score_=0.6111111111111112, grid.best_index_=0, acc=0.5, time=121.63397097587585
17-06-2022 18:36:35|INFO|s11|10-CV=0.57750|STD=0.11316|Time spend=973.447262763977
17-06-2022 18:36:39|INFO|Running Segment-First
17-06-2022 18:36:39|INFO|X.shape=(2400, 160), y.shape=(2400,), groups.shape=(2400,)
17-06-2022 18:36:39|INFO|Is groups None: False 
17-06-2022 18:38:38|INFO|1/10|grid.best_params_={'C': 10000000000.0, 'gamma': 1e-09, 'kernel': 'rbf', 'max_iter': 1000}, grid.best_score_=0.5437037037037037, grid.best_index_=42, acc=0.7958333333333333, time=118.79039168357849
17-06-2022 18:38:38|INFO|Is groups None: False 
17-06-2022 18:40:39|INFO|2/10|grid.best_params_={'C': 100000000.0, 'gamma': 1e-09, 'kernel': 'rbf', 'max_iter': 1000}, grid.best_score_=0.6385802469135802, grid.best_index_=35, acc=0.3458333333333333, time=120.92784285545349
17-06-2022 18:40:39|INFO|Is groups None: False 
17-06-2022 18:42:37|INFO|3/10|grid.best_params_={'C': 100000000.0, 'gamma': 1e-09, 'kernel': 'rbf', 'max_iter': 1000}, grid.best_score_=0.5852777777777778, grid.best_index_=35, acc=0.6208333333333333, time=118.62788009643555
17-06-2022 18:42:37|INFO|Is groups None: False 
17-06-2022 18:44:31|INFO|4/10|grid.best_params_={'C': 10000000000.0, 'gamma': 1e-09, 'kernel': 'rbf', 'max_iter': 1000}, grid.best_score_=0.5796296296296296, grid.best_index_=42, acc=0.5625, time=113.46704196929932
17-06-2022 18:44:31|INFO|Is groups None: False 
17-06-2022 18:46:35|INFO|5/10|grid.best_params_={'C': 10000000000.0, 'gamma': 1e-09, 'kernel': 'rbf', 'max_iter': 1000}, grid.best_score_=0.5924074074074075, grid.best_index_=42, acc=0.6041666666666666, time=124.64823961257935
17-06-2022 18:46:36|INFO|Is groups None: False 
17-06-2022 18:48:14|INFO|6/10|grid.best_params_={'C': 10000000000.0, 'gamma': 1e-09, 'kernel': 'rbf', 'max_iter': 1000}, grid.best_score_=0.6018518518518519, grid.best_index_=42, acc=0.6, time=98.12189626693726
17-06-2022 18:48:14|INFO|Is groups None: False 
17-06-2022 18:49:40|INFO|7/10|grid.best_params_={'C': 100000000.0, 'gamma': 1e-09, 'kernel': 'rbf', 'max_iter': 1000}, grid.best_score_=0.6101851851851852, grid.best_index_=35, acc=0.55, time=86.13379454612732
17-06-2022 18:49:40|INFO|Is groups None: False 
17-06-2022 18:51:08|INFO|8/10|grid.best_params_={'C': 100000000.0, 'gamma': 1e-09, 'kernel': 'rbf', 'max_iter': 1000}, grid.best_score_=0.5459876543209876, grid.best_index_=35, acc=0.7916666666666666, time=87.81162929534912
17-06-2022 18:51:08|INFO|Is groups None: False 
17-06-2022 18:52:33|INFO|9/10|grid.best_params_={'C': 1.0, 'gamma': 0.001, 'kernel': 'rbf', 'max_iter': 1000}, grid.best_score_=0.6069444444444444, grid.best_index_=10, acc=0.5458333333333333, time=85.59641647338867
17-06-2022 18:52:33|INFO|Is groups None: False 
17-06-2022 18:53:59|INFO|10/10|grid.best_params_={'C': 10000000000.0, 'gamma': 1e-09, 'kernel': 'rbf', 'max_iter': 1000}, grid.best_score_=0.6152777777777777, grid.best_index_=42, acc=0.5541666666666667, time=86.22120332717896
17-06-2022 18:53:59|INFO|s12|10-CV=0.59708|STD=0.12206|Time spend=1044.2424607276917
17-06-2022 18:54:03|INFO|Running Segment-First
17-06-2022 18:54:03|INFO|X.shape=(2400, 160), y.shape=(2400,), groups.shape=(2400,)
17-06-2022 18:54:03|INFO|Is groups None: False 
17-06-2022 18:55:21|INFO|1/10|grid.best_params_={'C': 1.0, 'gamma': 0.001, 'kernel': 'rbf', 'max_iter': 1000}, grid.best_score_=0.7425925925925926, grid.best_index_=10, acc=0.5083333333333333, time=77.58796620368958
17-06-2022 18:55:21|INFO|Is groups None: False 
17-06-2022 18:56:39|INFO|2/10|grid.best_params_={'C': 1.0, 'gamma': 0.001, 'kernel': 'rbf', 'max_iter': 1000}, grid.best_score_=0.7291666666666666, grid.best_index_=10, acc=0.6833333333333333, time=78.21565842628479
17-06-2022 18:56:39|INFO|Is groups None: False 
17-06-2022 18:58:05|INFO|3/10|grid.best_params_={'C': 1.0, 'gamma': 0.001, 'kernel': 'rbf', 'max_iter': 1000}, grid.best_score_=0.7305555555555556, grid.best_index_=10, acc=0.6375, time=86.56288290023804
17-06-2022 18:58:05|INFO|Is groups None: False 
17-06-2022 18:59:24|INFO|4/10|grid.best_params_={'C': 1.0, 'gamma': 0.001, 'kernel': 'rbf', 'max_iter': 1000}, grid.best_score_=0.725462962962963, grid.best_index_=10, acc=0.7375, time=78.19634127616882
17-06-2022 18:59:24|INFO|Is groups None: False 
17-06-2022 19:00:44|INFO|5/10|grid.best_params_={'C': 1.0, 'gamma': 0.001, 'kernel': 'rbf', 'max_iter': 1000}, grid.best_score_=0.7222222222222222, grid.best_index_=10, acc=0.7833333333333333, time=79.91945815086365
17-06-2022 19:00:44|INFO|Is groups None: False 
17-06-2022 19:02:06|INFO|6/10|grid.best_params_={'C': 1.0, 'gamma': 0.001, 'kernel': 'rbf', 'max_iter': 1000}, grid.best_score_=0.7240740740740741, grid.best_index_=10, acc=0.8041666666666667, time=82.5793879032135
17-06-2022 19:02:06|INFO|Is groups None: False 
17-06-2022 19:03:29|INFO|7/10|grid.best_params_={'C': 100.0, 'gamma': 1e-05, 'kernel': 'rbf', 'max_iter': 1000}, grid.best_score_=0.7194444444444446, grid.best_index_=16, acc=0.7041666666666667, time=82.58869004249573
17-06-2022 19:03:29|INFO|Is groups None: False 
17-06-2022 19:04:48|INFO|8/10|grid.best_params_={'C': 1.0, 'gamma': 0.001, 'kernel': 'rbf', 'max_iter': 1000}, grid.best_score_=0.7148148148148148, grid.best_index_=10, acc=0.8083333333333333, time=79.60900378227234
17-06-2022 19:04:48|INFO|Is groups None: False 
17-06-2022 19:06:09|INFO|9/10|grid.best_params_={'C': 1.0, 'gamma': 0.001, 'kernel': 'rbf', 'max_iter': 1000}, grid.best_score_=0.7291666666666666, grid.best_index_=10, acc=0.725, time=80.98858261108398
17-06-2022 19:06:09|INFO|Is groups None: False 
17-06-2022 19:07:31|INFO|10/10|grid.best_params_={'C': 1.0, 'gamma': 0.001, 'kernel': 'rbf', 'max_iter': 1000}, grid.best_score_=0.6930555555555555, grid.best_index_=10, acc=0.9291666666666667, time=81.99528932571411
17-06-2022 19:07:31|INFO|s13|10-CV=0.73208|STD=0.10711|Time spend=811.9343295097351
17-06-2022 19:07:35|INFO|Running Segment-First
17-06-2022 19:07:35|INFO|X.shape=(2400, 160), y.shape=(2400,), groups.shape=(2400,)
17-06-2022 19:07:35|INFO|Is groups None: False 
17-06-2022 19:09:01|INFO|1/10|grid.best_params_={'C': 10000000000.0, 'gamma': 1e-09, 'kernel': 'rbf', 'max_iter': 1000}, grid.best_score_=0.663425925925926, grid.best_index_=42, acc=0.775, time=85.94212865829468
17-06-2022 19:09:01|INFO|Is groups None: False 
17-06-2022 19:10:27|INFO|2/10|grid.best_params_={'C': 100000000.0, 'gamma': 1e-09, 'kernel': 'rbf', 'max_iter': 1000}, grid.best_score_=0.7097222222222221, grid.best_index_=35, acc=0.5083333333333333, time=85.94179320335388
17-06-2022 19:10:27|INFO|Is groups None: False 
17-06-2022 19:11:54|INFO|3/10|grid.best_params_={'C': 100.0, 'gamma': 1e-05, 'kernel': 'rbf', 'max_iter': 1000}, grid.best_score_=0.6615740740740742, grid.best_index_=16, acc=0.8791666666666667, time=87.41344475746155
17-06-2022 19:11:54|INFO|Is groups None: False 
17-06-2022 19:13:22|INFO|4/10|grid.best_params_={'C': 10000000000.0, 'gamma': 1e-09, 'kernel': 'rbf', 'max_iter': 1000}, grid.best_score_=0.6837962962962963, grid.best_index_=42, acc=0.6541666666666667, time=87.42842626571655
17-06-2022 19:13:22|INFO|Is groups None: False 
17-06-2022 19:14:48|INFO|5/10|grid.best_params_={'C': 100000000.0, 'gamma': 1e-09, 'kernel': 'rbf', 'max_iter': 1000}, grid.best_score_=0.6787037037037037, grid.best_index_=35, acc=0.6958333333333333, time=85.8432104587555
17-06-2022 19:14:48|INFO|Is groups None: False 
17-06-2022 19:16:14|INFO|6/10|grid.best_params_={'C': 10000000000.0, 'gamma': 1e-09, 'kernel': 'rbf', 'max_iter': 1000}, grid.best_score_=0.6662037037037036, grid.best_index_=42, acc=0.65, time=86.12753677368164
17-06-2022 19:16:14|INFO|Is groups None: False 
17-06-2022 19:17:39|INFO|7/10|grid.best_params_={'C': 100000000.0, 'gamma': 1e-09, 'kernel': 'rbf', 'max_iter': 1000}, grid.best_score_=0.6935185185185185, grid.best_index_=35, acc=0.6, time=85.77023649215698
17-06-2022 19:17:40|INFO|Is groups None: False 
17-06-2022 19:19:07|INFO|8/10|grid.best_params_={'C': 10000.0, 'gamma': 1e-07, 'kernel': 'rbf', 'max_iter': 1000}, grid.best_score_=0.6481481481481481, grid.best_index_=22, acc=0.8, time=87.80807638168335
17-06-2022 19:19:07|INFO|Is groups None: False 
17-06-2022 19:20:34|INFO|9/10|grid.best_params_={'C': 100000000.0, 'gamma': 1e-09, 'kernel': 'rbf', 'max_iter': 1000}, grid.best_score_=0.7004629629629631, grid.best_index_=35, acc=0.5666666666666667, time=87.16242122650146
17-06-2022 19:20:34|INFO|Is groups None: False 
17-06-2022 19:22:00|INFO|10/10|grid.best_params_={'C': 100000000.0, 'gamma': 1e-09, 'kernel': 'rbf', 'max_iter': 1000}, grid.best_score_=0.6939814814814815, grid.best_index_=35, acc=0.6791666666666667, time=85.37776374816895
17-06-2022 19:22:00|INFO|s14|10-CV=0.68083|STD=0.10659|Time spend=868.5077991485596
17-06-2022 19:22:03|INFO|Running Segment-First
17-06-2022 19:22:03|INFO|X.shape=(2400, 160), y.shape=(2400,), groups.shape=(2400,)
17-06-2022 19:22:03|INFO|Is groups None: False 
17-06-2022 19:23:29|INFO|1/10|grid.best_params_={'C': 100.0, 'gamma': 1e-05, 'kernel': 'rbf', 'max_iter': 1000}, grid.best_score_=0.7087962962962963, grid.best_index_=16, acc=0.9333333333333333, time=85.40555500984192
17-06-2022 19:23:29|INFO|Is groups None: False 
17-06-2022 19:24:53|INFO|2/10|grid.best_params_={'C': 100000000.0, 'gamma': 1e-09, 'kernel': 'rbf', 'max_iter': 1000}, grid.best_score_=0.7449074074074075, grid.best_index_=35, acc=0.6, time=83.6669397354126
17-06-2022 19:24:53|INFO|Is groups None: False 
17-06-2022 19:26:16|INFO|3/10|grid.best_params_={'C': 10000000000.0, 'gamma': 1e-09, 'kernel': 'rbf', 'max_iter': 1000}, grid.best_score_=0.7259259259259259, grid.best_index_=42, acc=0.7166666666666667, time=83.56325268745422
17-06-2022 19:26:16|INFO|Is groups None: False 
17-06-2022 19:27:37|INFO|4/10|grid.best_params_={'C': 100.0, 'gamma': 1e-05, 'kernel': 'rbf', 'max_iter': 1000}, grid.best_score_=0.7865740740740741, grid.best_index_=16, acc=0.4, time=81.36059021949768
17-06-2022 19:27:37|INFO|Is groups None: False 
17-06-2022 19:29:02|INFO|5/10|grid.best_params_={'C': 100.0, 'gamma': 1e-05, 'kernel': 'rbf', 'max_iter': 1000}, grid.best_score_=0.7259259259259259, grid.best_index_=16, acc=0.8833333333333333, time=84.70574355125427
17-06-2022 19:29:02|INFO|Is groups None: False 
17-06-2022 19:30:26|INFO|6/10|grid.best_params_={'C': 1000000.0, 'gamma': 1e-09, 'kernel': 'rbf', 'max_iter': 1000}, grid.best_score_=0.7041666666666667, grid.best_index_=28, acc=0.75, time=84.08174157142639
17-06-2022 19:30:26|INFO|Is groups None: False 
17-06-2022 19:31:51|INFO|7/10|grid.best_params_={'C': 100.0, 'gamma': 1e-05, 'kernel': 'rbf', 'max_iter': 1000}, grid.best_score_=0.7555555555555555, grid.best_index_=16, acc=0.6666666666666666, time=84.84459185600281
17-06-2022 19:31:51|INFO|Is groups None: False 
17-06-2022 19:33:15|INFO|8/10|grid.best_params_={'C': 10000.0, 'gamma': 1e-07, 'kernel': 'rbf', 'max_iter': 1000}, grid.best_score_=0.7236111111111111, grid.best_index_=22, acc=0.8458333333333333, time=84.18453812599182
17-06-2022 19:33:15|INFO|Is groups None: False 
17-06-2022 19:34:40|INFO|9/10|grid.best_params_={'C': 100.0, 'gamma': 1e-05, 'kernel': 'rbf', 'max_iter': 1000}, grid.best_score_=0.7060185185185185, grid.best_index_=16, acc=0.8541666666666666, time=84.77317428588867
17-06-2022 19:34:40|INFO|Is groups None: False 
17-06-2022 19:36:06|INFO|10/10|grid.best_params_={'C': 100000000.0, 'gamma': 1e-09, 'kernel': 'rbf', 'max_iter': 1000}, grid.best_score_=0.7560185185185185, grid.best_index_=35, acc=0.7041666666666667, time=86.25441312789917
17-06-2022 19:36:06|INFO|s15|10-CV=0.73542|STD=0.14982|Time spend=846.4942338466644
17-06-2022 19:36:10|INFO|Running Segment-First
17-06-2022 19:36:10|INFO|X.shape=(2400, 160), y.shape=(2400,), groups.shape=(2400,)
17-06-2022 19:36:10|INFO|Is groups None: False 
17-06-2022 19:37:27|INFO|1/10|grid.best_params_={'C': 1000000.0, 'gamma': 1e-09, 'kernel': 'rbf', 'max_iter': 1000}, grid.best_score_=0.6851851851851852, grid.best_index_=28, acc=0.7041666666666667, time=77.45333480834961
17-06-2022 19:37:27|INFO|Is groups None: False 
17-06-2022 19:38:45|INFO|2/10|grid.best_params_={'C': 1.0, 'gamma': 0.001, 'kernel': 'rbf', 'max_iter': 1000}, grid.best_score_=0.6916666666666667, grid.best_index_=10, acc=0.7833333333333333, time=77.89740300178528
17-06-2022 19:38:45|INFO|Is groups None: False 
17-06-2022 19:40:04|INFO|3/10|grid.best_params_={'C': 1.0, 'gamma': 0.001, 'kernel': 'rbf', 'max_iter': 1000}, grid.best_score_=0.6828703703703703, grid.best_index_=10, acc=0.8583333333333333, time=78.27981996536255
17-06-2022 19:40:04|INFO|Is groups None: False 
17-06-2022 19:41:17|INFO|4/10|grid.best_params_={'C': 1.0, 'gamma': 0.001, 'kernel': 'rbf', 'max_iter': 1000}, grid.best_score_=0.7087962962962964, grid.best_index_=10, acc=0.4791666666666667, time=73.57564520835876
17-06-2022 19:41:17|INFO|Is groups None: False 
17-06-2022 19:42:33|INFO|5/10|grid.best_params_={'C': 100.0, 'gamma': 1e-05, 'kernel': 'rbf', 'max_iter': 1000}, grid.best_score_=0.6837962962962962, grid.best_index_=16, acc=0.7625, time=75.76447582244873
17-06-2022 19:42:33|INFO|Is groups None: False 
17-06-2022 19:43:51|INFO|6/10|grid.best_params_={'C': 1.0, 'gamma': 0.001, 'kernel': 'rbf', 'max_iter': 1000}, grid.best_score_=0.6629629629629631, grid.best_index_=10, acc=0.9666666666666667, time=77.97226595878601
17-06-2022 19:43:51|INFO|Is groups None: False 
17-06-2022 19:45:08|INFO|7/10|grid.best_params_={'C': 1000000.0, 'gamma': 1e-09, 'kernel': 'rbf', 'max_iter': 1000}, grid.best_score_=0.6754629629629628, grid.best_index_=28, acc=0.7416666666666667, time=76.73782467842102
17-06-2022 19:45:08|INFO|Is groups None: False 
17-06-2022 19:46:24|INFO|8/10|grid.best_params_={'C': 1000000.0, 'gamma': 1e-09, 'kernel': 'rbf', 'max_iter': 1000}, grid.best_score_=0.7055555555555556, grid.best_index_=28, acc=0.5, time=76.06210327148438
17-06-2022 19:46:24|INFO|Is groups None: False 
17-06-2022 19:47:41|INFO|9/10|grid.best_params_={'C': 10000.0, 'gamma': 1e-07, 'kernel': 'rbf', 'max_iter': 1000}, grid.best_score_=0.7, grid.best_index_=22, acc=0.5666666666666667, time=77.25128817558289
17-06-2022 19:47:41|INFO|Is groups None: False 
17-06-2022 19:48:57|INFO|10/10|grid.best_params_={'C': 1.0, 'gamma': 0.001, 'kernel': 'rbf', 'max_iter': 1000}, grid.best_score_=0.7023148148148148, grid.best_index_=10, acc=0.5833333333333334, time=75.56234312057495
17-06-2022 19:48:57|INFO|s16|10-CV=0.69458|STD=0.15121|Time spend=770.2678670883179
17-06-2022 19:49:00|INFO|Running Segment-First
17-06-2022 19:49:00|INFO|X.shape=(2400, 160), y.shape=(2400,), groups.shape=(2400,)
17-06-2022 19:49:00|INFO|Is groups None: False 
17-06-2022 19:50:25|INFO|1/10|grid.best_params_={'C': 0.01, 'gamma': 1000.0, 'kernel': 'rbf', 'max_iter': 1000}, grid.best_score_=0.5555555555555556, grid.best_index_=6, acc=0.5, time=85.1425986289978
17-06-2022 19:50:25|INFO|Is groups None: False 
17-06-2022 19:51:52|INFO|2/10|grid.best_params_={'C': 10000000000.0, 'gamma': 1e-09, 'kernel': 'rbf', 'max_iter': 1000}, grid.best_score_=0.5657407407407408, grid.best_index_=42, acc=0.4166666666666667, time=86.53610062599182
17-06-2022 19:51:52|INFO|Is groups None: False 
17-06-2022 19:53:17|INFO|3/10|grid.best_params_={'C': 0.01, 'gamma': 1000.0, 'kernel': 'rbf', 'max_iter': 1000}, grid.best_score_=0.5555555555555556, grid.best_index_=6, acc=0.5, time=85.39097118377686
17-06-2022 19:53:17|INFO|Is groups None: False 
17-06-2022 19:54:43|INFO|4/10|grid.best_params_={'C': 0.01, 'gamma': 1000.0, 'kernel': 'rbf', 'max_iter': 1000}, grid.best_score_=0.5555555555555556, grid.best_index_=6, acc=0.5, time=85.16365385055542
17-06-2022 19:54:43|INFO|Is groups None: False 
17-06-2022 19:56:08|INFO|5/10|grid.best_params_={'C': 1000000.0, 'gamma': 1e-09, 'kernel': 'rbf', 'max_iter': 1000}, grid.best_score_=0.5569444444444444, grid.best_index_=28, acc=0.35, time=85.54675316810608
17-06-2022 19:56:08|INFO|Is groups None: False 
17-06-2022 19:57:33|INFO|6/10|grid.best_params_={'C': 0.01, 'gamma': 1e-09, 'kernel': 'rbf', 'max_iter': 1000}, grid.best_score_=0.5555555555555556, grid.best_index_=0, acc=0.5, time=84.79955339431763
17-06-2022 19:57:33|INFO|Is groups None: False 
17-06-2022 19:58:58|INFO|7/10|grid.best_params_={'C': 0.01, 'gamma': 1e-09, 'kernel': 'rbf', 'max_iter': 1000}, grid.best_score_=0.5555555555555556, grid.best_index_=0, acc=0.5, time=85.37737894058228
17-06-2022 19:58:58|INFO|Is groups None: False 
17-06-2022 20:00:22|INFO|8/10|grid.best_params_={'C': 0.01, 'gamma': 1000.0, 'kernel': 'rbf', 'max_iter': 1000}, grid.best_score_=0.5555555555555556, grid.best_index_=6, acc=0.5, time=83.61649489402771
17-06-2022 20:00:22|INFO|Is groups None: False 
17-06-2022 20:01:50|INFO|9/10|grid.best_params_={'C': 0.01, 'gamma': 1000.0, 'kernel': 'rbf', 'max_iter': 1000}, grid.best_score_=0.5462962962962963, grid.best_index_=6, acc=0.75, time=87.65042972564697
17-06-2022 20:01:50|INFO|Is groups None: False 
17-06-2022 20:03:17|INFO|10/10|grid.best_params_={'C': 100000000.0, 'gamma': 1e-09, 'kernel': 'rbf', 'max_iter': 1000}, grid.best_score_=0.5541358024691357, grid.best_index_=35, acc=0.5583333333333333, time=87.14631032943726
17-06-2022 20:03:17|INFO|s17|10-CV=0.50750|STD=0.09736|Time spend=860.0850305557251
17-06-2022 20:03:20|INFO|Running Segment-First
17-06-2022 20:03:20|INFO|X.shape=(2400, 160), y.shape=(2400,), groups.shape=(2400,)
17-06-2022 20:03:20|INFO|Is groups None: False 
17-06-2022 20:04:36|INFO|1/10|grid.best_params_={'C': 1.0, 'gamma': 0.001, 'kernel': 'rbf', 'max_iter': 1000}, grid.best_score_=0.6976851851851852, grid.best_index_=10, acc=0.5791666666666667, time=75.64615035057068
17-06-2022 20:04:36|INFO|Is groups None: False 
17-06-2022 20:05:53|INFO|2/10|grid.best_params_={'C': 10000000000.0, 'gamma': 1e-09, 'kernel': 'rbf', 'max_iter': 1000}, grid.best_score_=0.6773148148148148, grid.best_index_=42, acc=0.7916666666666666, time=76.55008554458618
17-06-2022 20:05:53|INFO|Is groups None: False 
17-06-2022 20:07:14|INFO|3/10|grid.best_params_={'C': 10000000000.0, 'gamma': 1e-09, 'kernel': 'rbf', 'max_iter': 1000}, grid.best_score_=0.673611111111111, grid.best_index_=42, acc=0.775, time=81.62484312057495
17-06-2022 20:07:14|INFO|Is groups None: False 
17-06-2022 20:08:31|INFO|4/10|grid.best_params_={'C': 1000000.0, 'gamma': 1e-09, 'kernel': 'rbf', 'max_iter': 1000}, grid.best_score_=0.7162037037037037, grid.best_index_=28, acc=0.5166666666666667, time=77.08147549629211
17-06-2022 20:08:31|INFO|Is groups None: False 
17-06-2022 20:09:50|INFO|5/10|grid.best_params_={'C': 100000000.0, 'gamma': 1e-09, 'kernel': 'rbf', 'max_iter': 1000}, grid.best_score_=0.7023148148148147, grid.best_index_=35, acc=0.6791666666666667, time=78.5151264667511
17-06-2022 20:09:50|INFO|Is groups None: False 
17-06-2022 20:11:07|INFO|6/10|grid.best_params_={'C': 10000000000.0, 'gamma': 1e-09, 'kernel': 'rbf', 'max_iter': 1000}, grid.best_score_=0.7027777777777778, grid.best_index_=42, acc=0.7666666666666667, time=77.11442828178406
17-06-2022 20:11:07|INFO|Is groups None: False 
17-06-2022 20:12:26|INFO|7/10|grid.best_params_={'C': 1.0, 'gamma': 0.001, 'kernel': 'rbf', 'max_iter': 1000}, grid.best_score_=0.7148148148148148, grid.best_index_=10, acc=0.5875, time=79.1089460849762
17-06-2022 20:12:26|INFO|Is groups None: False 
17-06-2022 20:13:43|INFO|8/10|grid.best_params_={'C': 10000000000.0, 'gamma': 1e-09, 'kernel': 'rbf', 'max_iter': 1000}, grid.best_score_=0.6712962962962963, grid.best_index_=42, acc=0.7791666666666667, time=76.83074235916138
17-06-2022 20:13:43|INFO|Is groups None: False 
17-06-2022 20:14:59|INFO|9/10|grid.best_params_={'C': 1000000.0, 'gamma': 1e-09, 'kernel': 'rbf', 'max_iter': 1000}, grid.best_score_=0.6893518518518519, grid.best_index_=28, acc=0.6791666666666667, time=75.85489797592163
17-06-2022 20:14:59|INFO|Is groups None: False 
17-06-2022 20:16:16|INFO|10/10|grid.best_params_={'C': 10000000000.0, 'gamma': 1e-09, 'kernel': 'rbf', 'max_iter': 1000}, grid.best_score_=0.6856481481481481, grid.best_index_=42, acc=0.875, time=76.91641402244568
17-06-2022 20:16:16|INFO|s18|10-CV=0.70292|STD=0.10817|Time spend=778.9468405246735
17-06-2022 20:16:19|INFO|Running Segment-First
17-06-2022 20:16:19|INFO|X.shape=(2400, 160), y.shape=(2400,), groups.shape=(2400,)
17-06-2022 20:16:19|INFO|Is groups None: False 
17-06-2022 20:17:45|INFO|1/10|grid.best_params_={'C': 1.0, 'gamma': 0.001, 'kernel': 'rbf', 'max_iter': 1000}, grid.best_score_=0.6069444444444445, grid.best_index_=10, acc=0.5958333333333333, time=85.45765423774719
17-06-2022 20:17:45|INFO|Is groups None: False 
17-06-2022 20:19:07|INFO|2/10|grid.best_params_={'C': 0.01, 'gamma': 1e-09, 'kernel': 'rbf', 'max_iter': 1000}, grid.best_score_=0.5833333333333334, grid.best_index_=0, acc=0.5, time=82.32295227050781
17-06-2022 20:19:07|INFO|Is groups None: False 
17-06-2022 20:20:28|INFO|3/10|grid.best_params_={'C': 1.0, 'gamma': 0.001, 'kernel': 'rbf', 'max_iter': 1000}, grid.best_score_=0.588888888888889, grid.best_index_=10, acc=0.45416666666666666, time=81.09730195999146
17-06-2022 20:20:28|INFO|Is groups None: False 
17-06-2022 20:21:52|INFO|4/10|grid.best_params_={'C': 0.01, 'gamma': 1e-09, 'kernel': 'rbf', 'max_iter': 1000}, grid.best_score_=0.5833333333333334, grid.best_index_=0, acc=0.5, time=83.99849486351013
17-06-2022 20:21:52|INFO|Is groups None: False 
17-06-2022 20:23:15|INFO|5/10|grid.best_params_={'C': 0.01, 'gamma': 1e-09, 'kernel': 'rbf', 'max_iter': 1000}, grid.best_score_=0.5833333333333334, grid.best_index_=0, acc=0.5, time=82.84146785736084
17-06-2022 20:23:15|INFO|Is groups None: False 
17-06-2022 20:24:39|INFO|6/10|grid.best_params_={'C': 1000000.0, 'gamma': 1e-09, 'kernel': 'rbf', 'max_iter': 1000}, grid.best_score_=0.5893518518518519, grid.best_index_=28, acc=0.5375, time=83.63059425354004
17-06-2022 20:24:39|INFO|Is groups None: False 
17-06-2022 20:26:02|INFO|7/10|grid.best_params_={'C': 1.0, 'gamma': 0.001, 'kernel': 'rbf', 'max_iter': 1000}, grid.best_score_=0.5972222222222222, grid.best_index_=10, acc=0.5166666666666667, time=83.16833186149597
17-06-2022 20:26:02|INFO|Is groups None: False 
17-06-2022 20:27:25|INFO|8/10|grid.best_params_={'C': 1000000.0, 'gamma': 1e-09, 'kernel': 'rbf', 'max_iter': 1000}, grid.best_score_=0.5578703703703703, grid.best_index_=28, acc=0.6041666666666666, time=83.47899556159973
17-06-2022 20:27:25|INFO|Is groups None: False 
17-06-2022 20:28:51|INFO|9/10|grid.best_params_={'C': 100.0, 'gamma': 1e-05, 'kernel': 'rbf', 'max_iter': 1000}, grid.best_score_=0.5787037037037037, grid.best_index_=16, acc=0.5333333333333333, time=85.61836218833923
17-06-2022 20:28:51|INFO|Is groups None: False 
17-06-2022 20:30:13|INFO|10/10|grid.best_params_={'C': 0.01, 'gamma': 1e-09, 'kernel': 'rbf', 'max_iter': 1000}, grid.best_score_=0.5833333333333334, grid.best_index_=0, acc=0.5, time=81.85917973518372
17-06-2022 20:30:13|INFO|s19|10-CV=0.52417|STD=0.04369|Time spend=837.1870791912079
17-06-2022 20:30:16|INFO|Running Segment-First
17-06-2022 20:30:16|INFO|X.shape=(2400, 160), y.shape=(2400,), groups.shape=(2400,)
17-06-2022 20:30:16|INFO|Is groups None: False 
17-06-2022 20:31:39|INFO|1/10|grid.best_params_={'C': 10000000000.0, 'gamma': 1e-09, 'kernel': 'rbf', 'max_iter': 1000}, grid.best_score_=0.6532407407407407, grid.best_index_=42, acc=0.7041666666666667, time=82.16069722175598
17-06-2022 20:31:39|INFO|Is groups None: False 
17-06-2022 20:32:59|INFO|2/10|grid.best_params_={'C': 100000000.0, 'gamma': 1e-09, 'kernel': 'rbf', 'max_iter': 1000}, grid.best_score_=0.625, grid.best_index_=35, acc=0.725, time=80.49785947799683
17-06-2022 20:32:59|INFO|Is groups None: False 
17-06-2022 20:34:19|INFO|3/10|grid.best_params_={'C': 100000000.0, 'gamma': 1e-09, 'kernel': 'rbf', 'max_iter': 1000}, grid.best_score_=0.6268518518518518, grid.best_index_=35, acc=0.6791666666666667, time=80.00147199630737
17-06-2022 20:34:19|INFO|Is groups None: False 
17-06-2022 20:35:39|INFO|4/10|grid.best_params_={'C': 10000000000.0, 'gamma': 1e-09, 'kernel': 'rbf', 'max_iter': 1000}, grid.best_score_=0.6236111111111111, grid.best_index_=42, acc=0.6708333333333333, time=80.08643794059753
17-06-2022 20:35:39|INFO|Is groups None: False 
17-06-2022 20:37:02|INFO|5/10|grid.best_params_={'C': 100000000.0, 'gamma': 1e-09, 'kernel': 'rbf', 'max_iter': 1000}, grid.best_score_=0.6319444444444444, grid.best_index_=35, acc=0.7291666666666666, time=83.1288492679596
17-06-2022 20:37:02|INFO|Is groups None: False 
17-06-2022 20:38:23|INFO|6/10|grid.best_params_={'C': 100000000.0, 'gamma': 1e-09, 'kernel': 'rbf', 'max_iter': 1000}, grid.best_score_=0.6805555555555556, grid.best_index_=35, acc=0.4083333333333333, time=80.23776769638062
17-06-2022 20:38:23|INFO|Is groups None: False 
17-06-2022 20:39:46|INFO|7/10|grid.best_params_={'C': 1.0, 'gamma': 0.001, 'kernel': 'rbf', 'max_iter': 1000}, grid.best_score_=0.6472222222222223, grid.best_index_=10, acc=0.6208333333333333, time=83.29558801651001
17-06-2022 20:39:46|INFO|Is groups None: False 
17-06-2022 20:41:09|INFO|8/10|grid.best_params_={'C': 1.0, 'gamma': 0.001, 'kernel': 'rbf', 'max_iter': 1000}, grid.best_score_=0.6611111111111112, grid.best_index_=10, acc=0.6208333333333333, time=83.17513990402222
17-06-2022 20:41:09|INFO|Is groups None: False 
17-06-2022 20:42:30|INFO|9/10|grid.best_params_={'C': 100000000.0, 'gamma': 1e-09, 'kernel': 'rbf', 'max_iter': 1000}, grid.best_score_=0.6254629629629629, grid.best_index_=35, acc=0.7541666666666667, time=81.24973893165588
17-06-2022 20:42:30|INFO|Is groups None: False 
17-06-2022 20:43:50|INFO|10/10|grid.best_params_={'C': 10000000000.0, 'gamma': 1e-09, 'kernel': 'rbf', 'max_iter': 1000}, grid.best_score_=0.6444444444444444, grid.best_index_=42, acc=0.6125, time=80.08717489242554
17-06-2022 20:43:50|INFO|s20|10-CV=0.65250|STD=0.09403|Time spend=817.5867187976837
17-06-2022 20:43:54|INFO|Running Segment-First
17-06-2022 20:43:54|INFO|X.shape=(2400, 160), y.shape=(2400,), groups.shape=(2400,)
17-06-2022 20:43:54|INFO|Is groups None: False 
17-06-2022 20:45:21|INFO|1/10|grid.best_params_={'C': 1000000.0, 'gamma': 1e-07, 'kernel': 'rbf', 'max_iter': 1000}, grid.best_score_=0.5328703703703703, grid.best_index_=29, acc=0.4583333333333333, time=86.76793026924133
17-06-2022 20:45:21|INFO|Is groups None: False 
17-06-2022 20:46:49|INFO|2/10|grid.best_params_={'C': 100000000.0, 'gamma': 1e-09, 'kernel': 'rbf', 'max_iter': 1000}, grid.best_score_=0.5317592592592593, grid.best_index_=35, acc=0.5041666666666667, time=87.92258167266846
17-06-2022 20:46:49|INFO|Is groups None: False 
17-06-2022 20:48:18|INFO|3/10|grid.best_params_={'C': 0.01, 'gamma': 1000.0, 'kernel': 'rbf', 'max_iter': 1000}, grid.best_score_=0.5277777777777778, grid.best_index_=6, acc=0.5, time=88.83242583274841
17-06-2022 20:48:18|INFO|Is groups None: False 
17-06-2022 20:49:47|INFO|4/10|grid.best_params_={'C': 0.01, 'gamma': 1000.0, 'kernel': 'rbf', 'max_iter': 1000}, grid.best_score_=0.5277777777777778, grid.best_index_=6, acc=0.5, time=88.90254974365234
17-06-2022 20:49:47|INFO|Is groups None: False 
17-06-2022 20:51:15|INFO|5/10|grid.best_params_={'C': 0.01, 'gamma': 1000.0, 'kernel': 'rbf', 'max_iter': 1000}, grid.best_score_=0.5277777777777778, grid.best_index_=6, acc=0.5, time=88.14785528182983
17-06-2022 20:51:15|INFO|Is groups None: False 
17-06-2022 20:52:45|INFO|6/10|grid.best_params_={'C': 10000.0, 'gamma': 1e-05, 'kernel': 'rbf', 'max_iter': 1000}, grid.best_score_=0.5388888888888888, grid.best_index_=23, acc=0.5333333333333333, time=89.9969711303711
17-06-2022 20:52:45|INFO|Is groups None: False 
17-06-2022 20:54:10|INFO|7/10|grid.best_params_={'C': 0.01, 'gamma': 1000.0, 'kernel': 'rbf', 'max_iter': 1000}, grid.best_score_=0.5277777777777778, grid.best_index_=6, acc=0.5, time=85.80727910995483
17-06-2022 20:54:11|INFO|Is groups None: False 
17-06-2022 20:55:39|INFO|8/10|grid.best_params_={'C': 10000.0, 'gamma': 0.001, 'kernel': 'rbf', 'max_iter': 1000}, grid.best_score_=0.5439506172839506, grid.best_index_=24, acc=0.4041666666666667, time=88.14166641235352
17-06-2022 20:55:39|INFO|Is groups None: False 
17-06-2022 20:57:06|INFO|9/10|grid.best_params_={'C': 0.01, 'gamma': 1000.0, 'kernel': 'rbf', 'max_iter': 1000}, grid.best_score_=0.5277777777777778, grid.best_index_=6, acc=0.5, time=87.4878339767456
17-06-2022 20:57:06|INFO|Is groups None: False 
17-06-2022 20:58:32|INFO|10/10|grid.best_params_={'C': 0.01, 'gamma': 1000.0, 'kernel': 'rbf', 'max_iter': 1000}, grid.best_score_=0.5277777777777778, grid.best_index_=6, acc=0.5, time=86.06956505775452
17-06-2022 20:58:32|INFO|s21|10-CV=0.49000|STD=0.03324|Time spend=881.780437707901
17-06-2022 20:58:36|INFO|Running Segment-First
17-06-2022 20:58:36|INFO|X.shape=(2400, 160), y.shape=(2400,), groups.shape=(2400,)
17-06-2022 20:58:36|INFO|Is groups None: False 
17-06-2022 20:59:56|INFO|1/10|grid.best_params_={'C': 100000000.0, 'gamma': 1e-09, 'kernel': 'rbf', 'max_iter': 1000}, grid.best_score_=0.6986111111111112, grid.best_index_=35, acc=0.4583333333333333, time=80.55289888381958
17-06-2022 20:59:56|INFO|Is groups None: False 
17-06-2022 21:01:18|INFO|2/10|grid.best_params_={'C': 10000000000.0, 'gamma': 1e-09, 'kernel': 'rbf', 'max_iter': 1000}, grid.best_score_=0.6574074074074073, grid.best_index_=42, acc=0.8166666666666667, time=81.73679256439209
17-06-2022 21:01:18|INFO|Is groups None: False 
17-06-2022 21:02:39|INFO|3/10|grid.best_params_={'C': 10000.0, 'gamma': 1e-07, 'kernel': 'rbf', 'max_iter': 1000}, grid.best_score_=0.6902777777777778, grid.best_index_=22, acc=0.5833333333333334, time=81.1897943019867
17-06-2022 21:02:39|INFO|Is groups None: False 
17-06-2022 21:04:01|INFO|4/10|grid.best_params_={'C': 10000000000.0, 'gamma': 1e-09, 'kernel': 'rbf', 'max_iter': 1000}, grid.best_score_=0.7000000000000001, grid.best_index_=42, acc=0.5458333333333333, time=81.99475264549255
17-06-2022 21:04:01|INFO|Is groups None: False 
17-06-2022 21:05:26|INFO|5/10|grid.best_params_={'C': 1000000.0, 'gamma': 1e-09, 'kernel': 'rbf', 'max_iter': 1000}, grid.best_score_=0.6773765432098765, grid.best_index_=28, acc=0.7166666666666667, time=84.33391427993774
17-06-2022 21:05:26|INFO|Is groups None: False 
17-06-2022 21:06:49|INFO|6/10|grid.best_params_={'C': 10000.0, 'gamma': 1e-07, 'kernel': 'rbf', 'max_iter': 1000}, grid.best_score_=0.6638888888888889, grid.best_index_=22, acc=0.6708333333333333, time=83.61390590667725
17-06-2022 21:06:49|INFO|Is groups None: False 
17-06-2022 21:08:12|INFO|7/10|grid.best_params_={'C': 10000.0, 'gamma': 1e-07, 'kernel': 'rbf', 'max_iter': 1000}, grid.best_score_=0.6310185185185184, grid.best_index_=22, acc=0.8541666666666666, time=82.89849281311035
17-06-2022 21:08:12|INFO|Is groups None: False 
17-06-2022 21:09:35|INFO|8/10|grid.best_params_={'C': 1000000.0, 'gamma': 1e-09, 'kernel': 'rbf', 'max_iter': 1000}, grid.best_score_=0.672222222222222, grid.best_index_=28, acc=0.7375, time=82.78637599945068
17-06-2022 21:09:35|INFO|Is groups None: False 
17-06-2022 21:10:58|INFO|9/10|grid.best_params_={'C': 100000000.0, 'gamma': 1e-09, 'kernel': 'rbf', 'max_iter': 1000}, grid.best_score_=0.6597222222222222, grid.best_index_=35, acc=0.8166666666666667, time=82.61503624916077
17-06-2022 21:10:58|INFO|Is groups None: False 
17-06-2022 21:12:20|INFO|10/10|grid.best_params_={'C': 100000000.0, 'gamma': 1e-09, 'kernel': 'rbf', 'max_iter': 1000}, grid.best_score_=0.6851851851851851, grid.best_index_=35, acc=0.5875, time=82.29501962661743
17-06-2022 21:12:20|INFO|s22|10-CV=0.67875|STD=0.12548|Time spend=827.7231442928314
17-06-2022 21:12:24|INFO|Running Segment-First
17-06-2022 21:12:24|INFO|X.shape=(2400, 160), y.shape=(2400,), groups.shape=(2400,)
17-06-2022 21:12:24|INFO|Is groups None: False 
17-06-2022 21:13:42|INFO|1/10|grid.best_params_={'C': 0.01, 'gamma': 1e-09, 'kernel': 'rbf', 'max_iter': 1000}, grid.best_score_=0.6388888888888888, grid.best_index_=0, acc=0.75, time=78.25851702690125
17-06-2022 21:13:42|INFO|Is groups None: False 
17-06-2022 21:15:00|INFO|2/10|grid.best_params_={'C': 1.0, 'gamma': 0.001, 'kernel': 'rbf', 'max_iter': 1000}, grid.best_score_=0.6421296296296295, grid.best_index_=10, acc=0.7458333333333333, time=77.90499567985535
17-06-2022 21:15:00|INFO|Is groups None: False 
17-06-2022 21:16:16|INFO|3/10|grid.best_params_={'C': 1.0, 'gamma': 0.001, 'kernel': 'rbf', 'max_iter': 1000}, grid.best_score_=0.6407407407407407, grid.best_index_=10, acc=0.6416666666666667, time=76.75874614715576
17-06-2022 21:16:16|INFO|Is groups None: False 
17-06-2022 21:17:33|INFO|4/10|grid.best_params_={'C': 0.01, 'gamma': 1e-09, 'kernel': 'rbf', 'max_iter': 1000}, grid.best_score_=0.6388888888888888, grid.best_index_=0, acc=0.75, time=76.93103337287903
17-06-2022 21:17:33|INFO|Is groups None: False 
17-06-2022 21:18:50|INFO|5/10|grid.best_params_={'C': 10000.0, 'gamma': 1e-07, 'kernel': 'rbf', 'max_iter': 1000}, grid.best_score_=0.6694444444444445, grid.best_index_=22, acc=0.7, time=76.33186960220337
17-06-2022 21:18:50|INFO|Is groups None: False 
17-06-2022 21:20:07|INFO|6/10|grid.best_params_={'C': 1.0, 'gamma': 0.001, 'kernel': 'rbf', 'max_iter': 1000}, grid.best_score_=0.6625, grid.best_index_=10, acc=0.6916666666666667, time=77.54884147644043
17-06-2022 21:20:07|INFO|Is groups None: False 
17-06-2022 21:21:21|INFO|7/10|grid.best_params_={'C': 0.01, 'gamma': 1e-09, 'kernel': 'rbf', 'max_iter': 1000}, grid.best_score_=0.6666666666666666, grid.best_index_=0, acc=0.5, time=73.98112392425537
17-06-2022 21:21:21|INFO|Is groups None: False 
17-06-2022 21:22:37|INFO|8/10|grid.best_params_={'C': 0.01, 'gamma': 1e-09, 'kernel': 'rbf', 'max_iter': 1000}, grid.best_score_=0.6666666666666666, grid.best_index_=0, acc=0.5, time=75.74602031707764
17-06-2022 21:22:37|INFO|Is groups None: False 
17-06-2022 21:23:50|INFO|9/10|grid.best_params_={'C': 0.01, 'gamma': 1e-09, 'kernel': 'rbf', 'max_iter': 1000}, grid.best_score_=0.6666666666666666, grid.best_index_=0, acc=0.5, time=72.870441198349
17-06-2022 21:23:50|INFO|Is groups None: False 
17-06-2022 21:25:04|INFO|10/10|grid.best_params_={'C': 0.01, 'gamma': 1e-09, 'kernel': 'rbf', 'max_iter': 1000}, grid.best_score_=0.6666666666666666, grid.best_index_=0, acc=0.5, time=73.74890112876892
17-06-2022 21:25:04|INFO|s23|10-CV=0.62792|STD=0.10891|Time spend=763.7526068687439
17-06-2022 21:25:07|INFO|Running Segment-First
17-06-2022 21:25:07|INFO|X.shape=(2400, 160), y.shape=(2400,), groups.shape=(2400,)
17-06-2022 21:25:07|INFO|Is groups None: False 
17-06-2022 21:26:31|INFO|1/10|grid.best_params_={'C': 0.01, 'gamma': 0.1, 'kernel': 'rbf', 'max_iter': 1000}, grid.best_score_=0.5486111111111112, grid.best_index_=4, acc=0.5, time=84.07131314277649
17-06-2022 21:26:31|INFO|Is groups None: False 
17-06-2022 21:27:55|INFO|2/10|grid.best_params_={'C': 100000000.0, 'gamma': 1e-09, 'kernel': 'rbf', 'max_iter': 1000}, grid.best_score_=0.5523148148148147, grid.best_index_=35, acc=0.5375, time=83.36623668670654
17-06-2022 21:27:55|INFO|Is groups None: False 
17-06-2022 21:29:19|INFO|3/10|grid.best_params_={'C': 100000000.0, 'gamma': 1e-09, 'kernel': 'rbf', 'max_iter': 1000}, grid.best_score_=0.6212962962962965, grid.best_index_=35, acc=0.4, time=84.62379765510559
17-06-2022 21:29:19|INFO|Is groups None: False 
17-06-2022 21:30:44|INFO|4/10|grid.best_params_={'C': 10000000000.0, 'gamma': 1e-09, 'kernel': 'rbf', 'max_iter': 1000}, grid.best_score_=0.6092592592592593, grid.best_index_=42, acc=0.49583333333333335, time=84.84038996696472
17-06-2022 21:30:44|INFO|Is groups None: False 
17-06-2022 21:32:09|INFO|5/10|grid.best_params_={'C': 100.0, 'gamma': 0.001, 'kernel': 'rbf', 'max_iter': 1000}, grid.best_score_=0.5546296296296297, grid.best_index_=17, acc=0.42916666666666664, time=85.13524436950684
17-06-2022 21:32:09|INFO|Is groups None: False 
17-06-2022 21:33:34|INFO|6/10|grid.best_params_={'C': 1000000.0, 'gamma': 1e-09, 'kernel': 'rbf', 'max_iter': 1000}, grid.best_score_=0.6194444444444445, grid.best_index_=28, acc=0.42916666666666664, time=84.50628280639648
17-06-2022 21:33:34|INFO|Is groups None: False 
17-06-2022 21:35:00|INFO|7/10|grid.best_params_={'C': 10000000000.0, 'gamma': 1e-09, 'kernel': 'rbf', 'max_iter': 1000}, grid.best_score_=0.5611111111111111, grid.best_index_=42, acc=0.6333333333333333, time=85.89001083374023
17-06-2022 21:35:00|INFO|Is groups None: False 
17-06-2022 21:36:25|INFO|8/10|grid.best_params_={'C': 10000.0, 'gamma': 1e-07, 'kernel': 'rbf', 'max_iter': 1000}, grid.best_score_=0.5652777777777779, grid.best_index_=22, acc=0.6583333333333333, time=84.95760798454285
17-06-2022 21:36:25|INFO|Is groups None: False 
17-06-2022 21:37:51|INFO|9/10|grid.best_params_={'C': 10000.0, 'gamma': 1e-05, 'kernel': 'rbf', 'max_iter': 1000}, grid.best_score_=0.5324074074074073, grid.best_index_=23, acc=0.4166666666666667, time=86.45770311355591
17-06-2022 21:37:51|INFO|Is groups None: False 
17-06-2022 21:39:18|INFO|10/10|grid.best_params_={'C': 10000000000.0, 'gamma': 1e-09, 'kernel': 'rbf', 'max_iter': 1000}, grid.best_score_=0.6125, grid.best_index_=42, acc=0.4083333333333333, time=86.73075675964355
17-06-2022 21:39:18|INFO|s24|10-CV=0.49083|STD=0.08878|Time spend=854.27197265625
17-06-2022 21:39:22|INFO|Running Segment-First
17-06-2022 21:39:22|INFO|X.shape=(2400, 160), y.shape=(2400,), groups.shape=(2400,)
17-06-2022 21:39:22|INFO|Is groups None: False 
17-06-2022 21:40:49|INFO|1/10|grid.best_params_={'C': 10000.0, 'gamma': 0.001, 'kernel': 'rbf', 'max_iter': 1000}, grid.best_score_=0.550925925925926, grid.best_index_=24, acc=0.5583333333333333, time=87.80972218513489
17-06-2022 21:40:49|INFO|Is groups None: False 
17-06-2022 21:42:15|INFO|2/10|grid.best_params_={'C': 10000.0, 'gamma': 1e-07, 'kernel': 'rbf', 'max_iter': 1000}, grid.best_score_=0.5689814814814815, grid.best_index_=22, acc=0.43333333333333335, time=85.94668579101562
17-06-2022 21:42:15|INFO|Is groups None: False 
17-06-2022 21:43:44|INFO|3/10|grid.best_params_={'C': 100000000.0, 'gamma': 1e-09, 'kernel': 'rbf', 'max_iter': 1000}, grid.best_score_=0.5046296296296297, grid.best_index_=35, acc=0.7083333333333334, time=88.33003854751587
17-06-2022 21:43:44|INFO|Is groups None: False 
17-06-2022 21:45:12|INFO|4/10|grid.best_params_={'C': 100000000.0, 'gamma': 1e-09, 'kernel': 'rbf', 'max_iter': 1000}, grid.best_score_=0.5500617283950616, grid.best_index_=35, acc=0.48333333333333334, time=87.84834241867065
17-06-2022 21:45:12|INFO|Is groups None: False 
17-06-2022 21:46:38|INFO|5/10|grid.best_params_={'C': 1000000.0, 'gamma': 1e-05, 'kernel': 'rbf', 'max_iter': 1000}, grid.best_score_=0.5405246913580248, grid.best_index_=30, acc=0.43333333333333335, time=86.88478398323059
17-06-2022 21:46:38|INFO|Is groups None: False 
17-06-2022 21:48:06|INFO|6/10|grid.best_params_={'C': 100000000.0, 'gamma': 1e-07, 'kernel': 'rbf', 'max_iter': 1000}, grid.best_score_=0.5312654320987654, grid.best_index_=36, acc=0.4083333333333333, time=87.63868236541748
17-06-2022 21:48:06|INFO|Is groups None: False 
17-06-2022 21:49:35|INFO|7/10|grid.best_params_={'C': 1000000.0, 'gamma': 1e-07, 'kernel': 'rbf', 'max_iter': 1000}, grid.best_score_=0.5350308641975308, grid.best_index_=29, acc=0.4, time=88.59727883338928
17-06-2022 21:49:35|INFO|Is groups None: False 
17-06-2022 21:51:02|INFO|8/10|grid.best_params_={'C': 1000000.0, 'gamma': 1e-05, 'kernel': 'rbf', 'max_iter': 1000}, grid.best_score_=0.5458333333333333, grid.best_index_=30, acc=0.5083333333333333, time=87.29733419418335
17-06-2022 21:51:02|INFO|Is groups None: False 
17-06-2022 21:52:34|INFO|9/10|grid.best_params_={'C': 1000000.0, 'gamma': 1e-09, 'kernel': 'rbf', 'max_iter': 1000}, grid.best_score_=0.5449074074074073, grid.best_index_=28, acc=0.4166666666666667, time=91.79891538619995
17-06-2022 21:52:34|INFO|Is groups None: False 
17-06-2022 21:54:03|INFO|10/10|grid.best_params_={'C': 100.0, 'gamma': 0.001, 'kernel': 'rbf', 'max_iter': 1000}, grid.best_score_=0.5439814814814814, grid.best_index_=17, acc=0.4375, time=89.45003771781921
17-06-2022 21:54:03|INFO|s25|10-CV=0.47875|STD=0.08988|Time spend=885.299923658371
17-06-2022 21:54:07|INFO|Running Segment-First
17-06-2022 21:54:07|INFO|X.shape=(2400, 160), y.shape=(2400,), groups.shape=(2400,)
17-06-2022 21:54:07|INFO|Is groups None: False 
17-06-2022 21:55:20|INFO|1/10|grid.best_params_={'C': 0.01, 'gamma': 1e-09, 'kernel': 'rbf', 'max_iter': 1000}, grid.best_score_=0.6666666666666666, grid.best_index_=0, acc=0.5, time=73.61994433403015
17-06-2022 21:55:20|INFO|Is groups None: False 
17-06-2022 21:56:37|INFO|2/10|grid.best_params_={'C': 0.01, 'gamma': 1e-09, 'kernel': 'rbf', 'max_iter': 1000}, grid.best_score_=0.6388888888888888, grid.best_index_=0, acc=0.75, time=76.61791467666626
17-06-2022 21:56:37|INFO|Is groups None: False 
17-06-2022 21:57:54|INFO|3/10|grid.best_params_={'C': 0.01, 'gamma': 1e-09, 'kernel': 'rbf', 'max_iter': 1000}, grid.best_score_=0.6388888888888888, grid.best_index_=0, acc=0.75, time=77.19000697135925
17-06-2022 21:57:54|INFO|Is groups None: False 
17-06-2022 21:59:12|INFO|4/10|grid.best_params_={'C': 0.01, 'gamma': 1e-09, 'kernel': 'rbf', 'max_iter': 1000}, grid.best_score_=0.6388888888888888, grid.best_index_=0, acc=0.75, time=77.49027371406555
17-06-2022 21:59:12|INFO|Is groups None: False 
17-06-2022 22:00:26|INFO|5/10|grid.best_params_={'C': 0.01, 'gamma': 1e-09, 'kernel': 'rbf', 'max_iter': 1000}, grid.best_score_=0.6666666666666666, grid.best_index_=0, acc=0.5, time=74.43705558776855
17-06-2022 22:00:26|INFO|Is groups None: False 
17-06-2022 22:01:44|INFO|6/10|grid.best_params_={'C': 0.01, 'gamma': 1e-09, 'kernel': 'rbf', 'max_iter': 1000}, grid.best_score_=0.6388888888888888, grid.best_index_=0, acc=0.75, time=77.64835166931152
17-06-2022 22:01:44|INFO|Is groups None: False 
17-06-2022 22:03:00|INFO|7/10|grid.best_params_={'C': 0.01, 'gamma': 1e-09, 'kernel': 'rbf', 'max_iter': 1000}, grid.best_score_=0.6388888888888888, grid.best_index_=0, acc=0.75, time=76.36442565917969
17-06-2022 22:03:00|INFO|Is groups None: False 
17-06-2022 22:04:18|INFO|8/10|grid.best_params_={'C': 0.01, 'gamma': 1e-09, 'kernel': 'rbf', 'max_iter': 1000}, grid.best_score_=0.6388888888888888, grid.best_index_=0, acc=0.75, time=77.98406028747559
17-06-2022 22:04:18|INFO|Is groups None: False 
17-06-2022 22:05:33|INFO|9/10|grid.best_params_={'C': 0.01, 'gamma': 1e-09, 'kernel': 'rbf', 'max_iter': 1000}, grid.best_score_=0.6666666666666666, grid.best_index_=0, acc=0.5, time=74.68442869186401
17-06-2022 22:05:33|INFO|Is groups None: False 
17-06-2022 22:06:47|INFO|10/10|grid.best_params_={'C': 0.01, 'gamma': 1e-09, 'kernel': 'rbf', 'max_iter': 1000}, grid.best_score_=0.6666666666666666, grid.best_index_=0, acc=0.5, time=73.8106300830841
17-06-2022 22:06:47|INFO|s26|10-CV=0.65000|STD=0.12247|Time spend=763.5016498565674
17-06-2022 22:06:50|INFO|Running Segment-First
17-06-2022 22:06:50|INFO|X.shape=(2400, 160), y.shape=(2400,), groups.shape=(2400,)
17-06-2022 22:06:50|INFO|Is groups None: False 
17-06-2022 22:07:55|INFO|1/10|grid.best_params_={'C': 0.01, 'gamma': 1e-09, 'kernel': 'rbf', 'max_iter': 1000}, grid.best_score_=0.75, grid.best_index_=0, acc=0.75, time=64.9687852859497
17-06-2022 22:07:55|INFO|Is groups None: False 
17-06-2022 22:09:00|INFO|2/10|grid.best_params_={'C': 0.01, 'gamma': 1e-09, 'kernel': 'rbf', 'max_iter': 1000}, grid.best_score_=0.75, grid.best_index_=0, acc=0.75, time=64.34502148628235
17-06-2022 22:09:00|INFO|Is groups None: False 
17-06-2022 22:10:04|INFO|3/10|grid.best_params_={'C': 0.01, 'gamma': 1e-09, 'kernel': 'rbf', 'max_iter': 1000}, grid.best_score_=0.75, grid.best_index_=0, acc=0.75, time=64.34949398040771
17-06-2022 22:10:04|INFO|Is groups None: False 
17-06-2022 22:11:06|INFO|4/10|grid.best_params_={'C': 0.01, 'gamma': 1e-09, 'kernel': 'rbf', 'max_iter': 1000}, grid.best_score_=0.75, grid.best_index_=0, acc=0.75, time=62.40626311302185
17-06-2022 22:11:06|INFO|Is groups None: False 
17-06-2022 22:12:10|INFO|5/10|grid.best_params_={'C': 0.01, 'gamma': 1e-09, 'kernel': 'rbf', 'max_iter': 1000}, grid.best_score_=0.75, grid.best_index_=0, acc=0.75, time=63.7862114906311
17-06-2022 22:12:10|INFO|Is groups None: False 
17-06-2022 22:13:14|INFO|6/10|grid.best_params_={'C': 0.01, 'gamma': 1e-09, 'kernel': 'rbf', 'max_iter': 1000}, grid.best_score_=0.75, grid.best_index_=0, acc=0.75, time=63.93276762962341
17-06-2022 22:13:14|INFO|Is groups None: False 
17-06-2022 22:14:19|INFO|7/10|grid.best_params_={'C': 0.01, 'gamma': 1e-09, 'kernel': 'rbf', 'max_iter': 1000}, grid.best_score_=0.75, grid.best_index_=0, acc=0.75, time=65.01521301269531
17-06-2022 22:14:19|INFO|Is groups None: False 
17-06-2022 22:15:23|INFO|8/10|grid.best_params_={'C': 0.01, 'gamma': 1e-09, 'kernel': 'rbf', 'max_iter': 1000}, grid.best_score_=0.75, grid.best_index_=0, acc=0.75, time=63.83354449272156
17-06-2022 22:15:23|INFO|Is groups None: False 
17-06-2022 22:16:28|INFO|9/10|grid.best_params_={'C': 0.01, 'gamma': 1e-09, 'kernel': 'rbf', 'max_iter': 1000}, grid.best_score_=0.75, grid.best_index_=0, acc=0.75, time=64.97801160812378
17-06-2022 22:16:28|INFO|Is groups None: False 
17-06-2022 22:17:33|INFO|10/10|grid.best_params_={'C': 0.01, 'gamma': 1e-09, 'kernel': 'rbf', 'max_iter': 1000}, grid.best_score_=0.75, grid.best_index_=0, acc=0.75, time=64.6220703125
17-06-2022 22:17:33|INFO|s27|10-CV=0.75000|STD=0.00000|Time spend=645.9047493934631
17-06-2022 22:17:36|INFO|Running Segment-First
17-06-2022 22:17:36|INFO|X.shape=(2400, 160), y.shape=(2400,), groups.shape=(2400,)
17-06-2022 22:17:36|INFO|Is groups None: False 
17-06-2022 22:18:57|INFO|1/10|grid.best_params_={'C': 10000000000.0, 'gamma': 1e-09, 'kernel': 'rbf', 'max_iter': 1000}, grid.best_score_=0.625462962962963, grid.best_index_=42, acc=0.575, time=80.35205698013306
17-06-2022 22:18:57|INFO|Is groups None: False 
17-06-2022 22:20:21|INFO|2/10|grid.best_params_={'C': 0.01, 'gamma': 1e-09, 'kernel': 'rbf', 'max_iter': 1000}, grid.best_score_=0.6111111111111112, grid.best_index_=0, acc=0.75, time=83.95301604270935
17-06-2022 22:20:21|INFO|Is groups None: False 
17-06-2022 22:21:40|INFO|3/10|grid.best_params_={'C': 0.01, 'gamma': 1e-09, 'kernel': 'rbf', 'max_iter': 1000}, grid.best_score_=0.6111111111111112, grid.best_index_=0, acc=0.75, time=79.78024053573608
17-06-2022 22:21:40|INFO|Is groups None: False 
17-06-2022 22:22:59|INFO|4/10|grid.best_params_={'C': 0.01, 'gamma': 1e-09, 'kernel': 'rbf', 'max_iter': 1000}, grid.best_score_=0.6388888888888888, grid.best_index_=0, acc=0.5, time=78.87261700630188
17-06-2022 22:22:59|INFO|Is groups None: False 
17-06-2022 22:24:16|INFO|5/10|grid.best_params_={'C': 0.01, 'gamma': 1e-09, 'kernel': 'rbf', 'max_iter': 1000}, grid.best_score_=0.6388888888888888, grid.best_index_=0, acc=0.5, time=76.52734923362732
17-06-2022 22:24:16|INFO|Is groups None: False 
17-06-2022 22:25:34|INFO|6/10|grid.best_params_={'C': 10000000000.0, 'gamma': 1e-09, 'kernel': 'rbf', 'max_iter': 1000}, grid.best_score_=0.6416666666666666, grid.best_index_=42, acc=0.5125, time=77.76826405525208
17-06-2022 22:25:34|INFO|Is groups None: False 
17-06-2022 22:26:52|INFO|7/10|grid.best_params_={'C': 0.01, 'gamma': 1e-09, 'kernel': 'rbf', 'max_iter': 1000}, grid.best_score_=0.6111111111111112, grid.best_index_=0, acc=0.75, time=78.76158475875854
17-06-2022 22:26:52|INFO|Is groups None: False 
17-06-2022 22:28:10|INFO|8/10|grid.best_params_={'C': 0.01, 'gamma': 1e-09, 'kernel': 'rbf', 'max_iter': 1000}, grid.best_score_=0.6388888888888888, grid.best_index_=0, acc=0.5, time=77.61000227928162
17-06-2022 22:28:10|INFO|Is groups None: False 
17-06-2022 22:29:29|INFO|9/10|grid.best_params_={'C': 0.01, 'gamma': 1e-09, 'kernel': 'rbf', 'max_iter': 1000}, grid.best_score_=0.6388888888888888, grid.best_index_=0, acc=0.5, time=78.73835635185242
17-06-2022 22:29:29|INFO|Is groups None: False 
17-06-2022 22:30:47|INFO|10/10|grid.best_params_={'C': 0.01, 'gamma': 1e-09, 'kernel': 'rbf', 'max_iter': 1000}, grid.best_score_=0.6111111111111112, grid.best_index_=0, acc=0.75, time=78.54062390327454
17-06-2022 22:30:47|INFO|s28|10-CV=0.60875|STD=0.11727|Time spend=794.6012308597565
17-06-2022 22:30:51|INFO|Running Segment-First
17-06-2022 22:30:51|INFO|X.shape=(2400, 160), y.shape=(2400,), groups.shape=(2400,)
17-06-2022 22:30:51|INFO|Is groups None: False 
17-06-2022 22:32:14|INFO|1/10|grid.best_params_={'C': 100000000.0, 'gamma': 1e-09, 'kernel': 'rbf', 'max_iter': 1000}, grid.best_score_=0.5888888888888889, grid.best_index_=35, acc=0.5791666666666667, time=83.07230949401855
17-06-2022 22:32:14|INFO|Is groups None: False 
17-06-2022 22:33:36|INFO|2/10|grid.best_params_={'C': 10000000000.0, 'gamma': 1e-09, 'kernel': 'rbf', 'max_iter': 1000}, grid.best_score_=0.5861111111111111, grid.best_index_=42, acc=0.5458333333333333, time=81.97445559501648
17-06-2022 22:33:36|INFO|Is groups None: False 
17-06-2022 22:34:59|INFO|3/10|grid.best_params_={'C': 0.01, 'gamma': 1e-09, 'kernel': 'rbf', 'max_iter': 1000}, grid.best_score_=0.5833333333333334, grid.best_index_=0, acc=0.5, time=82.64948558807373
17-06-2022 22:34:59|INFO|Is groups None: False 
17-06-2022 22:36:21|INFO|4/10|grid.best_params_={'C': 1000000.0, 'gamma': 1e-09, 'kernel': 'rbf', 'max_iter': 1000}, grid.best_score_=0.6060185185185186, grid.best_index_=28, acc=0.4666666666666667, time=82.40475559234619
17-06-2022 22:36:21|INFO|Is groups None: False 
17-06-2022 22:37:44|INFO|5/10|grid.best_params_={'C': 0.01, 'gamma': 1e-09, 'kernel': 'rbf', 'max_iter': 1000}, grid.best_score_=0.5833333333333334, grid.best_index_=0, acc=0.5, time=82.74541759490967
17-06-2022 22:37:44|INFO|Is groups None: False 
17-06-2022 22:39:08|INFO|6/10|grid.best_params_={'C': 0.01, 'gamma': 1e-09, 'kernel': 'rbf', 'max_iter': 1000}, grid.best_score_=0.5833333333333334, grid.best_index_=0, acc=0.5, time=84.54204440116882
17-06-2022 22:39:08|INFO|Is groups None: False 
17-06-2022 22:40:33|INFO|7/10|grid.best_params_={'C': 100000000.0, 'gamma': 1e-09, 'kernel': 'rbf', 'max_iter': 1000}, grid.best_score_=0.5722222222222223, grid.best_index_=35, acc=0.7125, time=84.60275077819824
17-06-2022 22:40:33|INFO|Is groups None: False 
17-06-2022 22:41:55|INFO|8/10|grid.best_params_={'C': 0.01, 'gamma': 1e-09, 'kernel': 'rbf', 'max_iter': 1000}, grid.best_score_=0.5703703703703703, grid.best_index_=0, acc=0.5, time=82.27512907981873
17-06-2022 22:41:55|INFO|Is groups None: False 
17-06-2022 22:43:20|INFO|9/10|grid.best_params_={'C': 100000000.0, 'gamma': 1e-09, 'kernel': 'rbf', 'max_iter': 1000}, grid.best_score_=0.5842592592592593, grid.best_index_=35, acc=0.5208333333333334, time=85.00571942329407
17-06-2022 22:43:20|INFO|Is groups None: False 
17-06-2022 22:44:45|INFO|10/10|grid.best_params_={'C': 0.01, 'gamma': 1e-09, 'kernel': 'rbf', 'max_iter': 1000}, grid.best_score_=0.5555555555555556, grid.best_index_=0, acc=0.75, time=84.2111873626709
17-06-2022 22:44:45|INFO|s29|10-CV=0.55750|STD=0.09193|Time spend=837.2210083007812
17-06-2022 22:44:48|INFO|Running Segment-First
17-06-2022 22:44:48|INFO|X.shape=(2400, 160), y.shape=(2400,), groups.shape=(2400,)
17-06-2022 22:44:48|INFO|Is groups None: False 
17-06-2022 22:46:03|INFO|1/10|grid.best_params_={'C': 0.01, 'gamma': 1e-09, 'kernel': 'rbf', 'max_iter': 1000}, grid.best_score_=0.6666666666666666, grid.best_index_=0, acc=0.75, time=75.07912397384644
17-06-2022 22:46:03|INFO|Is groups None: False 
17-06-2022 22:47:19|INFO|2/10|grid.best_params_={'C': 0.01, 'gamma': 1e-09, 'kernel': 'rbf', 'max_iter': 1000}, grid.best_score_=0.6666666666666666, grid.best_index_=0, acc=0.75, time=75.30032992362976
17-06-2022 22:47:19|INFO|Is groups None: False 
17-06-2022 22:48:31|INFO|3/10|grid.best_params_={'C': 0.01, 'gamma': 1e-09, 'kernel': 'rbf', 'max_iter': 1000}, grid.best_score_=0.6944444444444444, grid.best_index_=0, acc=0.5, time=72.95611333847046
17-06-2022 22:48:32|INFO|Is groups None: False 
17-06-2022 22:49:45|INFO|4/10|grid.best_params_={'C': 0.01, 'gamma': 1e-09, 'kernel': 'rbf', 'max_iter': 1000}, grid.best_score_=0.6944444444444444, grid.best_index_=0, acc=0.5, time=73.370197057724
17-06-2022 22:49:45|INFO|Is groups None: False 
17-06-2022 22:51:00|INFO|5/10|grid.best_params_={'C': 0.01, 'gamma': 1e-09, 'kernel': 'rbf', 'max_iter': 1000}, grid.best_score_=0.6666666666666666, grid.best_index_=0, acc=0.75, time=75.37223935127258
17-06-2022 22:51:00|INFO|Is groups None: False 
17-06-2022 22:52:16|INFO|6/10|grid.best_params_={'C': 0.01, 'gamma': 1e-09, 'kernel': 'rbf', 'max_iter': 1000}, grid.best_score_=0.6666666666666666, grid.best_index_=0, acc=0.75, time=75.62760925292969
17-06-2022 22:52:16|INFO|Is groups None: False 
17-06-2022 22:53:31|INFO|7/10|grid.best_params_={'C': 0.01, 'gamma': 1e-09, 'kernel': 'rbf', 'max_iter': 1000}, grid.best_score_=0.6944444444444444, grid.best_index_=0, acc=0.5, time=74.96729326248169
17-06-2022 22:53:31|INFO|Is groups None: False 
17-06-2022 22:54:46|INFO|8/10|grid.best_params_={'C': 0.01, 'gamma': 1e-09, 'kernel': 'rbf', 'max_iter': 1000}, grid.best_score_=0.6666666666666666, grid.best_index_=0, acc=0.75, time=75.20900273323059
17-06-2022 22:54:46|INFO|Is groups None: False 
17-06-2022 22:56:02|INFO|9/10|grid.best_params_={'C': 0.01, 'gamma': 1e-09, 'kernel': 'rbf', 'max_iter': 1000}, grid.best_score_=0.6666666666666666, grid.best_index_=0, acc=0.75, time=75.8861882686615
17-06-2022 22:56:02|INFO|Is groups None: False 
17-06-2022 22:57:17|INFO|10/10|grid.best_params_={'C': 0.01, 'gamma': 1e-09, 'kernel': 'rbf', 'max_iter': 1000}, grid.best_score_=0.6666666666666666, grid.best_index_=0, acc=0.75, time=75.39250063896179
17-06-2022 22:57:17|INFO|s30|10-CV=0.67500|STD=0.11456|Time spend=752.8702502250671
17-06-2022 22:57:21|INFO|Running Segment-First
17-06-2022 22:57:21|INFO|X.shape=(2400, 160), y.shape=(2400,), groups.shape=(2400,)
17-06-2022 22:57:21|INFO|Is groups None: False 
17-06-2022 22:58:44|INFO|1/10|grid.best_params_={'C': 0.01, 'gamma': 1e-09, 'kernel': 'rbf', 'max_iter': 1000}, grid.best_score_=0.5833333333333334, grid.best_index_=0, acc=0.5, time=83.2582631111145
17-06-2022 22:58:44|INFO|Is groups None: False 
17-06-2022 23:00:07|INFO|2/10|grid.best_params_={'C': 1000000.0, 'gamma': 1e-09, 'kernel': 'rbf', 'max_iter': 1000}, grid.best_score_=0.5912037037037038, grid.best_index_=28, acc=0.4083333333333333, time=82.38127088546753
17-06-2022 23:00:07|INFO|Is groups None: False 
17-06-2022 23:01:29|INFO|3/10|grid.best_params_={'C': 0.01, 'gamma': 1e-09, 'kernel': 'rbf', 'max_iter': 1000}, grid.best_score_=0.5833333333333334, grid.best_index_=0, acc=0.5, time=82.33077764511108
17-06-2022 23:01:29|INFO|Is groups None: False 
17-06-2022 23:02:54|INFO|4/10|grid.best_params_={'C': 0.01, 'gamma': 1e-09, 'kernel': 'rbf', 'max_iter': 1000}, grid.best_score_=0.5555555555555556, grid.best_index_=0, acc=0.75, time=85.18802261352539
17-06-2022 23:02:54|INFO|Is groups None: False 
17-06-2022 23:04:18|INFO|5/10|grid.best_params_={'C': 0.01, 'gamma': 1e-09, 'kernel': 'rbf', 'max_iter': 1000}, grid.best_score_=0.5833333333333334, grid.best_index_=0, acc=0.5, time=83.45669078826904
17-06-2022 23:04:18|INFO|Is groups None: False 
17-06-2022 23:05:40|INFO|6/10|grid.best_params_={'C': 0.01, 'gamma': 1e-09, 'kernel': 'rbf', 'max_iter': 1000}, grid.best_score_=0.5833333333333334, grid.best_index_=0, acc=0.5, time=82.710369348526
17-06-2022 23:05:40|INFO|Is groups None: False 
17-06-2022 23:07:06|INFO|7/10|grid.best_params_={'C': 10000000000.0, 'gamma': 1e-09, 'kernel': 'rbf', 'max_iter': 1000}, grid.best_score_=0.5685185185185184, grid.best_index_=42, acc=0.5458333333333333, time=85.7497181892395
17-06-2022 23:07:06|INFO|Is groups None: False 
17-06-2022 23:08:34|INFO|8/10|grid.best_params_={'C': 0.01, 'gamma': 1e-09, 'kernel': 'rbf', 'max_iter': 1000}, grid.best_score_=0.5555555555555556, grid.best_index_=0, acc=0.75, time=87.48983240127563
17-06-2022 23:08:34|INFO|Is groups None: False 
17-06-2022 23:09:58|INFO|9/10|grid.best_params_={'C': 0.01, 'gamma': 1e-09, 'kernel': 'rbf', 'max_iter': 1000}, grid.best_score_=0.5833333333333334, grid.best_index_=0, acc=0.5, time=83.80640268325806
17-06-2022 23:09:58|INFO|Is groups None: False 
17-06-2022 23:11:21|INFO|10/10|grid.best_params_={'C': 0.01, 'gamma': 1e-09, 'kernel': 'rbf', 'max_iter': 1000}, grid.best_score_=0.5833333333333334, grid.best_index_=0, acc=0.5, time=83.33092927932739
17-06-2022 23:11:21|INFO|s31|10-CV=0.54542|STD=0.10718|Time spend=843.5129256248474
17-06-2022 23:11:24|INFO|Running Segment-First
17-06-2022 23:11:24|INFO|X.shape=(2400, 160), y.shape=(2400,), groups.shape=(2400,)
17-06-2022 23:11:25|INFO|Is groups None: False 
17-06-2022 23:12:53|INFO|1/10|grid.best_params_={'C': 1000000.0, 'gamma': 1e-07, 'kernel': 'rbf', 'max_iter': 1000}, grid.best_score_=0.5083333333333333, grid.best_index_=29, acc=0.6125, time=88.05672836303711
17-06-2022 23:12:53|INFO|Is groups None: False 
17-06-2022 23:14:22|INFO|2/10|grid.best_params_={'C': 100000000.0, 'gamma': 1e-07, 'kernel': 'rbf', 'max_iter': 1000}, grid.best_score_=0.5134259259259258, grid.best_index_=36, acc=0.6166666666666667, time=89.86424279212952
17-06-2022 23:14:22|INFO|Is groups None: False 
17-06-2022 23:15:51|INFO|3/10|grid.best_params_={'C': 10000.0, 'gamma': 1e-05, 'kernel': 'rbf', 'max_iter': 1000}, grid.best_score_=0.536111111111111, grid.best_index_=23, acc=0.6291666666666667, time=88.94282293319702
17-06-2022 23:15:51|INFO|Is groups None: False 
17-06-2022 23:17:20|INFO|4/10|grid.best_params_={'C': 1000000.0, 'gamma': 1e-07, 'kernel': 'rbf', 'max_iter': 1000}, grid.best_score_=0.5212962962962963, grid.best_index_=29, acc=0.45, time=88.2604832649231
17-06-2022 23:17:20|INFO|Is groups None: False 
17-06-2022 23:18:47|INFO|5/10|grid.best_params_={'C': 100.0, 'gamma': 0.001, 'kernel': 'rbf', 'max_iter': 1000}, grid.best_score_=0.511574074074074, grid.best_index_=17, acc=0.49166666666666664, time=87.81626653671265
17-06-2022 23:18:47|INFO|Is groups None: False 
17-06-2022 23:20:16|INFO|6/10|grid.best_params_={'C': 1000000.0, 'gamma': 1e-07, 'kernel': 'rbf', 'max_iter': 1000}, grid.best_score_=0.525462962962963, grid.best_index_=29, acc=0.5041666666666667, time=88.89738345146179
17-06-2022 23:20:16|INFO|Is groups None: False 
17-06-2022 23:21:45|INFO|7/10|grid.best_params_={'C': 100.0, 'gamma': 0.001, 'kernel': 'rbf', 'max_iter': 1000}, grid.best_score_=0.5069444444444444, grid.best_index_=17, acc=0.425, time=88.47335720062256
17-06-2022 23:21:45|INFO|Is groups None: False 
17-06-2022 23:23:13|INFO|8/10|grid.best_params_={'C': 100000000.0, 'gamma': 1e-07, 'kernel': 'rbf', 'max_iter': 1000}, grid.best_score_=0.49537037037037035, grid.best_index_=36, acc=0.3625, time=88.53790259361267
17-06-2022 23:23:13|INFO|Is groups None: False 
17-06-2022 23:24:44|INFO|9/10|grid.best_params_={'C': 10000.0, 'gamma': 1e-05, 'kernel': 'rbf', 'max_iter': 1000}, grid.best_score_=0.5064814814814815, grid.best_index_=23, acc=0.55, time=90.55099153518677
17-06-2022 23:24:44|INFO|Is groups None: False 
17-06-2022 23:26:12|INFO|10/10|grid.best_params_={'C': 100000000.0, 'gamma': 1e-07, 'kernel': 'rbf', 'max_iter': 1000}, grid.best_score_=0.5263888888888889, grid.best_index_=36, acc=0.6208333333333333, time=88.00665712356567
17-06-2022 23:26:12|INFO|s32|10-CV=0.52625|STD=0.08960|Time spend=891.0997576713562
17-06-2022 23:26:12|INFO|final|10-CV=0.62022|STD=0.03859
