28-05-2022 08:40:52|INFO|
    Running Command: 
        python3 main-ml.py --subject_setup dependent --experimental_setup segment --stimuli_class arousal --preprocessing DE --segment_lenght 20 --output_log ./output/dependent_segment_arousal_DE_20.log
    Starting training:
        segment_lenght:  20
        output_log:      ./output/dependent_segment_arousal_DE_20.log
        stimuli_class:   arousal
        preprocessing:   DE
        subject_setup:   dependent
        experimental_setup: segment
    
28-05-2022 08:41:10|INFO|s09|10-CV=0.69167|STD=0.11211|Time spend=18.10255217552185
28-05-2022 08:41:18|INFO|s19|10-CV=0.68333|STD=0.11055|Time spend=7.305108308792114
28-05-2022 08:41:26|INFO|s17|10-CV=0.64167|STD=0.12388|Time spend=7.842923641204834
28-05-2022 08:41:34|INFO|s28|10-CV=0.55000|STD=0.10000|Time spend=7.909177303314209
28-05-2022 08:41:41|INFO|s07|10-CV=0.60000|STD=0.08975|Time spend=7.072314739227295
28-05-2022 08:41:51|INFO|s11|10-CV=0.69167|STD=0.11815|Time spend=10.021636247634888
28-05-2022 08:41:59|INFO|s25|10-CV=0.69167|STD=0.11211|Time spend=8.807115077972412
28-05-2022 08:42:07|INFO|s24|10-CV=0.81667|STD=0.05000|Time spend=7.2876060009002686
28-05-2022 08:42:17|INFO|s04|10-CV=0.63333|STD=0.08498|Time spend=9.827721357345581
28-05-2022 08:42:24|INFO|s16|10-CV=0.70000|STD=0.09280|Time spend=7.912656307220459
28-05-2022 08:42:31|INFO|s29|10-CV=0.63333|STD=0.13540|Time spend=6.900043964385986
28-05-2022 08:42:39|INFO|s26|10-CV=0.62500|STD=0.16771|Time spend=7.210318088531494
28-05-2022 08:42:48|INFO|s15|10-CV=0.64167|STD=0.10574|Time spend=9.879803895950317
28-05-2022 08:42:57|INFO|s21|10-CV=0.79167|STD=0.04167|Time spend=8.53450870513916
28-05-2022 08:43:05|INFO|s30|10-CV=0.64167|STD=0.12937|Time spend=7.83042049407959
28-05-2022 08:43:12|INFO|s27|10-CV=0.70833|STD=0.06719|Time spend=7.211422681808472
28-05-2022 08:43:19|INFO|s31|10-CV=0.69167|STD=0.11815|Time spend=7.086046934127808
28-05-2022 08:43:27|INFO|s10|10-CV=0.70000|STD=0.10000|Time spend=7.661215543746948
28-05-2022 08:43:40|INFO|s22|10-CV=0.61667|STD=0.10672|Time spend=13.567168235778809
28-05-2022 08:43:52|INFO|s18|10-CV=0.70000|STD=0.11304|Time spend=11.41247272491455
28-05-2022 08:44:00|INFO|s02|10-CV=0.58333|STD=0.12910|Time spend=8.288424253463745
28-05-2022 08:44:07|INFO|s20|10-CV=0.70000|STD=0.08498|Time spend=6.9741175174713135
28-05-2022 08:44:15|INFO|s06|10-CV=0.55833|STD=0.09167|Time spend=7.602538108825684
28-05-2022 08:44:23|INFO|s23|10-CV=0.75000|STD=0.00000|Time spend=8.033193826675415
28-05-2022 08:44:32|INFO|s03|10-CV=0.80833|STD=0.06509|Time spend=9.726402282714844
28-05-2022 08:44:43|INFO|s05|10-CV=0.62500|STD=0.15023|Time spend=10.843278169631958
28-05-2022 08:44:50|INFO|s12|10-CV=0.80000|STD=0.10000|Time spend=7.160616397857666
28-05-2022 08:44:58|INFO|s32|10-CV=0.65000|STD=0.07265|Time spend=7.858952045440674
28-05-2022 08:45:07|INFO|s08|10-CV=0.53333|STD=0.10672|Time spend=8.982731103897095
28-05-2022 08:45:15|INFO|s01|10-CV=0.71667|STD=0.10672|Time spend=7.7575390338897705
28-05-2022 08:45:23|INFO|s13|10-CV=0.86667|STD=0.06667|Time spend=8.015412092208862
28-05-2022 08:45:34|INFO|s14|10-CV=0.70833|STD=0.12500|Time spend=11.024969339370728
28-05-2022 08:45:34|INFO|final|10-CV=0.67969|STD=0.03230
