18-06-2022 06:50:40|INFO|
    Running Command: 
        python3 main-ml.py --subject_setup independent --experimental_setup trial --stimuli_class arousal --preprocessing DE --segment_lenght 1 --output_log ./output/independent-trial-arousal-DE-1.log
    Starting training:
        segment_lenght:  1
        output_log:      ./output/independent-trial-arousal-DE-1.log
        stimuli_class:   arousal
        preprocessing:   DE
        subject_setup:   independent
        experimental_setup: trial
    
18-06-2022 06:52:38|INFO|Running Segment-First
18-06-2022 06:52:38|INFO|X.shape=(76800, 160), y.shape=(76800,), groups.shape=(76800,)
18-06-2022 06:52:40|INFO|Is groups None: False 
18-06-2022 08:08:37|INFO|1/10|grid.best_params_={'C': 0.01, 'gamma': 1000.0, 'kernel': 'rbf', 'max_iter': 1000}, grid.best_score_=0.5755208333333334, grid.best_index_=6, acc=0.578125, time=4557.63409614563
18-06-2022 08:08:37|INFO|Is groups None: False 
18-06-2022 09:24:19|INFO|2/10|grid.best_params_={'C': 0.01, 'gamma': 1e-09, 'kernel': 'rbf', 'max_iter': 1000}, grid.best_score_=0.5787905092592592, grid.best_index_=0, acc=0.5703125, time=4542.047511577606
18-06-2022 09:24:19|INFO|Is groups None: False 
18-06-2022 10:39:59|INFO|3/10|grid.best_params_={'C': 100000000.0, 'gamma': 1e-09, 'kernel': 'rbf', 'max_iter': 1000}, grid.best_score_=0.5775896990740741, grid.best_index_=35, acc=0.5782552083333333, time=4539.239041805267
18-06-2022 10:39:59|INFO|Is groups None: False 
18-06-2022 11:57:27|INFO|4/10|grid.best_params_={'C': 1.0, 'gamma': 1e-09, 'kernel': 'rbf', 'max_iter': 1000}, grid.best_score_=0.5766637731481481, grid.best_index_=7, acc=0.578125, time=4648.279994249344
18-06-2022 11:57:27|INFO|Is groups None: False 
18-06-2022 13:13:18|INFO|5/10|grid.best_params_={'C': 100000000.0, 'gamma': 1e-09, 'kernel': 'rbf', 'max_iter': 1000}, grid.best_score_=0.5840133101851852, grid.best_index_=35, acc=0.578125, time=4550.672109603882
18-06-2022 13:13:18|INFO|Is groups None: False 
18-06-2022 14:28:55|INFO|6/10|grid.best_params_={'C': 1.0, 'gamma': 1e-09, 'kernel': 'rbf', 'max_iter': 1000}, grid.best_score_=0.5832899305555554, grid.best_index_=7, acc=0.578125, time=4537.572025060654
18-06-2022 14:28:55|INFO|Is groups None: False 
18-06-2022 15:52:31|INFO|7/10|grid.best_params_={'C': 0.01, 'gamma': 1e-09, 'kernel': 'rbf', 'max_iter': 1000}, grid.best_score_=0.5766203703703704, grid.best_index_=0, acc=0.5584635416666667, time=5015.8572680950165
18-06-2022 15:52:31|INFO|Is groups None: False 
18-06-2022 17:23:37|INFO|8/10|grid.best_params_={'C': 0.01, 'gamma': 1e-09, 'kernel': 'rbf', 'max_iter': 1000}, grid.best_score_=0.5773003472222222, grid.best_index_=0, acc=0.5703125, time=5466.079700946808
18-06-2022 17:23:38|INFO|Is groups None: False 
18-06-2022 18:38:57|INFO|9/10|grid.best_params_={'C': 0.01, 'gamma': 1e-09, 'kernel': 'rbf', 'max_iter': 1000}, grid.best_score_=0.5759403935185186, grid.best_index_=0, acc=0.578125, time=4519.47665977478
18-06-2022 18:38:57|INFO|Is groups None: False 
18-06-2022 19:54:12|INFO|10/10|grid.best_params_={'C': 0.01, 'gamma': 1e-09, 'kernel': 'rbf', 'max_iter': 1000}, grid.best_score_=0.5820746527777777, grid.best_index_=0, acc=0.5703125, time=4515.362006902695
18-06-2022 19:54:12|INFO|all|10-CV=0.57383|STD=0.00621|Time spend=47012.412125110626
18-06-2022 19:54:12|INFO|final|10-CV=0.57383|STD=0.00000
