03-06-2022 07:14:55|INFO|
    Running Command: 
        python3 main-ml.py --subject_setup dependent --experimental_setup trial --stimuli_class arousal --preprocessing DCAU --segment_lenght 1 --output_log ./output/dependent-trial-arousal-DCAU-1.log
    Starting training:
        segment_lenght:  1
        output_log:      ./output/dependent-trial-arousal-DCAU-1.log
        stimuli_class:   arousal
        preprocessing:   DCAU
        subject_setup:   dependent
        experimental_setup: trial
    
03-06-2022 07:15:03|INFO|Running Segment-First
03-06-2022 07:15:03|INFO|X.shape=(2400, 11), y.shape=(2400,), groups.shape=(2400,)
03-06-2022 07:15:03|INFO|Is groups None: False 
03-06-2022 07:15:32|INFO|grid.best_params_={'C': 0.01, 'gamma': 1e-09, 'kernel': 'rbf', 'max_iter': 1000}, grid.best_score_=0.6111111111111112, grid.best_index_=0, acc=0.5, time=28.889798879623413
03-06-2022 07:15:32|INFO|Is groups None: False 
03-06-2022 07:15:45|INFO|grid.best_params_={'C': 1000000.0, 'gamma': 1e-09, 'kernel': 'rbf', 'max_iter': 1000}, grid.best_score_=0.6148148148148148, grid.best_index_=28, acc=0.5, time=12.823852300643921
03-06-2022 07:15:45|INFO|Is groups None: False 
03-06-2022 07:15:55|INFO|grid.best_params_={'C': 0.01, 'gamma': 1e-09, 'kernel': 'rbf', 'max_iter': 1000}, grid.best_score_=0.6111111111111112, grid.best_index_=0, acc=0.5, time=10.023303985595703
03-06-2022 07:15:55|INFO|Is groups None: False 
03-06-2022 07:16:06|INFO|grid.best_params_={'C': 0.01, 'gamma': 1e-09, 'kernel': 'rbf', 'max_iter': 1000}, grid.best_score_=0.5833333333333334, grid.best_index_=0, acc=0.75, time=10.381221532821655
03-06-2022 07:16:06|INFO|Is groups None: False 
03-06-2022 07:16:16|INFO|grid.best_params_={'C': 10000000000.0, 'gamma': 1e-09, 'kernel': 'rbf', 'max_iter': 1000}, grid.best_score_=0.6759259259259259, grid.best_index_=42, acc=0.75, time=10.196028709411621
03-06-2022 07:16:16|INFO|Is groups None: False 
03-06-2022 07:16:26|INFO|grid.best_params_={'C': 0.01, 'gamma': 1e-09, 'kernel': 'rbf', 'max_iter': 1000}, grid.best_score_=0.5833333333333334, grid.best_index_=0, acc=0.75, time=10.199120283126831
03-06-2022 07:16:26|INFO|Is groups None: False 
03-06-2022 07:16:36|INFO|grid.best_params_={'C': 100000000.0, 'gamma': 1e-09, 'kernel': 'rbf', 'max_iter': 1000}, grid.best_score_=0.6310185185185185, grid.best_index_=35, acc=0.5, time=9.831150770187378
03-06-2022 07:16:36|INFO|Is groups None: False 
03-06-2022 07:16:46|INFO|grid.best_params_={'C': 0.01, 'gamma': 1e-09, 'kernel': 'rbf', 'max_iter': 1000}, grid.best_score_=0.6111111111111112, grid.best_index_=0, acc=0.5, time=9.875459432601929
03-06-2022 07:16:46|INFO|Is groups None: False 
03-06-2022 07:16:56|INFO|grid.best_params_={'C': 0.01, 'gamma': 1e-09, 'kernel': 'rbf', 'max_iter': 1000}, grid.best_score_=0.6111111111111112, grid.best_index_=0, acc=0.5, time=10.005796432495117
03-06-2022 07:16:56|INFO|Is groups None: False 
03-06-2022 07:17:06|INFO|grid.best_params_={'C': 10000000000.0, 'gamma': 1e-09, 'kernel': 'rbf', 'max_iter': 1000}, grid.best_score_=0.6537037037037038, grid.best_index_=42, acc=0.75, time=10.19391942024231
03-06-2022 07:17:06|INFO|s01|10-CV=0.60000|STD=0.12247|Time spend=130.48313999176025
03-06-2022 07:17:09|INFO|Running Segment-First
03-06-2022 07:17:09|INFO|X.shape=(2400, 11), y.shape=(2400,), groups.shape=(2400,)
03-06-2022 07:17:09|INFO|Is groups None: False 
03-06-2022 07:17:18|INFO|grid.best_params_={'C': 0.01, 'gamma': 1e-09, 'kernel': 'rbf', 'max_iter': 1000}, grid.best_score_=0.6111111111111112, grid.best_index_=0, acc=0.5, time=9.664464712142944
03-06-2022 07:17:18|INFO|Is groups None: False 
03-06-2022 07:17:29|INFO|grid.best_params_={'C': 0.01, 'gamma': 1e-09, 'kernel': 'rbf', 'max_iter': 1000}, grid.best_score_=0.5833333333333334, grid.best_index_=0, acc=0.75, time=10.28830361366272
03-06-2022 07:17:29|INFO|Is groups None: False 
03-06-2022 07:17:38|INFO|grid.best_params_={'C': 1000000.0, 'gamma': 1e-07, 'kernel': 'rbf', 'max_iter': 1000}, grid.best_score_=0.6148148148148147, grid.best_index_=29, acc=0.45, time=9.772445917129517
03-06-2022 07:17:38|INFO|Is groups None: False 
03-06-2022 07:17:48|INFO|grid.best_params_={'C': 0.01, 'gamma': 1e-09, 'kernel': 'rbf', 'max_iter': 1000}, grid.best_score_=0.6111111111111112, grid.best_index_=0, acc=0.5, time=9.710030794143677
03-06-2022 07:17:48|INFO|Is groups None: False 
03-06-2022 07:17:58|INFO|grid.best_params_={'C': 0.01, 'gamma': 1e-09, 'kernel': 'rbf', 'max_iter': 1000}, grid.best_score_=0.6111111111111112, grid.best_index_=0, acc=0.5, time=9.850551128387451
03-06-2022 07:17:58|INFO|Is groups None: False 
03-06-2022 07:18:08|INFO|grid.best_params_={'C': 0.01, 'gamma': 1e-09, 'kernel': 'rbf', 'max_iter': 1000}, grid.best_score_=0.6111111111111112, grid.best_index_=0, acc=0.5, time=10.112003564834595
03-06-2022 07:18:08|INFO|Is groups None: False 
03-06-2022 07:18:19|INFO|grid.best_params_={'C': 1000000.0, 'gamma': 1e-07, 'kernel': 'rbf', 'max_iter': 1000}, grid.best_score_=0.5842592592592593, grid.best_index_=29, acc=0.7041666666666667, time=10.572545051574707
03-06-2022 07:18:19|INFO|Is groups None: False 
03-06-2022 07:18:29|INFO|grid.best_params_={'C': 0.01, 'gamma': 1e-09, 'kernel': 'rbf', 'max_iter': 1000}, grid.best_score_=0.5833333333333334, grid.best_index_=0, acc=0.75, time=10.56186556816101
03-06-2022 07:18:29|INFO|Is groups None: False 
03-06-2022 07:18:39|INFO|grid.best_params_={'C': 0.01, 'gamma': 1e-09, 'kernel': 'rbf', 'max_iter': 1000}, grid.best_score_=0.6111111111111112, grid.best_index_=0, acc=0.5, time=10.055305004119873
03-06-2022 07:18:39|INFO|Is groups None: False 
03-06-2022 07:18:50|INFO|grid.best_params_={'C': 0.01, 'gamma': 1e-09, 'kernel': 'rbf', 'max_iter': 1000}, grid.best_score_=0.5833333333333334, grid.best_index_=0, acc=0.75, time=10.393357515335083
03-06-2022 07:18:50|INFO|s02|10-CV=0.59042|STD=0.12245|Time spend=103.8005907535553
03-06-2022 07:18:53|INFO|Running Segment-First
03-06-2022 07:18:53|INFO|X.shape=(2400, 11), y.shape=(2400,), groups.shape=(2400,)
03-06-2022 07:18:53|INFO|Is groups None: False 
03-06-2022 07:19:00|INFO|grid.best_params_={'C': 0.01, 'gamma': 1e-09, 'kernel': 'rbf', 'max_iter': 1000}, grid.best_score_=0.7777777777777778, grid.best_index_=0, acc=1.0, time=7.354074954986572
03-06-2022 07:19:00|INFO|Is groups None: False 
03-06-2022 07:19:07|INFO|grid.best_params_={'C': 0.01, 'gamma': 1e-09, 'kernel': 'rbf', 'max_iter': 1000}, grid.best_score_=0.8055555555555556, grid.best_index_=0, acc=0.75, time=6.860944986343384
03-06-2022 07:19:07|INFO|Is groups None: False 
03-06-2022 07:19:14|INFO|grid.best_params_={'C': 0.01, 'gamma': 1e-09, 'kernel': 'rbf', 'max_iter': 1000}, grid.best_score_=0.8055555555555556, grid.best_index_=0, acc=0.75, time=6.841156959533691
03-06-2022 07:19:14|INFO|Is groups None: False 
03-06-2022 07:19:21|INFO|grid.best_params_={'C': 0.01, 'gamma': 1e-09, 'kernel': 'rbf', 'max_iter': 1000}, grid.best_score_=0.8055555555555556, grid.best_index_=0, acc=0.75, time=6.870494842529297
03-06-2022 07:19:21|INFO|Is groups None: False 
03-06-2022 07:19:28|INFO|grid.best_params_={'C': 0.01, 'gamma': 1e-09, 'kernel': 'rbf', 'max_iter': 1000}, grid.best_score_=0.8055555555555556, grid.best_index_=0, acc=0.75, time=7.255204200744629
03-06-2022 07:19:28|INFO|Is groups None: False 
03-06-2022 07:19:35|INFO|grid.best_params_={'C': 0.01, 'gamma': 1e-09, 'kernel': 'rbf', 'max_iter': 1000}, grid.best_score_=0.8055555555555556, grid.best_index_=0, acc=0.75, time=7.198992490768433
03-06-2022 07:19:35|INFO|Is groups None: False 
03-06-2022 07:19:42|INFO|grid.best_params_={'C': 0.01, 'gamma': 1e-09, 'kernel': 'rbf', 'max_iter': 1000}, grid.best_score_=0.8055555555555556, grid.best_index_=0, acc=0.75, time=7.059922933578491
03-06-2022 07:19:42|INFO|Is groups None: False 
03-06-2022 07:19:49|INFO|grid.best_params_={'C': 0.01, 'gamma': 1e-09, 'kernel': 'rbf', 'max_iter': 1000}, grid.best_score_=0.8055555555555556, grid.best_index_=0, acc=0.75, time=7.081211090087891
03-06-2022 07:19:49|INFO|Is groups None: False 
03-06-2022 07:19:56|INFO|grid.best_params_={'C': 0.01, 'gamma': 1e-09, 'kernel': 'rbf', 'max_iter': 1000}, grid.best_score_=0.8055555555555556, grid.best_index_=0, acc=0.75, time=7.021542549133301
03-06-2022 07:19:56|INFO|Is groups None: False 
03-06-2022 07:20:04|INFO|grid.best_params_={'C': 0.01, 'gamma': 1e-09, 'kernel': 'rbf', 'max_iter': 1000}, grid.best_score_=0.7777777777777778, grid.best_index_=0, acc=1.0, time=7.522271156311035
03-06-2022 07:20:04|INFO|s03|10-CV=0.80000|STD=0.10000|Time spend=73.93875169754028
03-06-2022 07:20:06|INFO|Running Segment-First
03-06-2022 07:20:06|INFO|X.shape=(2400, 11), y.shape=(2400,), groups.shape=(2400,)
03-06-2022 07:20:06|INFO|Is groups None: False 
03-06-2022 07:20:16|INFO|grid.best_params_={'C': 0.01, 'gamma': 1e-09, 'kernel': 'rbf', 'max_iter': 1000}, grid.best_score_=0.6111111111111112, grid.best_index_=0, acc=0.5, time=9.309065341949463
03-06-2022 07:20:16|INFO|Is groups None: False 
03-06-2022 07:20:26|INFO|grid.best_params_={'C': 0.01, 'gamma': 1e-09, 'kernel': 'rbf', 'max_iter': 1000}, grid.best_score_=0.5833333333333334, grid.best_index_=0, acc=0.75, time=10.00654125213623
03-06-2022 07:20:26|INFO|Is groups None: False 
03-06-2022 07:20:36|INFO|grid.best_params_={'C': 0.01, 'gamma': 1e-09, 'kernel': 'rbf', 'max_iter': 1000}, grid.best_score_=0.6111111111111112, grid.best_index_=0, acc=0.5, time=10.004611730575562
03-06-2022 07:20:36|INFO|Is groups None: False 
03-06-2022 07:20:46|INFO|grid.best_params_={'C': 0.01, 'gamma': 1e-09, 'kernel': 'rbf', 'max_iter': 1000}, grid.best_score_=0.6111111111111112, grid.best_index_=0, acc=0.5, time=9.953578472137451
03-06-2022 07:20:46|INFO|Is groups None: False 
03-06-2022 07:20:56|INFO|grid.best_params_={'C': 0.01, 'gamma': 1e-09, 'kernel': 'rbf', 'max_iter': 1000}, grid.best_score_=0.6111111111111112, grid.best_index_=0, acc=0.5, time=9.896537780761719
03-06-2022 07:20:56|INFO|Is groups None: False 
03-06-2022 07:21:06|INFO|grid.best_params_={'C': 0.01, 'gamma': 1e-09, 'kernel': 'rbf', 'max_iter': 1000}, grid.best_score_=0.5833333333333334, grid.best_index_=0, acc=0.75, time=10.258955240249634
03-06-2022 07:21:06|INFO|Is groups None: False 
03-06-2022 07:21:16|INFO|grid.best_params_={'C': 0.01, 'gamma': 1e-09, 'kernel': 'rbf', 'max_iter': 1000}, grid.best_score_=0.6111111111111112, grid.best_index_=0, acc=0.5, time=9.805076599121094
03-06-2022 07:21:16|INFO|Is groups None: False 
03-06-2022 07:21:26|INFO|grid.best_params_={'C': 0.01, 'gamma': 1e-09, 'kernel': 'rbf', 'max_iter': 1000}, grid.best_score_=0.6111111111111112, grid.best_index_=0, acc=0.5, time=9.907424211502075
03-06-2022 07:21:26|INFO|Is groups None: False 
03-06-2022 07:21:36|INFO|grid.best_params_={'C': 100.0, 'gamma': 1e-05, 'kernel': 'rbf', 'max_iter': 1000}, grid.best_score_=0.5837962962962963, grid.best_index_=16, acc=0.75, time=10.272430658340454
03-06-2022 07:21:36|INFO|Is groups None: False 
03-06-2022 07:21:46|INFO|grid.best_params_={'C': 0.01, 'gamma': 1e-09, 'kernel': 'rbf', 'max_iter': 1000}, grid.best_score_=0.5833333333333334, grid.best_index_=0, acc=0.75, time=10.247321128845215
03-06-2022 07:21:46|INFO|s04|10-CV=0.60000|STD=0.12247|Time spend=102.51345038414001
03-06-2022 07:21:49|INFO|Running Segment-First
03-06-2022 07:21:49|INFO|X.shape=(2400, 11), y.shape=(2400,), groups.shape=(2400,)
03-06-2022 07:21:49|INFO|Is groups None: False 
03-06-2022 07:22:00|INFO|grid.best_params_={'C': 1000000.0, 'gamma': 1e-05, 'kernel': 'rbf', 'max_iter': 1000}, grid.best_score_=0.5294444444444444, grid.best_index_=30, acc=0.5541666666666667, time=10.448021650314331
03-06-2022 07:22:00|INFO|Is groups None: False 
03-06-2022 07:22:10|INFO|grid.best_params_={'C': 100000000.0, 'gamma': 1e-09, 'kernel': 'rbf', 'max_iter': 1000}, grid.best_score_=0.5287037037037038, grid.best_index_=35, acc=0.49166666666666664, time=10.826569557189941
03-06-2022 07:22:10|INFO|Is groups None: False 
03-06-2022 07:22:21|INFO|grid.best_params_={'C': 10000.0, 'gamma': 0.001, 'kernel': 'rbf', 'max_iter': 1000}, grid.best_score_=0.5106481481481482, grid.best_index_=24, acc=0.6166666666666667, time=10.97055196762085
03-06-2022 07:22:21|INFO|Is groups None: False 
03-06-2022 07:22:33|INFO|grid.best_params_={'C': 100.0, 'gamma': 0.1, 'kernel': 'rbf', 'max_iter': 1000}, grid.best_score_=0.511604938271605, grid.best_index_=18, acc=0.4875, time=11.238244533538818
03-06-2022 07:22:33|INFO|Is groups None: False 
03-06-2022 07:22:44|INFO|grid.best_params_={'C': 100000000.0, 'gamma': 1e-07, 'kernel': 'rbf', 'max_iter': 1000}, grid.best_score_=0.5166666666666667, grid.best_index_=36, acc=0.5791666666666667, time=11.05385422706604
03-06-2022 07:22:44|INFO|Is groups None: False 
03-06-2022 07:22:55|INFO|grid.best_params_={'C': 1000000.0, 'gamma': 1e-05, 'kernel': 'rbf', 'max_iter': 1000}, grid.best_score_=0.5291666666666667, grid.best_index_=30, acc=0.575, time=11.199392080307007
03-06-2022 07:22:55|INFO|Is groups None: False 
03-06-2022 07:23:06|INFO|grid.best_params_={'C': 100.0, 'gamma': 0.1, 'kernel': 'rbf', 'max_iter': 1000}, grid.best_score_=0.4861111111111111, grid.best_index_=18, acc=0.4375, time=11.035828590393066
03-06-2022 07:23:06|INFO|Is groups None: False 
03-06-2022 07:23:17|INFO|grid.best_params_={'C': 0.01, 'gamma': 10.0, 'kernel': 'rbf', 'max_iter': 1000}, grid.best_score_=0.5203703703703704, grid.best_index_=5, acc=0.5375, time=11.111650943756104
03-06-2022 07:23:17|INFO|Is groups None: False 
03-06-2022 07:23:28|INFO|grid.best_params_={'C': 0.01, 'gamma': 10.0, 'kernel': 'rbf', 'max_iter': 1000}, grid.best_score_=0.5199074074074075, grid.best_index_=5, acc=0.5041666666666667, time=11.1763334274292
03-06-2022 07:23:28|INFO|Is groups None: False 
03-06-2022 07:23:39|INFO|grid.best_params_={'C': 0.01, 'gamma': 10.0, 'kernel': 'rbf', 'max_iter': 1000}, grid.best_score_=0.5277777777777778, grid.best_index_=5, acc=0.4791666666666667, time=11.08962893486023
03-06-2022 07:23:39|INFO|s05|10-CV=0.52625|STD=0.05248|Time spend=113.09678077697754
03-06-2022 07:23:42|INFO|Running Segment-First
03-06-2022 07:23:42|INFO|X.shape=(2400, 11), y.shape=(2400,), groups.shape=(2400,)
03-06-2022 07:23:42|INFO|Is groups None: False 
03-06-2022 07:23:52|INFO|grid.best_params_={'C': 0.01, 'gamma': 10.0, 'kernel': 'rbf', 'max_iter': 1000}, grid.best_score_=0.5555555555555556, grid.best_index_=5, acc=0.75, time=10.268822193145752
03-06-2022 07:23:52|INFO|Is groups None: False 
03-06-2022 07:24:03|INFO|grid.best_params_={'C': 0.01, 'gamma': 10.0, 'kernel': 'rbf', 'max_iter': 1000}, grid.best_score_=0.5555555555555556, grid.best_index_=5, acc=0.75, time=10.484548330307007
03-06-2022 07:24:03|INFO|Is groups None: False 
03-06-2022 07:24:14|INFO|grid.best_params_={'C': 100.0, 'gamma': 10.0, 'kernel': 'rbf', 'max_iter': 1000}, grid.best_score_=0.5837962962962963, grid.best_index_=19, acc=0.5041666666666667, time=10.625985860824585
03-06-2022 07:24:14|INFO|Is groups None: False 
03-06-2022 07:24:24|INFO|grid.best_params_={'C': 100.0, 'gamma': 10.0, 'kernel': 'rbf', 'max_iter': 1000}, grid.best_score_=0.5847222222222221, grid.best_index_=19, acc=0.5, time=10.599146842956543
03-06-2022 07:24:24|INFO|Is groups None: False 
03-06-2022 07:24:35|INFO|grid.best_params_={'C': 100.0, 'gamma': 10.0, 'kernel': 'rbf', 'max_iter': 1000}, grid.best_score_=0.5847222222222223, grid.best_index_=19, acc=0.5, time=10.459355592727661
03-06-2022 07:24:35|INFO|Is groups None: False 
03-06-2022 07:24:45|INFO|grid.best_params_={'C': 100.0, 'gamma': 10.0, 'kernel': 'rbf', 'max_iter': 1000}, grid.best_score_=0.5842592592592593, grid.best_index_=19, acc=0.5, time=10.425649881362915
03-06-2022 07:24:45|INFO|Is groups None: False 
03-06-2022 07:24:56|INFO|grid.best_params_={'C': 0.01, 'gamma': 1e-09, 'kernel': 'rbf', 'max_iter': 1000}, grid.best_score_=0.5833333333333334, grid.best_index_=0, acc=0.5, time=10.539807319641113
03-06-2022 07:24:56|INFO|Is groups None: False 
03-06-2022 07:25:06|INFO|grid.best_params_={'C': 100.0, 'gamma': 10.0, 'kernel': 'rbf', 'max_iter': 1000}, grid.best_score_=0.5847222222222221, grid.best_index_=19, acc=0.5, time=10.39840579032898
03-06-2022 07:25:06|INFO|Is groups None: False 
03-06-2022 07:25:16|INFO|grid.best_params_={'C': 100.0, 'gamma': 10.0, 'kernel': 'rbf', 'max_iter': 1000}, grid.best_score_=0.5842592592592593, grid.best_index_=19, acc=0.5041666666666667, time=10.398419618606567
03-06-2022 07:25:16|INFO|Is groups None: False 
03-06-2022 07:25:27|INFO|grid.best_params_={'C': 100000000.0, 'gamma': 1e-09, 'kernel': 'rbf', 'max_iter': 1000}, grid.best_score_=0.5560185185185185, grid.best_index_=35, acc=0.75, time=10.70066499710083
03-06-2022 07:25:27|INFO|s06|10-CV=0.57583|STD=0.11403|Time spend=107.86621141433716
03-06-2022 07:25:30|INFO|Running Segment-First
03-06-2022 07:25:30|INFO|X.shape=(2400, 11), y.shape=(2400,), groups.shape=(2400,)
03-06-2022 07:25:30|INFO|Is groups None: False 
03-06-2022 07:25:40|INFO|grid.best_params_={'C': 0.01, 'gamma': 1e-09, 'kernel': 'rbf', 'max_iter': 1000}, grid.best_score_=0.6111111111111112, grid.best_index_=0, acc=0.75, time=9.577182054519653
03-06-2022 07:25:40|INFO|Is groups None: False 
03-06-2022 07:25:49|INFO|grid.best_params_={'C': 0.01, 'gamma': 1e-09, 'kernel': 'rbf', 'max_iter': 1000}, grid.best_score_=0.6111111111111112, grid.best_index_=0, acc=0.75, time=9.61201548576355
03-06-2022 07:25:49|INFO|Is groups None: False 
03-06-2022 07:25:59|INFO|grid.best_params_={'C': 0.01, 'gamma': 1e-09, 'kernel': 'rbf', 'max_iter': 1000}, grid.best_score_=0.6388888888888888, grid.best_index_=0, acc=0.5, time=9.707655191421509
03-06-2022 07:25:59|INFO|Is groups None: False 
03-06-2022 07:26:09|INFO|grid.best_params_={'C': 0.01, 'gamma': 1e-09, 'kernel': 'rbf', 'max_iter': 1000}, grid.best_score_=0.6388888888888888, grid.best_index_=0, acc=0.5, time=9.746164560317993
03-06-2022 07:26:09|INFO|Is groups None: False 
03-06-2022 07:26:19|INFO|grid.best_params_={'C': 0.01, 'gamma': 1e-09, 'kernel': 'rbf', 'max_iter': 1000}, grid.best_score_=0.6388888888888888, grid.best_index_=0, acc=0.5, time=9.803019285202026
03-06-2022 07:26:19|INFO|Is groups None: False 
03-06-2022 07:26:28|INFO|grid.best_params_={'C': 0.01, 'gamma': 1e-09, 'kernel': 'rbf', 'max_iter': 1000}, grid.best_score_=0.6388888888888888, grid.best_index_=0, acc=0.5, time=9.904905557632446
03-06-2022 07:26:28|INFO|Is groups None: False 
03-06-2022 07:26:38|INFO|grid.best_params_={'C': 1000000.0, 'gamma': 1e-09, 'kernel': 'rbf', 'max_iter': 1000}, grid.best_score_=0.6393518518518518, grid.best_index_=28, acc=0.5, time=9.756454944610596
03-06-2022 07:26:38|INFO|Is groups None: False 
03-06-2022 07:26:48|INFO|grid.best_params_={'C': 0.01, 'gamma': 1e-09, 'kernel': 'rbf', 'max_iter': 1000}, grid.best_score_=0.6111111111111112, grid.best_index_=0, acc=0.75, time=10.13300371170044
03-06-2022 07:26:48|INFO|Is groups None: False 
03-06-2022 07:26:58|INFO|grid.best_params_={'C': 0.01, 'gamma': 1e-09, 'kernel': 'rbf', 'max_iter': 1000}, grid.best_score_=0.6111111111111112, grid.best_index_=0, acc=0.75, time=10.111022710800171
03-06-2022 07:26:58|INFO|Is groups None: False 
03-06-2022 07:27:09|INFO|grid.best_params_={'C': 0.01, 'gamma': 1e-09, 'kernel': 'rbf', 'max_iter': 1000}, grid.best_score_=0.6111111111111112, grid.best_index_=0, acc=0.75, time=10.15785813331604
03-06-2022 07:27:09|INFO|s07|10-CV=0.62500|STD=0.12500|Time spend=101.47392749786377
03-06-2022 07:27:11|INFO|Running Segment-First
03-06-2022 07:27:11|INFO|X.shape=(2400, 11), y.shape=(2400,), groups.shape=(2400,)
03-06-2022 07:27:11|INFO|Is groups None: False 
03-06-2022 07:27:22|INFO|grid.best_params_={'C': 0.01, 'gamma': 1e-09, 'kernel': 'rbf', 'max_iter': 1000}, grid.best_score_=0.5555555555555556, grid.best_index_=0, acc=0.75, time=10.39941930770874
03-06-2022 07:27:22|INFO|Is groups None: False 
03-06-2022 07:27:32|INFO|grid.best_params_={'C': 0.01, 'gamma': 1e-09, 'kernel': 'rbf', 'max_iter': 1000}, grid.best_score_=0.5555555555555556, grid.best_index_=0, acc=0.75, time=10.60097885131836
03-06-2022 07:27:32|INFO|Is groups None: False 
03-06-2022 07:27:43|INFO|grid.best_params_={'C': 0.01, 'gamma': 1e-09, 'kernel': 'rbf', 'max_iter': 1000}, grid.best_score_=0.5833333333333334, grid.best_index_=0, acc=0.5, time=10.23469614982605
03-06-2022 07:27:43|INFO|Is groups None: False 
03-06-2022 07:27:53|INFO|grid.best_params_={'C': 0.01, 'gamma': 1e-09, 'kernel': 'rbf', 'max_iter': 1000}, grid.best_score_=0.5833333333333334, grid.best_index_=0, acc=0.5, time=10.632470607757568
03-06-2022 07:27:53|INFO|Is groups None: False 
03-06-2022 07:28:04|INFO|grid.best_params_={'C': 0.01, 'gamma': 1e-09, 'kernel': 'rbf', 'max_iter': 1000}, grid.best_score_=0.5833333333333334, grid.best_index_=0, acc=0.5, time=10.530467748641968
03-06-2022 07:28:04|INFO|Is groups None: False 
03-06-2022 07:28:14|INFO|grid.best_params_={'C': 10000000000.0, 'gamma': 1e-09, 'kernel': 'rbf', 'max_iter': 1000}, grid.best_score_=0.5865740740740741, grid.best_index_=42, acc=0.5, time=10.477920532226562
03-06-2022 07:28:14|INFO|Is groups None: False 
03-06-2022 07:28:25|INFO|grid.best_params_={'C': 0.01, 'gamma': 1e-09, 'kernel': 'rbf', 'max_iter': 1000}, grid.best_score_=0.5833333333333334, grid.best_index_=0, acc=0.5, time=10.508990049362183
03-06-2022 07:28:25|INFO|Is groups None: False 
03-06-2022 07:28:36|INFO|grid.best_params_={'C': 0.01, 'gamma': 1e-09, 'kernel': 'rbf', 'max_iter': 1000}, grid.best_score_=0.5611111111111111, grid.best_index_=0, acc=0.6666666666666666, time=11.139063358306885
03-06-2022 07:28:36|INFO|Is groups None: False 
03-06-2022 07:28:46|INFO|grid.best_params_={'C': 0.01, 'gamma': 1e-09, 'kernel': 'rbf', 'max_iter': 1000}, grid.best_score_=0.5833333333333334, grid.best_index_=0, acc=0.5, time=10.435279846191406
03-06-2022 07:28:46|INFO|Is groups None: False 
03-06-2022 07:28:57|INFO|grid.best_params_={'C': 100000000.0, 'gamma': 1e-05, 'kernel': 'rbf', 'max_iter': 1000}, grid.best_score_=0.5770061728395062, grid.best_index_=37, acc=0.53, time=10.097358226776123
03-06-2022 07:28:57|INFO|s08|10-CV=0.56967|STD=0.10254|Time spend=107.92645239830017
03-06-2022 07:28:59|INFO|Running Segment-First
03-06-2022 07:28:59|INFO|X.shape=(2400, 11), y.shape=(2400,), groups.shape=(2400,)
03-06-2022 07:28:59|INFO|Is groups None: False 
03-06-2022 07:29:09|INFO|grid.best_params_={'C': 0.01, 'gamma': 1e-09, 'kernel': 'rbf', 'max_iter': 1000}, grid.best_score_=0.6111111111111112, grid.best_index_=0, acc=0.5, time=9.484961032867432
03-06-2022 07:29:09|INFO|Is groups None: False 
03-06-2022 07:29:19|INFO|grid.best_params_={'C': 10000000000.0, 'gamma': 1e-07, 'kernel': 'rbf', 'max_iter': 1000}, grid.best_score_=0.6259259259259259, grid.best_index_=43, acc=0.37083333333333335, time=9.575985193252563
03-06-2022 07:29:19|INFO|Is groups None: False 
03-06-2022 07:29:28|INFO|grid.best_params_={'C': 0.01, 'gamma': 1e-09, 'kernel': 'rbf', 'max_iter': 1000}, grid.best_score_=0.6111111111111112, grid.best_index_=0, acc=0.5, time=9.833153486251831
03-06-2022 07:29:28|INFO|Is groups None: False 
03-06-2022 07:29:39|INFO|grid.best_params_={'C': 0.01, 'gamma': 1e-09, 'kernel': 'rbf', 'max_iter': 1000}, grid.best_score_=0.5833333333333334, grid.best_index_=0, acc=0.75, time=10.42331838607788
03-06-2022 07:29:39|INFO|Is groups None: False 
03-06-2022 07:29:49|INFO|grid.best_params_={'C': 0.01, 'gamma': 1e-09, 'kernel': 'rbf', 'max_iter': 1000}, grid.best_score_=0.6111111111111112, grid.best_index_=0, acc=0.5, time=10.080392122268677
03-06-2022 07:29:49|INFO|Is groups None: False 
03-06-2022 07:29:59|INFO|grid.best_params_={'C': 0.01, 'gamma': 1e-09, 'kernel': 'rbf', 'max_iter': 1000}, grid.best_score_=0.6111111111111112, grid.best_index_=0, acc=0.5, time=10.005974054336548
03-06-2022 07:29:59|INFO|Is groups None: False 
03-06-2022 07:30:09|INFO|grid.best_params_={'C': 0.01, 'gamma': 1e-09, 'kernel': 'rbf', 'max_iter': 1000}, grid.best_score_=0.5833333333333334, grid.best_index_=0, acc=0.75, time=10.412370681762695
03-06-2022 07:30:09|INFO|Is groups None: False 
03-06-2022 07:30:19|INFO|grid.best_params_={'C': 0.01, 'gamma': 1e-09, 'kernel': 'rbf', 'max_iter': 1000}, grid.best_score_=0.6111111111111112, grid.best_index_=0, acc=0.5, time=9.964179515838623
03-06-2022 07:30:19|INFO|Is groups None: False 
03-06-2022 07:30:30|INFO|grid.best_params_={'C': 0.01, 'gamma': 1e-09, 'kernel': 'rbf', 'max_iter': 1000}, grid.best_score_=0.5833333333333334, grid.best_index_=0, acc=0.75, time=10.33361268043518
03-06-2022 07:30:30|INFO|Is groups None: False 
03-06-2022 07:30:40|INFO|grid.best_params_={'C': 0.01, 'gamma': 1e-09, 'kernel': 'rbf', 'max_iter': 1000}, grid.best_score_=0.5833333333333334, grid.best_index_=0, acc=0.75, time=10.320871591567993
03-06-2022 07:30:40|INFO|s09|10-CV=0.58708|STD=0.13815|Time spend=103.36493182182312
03-06-2022 07:30:43|INFO|Running Segment-First
03-06-2022 07:30:43|INFO|X.shape=(2400, 11), y.shape=(2400,), groups.shape=(2400,)
03-06-2022 07:30:43|INFO|Is groups None: False 
03-06-2022 07:30:53|INFO|grid.best_params_={'C': 1000000.0, 'gamma': 1e-07, 'kernel': 'rbf', 'max_iter': 1000}, grid.best_score_=0.6018518518518517, grid.best_index_=29, acc=0.6208333333333333, time=10.569447040557861
03-06-2022 07:30:53|INFO|Is groups None: False 
03-06-2022 07:31:04|INFO|grid.best_params_={'C': 1000000.0, 'gamma': 1e-07, 'kernel': 'rbf', 'max_iter': 1000}, grid.best_score_=0.6000000000000001, grid.best_index_=29, acc=0.5291666666666667, time=10.458274841308594
03-06-2022 07:31:04|INFO|Is groups None: False 
03-06-2022 07:31:51|INFO|grid.best_params_={'C': 100.0, 'gamma': 0.001, 'kernel': 'rbf', 'max_iter': 1000}, grid.best_score_=0.6009259259259259, grid.best_index_=17, acc=0.5708333333333333, time=47.46880483627319
03-06-2022 07:31:51|INFO|Is groups None: False 
03-06-2022 07:32:46|INFO|grid.best_params_={'C': 10000.0, 'gamma': 1e-05, 'kernel': 'rbf', 'max_iter': 1000}, grid.best_score_=0.6120370370370372, grid.best_index_=23, acc=0.45, time=55.06350779533386
03-06-2022 07:32:46|INFO|Is groups None: False 
03-06-2022 07:32:57|INFO|grid.best_params_={'C': 1000000.0, 'gamma': 1e-07, 'kernel': 'rbf', 'max_iter': 1000}, grid.best_score_=0.5685185185185185, grid.best_index_=29, acc=0.7708333333333334, time=10.544313669204712
03-06-2022 07:32:57|INFO|Is groups None: False 
03-06-2022 07:33:51|INFO|grid.best_params_={'C': 1000000.0, 'gamma': 1e-07, 'kernel': 'rbf', 'max_iter': 1000}, grid.best_score_=0.600462962962963, grid.best_index_=29, acc=0.5833333333333334, time=54.3421151638031
03-06-2022 07:33:51|INFO|Is groups None: False 
03-06-2022 07:34:47|INFO|grid.best_params_={'C': 10000.0, 'gamma': 1e-05, 'kernel': 'rbf', 'max_iter': 1000}, grid.best_score_=0.6041666666666666, grid.best_index_=23, acc=0.4791666666666667, time=55.37309288978577
03-06-2022 07:34:47|INFO|Is groups None: False 
03-06-2022 07:34:57|INFO|grid.best_params_={'C': 10000.0, 'gamma': 1e-05, 'kernel': 'rbf', 'max_iter': 1000}, grid.best_score_=0.5990740740740741, grid.best_index_=23, acc=0.5125, time=10.364261150360107
03-06-2022 07:34:57|INFO|Is groups None: False 
03-06-2022 07:35:50|INFO|grid.best_params_={'C': 10000.0, 'gamma': 1e-05, 'kernel': 'rbf', 'max_iter': 1000}, grid.best_score_=0.5777777777777778, grid.best_index_=23, acc=0.675, time=53.33293080329895
03-06-2022 07:35:50|INFO|Is groups None: False 
03-06-2022 07:36:46|INFO|grid.best_params_={'C': 10000.0, 'gamma': 1e-05, 'kernel': 'rbf', 'max_iter': 1000}, grid.best_score_=0.574074074074074, grid.best_index_=23, acc=0.6666666666666666, time=55.57942461967468
03-06-2022 07:36:46|INFO|s10|10-CV=0.58583|STD=0.09412|Time spend=366.0648682117462
03-06-2022 07:36:49|INFO|Running Segment-First
03-06-2022 07:36:49|INFO|X.shape=(2400, 11), y.shape=(2400,), groups.shape=(2400,)
03-06-2022 07:36:49|INFO|Is groups None: False 
03-06-2022 07:36:59|INFO|grid.best_params_={'C': 1.0, 'gamma': 10.0, 'kernel': 'rbf', 'max_iter': 1000}, grid.best_score_=0.611574074074074, grid.best_index_=12, acc=0.75, time=9.753494262695312
03-06-2022 07:36:59|INFO|Is groups None: False 
03-06-2022 07:37:09|INFO|grid.best_params_={'C': 0.01, 'gamma': 1e-09, 'kernel': 'rbf', 'max_iter': 1000}, grid.best_score_=0.6111111111111112, grid.best_index_=0, acc=0.75, time=10.671032667160034
03-06-2022 07:37:09|INFO|Is groups None: False 
03-06-2022 07:37:20|INFO|grid.best_params_={'C': 0.01, 'gamma': 1e-09, 'kernel': 'rbf', 'max_iter': 1000}, grid.best_score_=0.6388888888888888, grid.best_index_=0, acc=0.5, time=10.217617273330688
03-06-2022 07:37:20|INFO|Is groups None: False 
03-06-2022 07:37:30|INFO|grid.best_params_={'C': 0.01, 'gamma': 1e-09, 'kernel': 'rbf', 'max_iter': 1000}, grid.best_score_=0.6388888888888888, grid.best_index_=0, acc=0.5, time=10.350019693374634
03-06-2022 07:37:30|INFO|Is groups None: False 
03-06-2022 07:37:40|INFO|grid.best_params_={'C': 0.01, 'gamma': 1e-09, 'kernel': 'rbf', 'max_iter': 1000}, grid.best_score_=0.6388888888888888, grid.best_index_=0, acc=0.5, time=9.983901977539062
03-06-2022 07:37:40|INFO|Is groups None: False 
03-06-2022 07:37:50|INFO|grid.best_params_={'C': 0.01, 'gamma': 1e-09, 'kernel': 'rbf', 'max_iter': 1000}, grid.best_score_=0.6388888888888888, grid.best_index_=0, acc=0.5, time=10.070761919021606
03-06-2022 07:37:50|INFO|Is groups None: False 
03-06-2022 07:38:00|INFO|grid.best_params_={'C': 1.0, 'gamma': 10.0, 'kernel': 'rbf', 'max_iter': 1000}, grid.best_score_=0.611574074074074, grid.best_index_=12, acc=0.75, time=10.319682598114014
03-06-2022 07:38:00|INFO|Is groups None: False 
03-06-2022 07:38:11|INFO|grid.best_params_={'C': 1000000.0, 'gamma': 1e-09, 'kernel': 'rbf', 'max_iter': 1000}, grid.best_score_=0.6393518518518518, grid.best_index_=28, acc=0.5, time=10.218086957931519
03-06-2022 07:38:11|INFO|Is groups None: False 
03-06-2022 07:38:21|INFO|grid.best_params_={'C': 0.01, 'gamma': 1e-09, 'kernel': 'rbf', 'max_iter': 1000}, grid.best_score_=0.6111111111111112, grid.best_index_=0, acc=0.75, time=10.563581228256226
03-06-2022 07:38:21|INFO|Is groups None: False 
03-06-2022 07:38:31|INFO|grid.best_params_={'C': 1000000.0, 'gamma': 1e-09, 'kernel': 'rbf', 'max_iter': 1000}, grid.best_score_=0.611574074074074, grid.best_index_=28, acc=0.75, time=10.291577339172363
03-06-2022 07:38:31|INFO|s11|10-CV=0.62500|STD=0.12500|Time spend=105.40094518661499
03-06-2022 07:38:34|INFO|Running Segment-First
03-06-2022 07:38:34|INFO|X.shape=(2400, 11), y.shape=(2400,), groups.shape=(2400,)
03-06-2022 07:38:35|INFO|Is groups None: False 
03-06-2022 07:38:42|INFO|grid.best_params_={'C': 0.01, 'gamma': 1e-09, 'kernel': 'rbf', 'max_iter': 1000}, grid.best_score_=0.8333333333333334, grid.best_index_=0, acc=0.75, time=7.037341833114624
03-06-2022 07:38:42|INFO|Is groups None: False 
03-06-2022 07:38:49|INFO|grid.best_params_={'C': 0.01, 'gamma': 1e-09, 'kernel': 'rbf', 'max_iter': 1000}, grid.best_score_=0.8333333333333334, grid.best_index_=0, acc=0.75, time=7.070610523223877
03-06-2022 07:38:49|INFO|Is groups None: False 
03-06-2022 07:38:56|INFO|grid.best_params_={'C': 0.01, 'gamma': 1e-09, 'kernel': 'rbf', 'max_iter': 1000}, grid.best_score_=0.8333333333333334, grid.best_index_=0, acc=0.75, time=7.079483985900879
03-06-2022 07:38:56|INFO|Is groups None: False 
03-06-2022 07:39:03|INFO|grid.best_params_={'C': 0.01, 'gamma': 1e-09, 'kernel': 'rbf', 'max_iter': 1000}, grid.best_score_=0.8333333333333334, grid.best_index_=0, acc=0.75, time=7.054395914077759
03-06-2022 07:39:03|INFO|Is groups None: False 
03-06-2022 07:39:10|INFO|grid.best_params_={'C': 0.01, 'gamma': 1e-09, 'kernel': 'rbf', 'max_iter': 1000}, grid.best_score_=0.8333333333333334, grid.best_index_=0, acc=0.75, time=6.865224361419678
03-06-2022 07:39:10|INFO|Is groups None: False 
03-06-2022 07:39:17|INFO|grid.best_params_={'C': 0.01, 'gamma': 1e-09, 'kernel': 'rbf', 'max_iter': 1000}, grid.best_score_=0.8333333333333334, grid.best_index_=0, acc=0.75, time=6.927577495574951
03-06-2022 07:39:17|INFO|Is groups None: False 
03-06-2022 07:39:24|INFO|grid.best_params_={'C': 0.01, 'gamma': 1e-09, 'kernel': 'rbf', 'max_iter': 1000}, grid.best_score_=0.8055555555555556, grid.best_index_=0, acc=1.0, time=7.5029661655426025
03-06-2022 07:39:24|INFO|Is groups None: False 
03-06-2022 07:39:31|INFO|grid.best_params_={'C': 0.01, 'gamma': 1e-09, 'kernel': 'rbf', 'max_iter': 1000}, grid.best_score_=0.8333333333333334, grid.best_index_=0, acc=0.75, time=6.967452526092529
03-06-2022 07:39:31|INFO|Is groups None: False 
03-06-2022 07:39:38|INFO|grid.best_params_={'C': 0.01, 'gamma': 1e-09, 'kernel': 'rbf', 'max_iter': 1000}, grid.best_score_=0.8055555555555556, grid.best_index_=0, acc=1.0, time=7.363367319107056
03-06-2022 07:39:38|INFO|Is groups None: False 
03-06-2022 07:39:46|INFO|grid.best_params_={'C': 0.01, 'gamma': 1e-09, 'kernel': 'rbf', 'max_iter': 1000}, grid.best_score_=0.8055555555555556, grid.best_index_=0, acc=1.0, time=7.319488763809204
03-06-2022 07:39:46|INFO|s12|10-CV=0.82500|STD=0.11456|Time spend=74.3320574760437
03-06-2022 07:39:49|INFO|Running Segment-First
03-06-2022 07:39:49|INFO|X.shape=(2400, 11), y.shape=(2400,), groups.shape=(2400,)
03-06-2022 07:39:49|INFO|Is groups None: False 
03-06-2022 07:39:55|INFO|grid.best_params_={'C': 0.01, 'gamma': 1e-09, 'kernel': 'rbf', 'max_iter': 1000}, grid.best_score_=0.8611111111111112, grid.best_index_=0, acc=0.75, time=6.399452447891235
03-06-2022 07:39:55|INFO|Is groups None: False 
03-06-2022 07:40:02|INFO|grid.best_params_={'C': 0.01, 'gamma': 1e-09, 'kernel': 'rbf', 'max_iter': 1000}, grid.best_score_=0.8611111111111112, grid.best_index_=0, acc=0.75, time=6.326161623001099
03-06-2022 07:40:02|INFO|Is groups None: False 
03-06-2022 07:40:08|INFO|grid.best_params_={'C': 0.01, 'gamma': 1e-09, 'kernel': 'rbf', 'max_iter': 1000}, grid.best_score_=0.8611111111111112, grid.best_index_=0, acc=0.75, time=6.491208076477051
03-06-2022 07:40:08|INFO|Is groups None: False 
03-06-2022 07:40:15|INFO|grid.best_params_={'C': 0.01, 'gamma': 1e-09, 'kernel': 'rbf', 'max_iter': 1000}, grid.best_score_=0.8611111111111112, grid.best_index_=0, acc=0.75, time=6.4435625076293945
03-06-2022 07:40:15|INFO|Is groups None: False 
03-06-2022 07:40:21|INFO|grid.best_params_={'C': 0.01, 'gamma': 1e-09, 'kernel': 'rbf', 'max_iter': 1000}, grid.best_score_=0.8611111111111112, grid.best_index_=0, acc=0.75, time=6.44406270980835
03-06-2022 07:40:21|INFO|Is groups None: False 
03-06-2022 07:40:28|INFO|grid.best_params_={'C': 0.01, 'gamma': 1e-09, 'kernel': 'rbf', 'max_iter': 1000}, grid.best_score_=0.8611111111111112, grid.best_index_=0, acc=0.75, time=6.4735167026519775
03-06-2022 07:40:28|INFO|Is groups None: False 
03-06-2022 07:40:35|INFO|grid.best_params_={'C': 0.01, 'gamma': 1e-09, 'kernel': 'rbf', 'max_iter': 1000}, grid.best_score_=0.8333333333333334, grid.best_index_=0, acc=1.0, time=7.016193628311157
03-06-2022 07:40:35|INFO|Is groups None: False 
03-06-2022 07:40:42|INFO|grid.best_params_={'C': 0.01, 'gamma': 1e-09, 'kernel': 'rbf', 'max_iter': 1000}, grid.best_score_=0.8333333333333334, grid.best_index_=0, acc=1.0, time=6.971694469451904
03-06-2022 07:40:42|INFO|Is groups None: False 
03-06-2022 07:40:48|INFO|grid.best_params_={'C': 0.01, 'gamma': 1e-09, 'kernel': 'rbf', 'max_iter': 1000}, grid.best_score_=0.8333333333333334, grid.best_index_=0, acc=1.0, time=6.882436752319336
03-06-2022 07:40:48|INFO|Is groups None: False 
03-06-2022 07:40:55|INFO|grid.best_params_={'C': 0.01, 'gamma': 1e-09, 'kernel': 'rbf', 'max_iter': 1000}, grid.best_score_=0.8333333333333334, grid.best_index_=0, acc=1.0, time=6.948455810546875
03-06-2022 07:40:55|INFO|s13|10-CV=0.85000|STD=0.12247|Time spend=69.69230079650879
03-06-2022 07:40:59|INFO|Running Segment-First
03-06-2022 07:40:59|INFO|X.shape=(2400, 11), y.shape=(2400,), groups.shape=(2400,)
03-06-2022 07:40:59|INFO|Is groups None: False 
03-06-2022 07:41:08|INFO|grid.best_params_={'C': 0.01, 'gamma': 1e-09, 'kernel': 'rbf', 'max_iter': 1000}, grid.best_score_=0.6666666666666666, grid.best_index_=0, acc=0.75, time=9.789528608322144
03-06-2022 07:41:08|INFO|Is groups None: False 
03-06-2022 07:41:18|INFO|grid.best_params_={'C': 0.01, 'gamma': 1e-09, 'kernel': 'rbf', 'max_iter': 1000}, grid.best_score_=0.6666666666666666, grid.best_index_=0, acc=0.75, time=9.984113454818726
03-06-2022 07:41:18|INFO|Is groups None: False 
03-06-2022 07:41:28|INFO|grid.best_params_={'C': 0.01, 'gamma': 1e-09, 'kernel': 'rbf', 'max_iter': 1000}, grid.best_score_=0.6666666666666666, grid.best_index_=0, acc=0.75, time=10.016536474227905
03-06-2022 07:41:28|INFO|Is groups None: False 
03-06-2022 07:41:38|INFO|grid.best_params_={'C': 0.01, 'gamma': 1e-09, 'kernel': 'rbf', 'max_iter': 1000}, grid.best_score_=0.6944444444444444, grid.best_index_=0, acc=0.5, time=9.584590435028076
03-06-2022 07:41:38|INFO|Is groups None: False 
03-06-2022 07:41:47|INFO|grid.best_params_={'C': 0.01, 'gamma': 1e-09, 'kernel': 'rbf', 'max_iter': 1000}, grid.best_score_=0.6944444444444444, grid.best_index_=0, acc=0.5, time=9.402283191680908
03-06-2022 07:41:47|INFO|Is groups None: False 
03-06-2022 07:41:57|INFO|grid.best_params_={'C': 0.01, 'gamma': 1e-09, 'kernel': 'rbf', 'max_iter': 1000}, grid.best_score_=0.6944444444444444, grid.best_index_=0, acc=0.5, time=9.252536058425903
03-06-2022 07:41:57|INFO|Is groups None: False 
03-06-2022 07:42:06|INFO|grid.best_params_={'C': 0.01, 'gamma': 1e-09, 'kernel': 'rbf', 'max_iter': 1000}, grid.best_score_=0.6666666666666666, grid.best_index_=0, acc=0.75, time=9.748677015304565
03-06-2022 07:42:06|INFO|Is groups None: False 
03-06-2022 07:42:17|INFO|grid.best_params_={'C': 0.01, 'gamma': 1e-09, 'kernel': 'rbf', 'max_iter': 1000}, grid.best_score_=0.6666666666666666, grid.best_index_=0, acc=0.75, time=10.143429279327393
03-06-2022 07:42:17|INFO|Is groups None: False 
03-06-2022 07:42:27|INFO|grid.best_params_={'C': 0.01, 'gamma': 1e-09, 'kernel': 'rbf', 'max_iter': 1000}, grid.best_score_=0.6666666666666666, grid.best_index_=0, acc=0.75, time=10.356815814971924
03-06-2022 07:42:27|INFO|Is groups None: False 
03-06-2022 07:42:37|INFO|grid.best_params_={'C': 0.01, 'gamma': 1e-09, 'kernel': 'rbf', 'max_iter': 1000}, grid.best_score_=0.6666666666666666, grid.best_index_=0, acc=0.75, time=10.25324010848999
03-06-2022 07:42:37|INFO|s14|10-CV=0.67500|STD=0.11456|Time spend=101.75875687599182
03-06-2022 07:42:40|INFO|Running Segment-First
03-06-2022 07:42:40|INFO|X.shape=(2400, 11), y.shape=(2400,), groups.shape=(2400,)
03-06-2022 07:42:40|INFO|Is groups None: False 
03-06-2022 07:42:52|INFO|grid.best_params_={'C': 10000000000.0, 'gamma': 1e-07, 'kernel': 'rbf', 'max_iter': 1000}, grid.best_score_=0.5393518518518519, grid.best_index_=43, acc=0.55, time=11.210459232330322
03-06-2022 07:42:52|INFO|Is groups None: False 
03-06-2022 07:43:03|INFO|grid.best_params_={'C': 1000000.0, 'gamma': 1e-09, 'kernel': 'rbf', 'max_iter': 1000}, grid.best_score_=0.5277777777777778, grid.best_index_=28, acc=0.5, time=11.688259601593018
03-06-2022 07:43:03|INFO|Is groups None: False 
03-06-2022 07:43:15|INFO|grid.best_params_={'C': 1000000.0, 'gamma': 1e-05, 'kernel': 'rbf', 'max_iter': 1000}, grid.best_score_=0.5898148148148148, grid.best_index_=30, acc=0.4875, time=11.948632955551147
03-06-2022 07:43:15|INFO|Is groups None: False 
03-06-2022 07:43:27|INFO|grid.best_params_={'C': 10000000000.0, 'gamma': 1e-09, 'kernel': 'rbf', 'max_iter': 1000}, grid.best_score_=0.574074074074074, grid.best_index_=42, acc=0.75, time=11.974333047866821
03-06-2022 07:43:27|INFO|Is groups None: False 
03-06-2022 07:43:39|INFO|grid.best_params_={'C': 100000000.0, 'gamma': 1e-05, 'kernel': 'rbf', 'max_iter': 1000}, grid.best_score_=0.5412037037037037, grid.best_index_=37, acc=0.49583333333333335, time=11.768462181091309
03-06-2022 07:43:39|INFO|Is groups None: False 
03-06-2022 07:43:51|INFO|grid.best_params_={'C': 1000000.0, 'gamma': 1e-07, 'kernel': 'rbf', 'max_iter': 1000}, grid.best_score_=0.537037037037037, grid.best_index_=29, acc=0.375, time=11.858510255813599
03-06-2022 07:43:51|INFO|Is groups None: False 
03-06-2022 07:44:03|INFO|grid.best_params_={'C': 1000000.0, 'gamma': 1e-07, 'kernel': 'rbf', 'max_iter': 1000}, grid.best_score_=0.5672839506172839, grid.best_index_=29, acc=0.30833333333333335, time=11.717658042907715
03-06-2022 07:44:03|INFO|Is groups None: False 
03-06-2022 07:44:14|INFO|grid.best_params_={'C': 1000000.0, 'gamma': 1e-09, 'kernel': 'rbf', 'max_iter': 1000}, grid.best_score_=0.5689814814814815, grid.best_index_=28, acc=0.43333333333333335, time=11.621290683746338
03-06-2022 07:44:14|INFO|Is groups None: False 
03-06-2022 07:44:26|INFO|grid.best_params_={'C': 10000000000.0, 'gamma': 1e-09, 'kernel': 'rbf', 'max_iter': 1000}, grid.best_score_=0.5662037037037037, grid.best_index_=42, acc=0.5, time=11.825095653533936
03-06-2022 07:44:26|INFO|Is groups None: False 
03-06-2022 07:44:38|INFO|grid.best_params_={'C': 100000000.0, 'gamma': 1e-09, 'kernel': 'rbf', 'max_iter': 1000}, grid.best_score_=0.5620370370370371, grid.best_index_=35, acc=0.5, time=11.8325514793396
03-06-2022 07:44:38|INFO|s15|10-CV=0.49000|STD=0.10999|Time spend=120.74727201461792
03-06-2022 07:44:41|INFO|Running Segment-First
03-06-2022 07:44:41|INFO|X.shape=(2400, 11), y.shape=(2400,), groups.shape=(2400,)
03-06-2022 07:44:41|INFO|Is groups None: False 
03-06-2022 07:44:53|INFO|grid.best_params_={'C': 100000000.0, 'gamma': 1e-05, 'kernel': 'rbf', 'max_iter': 1000}, grid.best_score_=0.5351851851851852, grid.best_index_=37, acc=0.5625, time=11.486078262329102
03-06-2022 07:44:53|INFO|Is groups None: False 
03-06-2022 07:45:04|INFO|grid.best_params_={'C': 100000000.0, 'gamma': 1e-05, 'kernel': 'rbf', 'max_iter': 1000}, grid.best_score_=0.5240740740740741, grid.best_index_=37, acc=0.4666666666666667, time=11.51099705696106
03-06-2022 07:45:04|INFO|Is groups None: False 
03-06-2022 07:45:16|INFO|grid.best_params_={'C': 1000000.0, 'gamma': 1e-07, 'kernel': 'rbf', 'max_iter': 1000}, grid.best_score_=0.5180555555555555, grid.best_index_=29, acc=0.42916666666666664, time=11.793815612792969
03-06-2022 07:45:16|INFO|Is groups None: False 
03-06-2022 07:45:28|INFO|grid.best_params_={'C': 1000000.0, 'gamma': 1e-09, 'kernel': 'rbf', 'max_iter': 1000}, grid.best_score_=0.5537037037037036, grid.best_index_=28, acc=0.6583333333333333, time=12.195719957351685
03-06-2022 07:45:28|INFO|Is groups None: False 
03-06-2022 07:45:40|INFO|grid.best_params_={'C': 10000000000.0, 'gamma': 1e-07, 'kernel': 'rbf', 'max_iter': 1000}, grid.best_score_=0.5476851851851853, grid.best_index_=43, acc=0.3958333333333333, time=11.900800704956055
03-06-2022 07:45:40|INFO|Is groups None: False 
03-06-2022 07:45:52|INFO|grid.best_params_={'C': 10000000000.0, 'gamma': 1e-07, 'kernel': 'rbf', 'max_iter': 1000}, grid.best_score_=0.5416666666666666, grid.best_index_=43, acc=0.5416666666666666, time=12.021351099014282
03-06-2022 07:45:52|INFO|Is groups None: False 
03-06-2022 07:46:04|INFO|grid.best_params_={'C': 1000000.0, 'gamma': 1e-09, 'kernel': 'rbf', 'max_iter': 1000}, grid.best_score_=0.5583333333333333, grid.best_index_=28, acc=0.48333333333333334, time=12.004987239837646
03-06-2022 07:46:04|INFO|Is groups None: False 
03-06-2022 07:46:16|INFO|grid.best_params_={'C': 1000000.0, 'gamma': 1e-07, 'kernel': 'rbf', 'max_iter': 1000}, grid.best_score_=0.549074074074074, grid.best_index_=29, acc=0.5208333333333334, time=12.084651947021484
03-06-2022 07:46:16|INFO|Is groups None: False 
03-06-2022 07:46:28|INFO|grid.best_params_={'C': 100000000.0, 'gamma': 1e-05, 'kernel': 'rbf', 'max_iter': 1000}, grid.best_score_=0.5125000000000001, grid.best_index_=37, acc=0.4708333333333333, time=11.928650617599487
03-06-2022 07:46:28|INFO|Is groups None: False 
03-06-2022 07:46:40|INFO|grid.best_params_={'C': 10000.0, 'gamma': 1e-05, 'kernel': 'rbf', 'max_iter': 1000}, grid.best_score_=0.5513888888888889, grid.best_index_=23, acc=0.49583333333333335, time=11.779606103897095
03-06-2022 07:46:40|INFO|s16|10-CV=0.50250|STD=0.07015|Time spend=122.21929883956909
03-06-2022 07:46:43|INFO|Running Segment-First
03-06-2022 07:46:43|INFO|X.shape=(2400, 11), y.shape=(2400,), groups.shape=(2400,)
03-06-2022 07:46:43|INFO|Is groups None: False 
03-06-2022 07:46:54|INFO|grid.best_params_={'C': 10000.0, 'gamma': 1e-05, 'kernel': 'rbf', 'max_iter': 1000}, grid.best_score_=0.6291666666666667, grid.best_index_=23, acc=0.6208333333333333, time=10.755628824234009
03-06-2022 07:46:54|INFO|Is groups None: False 
03-06-2022 07:47:45|INFO|grid.best_params_={'C': 1.0, 'gamma': 0.1, 'kernel': 'rbf', 'max_iter': 1000}, grid.best_score_=0.6439814814814815, grid.best_index_=11, acc=0.5375, time=50.40844702720642
03-06-2022 07:47:45|INFO|Is groups None: False 
03-06-2022 07:47:55|INFO|grid.best_params_={'C': 100.0, 'gamma': 0.001, 'kernel': 'rbf', 'max_iter': 1000}, grid.best_score_=0.6402777777777778, grid.best_index_=17, acc=0.5166666666666667, time=10.351414918899536
03-06-2022 07:47:55|INFO|Is groups None: False 
03-06-2022 07:48:48|INFO|grid.best_params_={'C': 1.0, 'gamma': 0.1, 'kernel': 'rbf', 'max_iter': 1000}, grid.best_score_=0.6296296296296297, grid.best_index_=11, acc=0.6666666666666666, time=53.56167221069336
03-06-2022 07:48:48|INFO|Is groups None: False 
03-06-2022 07:48:59|INFO|grid.best_params_={'C': 100.0, 'gamma': 0.001, 'kernel': 'rbf', 'max_iter': 1000}, grid.best_score_=0.6337962962962963, grid.best_index_=17, acc=0.7375, time=10.90882921218872
03-06-2022 07:48:59|INFO|Is groups None: False 
03-06-2022 07:49:10|INFO|grid.best_params_={'C': 1.0, 'gamma': 0.1, 'kernel': 'rbf', 'max_iter': 1000}, grid.best_score_=0.6314814814814815, grid.best_index_=11, acc=0.6, time=10.507980585098267
03-06-2022 07:49:10|INFO|Is groups None: False 
03-06-2022 07:49:20|INFO|grid.best_params_={'C': 1000000.0, 'gamma': 1e-07, 'kernel': 'rbf', 'max_iter': 1000}, grid.best_score_=0.6310185185185185, grid.best_index_=29, acc=0.6166666666666667, time=10.495625972747803
03-06-2022 07:49:20|INFO|Is groups None: False 
03-06-2022 07:49:31|INFO|grid.best_params_={'C': 1.0, 'gamma': 0.1, 'kernel': 'rbf', 'max_iter': 1000}, grid.best_score_=0.6319444444444445, grid.best_index_=11, acc=0.5625, time=10.511309623718262
03-06-2022 07:49:31|INFO|Is groups None: False 
03-06-2022 07:49:42|INFO|grid.best_params_={'C': 1.0, 'gamma': 0.1, 'kernel': 'rbf', 'max_iter': 1000}, grid.best_score_=0.6157407407407408, grid.best_index_=11, acc=0.7125, time=10.872783899307251
03-06-2022 07:49:42|INFO|Is groups None: False 
03-06-2022 07:49:52|INFO|grid.best_params_={'C': 100.0, 'gamma': 0.001, 'kernel': 'rbf', 'max_iter': 1000}, grid.best_score_=0.6337962962962963, grid.best_index_=17, acc=0.7041666666666667, time=10.540740251541138
03-06-2022 07:49:52|INFO|s17|10-CV=0.62750|STD=0.07229|Time spend=192.19962763786316
03-06-2022 07:49:55|INFO|Running Segment-First
03-06-2022 07:49:55|INFO|X.shape=(2400, 11), y.shape=(2400,), groups.shape=(2400,)
03-06-2022 07:49:55|INFO|Is groups None: False 
03-06-2022 07:50:06|INFO|grid.best_params_={'C': 0.01, 'gamma': 1e-09, 'kernel': 'rbf', 'max_iter': 1000}, grid.best_score_=0.6111111111111112, grid.best_index_=0, acc=0.75, time=10.63278865814209
03-06-2022 07:50:06|INFO|Is groups None: False 
03-06-2022 07:50:16|INFO|grid.best_params_={'C': 0.01, 'gamma': 1e-09, 'kernel': 'rbf', 'max_iter': 1000}, grid.best_score_=0.6388888888888888, grid.best_index_=0, acc=0.5, time=10.135620832443237
03-06-2022 07:50:16|INFO|Is groups None: False 
03-06-2022 07:50:27|INFO|grid.best_params_={'C': 0.01, 'gamma': 1e-09, 'kernel': 'rbf', 'max_iter': 1000}, grid.best_score_=0.6111111111111112, grid.best_index_=0, acc=0.75, time=10.673484325408936
03-06-2022 07:50:27|INFO|Is groups None: False 
03-06-2022 07:50:37|INFO|grid.best_params_={'C': 0.01, 'gamma': 1e-09, 'kernel': 'rbf', 'max_iter': 1000}, grid.best_score_=0.6111111111111112, grid.best_index_=0, acc=0.75, time=10.467000722885132
03-06-2022 07:50:37|INFO|Is groups None: False 
03-06-2022 07:50:48|INFO|grid.best_params_={'C': 0.01, 'gamma': 1e-09, 'kernel': 'rbf', 'max_iter': 1000}, grid.best_score_=0.6388888888888888, grid.best_index_=0, acc=0.5, time=10.221516132354736
03-06-2022 07:50:48|INFO|Is groups None: False 
03-06-2022 07:50:58|INFO|grid.best_params_={'C': 0.01, 'gamma': 1e-09, 'kernel': 'rbf', 'max_iter': 1000}, grid.best_score_=0.6111111111111112, grid.best_index_=0, acc=0.75, time=10.65306806564331
03-06-2022 07:50:58|INFO|Is groups None: False 
03-06-2022 07:51:08|INFO|grid.best_params_={'C': 0.01, 'gamma': 1e-09, 'kernel': 'rbf', 'max_iter': 1000}, grid.best_score_=0.6388888888888888, grid.best_index_=0, acc=0.5, time=10.128695249557495
03-06-2022 07:51:08|INFO|Is groups None: False 
03-06-2022 07:51:18|INFO|grid.best_params_={'C': 0.01, 'gamma': 1e-09, 'kernel': 'rbf', 'max_iter': 1000}, grid.best_score_=0.6388888888888888, grid.best_index_=0, acc=0.5, time=10.04645824432373
03-06-2022 07:51:18|INFO|Is groups None: False 
03-06-2022 07:51:29|INFO|grid.best_params_={'C': 0.01, 'gamma': 1e-09, 'kernel': 'rbf', 'max_iter': 1000}, grid.best_score_=0.6388888888888888, grid.best_index_=0, acc=0.5, time=10.183571338653564
03-06-2022 07:51:29|INFO|Is groups None: False 
03-06-2022 07:51:39|INFO|grid.best_params_={'C': 0.01, 'gamma': 1e-09, 'kernel': 'rbf', 'max_iter': 1000}, grid.best_score_=0.6111111111111112, grid.best_index_=0, acc=0.75, time=10.476742267608643
03-06-2022 07:51:39|INFO|s18|10-CV=0.62500|STD=0.12500|Time spend=106.70286774635315
03-06-2022 07:51:42|INFO|Running Segment-First
03-06-2022 07:51:42|INFO|X.shape=(2400, 11), y.shape=(2400,), groups.shape=(2400,)
03-06-2022 07:51:42|INFO|Is groups None: False 
03-06-2022 07:51:52|INFO|grid.best_params_={'C': 0.01, 'gamma': 1e-09, 'kernel': 'rbf', 'max_iter': 1000}, grid.best_score_=0.6666666666666666, grid.best_index_=0, acc=0.75, time=9.625203609466553
03-06-2022 07:51:52|INFO|Is groups None: False 
03-06-2022 07:52:02|INFO|grid.best_params_={'C': 0.01, 'gamma': 1e-09, 'kernel': 'rbf', 'max_iter': 1000}, grid.best_score_=0.6666666666666666, grid.best_index_=0, acc=0.75, time=9.825159549713135
03-06-2022 07:52:02|INFO|Is groups None: False 
03-06-2022 07:52:12|INFO|grid.best_params_={'C': 0.01, 'gamma': 1e-09, 'kernel': 'rbf', 'max_iter': 1000}, grid.best_score_=0.6666666666666666, grid.best_index_=0, acc=0.75, time=9.772849321365356
03-06-2022 07:52:12|INFO|Is groups None: False 
03-06-2022 07:52:21|INFO|grid.best_params_={'C': 0.01, 'gamma': 1e-09, 'kernel': 'rbf', 'max_iter': 1000}, grid.best_score_=0.6944444444444444, grid.best_index_=0, acc=0.5, time=9.177208185195923
03-06-2022 07:52:21|INFO|Is groups None: False 
03-06-2022 07:52:30|INFO|grid.best_params_={'C': 0.01, 'gamma': 1e-09, 'kernel': 'rbf', 'max_iter': 1000}, grid.best_score_=0.6666666666666666, grid.best_index_=0, acc=0.75, time=9.683278322219849
03-06-2022 07:52:30|INFO|Is groups None: False 
03-06-2022 07:52:40|INFO|grid.best_params_={'C': 1000000.0, 'gamma': 1e-09, 'kernel': 'rbf', 'max_iter': 1000}, grid.best_score_=0.6949074074074074, grid.best_index_=28, acc=0.5, time=9.833158731460571
03-06-2022 07:52:40|INFO|Is groups None: False 
03-06-2022 07:52:50|INFO|grid.best_params_={'C': 0.01, 'gamma': 1e-09, 'kernel': 'rbf', 'max_iter': 1000}, grid.best_score_=0.6944444444444444, grid.best_index_=0, acc=0.5, time=9.72225546836853
03-06-2022 07:52:50|INFO|Is groups None: False 
03-06-2022 07:53:00|INFO|grid.best_params_={'C': 0.01, 'gamma': 1e-09, 'kernel': 'rbf', 'max_iter': 1000}, grid.best_score_=0.6666666666666666, grid.best_index_=0, acc=0.75, time=10.013818502426147
03-06-2022 07:53:00|INFO|Is groups None: False 
03-06-2022 07:53:10|INFO|grid.best_params_={'C': 0.01, 'gamma': 1e-09, 'kernel': 'rbf', 'max_iter': 1000}, grid.best_score_=0.6666666666666666, grid.best_index_=0, acc=0.75, time=9.929924488067627
03-06-2022 07:53:10|INFO|Is groups None: False 
03-06-2022 07:53:20|INFO|grid.best_params_={'C': 0.01, 'gamma': 1e-09, 'kernel': 'rbf', 'max_iter': 1000}, grid.best_score_=0.6666666666666666, grid.best_index_=0, acc=0.75, time=10.207259893417358
03-06-2022 07:53:20|INFO|s19|10-CV=0.67500|STD=0.11456|Time spend=101.05989074707031
03-06-2022 07:53:23|INFO|Running Segment-First
03-06-2022 07:53:23|INFO|X.shape=(2400, 11), y.shape=(2400,), groups.shape=(2400,)
03-06-2022 07:53:23|INFO|Is groups None: False 
03-06-2022 07:53:31|INFO|grid.best_params_={'C': 0.01, 'gamma': 1e-09, 'kernel': 'rbf', 'max_iter': 1000}, grid.best_score_=0.7777777777777778, grid.best_index_=0, acc=0.75, time=7.867142915725708
03-06-2022 07:53:31|INFO|Is groups None: False 
03-06-2022 07:53:39|INFO|grid.best_params_={'C': 0.01, 'gamma': 1e-09, 'kernel': 'rbf', 'max_iter': 1000}, grid.best_score_=0.7777777777777778, grid.best_index_=0, acc=0.75, time=7.9135260581970215
03-06-2022 07:53:39|INFO|Is groups None: False 
03-06-2022 07:53:47|INFO|grid.best_params_={'C': 0.01, 'gamma': 1e-09, 'kernel': 'rbf', 'max_iter': 1000}, grid.best_score_=0.7777777777777778, grid.best_index_=0, acc=0.75, time=7.895798683166504
03-06-2022 07:53:47|INFO|Is groups None: False 
03-06-2022 07:53:55|INFO|grid.best_params_={'C': 0.01, 'gamma': 1e-09, 'kernel': 'rbf', 'max_iter': 1000}, grid.best_score_=0.7777777777777778, grid.best_index_=0, acc=0.75, time=8.223184823989868
03-06-2022 07:53:55|INFO|Is groups None: False 
03-06-2022 07:54:03|INFO|grid.best_params_={'C': 0.01, 'gamma': 1e-09, 'kernel': 'rbf', 'max_iter': 1000}, grid.best_score_=0.7777777777777778, grid.best_index_=0, acc=0.75, time=8.236475467681885
03-06-2022 07:54:03|INFO|Is groups None: False 
03-06-2022 07:54:11|INFO|grid.best_params_={'C': 0.01, 'gamma': 1e-09, 'kernel': 'rbf', 'max_iter': 1000}, grid.best_score_=0.7777777777777778, grid.best_index_=0, acc=0.75, time=8.100231409072876
03-06-2022 07:54:11|INFO|Is groups None: False 
03-06-2022 07:54:20|INFO|grid.best_params_={'C': 0.01, 'gamma': 1e-09, 'kernel': 'rbf', 'max_iter': 1000}, grid.best_score_=0.7777777777777778, grid.best_index_=0, acc=0.75, time=8.224601030349731
03-06-2022 07:54:20|INFO|Is groups None: False 
03-06-2022 07:54:28|INFO|grid.best_params_={'C': 0.01, 'gamma': 1e-09, 'kernel': 'rbf', 'max_iter': 1000}, grid.best_score_=0.7777777777777778, grid.best_index_=0, acc=0.75, time=8.147095918655396
03-06-2022 07:54:28|INFO|Is groups None: False 
03-06-2022 07:54:37|INFO|grid.best_params_={'C': 0.01, 'gamma': 1e-09, 'kernel': 'rbf', 'max_iter': 1000}, grid.best_score_=0.75, grid.best_index_=0, acc=1.0, time=8.86399531364441
03-06-2022 07:54:37|INFO|Is groups None: False 
03-06-2022 07:54:45|INFO|grid.best_params_={'C': 0.01, 'gamma': 1e-09, 'kernel': 'rbf', 'max_iter': 1000}, grid.best_score_=0.7777777777777778, grid.best_index_=0, acc=0.75, time=8.125904083251953
03-06-2022 07:54:45|INFO|s20|10-CV=0.77500|STD=0.07500|Time spend=84.71326422691345
03-06-2022 07:54:48|INFO|Running Segment-First
03-06-2022 07:54:48|INFO|X.shape=(2400, 11), y.shape=(2400,), groups.shape=(2400,)
03-06-2022 07:54:48|INFO|Is groups None: False 
03-06-2022 07:54:55|INFO|grid.best_params_={'C': 0.01, 'gamma': 1e-09, 'kernel': 'rbf', 'max_iter': 1000}, grid.best_score_=0.8055555555555556, grid.best_index_=0, acc=0.75, time=7.548698902130127
03-06-2022 07:54:55|INFO|Is groups None: False 
03-06-2022 07:55:03|INFO|grid.best_params_={'C': 0.01, 'gamma': 1e-09, 'kernel': 'rbf', 'max_iter': 1000}, grid.best_score_=0.8055555555555556, grid.best_index_=0, acc=0.75, time=7.305109977722168
03-06-2022 07:55:03|INFO|Is groups None: False 
03-06-2022 07:55:10|INFO|grid.best_params_={'C': 0.01, 'gamma': 1e-09, 'kernel': 'rbf', 'max_iter': 1000}, grid.best_score_=0.8055555555555556, grid.best_index_=0, acc=0.75, time=7.429401636123657
03-06-2022 07:55:10|INFO|Is groups None: False 
03-06-2022 07:55:18|INFO|grid.best_params_={'C': 0.01, 'gamma': 1e-09, 'kernel': 'rbf', 'max_iter': 1000}, grid.best_score_=0.8055555555555556, grid.best_index_=0, acc=0.75, time=7.878127098083496
03-06-2022 07:55:18|INFO|Is groups None: False 
03-06-2022 07:55:26|INFO|grid.best_params_={'C': 0.01, 'gamma': 1e-09, 'kernel': 'rbf', 'max_iter': 1000}, grid.best_score_=0.8055555555555556, grid.best_index_=0, acc=0.75, time=7.874751567840576
03-06-2022 07:55:26|INFO|Is groups None: False 
03-06-2022 07:55:34|INFO|grid.best_params_={'C': 0.01, 'gamma': 1e-09, 'kernel': 'rbf', 'max_iter': 1000}, grid.best_score_=0.8055555555555556, grid.best_index_=0, acc=0.75, time=7.612336874008179
03-06-2022 07:55:34|INFO|Is groups None: False 
03-06-2022 07:55:41|INFO|grid.best_params_={'C': 0.01, 'gamma': 1e-09, 'kernel': 'rbf', 'max_iter': 1000}, grid.best_score_=0.8055555555555556, grid.best_index_=0, acc=0.75, time=7.732556581497192
03-06-2022 07:55:41|INFO|Is groups None: False 
03-06-2022 07:55:50|INFO|grid.best_params_={'C': 0.01, 'gamma': 1e-09, 'kernel': 'rbf', 'max_iter': 1000}, grid.best_score_=0.7777777777777778, grid.best_index_=0, acc=1.0, time=8.374025821685791
03-06-2022 07:55:50|INFO|Is groups None: False 
03-06-2022 07:55:58|INFO|grid.best_params_={'C': 0.01, 'gamma': 1e-09, 'kernel': 'rbf', 'max_iter': 1000}, grid.best_score_=0.7777777777777778, grid.best_index_=0, acc=1.0, time=8.10927438735962
03-06-2022 07:55:58|INFO|Is groups None: False 
03-06-2022 07:56:06|INFO|grid.best_params_={'C': 0.01, 'gamma': 1e-09, 'kernel': 'rbf', 'max_iter': 1000}, grid.best_score_=0.8055555555555556, grid.best_index_=0, acc=0.75, time=7.653774738311768
03-06-2022 07:56:06|INFO|s21|10-CV=0.80000|STD=0.10000|Time spend=80.68070673942566
03-06-2022 07:56:09|INFO|Running Segment-First
03-06-2022 07:56:09|INFO|X.shape=(2400, 11), y.shape=(2400,), groups.shape=(2400,)
03-06-2022 07:56:09|INFO|Is groups None: False 
03-06-2022 07:56:19|INFO|grid.best_params_={'C': 0.01, 'gamma': 1e-09, 'kernel': 'rbf', 'max_iter': 1000}, grid.best_score_=0.6111111111111112, grid.best_index_=0, acc=0.5, time=10.007327795028687
03-06-2022 07:56:19|INFO|Is groups None: False 
03-06-2022 07:56:29|INFO|grid.best_params_={'C': 0.01, 'gamma': 1e-09, 'kernel': 'rbf', 'max_iter': 1000}, grid.best_score_=0.6111111111111112, grid.best_index_=0, acc=0.5, time=10.40830659866333
03-06-2022 07:56:29|INFO|Is groups None: False 
03-06-2022 07:56:41|INFO|grid.best_params_={'C': 0.01, 'gamma': 1e-09, 'kernel': 'rbf', 'max_iter': 1000}, grid.best_score_=0.5833333333333334, grid.best_index_=0, acc=0.75, time=11.266461610794067
03-06-2022 07:56:41|INFO|Is groups None: False 
03-06-2022 07:56:51|INFO|grid.best_params_={'C': 0.01, 'gamma': 1e-09, 'kernel': 'rbf', 'max_iter': 1000}, grid.best_score_=0.6111111111111112, grid.best_index_=0, acc=0.5, time=10.706560850143433
03-06-2022 07:56:51|INFO|Is groups None: False 
03-06-2022 07:57:02|INFO|grid.best_params_={'C': 0.01, 'gamma': 1e-09, 'kernel': 'rbf', 'max_iter': 1000}, grid.best_score_=0.6111111111111112, grid.best_index_=0, acc=0.5, time=10.71980094909668
03-06-2022 07:57:02|INFO|Is groups None: False 
03-06-2022 07:57:13|INFO|grid.best_params_={'C': 0.01, 'gamma': 1e-09, 'kernel': 'rbf', 'max_iter': 1000}, grid.best_score_=0.5833333333333334, grid.best_index_=0, acc=0.75, time=11.060679197311401
03-06-2022 07:57:13|INFO|Is groups None: False 
03-06-2022 07:57:24|INFO|grid.best_params_={'C': 0.01, 'gamma': 1e-09, 'kernel': 'rbf', 'max_iter': 1000}, grid.best_score_=0.6111111111111112, grid.best_index_=0, acc=0.5, time=10.700671911239624
03-06-2022 07:57:24|INFO|Is groups None: False 
03-06-2022 07:57:35|INFO|grid.best_params_={'C': 0.01, 'gamma': 1e-09, 'kernel': 'rbf', 'max_iter': 1000}, grid.best_score_=0.5833333333333334, grid.best_index_=0, acc=0.75, time=11.227431058883667
03-06-2022 07:57:35|INFO|Is groups None: False 
03-06-2022 07:57:46|INFO|grid.best_params_={'C': 100.0, 'gamma': 10.0, 'kernel': 'rbf', 'max_iter': 1000}, grid.best_score_=0.5837962962962963, grid.best_index_=19, acc=0.7166666666666667, time=11.0291006565094
03-06-2022 07:57:46|INFO|Is groups None: False 
03-06-2022 07:57:57|INFO|grid.best_params_={'C': 0.01, 'gamma': 1e-09, 'kernel': 'rbf', 'max_iter': 1000}, grid.best_score_=0.6111111111111112, grid.best_index_=0, acc=0.5, time=10.640001773834229
03-06-2022 07:57:57|INFO|s22|10-CV=0.59667|STD=0.11874|Time spend=111.14745163917542
03-06-2022 07:58:00|INFO|Running Segment-First
03-06-2022 07:58:00|INFO|X.shape=(2400, 11), y.shape=(2400,), groups.shape=(2400,)
03-06-2022 07:58:00|INFO|Is groups None: False 
03-06-2022 07:58:08|INFO|grid.best_params_={'C': 0.01, 'gamma': 1e-09, 'kernel': 'rbf', 'max_iter': 1000}, grid.best_score_=0.75, grid.best_index_=0, acc=0.75, time=8.243626832962036
03-06-2022 07:58:08|INFO|Is groups None: False 
03-06-2022 07:58:16|INFO|grid.best_params_={'C': 0.01, 'gamma': 1e-09, 'kernel': 'rbf', 'max_iter': 1000}, grid.best_score_=0.75, grid.best_index_=0, acc=0.75, time=8.19300389289856
03-06-2022 07:58:16|INFO|Is groups None: False 
03-06-2022 07:58:25|INFO|grid.best_params_={'C': 0.01, 'gamma': 1e-09, 'kernel': 'rbf', 'max_iter': 1000}, grid.best_score_=0.75, grid.best_index_=0, acc=0.75, time=8.491939783096313
03-06-2022 07:58:25|INFO|Is groups None: False 
03-06-2022 07:58:33|INFO|grid.best_params_={'C': 0.01, 'gamma': 1e-09, 'kernel': 'rbf', 'max_iter': 1000}, grid.best_score_=0.75, grid.best_index_=0, acc=0.75, time=8.584677934646606
03-06-2022 07:58:33|INFO|Is groups None: False 
03-06-2022 07:58:42|INFO|grid.best_params_={'C': 0.01, 'gamma': 1e-09, 'kernel': 'rbf', 'max_iter': 1000}, grid.best_score_=0.75, grid.best_index_=0, acc=0.75, time=8.606851816177368
03-06-2022 07:58:42|INFO|Is groups None: False 
03-06-2022 07:58:51|INFO|grid.best_params_={'C': 0.01, 'gamma': 1e-09, 'kernel': 'rbf', 'max_iter': 1000}, grid.best_score_=0.75, grid.best_index_=0, acc=0.75, time=8.607393264770508
03-06-2022 07:58:51|INFO|Is groups None: False 
03-06-2022 07:58:59|INFO|grid.best_params_={'C': 0.01, 'gamma': 1e-09, 'kernel': 'rbf', 'max_iter': 1000}, grid.best_score_=0.75, grid.best_index_=0, acc=0.75, time=8.451237201690674
03-06-2022 07:58:59|INFO|Is groups None: False 
03-06-2022 07:59:08|INFO|grid.best_params_={'C': 0.01, 'gamma': 1e-09, 'kernel': 'rbf', 'max_iter': 1000}, grid.best_score_=0.75, grid.best_index_=0, acc=0.75, time=8.551107406616211
03-06-2022 07:59:08|INFO|Is groups None: False 
03-06-2022 07:59:16|INFO|grid.best_params_={'C': 0.01, 'gamma': 1e-09, 'kernel': 'rbf', 'max_iter': 1000}, grid.best_score_=0.75, grid.best_index_=0, acc=0.75, time=8.653005361557007
03-06-2022 07:59:16|INFO|Is groups None: False 
03-06-2022 07:59:25|INFO|grid.best_params_={'C': 0.01, 'gamma': 1e-09, 'kernel': 'rbf', 'max_iter': 1000}, grid.best_score_=0.75, grid.best_index_=0, acc=0.75, time=8.487234115600586
03-06-2022 07:59:25|INFO|s23|10-CV=0.75000|STD=0.00000|Time spend=88.07555413246155
03-06-2022 07:59:28|INFO|Running Segment-First
03-06-2022 07:59:28|INFO|X.shape=(2400, 11), y.shape=(2400,), groups.shape=(2400,)
03-06-2022 07:59:28|INFO|Is groups None: False 
03-06-2022 07:59:35|INFO|grid.best_params_={'C': 0.01, 'gamma': 1e-09, 'kernel': 'rbf', 'max_iter': 1000}, grid.best_score_=0.8333333333333334, grid.best_index_=0, acc=0.75, time=6.843289613723755
03-06-2022 07:59:35|INFO|Is groups None: False 
03-06-2022 07:59:41|INFO|grid.best_params_={'C': 0.01, 'gamma': 1e-09, 'kernel': 'rbf', 'max_iter': 1000}, grid.best_score_=0.8333333333333334, grid.best_index_=0, acc=0.75, time=6.750150680541992
03-06-2022 07:59:41|INFO|Is groups None: False 
03-06-2022 07:59:48|INFO|grid.best_params_={'C': 0.01, 'gamma': 1e-09, 'kernel': 'rbf', 'max_iter': 1000}, grid.best_score_=0.8333333333333334, grid.best_index_=0, acc=0.75, time=7.033852815628052
03-06-2022 07:59:49|INFO|Is groups None: False 
03-06-2022 07:59:56|INFO|grid.best_params_={'C': 0.01, 'gamma': 1e-09, 'kernel': 'rbf', 'max_iter': 1000}, grid.best_score_=0.8333333333333334, grid.best_index_=0, acc=0.75, time=7.257710218429565
03-06-2022 07:59:56|INFO|Is groups None: False 
03-06-2022 08:00:03|INFO|grid.best_params_={'C': 0.01, 'gamma': 1e-09, 'kernel': 'rbf', 'max_iter': 1000}, grid.best_score_=0.8333333333333334, grid.best_index_=0, acc=0.75, time=7.1388819217681885
03-06-2022 08:00:03|INFO|Is groups None: False 
03-06-2022 08:00:11|INFO|grid.best_params_={'C': 0.01, 'gamma': 1e-09, 'kernel': 'rbf', 'max_iter': 1000}, grid.best_score_=0.8055555555555556, grid.best_index_=0, acc=1.0, time=7.591587066650391
03-06-2022 08:00:11|INFO|Is groups None: False 
03-06-2022 08:00:18|INFO|grid.best_params_={'C': 0.01, 'gamma': 1e-09, 'kernel': 'rbf', 'max_iter': 1000}, grid.best_score_=0.8055555555555556, grid.best_index_=0, acc=1.0, time=7.597553253173828
03-06-2022 08:00:18|INFO|Is groups None: False 
03-06-2022 08:00:26|INFO|grid.best_params_={'C': 0.01, 'gamma': 1e-09, 'kernel': 'rbf', 'max_iter': 1000}, grid.best_score_=0.8333333333333334, grid.best_index_=0, acc=0.75, time=7.401796340942383
03-06-2022 08:00:26|INFO|Is groups None: False 
03-06-2022 08:00:33|INFO|grid.best_params_={'C': 0.01, 'gamma': 1e-09, 'kernel': 'rbf', 'max_iter': 1000}, grid.best_score_=0.8055555555555556, grid.best_index_=0, acc=1.0, time=7.6202170848846436
03-06-2022 08:00:33|INFO|Is groups None: False 
03-06-2022 08:00:40|INFO|grid.best_params_={'C': 0.01, 'gamma': 1e-09, 'kernel': 'rbf', 'max_iter': 1000}, grid.best_score_=0.8333333333333334, grid.best_index_=0, acc=0.75, time=7.031515836715698
03-06-2022 08:00:40|INFO|s24|10-CV=0.82500|STD=0.11456|Time spend=75.43424439430237
03-06-2022 08:00:43|INFO|Running Segment-First
03-06-2022 08:00:43|INFO|X.shape=(2400, 11), y.shape=(2400,), groups.shape=(2400,)
03-06-2022 08:00:43|INFO|Is groups None: False 
03-06-2022 08:00:52|INFO|grid.best_params_={'C': 0.01, 'gamma': 1e-09, 'kernel': 'rbf', 'max_iter': 1000}, grid.best_score_=0.7222222222222222, grid.best_index_=0, acc=0.75, time=8.631455183029175
03-06-2022 08:00:52|INFO|Is groups None: False 
03-06-2022 08:01:01|INFO|grid.best_params_={'C': 0.01, 'gamma': 1e-09, 'kernel': 'rbf', 'max_iter': 1000}, grid.best_score_=0.7222222222222222, grid.best_index_=0, acc=0.75, time=8.817105770111084
03-06-2022 08:01:01|INFO|Is groups None: False 
03-06-2022 08:01:10|INFO|grid.best_params_={'C': 0.01, 'gamma': 1e-09, 'kernel': 'rbf', 'max_iter': 1000}, grid.best_score_=0.7222222222222222, grid.best_index_=0, acc=0.75, time=9.083856582641602
03-06-2022 08:01:10|INFO|Is groups None: False 
03-06-2022 08:01:19|INFO|grid.best_params_={'C': 0.01, 'gamma': 1e-09, 'kernel': 'rbf', 'max_iter': 1000}, grid.best_score_=0.7222222222222222, grid.best_index_=0, acc=0.75, time=9.204634428024292
03-06-2022 08:01:19|INFO|Is groups None: False 
03-06-2022 08:01:28|INFO|grid.best_params_={'C': 0.01, 'gamma': 1e-09, 'kernel': 'rbf', 'max_iter': 1000}, grid.best_score_=0.7222222222222222, grid.best_index_=0, acc=0.75, time=9.145997524261475
03-06-2022 08:01:28|INFO|Is groups None: False 
03-06-2022 08:01:37|INFO|grid.best_params_={'C': 0.01, 'gamma': 1e-09, 'kernel': 'rbf', 'max_iter': 1000}, grid.best_score_=0.7222222222222222, grid.best_index_=0, acc=0.75, time=8.95153260231018
03-06-2022 08:01:37|INFO|Is groups None: False 
03-06-2022 08:01:46|INFO|grid.best_params_={'C': 0.01, 'gamma': 1e-09, 'kernel': 'rbf', 'max_iter': 1000}, grid.best_score_=0.7222222222222222, grid.best_index_=0, acc=0.75, time=8.99006962776184
03-06-2022 08:01:46|INFO|Is groups None: False 
03-06-2022 08:01:55|INFO|grid.best_params_={'C': 0.01, 'gamma': 1e-09, 'kernel': 'rbf', 'max_iter': 1000}, grid.best_score_=0.7222222222222222, grid.best_index_=0, acc=0.75, time=9.029555082321167
03-06-2022 08:01:55|INFO|Is groups None: False 
03-06-2022 08:02:04|INFO|grid.best_params_={'C': 0.01, 'gamma': 1e-09, 'kernel': 'rbf', 'max_iter': 1000}, grid.best_score_=0.7222222222222222, grid.best_index_=0, acc=0.75, time=9.059221029281616
03-06-2022 08:02:04|INFO|Is groups None: False 
03-06-2022 08:02:13|INFO|grid.best_params_={'C': 0.01, 'gamma': 1e-09, 'kernel': 'rbf', 'max_iter': 1000}, grid.best_score_=0.75, grid.best_index_=0, acc=0.5, time=8.694213628768921
03-06-2022 08:02:13|INFO|s25|10-CV=0.72500|STD=0.07500|Time spend=92.62607669830322
03-06-2022 08:02:16|INFO|Running Segment-First
03-06-2022 08:02:16|INFO|X.shape=(2400, 11), y.shape=(2400,), groups.shape=(2400,)
03-06-2022 08:02:16|INFO|Is groups None: False 
03-06-2022 08:02:27|INFO|grid.best_params_={'C': 0.01, 'gamma': 1e-09, 'kernel': 'rbf', 'max_iter': 1000}, grid.best_score_=0.5833333333333334, grid.best_index_=0, acc=0.5, time=10.931600093841553
03-06-2022 08:02:27|INFO|Is groups None: False 
03-06-2022 08:02:38|INFO|grid.best_params_={'C': 1000000.0, 'gamma': 1e-09, 'kernel': 'rbf', 'max_iter': 1000}, grid.best_score_=0.5847222222222221, grid.best_index_=28, acc=0.49583333333333335, time=11.080679655075073
03-06-2022 08:02:38|INFO|Is groups None: False 
03-06-2022 08:02:49|INFO|grid.best_params_={'C': 0.01, 'gamma': 1e-09, 'kernel': 'rbf', 'max_iter': 1000}, grid.best_score_=0.5833333333333334, grid.best_index_=0, acc=0.5, time=11.430305004119873
03-06-2022 08:02:50|INFO|Is groups None: False 
03-06-2022 08:03:01|INFO|grid.best_params_={'C': 0.01, 'gamma': 1e-09, 'kernel': 'rbf', 'max_iter': 1000}, grid.best_score_=0.5833333333333334, grid.best_index_=0, acc=0.5, time=11.36549425125122
03-06-2022 08:03:01|INFO|Is groups None: False 
03-06-2022 08:03:13|INFO|grid.best_params_={'C': 0.01, 'gamma': 1e-09, 'kernel': 'rbf', 'max_iter': 1000}, grid.best_score_=0.5555555555555556, grid.best_index_=0, acc=0.75, time=11.677420616149902
03-06-2022 08:03:13|INFO|Is groups None: False 
03-06-2022 08:03:24|INFO|grid.best_params_={'C': 0.01, 'gamma': 1e-09, 'kernel': 'rbf', 'max_iter': 1000}, grid.best_score_=0.5833333333333334, grid.best_index_=0, acc=0.5, time=11.328453779220581
03-06-2022 08:03:24|INFO|Is groups None: False 
03-06-2022 08:03:35|INFO|grid.best_params_={'C': 0.01, 'gamma': 1e-09, 'kernel': 'rbf', 'max_iter': 1000}, grid.best_score_=0.5833333333333334, grid.best_index_=0, acc=0.5, time=11.267590284347534
03-06-2022 08:03:35|INFO|Is groups None: False 
03-06-2022 08:03:47|INFO|grid.best_params_={'C': 1000000.0, 'gamma': 1e-09, 'kernel': 'rbf', 'max_iter': 1000}, grid.best_score_=0.5560185185185185, grid.best_index_=28, acc=0.7375, time=11.648805618286133
03-06-2022 08:03:47|INFO|Is groups None: False 
03-06-2022 08:03:58|INFO|grid.best_params_={'C': 0.01, 'gamma': 1e-09, 'kernel': 'rbf', 'max_iter': 1000}, grid.best_score_=0.5833333333333334, grid.best_index_=0, acc=0.5, time=11.352361679077148
03-06-2022 08:03:58|INFO|Is groups None: False 
03-06-2022 08:04:10|INFO|grid.best_params_={'C': 0.01, 'gamma': 1e-09, 'kernel': 'rbf', 'max_iter': 1000}, grid.best_score_=0.5555555555555556, grid.best_index_=0, acc=0.75, time=11.74639892578125
03-06-2022 08:04:10|INFO|s26|10-CV=0.57333|STD=0.11298|Time spend=117.12841486930847
03-06-2022 08:04:13|INFO|Running Segment-First
03-06-2022 08:04:13|INFO|X.shape=(2400, 11), y.shape=(2400,), groups.shape=(2400,)
03-06-2022 08:04:13|INFO|Is groups None: False 
03-06-2022 08:04:23|INFO|grid.best_params_={'C': 1000000.0, 'gamma': 1e-09, 'kernel': 'rbf', 'max_iter': 1000}, grid.best_score_=0.6694444444444444, grid.best_index_=28, acc=0.75, time=9.659218311309814
03-06-2022 08:04:23|INFO|Is groups None: False 
03-06-2022 08:04:33|INFO|grid.best_params_={'C': 0.01, 'gamma': 1e-09, 'kernel': 'rbf', 'max_iter': 1000}, grid.best_score_=0.6666666666666666, grid.best_index_=0, acc=0.75, time=9.7423677444458
03-06-2022 08:04:33|INFO|Is groups None: False 
03-06-2022 08:04:43|INFO|grid.best_params_={'C': 100000000.0, 'gamma': 1e-09, 'kernel': 'rbf', 'max_iter': 1000}, grid.best_score_=0.6671296296296296, grid.best_index_=35, acc=0.75, time=10.158091068267822
03-06-2022 08:04:43|INFO|Is groups None: False 
03-06-2022 08:04:53|INFO|grid.best_params_={'C': 1000000.0, 'gamma': 1e-09, 'kernel': 'rbf', 'max_iter': 1000}, grid.best_score_=0.6689814814814814, grid.best_index_=28, acc=0.7583333333333333, time=10.14177393913269
03-06-2022 08:04:53|INFO|Is groups None: False 
03-06-2022 08:05:03|INFO|grid.best_params_={'C': 0.01, 'gamma': 1e-09, 'kernel': 'rbf', 'max_iter': 1000}, grid.best_score_=0.6666666666666666, grid.best_index_=0, acc=0.75, time=10.173325300216675
03-06-2022 08:05:03|INFO|Is groups None: False 
03-06-2022 08:05:13|INFO|grid.best_params_={'C': 0.01, 'gamma': 1e-09, 'kernel': 'rbf', 'max_iter': 1000}, grid.best_score_=0.6944444444444444, grid.best_index_=0, acc=0.5, time=9.818034887313843
03-06-2022 08:05:13|INFO|Is groups None: False 
03-06-2022 08:05:22|INFO|grid.best_params_={'C': 100000000.0, 'gamma': 1e-09, 'kernel': 'rbf', 'max_iter': 1000}, grid.best_score_=0.6953703703703703, grid.best_index_=35, acc=0.5, time=9.585572957992554
03-06-2022 08:05:22|INFO|Is groups None: False 
03-06-2022 08:05:33|INFO|grid.best_params_={'C': 0.01, 'gamma': 1e-09, 'kernel': 'rbf', 'max_iter': 1000}, grid.best_score_=0.6666666666666666, grid.best_index_=0, acc=0.75, time=10.279606103897095
03-06-2022 08:05:33|INFO|Is groups None: False 
03-06-2022 08:05:42|INFO|grid.best_params_={'C': 0.01, 'gamma': 1e-09, 'kernel': 'rbf', 'max_iter': 1000}, grid.best_score_=0.6944444444444444, grid.best_index_=0, acc=0.5, time=9.678172588348389
03-06-2022 08:05:42|INFO|Is groups None: False 
03-06-2022 08:05:52|INFO|grid.best_params_={'C': 100.0, 'gamma': 0.001, 'kernel': 'rbf', 'max_iter': 1000}, grid.best_score_=0.6671296296296296, grid.best_index_=17, acc=0.75, time=10.026617527008057
03-06-2022 08:05:52|INFO|s27|10-CV=0.67583|STD=0.11514|Time spend=102.51389813423157
03-06-2022 08:05:56|INFO|Running Segment-First
03-06-2022 08:05:56|INFO|X.shape=(2400, 11), y.shape=(2400,), groups.shape=(2400,)
03-06-2022 08:05:56|INFO|Is groups None: False 
03-06-2022 08:06:07|INFO|grid.best_params_={'C': 1.0, 'gamma': 10.0, 'kernel': 'rbf', 'max_iter': 1000}, grid.best_score_=0.5458333333333333, grid.best_index_=12, acc=0.5, time=11.141171216964722
03-06-2022 08:06:07|INFO|Is groups None: False 
03-06-2022 08:06:18|INFO|grid.best_params_={'C': 1.0, 'gamma': 10.0, 'kernel': 'rbf', 'max_iter': 1000}, grid.best_score_=0.5439814814814815, grid.best_index_=12, acc=0.5083333333333333, time=11.394633769989014
03-06-2022 08:06:18|INFO|Is groups None: False 
03-06-2022 08:06:30|INFO|grid.best_params_={'C': 1.0, 'gamma': 10.0, 'kernel': 'rbf', 'max_iter': 1000}, grid.best_score_=0.5439814814814815, grid.best_index_=12, acc=0.5, time=11.887180089950562
03-06-2022 08:06:30|INFO|Is groups None: False 
03-06-2022 08:06:42|INFO|grid.best_params_={'C': 100.0, 'gamma': 10.0, 'kernel': 'rbf', 'max_iter': 1000}, grid.best_score_=0.5453703703703704, grid.best_index_=19, acc=0.5, time=11.658560752868652
03-06-2022 08:06:42|INFO|Is groups None: False 
03-06-2022 08:06:53|INFO|grid.best_params_={'C': 0.01, 'gamma': 10.0, 'kernel': 'rbf', 'max_iter': 1000}, grid.best_score_=0.5550925925925926, grid.best_index_=5, acc=0.5, time=11.608091592788696
03-06-2022 08:06:53|INFO|Is groups None: False 
03-06-2022 08:07:05|INFO|grid.best_params_={'C': 0.01, 'gamma': 1e-09, 'kernel': 'rbf', 'max_iter': 1000}, grid.best_score_=0.5555555555555556, grid.best_index_=0, acc=0.5, time=11.675032377243042
03-06-2022 08:07:05|INFO|Is groups None: False 
03-06-2022 08:07:17|INFO|grid.best_params_={'C': 1.0, 'gamma': 10.0, 'kernel': 'rbf', 'max_iter': 1000}, grid.best_score_=0.5231481481481481, grid.best_index_=12, acc=0.6166666666666667, time=11.89963960647583
03-06-2022 08:07:17|INFO|Is groups None: False 
03-06-2022 08:07:29|INFO|grid.best_params_={'C': 100.0, 'gamma': 10.0, 'kernel': 'rbf', 'max_iter': 1000}, grid.best_score_=0.5569444444444444, grid.best_index_=19, acc=0.49583333333333335, time=11.673476219177246
03-06-2022 08:07:29|INFO|Is groups None: False 
03-06-2022 08:07:40|INFO|grid.best_params_={'C': 10000.0, 'gamma': 0.1, 'kernel': 'rbf', 'max_iter': 1000}, grid.best_score_=0.5154012345679012, grid.best_index_=25, acc=0.5833333333333334, time=11.884156227111816
03-06-2022 08:07:41|INFO|Is groups None: False 
03-06-2022 08:07:52|INFO|grid.best_params_={'C': 100000000.0, 'gamma': 1e-05, 'kernel': 'rbf', 'max_iter': 1000}, grid.best_score_=0.5509259259259259, grid.best_index_=37, acc=0.3958333333333333, time=11.422157764434814
03-06-2022 08:07:52|INFO|s28|10-CV=0.51000|STD=0.05522|Time spend=119.46861219406128
03-06-2022 08:07:55|INFO|Running Segment-First
03-06-2022 08:07:55|INFO|X.shape=(2400, 11), y.shape=(2400,), groups.shape=(2400,)
03-06-2022 08:07:55|INFO|Is groups None: False 
03-06-2022 08:08:05|INFO|grid.best_params_={'C': 0.01, 'gamma': 1e-09, 'kernel': 'rbf', 'max_iter': 1000}, grid.best_score_=0.6111111111111112, grid.best_index_=0, acc=0.75, time=10.312984943389893
03-06-2022 08:08:05|INFO|Is groups None: False 
03-06-2022 08:08:16|INFO|grid.best_params_={'C': 0.01, 'gamma': 1e-09, 'kernel': 'rbf', 'max_iter': 1000}, grid.best_score_=0.6111111111111112, grid.best_index_=0, acc=0.75, time=10.61477518081665
03-06-2022 08:08:16|INFO|Is groups None: False 
03-06-2022 08:08:27|INFO|grid.best_params_={'C': 0.01, 'gamma': 1e-09, 'kernel': 'rbf', 'max_iter': 1000}, grid.best_score_=0.6111111111111112, grid.best_index_=0, acc=0.75, time=11.246680736541748
03-06-2022 08:08:27|INFO|Is groups None: False 
03-06-2022 08:08:38|INFO|grid.best_params_={'C': 0.01, 'gamma': 1e-09, 'kernel': 'rbf', 'max_iter': 1000}, grid.best_score_=0.6388888888888888, grid.best_index_=0, acc=0.5, time=10.554047584533691
03-06-2022 08:08:38|INFO|Is groups None: False 
03-06-2022 08:08:48|INFO|grid.best_params_={'C': 0.01, 'gamma': 1e-09, 'kernel': 'rbf', 'max_iter': 1000}, grid.best_score_=0.6388888888888888, grid.best_index_=0, acc=0.5, time=10.519640922546387
03-06-2022 08:08:48|INFO|Is groups None: False 
03-06-2022 08:08:59|INFO|grid.best_params_={'C': 0.01, 'gamma': 1e-09, 'kernel': 'rbf', 'max_iter': 1000}, grid.best_score_=0.6388888888888888, grid.best_index_=0, acc=0.5, time=10.494546890258789
03-06-2022 08:08:59|INFO|Is groups None: False 
03-06-2022 08:09:09|INFO|grid.best_params_={'C': 0.01, 'gamma': 1e-09, 'kernel': 'rbf', 'max_iter': 1000}, grid.best_score_=0.6388888888888888, grid.best_index_=0, acc=0.5, time=10.540206909179688
03-06-2022 08:09:10|INFO|Is groups None: False 
03-06-2022 08:09:20|INFO|grid.best_params_={'C': 0.01, 'gamma': 1e-09, 'kernel': 'rbf', 'max_iter': 1000}, grid.best_score_=0.6388888888888888, grid.best_index_=0, acc=0.5, time=10.55283784866333
03-06-2022 08:09:20|INFO|Is groups None: False 
03-06-2022 08:09:31|INFO|grid.best_params_={'C': 0.01, 'gamma': 1e-09, 'kernel': 'rbf', 'max_iter': 1000}, grid.best_score_=0.6111111111111112, grid.best_index_=0, acc=0.75, time=11.038153648376465
03-06-2022 08:09:31|INFO|Is groups None: False 
03-06-2022 08:09:42|INFO|grid.best_params_={'C': 0.01, 'gamma': 1e-09, 'kernel': 'rbf', 'max_iter': 1000}, grid.best_score_=0.6111111111111112, grid.best_index_=0, acc=0.75, time=10.87535047531128
03-06-2022 08:09:42|INFO|s29|10-CV=0.62500|STD=0.12500|Time spend=110.06080055236816
03-06-2022 08:09:45|INFO|Running Segment-First
03-06-2022 08:09:45|INFO|X.shape=(2400, 11), y.shape=(2400,), groups.shape=(2400,)
03-06-2022 08:09:45|INFO|Is groups None: False 
03-06-2022 08:09:57|INFO|grid.best_params_={'C': 0.01, 'gamma': 10.0, 'kernel': 'rbf', 'max_iter': 1000}, grid.best_score_=0.5273148148148148, grid.best_index_=5, acc=0.5041666666666667, time=11.433875322341919
03-06-2022 08:09:57|INFO|Is groups None: False 
03-06-2022 08:10:08|INFO|grid.best_params_={'C': 0.01, 'gamma': 10.0, 'kernel': 'rbf', 'max_iter': 1000}, grid.best_score_=0.5277777777777778, grid.best_index_=5, acc=0.48333333333333334, time=11.576852560043335
03-06-2022 08:10:08|INFO|Is groups None: False 
03-06-2022 08:10:50|INFO|grid.best_params_={'C': 10000.0, 'gamma': 0.001, 'kernel': 'rbf', 'max_iter': 1000}, grid.best_score_=0.49629629629629624, grid.best_index_=24, acc=0.4125, time=42.17708706855774
03-06-2022 08:10:50|INFO|Is groups None: False 
03-06-2022 08:11:02|INFO|grid.best_params_={'C': 10000000000.0, 'gamma': 1e-07, 'kernel': 'rbf', 'max_iter': 1000}, grid.best_score_=0.48750000000000004, grid.best_index_=43, acc=0.4375, time=11.668546676635742
03-06-2022 08:11:02|INFO|Is groups None: False 
03-06-2022 08:11:53|INFO|grid.best_params_={'C': 0.01, 'gamma': 10.0, 'kernel': 'rbf', 'max_iter': 1000}, grid.best_score_=0.5268518518518519, grid.best_index_=5, acc=0.49583333333333335, time=50.88524866104126
03-06-2022 08:11:53|INFO|Is groups None: False 
03-06-2022 08:12:46|INFO|grid.best_params_={'C': 0.01, 'gamma': 10.0, 'kernel': 'rbf', 'max_iter': 1000}, grid.best_score_=0.5273148148148148, grid.best_index_=5, acc=0.5041666666666667, time=53.522995948791504
03-06-2022 08:12:46|INFO|Is groups None: False 
03-06-2022 08:12:58|INFO|grid.best_params_={'C': 10000.0, 'gamma': 0.1, 'kernel': 'rbf', 'max_iter': 1000}, grid.best_score_=0.5087962962962962, grid.best_index_=25, acc=0.5458333333333333, time=11.591885089874268
03-06-2022 08:12:58|INFO|Is groups None: False 
03-06-2022 08:13:50|INFO|grid.best_params_={'C': 100.0, 'gamma': 0.1, 'kernel': 'rbf', 'max_iter': 1000}, grid.best_score_=0.4898148148148148, grid.best_index_=18, acc=0.5, time=52.48615026473999
03-06-2022 08:13:50|INFO|Is groups None: False 
03-06-2022 08:14:02|INFO|grid.best_params_={'C': 0.01, 'gamma': 10.0, 'kernel': 'rbf', 'max_iter': 1000}, grid.best_score_=0.5263888888888889, grid.best_index_=5, acc=0.5166666666666667, time=11.771687269210815
03-06-2022 08:14:02|INFO|Is groups None: False 
03-06-2022 08:14:14|INFO|grid.best_params_={'C': 0.01, 'gamma': 10.0, 'kernel': 'rbf', 'max_iter': 1000}, grid.best_score_=0.5263888888888889, grid.best_index_=5, acc=0.5083333333333333, time=11.630510330200195
03-06-2022 08:14:14|INFO|s30|10-CV=0.49083|STD=0.03674|Time spend=271.91927456855774
03-06-2022 08:14:17|INFO|Running Segment-First
03-06-2022 08:14:17|INFO|X.shape=(2400, 11), y.shape=(2400,), groups.shape=(2400,)
03-06-2022 08:14:17|INFO|Is groups None: False 
03-06-2022 08:14:29|INFO|grid.best_params_={'C': 1000000.0, 'gamma': 1e-07, 'kernel': 'rbf', 'max_iter': 1000}, grid.best_score_=0.5685185185185184, grid.best_index_=29, acc=0.5375, time=11.53384017944336
03-06-2022 08:14:29|INFO|Is groups None: False 
03-06-2022 08:14:40|INFO|grid.best_params_={'C': 10000.0, 'gamma': 1e-05, 'kernel': 'rbf', 'max_iter': 1000}, grid.best_score_=0.5574074074074074, grid.best_index_=23, acc=0.5916666666666667, time=11.599555492401123
03-06-2022 08:14:40|INFO|Is groups None: False 
03-06-2022 08:14:52|INFO|grid.best_params_={'C': 1000000.0, 'gamma': 1e-07, 'kernel': 'rbf', 'max_iter': 1000}, grid.best_score_=0.5842592592592593, grid.best_index_=29, acc=0.55, time=11.57152247428894
03-06-2022 08:14:52|INFO|Is groups None: False 
03-06-2022 08:15:03|INFO|grid.best_params_={'C': 100.0, 'gamma': 0.001, 'kernel': 'rbf', 'max_iter': 1000}, grid.best_score_=0.5652777777777778, grid.best_index_=17, acc=0.475, time=11.324215650558472
03-06-2022 08:15:03|INFO|Is groups None: False 
03-06-2022 08:15:15|INFO|grid.best_params_={'C': 1000000.0, 'gamma': 1e-07, 'kernel': 'rbf', 'max_iter': 1000}, grid.best_score_=0.5671296296296295, grid.best_index_=29, acc=0.475, time=11.3366117477417
03-06-2022 08:15:15|INFO|Is groups None: False 
03-06-2022 08:15:26|INFO|grid.best_params_={'C': 1000000.0, 'gamma': 1e-07, 'kernel': 'rbf', 'max_iter': 1000}, grid.best_score_=0.5582098765432097, grid.best_index_=29, acc=0.625, time=11.32207703590393
03-06-2022 08:15:26|INFO|Is groups None: False 
03-06-2022 08:15:37|INFO|grid.best_params_={'C': 10000.0, 'gamma': 1e-05, 'kernel': 'rbf', 'max_iter': 1000}, grid.best_score_=0.5587962962962963, grid.best_index_=23, acc=0.6416666666666667, time=11.578957319259644
03-06-2022 08:15:37|INFO|Is groups None: False 
03-06-2022 08:15:49|INFO|grid.best_params_={'C': 1000000.0, 'gamma': 0.001, 'kernel': 'rbf', 'max_iter': 1000}, grid.best_score_=0.5476851851851852, grid.best_index_=31, acc=0.5833333333333334, time=11.371896505355835
03-06-2022 08:15:49|INFO|Is groups None: False 
03-06-2022 08:16:00|INFO|grid.best_params_={'C': 1000000.0, 'gamma': 1e-07, 'kernel': 'rbf', 'max_iter': 1000}, grid.best_score_=0.5472222222222223, grid.best_index_=29, acc=0.6541666666666667, time=11.526285171508789
03-06-2022 08:16:00|INFO|Is groups None: False 
03-06-2022 08:16:12|INFO|grid.best_params_={'C': 10000.0, 'gamma': 1e-05, 'kernel': 'rbf', 'max_iter': 1000}, grid.best_score_=0.5472222222222222, grid.best_index_=23, acc=0.6333333333333333, time=11.350811004638672
03-06-2022 08:16:12|INFO|s31|10-CV=0.57667|STD=0.06242|Time spend=117.83707571029663
03-06-2022 08:16:15|INFO|Running Segment-First
03-06-2022 08:16:15|INFO|X.shape=(2400, 11), y.shape=(2400,), groups.shape=(2400,)
03-06-2022 08:16:15|INFO|Is groups None: False 
03-06-2022 08:16:25|INFO|grid.best_params_={'C': 0.01, 'gamma': 1e-09, 'kernel': 'rbf', 'max_iter': 1000}, grid.best_score_=0.6666666666666666, grid.best_index_=0, acc=0.75, time=9.623355388641357
03-06-2022 08:16:25|INFO|Is groups None: False 
03-06-2022 08:16:34|INFO|grid.best_params_={'C': 0.01, 'gamma': 1e-09, 'kernel': 'rbf', 'max_iter': 1000}, grid.best_score_=0.6944444444444444, grid.best_index_=0, acc=0.5, time=9.197344541549683
03-06-2022 08:16:34|INFO|Is groups None: False 
03-06-2022 08:16:44|INFO|grid.best_params_={'C': 0.01, 'gamma': 1e-09, 'kernel': 'rbf', 'max_iter': 1000}, grid.best_score_=0.6666666666666666, grid.best_index_=0, acc=0.75, time=9.720126152038574
03-06-2022 08:16:44|INFO|Is groups None: False 
03-06-2022 08:16:53|INFO|grid.best_params_={'C': 0.01, 'gamma': 1e-09, 'kernel': 'rbf', 'max_iter': 1000}, grid.best_score_=0.6666666666666666, grid.best_index_=0, acc=0.75, time=9.676597356796265
03-06-2022 08:16:53|INFO|Is groups None: False 
03-06-2022 08:17:03|INFO|grid.best_params_={'C': 1000000.0, 'gamma': 1e-09, 'kernel': 'rbf', 'max_iter': 1000}, grid.best_score_=0.6763888888888889, grid.best_index_=28, acc=0.75, time=9.592303991317749
03-06-2022 08:17:03|INFO|Is groups None: False 
03-06-2022 08:17:13|INFO|grid.best_params_={'C': 0.01, 'gamma': 1e-09, 'kernel': 'rbf', 'max_iter': 1000}, grid.best_score_=0.6666666666666666, grid.best_index_=0, acc=0.75, time=9.735630989074707
03-06-2022 08:17:13|INFO|Is groups None: False 
03-06-2022 08:17:22|INFO|grid.best_params_={'C': 10000000000.0, 'gamma': 1e-09, 'kernel': 'rbf', 'max_iter': 1000}, grid.best_score_=0.7018518518518518, grid.best_index_=42, acc=0.5, time=9.24220061302185
03-06-2022 08:17:22|INFO|Is groups None: False 
03-06-2022 08:17:32|INFO|grid.best_params_={'C': 100000000.0, 'gamma': 1e-09, 'kernel': 'rbf', 'max_iter': 1000}, grid.best_score_=0.6745370370370369, grid.best_index_=35, acc=0.75, time=9.579615592956543
03-06-2022 08:17:32|INFO|Is groups None: False 
03-06-2022 08:17:41|INFO|grid.best_params_={'C': 0.01, 'gamma': 1e-09, 'kernel': 'rbf', 'max_iter': 1000}, grid.best_score_=0.6666666666666666, grid.best_index_=0, acc=0.75, time=9.75667667388916
03-06-2022 08:17:41|INFO|Is groups None: False 
03-06-2022 08:17:51|INFO|grid.best_params_={'C': 0.01, 'gamma': 1e-09, 'kernel': 'rbf', 'max_iter': 1000}, grid.best_score_=0.6944444444444444, grid.best_index_=0, acc=0.5, time=9.608017444610596
03-06-2022 08:17:51|INFO|s32|10-CV=0.67500|STD=0.11456|Time spend=99.13699865341187
03-06-2022 08:17:51|INFO|final|10-CV=0.64229|STD=0.03096
