03-06-2022 06:32:34|INFO|
    Running Command: 
        python3 main-ml.py --subject_setup dependent --experimental_setup trial --stimuli_class arousal --preprocessing DCAU --segment_lenght 12 --output_log ./output/dependent-trial-arousal-DCAU-12.log
    Starting training:
        segment_lenght:  12
        output_log:      ./output/dependent-trial-arousal-DCAU-12.log
        stimuli_class:   arousal
        preprocessing:   DCAU
        subject_setup:   dependent
        experimental_setup: trial
    
03-06-2022 06:32:40|INFO|Running Segment-First
03-06-2022 06:32:40|INFO|X.shape=(200, 11), y.shape=(200,), groups.shape=(200,)
03-06-2022 06:32:40|INFO|Is groups None: False 
03-06-2022 06:33:01|INFO|grid.best_params_={'C': 0.01, 'gamma': 1e-09, 'kernel': 'rbf', 'max_iter': 1000}, grid.best_score_=0.6111111111111112, grid.best_index_=0, acc=0.5, time=21.153587102890015
03-06-2022 06:33:01|INFO|Is groups None: False 
03-06-2022 06:33:02|INFO|grid.best_params_={'C': 0.01, 'gamma': 1e-09, 'kernel': 'rbf', 'max_iter': 1000}, grid.best_score_=0.6111111111111112, grid.best_index_=0, acc=0.5, time=0.3988211154937744
03-06-2022 06:33:02|INFO|Is groups None: False 
03-06-2022 06:33:02|INFO|grid.best_params_={'C': 0.01, 'gamma': 1e-09, 'kernel': 'rbf', 'max_iter': 1000}, grid.best_score_=0.6111111111111112, grid.best_index_=0, acc=0.5, time=0.31188416481018066
03-06-2022 06:33:02|INFO|Is groups None: False 
03-06-2022 06:33:02|INFO|grid.best_params_={'C': 1000000.0, 'gamma': 1e-05, 'kernel': 'rbf', 'max_iter': 1000}, grid.best_score_=0.588888888888889, grid.best_index_=30, acc=0.55, time=0.33442139625549316
03-06-2022 06:33:02|INFO|Is groups None: False 
03-06-2022 06:33:03|INFO|grid.best_params_={'C': 0.01, 'gamma': 1e-09, 'kernel': 'rbf', 'max_iter': 1000}, grid.best_score_=0.5833333333333334, grid.best_index_=0, acc=0.75, time=0.2776048183441162
03-06-2022 06:33:03|INFO|Is groups None: False 
03-06-2022 06:33:44|INFO|grid.best_params_={'C': 0.01, 'gamma': 1e-09, 'kernel': 'rbf', 'max_iter': 1000}, grid.best_score_=0.5833333333333334, grid.best_index_=0, acc=0.75, time=41.440266370773315
03-06-2022 06:33:44|INFO|Is groups None: False 
03-06-2022 06:33:44|INFO|grid.best_params_={'C': 0.01, 'gamma': 1e-09, 'kernel': 'rbf', 'max_iter': 1000}, grid.best_score_=0.6111111111111112, grid.best_index_=0, acc=0.5, time=0.37542271614074707
03-06-2022 06:33:44|INFO|Is groups None: False 
03-06-2022 06:33:45|INFO|grid.best_params_={'C': 0.01, 'gamma': 1e-09, 'kernel': 'rbf', 'max_iter': 1000}, grid.best_score_=0.6111111111111112, grid.best_index_=0, acc=0.5, time=0.29729342460632324
03-06-2022 06:33:45|INFO|Is groups None: False 
03-06-2022 06:33:45|INFO|grid.best_params_={'C': 0.01, 'gamma': 1e-09, 'kernel': 'rbf', 'max_iter': 1000}, grid.best_score_=0.6111111111111112, grid.best_index_=0, acc=0.5, time=0.29856204986572266
03-06-2022 06:33:45|INFO|Is groups None: False 
03-06-2022 06:33:45|INFO|grid.best_params_={'C': 0.01, 'gamma': 1e-09, 'kernel': 'rbf', 'max_iter': 1000}, grid.best_score_=0.5833333333333334, grid.best_index_=0, acc=0.75, time=0.35947227478027344
03-06-2022 06:33:45|INFO|s01|10-CV=0.58000|STD=0.11225|Time spend=71.80397629737854
03-06-2022 06:33:46|INFO|Running Segment-First
03-06-2022 06:33:46|INFO|X.shape=(200, 11), y.shape=(200,), groups.shape=(200,)
03-06-2022 06:33:46|INFO|Is groups None: False 
03-06-2022 06:33:46|INFO|grid.best_params_={'C': 0.01, 'gamma': 1e-09, 'kernel': 'rbf', 'max_iter': 1000}, grid.best_score_=0.6111111111111112, grid.best_index_=0, acc=0.5, time=0.41933298110961914
03-06-2022 06:33:46|INFO|Is groups None: False 
03-06-2022 06:33:47|INFO|grid.best_params_={'C': 0.01, 'gamma': 1e-09, 'kernel': 'rbf', 'max_iter': 1000}, grid.best_score_=0.5833333333333334, grid.best_index_=0, acc=0.75, time=0.3112046718597412
03-06-2022 06:33:47|INFO|Is groups None: False 
03-06-2022 06:33:47|INFO|grid.best_params_={'C': 0.01, 'gamma': 1e-09, 'kernel': 'rbf', 'max_iter': 1000}, grid.best_score_=0.6111111111111112, grid.best_index_=0, acc=0.5, time=0.32380223274230957
03-06-2022 06:33:47|INFO|Is groups None: False 
03-06-2022 06:33:47|INFO|grid.best_params_={'C': 0.01, 'gamma': 1e-09, 'kernel': 'rbf', 'max_iter': 1000}, grid.best_score_=0.6111111111111112, grid.best_index_=0, acc=0.5, time=0.30042028427124023
03-06-2022 06:33:47|INFO|Is groups None: False 
03-06-2022 06:33:48|INFO|grid.best_params_={'C': 0.01, 'gamma': 1e-09, 'kernel': 'rbf', 'max_iter': 1000}, grid.best_score_=0.6111111111111112, grid.best_index_=0, acc=0.5, time=0.30973315238952637
03-06-2022 06:33:48|INFO|Is groups None: False 
03-06-2022 06:33:48|INFO|grid.best_params_={'C': 0.01, 'gamma': 1e-09, 'kernel': 'rbf', 'max_iter': 1000}, grid.best_score_=0.6111111111111112, grid.best_index_=0, acc=0.5, time=0.43543553352355957
03-06-2022 06:33:48|INFO|Is groups None: False 
03-06-2022 06:33:48|INFO|grid.best_params_={'C': 0.01, 'gamma': 1e-09, 'kernel': 'rbf', 'max_iter': 1000}, grid.best_score_=0.5833333333333334, grid.best_index_=0, acc=0.75, time=0.31521105766296387
03-06-2022 06:33:48|INFO|Is groups None: False 
03-06-2022 06:33:49|INFO|grid.best_params_={'C': 0.01, 'gamma': 1e-09, 'kernel': 'rbf', 'max_iter': 1000}, grid.best_score_=0.5833333333333334, grid.best_index_=0, acc=0.75, time=0.31442761421203613
03-06-2022 06:33:49|INFO|Is groups None: False 
03-06-2022 06:33:49|INFO|grid.best_params_={'C': 0.01, 'gamma': 1e-09, 'kernel': 'rbf', 'max_iter': 1000}, grid.best_score_=0.6111111111111112, grid.best_index_=0, acc=0.5, time=0.297044038772583
03-06-2022 06:33:49|INFO|Is groups None: False 
03-06-2022 06:33:49|INFO|grid.best_params_={'C': 0.01, 'gamma': 1e-09, 'kernel': 'rbf', 'max_iter': 1000}, grid.best_score_=0.5833333333333334, grid.best_index_=0, acc=0.75, time=0.35372447967529297
03-06-2022 06:33:49|INFO|s02|10-CV=0.60000|STD=0.12247|Time spend=3.9452619552612305
03-06-2022 06:33:50|INFO|Running Segment-First
03-06-2022 06:33:50|INFO|X.shape=(200, 11), y.shape=(200,), groups.shape=(200,)
03-06-2022 06:33:50|INFO|Is groups None: False 
03-06-2022 06:33:50|INFO|grid.best_params_={'C': 0.01, 'gamma': 1e-09, 'kernel': 'rbf', 'max_iter': 1000}, grid.best_score_=0.7777777777777778, grid.best_index_=0, acc=1.0, time=0.36037492752075195
03-06-2022 06:33:50|INFO|Is groups None: False 
03-06-2022 06:33:51|INFO|grid.best_params_={'C': 0.01, 'gamma': 1e-09, 'kernel': 'rbf', 'max_iter': 1000}, grid.best_score_=0.8055555555555556, grid.best_index_=0, acc=0.75, time=0.3000752925872803
03-06-2022 06:33:51|INFO|Is groups None: False 
03-06-2022 06:33:51|INFO|grid.best_params_={'C': 0.01, 'gamma': 1e-09, 'kernel': 'rbf', 'max_iter': 1000}, grid.best_score_=0.8055555555555556, grid.best_index_=0, acc=0.75, time=0.28258728981018066
03-06-2022 06:33:51|INFO|Is groups None: False 
03-06-2022 06:33:51|INFO|grid.best_params_={'C': 0.01, 'gamma': 1e-09, 'kernel': 'rbf', 'max_iter': 1000}, grid.best_score_=0.8055555555555556, grid.best_index_=0, acc=0.75, time=0.34809160232543945
03-06-2022 06:33:51|INFO|Is groups None: False 
03-06-2022 06:33:51|INFO|grid.best_params_={'C': 0.01, 'gamma': 1e-09, 'kernel': 'rbf', 'max_iter': 1000}, grid.best_score_=0.8055555555555556, grid.best_index_=0, acc=0.75, time=0.29537177085876465
03-06-2022 06:33:51|INFO|Is groups None: False 
03-06-2022 06:33:52|INFO|grid.best_params_={'C': 10000000000.0, 'gamma': 1e-07, 'kernel': 'rbf', 'max_iter': 1000}, grid.best_score_=0.8166666666666667, grid.best_index_=43, acc=0.7, time=0.4246058464050293
03-06-2022 06:33:52|INFO|Is groups None: False 
03-06-2022 06:33:52|INFO|grid.best_params_={'C': 0.01, 'gamma': 1e-09, 'kernel': 'rbf', 'max_iter': 1000}, grid.best_score_=0.8055555555555556, grid.best_index_=0, acc=0.75, time=0.29827260971069336
03-06-2022 06:33:52|INFO|Is groups None: False 
03-06-2022 06:33:53|INFO|grid.best_params_={'C': 0.01, 'gamma': 1e-09, 'kernel': 'rbf', 'max_iter': 1000}, grid.best_score_=0.8055555555555556, grid.best_index_=0, acc=0.75, time=0.33487987518310547
03-06-2022 06:33:53|INFO|Is groups None: False 
03-06-2022 06:33:53|INFO|grid.best_params_={'C': 0.01, 'gamma': 1e-09, 'kernel': 'rbf', 'max_iter': 1000}, grid.best_score_=0.8055555555555556, grid.best_index_=0, acc=0.75, time=0.2937331199645996
03-06-2022 06:33:53|INFO|Is groups None: False 
03-06-2022 06:33:53|INFO|grid.best_params_={'C': 0.01, 'gamma': 1e-09, 'kernel': 'rbf', 'max_iter': 1000}, grid.best_score_=0.7777777777777778, grid.best_index_=0, acc=1.0, time=0.3072926998138428
03-06-2022 06:33:53|INFO|s03|10-CV=0.79500|STD=0.10356|Time spend=3.8212380409240723
03-06-2022 06:33:54|INFO|Running Segment-First
03-06-2022 06:33:54|INFO|X.shape=(200, 11), y.shape=(200,), groups.shape=(200,)
03-06-2022 06:33:54|INFO|Is groups None: False 
03-06-2022 06:33:54|INFO|grid.best_params_={'C': 10000.0, 'gamma': 1e-05, 'kernel': 'rbf', 'max_iter': 1000}, grid.best_score_=0.6555555555555554, grid.best_index_=23, acc=0.6, time=0.4685091972351074
03-06-2022 06:33:54|INFO|Is groups None: False 
03-06-2022 06:33:54|INFO|grid.best_params_={'C': 10000000000.0, 'gamma': 1e-07, 'kernel': 'rbf', 'max_iter': 1000}, grid.best_score_=0.6888888888888888, grid.best_index_=43, acc=0.55, time=0.3068830966949463
03-06-2022 06:33:54|INFO|Is groups None: False 
03-06-2022 06:33:55|INFO|grid.best_params_={'C': 1000000.0, 'gamma': 1e-07, 'kernel': 'rbf', 'max_iter': 1000}, grid.best_score_=0.6722222222222222, grid.best_index_=29, acc=0.55, time=0.2996335029602051
03-06-2022 06:33:55|INFO|Is groups None: False 
03-06-2022 06:33:55|INFO|grid.best_params_={'C': 10000.0, 'gamma': 1e-05, 'kernel': 'rbf', 'max_iter': 1000}, grid.best_score_=0.6888888888888889, grid.best_index_=23, acc=0.55, time=0.3346414566040039
03-06-2022 06:33:55|INFO|Is groups None: False 
03-06-2022 06:33:55|INFO|grid.best_params_={'C': 100000000.0, 'gamma': 1e-07, 'kernel': 'rbf', 'max_iter': 1000}, grid.best_score_=0.6222222222222222, grid.best_index_=36, acc=0.75, time=0.32106709480285645
03-06-2022 06:33:55|INFO|Is groups None: False 
03-06-2022 06:33:56|INFO|grid.best_params_={'C': 10000.0, 'gamma': 1e-05, 'kernel': 'rbf', 'max_iter': 1000}, grid.best_score_=0.7000000000000001, grid.best_index_=23, acc=0.6, time=0.29458045959472656
03-06-2022 06:33:56|INFO|Is groups None: False 
03-06-2022 06:33:56|INFO|grid.best_params_={'C': 0.01, 'gamma': 1e-09, 'kernel': 'rbf', 'max_iter': 1000}, grid.best_score_=0.6111111111111112, grid.best_index_=0, acc=0.5, time=0.44619011878967285
03-06-2022 06:33:56|INFO|Is groups None: False 
03-06-2022 06:33:56|INFO|grid.best_params_={'C': 1000000.0, 'gamma': 1e-07, 'kernel': 'rbf', 'max_iter': 1000}, grid.best_score_=0.6666666666666666, grid.best_index_=29, acc=0.6, time=0.29497456550598145
03-06-2022 06:33:57|INFO|Is groups None: False 
03-06-2022 06:33:57|INFO|grid.best_params_={'C': 100000000.0, 'gamma': 1e-07, 'kernel': 'rbf', 'max_iter': 1000}, grid.best_score_=0.6555555555555556, grid.best_index_=36, acc=0.85, time=0.32904696464538574
03-06-2022 06:33:57|INFO|Is groups None: False 
03-06-2022 06:33:57|INFO|grid.best_params_={'C': 1000000.0, 'gamma': 1e-07, 'kernel': 'rbf', 'max_iter': 1000}, grid.best_score_=0.65, grid.best_index_=29, acc=0.8, time=0.29781603813171387
03-06-2022 06:33:57|INFO|s04|10-CV=0.63500|STD=0.11413|Time spend=3.9969844818115234
03-06-2022 06:33:58|INFO|Running Segment-First
03-06-2022 06:33:58|INFO|X.shape=(200, 11), y.shape=(200,), groups.shape=(200,)
03-06-2022 06:33:58|INFO|Is groups None: False 
03-06-2022 06:33:58|INFO|grid.best_params_={'C': 100000000.0, 'gamma': 1e-05, 'kernel': 'rbf', 'max_iter': 1000}, grid.best_score_=0.48666666666666664, grid.best_index_=37, acc=0.55, time=0.4042792320251465
03-06-2022 06:33:58|INFO|Is groups None: False 
03-06-2022 06:33:58|INFO|grid.best_params_={'C': 100000000.0, 'gamma': 1e-07, 'kernel': 'rbf', 'max_iter': 1000}, grid.best_score_=0.4974074074074074, grid.best_index_=36, acc=0.35, time=0.3115262985229492
03-06-2022 06:33:58|INFO|Is groups None: False 
03-06-2022 06:33:59|INFO|grid.best_params_={'C': 0.01, 'gamma': 10.0, 'kernel': 'rbf', 'max_iter': 1000}, grid.best_score_=0.5277777777777778, grid.best_index_=5, acc=0.5, time=0.32750558853149414
03-06-2022 06:33:59|INFO|Is groups None: False 
03-06-2022 06:33:59|INFO|grid.best_params_={'C': 1000000.0, 'gamma': 1e-05, 'kernel': 'rbf', 'max_iter': 1000}, grid.best_score_=0.5840740740740741, grid.best_index_=30, acc=0.6, time=0.31182384490966797
03-06-2022 06:33:59|INFO|Is groups None: False 
03-06-2022 06:34:00|INFO|grid.best_params_={'C': 10000.0, 'gamma': 0.001, 'kernel': 'rbf', 'max_iter': 1000}, grid.best_score_=0.5, grid.best_index_=24, acc=0.6, time=0.4542276859283447
03-06-2022 06:34:00|INFO|Is groups None: False 
03-06-2022 06:34:00|INFO|grid.best_params_={'C': 100000000.0, 'gamma': 1e-09, 'kernel': 'rbf', 'max_iter': 1000}, grid.best_score_=0.5333333333333333, grid.best_index_=35, acc=0.45, time=0.3032834529876709
03-06-2022 06:34:00|INFO|Is groups None: False 
03-06-2022 06:34:00|INFO|grid.best_params_={'C': 100000000.0, 'gamma': 1e-05, 'kernel': 'rbf', 'max_iter': 1000}, grid.best_score_=0.5944444444444444, grid.best_index_=37, acc=0.5, time=0.48601245880126953
03-06-2022 06:34:00|INFO|Is groups None: False 
03-06-2022 06:34:01|INFO|grid.best_params_={'C': 100000000.0, 'gamma': 1e-05, 'kernel': 'rbf', 'max_iter': 1000}, grid.best_score_=0.5281481481481483, grid.best_index_=37, acc=0.6, time=0.3164379596710205
03-06-2022 06:34:01|INFO|Is groups None: False 
03-06-2022 06:34:01|INFO|grid.best_params_={'C': 10000.0, 'gamma': 0.001, 'kernel': 'rbf', 'max_iter': 1000}, grid.best_score_=0.544074074074074, grid.best_index_=24, acc=0.15, time=0.3122549057006836
03-06-2022 06:34:01|INFO|Is groups None: False 
03-06-2022 06:34:01|INFO|grid.best_params_={'C': 0.01, 'gamma': 10.0, 'kernel': 'rbf', 'max_iter': 1000}, grid.best_score_=0.5277777777777778, grid.best_index_=5, acc=0.5, time=0.35059499740600586
03-06-2022 06:34:01|INFO|s05|10-CV=0.48000|STD=0.13266|Time spend=4.195971965789795
03-06-2022 06:34:02|INFO|Running Segment-First
03-06-2022 06:34:02|INFO|X.shape=(200, 11), y.shape=(200,), groups.shape=(200,)
03-06-2022 06:34:02|INFO|Is groups None: False 
03-06-2022 06:34:02|INFO|grid.best_params_={'C': 1000000.0, 'gamma': 1e-07, 'kernel': 'rbf', 'max_iter': 1000}, grid.best_score_=0.55, grid.best_index_=29, acc=0.7, time=0.4097433090209961
03-06-2022 06:34:02|INFO|Is groups None: False 
03-06-2022 06:34:03|INFO|grid.best_params_={'C': 10000.0, 'gamma': 1e-05, 'kernel': 'rbf', 'max_iter': 1000}, grid.best_score_=0.6277777777777778, grid.best_index_=23, acc=0.5, time=0.3298218250274658
03-06-2022 06:34:03|INFO|Is groups None: False 
03-06-2022 06:34:03|INFO|grid.best_params_={'C': 0.01, 'gamma': 1e-09, 'kernel': 'rbf', 'max_iter': 1000}, grid.best_score_=0.5833333333333334, grid.best_index_=0, acc=0.5, time=0.34154367446899414
03-06-2022 06:34:03|INFO|Is groups None: False 
03-06-2022 06:34:03|INFO|grid.best_params_={'C': 0.01, 'gamma': 1e-09, 'kernel': 'rbf', 'max_iter': 1000}, grid.best_score_=0.5833333333333334, grid.best_index_=0, acc=0.5, time=0.3010745048522949
03-06-2022 06:34:03|INFO|Is groups None: False 
03-06-2022 06:34:04|INFO|grid.best_params_={'C': 0.01, 'gamma': 1e-09, 'kernel': 'rbf', 'max_iter': 1000}, grid.best_score_=0.5833333333333334, grid.best_index_=0, acc=0.5, time=0.3950810432434082
03-06-2022 06:34:04|INFO|Is groups None: False 
03-06-2022 06:34:04|INFO|grid.best_params_={'C': 100000000.0, 'gamma': 1e-05, 'kernel': 'rbf', 'max_iter': 1000}, grid.best_score_=0.588888888888889, grid.best_index_=37, acc=0.55, time=0.30436134338378906
03-06-2022 06:34:04|INFO|Is groups None: False 
03-06-2022 06:34:04|INFO|grid.best_params_={'C': 0.01, 'gamma': 1e-09, 'kernel': 'rbf', 'max_iter': 1000}, grid.best_score_=0.5833333333333334, grid.best_index_=0, acc=0.5, time=0.3985779285430908
03-06-2022 06:34:04|INFO|Is groups None: False 
03-06-2022 06:34:05|INFO|grid.best_params_={'C': 0.01, 'gamma': 1e-09, 'kernel': 'rbf', 'max_iter': 1000}, grid.best_score_=0.5833333333333334, grid.best_index_=0, acc=0.5, time=0.3002898693084717
03-06-2022 06:34:05|INFO|Is groups None: False 
03-06-2022 06:34:05|INFO|grid.best_params_={'C': 1.0, 'gamma': 0.1, 'kernel': 'rbf', 'max_iter': 1000}, grid.best_score_=0.6388888888888888, grid.best_index_=11, acc=0.4, time=0.35953330993652344
03-06-2022 06:34:05|INFO|Is groups None: False 
03-06-2022 06:34:05|INFO|grid.best_params_={'C': 1000000.0, 'gamma': 1e-07, 'kernel': 'rbf', 'max_iter': 1000}, grid.best_score_=0.5777777777777778, grid.best_index_=29, acc=0.4, time=0.3132965564727783
03-06-2022 06:34:05|INFO|s06|10-CV=0.50500|STD=0.07890|Time spend=4.082822799682617
03-06-2022 06:34:06|INFO|Running Segment-First
03-06-2022 06:34:06|INFO|X.shape=(200, 11), y.shape=(200,), groups.shape=(200,)
03-06-2022 06:34:06|INFO|Is groups None: False 
03-06-2022 06:34:06|INFO|grid.best_params_={'C': 10000.0, 'gamma': 0.001, 'kernel': 'rbf', 'max_iter': 1000}, grid.best_score_=0.6277777777777778, grid.best_index_=24, acc=0.3, time=0.3717315196990967
03-06-2022 06:34:06|INFO|Is groups None: False 
03-06-2022 06:34:07|INFO|grid.best_params_={'C': 10000.0, 'gamma': 0.001, 'kernel': 'rbf', 'max_iter': 1000}, grid.best_score_=0.6555555555555554, grid.best_index_=24, acc=0.7, time=0.3122987747192383
03-06-2022 06:34:07|INFO|Is groups None: False 
03-06-2022 06:34:07|INFO|grid.best_params_={'C': 1.0, 'gamma': 0.1, 'kernel': 'rbf', 'max_iter': 1000}, grid.best_score_=0.6444444444444445, grid.best_index_=11, acc=0.6, time=0.3016083240509033
03-06-2022 06:34:07|INFO|Is groups None: False 
03-06-2022 06:34:07|INFO|grid.best_params_={'C': 10000.0, 'gamma': 0.001, 'kernel': 'rbf', 'max_iter': 1000}, grid.best_score_=0.6722222222222222, grid.best_index_=24, acc=0.6, time=0.29995036125183105
03-06-2022 06:34:07|INFO|Is groups None: False 
03-06-2022 06:34:08|INFO|grid.best_params_={'C': 1.0, 'gamma': 0.1, 'kernel': 'rbf', 'max_iter': 1000}, grid.best_score_=0.6611111111111112, grid.best_index_=11, acc=0.5, time=0.39510202407836914
03-06-2022 06:34:08|INFO|Is groups None: False 
03-06-2022 06:34:08|INFO|grid.best_params_={'C': 1.0, 'gamma': 0.1, 'kernel': 'rbf', 'max_iter': 1000}, grid.best_score_=0.6555555555555556, grid.best_index_=11, acc=0.5, time=0.304058313369751
03-06-2022 06:34:08|INFO|Is groups None: False 
03-06-2022 06:34:08|INFO|grid.best_params_={'C': 0.01, 'gamma': 1e-09, 'kernel': 'rbf', 'max_iter': 1000}, grid.best_score_=0.6388888888888888, grid.best_index_=0, acc=0.5, time=0.3191087245941162
03-06-2022 06:34:08|INFO|Is groups None: False 
03-06-2022 06:34:09|INFO|grid.best_params_={'C': 1.0, 'gamma': 0.1, 'kernel': 'rbf', 'max_iter': 1000}, grid.best_score_=0.6166666666666667, grid.best_index_=11, acc=0.65, time=0.3244302272796631
03-06-2022 06:34:09|INFO|Is groups None: False 
03-06-2022 06:34:09|INFO|grid.best_params_={'C': 0.01, 'gamma': 1e-09, 'kernel': 'rbf', 'max_iter': 1000}, grid.best_score_=0.6111111111111112, grid.best_index_=0, acc=0.75, time=0.3018217086791992
03-06-2022 06:34:09|INFO|Is groups None: False 
03-06-2022 06:34:09|INFO|grid.best_params_={'C': 0.01, 'gamma': 1e-09, 'kernel': 'rbf', 'max_iter': 1000}, grid.best_score_=0.6111111111111112, grid.best_index_=0, acc=0.75, time=0.31279587745666504
03-06-2022 06:34:09|INFO|s07|10-CV=0.58500|STD=0.13238|Time spend=3.875014066696167
03-06-2022 06:34:10|INFO|Running Segment-First
03-06-2022 06:34:10|INFO|X.shape=(200, 11), y.shape=(200,), groups.shape=(200,)
03-06-2022 06:34:10|INFO|Is groups None: False 
03-06-2022 06:34:10|INFO|grid.best_params_={'C': 1000000.0, 'gamma': 1e-05, 'kernel': 'rbf', 'max_iter': 1000}, grid.best_score_=0.5944444444444444, grid.best_index_=30, acc=0.35, time=0.3593449592590332
03-06-2022 06:34:10|INFO|Is groups None: False 
03-06-2022 06:34:10|INFO|grid.best_params_={'C': 100000000.0, 'gamma': 1e-05, 'kernel': 'rbf', 'max_iter': 1000}, grid.best_score_=0.5611111111111111, grid.best_index_=37, acc=0.65, time=0.3078494071960449
03-06-2022 06:34:10|INFO|Is groups None: False 
03-06-2022 06:34:11|INFO|grid.best_params_={'C': 100000000.0, 'gamma': 1e-07, 'kernel': 'rbf', 'max_iter': 1000}, grid.best_score_=0.588888888888889, grid.best_index_=36, acc=0.35, time=0.3948383331298828
03-06-2022 06:34:11|INFO|Is groups None: False 
03-06-2022 06:34:11|INFO|grid.best_params_={'C': 0.01, 'gamma': 1e-09, 'kernel': 'rbf', 'max_iter': 1000}, grid.best_score_=0.5833333333333334, grid.best_index_=0, acc=0.5, time=0.32105398178100586
03-06-2022 06:34:11|INFO|Is groups None: False 
03-06-2022 06:34:12|INFO|grid.best_params_={'C': 0.01, 'gamma': 1e-09, 'kernel': 'rbf', 'max_iter': 1000}, grid.best_score_=0.5833333333333334, grid.best_index_=0, acc=0.5, time=0.3420083522796631
03-06-2022 06:34:12|INFO|Is groups None: False 
03-06-2022 06:34:12|INFO|grid.best_params_={'C': 0.01, 'gamma': 1e-09, 'kernel': 'rbf', 'max_iter': 1000}, grid.best_score_=0.5833333333333334, grid.best_index_=0, acc=0.5, time=0.3278348445892334
03-06-2022 06:34:12|INFO|Is groups None: False 
03-06-2022 06:34:12|INFO|grid.best_params_={'C': 0.01, 'gamma': 1e-09, 'kernel': 'rbf', 'max_iter': 1000}, grid.best_score_=0.5833333333333334, grid.best_index_=0, acc=0.5, time=0.3437020778656006
03-06-2022 06:34:12|INFO|Is groups None: False 
03-06-2022 06:34:13|INFO|grid.best_params_={'C': 100000000.0, 'gamma': 1e-05, 'kernel': 'rbf', 'max_iter': 1000}, grid.best_score_=0.5877777777777777, grid.best_index_=37, acc=0.6, time=0.33336949348449707
03-06-2022 06:34:13|INFO|Is groups None: False 
03-06-2022 06:34:13|INFO|grid.best_params_={'C': 0.01, 'gamma': 1e-09, 'kernel': 'rbf', 'max_iter': 1000}, grid.best_score_=0.5833333333333334, grid.best_index_=0, acc=0.5, time=0.3363227844238281
03-06-2022 06:34:13|INFO|Is groups None: False 
03-06-2022 06:34:13|INFO|grid.best_params_={'C': 10000.0, 'gamma': 0.001, 'kernel': 'rbf', 'max_iter': 1000}, grid.best_score_=0.5962962962962963, grid.best_index_=24, acc=0.64, time=0.33585524559020996
03-06-2022 06:34:13|INFO|s08|10-CV=0.50900|STD=0.09813|Time spend=3.9630699157714844
03-06-2022 06:34:14|INFO|Running Segment-First
03-06-2022 06:34:14|INFO|X.shape=(200, 11), y.shape=(200,), groups.shape=(200,)
03-06-2022 06:34:14|INFO|Is groups None: False 
03-06-2022 06:34:14|INFO|grid.best_params_={'C': 0.01, 'gamma': 1e-09, 'kernel': 'rbf', 'max_iter': 1000}, grid.best_score_=0.6111111111111112, grid.best_index_=0, acc=0.5, time=0.34798240661621094
03-06-2022 06:34:14|INFO|Is groups None: False 
03-06-2022 06:34:14|INFO|grid.best_params_={'C': 0.01, 'gamma': 1e-09, 'kernel': 'rbf', 'max_iter': 1000}, grid.best_score_=0.6111111111111112, grid.best_index_=0, acc=0.5, time=0.32663393020629883
03-06-2022 06:34:14|INFO|Is groups None: False 
03-06-2022 06:34:15|INFO|grid.best_params_={'C': 0.01, 'gamma': 1e-09, 'kernel': 'rbf', 'max_iter': 1000}, grid.best_score_=0.6111111111111112, grid.best_index_=0, acc=0.5, time=0.4493443965911865
03-06-2022 06:34:15|INFO|Is groups None: False 
03-06-2022 06:34:15|INFO|grid.best_params_={'C': 0.01, 'gamma': 1e-09, 'kernel': 'rbf', 'max_iter': 1000}, grid.best_score_=0.5833333333333334, grid.best_index_=0, acc=0.75, time=0.317929744720459
03-06-2022 06:34:15|INFO|Is groups None: False 
03-06-2022 06:34:16|INFO|grid.best_params_={'C': 0.01, 'gamma': 1e-09, 'kernel': 'rbf', 'max_iter': 1000}, grid.best_score_=0.6111111111111112, grid.best_index_=0, acc=0.5, time=0.3331177234649658
03-06-2022 06:34:16|INFO|Is groups None: False 
03-06-2022 06:34:16|INFO|grid.best_params_={'C': 0.01, 'gamma': 1e-09, 'kernel': 'rbf', 'max_iter': 1000}, grid.best_score_=0.6111111111111112, grid.best_index_=0, acc=0.5, time=0.30779218673706055
03-06-2022 06:34:16|INFO|Is groups None: False 
03-06-2022 06:34:16|INFO|grid.best_params_={'C': 100.0, 'gamma': 0.1, 'kernel': 'rbf', 'max_iter': 1000}, grid.best_score_=0.6055555555555556, grid.best_index_=18, acc=0.35, time=0.44800806045532227
03-06-2022 06:34:16|INFO|Is groups None: False 
03-06-2022 06:34:17|INFO|grid.best_params_={'C': 0.01, 'gamma': 1e-09, 'kernel': 'rbf', 'max_iter': 1000}, grid.best_score_=0.6111111111111112, grid.best_index_=0, acc=0.5, time=0.33568620681762695
03-06-2022 06:34:17|INFO|Is groups None: False 
03-06-2022 06:34:17|INFO|grid.best_params_={'C': 10000.0, 'gamma': 0.001, 'kernel': 'rbf', 'max_iter': 1000}, grid.best_score_=0.6555555555555556, grid.best_index_=24, acc=0.7, time=0.332491397857666
03-06-2022 06:34:17|INFO|Is groups None: False 
03-06-2022 06:34:17|INFO|grid.best_params_={'C': 1000000.0, 'gamma': 1e-05, 'kernel': 'rbf', 'max_iter': 1000}, grid.best_score_=0.6055555555555556, grid.best_index_=30, acc=0.6, time=0.3097224235534668
03-06-2022 06:34:17|INFO|s09|10-CV=0.54000|STD=0.10909|Time spend=4.108813047409058
03-06-2022 06:34:18|INFO|Running Segment-First
03-06-2022 06:34:18|INFO|X.shape=(200, 11), y.shape=(200,), groups.shape=(200,)
03-06-2022 06:34:18|INFO|Is groups None: False 
03-06-2022 06:34:18|INFO|grid.best_params_={'C': 100000000.0, 'gamma': 1e-07, 'kernel': 'rbf', 'max_iter': 1000}, grid.best_score_=0.6666666666666666, grid.best_index_=36, acc=0.5, time=0.4032936096191406
03-06-2022 06:34:18|INFO|Is groups None: False 
03-06-2022 06:34:19|INFO|grid.best_params_={'C': 10000000000.0, 'gamma': 1e-07, 'kernel': 'rbf', 'max_iter': 1000}, grid.best_score_=0.6666666666666666, grid.best_index_=43, acc=0.65, time=0.316875696182251
03-06-2022 06:34:19|INFO|Is groups None: False 
03-06-2022 06:34:19|INFO|grid.best_params_={'C': 10000.0, 'gamma': 1e-05, 'kernel': 'rbf', 'max_iter': 1000}, grid.best_score_=0.6444444444444445, grid.best_index_=23, acc=0.55, time=0.33914828300476074
03-06-2022 06:34:19|INFO|Is groups None: False 
03-06-2022 06:34:19|INFO|grid.best_params_={'C': 100.0, 'gamma': 0.001, 'kernel': 'rbf', 'max_iter': 1000}, grid.best_score_=0.6333333333333333, grid.best_index_=17, acc=0.55, time=0.30171680450439453
03-06-2022 06:34:19|INFO|Is groups None: False 
03-06-2022 06:34:20|INFO|grid.best_params_={'C': 100000000.0, 'gamma': 1e-05, 'kernel': 'rbf', 'max_iter': 1000}, grid.best_score_=0.6333333333333333, grid.best_index_=37, acc=0.65, time=0.3567483425140381
03-06-2022 06:34:20|INFO|Is groups None: False 
03-06-2022 06:34:20|INFO|grid.best_params_={'C': 100000000.0, 'gamma': 1e-09, 'kernel': 'rbf', 'max_iter': 1000}, grid.best_score_=0.6166666666666667, grid.best_index_=35, acc=0.75, time=0.31383728981018066
03-06-2022 06:34:20|INFO|Is groups None: False 
03-06-2022 06:34:20|INFO|grid.best_params_={'C': 1000000.0, 'gamma': 1e-07, 'kernel': 'rbf', 'max_iter': 1000}, grid.best_score_=0.6166666666666667, grid.best_index_=29, acc=0.75, time=0.3058309555053711
03-06-2022 06:34:20|INFO|Is groups None: False 
03-06-2022 06:34:21|INFO|grid.best_params_={'C': 10000000000.0, 'gamma': 1e-07, 'kernel': 'rbf', 'max_iter': 1000}, grid.best_score_=0.6166666666666667, grid.best_index_=43, acc=0.65, time=0.3722045421600342
03-06-2022 06:34:21|INFO|Is groups None: False 
03-06-2022 06:34:21|INFO|grid.best_params_={'C': 100000000.0, 'gamma': 1e-07, 'kernel': 'rbf', 'max_iter': 1000}, grid.best_score_=0.5722222222222223, grid.best_index_=36, acc=0.7, time=0.32982826232910156
03-06-2022 06:34:21|INFO|Is groups None: False 
03-06-2022 06:34:21|INFO|grid.best_params_={'C': 1.0, 'gamma': 0.1, 'kernel': 'rbf', 'max_iter': 1000}, grid.best_score_=0.6555555555555556, grid.best_index_=11, acc=0.25, time=0.44779086112976074
03-06-2022 06:34:21|INFO|s10|10-CV=0.60000|STD=0.14142|Time spend=4.101161241531372
03-06-2022 06:34:22|INFO|Running Segment-First
03-06-2022 06:34:22|INFO|X.shape=(200, 11), y.shape=(200,), groups.shape=(200,)
03-06-2022 06:34:22|INFO|Is groups None: False 
03-06-2022 06:34:22|INFO|grid.best_params_={'C': 0.01, 'gamma': 1e-09, 'kernel': 'rbf', 'max_iter': 1000}, grid.best_score_=0.6111111111111112, grid.best_index_=0, acc=0.75, time=0.3983759880065918
03-06-2022 06:34:22|INFO|Is groups None: False 
03-06-2022 06:34:23|INFO|grid.best_params_={'C': 0.01, 'gamma': 1e-09, 'kernel': 'rbf', 'max_iter': 1000}, grid.best_score_=0.6111111111111112, grid.best_index_=0, acc=0.75, time=0.30217552185058594
03-06-2022 06:34:23|INFO|Is groups None: False 
03-06-2022 06:34:23|INFO|grid.best_params_={'C': 0.01, 'gamma': 1e-09, 'kernel': 'rbf', 'max_iter': 1000}, grid.best_score_=0.6388888888888888, grid.best_index_=0, acc=0.5, time=0.32027745246887207
03-06-2022 06:34:23|INFO|Is groups None: False 
03-06-2022 06:34:23|INFO|grid.best_params_={'C': 0.01, 'gamma': 1e-09, 'kernel': 'rbf', 'max_iter': 1000}, grid.best_score_=0.6388888888888888, grid.best_index_=0, acc=0.5, time=0.32067370414733887
03-06-2022 06:34:23|INFO|Is groups None: False 
03-06-2022 06:34:24|INFO|grid.best_params_={'C': 0.01, 'gamma': 1e-09, 'kernel': 'rbf', 'max_iter': 1000}, grid.best_score_=0.6388888888888888, grid.best_index_=0, acc=0.5, time=0.31241559982299805
03-06-2022 06:34:24|INFO|Is groups None: False 
03-06-2022 06:34:24|INFO|grid.best_params_={'C': 0.01, 'gamma': 1e-09, 'kernel': 'rbf', 'max_iter': 1000}, grid.best_score_=0.6388888888888888, grid.best_index_=0, acc=0.5, time=0.3278524875640869
03-06-2022 06:34:24|INFO|Is groups None: False 
03-06-2022 06:34:24|INFO|grid.best_params_={'C': 100000000.0, 'gamma': 1e-07, 'kernel': 'rbf', 'max_iter': 1000}, grid.best_score_=0.6722222222222222, grid.best_index_=36, acc=0.3, time=0.2998037338256836
03-06-2022 06:34:24|INFO|Is groups None: False 
03-06-2022 06:34:25|INFO|grid.best_params_={'C': 10000000000.0, 'gamma': 1e-07, 'kernel': 'rbf', 'max_iter': 1000}, grid.best_score_=0.6777777777777778, grid.best_index_=43, acc=0.5, time=0.3290081024169922
03-06-2022 06:34:25|INFO|Is groups None: False 
03-06-2022 06:34:25|INFO|grid.best_params_={'C': 0.01, 'gamma': 1e-09, 'kernel': 'rbf', 'max_iter': 1000}, grid.best_score_=0.6111111111111112, grid.best_index_=0, acc=0.75, time=0.3812224864959717
03-06-2022 06:34:25|INFO|Is groups None: False 
03-06-2022 06:34:25|INFO|grid.best_params_={'C': 0.01, 'gamma': 1e-09, 'kernel': 'rbf', 'max_iter': 1000}, grid.best_score_=0.6111111111111112, grid.best_index_=0, acc=0.75, time=0.32209277153015137
03-06-2022 06:34:25|INFO|s11|10-CV=0.58000|STD=0.15033|Time spend=3.907550573348999
03-06-2022 06:34:26|INFO|Running Segment-First
03-06-2022 06:34:26|INFO|X.shape=(200, 11), y.shape=(200,), groups.shape=(200,)
03-06-2022 06:34:26|INFO|Is groups None: False 
03-06-2022 06:34:26|INFO|grid.best_params_={'C': 0.01, 'gamma': 1e-09, 'kernel': 'rbf', 'max_iter': 1000}, grid.best_score_=0.8333333333333334, grid.best_index_=0, acc=0.75, time=0.372145414352417
03-06-2022 06:34:26|INFO|Is groups None: False 
03-06-2022 06:34:27|INFO|grid.best_params_={'C': 0.01, 'gamma': 1e-09, 'kernel': 'rbf', 'max_iter': 1000}, grid.best_score_=0.8333333333333334, grid.best_index_=0, acc=0.75, time=0.2925844192504883
03-06-2022 06:34:27|INFO|Is groups None: False 
03-06-2022 06:34:27|INFO|grid.best_params_={'C': 0.01, 'gamma': 1e-09, 'kernel': 'rbf', 'max_iter': 1000}, grid.best_score_=0.8333333333333334, grid.best_index_=0, acc=0.75, time=0.305100679397583
03-06-2022 06:34:27|INFO|Is groups None: False 
03-06-2022 06:34:27|INFO|grid.best_params_={'C': 0.01, 'gamma': 1e-09, 'kernel': 'rbf', 'max_iter': 1000}, grid.best_score_=0.8333333333333334, grid.best_index_=0, acc=0.75, time=0.311124324798584
03-06-2022 06:34:27|INFO|Is groups None: False 
03-06-2022 06:34:28|INFO|grid.best_params_={'C': 0.01, 'gamma': 1e-09, 'kernel': 'rbf', 'max_iter': 1000}, grid.best_score_=0.8333333333333334, grid.best_index_=0, acc=0.75, time=0.39090895652770996
03-06-2022 06:34:28|INFO|Is groups None: False 
03-06-2022 06:34:28|INFO|grid.best_params_={'C': 0.01, 'gamma': 1e-09, 'kernel': 'rbf', 'max_iter': 1000}, grid.best_score_=0.8333333333333334, grid.best_index_=0, acc=0.75, time=0.3184671401977539
03-06-2022 06:34:28|INFO|Is groups None: False 
03-06-2022 06:34:28|INFO|grid.best_params_={'C': 0.01, 'gamma': 1e-09, 'kernel': 'rbf', 'max_iter': 1000}, grid.best_score_=0.8055555555555556, grid.best_index_=0, acc=1.0, time=0.3116576671600342
03-06-2022 06:34:28|INFO|Is groups None: False 
03-06-2022 06:34:29|INFO|grid.best_params_={'C': 0.01, 'gamma': 1e-09, 'kernel': 'rbf', 'max_iter': 1000}, grid.best_score_=0.8333333333333334, grid.best_index_=0, acc=0.75, time=0.2966618537902832
03-06-2022 06:34:29|INFO|Is groups None: False 
03-06-2022 06:34:29|INFO|grid.best_params_={'C': 0.01, 'gamma': 1e-09, 'kernel': 'rbf', 'max_iter': 1000}, grid.best_score_=0.8055555555555556, grid.best_index_=0, acc=1.0, time=0.308229923248291
03-06-2022 06:34:29|INFO|Is groups None: False 
03-06-2022 06:34:29|INFO|grid.best_params_={'C': 0.01, 'gamma': 1e-09, 'kernel': 'rbf', 'max_iter': 1000}, grid.best_score_=0.8055555555555556, grid.best_index_=0, acc=1.0, time=0.30280280113220215
03-06-2022 06:34:29|INFO|s12|10-CV=0.82500|STD=0.11456|Time spend=3.8465688228607178
03-06-2022 06:34:30|INFO|Running Segment-First
03-06-2022 06:34:30|INFO|X.shape=(200, 11), y.shape=(200,), groups.shape=(200,)
03-06-2022 06:34:30|INFO|Is groups None: False 
03-06-2022 06:34:30|INFO|grid.best_params_={'C': 0.01, 'gamma': 1e-09, 'kernel': 'rbf', 'max_iter': 1000}, grid.best_score_=0.8611111111111112, grid.best_index_=0, acc=0.75, time=0.35520052909851074
03-06-2022 06:34:30|INFO|Is groups None: False 
03-06-2022 06:34:30|INFO|grid.best_params_={'C': 0.01, 'gamma': 1e-09, 'kernel': 'rbf', 'max_iter': 1000}, grid.best_score_=0.8611111111111112, grid.best_index_=0, acc=0.75, time=0.298459529876709
03-06-2022 06:34:30|INFO|Is groups None: False 
03-06-2022 06:34:31|INFO|grid.best_params_={'C': 0.01, 'gamma': 1e-09, 'kernel': 'rbf', 'max_iter': 1000}, grid.best_score_=0.8611111111111112, grid.best_index_=0, acc=0.75, time=0.3948347568511963
03-06-2022 06:34:31|INFO|Is groups None: False 
03-06-2022 06:34:31|INFO|grid.best_params_={'C': 0.01, 'gamma': 1e-09, 'kernel': 'rbf', 'max_iter': 1000}, grid.best_score_=0.8611111111111112, grid.best_index_=0, acc=0.75, time=0.28122973442077637
03-06-2022 06:34:31|INFO|Is groups None: False 
03-06-2022 06:34:31|INFO|grid.best_params_={'C': 0.01, 'gamma': 1e-09, 'kernel': 'rbf', 'max_iter': 1000}, grid.best_score_=0.8611111111111112, grid.best_index_=0, acc=0.75, time=0.3067617416381836
03-06-2022 06:34:31|INFO|Is groups None: False 
03-06-2022 06:34:32|INFO|grid.best_params_={'C': 0.01, 'gamma': 1e-09, 'kernel': 'rbf', 'max_iter': 1000}, grid.best_score_=0.8611111111111112, grid.best_index_=0, acc=0.75, time=0.2983086109161377
03-06-2022 06:34:32|INFO|Is groups None: False 
03-06-2022 06:34:32|INFO|grid.best_params_={'C': 0.01, 'gamma': 1e-09, 'kernel': 'rbf', 'max_iter': 1000}, grid.best_score_=0.8333333333333334, grid.best_index_=0, acc=1.0, time=0.29006385803222656
03-06-2022 06:34:32|INFO|Is groups None: False 
03-06-2022 06:34:32|INFO|grid.best_params_={'C': 0.01, 'gamma': 1e-09, 'kernel': 'rbf', 'max_iter': 1000}, grid.best_score_=0.8333333333333334, grid.best_index_=0, acc=1.0, time=0.31940317153930664
03-06-2022 06:34:32|INFO|Is groups None: False 
03-06-2022 06:34:33|INFO|grid.best_params_={'C': 0.01, 'gamma': 1e-09, 'kernel': 'rbf', 'max_iter': 1000}, grid.best_score_=0.8333333333333334, grid.best_index_=0, acc=1.0, time=0.29087042808532715
03-06-2022 06:34:33|INFO|Is groups None: False 
03-06-2022 06:34:33|INFO|grid.best_params_={'C': 0.01, 'gamma': 1e-09, 'kernel': 'rbf', 'max_iter': 1000}, grid.best_score_=0.8333333333333334, grid.best_index_=0, acc=1.0, time=0.35205554962158203
03-06-2022 06:34:33|INFO|s13|10-CV=0.85000|STD=0.12247|Time spend=3.8047425746917725
03-06-2022 06:34:34|INFO|Running Segment-First
03-06-2022 06:34:34|INFO|X.shape=(200, 11), y.shape=(200,), groups.shape=(200,)
03-06-2022 06:34:34|INFO|Is groups None: False 
03-06-2022 06:34:34|INFO|grid.best_params_={'C': 0.01, 'gamma': 1e-09, 'kernel': 'rbf', 'max_iter': 1000}, grid.best_score_=0.6666666666666666, grid.best_index_=0, acc=0.75, time=0.42833590507507324
03-06-2022 06:34:34|INFO|Is groups None: False 
03-06-2022 06:34:34|INFO|grid.best_params_={'C': 0.01, 'gamma': 1e-09, 'kernel': 'rbf', 'max_iter': 1000}, grid.best_score_=0.6666666666666666, grid.best_index_=0, acc=0.75, time=0.30647921562194824
03-06-2022 06:34:34|INFO|Is groups None: False 
03-06-2022 06:34:35|INFO|grid.best_params_={'C': 0.01, 'gamma': 1e-09, 'kernel': 'rbf', 'max_iter': 1000}, grid.best_score_=0.6666666666666666, grid.best_index_=0, acc=0.75, time=0.31734776496887207
03-06-2022 06:34:35|INFO|Is groups None: False 
03-06-2022 06:34:35|INFO|grid.best_params_={'C': 0.01, 'gamma': 1e-09, 'kernel': 'rbf', 'max_iter': 1000}, grid.best_score_=0.6944444444444444, grid.best_index_=0, acc=0.5, time=0.32414817810058594
03-06-2022 06:34:35|INFO|Is groups None: False 
03-06-2022 06:34:35|INFO|grid.best_params_={'C': 1000000.0, 'gamma': 1e-07, 'kernel': 'rbf', 'max_iter': 1000}, grid.best_score_=0.7055555555555555, grid.best_index_=29, acc=0.5, time=0.32410216331481934
03-06-2022 06:34:35|INFO|Is groups None: False 
03-06-2022 06:34:36|INFO|grid.best_params_={'C': 1.0, 'gamma': 0.1, 'kernel': 'rbf', 'max_iter': 1000}, grid.best_score_=0.711111111111111, grid.best_index_=11, acc=0.5, time=0.31476593017578125
03-06-2022 06:34:36|INFO|Is groups None: False 
03-06-2022 06:34:36|INFO|grid.best_params_={'C': 0.01, 'gamma': 1e-09, 'kernel': 'rbf', 'max_iter': 1000}, grid.best_score_=0.6666666666666666, grid.best_index_=0, acc=0.75, time=0.3270232677459717
03-06-2022 06:34:36|INFO|Is groups None: False 
03-06-2022 06:34:36|INFO|grid.best_params_={'C': 0.01, 'gamma': 1e-09, 'kernel': 'rbf', 'max_iter': 1000}, grid.best_score_=0.6666666666666666, grid.best_index_=0, acc=0.75, time=0.30390381813049316
03-06-2022 06:34:36|INFO|Is groups None: False 
03-06-2022 06:34:37|INFO|grid.best_params_={'C': 0.01, 'gamma': 1e-09, 'kernel': 'rbf', 'max_iter': 1000}, grid.best_score_=0.6666666666666666, grid.best_index_=0, acc=0.75, time=0.3094320297241211
03-06-2022 06:34:37|INFO|Is groups None: False 
03-06-2022 06:34:37|INFO|grid.best_params_={'C': 0.01, 'gamma': 1e-09, 'kernel': 'rbf', 'max_iter': 1000}, grid.best_score_=0.6666666666666666, grid.best_index_=0, acc=0.75, time=0.3032863140106201
03-06-2022 06:34:37|INFO|s14|10-CV=0.67500|STD=0.11456|Time spend=3.8410582542419434
03-06-2022 06:34:37|INFO|Running Segment-First
03-06-2022 06:34:37|INFO|X.shape=(200, 11), y.shape=(200,), groups.shape=(200,)
03-06-2022 06:34:38|INFO|Is groups None: False 
03-06-2022 06:34:38|INFO|grid.best_params_={'C': 1.0, 'gamma': 0.1, 'kernel': 'rbf', 'max_iter': 1000}, grid.best_score_=0.5944444444444444, grid.best_index_=11, acc=0.65, time=0.4246101379394531
03-06-2022 06:34:38|INFO|Is groups None: False 
03-06-2022 06:34:38|INFO|grid.best_params_={'C': 10000.0, 'gamma': 0.001, 'kernel': 'rbf', 'max_iter': 1000}, grid.best_score_=0.5444444444444445, grid.best_index_=24, acc=0.6, time=0.32830357551574707
03-06-2022 06:34:38|INFO|Is groups None: False 
03-06-2022 06:34:39|INFO|grid.best_params_={'C': 10000000000.0, 'gamma': 1e-07, 'kernel': 'rbf', 'max_iter': 1000}, grid.best_score_=0.5833333333333334, grid.best_index_=43, acc=0.45, time=0.3234884738922119
03-06-2022 06:34:39|INFO|Is groups None: False 
03-06-2022 06:34:39|INFO|grid.best_params_={'C': 1.0, 'gamma': 0.1, 'kernel': 'rbf', 'max_iter': 1000}, grid.best_score_=0.5777777777777777, grid.best_index_=11, acc=0.45, time=0.3854827880859375
03-06-2022 06:34:39|INFO|Is groups None: False 
03-06-2022 06:34:39|INFO|grid.best_params_={'C': 1.0, 'gamma': 0.1, 'kernel': 'rbf', 'max_iter': 1000}, grid.best_score_=0.588888888888889, grid.best_index_=11, acc=0.55, time=0.32415151596069336
03-06-2022 06:34:39|INFO|Is groups None: False 
03-06-2022 06:34:40|INFO|grid.best_params_={'C': 100000000.0, 'gamma': 1e-05, 'kernel': 'rbf', 'max_iter': 1000}, grid.best_score_=0.5666666666666668, grid.best_index_=37, acc=0.65, time=0.44254255294799805
03-06-2022 06:34:40|INFO|Is groups None: False 
03-06-2022 06:34:40|INFO|grid.best_params_={'C': 100.0, 'gamma': 0.001, 'kernel': 'rbf', 'max_iter': 1000}, grid.best_score_=0.6303703703703705, grid.best_index_=17, acc=0.25, time=0.34284400939941406
03-06-2022 06:34:40|INFO|Is groups None: False 
03-06-2022 06:34:40|INFO|grid.best_params_={'C': 100.0, 'gamma': 0.001, 'kernel': 'rbf', 'max_iter': 1000}, grid.best_score_=0.6333333333333333, grid.best_index_=17, acc=0.3, time=0.32945823669433594
03-06-2022 06:34:40|INFO|Is groups None: False 
03-06-2022 06:34:41|INFO|grid.best_params_={'C': 1.0, 'gamma': 0.1, 'kernel': 'rbf', 'max_iter': 1000}, grid.best_score_=0.6166666666666667, grid.best_index_=11, acc=0.45, time=0.34641098976135254
03-06-2022 06:34:41|INFO|Is groups None: False 
03-06-2022 06:34:41|INFO|grid.best_params_={'C': 1.0, 'gamma': 0.1, 'kernel': 'rbf', 'max_iter': 1000}, grid.best_score_=0.5611111111111112, grid.best_index_=11, acc=0.7, time=0.34940290451049805
03-06-2022 06:34:41|INFO|s15|10-CV=0.50500|STD=0.14396|Time spend=4.289910793304443
03-06-2022 06:34:42|INFO|Running Segment-First
03-06-2022 06:34:42|INFO|X.shape=(200, 11), y.shape=(200,), groups.shape=(200,)
03-06-2022 06:34:42|INFO|Is groups None: False 
03-06-2022 06:34:42|INFO|grid.best_params_={'C': 10000000000.0, 'gamma': 1e-09, 'kernel': 'rbf', 'max_iter': 1000}, grid.best_score_=0.6055555555555556, grid.best_index_=42, acc=0.55, time=0.4140937328338623
03-06-2022 06:34:42|INFO|Is groups None: False 
03-06-2022 06:34:42|INFO|grid.best_params_={'C': 1000000.0, 'gamma': 0.001, 'kernel': 'rbf', 'max_iter': 1000}, grid.best_score_=0.5444444444444444, grid.best_index_=31, acc=0.55, time=0.3125
03-06-2022 06:34:42|INFO|Is groups None: False 
03-06-2022 06:34:43|INFO|grid.best_params_={'C': 1000000.0, 'gamma': 1e-05, 'kernel': 'rbf', 'max_iter': 1000}, grid.best_score_=0.6166666666666667, grid.best_index_=30, acc=0.4, time=0.45426201820373535
03-06-2022 06:34:43|INFO|Is groups None: False 
03-06-2022 06:34:43|INFO|grid.best_params_={'C': 100000000.0, 'gamma': 1e-07, 'kernel': 'rbf', 'max_iter': 1000}, grid.best_score_=0.5833333333333334, grid.best_index_=36, acc=0.45, time=0.31522297859191895
03-06-2022 06:34:43|INFO|Is groups None: False 
03-06-2022 06:34:43|INFO|grid.best_params_={'C': 100.0, 'gamma': 0.001, 'kernel': 'rbf', 'max_iter': 1000}, grid.best_score_=0.6277777777777778, grid.best_index_=17, acc=0.45, time=0.32729434967041016
03-06-2022 06:34:44|INFO|Is groups None: False 
03-06-2022 06:34:44|INFO|grid.best_params_={'C': 100000000.0, 'gamma': 1e-07, 'kernel': 'rbf', 'max_iter': 1000}, grid.best_score_=0.6111111111111112, grid.best_index_=36, acc=0.45, time=0.30870676040649414
03-06-2022 06:34:44|INFO|Is groups None: False 
03-06-2022 06:34:44|INFO|grid.best_params_={'C': 10000.0, 'gamma': 1e-05, 'kernel': 'rbf', 'max_iter': 1000}, grid.best_score_=0.6111111111111112, grid.best_index_=23, acc=0.35, time=0.33867311477661133
03-06-2022 06:34:44|INFO|Is groups None: False 
03-06-2022 06:34:44|INFO|grid.best_params_={'C': 100.0, 'gamma': 0.001, 'kernel': 'rbf', 'max_iter': 1000}, grid.best_score_=0.6000000000000001, grid.best_index_=17, acc=0.5, time=0.3237121105194092
03-06-2022 06:34:44|INFO|Is groups None: False 
03-06-2022 06:34:45|INFO|grid.best_params_={'C': 100000000.0, 'gamma': 1e-09, 'kernel': 'rbf', 'max_iter': 1000}, grid.best_score_=0.5388888888888889, grid.best_index_=35, acc=0.65, time=0.31301116943359375
03-06-2022 06:34:45|INFO|Is groups None: False 
03-06-2022 06:34:45|INFO|grid.best_params_={'C': 10000.0, 'gamma': 1e-05, 'kernel': 'rbf', 'max_iter': 1000}, grid.best_score_=0.6166666666666667, grid.best_index_=23, acc=0.55, time=0.46837925910949707
03-06-2022 06:34:45|INFO|s16|10-CV=0.49000|STD=0.08307|Time spend=4.124104738235474
03-06-2022 06:34:46|INFO|Running Segment-First
03-06-2022 06:34:46|INFO|X.shape=(200, 11), y.shape=(200,), groups.shape=(200,)
03-06-2022 06:34:46|INFO|Is groups None: False 
03-06-2022 06:34:46|INFO|grid.best_params_={'C': 1.0, 'gamma': 0.1, 'kernel': 'rbf', 'max_iter': 1000}, grid.best_score_=0.7222222222222222, grid.best_index_=11, acc=0.6, time=0.37334704399108887
03-06-2022 06:34:46|INFO|Is groups None: False 
03-06-2022 06:34:47|INFO|grid.best_params_={'C': 100.0, 'gamma': 0.1, 'kernel': 'rbf', 'max_iter': 1000}, grid.best_score_=0.661111111111111, grid.best_index_=18, acc=0.75, time=0.3094935417175293
03-06-2022 06:34:47|INFO|Is groups None: False 
03-06-2022 06:34:47|INFO|grid.best_params_={'C': 1.0, 'gamma': 0.1, 'kernel': 'rbf', 'max_iter': 1000}, grid.best_score_=0.7, grid.best_index_=11, acc=0.6, time=0.4642980098724365
03-06-2022 06:34:47|INFO|Is groups None: False 
03-06-2022 06:34:47|INFO|grid.best_params_={'C': 100000000.0, 'gamma': 1e-09, 'kernel': 'rbf', 'max_iter': 1000}, grid.best_score_=0.6611111111111111, grid.best_index_=35, acc=0.7, time=0.3263256549835205
03-06-2022 06:34:47|INFO|Is groups None: False 
03-06-2022 06:34:48|INFO|grid.best_params_={'C': 10000.0, 'gamma': 1e-05, 'kernel': 'rbf', 'max_iter': 1000}, grid.best_score_=0.7111111111111111, grid.best_index_=23, acc=0.65, time=0.31757164001464844
03-06-2022 06:34:48|INFO|Is groups None: False 
03-06-2022 06:34:48|INFO|grid.best_params_={'C': 1.0, 'gamma': 0.1, 'kernel': 'rbf', 'max_iter': 1000}, grid.best_score_=0.6888888888888889, grid.best_index_=11, acc=0.6, time=0.31272053718566895
03-06-2022 06:34:48|INFO|Is groups None: False 
03-06-2022 06:34:48|INFO|grid.best_params_={'C': 100000000.0, 'gamma': 1e-09, 'kernel': 'rbf', 'max_iter': 1000}, grid.best_score_=0.6722222222222223, grid.best_index_=35, acc=0.75, time=0.4047706127166748
03-06-2022 06:34:48|INFO|Is groups None: False 
03-06-2022 06:34:49|INFO|grid.best_params_={'C': 1.0, 'gamma': 0.1, 'kernel': 'rbf', 'max_iter': 1000}, grid.best_score_=0.7, grid.best_index_=11, acc=0.55, time=0.31190919876098633
03-06-2022 06:34:49|INFO|Is groups None: False 
03-06-2022 06:34:49|INFO|grid.best_params_={'C': 100000000.0, 'gamma': 1e-07, 'kernel': 'rbf', 'max_iter': 1000}, grid.best_score_=0.7, grid.best_index_=36, acc=0.7, time=0.3126862049102783
03-06-2022 06:34:49|INFO|Is groups None: False 
03-06-2022 06:34:49|INFO|grid.best_params_={'C': 100000000.0, 'gamma': 1e-09, 'kernel': 'rbf', 'max_iter': 1000}, grid.best_score_=0.6499999999999999, grid.best_index_=35, acc=0.75, time=0.3651905059814453
03-06-2022 06:34:49|INFO|s17|10-CV=0.66500|STD=0.07089|Time spend=4.084372282028198
03-06-2022 06:34:50|INFO|Running Segment-First
03-06-2022 06:34:50|INFO|X.shape=(200, 11), y.shape=(200,), groups.shape=(200,)
03-06-2022 06:34:50|INFO|Is groups None: False 
03-06-2022 06:34:50|INFO|grid.best_params_={'C': 1000000.0, 'gamma': 0.001, 'kernel': 'rbf', 'max_iter': 1000}, grid.best_score_=0.6222222222222222, grid.best_index_=31, acc=0.45, time=0.4617025852203369
03-06-2022 06:34:50|INFO|Is groups None: False 
03-06-2022 06:34:51|INFO|grid.best_params_={'C': 0.01, 'gamma': 1e-09, 'kernel': 'rbf', 'max_iter': 1000}, grid.best_score_=0.6388888888888888, grid.best_index_=0, acc=0.5, time=0.3235931396484375
03-06-2022 06:34:51|INFO|Is groups None: False 
03-06-2022 06:34:51|INFO|grid.best_params_={'C': 1000000.0, 'gamma': 1e-05, 'kernel': 'rbf', 'max_iter': 1000}, grid.best_score_=0.6333333333333333, grid.best_index_=30, acc=0.55, time=0.3469383716583252
03-06-2022 06:34:51|INFO|Is groups None: False 
03-06-2022 06:34:51|INFO|grid.best_params_={'C': 0.01, 'gamma': 1e-09, 'kernel': 'rbf', 'max_iter': 1000}, grid.best_score_=0.6111111111111112, grid.best_index_=0, acc=0.75, time=0.3156116008758545
03-06-2022 06:34:51|INFO|Is groups None: False 
03-06-2022 06:34:52|INFO|grid.best_params_={'C': 0.01, 'gamma': 1e-09, 'kernel': 'rbf', 'max_iter': 1000}, grid.best_score_=0.6388888888888888, grid.best_index_=0, acc=0.5, time=0.5166523456573486
03-06-2022 06:34:52|INFO|Is groups None: False 
03-06-2022 06:34:52|INFO|grid.best_params_={'C': 100000000.0, 'gamma': 1e-09, 'kernel': 'rbf', 'max_iter': 1000}, grid.best_score_=0.6166666666666667, grid.best_index_=35, acc=0.75, time=0.33353376388549805
03-06-2022 06:34:52|INFO|Is groups None: False 
03-06-2022 06:34:53|INFO|grid.best_params_={'C': 0.01, 'gamma': 1e-09, 'kernel': 'rbf', 'max_iter': 1000}, grid.best_score_=0.6388888888888888, grid.best_index_=0, acc=0.5, time=0.3216099739074707
03-06-2022 06:34:53|INFO|Is groups None: False 
03-06-2022 06:34:53|INFO|grid.best_params_={'C': 0.01, 'gamma': 1e-09, 'kernel': 'rbf', 'max_iter': 1000}, grid.best_score_=0.6388888888888888, grid.best_index_=0, acc=0.5, time=0.31069445610046387
03-06-2022 06:34:53|INFO|Is groups None: False 
03-06-2022 06:34:53|INFO|grid.best_params_={'C': 0.01, 'gamma': 1e-09, 'kernel': 'rbf', 'max_iter': 1000}, grid.best_score_=0.6388888888888888, grid.best_index_=0, acc=0.5, time=0.3420727252960205
03-06-2022 06:34:53|INFO|Is groups None: False 
03-06-2022 06:34:54|INFO|grid.best_params_={'C': 0.01, 'gamma': 1e-09, 'kernel': 'rbf', 'max_iter': 1000}, grid.best_score_=0.6111111111111112, grid.best_index_=0, acc=0.75, time=0.3062152862548828
03-06-2022 06:34:54|INFO|s18|10-CV=0.57500|STD=0.11673|Time spend=4.182419061660767
03-06-2022 06:34:54|INFO|Running Segment-First
03-06-2022 06:34:54|INFO|X.shape=(200, 11), y.shape=(200,), groups.shape=(200,)
03-06-2022 06:34:54|INFO|Is groups None: False 
03-06-2022 06:34:54|INFO|grid.best_params_={'C': 0.01, 'gamma': 1e-09, 'kernel': 'rbf', 'max_iter': 1000}, grid.best_score_=0.6666666666666666, grid.best_index_=0, acc=0.75, time=0.4325418472290039
03-06-2022 06:34:55|INFO|Is groups None: False 
03-06-2022 06:34:55|INFO|grid.best_params_={'C': 0.01, 'gamma': 1e-09, 'kernel': 'rbf', 'max_iter': 1000}, grid.best_score_=0.6666666666666666, grid.best_index_=0, acc=0.75, time=0.3077223300933838
03-06-2022 06:34:55|INFO|Is groups None: False 
03-06-2022 06:34:55|INFO|grid.best_params_={'C': 0.01, 'gamma': 1e-09, 'kernel': 'rbf', 'max_iter': 1000}, grid.best_score_=0.6666666666666666, grid.best_index_=0, acc=0.75, time=0.34140539169311523
03-06-2022 06:34:55|INFO|Is groups None: False 
03-06-2022 06:34:55|INFO|grid.best_params_={'C': 0.01, 'gamma': 1e-09, 'kernel': 'rbf', 'max_iter': 1000}, grid.best_score_=0.6944444444444444, grid.best_index_=0, acc=0.5, time=0.30620574951171875
03-06-2022 06:34:55|INFO|Is groups None: False 
03-06-2022 06:34:56|INFO|grid.best_params_={'C': 0.01, 'gamma': 1e-09, 'kernel': 'rbf', 'max_iter': 1000}, grid.best_score_=0.6666666666666666, grid.best_index_=0, acc=0.75, time=0.3287007808685303
03-06-2022 06:34:56|INFO|Is groups None: False 
03-06-2022 06:34:56|INFO|grid.best_params_={'C': 0.01, 'gamma': 1e-09, 'kernel': 'rbf', 'max_iter': 1000}, grid.best_score_=0.6944444444444444, grid.best_index_=0, acc=0.5, time=0.3448963165283203
03-06-2022 06:34:56|INFO|Is groups None: False 
03-06-2022 06:34:56|INFO|grid.best_params_={'C': 0.01, 'gamma': 1e-09, 'kernel': 'rbf', 'max_iter': 1000}, grid.best_score_=0.6944444444444444, grid.best_index_=0, acc=0.5, time=0.3255155086517334
03-06-2022 06:34:56|INFO|Is groups None: False 
03-06-2022 06:34:57|INFO|grid.best_params_={'C': 0.01, 'gamma': 1e-09, 'kernel': 'rbf', 'max_iter': 1000}, grid.best_score_=0.6666666666666666, grid.best_index_=0, acc=0.75, time=0.3131718635559082
03-06-2022 06:34:57|INFO|Is groups None: False 
03-06-2022 06:34:57|INFO|grid.best_params_={'C': 0.01, 'gamma': 1e-09, 'kernel': 'rbf', 'max_iter': 1000}, grid.best_score_=0.6666666666666666, grid.best_index_=0, acc=0.75, time=0.3081793785095215
03-06-2022 06:34:57|INFO|Is groups None: False 
03-06-2022 06:34:58|INFO|grid.best_params_={'C': 0.01, 'gamma': 1e-09, 'kernel': 'rbf', 'max_iter': 1000}, grid.best_score_=0.6666666666666666, grid.best_index_=0, acc=0.75, time=0.42417311668395996
03-06-2022 06:34:58|INFO|s19|10-CV=0.67500|STD=0.11456|Time spend=4.006636381149292
03-06-2022 06:34:58|INFO|Running Segment-First
03-06-2022 06:34:58|INFO|X.shape=(200, 11), y.shape=(200,), groups.shape=(200,)
03-06-2022 06:34:58|INFO|Is groups None: False 
03-06-2022 06:34:58|INFO|grid.best_params_={'C': 0.01, 'gamma': 1e-09, 'kernel': 'rbf', 'max_iter': 1000}, grid.best_score_=0.7777777777777778, grid.best_index_=0, acc=0.75, time=0.40965867042541504
03-06-2022 06:34:59|INFO|Is groups None: False 
03-06-2022 06:34:59|INFO|grid.best_params_={'C': 0.01, 'gamma': 1e-09, 'kernel': 'rbf', 'max_iter': 1000}, grid.best_score_=0.7777777777777778, grid.best_index_=0, acc=0.75, time=0.29744768142700195
03-06-2022 06:34:59|INFO|Is groups None: False 
03-06-2022 06:34:59|INFO|grid.best_params_={'C': 0.01, 'gamma': 1e-09, 'kernel': 'rbf', 'max_iter': 1000}, grid.best_score_=0.7777777777777778, grid.best_index_=0, acc=0.75, time=0.3932485580444336
03-06-2022 06:34:59|INFO|Is groups None: False 
03-06-2022 06:35:00|INFO|grid.best_params_={'C': 0.01, 'gamma': 1e-09, 'kernel': 'rbf', 'max_iter': 1000}, grid.best_score_=0.7777777777777778, grid.best_index_=0, acc=0.75, time=0.3146853446960449
03-06-2022 06:35:00|INFO|Is groups None: False 
03-06-2022 06:35:00|INFO|grid.best_params_={'C': 0.01, 'gamma': 1e-09, 'kernel': 'rbf', 'max_iter': 1000}, grid.best_score_=0.7777777777777778, grid.best_index_=0, acc=0.75, time=0.3021705150604248
03-06-2022 06:35:00|INFO|Is groups None: False 
03-06-2022 06:35:00|INFO|grid.best_params_={'C': 0.01, 'gamma': 1e-09, 'kernel': 'rbf', 'max_iter': 1000}, grid.best_score_=0.7777777777777778, grid.best_index_=0, acc=0.75, time=0.3148946762084961
03-06-2022 06:35:00|INFO|Is groups None: False 
03-06-2022 06:35:01|INFO|grid.best_params_={'C': 0.01, 'gamma': 1e-09, 'kernel': 'rbf', 'max_iter': 1000}, grid.best_score_=0.7777777777777778, grid.best_index_=0, acc=0.75, time=0.3694162368774414
03-06-2022 06:35:01|INFO|Is groups None: False 
03-06-2022 06:35:01|INFO|grid.best_params_={'C': 0.01, 'gamma': 1e-09, 'kernel': 'rbf', 'max_iter': 1000}, grid.best_score_=0.7777777777777778, grid.best_index_=0, acc=0.75, time=0.303985595703125
03-06-2022 06:35:01|INFO|Is groups None: False 
03-06-2022 06:35:01|INFO|grid.best_params_={'C': 0.01, 'gamma': 1e-09, 'kernel': 'rbf', 'max_iter': 1000}, grid.best_score_=0.75, grid.best_index_=0, acc=1.0, time=0.42633771896362305
03-06-2022 06:35:01|INFO|Is groups None: False 
03-06-2022 06:35:02|INFO|grid.best_params_={'C': 0.01, 'gamma': 1e-09, 'kernel': 'rbf', 'max_iter': 1000}, grid.best_score_=0.7777777777777778, grid.best_index_=0, acc=0.75, time=0.3101530075073242
03-06-2022 06:35:02|INFO|s20|10-CV=0.77500|STD=0.07500|Time spend=4.033670902252197
03-06-2022 06:35:02|INFO|Running Segment-First
03-06-2022 06:35:02|INFO|X.shape=(200, 11), y.shape=(200,), groups.shape=(200,)
03-06-2022 06:35:02|INFO|Is groups None: False 
03-06-2022 06:35:03|INFO|grid.best_params_={'C': 0.01, 'gamma': 1e-09, 'kernel': 'rbf', 'max_iter': 1000}, grid.best_score_=0.8055555555555556, grid.best_index_=0, acc=0.75, time=0.40274691581726074
03-06-2022 06:35:03|INFO|Is groups None: False 
03-06-2022 06:35:03|INFO|grid.best_params_={'C': 0.01, 'gamma': 1e-09, 'kernel': 'rbf', 'max_iter': 1000}, grid.best_score_=0.8055555555555556, grid.best_index_=0, acc=0.75, time=0.29469919204711914
03-06-2022 06:35:03|INFO|Is groups None: False 
03-06-2022 06:35:03|INFO|grid.best_params_={'C': 0.01, 'gamma': 1e-09, 'kernel': 'rbf', 'max_iter': 1000}, grid.best_score_=0.8055555555555556, grid.best_index_=0, acc=0.75, time=0.31377124786376953
03-06-2022 06:35:03|INFO|Is groups None: False 
03-06-2022 06:35:03|INFO|grid.best_params_={'C': 0.01, 'gamma': 1e-09, 'kernel': 'rbf', 'max_iter': 1000}, grid.best_score_=0.8055555555555556, grid.best_index_=0, acc=0.75, time=0.2995870113372803
03-06-2022 06:35:03|INFO|Is groups None: False 
03-06-2022 06:35:04|INFO|grid.best_params_={'C': 0.01, 'gamma': 1e-09, 'kernel': 'rbf', 'max_iter': 1000}, grid.best_score_=0.8055555555555556, grid.best_index_=0, acc=0.75, time=0.3244807720184326
03-06-2022 06:35:04|INFO|Is groups None: False 
03-06-2022 06:35:04|INFO|grid.best_params_={'C': 0.01, 'gamma': 1e-09, 'kernel': 'rbf', 'max_iter': 1000}, grid.best_score_=0.8055555555555556, grid.best_index_=0, acc=0.75, time=0.2999861240386963
03-06-2022 06:35:04|INFO|Is groups None: False 
03-06-2022 06:35:04|INFO|grid.best_params_={'C': 0.01, 'gamma': 1e-09, 'kernel': 'rbf', 'max_iter': 1000}, grid.best_score_=0.8055555555555556, grid.best_index_=0, acc=0.75, time=0.32943058013916016
03-06-2022 06:35:04|INFO|Is groups None: False 
03-06-2022 06:35:05|INFO|grid.best_params_={'C': 0.01, 'gamma': 1e-09, 'kernel': 'rbf', 'max_iter': 1000}, grid.best_score_=0.7777777777777778, grid.best_index_=0, acc=1.0, time=0.3653388023376465
03-06-2022 06:35:05|INFO|Is groups None: False 
03-06-2022 06:35:05|INFO|grid.best_params_={'C': 0.01, 'gamma': 1e-09, 'kernel': 'rbf', 'max_iter': 1000}, grid.best_score_=0.7777777777777778, grid.best_index_=0, acc=1.0, time=0.3006412982940674
03-06-2022 06:35:05|INFO|Is groups None: False 
03-06-2022 06:35:05|INFO|grid.best_params_={'C': 0.01, 'gamma': 1e-09, 'kernel': 'rbf', 'max_iter': 1000}, grid.best_score_=0.8055555555555556, grid.best_index_=0, acc=0.75, time=0.3118586540222168
03-06-2022 06:35:05|INFO|s21|10-CV=0.80000|STD=0.10000|Time spend=3.845794200897217
03-06-2022 06:35:06|INFO|Running Segment-First
03-06-2022 06:35:06|INFO|X.shape=(200, 11), y.shape=(200,), groups.shape=(200,)
03-06-2022 06:35:06|INFO|Is groups None: False 
03-06-2022 06:35:06|INFO|grid.best_params_={'C': 10000000000.0, 'gamma': 1e-07, 'kernel': 'rbf', 'max_iter': 1000}, grid.best_score_=0.6388888888888888, grid.best_index_=43, acc=0.55, time=0.4375143051147461
03-06-2022 06:35:06|INFO|Is groups None: False 
03-06-2022 06:35:07|INFO|grid.best_params_={'C': 10000000000.0, 'gamma': 1e-09, 'kernel': 'rbf', 'max_iter': 1000}, grid.best_score_=0.6388888888888888, grid.best_index_=42, acc=0.5, time=0.3042948246002197
03-06-2022 06:35:07|INFO|Is groups None: False 
03-06-2022 06:35:07|INFO|grid.best_params_={'C': 100000000.0, 'gamma': 1e-05, 'kernel': 'rbf', 'max_iter': 1000}, grid.best_score_=0.5888888888888889, grid.best_index_=37, acc=0.6, time=0.4178295135498047
03-06-2022 06:35:07|INFO|Is groups None: False 
03-06-2022 06:35:08|INFO|grid.best_params_={'C': 100000000.0, 'gamma': 1e-07, 'kernel': 'rbf', 'max_iter': 1000}, grid.best_score_=0.6944444444444445, grid.best_index_=36, acc=0.45, time=0.3225867748260498
03-06-2022 06:35:08|INFO|Is groups None: False 
03-06-2022 06:35:08|INFO|grid.best_params_={'C': 100000000.0, 'gamma': 1e-09, 'kernel': 'rbf', 'max_iter': 1000}, grid.best_score_=0.6833333333333333, grid.best_index_=35, acc=0.6, time=0.3252272605895996
03-06-2022 06:35:08|INFO|Is groups None: False 
03-06-2022 06:35:08|INFO|grid.best_params_={'C': 10000000000.0, 'gamma': 1e-07, 'kernel': 'rbf', 'max_iter': 1000}, grid.best_score_=0.6555555555555554, grid.best_index_=43, acc=0.6, time=0.3554222583770752
03-06-2022 06:35:08|INFO|Is groups None: False 
03-06-2022 06:35:09|INFO|grid.best_params_={'C': 10000000000.0, 'gamma': 1e-09, 'kernel': 'rbf', 'max_iter': 1000}, grid.best_score_=0.6666666666666666, grid.best_index_=42, acc=0.75, time=0.323408842086792
03-06-2022 06:35:09|INFO|Is groups None: False 
03-06-2022 06:35:09|INFO|grid.best_params_={'C': 10000000000.0, 'gamma': 1e-09, 'kernel': 'rbf', 'max_iter': 1000}, grid.best_score_=0.6166666666666667, grid.best_index_=42, acc=0.85, time=0.5266480445861816
03-06-2022 06:35:09|INFO|Is groups None: False 
03-06-2022 06:35:09|INFO|grid.best_params_={'C': 10000000000.0, 'gamma': 1e-07, 'kernel': 'rbf', 'max_iter': 1000}, grid.best_score_=0.6722222222222223, grid.best_index_=43, acc=0.65, time=0.33111095428466797
03-06-2022 06:35:09|INFO|Is groups None: False 
03-06-2022 06:35:10|INFO|grid.best_params_={'C': 10000000000.0, 'gamma': 1e-07, 'kernel': 'rbf', 'max_iter': 1000}, grid.best_score_=0.6277777777777778, grid.best_index_=43, acc=0.75, time=0.3615598678588867
03-06-2022 06:35:10|INFO|s22|10-CV=0.63000|STD=0.11662|Time spend=4.36592435836792
03-06-2022 06:35:10|INFO|Running Segment-First
03-06-2022 06:35:10|INFO|X.shape=(200, 11), y.shape=(200,), groups.shape=(200,)
03-06-2022 06:35:10|INFO|Is groups None: False 
03-06-2022 06:35:11|INFO|grid.best_params_={'C': 1.0, 'gamma': 0.1, 'kernel': 'rbf', 'max_iter': 1000}, grid.best_score_=0.7555555555555555, grid.best_index_=11, acc=0.75, time=0.38312244415283203
03-06-2022 06:35:11|INFO|Is groups None: False 
03-06-2022 06:35:11|INFO|grid.best_params_={'C': 0.01, 'gamma': 1e-09, 'kernel': 'rbf', 'max_iter': 1000}, grid.best_score_=0.75, grid.best_index_=0, acc=0.75, time=0.3072676658630371
03-06-2022 06:35:11|INFO|Is groups None: False 
03-06-2022 06:35:11|INFO|grid.best_params_={'C': 0.01, 'gamma': 1e-09, 'kernel': 'rbf', 'max_iter': 1000}, grid.best_score_=0.75, grid.best_index_=0, acc=0.75, time=0.348224401473999
03-06-2022 06:35:11|INFO|Is groups None: False 
03-06-2022 06:35:12|INFO|grid.best_params_={'C': 0.01, 'gamma': 1e-09, 'kernel': 'rbf', 'max_iter': 1000}, grid.best_score_=0.75, grid.best_index_=0, acc=0.75, time=0.29946279525756836
03-06-2022 06:35:12|INFO|Is groups None: False 
03-06-2022 06:35:12|INFO|grid.best_params_={'C': 10000000000.0, 'gamma': 1e-07, 'kernel': 'rbf', 'max_iter': 1000}, grid.best_score_=0.7666666666666666, grid.best_index_=43, acc=0.55, time=0.3159017562866211
03-06-2022 06:35:12|INFO|Is groups None: False 
03-06-2022 06:35:12|INFO|grid.best_params_={'C': 0.01, 'gamma': 1e-09, 'kernel': 'rbf', 'max_iter': 1000}, grid.best_score_=0.75, grid.best_index_=0, acc=0.75, time=0.31279897689819336
03-06-2022 06:35:12|INFO|Is groups None: False 
03-06-2022 06:35:13|INFO|grid.best_params_={'C': 0.01, 'gamma': 1e-09, 'kernel': 'rbf', 'max_iter': 1000}, grid.best_score_=0.75, grid.best_index_=0, acc=0.75, time=0.36687421798706055
03-06-2022 06:35:13|INFO|Is groups None: False 
03-06-2022 06:35:13|INFO|grid.best_params_={'C': 0.01, 'gamma': 1e-09, 'kernel': 'rbf', 'max_iter': 1000}, grid.best_score_=0.75, grid.best_index_=0, acc=0.75, time=0.33986759185791016
03-06-2022 06:35:13|INFO|Is groups None: False 
03-06-2022 06:35:13|INFO|grid.best_params_={'C': 0.01, 'gamma': 1e-09, 'kernel': 'rbf', 'max_iter': 1000}, grid.best_score_=0.75, grid.best_index_=0, acc=0.75, time=0.31732654571533203
03-06-2022 06:35:13|INFO|Is groups None: False 
03-06-2022 06:35:14|INFO|grid.best_params_={'C': 0.01, 'gamma': 1e-09, 'kernel': 'rbf', 'max_iter': 1000}, grid.best_score_=0.75, grid.best_index_=0, acc=0.75, time=0.4470560550689697
03-06-2022 06:35:14|INFO|s23|10-CV=0.73000|STD=0.06000|Time spend=4.0634894371032715
03-06-2022 06:35:14|INFO|Running Segment-First
03-06-2022 06:35:14|INFO|X.shape=(200, 11), y.shape=(200,), groups.shape=(200,)
03-06-2022 06:35:14|INFO|Is groups None: False 
03-06-2022 06:35:15|INFO|grid.best_params_={'C': 0.01, 'gamma': 1e-09, 'kernel': 'rbf', 'max_iter': 1000}, grid.best_score_=0.8333333333333334, grid.best_index_=0, acc=0.75, time=0.36219000816345215
03-06-2022 06:35:15|INFO|Is groups None: False 
03-06-2022 06:35:15|INFO|grid.best_params_={'C': 1.0, 'gamma': 0.1, 'kernel': 'rbf', 'max_iter': 1000}, grid.best_score_=0.8388888888888889, grid.best_index_=11, acc=0.7, time=0.31449317932128906
03-06-2022 06:35:15|INFO|Is groups None: False 
03-06-2022 06:35:15|INFO|grid.best_params_={'C': 0.01, 'gamma': 1e-09, 'kernel': 'rbf', 'max_iter': 1000}, grid.best_score_=0.8333333333333334, grid.best_index_=0, acc=0.75, time=0.32184410095214844
03-06-2022 06:35:15|INFO|Is groups None: False 
03-06-2022 06:35:16|INFO|grid.best_params_={'C': 0.01, 'gamma': 1e-09, 'kernel': 'rbf', 'max_iter': 1000}, grid.best_score_=0.8333333333333334, grid.best_index_=0, acc=0.75, time=0.3012545108795166
03-06-2022 06:35:16|INFO|Is groups None: False 
03-06-2022 06:35:16|INFO|grid.best_params_={'C': 0.01, 'gamma': 1e-09, 'kernel': 'rbf', 'max_iter': 1000}, grid.best_score_=0.8333333333333334, grid.best_index_=0, acc=0.75, time=0.37811779975891113
03-06-2022 06:35:16|INFO|Is groups None: False 
03-06-2022 06:35:16|INFO|grid.best_params_={'C': 0.01, 'gamma': 1e-09, 'kernel': 'rbf', 'max_iter': 1000}, grid.best_score_=0.8055555555555556, grid.best_index_=0, acc=1.0, time=0.3100473880767822
03-06-2022 06:35:16|INFO|Is groups None: False 
03-06-2022 06:35:17|INFO|grid.best_params_={'C': 0.01, 'gamma': 1e-09, 'kernel': 'rbf', 'max_iter': 1000}, grid.best_score_=0.8055555555555556, grid.best_index_=0, acc=1.0, time=0.3647332191467285
03-06-2022 06:35:17|INFO|Is groups None: False 
03-06-2022 06:35:17|INFO|grid.best_params_={'C': 0.01, 'gamma': 1e-09, 'kernel': 'rbf', 'max_iter': 1000}, grid.best_score_=0.8333333333333334, grid.best_index_=0, acc=0.75, time=0.295166015625
03-06-2022 06:35:17|INFO|Is groups None: False 
03-06-2022 06:35:17|INFO|grid.best_params_={'C': 0.01, 'gamma': 1e-09, 'kernel': 'rbf', 'max_iter': 1000}, grid.best_score_=0.8055555555555556, grid.best_index_=0, acc=1.0, time=0.3556976318359375
03-06-2022 06:35:17|INFO|Is groups None: False 
03-06-2022 06:35:18|INFO|grid.best_params_={'C': 0.01, 'gamma': 1e-09, 'kernel': 'rbf', 'max_iter': 1000}, grid.best_score_=0.8333333333333334, grid.best_index_=0, acc=0.75, time=0.3047633171081543
03-06-2022 06:35:18|INFO|s24|10-CV=0.82000|STD=0.11874|Time spend=3.9035773277282715
03-06-2022 06:35:18|INFO|Running Segment-First
03-06-2022 06:35:18|INFO|X.shape=(200, 11), y.shape=(200,), groups.shape=(200,)
03-06-2022 06:35:18|INFO|Is groups None: False 
03-06-2022 06:35:19|INFO|grid.best_params_={'C': 10000.0, 'gamma': 0.001, 'kernel': 'rbf', 'max_iter': 1000}, grid.best_score_=0.7277777777777777, grid.best_index_=24, acc=0.9, time=0.39796924591064453
03-06-2022 06:35:19|INFO|Is groups None: False 
03-06-2022 06:35:19|INFO|grid.best_params_={'C': 0.01, 'gamma': 1e-09, 'kernel': 'rbf', 'max_iter': 1000}, grid.best_score_=0.7222222222222222, grid.best_index_=0, acc=0.75, time=0.30544257164001465
03-06-2022 06:35:19|INFO|Is groups None: False 
03-06-2022 06:35:19|INFO|grid.best_params_={'C': 100000000.0, 'gamma': 1e-07, 'kernel': 'rbf', 'max_iter': 1000}, grid.best_score_=0.75, grid.best_index_=36, acc=0.7, time=0.37367963790893555
03-06-2022 06:35:19|INFO|Is groups None: False 
03-06-2022 06:35:20|INFO|grid.best_params_={'C': 1.0, 'gamma': 0.1, 'kernel': 'rbf', 'max_iter': 1000}, grid.best_score_=0.7333333333333333, grid.best_index_=11, acc=0.7, time=0.33397769927978516
03-06-2022 06:35:20|INFO|Is groups None: False 
03-06-2022 06:35:20|INFO|grid.best_params_={'C': 0.01, 'gamma': 1e-09, 'kernel': 'rbf', 'max_iter': 1000}, grid.best_score_=0.7222222222222222, grid.best_index_=0, acc=0.75, time=0.3210916519165039
03-06-2022 06:35:20|INFO|Is groups None: False 
03-06-2022 06:35:20|INFO|grid.best_params_={'C': 0.01, 'gamma': 1e-09, 'kernel': 'rbf', 'max_iter': 1000}, grid.best_score_=0.7222222222222222, grid.best_index_=0, acc=0.75, time=0.37780070304870605
03-06-2022 06:35:20|INFO|Is groups None: False 
03-06-2022 06:35:21|INFO|grid.best_params_={'C': 1.0, 'gamma': 0.1, 'kernel': 'rbf', 'max_iter': 1000}, grid.best_score_=0.7388888888888889, grid.best_index_=11, acc=0.6, time=0.32280755043029785
03-06-2022 06:35:21|INFO|Is groups None: False 
03-06-2022 06:35:21|INFO|grid.best_params_={'C': 0.01, 'gamma': 1e-09, 'kernel': 'rbf', 'max_iter': 1000}, grid.best_score_=0.7222222222222222, grid.best_index_=0, acc=0.75, time=0.37219667434692383
03-06-2022 06:35:21|INFO|Is groups None: False 
03-06-2022 06:35:22|INFO|grid.best_params_={'C': 0.01, 'gamma': 1e-09, 'kernel': 'rbf', 'max_iter': 1000}, grid.best_score_=0.7222222222222222, grid.best_index_=0, acc=0.75, time=0.31682729721069336
03-06-2022 06:35:22|INFO|Is groups None: False 
03-06-2022 06:35:22|INFO|grid.best_params_={'C': 0.01, 'gamma': 1e-09, 'kernel': 'rbf', 'max_iter': 1000}, grid.best_score_=0.75, grid.best_index_=0, acc=0.5, time=0.32078051567077637
03-06-2022 06:35:22|INFO|s25|10-CV=0.71500|STD=0.10012|Time spend=4.057780742645264
03-06-2022 06:35:22|INFO|Running Segment-First
03-06-2022 06:35:22|INFO|X.shape=(200, 11), y.shape=(200,), groups.shape=(200,)
03-06-2022 06:35:22|INFO|Is groups None: False 
03-06-2022 06:35:23|INFO|grid.best_params_={'C': 1000000.0, 'gamma': 1e-07, 'kernel': 'rbf', 'max_iter': 1000}, grid.best_score_=0.6000000000000001, grid.best_index_=29, acc=0.55, time=0.409848690032959
03-06-2022 06:35:23|INFO|Is groups None: False 
03-06-2022 06:35:23|INFO|grid.best_params_={'C': 10000.0, 'gamma': 1e-05, 'kernel': 'rbf', 'max_iter': 1000}, grid.best_score_=0.5944444444444444, grid.best_index_=23, acc=0.6, time=0.33098483085632324
03-06-2022 06:35:23|INFO|Is groups None: False 
03-06-2022 06:35:24|INFO|grid.best_params_={'C': 100000000.0, 'gamma': 1e-07, 'kernel': 'rbf', 'max_iter': 1000}, grid.best_score_=0.6055555555555556, grid.best_index_=36, acc=0.5, time=0.5561878681182861
03-06-2022 06:35:24|INFO|Is groups None: False 
03-06-2022 06:35:24|INFO|grid.best_params_={'C': 0.01, 'gamma': 1e-09, 'kernel': 'rbf', 'max_iter': 1000}, grid.best_score_=0.5833333333333334, grid.best_index_=0, acc=0.5, time=0.31043386459350586
03-06-2022 06:35:24|INFO|Is groups None: False 
03-06-2022 06:35:24|INFO|grid.best_params_={'C': 10000.0, 'gamma': 1e-05, 'kernel': 'rbf', 'max_iter': 1000}, grid.best_score_=0.6, grid.best_index_=23, acc=0.6, time=0.310840368270874
03-06-2022 06:35:24|INFO|Is groups None: False 
03-06-2022 06:35:25|INFO|grid.best_params_={'C': 100000000.0, 'gamma': 1e-07, 'kernel': 'rbf', 'max_iter': 1000}, grid.best_score_=0.588888888888889, grid.best_index_=36, acc=0.55, time=0.33401966094970703
03-06-2022 06:35:25|INFO|Is groups None: False 
03-06-2022 06:35:25|INFO|grid.best_params_={'C': 100000000.0, 'gamma': 1e-07, 'kernel': 'rbf', 'max_iter': 1000}, grid.best_score_=0.6499999999999999, grid.best_index_=36, acc=0.5, time=0.3559136390686035
03-06-2022 06:35:25|INFO|Is groups None: False 
03-06-2022 06:35:25|INFO|grid.best_params_={'C': 0.01, 'gamma': 10.0, 'kernel': 'rbf', 'max_iter': 1000}, grid.best_score_=0.5555555555555556, grid.best_index_=5, acc=0.75, time=0.3348398208618164
03-06-2022 06:35:25|INFO|Is groups None: False 
03-06-2022 06:35:26|INFO|grid.best_params_={'C': 0.01, 'gamma': 1e-09, 'kernel': 'rbf', 'max_iter': 1000}, grid.best_score_=0.5833333333333334, grid.best_index_=0, acc=0.5, time=0.4032416343688965
03-06-2022 06:35:26|INFO|Is groups None: False 
03-06-2022 06:35:26|INFO|grid.best_params_={'C': 10000000000.0, 'gamma': 1e-07, 'kernel': 'rbf', 'max_iter': 1000}, grid.best_score_=0.6055555555555556, grid.best_index_=43, acc=0.75, time=0.3212161064147949
03-06-2022 06:35:26|INFO|s26|10-CV=0.58000|STD=0.09274|Time spend=4.282645225524902
03-06-2022 06:35:27|INFO|Running Segment-First
03-06-2022 06:35:27|INFO|X.shape=(200, 11), y.shape=(200,), groups.shape=(200,)
03-06-2022 06:35:27|INFO|Is groups None: False 
03-06-2022 06:35:27|INFO|grid.best_params_={'C': 0.01, 'gamma': 1e-09, 'kernel': 'rbf', 'max_iter': 1000}, grid.best_score_=0.6666666666666666, grid.best_index_=0, acc=0.75, time=0.40977048873901367
03-06-2022 06:35:27|INFO|Is groups None: False 
03-06-2022 06:35:27|INFO|grid.best_params_={'C': 0.01, 'gamma': 1e-09, 'kernel': 'rbf', 'max_iter': 1000}, grid.best_score_=0.6666666666666666, grid.best_index_=0, acc=0.75, time=0.32288503646850586
03-06-2022 06:35:27|INFO|Is groups None: False 
03-06-2022 06:35:28|INFO|grid.best_params_={'C': 0.01, 'gamma': 1e-09, 'kernel': 'rbf', 'max_iter': 1000}, grid.best_score_=0.6666666666666666, grid.best_index_=0, acc=0.75, time=0.3713052272796631
03-06-2022 06:35:28|INFO|Is groups None: False 
03-06-2022 06:35:28|INFO|grid.best_params_={'C': 1.0, 'gamma': 0.1, 'kernel': 'rbf', 'max_iter': 1000}, grid.best_score_=0.6944444444444445, grid.best_index_=11, acc=0.7, time=0.3276674747467041
03-06-2022 06:35:28|INFO|Is groups None: False 
03-06-2022 06:35:29|INFO|grid.best_params_={'C': 1.0, 'gamma': 0.1, 'kernel': 'rbf', 'max_iter': 1000}, grid.best_score_=0.6666666666666667, grid.best_index_=11, acc=0.7, time=0.45489072799682617
03-06-2022 06:35:29|INFO|Is groups None: False 
03-06-2022 06:35:29|INFO|grid.best_params_={'C': 0.01, 'gamma': 1e-09, 'kernel': 'rbf', 'max_iter': 1000}, grid.best_score_=0.6944444444444444, grid.best_index_=0, acc=0.5, time=0.31346774101257324
03-06-2022 06:35:29|INFO|Is groups None: False 
03-06-2022 06:35:29|INFO|grid.best_params_={'C': 1.0, 'gamma': 0.1, 'kernel': 'rbf', 'max_iter': 1000}, grid.best_score_=0.7, grid.best_index_=11, acc=0.55, time=0.3336181640625
03-06-2022 06:35:29|INFO|Is groups None: False 
03-06-2022 06:35:30|INFO|grid.best_params_={'C': 0.01, 'gamma': 1e-09, 'kernel': 'rbf', 'max_iter': 1000}, grid.best_score_=0.6666666666666666, grid.best_index_=0, acc=0.75, time=0.3217775821685791
03-06-2022 06:35:30|INFO|Is groups None: False 
03-06-2022 06:35:30|INFO|grid.best_params_={'C': 0.01, 'gamma': 1e-09, 'kernel': 'rbf', 'max_iter': 1000}, grid.best_score_=0.6944444444444444, grid.best_index_=0, acc=0.5, time=0.3903381824493408
03-06-2022 06:35:30|INFO|Is groups None: False 
03-06-2022 06:35:30|INFO|grid.best_params_={'C': 0.01, 'gamma': 1e-09, 'kernel': 'rbf', 'max_iter': 1000}, grid.best_score_=0.6666666666666666, grid.best_index_=0, acc=0.75, time=0.3123931884765625
03-06-2022 06:35:30|INFO|s27|10-CV=0.67000|STD=0.10296|Time spend=4.122696399688721
03-06-2022 06:35:31|INFO|Running Segment-First
03-06-2022 06:35:31|INFO|X.shape=(200, 11), y.shape=(200,), groups.shape=(200,)
03-06-2022 06:35:31|INFO|Is groups None: False 
03-06-2022 06:35:31|INFO|grid.best_params_={'C': 100.0, 'gamma': 0.1, 'kernel': 'rbf', 'max_iter': 1000}, grid.best_score_=0.5500000000000002, grid.best_index_=18, acc=0.35, time=0.5101242065429688
03-06-2022 06:35:31|INFO|Is groups None: False 
03-06-2022 06:35:32|INFO|grid.best_params_={'C': 10000000000.0, 'gamma': 1e-07, 'kernel': 'rbf', 'max_iter': 1000}, grid.best_score_=0.5666666666666668, grid.best_index_=43, acc=0.3, time=0.35318589210510254
03-06-2022 06:35:32|INFO|Is groups None: False 
03-06-2022 06:35:32|INFO|grid.best_params_={'C': 100000000.0, 'gamma': 1e-09, 'kernel': 'rbf', 'max_iter': 1000}, grid.best_score_=0.5666666666666668, grid.best_index_=35, acc=0.45, time=0.3371117115020752
03-06-2022 06:35:32|INFO|Is groups None: False 
03-06-2022 06:35:32|INFO|grid.best_params_={'C': 100000000.0, 'gamma': 1e-07, 'kernel': 'rbf', 'max_iter': 1000}, grid.best_score_=0.5611111111111111, grid.best_index_=36, acc=0.3, time=0.3519611358642578
03-06-2022 06:35:32|INFO|Is groups None: False 
03-06-2022 06:35:33|INFO|grid.best_params_={'C': 10000.0, 'gamma': 0.001, 'kernel': 'rbf', 'max_iter': 1000}, grid.best_score_=0.5333333333333334, grid.best_index_=24, acc=0.45, time=0.3282895088195801
03-06-2022 06:35:33|INFO|Is groups None: False 
03-06-2022 06:35:33|INFO|grid.best_params_={'C': 100000000.0, 'gamma': 1e-07, 'kernel': 'rbf', 'max_iter': 1000}, grid.best_score_=0.5611111111111112, grid.best_index_=36, acc=0.65, time=0.4547891616821289
03-06-2022 06:35:33|INFO|Is groups None: False 
03-06-2022 06:35:33|INFO|grid.best_params_={'C': 100000000.0, 'gamma': 1e-05, 'kernel': 'rbf', 'max_iter': 1000}, grid.best_score_=0.5166666666666667, grid.best_index_=37, acc=0.4, time=0.3346858024597168
03-06-2022 06:35:33|INFO|Is groups None: False 
03-06-2022 06:35:34|INFO|grid.best_params_={'C': 0.01, 'gamma': 1e-09, 'kernel': 'rbf', 'max_iter': 1000}, grid.best_score_=0.5555555555555556, grid.best_index_=0, acc=0.5, time=0.37258172035217285
03-06-2022 06:35:34|INFO|Is groups None: False 
03-06-2022 06:35:34|INFO|grid.best_params_={'C': 10000000000.0, 'gamma': 1e-07, 'kernel': 'rbf', 'max_iter': 1000}, grid.best_score_=0.5396296296296295, grid.best_index_=43, acc=0.45, time=0.33028459548950195
03-06-2022 06:35:34|INFO|Is groups None: False 
03-06-2022 06:35:34|INFO|grid.best_params_={'C': 1000000.0, 'gamma': 0.001, 'kernel': 'rbf', 'max_iter': 1000}, grid.best_score_=0.6000000000000001, grid.best_index_=31, acc=0.4, time=0.31441164016723633
03-06-2022 06:35:35|INFO|s28|10-CV=0.42500|STD=0.09811|Time spend=4.264430999755859
03-06-2022 06:35:35|INFO|Running Segment-First
03-06-2022 06:35:35|INFO|X.shape=(200, 11), y.shape=(200,), groups.shape=(200,)
03-06-2022 06:35:35|INFO|Is groups None: False 
03-06-2022 06:35:35|INFO|grid.best_params_={'C': 0.01, 'gamma': 1e-09, 'kernel': 'rbf', 'max_iter': 1000}, grid.best_score_=0.6111111111111112, grid.best_index_=0, acc=0.75, time=0.4135603904724121
03-06-2022 06:35:35|INFO|Is groups None: False 
03-06-2022 06:35:36|INFO|grid.best_params_={'C': 0.01, 'gamma': 1e-09, 'kernel': 'rbf', 'max_iter': 1000}, grid.best_score_=0.6111111111111112, grid.best_index_=0, acc=0.75, time=0.32839512825012207
03-06-2022 06:35:36|INFO|Is groups None: False 
03-06-2022 06:35:36|INFO|grid.best_params_={'C': 0.01, 'gamma': 1e-09, 'kernel': 'rbf', 'max_iter': 1000}, grid.best_score_=0.6111111111111112, grid.best_index_=0, acc=0.75, time=0.42583608627319336
03-06-2022 06:35:36|INFO|Is groups None: False 
03-06-2022 06:35:37|INFO|grid.best_params_={'C': 0.01, 'gamma': 1e-09, 'kernel': 'rbf', 'max_iter': 1000}, grid.best_score_=0.6388888888888888, grid.best_index_=0, acc=0.5, time=0.4240596294403076
03-06-2022 06:35:37|INFO|Is groups None: False 
03-06-2022 06:35:37|INFO|grid.best_params_={'C': 100000000.0, 'gamma': 1e-09, 'kernel': 'rbf', 'max_iter': 1000}, grid.best_score_=0.6499999999999999, grid.best_index_=35, acc=0.45, time=0.3917243480682373
03-06-2022 06:35:37|INFO|Is groups None: False 
03-06-2022 06:35:37|INFO|grid.best_params_={'C': 0.01, 'gamma': 1e-09, 'kernel': 'rbf', 'max_iter': 1000}, grid.best_score_=0.6388888888888888, grid.best_index_=0, acc=0.5, time=0.3404655456542969
03-06-2022 06:35:37|INFO|Is groups None: False 
03-06-2022 06:35:38|INFO|grid.best_params_={'C': 100000000.0, 'gamma': 1e-09, 'kernel': 'rbf', 'max_iter': 1000}, grid.best_score_=0.6722222222222222, grid.best_index_=35, acc=0.35, time=0.35673022270202637
03-06-2022 06:35:38|INFO|Is groups None: False 
03-06-2022 06:35:38|INFO|grid.best_params_={'C': 0.01, 'gamma': 1e-09, 'kernel': 'rbf', 'max_iter': 1000}, grid.best_score_=0.6388888888888888, grid.best_index_=0, acc=0.5, time=0.30776119232177734
03-06-2022 06:35:38|INFO|Is groups None: False 
03-06-2022 06:35:38|INFO|grid.best_params_={'C': 0.01, 'gamma': 1e-09, 'kernel': 'rbf', 'max_iter': 1000}, grid.best_score_=0.6111111111111112, grid.best_index_=0, acc=0.75, time=0.3342554569244385
03-06-2022 06:35:38|INFO|Is groups None: False 
03-06-2022 06:35:39|INFO|grid.best_params_={'C': 1000000.0, 'gamma': 0.001, 'kernel': 'rbf', 'max_iter': 1000}, grid.best_score_=0.6166666666666667, grid.best_index_=31, acc=0.35, time=0.4582357406616211
03-06-2022 06:35:39|INFO|s29|10-CV=0.56500|STD=0.15977|Time spend=4.379171371459961
03-06-2022 06:35:39|INFO|Running Segment-First
03-06-2022 06:35:39|INFO|X.shape=(200, 11), y.shape=(200,), groups.shape=(200,)
03-06-2022 06:35:39|INFO|Is groups None: False 
03-06-2022 06:35:40|INFO|grid.best_params_={'C': 100.0, 'gamma': 0.001, 'kernel': 'rbf', 'max_iter': 1000}, grid.best_score_=0.6111111111111112, grid.best_index_=17, acc=0.5, time=0.4758143424987793
03-06-2022 06:35:40|INFO|Is groups None: False 
03-06-2022 06:35:40|INFO|grid.best_params_={'C': 100.0, 'gamma': 0.001, 'kernel': 'rbf', 'max_iter': 1000}, grid.best_score_=0.5722222222222223, grid.best_index_=17, acc=0.8, time=0.3315460681915283
03-06-2022 06:35:40|INFO|Is groups None: False 
03-06-2022 06:35:41|INFO|grid.best_params_={'C': 1000000.0, 'gamma': 1e-07, 'kernel': 'rbf', 'max_iter': 1000}, grid.best_score_=0.5499999999999999, grid.best_index_=29, acc=0.75, time=0.35431981086730957
03-06-2022 06:35:41|INFO|Is groups None: False 
03-06-2022 06:35:41|INFO|grid.best_params_={'C': 1.0, 'gamma': 0.1, 'kernel': 'rbf', 'max_iter': 1000}, grid.best_score_=0.577777777777778, grid.best_index_=11, acc=0.5, time=0.33487534523010254
03-06-2022 06:35:41|INFO|Is groups None: False 
03-06-2022 06:35:41|INFO|grid.best_params_={'C': 10000.0, 'gamma': 1e-05, 'kernel': 'rbf', 'max_iter': 1000}, grid.best_score_=0.5666666666666667, grid.best_index_=23, acc=0.65, time=0.350679874420166
03-06-2022 06:35:41|INFO|Is groups None: False 
03-06-2022 06:35:42|INFO|grid.best_params_={'C': 100000000.0, 'gamma': 1e-07, 'kernel': 'rbf', 'max_iter': 1000}, grid.best_score_=0.6000000000000001, grid.best_index_=36, acc=0.6, time=0.3291289806365967
03-06-2022 06:35:42|INFO|Is groups None: False 
03-06-2022 06:35:42|INFO|grid.best_params_={'C': 100.0, 'gamma': 0.001, 'kernel': 'rbf', 'max_iter': 1000}, grid.best_score_=0.5611111111111111, grid.best_index_=17, acc=0.55, time=0.38486742973327637
03-06-2022 06:35:42|INFO|Is groups None: False 
03-06-2022 06:35:42|INFO|grid.best_params_={'C': 1000000.0, 'gamma': 1e-07, 'kernel': 'rbf', 'max_iter': 1000}, grid.best_score_=0.5722222222222223, grid.best_index_=29, acc=0.5, time=0.3340775966644287
03-06-2022 06:35:42|INFO|Is groups None: False 
03-06-2022 06:35:43|INFO|grid.best_params_={'C': 100.0, 'gamma': 0.001, 'kernel': 'rbf', 'max_iter': 1000}, grid.best_score_=0.5444444444444444, grid.best_index_=17, acc=0.85, time=0.33118247985839844
03-06-2022 06:35:43|INFO|Is groups None: False 
03-06-2022 06:35:43|INFO|grid.best_params_={'C': 1.0, 'gamma': 0.1, 'kernel': 'rbf', 'max_iter': 1000}, grid.best_score_=0.6111111111111112, grid.best_index_=11, acc=0.55, time=0.46196937561035156
03-06-2022 06:35:43|INFO|s30|10-CV=0.62500|STD=0.12500|Time spend=4.295603275299072
03-06-2022 06:35:44|INFO|Running Segment-First
03-06-2022 06:35:44|INFO|X.shape=(200, 11), y.shape=(200,), groups.shape=(200,)
03-06-2022 06:35:44|INFO|Is groups None: False 
03-06-2022 06:35:44|INFO|grid.best_params_={'C': 100.0, 'gamma': 0.001, 'kernel': 'rbf', 'max_iter': 1000}, grid.best_score_=0.65, grid.best_index_=17, acc=0.5, time=0.37537288665771484
03-06-2022 06:35:44|INFO|Is groups None: False 
03-06-2022 06:35:44|INFO|grid.best_params_={'C': 1000000.0, 'gamma': 1e-07, 'kernel': 'rbf', 'max_iter': 1000}, grid.best_score_=0.6499999999999999, grid.best_index_=29, acc=0.65, time=0.32613563537597656
03-06-2022 06:35:44|INFO|Is groups None: False 
03-06-2022 06:35:45|INFO|grid.best_params_={'C': 10000.0, 'gamma': 1e-05, 'kernel': 'rbf', 'max_iter': 1000}, grid.best_score_=0.65, grid.best_index_=23, acc=0.7, time=0.33057188987731934
03-06-2022 06:35:45|INFO|Is groups None: False 
03-06-2022 06:35:45|INFO|grid.best_params_={'C': 10000.0, 'gamma': 0.001, 'kernel': 'rbf', 'max_iter': 1000}, grid.best_score_=0.6611111111111111, grid.best_index_=24, acc=0.5, time=0.45069193840026855
03-06-2022 06:35:45|INFO|Is groups None: False 
03-06-2022 06:35:46|INFO|grid.best_params_={'C': 1.0, 'gamma': 0.1, 'kernel': 'rbf', 'max_iter': 1000}, grid.best_score_=0.6111111111111112, grid.best_index_=11, acc=0.55, time=0.3218822479248047
03-06-2022 06:35:46|INFO|Is groups None: False 
03-06-2022 06:35:46|INFO|grid.best_params_={'C': 100.0, 'gamma': 0.001, 'kernel': 'rbf', 'max_iter': 1000}, grid.best_score_=0.6329629629629631, grid.best_index_=17, acc=0.75, time=0.3290238380432129
03-06-2022 06:35:46|INFO|Is groups None: False 
03-06-2022 06:35:46|INFO|grid.best_params_={'C': 10000.0, 'gamma': 0.001, 'kernel': 'rbf', 'max_iter': 1000}, grid.best_score_=0.6277777777777778, grid.best_index_=24, acc=0.65, time=0.4604198932647705
03-06-2022 06:35:46|INFO|Is groups None: False 
03-06-2022 06:35:47|INFO|grid.best_params_={'C': 100.0, 'gamma': 0.001, 'kernel': 'rbf', 'max_iter': 1000}, grid.best_score_=0.6333333333333334, grid.best_index_=17, acc=0.95, time=0.32444214820861816
03-06-2022 06:35:47|INFO|Is groups None: False 
03-06-2022 06:35:47|INFO|grid.best_params_={'C': 100.0, 'gamma': 0.001, 'kernel': 'rbf', 'max_iter': 1000}, grid.best_score_=0.6000000000000001, grid.best_index_=17, acc=0.65, time=0.35859107971191406
03-06-2022 06:35:47|INFO|Is groups None: False 
03-06-2022 06:35:47|INFO|grid.best_params_={'C': 100.0, 'gamma': 0.001, 'kernel': 'rbf', 'max_iter': 1000}, grid.best_score_=0.6166666666666667, grid.best_index_=17, acc=0.6, time=0.3171684741973877
03-06-2022 06:35:47|INFO|s31|10-CV=0.65000|STD=0.12649|Time spend=4.167279958724976
03-06-2022 06:35:48|INFO|Running Segment-First
03-06-2022 06:35:48|INFO|X.shape=(200, 11), y.shape=(200,), groups.shape=(200,)
03-06-2022 06:35:48|INFO|Is groups None: False 
03-06-2022 06:35:48|INFO|grid.best_params_={'C': 1000000.0, 'gamma': 1e-07, 'kernel': 'rbf', 'max_iter': 1000}, grid.best_score_=0.672222222222222, grid.best_index_=29, acc=0.55, time=0.3927590847015381
03-06-2022 06:35:48|INFO|Is groups None: False 
03-06-2022 06:35:49|INFO|grid.best_params_={'C': 0.01, 'gamma': 1e-09, 'kernel': 'rbf', 'max_iter': 1000}, grid.best_score_=0.6944444444444444, grid.best_index_=0, acc=0.5, time=0.3079853057861328
03-06-2022 06:35:49|INFO|Is groups None: False 
03-06-2022 06:35:49|INFO|grid.best_params_={'C': 0.01, 'gamma': 1e-09, 'kernel': 'rbf', 'max_iter': 1000}, grid.best_score_=0.6666666666666666, grid.best_index_=0, acc=0.75, time=0.3475964069366455
03-06-2022 06:35:49|INFO|Is groups None: False 
03-06-2022 06:35:49|INFO|grid.best_params_={'C': 0.01, 'gamma': 1e-09, 'kernel': 'rbf', 'max_iter': 1000}, grid.best_score_=0.6666666666666666, grid.best_index_=0, acc=0.75, time=0.37563109397888184
03-06-2022 06:35:49|INFO|Is groups None: False 
03-06-2022 06:35:50|INFO|grid.best_params_={'C': 0.01, 'gamma': 1e-09, 'kernel': 'rbf', 'max_iter': 1000}, grid.best_score_=0.6666666666666666, grid.best_index_=0, acc=0.75, time=0.33074331283569336
03-06-2022 06:35:50|INFO|Is groups None: False 
03-06-2022 06:35:50|INFO|grid.best_params_={'C': 0.01, 'gamma': 1e-09, 'kernel': 'rbf', 'max_iter': 1000}, grid.best_score_=0.6666666666666666, grid.best_index_=0, acc=0.75, time=0.33809685707092285
03-06-2022 06:35:50|INFO|Is groups None: False 
03-06-2022 06:35:50|INFO|grid.best_params_={'C': 0.01, 'gamma': 1e-09, 'kernel': 'rbf', 'max_iter': 1000}, grid.best_score_=0.6944444444444444, grid.best_index_=0, acc=0.5, time=0.3157222270965576
03-06-2022 06:35:50|INFO|Is groups None: False 
03-06-2022 06:35:51|INFO|grid.best_params_={'C': 1.0, 'gamma': 0.1, 'kernel': 'rbf', 'max_iter': 1000}, grid.best_score_=0.6777777777777776, grid.best_index_=11, acc=0.65, time=0.440765380859375
03-06-2022 06:35:51|INFO|Is groups None: False 
03-06-2022 06:35:51|INFO|grid.best_params_={'C': 0.01, 'gamma': 1e-09, 'kernel': 'rbf', 'max_iter': 1000}, grid.best_score_=0.6666666666666666, grid.best_index_=0, acc=0.75, time=0.32802557945251465
03-06-2022 06:35:51|INFO|Is groups None: False 
03-06-2022 06:35:52|INFO|grid.best_params_={'C': 0.01, 'gamma': 1e-09, 'kernel': 'rbf', 'max_iter': 1000}, grid.best_score_=0.6944444444444444, grid.best_index_=0, acc=0.5, time=0.3623387813568115
03-06-2022 06:35:52|INFO|s32|10-CV=0.64500|STD=0.11281|Time spend=4.186014175415039
03-06-2022 06:35:52|INFO|final|10-CV=0.63434|STD=0.02242
