03-06-2022 05:53:24|INFO|
    Running Command: 
        python3 main-ml.py --subject_setup independent --experimental_setup trial --stimuli_class arousal --preprocessing DCAU --segment_lenght 60 --output_log ./output/independent-trial-arousal-DCAU-60.log
    Starting training:
        segment_lenght:  60
        output_log:      ./output/independent-trial-arousal-DCAU-60.log
        stimuli_class:   arousal
        preprocessing:   DCAU
        subject_setup:   independent
        experimental_setup: trial
    
03-06-2022 05:53:42|INFO|Running Segment-First
03-06-2022 05:53:42|INFO|X.shape=(1280, 11), y.shape=(1280,), groups.shape=(1280,)
03-06-2022 05:53:43|INFO|Is groups None: False 
03-06-2022 05:54:07|INFO|grid.best_params_={'C': 1.0, 'gamma': 0.1, 'kernel': 'rbf', 'max_iter': 1000}, grid.best_score_=0.6232638888888888, grid.best_index_=11, acc=0.6171875, time=24.139803171157837
03-06-2022 05:54:07|INFO|Is groups None: False 
03-06-2022 05:54:11|INFO|grid.best_params_={'C': 1.0, 'gamma': 0.1, 'kernel': 'rbf', 'max_iter': 1000}, grid.best_score_=0.625, grid.best_index_=11, acc=0.6171875, time=4.3074517250061035
03-06-2022 05:54:11|INFO|Is groups None: False 
03-06-2022 05:54:16|INFO|grid.best_params_={'C': 1.0, 'gamma': 0.1, 'kernel': 'rbf', 'max_iter': 1000}, grid.best_score_=0.6223958333333334, grid.best_index_=11, acc=0.6953125, time=4.323627471923828
03-06-2022 05:54:16|INFO|Is groups None: False 
03-06-2022 05:54:20|INFO|grid.best_params_={'C': 1.0, 'gamma': 0.1, 'kernel': 'rbf', 'max_iter': 1000}, grid.best_score_=0.6380208333333334, grid.best_index_=11, acc=0.6328125, time=4.363224506378174
03-06-2022 05:54:20|INFO|Is groups None: False 
03-06-2022 05:54:24|INFO|grid.best_params_={'C': 1.0, 'gamma': 0.1, 'kernel': 'rbf', 'max_iter': 1000}, grid.best_score_=0.6137152777777778, grid.best_index_=11, acc=0.671875, time=4.319352626800537
03-06-2022 05:54:24|INFO|Is groups None: False 
03-06-2022 05:54:29|INFO|grid.best_params_={'C': 1.0, 'gamma': 0.1, 'kernel': 'rbf', 'max_iter': 1000}, grid.best_score_=0.6258680555555556, grid.best_index_=11, acc=0.609375, time=4.3288633823394775
03-06-2022 05:54:29|INFO|Is groups None: False 
03-06-2022 05:54:33|INFO|grid.best_params_={'C': 1.0, 'gamma': 0.1, 'kernel': 'rbf', 'max_iter': 1000}, grid.best_score_=0.6380208333333334, grid.best_index_=11, acc=0.609375, time=4.265617847442627
03-06-2022 05:54:33|INFO|Is groups None: False 
03-06-2022 05:54:37|INFO|grid.best_params_={'C': 1.0, 'gamma': 0.1, 'kernel': 'rbf', 'max_iter': 1000}, grid.best_score_=0.6414930555555556, grid.best_index_=11, acc=0.6015625, time=4.437524318695068
03-06-2022 05:54:37|INFO|Is groups None: False 
03-06-2022 05:54:42|INFO|grid.best_params_={'C': 1.0, 'gamma': 0.1, 'kernel': 'rbf', 'max_iter': 1000}, grid.best_score_=0.6258680555555556, grid.best_index_=11, acc=0.6640625, time=4.385256290435791
03-06-2022 05:54:42|INFO|Is groups None: False 
03-06-2022 05:54:46|INFO|grid.best_params_={'C': 1.0, 'gamma': 0.1, 'kernel': 'rbf', 'max_iter': 1000}, grid.best_score_=0.6163194444444444, grid.best_index_=11, acc=0.7109375, time=4.2451441287994385
03-06-2022 05:54:46|INFO|all|10-CV=0.64297|STD=0.03748|Time spend=81.71991419792175
03-06-2022 05:54:46|INFO|final|10-CV=0.64297|STD=0.00000
