03-06-2022 11:18:35|INFO|
    Running Command: 
        python3 main-ml.py --subject_setup independent --experimental_setup trial --stimuli_class arousal --preprocessing DCAU --segment_lenght 1 --output_log ./output/independent-trial-arousal-DCAU-1.log
    Starting training:
        segment_lenght:  1
        output_log:      ./output/independent-trial-arousal-DCAU-1.log
        stimuli_class:   arousal
        preprocessing:   DCAU
        subject_setup:   independent
        experimental_setup: trial
    
03-06-2022 11:20:19|INFO|Running Segment-First
03-06-2022 11:20:19|INFO|X.shape=(76800, 11), y.shape=(76800,), groups.shape=(76800,)
03-06-2022 11:20:20|INFO|Is groups None: False 
03-06-2022 11:28:21|INFO|grid.best_params_={'C': 0.01, 'gamma': 1000.0, 'kernel': 'rbf', 'max_iter': 1000}, grid.best_score_=0.5738859953703703, grid.best_index_=6, acc=0.577734375, time=481.7697937488556
03-06-2022 11:28:21|INFO|Is groups None: False 
03-06-2022 11:36:07|INFO|grid.best_params_={'C': 1.0, 'gamma': 0.001, 'kernel': 'rbf', 'max_iter': 1000}, grid.best_score_=0.5771122685185185, grid.best_index_=10, acc=0.5661458333333333, time=465.6177158355713
03-06-2022 11:36:07|INFO|Is groups None: False 
03-06-2022 11:44:27|INFO|grid.best_params_={'C': 0.01, 'gamma': 0.001, 'kernel': 'rbf', 'max_iter': 1000}, grid.best_score_=0.5756221064814815, grid.best_index_=3, acc=0.5837239583333333, time=500.3547728061676
03-06-2022 11:44:27|INFO|Is groups None: False 
03-06-2022 11:52:49|INFO|grid.best_params_={'C': 100.0, 'gamma': 10.0, 'kernel': 'rbf', 'max_iter': 1000}, grid.best_score_=0.5782552083333333, grid.best_index_=19, acc=0.57265625, time=501.13698410987854
03-06-2022 11:52:49|INFO|Is groups None: False 
03-06-2022 12:01:15|INFO|grid.best_params_={'C': 1.0, 'gamma': 0.001, 'kernel': 'rbf', 'max_iter': 1000}, grid.best_score_=0.5759114583333332, grid.best_index_=10, acc=0.5744791666666667, time=506.3931095600128
03-06-2022 12:01:15|INFO|Is groups None: False 
03-06-2022 12:09:37|INFO|grid.best_params_={'C': 1.0, 'gamma': 0.001, 'kernel': 'rbf', 'max_iter': 1000}, grid.best_score_=0.5757957175925926, grid.best_index_=10, acc=0.5733072916666667, time=502.0922439098358
03-06-2022 12:09:37|INFO|Is groups None: False 
03-06-2022 12:17:57|INFO|grid.best_params_={'C': 0.01, 'gamma': 1000.0, 'kernel': 'rbf', 'max_iter': 1000}, grid.best_score_=0.5735966435185185, grid.best_index_=6, acc=0.5783854166666667, time=499.4645199775696
03-06-2022 12:17:57|INFO|Is groups None: False 
03-06-2022 12:26:15|INFO|grid.best_params_={'C': 100.0, 'gamma': 0.001, 'kernel': 'rbf', 'max_iter': 1000}, grid.best_score_=0.5755063657407408, grid.best_index_=17, acc=0.5578125, time=498.4292640686035
03-06-2022 12:26:15|INFO|Is groups None: False 
03-06-2022 12:34:31|INFO|grid.best_params_={'C': 1.0, 'gamma': 0.001, 'kernel': 'rbf', 'max_iter': 1000}, grid.best_score_=0.5769675925925926, grid.best_index_=10, acc=0.5704427083333333, time=495.84437131881714
03-06-2022 12:34:31|INFO|Is groups None: False 
03-06-2022 12:42:21|INFO|grid.best_params_={'C': 0.01, 'gamma': 0.001, 'kernel': 'rbf', 'max_iter': 1000}, grid.best_score_=0.5762586805555556, grid.best_index_=3, acc=0.563671875, time=470.476655960083
03-06-2022 12:42:21|INFO|all|10-CV=0.57184|STD=0.00726|Time spend=5026.155154466629
03-06-2022 12:42:21|INFO|final|10-CV=0.57184|STD=0.00000
