20-06-2022 17:45:12|INFO|
    Running Command: 
        python3 main-ml.py --subject_setup dependent --experimental_setup segment --stimuli_class arousal --preprocessing PLV --segment_lenght 60 --output_log ./output/dependent-segment-arousal-PLV-60.log
    Starting training:
        segment_lenght:  60
        output_log:      ./output/dependent-segment-arousal-PLV-60.log
        stimuli_class:   arousal
        preprocessing:   PLV
        subject_setup:   dependent
        experimental_setup: segment
    
20-06-2022 17:45:23|INFO|Running Split-First
20-06-2022 17:45:23|INFO|X.shape=(40, 2480), y.shape=(40,), groups.shape=(40,)
20-06-2022 17:45:23|INFO|Is groups None: True 
20-06-2022 17:45:48|INFO|1/10|grid.best_params_={'C': 100.0, 'gamma': 1e-05, 'kernel': 'rbf', 'max_iter': 1000}, grid.best_score_=0.6666666666666666, grid.best_index_=16, acc=0.5, time=25.028061866760254
20-06-2022 17:45:48|INFO|Is groups None: True 
20-06-2022 17:45:48|INFO|2/10|grid.best_params_={'C': 100.0, 'gamma': 1e-05, 'kernel': 'rbf', 'max_iter': 1000}, grid.best_score_=0.6944444444444444, grid.best_index_=16, acc=0.5, time=0.4913806915283203
20-06-2022 17:45:49|INFO|Is groups None: True 
20-06-2022 17:45:49|INFO|3/10|grid.best_params_={'C': 10000.0, 'gamma': 1e-07, 'kernel': 'rbf', 'max_iter': 1000}, grid.best_score_=0.6666666666666666, grid.best_index_=22, acc=1.0, time=0.5061161518096924
20-06-2022 17:45:49|INFO|Is groups None: True 
20-06-2022 17:45:50|INFO|4/10|grid.best_params_={'C': 100.0, 'gamma': 1e-05, 'kernel': 'rbf', 'max_iter': 1000}, grid.best_score_=0.6111111111111112, grid.best_index_=16, acc=0.75, time=0.5319092273712158
20-06-2022 17:45:50|INFO|Is groups None: True 
20-06-2022 17:45:50|INFO|5/10|grid.best_params_={'C': 100.0, 'gamma': 1e-05, 'kernel': 'rbf', 'max_iter': 1000}, grid.best_score_=0.75, grid.best_index_=16, acc=0.25, time=0.5064957141876221
20-06-2022 17:45:50|INFO|Is groups None: True 
20-06-2022 17:45:51|INFO|6/10|grid.best_params_={'C': 100.0, 'gamma': 1e-05, 'kernel': 'rbf', 'max_iter': 1000}, grid.best_score_=0.6666666666666666, grid.best_index_=16, acc=0.5, time=0.5031356811523438
20-06-2022 17:45:51|INFO|Is groups None: True 
20-06-2022 17:45:51|INFO|7/10|grid.best_params_={'C': 10000.0, 'gamma': 1e-07, 'kernel': 'rbf', 'max_iter': 1000}, grid.best_score_=0.8055555555555556, grid.best_index_=22, acc=0.25, time=0.5034682750701904
20-06-2022 17:45:51|INFO|Is groups None: True 
20-06-2022 17:45:52|INFO|8/10|grid.best_params_={'C': 100.0, 'gamma': 1e-05, 'kernel': 'rbf', 'max_iter': 1000}, grid.best_score_=0.6388888888888888, grid.best_index_=16, acc=1.0, time=0.5045020580291748
20-06-2022 17:45:52|INFO|Is groups None: True 
20-06-2022 17:45:52|INFO|9/10|grid.best_params_={'C': 100.0, 'gamma': 1e-05, 'kernel': 'rbf', 'max_iter': 1000}, grid.best_score_=0.6944444444444444, grid.best_index_=16, acc=0.5, time=0.5222680568695068
20-06-2022 17:45:52|INFO|Is groups None: True 
20-06-2022 17:45:53|INFO|10/10|grid.best_params_={'C': 1000000.0, 'gamma': 1e-09, 'kernel': 'rbf', 'max_iter': 1000}, grid.best_score_=0.6666666666666666, grid.best_index_=28, acc=0.75, time=0.50604248046875
20-06-2022 17:45:53|INFO|s01|10-CV=0.60000|STD=0.25495|Time spend=40.989200830459595
20-06-2022 17:46:04|INFO|Running Split-First
20-06-2022 17:46:04|INFO|X.shape=(40, 2480), y.shape=(40,), groups.shape=(40,)
20-06-2022 17:46:04|INFO|Is groups None: True 
20-06-2022 17:46:04|INFO|1/10|grid.best_params_={'C': 1.0, 'gamma': 0.001, 'kernel': 'rbf', 'max_iter': 1000}, grid.best_score_=0.6944444444444444, grid.best_index_=10, acc=0.75, time=0.5364334583282471
20-06-2022 17:46:04|INFO|Is groups None: True 
20-06-2022 17:46:05|INFO|2/10|grid.best_params_={'C': 1.0, 'gamma': 0.001, 'kernel': 'rbf', 'max_iter': 1000}, grid.best_score_=0.6388888888888888, grid.best_index_=10, acc=0.75, time=0.5408499240875244
20-06-2022 17:46:05|INFO|Is groups None: True 
20-06-2022 17:46:05|INFO|3/10|grid.best_params_={'C': 1.0, 'gamma': 0.001, 'kernel': 'rbf', 'max_iter': 1000}, grid.best_score_=0.6944444444444444, grid.best_index_=10, acc=0.5, time=0.5311226844787598
20-06-2022 17:46:05|INFO|Is groups None: True 
20-06-2022 17:46:06|INFO|4/10|grid.best_params_={'C': 10000.0, 'gamma': 1e-07, 'kernel': 'rbf', 'max_iter': 1000}, grid.best_score_=0.6666666666666666, grid.best_index_=22, acc=0.5, time=0.5568370819091797
20-06-2022 17:46:06|INFO|Is groups None: True 
20-06-2022 17:46:06|INFO|5/10|grid.best_params_={'C': 1.0, 'gamma': 0.001, 'kernel': 'rbf', 'max_iter': 1000}, grid.best_score_=0.7222222222222222, grid.best_index_=10, acc=0.5, time=0.5342752933502197
20-06-2022 17:46:06|INFO|Is groups None: True 
20-06-2022 17:46:07|INFO|6/10|grid.best_params_={'C': 1.0, 'gamma': 0.001, 'kernel': 'rbf', 'max_iter': 1000}, grid.best_score_=0.6944444444444444, grid.best_index_=10, acc=0.75, time=0.5364129543304443
20-06-2022 17:46:07|INFO|Is groups None: True 
20-06-2022 17:46:07|INFO|7/10|grid.best_params_={'C': 1.0, 'gamma': 0.001, 'kernel': 'rbf', 'max_iter': 1000}, grid.best_score_=0.6944444444444444, grid.best_index_=10, acc=1.0, time=0.5230166912078857
20-06-2022 17:46:07|INFO|Is groups None: True 
20-06-2022 17:46:08|INFO|8/10|grid.best_params_={'C': 1.0, 'gamma': 0.001, 'kernel': 'rbf', 'max_iter': 1000}, grid.best_score_=0.75, grid.best_index_=10, acc=0.5, time=0.507392168045044
20-06-2022 17:46:08|INFO|Is groups None: True 
20-06-2022 17:46:08|INFO|9/10|grid.best_params_={'C': 10000.0, 'gamma': 1e-07, 'kernel': 'rbf', 'max_iter': 1000}, grid.best_score_=0.7222222222222222, grid.best_index_=22, acc=0.75, time=0.5103039741516113
20-06-2022 17:46:08|INFO|Is groups None: True 
20-06-2022 17:46:09|INFO|10/10|grid.best_params_={'C': 1.0, 'gamma': 0.001, 'kernel': 'rbf', 'max_iter': 1000}, grid.best_score_=0.6944444444444444, grid.best_index_=10, acc=0.75, time=0.511786937713623
20-06-2022 17:46:09|INFO|s02|10-CV=0.67500|STD=0.16008|Time spend=16.246540069580078
20-06-2022 17:46:20|INFO|Running Split-First
20-06-2022 17:46:20|INFO|X.shape=(40, 2480), y.shape=(40,), groups.shape=(40,)
20-06-2022 17:46:20|INFO|Is groups None: True 
20-06-2022 17:46:21|INFO|1/10|grid.best_params_={'C': 100.0, 'gamma': 0.001, 'kernel': 'rbf', 'max_iter': 1000}, grid.best_score_=0.8611111111111112, grid.best_index_=17, acc=1.0, time=0.46417808532714844
20-06-2022 17:46:21|INFO|Is groups None: True 
20-06-2022 17:46:21|INFO|2/10|grid.best_params_={'C': 100.0, 'gamma': 0.001, 'kernel': 'rbf', 'max_iter': 1000}, grid.best_score_=0.8611111111111112, grid.best_index_=17, acc=1.0, time=0.4676930904388428
20-06-2022 17:46:21|INFO|Is groups None: True 
20-06-2022 17:46:22|INFO|3/10|grid.best_params_={'C': 100.0, 'gamma': 0.001, 'kernel': 'rbf', 'max_iter': 1000}, grid.best_score_=0.8888888888888888, grid.best_index_=17, acc=0.75, time=0.4957709312438965
20-06-2022 17:46:22|INFO|Is groups None: True 
20-06-2022 17:46:22|INFO|4/10|grid.best_params_={'C': 100.0, 'gamma': 0.001, 'kernel': 'rbf', 'max_iter': 1000}, grid.best_score_=0.8888888888888888, grid.best_index_=17, acc=0.75, time=0.4703390598297119
20-06-2022 17:46:22|INFO|Is groups None: True 
20-06-2022 17:46:23|INFO|5/10|grid.best_params_={'C': 100.0, 'gamma': 0.001, 'kernel': 'rbf', 'max_iter': 1000}, grid.best_score_=0.8611111111111112, grid.best_index_=17, acc=0.75, time=0.5189113616943359
20-06-2022 17:46:23|INFO|Is groups None: True 
20-06-2022 17:46:23|INFO|6/10|grid.best_params_={'C': 100.0, 'gamma': 0.001, 'kernel': 'rbf', 'max_iter': 1000}, grid.best_score_=0.8888888888888888, grid.best_index_=17, acc=0.75, time=0.515129804611206
20-06-2022 17:46:23|INFO|Is groups None: True 
20-06-2022 17:46:24|INFO|7/10|grid.best_params_={'C': 100.0, 'gamma': 0.001, 'kernel': 'rbf', 'max_iter': 1000}, grid.best_score_=0.8888888888888888, grid.best_index_=17, acc=0.75, time=0.5204243659973145
20-06-2022 17:46:24|INFO|Is groups None: True 
20-06-2022 17:46:24|INFO|8/10|grid.best_params_={'C': 100.0, 'gamma': 1e-05, 'kernel': 'rbf', 'max_iter': 1000}, grid.best_score_=0.8333333333333334, grid.best_index_=16, acc=0.5, time=0.5227899551391602
20-06-2022 17:46:25|INFO|Is groups None: True 
20-06-2022 17:46:25|INFO|9/10|grid.best_params_={'C': 100.0, 'gamma': 0.001, 'kernel': 'rbf', 'max_iter': 1000}, grid.best_score_=0.8611111111111112, grid.best_index_=17, acc=1.0, time=0.48235154151916504
20-06-2022 17:46:25|INFO|Is groups None: True 
20-06-2022 17:46:25|INFO|10/10|grid.best_params_={'C': 10000.0, 'gamma': 1e-07, 'kernel': 'rbf', 'max_iter': 1000}, grid.best_score_=0.8888888888888888, grid.best_index_=22, acc=0.0, time=0.46277666091918945
20-06-2022 17:46:25|INFO|s03|10-CV=0.72500|STD=0.28395|Time spend=16.57635760307312
20-06-2022 17:46:37|INFO|Running Split-First
20-06-2022 17:46:37|INFO|X.shape=(40, 2480), y.shape=(40,), groups.shape=(40,)
20-06-2022 17:46:37|INFO|Is groups None: True 
20-06-2022 17:46:37|INFO|1/10|grid.best_params_={'C': 10000.0, 'gamma': 1e-05, 'kernel': 'rbf', 'max_iter': 1000}, grid.best_score_=0.6666666666666666, grid.best_index_=23, acc=0.25, time=0.5126981735229492
20-06-2022 17:46:37|INFO|Is groups None: True 
20-06-2022 17:46:38|INFO|2/10|grid.best_params_={'C': 10000.0, 'gamma': 1e-05, 'kernel': 'rbf', 'max_iter': 1000}, grid.best_score_=0.6388888888888888, grid.best_index_=23, acc=0.5, time=0.5177173614501953
20-06-2022 17:46:38|INFO|Is groups None: True 
20-06-2022 17:46:38|INFO|3/10|grid.best_params_={'C': 10000.0, 'gamma': 1e-05, 'kernel': 'rbf', 'max_iter': 1000}, grid.best_score_=0.6944444444444444, grid.best_index_=23, acc=0.5, time=0.5382120609283447
20-06-2022 17:46:38|INFO|Is groups None: True 
20-06-2022 17:46:39|INFO|4/10|grid.best_params_={'C': 0.01, 'gamma': 1e-09, 'kernel': 'rbf', 'max_iter': 1000}, grid.best_score_=0.6111111111111112, grid.best_index_=0, acc=0.5, time=0.5519309043884277
20-06-2022 17:46:39|INFO|Is groups None: True 
20-06-2022 17:46:39|INFO|5/10|grid.best_params_={'C': 0.01, 'gamma': 1e-09, 'kernel': 'rbf', 'max_iter': 1000}, grid.best_score_=0.6111111111111112, grid.best_index_=0, acc=0.5, time=0.563934326171875
20-06-2022 17:46:39|INFO|Is groups None: True 
20-06-2022 17:46:40|INFO|6/10|grid.best_params_={'C': 100.0, 'gamma': 1e-05, 'kernel': 'rbf', 'max_iter': 1000}, grid.best_score_=0.6666666666666666, grid.best_index_=16, acc=0.5, time=0.5410618782043457
20-06-2022 17:46:40|INFO|Is groups None: True 
20-06-2022 17:46:40|INFO|7/10|grid.best_params_={'C': 1.0, 'gamma': 0.001, 'kernel': 'rbf', 'max_iter': 1000}, grid.best_score_=0.6111111111111112, grid.best_index_=10, acc=0.5, time=0.5172486305236816
20-06-2022 17:46:40|INFO|Is groups None: True 
20-06-2022 17:46:41|INFO|8/10|grid.best_params_={'C': 1.0, 'gamma': 0.001, 'kernel': 'rbf', 'max_iter': 1000}, grid.best_score_=0.6111111111111112, grid.best_index_=10, acc=0.5, time=0.47437334060668945
20-06-2022 17:46:41|INFO|Is groups None: True 
20-06-2022 17:46:41|INFO|9/10|grid.best_params_={'C': 0.01, 'gamma': 1e-09, 'kernel': 'rbf', 'max_iter': 1000}, grid.best_score_=0.5833333333333334, grid.best_index_=0, acc=0.75, time=0.48873329162597656
20-06-2022 17:46:41|INFO|Is groups None: True 
20-06-2022 17:46:42|INFO|10/10|grid.best_params_={'C': 0.01, 'gamma': 1e-09, 'kernel': 'rbf', 'max_iter': 1000}, grid.best_score_=0.5833333333333334, grid.best_index_=0, acc=0.75, time=0.4895782470703125
20-06-2022 17:46:42|INFO|s04|10-CV=0.52500|STD=0.13463|Time spend=16.337417364120483
20-06-2022 17:46:53|INFO|Running Split-First
20-06-2022 17:46:53|INFO|X.shape=(40, 2480), y.shape=(40,), groups.shape=(40,)
20-06-2022 17:46:53|INFO|Is groups None: True 
20-06-2022 17:46:54|INFO|1/10|grid.best_params_={'C': 10000.0, 'gamma': 1e-07, 'kernel': 'rbf', 'max_iter': 1000}, grid.best_score_=0.6666666666666666, grid.best_index_=22, acc=0.75, time=0.48250842094421387
20-06-2022 17:46:54|INFO|Is groups None: True 
20-06-2022 17:46:54|INFO|2/10|grid.best_params_={'C': 100.0, 'gamma': 0.001, 'kernel': 'rbf', 'max_iter': 1000}, grid.best_score_=0.6666666666666666, grid.best_index_=17, acc=0.75, time=0.4821608066558838
20-06-2022 17:46:54|INFO|Is groups None: True 
20-06-2022 17:46:55|INFO|3/10|grid.best_params_={'C': 10000.0, 'gamma': 1e-07, 'kernel': 'rbf', 'max_iter': 1000}, grid.best_score_=0.6666666666666666, grid.best_index_=22, acc=0.5, time=0.47493600845336914
20-06-2022 17:46:55|INFO|Is groups None: True 
20-06-2022 17:46:55|INFO|4/10|grid.best_params_={'C': 1.0, 'gamma': 0.001, 'kernel': 'rbf', 'max_iter': 1000}, grid.best_score_=0.6666666666666666, grid.best_index_=10, acc=0.5, time=0.5101051330566406
20-06-2022 17:46:55|INFO|Is groups None: True 
20-06-2022 17:46:56|INFO|5/10|grid.best_params_={'C': 1.0, 'gamma': 0.001, 'kernel': 'rbf', 'max_iter': 1000}, grid.best_score_=0.6666666666666666, grid.best_index_=10, acc=0.5, time=0.49188733100891113
20-06-2022 17:46:56|INFO|Is groups None: True 
20-06-2022 17:46:56|INFO|6/10|grid.best_params_={'C': 100.0, 'gamma': 1e-05, 'kernel': 'rbf', 'max_iter': 1000}, grid.best_score_=0.7222222222222222, grid.best_index_=16, acc=0.5, time=0.5201935768127441
20-06-2022 17:46:56|INFO|Is groups None: True 
20-06-2022 17:46:57|INFO|7/10|grid.best_params_={'C': 10000.0, 'gamma': 1e-07, 'kernel': 'rbf', 'max_iter': 1000}, grid.best_score_=0.6388888888888888, grid.best_index_=22, acc=0.75, time=0.5401959419250488
20-06-2022 17:46:57|INFO|Is groups None: True 
20-06-2022 17:46:57|INFO|8/10|grid.best_params_={'C': 100.0, 'gamma': 1e-05, 'kernel': 'rbf', 'max_iter': 1000}, grid.best_score_=0.75, grid.best_index_=16, acc=0.5, time=0.5185537338256836
20-06-2022 17:46:57|INFO|Is groups None: True 
20-06-2022 17:46:58|INFO|9/10|grid.best_params_={'C': 1000000.0, 'gamma': 1e-07, 'kernel': 'rbf', 'max_iter': 1000}, grid.best_score_=0.6388888888888888, grid.best_index_=29, acc=0.5, time=0.595395565032959
20-06-2022 17:46:58|INFO|Is groups None: True 
20-06-2022 17:46:58|INFO|10/10|grid.best_params_={'C': 100.0, 'gamma': 0.001, 'kernel': 'rbf', 'max_iter': 1000}, grid.best_score_=0.6388888888888888, grid.best_index_=17, acc=0.75, time=0.6196870803833008
20-06-2022 17:46:58|INFO|s05|10-CV=0.60000|STD=0.12247|Time spend=16.58440351486206
20-06-2022 17:47:10|INFO|Running Split-First
20-06-2022 17:47:10|INFO|X.shape=(40, 2480), y.shape=(40,), groups.shape=(40,)
20-06-2022 17:47:10|INFO|Is groups None: True 
20-06-2022 17:47:10|INFO|1/10|grid.best_params_={'C': 0.01, 'gamma': 1e-09, 'kernel': 'rbf', 'max_iter': 1000}, grid.best_score_=0.5555555555555556, grid.best_index_=0, acc=0.75, time=0.4952707290649414
20-06-2022 17:47:10|INFO|Is groups None: True 
20-06-2022 17:47:11|INFO|2/10|grid.best_params_={'C': 0.01, 'gamma': 1e-09, 'kernel': 'rbf', 'max_iter': 1000}, grid.best_score_=0.5555555555555556, grid.best_index_=0, acc=0.75, time=0.5548074245452881
20-06-2022 17:47:11|INFO|Is groups None: True 
20-06-2022 17:47:12|INFO|3/10|grid.best_params_={'C': 0.01, 'gamma': 1e-09, 'kernel': 'rbf', 'max_iter': 1000}, grid.best_score_=0.5555555555555556, grid.best_index_=0, acc=0.75, time=0.5314624309539795
20-06-2022 17:47:12|INFO|Is groups None: True 
20-06-2022 17:47:12|INFO|4/10|grid.best_params_={'C': 0.01, 'gamma': 1e-09, 'kernel': 'rbf', 'max_iter': 1000}, grid.best_score_=0.5833333333333334, grid.best_index_=0, acc=0.5, time=0.5539994239807129
20-06-2022 17:47:12|INFO|Is groups None: True 
20-06-2022 17:47:13|INFO|5/10|grid.best_params_={'C': 0.01, 'gamma': 1e-09, 'kernel': 'rbf', 'max_iter': 1000}, grid.best_score_=0.5833333333333334, grid.best_index_=0, acc=0.5, time=0.5302174091339111
20-06-2022 17:47:13|INFO|Is groups None: True 
20-06-2022 17:47:13|INFO|6/10|grid.best_params_={'C': 0.01, 'gamma': 1e-09, 'kernel': 'rbf', 'max_iter': 1000}, grid.best_score_=0.5833333333333334, grid.best_index_=0, acc=0.5, time=0.5323019027709961
20-06-2022 17:47:13|INFO|Is groups None: True 
20-06-2022 17:47:14|INFO|7/10|grid.best_params_={'C': 0.01, 'gamma': 1e-09, 'kernel': 'rbf', 'max_iter': 1000}, grid.best_score_=0.5833333333333334, grid.best_index_=0, acc=0.5, time=0.5292918682098389
20-06-2022 17:47:14|INFO|Is groups None: True 
20-06-2022 17:47:14|INFO|8/10|grid.best_params_={'C': 0.01, 'gamma': 1e-09, 'kernel': 'rbf', 'max_iter': 1000}, grid.best_score_=0.5833333333333334, grid.best_index_=0, acc=0.5, time=0.5170447826385498
20-06-2022 17:47:14|INFO|Is groups None: True 
20-06-2022 17:47:15|INFO|9/10|grid.best_params_={'C': 0.01, 'gamma': 1e-09, 'kernel': 'rbf', 'max_iter': 1000}, grid.best_score_=0.5833333333333334, grid.best_index_=0, acc=0.5, time=0.4841759204864502
20-06-2022 17:47:15|INFO|Is groups None: True 
20-06-2022 17:47:15|INFO|10/10|grid.best_params_={'C': 0.01, 'gamma': 1e-09, 'kernel': 'rbf', 'max_iter': 1000}, grid.best_score_=0.5833333333333334, grid.best_index_=0, acc=0.5, time=0.5779554843902588
20-06-2022 17:47:15|INFO|s06|10-CV=0.57500|STD=0.11456|Time spend=16.966973543167114
20-06-2022 17:47:27|INFO|Running Split-First
20-06-2022 17:47:27|INFO|X.shape=(40, 2480), y.shape=(40,), groups.shape=(40,)
20-06-2022 17:47:27|INFO|Is groups None: True 
20-06-2022 17:47:27|INFO|1/10|grid.best_params_={'C': 0.01, 'gamma': 1e-09, 'kernel': 'rbf', 'max_iter': 1000}, grid.best_score_=0.6388888888888888, grid.best_index_=0, acc=0.5, time=0.5277442932128906
20-06-2022 17:47:27|INFO|Is groups None: True 
20-06-2022 17:47:28|INFO|2/10|grid.best_params_={'C': 0.01, 'gamma': 1e-09, 'kernel': 'rbf', 'max_iter': 1000}, grid.best_score_=0.6388888888888888, grid.best_index_=0, acc=0.5, time=0.5315678119659424
20-06-2022 17:47:28|INFO|Is groups None: True 
20-06-2022 17:47:28|INFO|3/10|grid.best_params_={'C': 0.01, 'gamma': 1e-09, 'kernel': 'rbf', 'max_iter': 1000}, grid.best_score_=0.6388888888888888, grid.best_index_=0, acc=0.5, time=0.5538032054901123
20-06-2022 17:47:28|INFO|Is groups None: True 
20-06-2022 17:47:29|INFO|4/10|grid.best_params_={'C': 0.01, 'gamma': 1e-09, 'kernel': 'rbf', 'max_iter': 1000}, grid.best_score_=0.6388888888888888, grid.best_index_=0, acc=0.5, time=0.5302727222442627
20-06-2022 17:47:29|INFO|Is groups None: True 
20-06-2022 17:47:29|INFO|5/10|grid.best_params_={'C': 0.01, 'gamma': 1e-09, 'kernel': 'rbf', 'max_iter': 1000}, grid.best_score_=0.6388888888888888, grid.best_index_=0, acc=0.5, time=0.5305273532867432
20-06-2022 17:47:29|INFO|Is groups None: True 
20-06-2022 17:47:30|INFO|6/10|grid.best_params_={'C': 0.01, 'gamma': 1e-09, 'kernel': 'rbf', 'max_iter': 1000}, grid.best_score_=0.6111111111111112, grid.best_index_=0, acc=0.75, time=0.5319705009460449
20-06-2022 17:47:30|INFO|Is groups None: True 
20-06-2022 17:47:30|INFO|7/10|grid.best_params_={'C': 0.01, 'gamma': 1e-09, 'kernel': 'rbf', 'max_iter': 1000}, grid.best_score_=0.6111111111111112, grid.best_index_=0, acc=0.75, time=0.488084077835083
20-06-2022 17:47:30|INFO|Is groups None: True 
20-06-2022 17:47:31|INFO|8/10|grid.best_params_={'C': 0.01, 'gamma': 1e-09, 'kernel': 'rbf', 'max_iter': 1000}, grid.best_score_=0.6111111111111112, grid.best_index_=0, acc=0.75, time=0.47279930114746094
20-06-2022 17:47:31|INFO|Is groups None: True 
20-06-2022 17:47:31|INFO|9/10|grid.best_params_={'C': 10000.0, 'gamma': 1e-05, 'kernel': 'rbf', 'max_iter': 1000}, grid.best_score_=0.6388888888888888, grid.best_index_=23, acc=0.25, time=0.46792149543762207
20-06-2022 17:47:31|INFO|Is groups None: True 
20-06-2022 17:47:32|INFO|10/10|grid.best_params_={'C': 0.01, 'gamma': 1e-09, 'kernel': 'rbf', 'max_iter': 1000}, grid.best_score_=0.6111111111111112, grid.best_index_=0, acc=0.75, time=0.47380590438842773
20-06-2022 17:47:32|INFO|s07|10-CV=0.57500|STD=0.16008|Time spend=16.37531089782715
20-06-2022 17:47:43|INFO|Running Split-First
20-06-2022 17:47:43|INFO|X.shape=(40, 2480), y.shape=(40,), groups.shape=(40,)
20-06-2022 17:47:43|INFO|Is groups None: True 
20-06-2022 17:47:43|INFO|1/10|grid.best_params_={'C': 1000000.0, 'gamma': 1e-09, 'kernel': 'rbf', 'max_iter': 1000}, grid.best_score_=0.6388888888888888, grid.best_index_=28, acc=0.5, time=0.4819185733795166
20-06-2022 17:47:43|INFO|Is groups None: True 
20-06-2022 17:47:44|INFO|2/10|grid.best_params_={'C': 10000.0, 'gamma': 1e-05, 'kernel': 'rbf', 'max_iter': 1000}, grid.best_score_=0.7222222222222222, grid.best_index_=23, acc=0.5, time=0.5457730293273926
20-06-2022 17:47:44|INFO|Is groups None: True 
20-06-2022 17:47:44|INFO|3/10|grid.best_params_={'C': 100.0, 'gamma': 1e-05, 'kernel': 'rbf', 'max_iter': 1000}, grid.best_score_=0.6388888888888888, grid.best_index_=16, acc=0.5, time=0.5435459613800049
20-06-2022 17:47:44|INFO|Is groups None: True 
20-06-2022 17:47:45|INFO|4/10|grid.best_params_={'C': 100.0, 'gamma': 1e-05, 'kernel': 'rbf', 'max_iter': 1000}, grid.best_score_=0.6666666666666666, grid.best_index_=16, acc=0.75, time=0.5664241313934326
20-06-2022 17:47:45|INFO|Is groups None: True 
20-06-2022 17:47:46|INFO|5/10|grid.best_params_={'C': 10000.0, 'gamma': 1e-05, 'kernel': 'rbf', 'max_iter': 1000}, grid.best_score_=0.6666666666666666, grid.best_index_=23, acc=0.5, time=0.5286550521850586
20-06-2022 17:47:46|INFO|Is groups None: True 
20-06-2022 17:47:46|INFO|6/10|grid.best_params_={'C': 100.0, 'gamma': 0.001, 'kernel': 'rbf', 'max_iter': 1000}, grid.best_score_=0.6666666666666666, grid.best_index_=17, acc=0.25, time=0.5217959880828857
20-06-2022 17:47:46|INFO|Is groups None: True 
20-06-2022 17:47:47|INFO|7/10|grid.best_params_={'C': 100.0, 'gamma': 0.001, 'kernel': 'rbf', 'max_iter': 1000}, grid.best_score_=0.6111111111111112, grid.best_index_=17, acc=1.0, time=0.5095789432525635
20-06-2022 17:47:47|INFO|Is groups None: True 
20-06-2022 17:47:47|INFO|8/10|grid.best_params_={'C': 100.0, 'gamma': 0.001, 'kernel': 'rbf', 'max_iter': 1000}, grid.best_score_=0.6944444444444444, grid.best_index_=17, acc=0.5, time=0.6330146789550781
20-06-2022 17:47:47|INFO|Is groups None: True 
20-06-2022 17:47:48|INFO|9/10|grid.best_params_={'C': 0.01, 'gamma': 1e-09, 'kernel': 'rbf', 'max_iter': 1000}, grid.best_score_=0.5833333333333334, grid.best_index_=0, acc=0.5, time=0.5131998062133789
20-06-2022 17:47:48|INFO|Is groups None: True 
20-06-2022 17:47:48|INFO|10/10|grid.best_params_={'C': 100.0, 'gamma': 0.001, 'kernel': 'rbf', 'max_iter': 1000}, grid.best_score_=0.6111111111111112, grid.best_index_=17, acc=0.5, time=0.5073606967926025
20-06-2022 17:47:48|INFO|s08|10-CV=0.55000|STD=0.18708|Time spend=16.547746181488037
20-06-2022 17:47:59|INFO|Running Split-First
20-06-2022 17:47:59|INFO|X.shape=(40, 2480), y.shape=(40,), groups.shape=(40,)
20-06-2022 17:47:59|INFO|Is groups None: True 
20-06-2022 17:48:00|INFO|1/10|grid.best_params_={'C': 100.0, 'gamma': 0.001, 'kernel': 'rbf', 'max_iter': 1000}, grid.best_score_=0.6944444444444444, grid.best_index_=17, acc=0.75, time=0.4884064197540283
20-06-2022 17:48:00|INFO|Is groups None: True 
20-06-2022 17:48:00|INFO|2/10|grid.best_params_={'C': 1000000.0, 'gamma': 1e-07, 'kernel': 'rbf', 'max_iter': 1000}, grid.best_score_=0.75, grid.best_index_=29, acc=0.75, time=0.46897220611572266
20-06-2022 17:48:00|INFO|Is groups None: True 
20-06-2022 17:48:01|INFO|3/10|grid.best_params_={'C': 1000000.0, 'gamma': 1e-07, 'kernel': 'rbf', 'max_iter': 1000}, grid.best_score_=0.75, grid.best_index_=29, acc=0.75, time=0.49956655502319336
20-06-2022 17:48:01|INFO|Is groups None: True 
20-06-2022 17:48:01|INFO|4/10|grid.best_params_={'C': 100.0, 'gamma': 1e-05, 'kernel': 'rbf', 'max_iter': 1000}, grid.best_score_=0.8055555555555556, grid.best_index_=16, acc=0.75, time=0.46462249755859375
20-06-2022 17:48:01|INFO|Is groups None: True 
20-06-2022 17:48:02|INFO|5/10|grid.best_params_={'C': 1000000.0, 'gamma': 1e-07, 'kernel': 'rbf', 'max_iter': 1000}, grid.best_score_=0.8055555555555556, grid.best_index_=29, acc=0.75, time=0.5072026252746582
20-06-2022 17:48:02|INFO|Is groups None: True 
20-06-2022 17:48:02|INFO|6/10|grid.best_params_={'C': 1.0, 'gamma': 0.001, 'kernel': 'rbf', 'max_iter': 1000}, grid.best_score_=0.75, grid.best_index_=10, acc=0.5, time=0.5291011333465576
20-06-2022 17:48:02|INFO|Is groups None: True 
20-06-2022 17:48:03|INFO|7/10|grid.best_params_={'C': 1000000.0, 'gamma': 1e-07, 'kernel': 'rbf', 'max_iter': 1000}, grid.best_score_=0.8333333333333334, grid.best_index_=29, acc=0.5, time=0.5302066802978516
20-06-2022 17:48:03|INFO|Is groups None: True 
20-06-2022 17:48:03|INFO|8/10|grid.best_params_={'C': 10000.0, 'gamma': 1e-07, 'kernel': 'rbf', 'max_iter': 1000}, grid.best_score_=0.7777777777777778, grid.best_index_=22, acc=0.5, time=0.5191166400909424
20-06-2022 17:48:03|INFO|Is groups None: True 
20-06-2022 17:48:04|INFO|9/10|grid.best_params_={'C': 1000000.0, 'gamma': 1e-07, 'kernel': 'rbf', 'max_iter': 1000}, grid.best_score_=0.7222222222222222, grid.best_index_=29, acc=1.0, time=0.5143344402313232
20-06-2022 17:48:04|INFO|Is groups None: True 
20-06-2022 17:48:04|INFO|10/10|grid.best_params_={'C': 1000000.0, 'gamma': 1e-07, 'kernel': 'rbf', 'max_iter': 1000}, grid.best_score_=0.7222222222222222, grid.best_index_=29, acc=0.75, time=0.4861795902252197
20-06-2022 17:48:04|INFO|s09|10-CV=0.70000|STD=0.15000|Time spend=16.093657732009888
20-06-2022 17:48:16|INFO|Running Split-First
20-06-2022 17:48:16|INFO|X.shape=(40, 2480), y.shape=(40,), groups.shape=(40,)
20-06-2022 17:48:16|INFO|Is groups None: True 
20-06-2022 17:48:17|INFO|1/10|grid.best_params_={'C': 10000.0, 'gamma': 1e-07, 'kernel': 'rbf', 'max_iter': 1000}, grid.best_score_=0.6666666666666666, grid.best_index_=22, acc=0.5, time=0.49182844161987305
20-06-2022 17:48:17|INFO|Is groups None: True 
20-06-2022 17:48:18|INFO|2/10|grid.best_params_={'C': 10000.0, 'gamma': 1e-05, 'kernel': 'rbf', 'max_iter': 1000}, grid.best_score_=0.6388888888888888, grid.best_index_=23, acc=0.25, time=0.6028318405151367
20-06-2022 17:48:18|INFO|Is groups None: True 
20-06-2022 17:48:18|INFO|3/10|grid.best_params_={'C': 1.0, 'gamma': 0.001, 'kernel': 'rbf', 'max_iter': 1000}, grid.best_score_=0.6666666666666666, grid.best_index_=10, acc=0.25, time=0.5403168201446533
20-06-2022 17:48:18|INFO|Is groups None: True 
20-06-2022 17:48:19|INFO|4/10|grid.best_params_={'C': 10000.0, 'gamma': 1e-05, 'kernel': 'rbf', 'max_iter': 1000}, grid.best_score_=0.7222222222222222, grid.best_index_=23, acc=0.25, time=0.5356035232543945
20-06-2022 17:48:19|INFO|Is groups None: True 
20-06-2022 17:48:19|INFO|5/10|grid.best_params_={'C': 1.0, 'gamma': 0.001, 'kernel': 'rbf', 'max_iter': 1000}, grid.best_score_=0.6666666666666666, grid.best_index_=10, acc=0.5, time=0.4993155002593994
20-06-2022 17:48:19|INFO|Is groups None: True 
20-06-2022 17:48:20|INFO|6/10|grid.best_params_={'C': 100.0, 'gamma': 1e-05, 'kernel': 'rbf', 'max_iter': 1000}, grid.best_score_=0.6666666666666666, grid.best_index_=16, acc=0.25, time=0.5048091411590576
20-06-2022 17:48:20|INFO|Is groups None: True 
20-06-2022 17:48:20|INFO|7/10|grid.best_params_={'C': 10000.0, 'gamma': 1e-07, 'kernel': 'rbf', 'max_iter': 1000}, grid.best_score_=0.6666666666666666, grid.best_index_=22, acc=0.75, time=0.47757744789123535
20-06-2022 17:48:20|INFO|Is groups None: True 
20-06-2022 17:48:21|INFO|8/10|grid.best_params_={'C': 10000.0, 'gamma': 1e-07, 'kernel': 'rbf', 'max_iter': 1000}, grid.best_score_=0.6944444444444444, grid.best_index_=22, acc=0.75, time=0.4844481945037842
20-06-2022 17:48:21|INFO|Is groups None: True 
20-06-2022 17:48:21|INFO|9/10|grid.best_params_={'C': 100.0, 'gamma': 0.001, 'kernel': 'rbf', 'max_iter': 1000}, grid.best_score_=0.6388888888888888, grid.best_index_=17, acc=0.5, time=0.47101378440856934
20-06-2022 17:48:21|INFO|Is groups None: True 
20-06-2022 17:48:22|INFO|10/10|grid.best_params_={'C': 100.0, 'gamma': 1e-05, 'kernel': 'rbf', 'max_iter': 1000}, grid.best_score_=0.6388888888888888, grid.best_index_=16, acc=0.75, time=0.46840524673461914
20-06-2022 17:48:22|INFO|s10|10-CV=0.47500|STD=0.20767|Time spend=17.224660873413086
20-06-2022 17:48:33|INFO|Running Split-First
20-06-2022 17:48:33|INFO|X.shape=(40, 2480), y.shape=(40,), groups.shape=(40,)
20-06-2022 17:48:33|INFO|Is groups None: True 
20-06-2022 17:48:33|INFO|1/10|grid.best_params_={'C': 100.0, 'gamma': 0.001, 'kernel': 'rbf', 'max_iter': 1000}, grid.best_score_=0.7222222222222222, grid.best_index_=17, acc=1.0, time=0.5501558780670166
20-06-2022 17:48:33|INFO|Is groups None: True 
20-06-2022 17:48:34|INFO|2/10|grid.best_params_={'C': 100.0, 'gamma': 0.001, 'kernel': 'rbf', 'max_iter': 1000}, grid.best_score_=0.7777777777777778, grid.best_index_=17, acc=0.75, time=0.5322728157043457
20-06-2022 17:48:34|INFO|Is groups None: True 
20-06-2022 17:48:34|INFO|3/10|grid.best_params_={'C': 100.0, 'gamma': 0.001, 'kernel': 'rbf', 'max_iter': 1000}, grid.best_score_=0.8333333333333334, grid.best_index_=17, acc=0.75, time=0.5060327053070068
20-06-2022 17:48:34|INFO|Is groups None: True 
20-06-2022 17:48:35|INFO|4/10|grid.best_params_={'C': 100.0, 'gamma': 0.001, 'kernel': 'rbf', 'max_iter': 1000}, grid.best_score_=0.7777777777777778, grid.best_index_=17, acc=0.75, time=0.5239980220794678
20-06-2022 17:48:35|INFO|Is groups None: True 
20-06-2022 17:48:35|INFO|5/10|grid.best_params_={'C': 100.0, 'gamma': 0.001, 'kernel': 'rbf', 'max_iter': 1000}, grid.best_score_=0.8333333333333334, grid.best_index_=17, acc=0.75, time=0.49439239501953125
20-06-2022 17:48:35|INFO|Is groups None: True 
20-06-2022 17:48:36|INFO|6/10|grid.best_params_={'C': 100.0, 'gamma': 0.001, 'kernel': 'rbf', 'max_iter': 1000}, grid.best_score_=0.8333333333333334, grid.best_index_=17, acc=0.5, time=0.5420033931732178
20-06-2022 17:48:36|INFO|Is groups None: True 
20-06-2022 17:48:37|INFO|7/10|grid.best_params_={'C': 10000.0, 'gamma': 1e-05, 'kernel': 'rbf', 'max_iter': 1000}, grid.best_score_=0.7777777777777778, grid.best_index_=23, acc=0.5, time=0.5354974269866943
20-06-2022 17:48:37|INFO|Is groups None: True 
20-06-2022 17:48:37|INFO|8/10|grid.best_params_={'C': 100.0, 'gamma': 0.001, 'kernel': 'rbf', 'max_iter': 1000}, grid.best_score_=0.8055555555555556, grid.best_index_=17, acc=0.75, time=0.5055437088012695
20-06-2022 17:48:37|INFO|Is groups None: True 
20-06-2022 17:48:38|INFO|9/10|grid.best_params_={'C': 100.0, 'gamma': 0.001, 'kernel': 'rbf', 'max_iter': 1000}, grid.best_score_=0.7777777777777778, grid.best_index_=17, acc=1.0, time=0.47786450386047363
20-06-2022 17:48:38|INFO|Is groups None: True 
20-06-2022 17:48:38|INFO|10/10|grid.best_params_={'C': 100.0, 'gamma': 0.001, 'kernel': 'rbf', 'max_iter': 1000}, grid.best_score_=0.75, grid.best_index_=17, acc=0.75, time=0.47980642318725586
20-06-2022 17:48:38|INFO|s11|10-CV=0.75000|STD=0.15811|Time spend=16.44099760055542
20-06-2022 17:48:50|INFO|Running Split-First
20-06-2022 17:48:50|INFO|X.shape=(40, 2480), y.shape=(40,), groups.shape=(40,)
20-06-2022 17:48:50|INFO|Is groups None: True 
20-06-2022 17:48:50|INFO|1/10|grid.best_params_={'C': 0.01, 'gamma': 1e-09, 'kernel': 'rbf', 'max_iter': 1000}, grid.best_score_=0.8055555555555556, grid.best_index_=0, acc=1.0, time=0.5142273902893066
20-06-2022 17:48:50|INFO|Is groups None: True 
20-06-2022 17:48:51|INFO|2/10|grid.best_params_={'C': 10000.0, 'gamma': 1e-07, 'kernel': 'rbf', 'max_iter': 1000}, grid.best_score_=0.8333333333333334, grid.best_index_=22, acc=1.0, time=0.5444583892822266
20-06-2022 17:48:51|INFO|Is groups None: True 
20-06-2022 17:48:51|INFO|3/10|grid.best_params_={'C': 0.01, 'gamma': 1e-09, 'kernel': 'rbf', 'max_iter': 1000}, grid.best_score_=0.8055555555555556, grid.best_index_=0, acc=1.0, time=0.4999969005584717
20-06-2022 17:48:51|INFO|Is groups None: True 
20-06-2022 17:48:52|INFO|4/10|grid.best_params_={'C': 0.01, 'gamma': 1e-09, 'kernel': 'rbf', 'max_iter': 1000}, grid.best_score_=0.8333333333333334, grid.best_index_=0, acc=0.75, time=0.48506760597229004
20-06-2022 17:48:52|INFO|Is groups None: True 
20-06-2022 17:48:52|INFO|5/10|grid.best_params_={'C': 0.01, 'gamma': 1e-09, 'kernel': 'rbf', 'max_iter': 1000}, grid.best_score_=0.8333333333333334, grid.best_index_=0, acc=0.75, time=0.517014741897583
20-06-2022 17:48:52|INFO|Is groups None: True 
20-06-2022 17:48:53|INFO|6/10|grid.best_params_={'C': 100.0, 'gamma': 1e-05, 'kernel': 'rbf', 'max_iter': 1000}, grid.best_score_=0.8611111111111112, grid.best_index_=16, acc=0.5, time=0.5127623081207275
20-06-2022 17:48:53|INFO|Is groups None: True 
20-06-2022 17:48:53|INFO|7/10|grid.best_params_={'C': 10000.0, 'gamma': 1e-05, 'kernel': 'rbf', 'max_iter': 1000}, grid.best_score_=0.8611111111111112, grid.best_index_=23, acc=0.75, time=0.6363224983215332
20-06-2022 17:48:53|INFO|Is groups None: True 
20-06-2022 17:48:54|INFO|8/10|grid.best_params_={'C': 0.01, 'gamma': 1e-09, 'kernel': 'rbf', 'max_iter': 1000}, grid.best_score_=0.8333333333333334, grid.best_index_=0, acc=0.75, time=0.46425890922546387
20-06-2022 17:48:54|INFO|Is groups None: True 
20-06-2022 17:48:54|INFO|9/10|grid.best_params_={'C': 10000.0, 'gamma': 1e-05, 'kernel': 'rbf', 'max_iter': 1000}, grid.best_score_=0.8611111111111112, grid.best_index_=23, acc=0.75, time=0.47855377197265625
20-06-2022 17:48:54|INFO|Is groups None: True 
20-06-2022 17:48:55|INFO|10/10|grid.best_params_={'C': 100.0, 'gamma': 1e-05, 'kernel': 'rbf', 'max_iter': 1000}, grid.best_score_=0.8611111111111112, grid.best_index_=16, acc=0.75, time=0.54573655128479
20-06-2022 17:48:55|INFO|s12|10-CV=0.80000|STD=0.15000|Time spend=16.82670307159424
20-06-2022 17:49:07|INFO|Running Split-First
20-06-2022 17:49:07|INFO|X.shape=(40, 2480), y.shape=(40,), groups.shape=(40,)
20-06-2022 17:49:07|INFO|Is groups None: True 
20-06-2022 17:49:07|INFO|1/10|grid.best_params_={'C': 0.01, 'gamma': 1e-09, 'kernel': 'rbf', 'max_iter': 1000}, grid.best_score_=0.8333333333333334, grid.best_index_=0, acc=1.0, time=0.5166933536529541
20-06-2022 17:49:07|INFO|Is groups None: True 
20-06-2022 17:49:08|INFO|2/10|grid.best_params_={'C': 0.01, 'gamma': 1e-09, 'kernel': 'rbf', 'max_iter': 1000}, grid.best_score_=0.8333333333333334, grid.best_index_=0, acc=1.0, time=0.5278849601745605
20-06-2022 17:49:08|INFO|Is groups None: True 
20-06-2022 17:49:08|INFO|3/10|grid.best_params_={'C': 0.01, 'gamma': 1e-09, 'kernel': 'rbf', 'max_iter': 1000}, grid.best_score_=0.8333333333333334, grid.best_index_=0, acc=1.0, time=0.49905824661254883
20-06-2022 17:49:08|INFO|Is groups None: True 
20-06-2022 17:49:09|INFO|4/10|grid.best_params_={'C': 0.01, 'gamma': 1e-09, 'kernel': 'rbf', 'max_iter': 1000}, grid.best_score_=0.8333333333333334, grid.best_index_=0, acc=1.0, time=0.520989179611206
20-06-2022 17:49:09|INFO|Is groups None: True 
20-06-2022 17:49:10|INFO|5/10|grid.best_params_={'C': 100.0, 'gamma': 1e-05, 'kernel': 'rbf', 'max_iter': 1000}, grid.best_score_=0.8888888888888888, grid.best_index_=16, acc=0.75, time=0.5253751277923584
20-06-2022 17:49:10|INFO|Is groups None: True 
20-06-2022 17:49:10|INFO|6/10|grid.best_params_={'C': 0.01, 'gamma': 1e-09, 'kernel': 'rbf', 'max_iter': 1000}, grid.best_score_=0.8611111111111112, grid.best_index_=0, acc=0.75, time=0.46671390533447266
20-06-2022 17:49:10|INFO|Is groups None: True 
20-06-2022 17:49:10|INFO|7/10|grid.best_params_={'C': 0.01, 'gamma': 1e-09, 'kernel': 'rbf', 'max_iter': 1000}, grid.best_score_=0.8611111111111112, grid.best_index_=0, acc=0.75, time=0.4527292251586914
20-06-2022 17:49:10|INFO|Is groups None: True 
20-06-2022 17:49:11|INFO|8/10|grid.best_params_={'C': 0.01, 'gamma': 1e-09, 'kernel': 'rbf', 'max_iter': 1000}, grid.best_score_=0.8611111111111112, grid.best_index_=0, acc=0.75, time=0.45888614654541016
20-06-2022 17:49:11|INFO|Is groups None: True 
20-06-2022 17:49:11|INFO|9/10|grid.best_params_={'C': 0.01, 'gamma': 1e-09, 'kernel': 'rbf', 'max_iter': 1000}, grid.best_score_=0.8611111111111112, grid.best_index_=0, acc=0.75, time=0.4849677085876465
20-06-2022 17:49:11|INFO|Is groups None: True 
20-06-2022 17:49:12|INFO|10/10|grid.best_params_={'C': 0.01, 'gamma': 1e-09, 'kernel': 'rbf', 'max_iter': 1000}, grid.best_score_=0.8611111111111112, grid.best_index_=0, acc=0.75, time=0.45801758766174316
20-06-2022 17:49:12|INFO|s13|10-CV=0.85000|STD=0.12247|Time spend=17.016407251358032
20-06-2022 17:49:24|INFO|Running Split-First
20-06-2022 17:49:24|INFO|X.shape=(40, 2480), y.shape=(40,), groups.shape=(40,)
20-06-2022 17:49:24|INFO|Is groups None: True 
20-06-2022 17:49:24|INFO|1/10|grid.best_params_={'C': 10000.0, 'gamma': 1e-07, 'kernel': 'rbf', 'max_iter': 1000}, grid.best_score_=0.6944444444444444, grid.best_index_=22, acc=0.75, time=0.4757421016693115
20-06-2022 17:49:24|INFO|Is groups None: True 
20-06-2022 17:49:25|INFO|2/10|grid.best_params_={'C': 0.01, 'gamma': 1e-09, 'kernel': 'rbf', 'max_iter': 1000}, grid.best_score_=0.6666666666666666, grid.best_index_=0, acc=0.75, time=0.4756307601928711
20-06-2022 17:49:25|INFO|Is groups None: True 
20-06-2022 17:49:25|INFO|3/10|grid.best_params_={'C': 1000000.0, 'gamma': 1e-09, 'kernel': 'rbf', 'max_iter': 1000}, grid.best_score_=0.6944444444444444, grid.best_index_=28, acc=0.5, time=0.5026097297668457
20-06-2022 17:49:25|INFO|Is groups None: True 
20-06-2022 17:49:26|INFO|4/10|grid.best_params_={'C': 10000.0, 'gamma': 1e-07, 'kernel': 'rbf', 'max_iter': 1000}, grid.best_score_=0.7777777777777778, grid.best_index_=22, acc=0.75, time=0.4993305206298828
20-06-2022 17:49:26|INFO|Is groups None: True 
20-06-2022 17:49:26|INFO|5/10|grid.best_params_={'C': 1000000.0, 'gamma': 1e-09, 'kernel': 'rbf', 'max_iter': 1000}, grid.best_score_=0.6944444444444444, grid.best_index_=28, acc=0.5, time=0.5291564464569092
20-06-2022 17:49:26|INFO|Is groups None: True 
20-06-2022 17:49:27|INFO|6/10|grid.best_params_={'C': 0.01, 'gamma': 1e-09, 'kernel': 'rbf', 'max_iter': 1000}, grid.best_score_=0.6666666666666666, grid.best_index_=0, acc=0.75, time=0.5198664665222168
20-06-2022 17:49:27|INFO|Is groups None: True 
20-06-2022 17:49:27|INFO|7/10|grid.best_params_={'C': 100.0, 'gamma': 1e-05, 'kernel': 'rbf', 'max_iter': 1000}, grid.best_score_=0.6944444444444444, grid.best_index_=16, acc=0.75, time=0.5383706092834473
20-06-2022 17:49:27|INFO|Is groups None: True 
20-06-2022 17:49:28|INFO|8/10|grid.best_params_={'C': 10000.0, 'gamma': 1e-07, 'kernel': 'rbf', 'max_iter': 1000}, grid.best_score_=0.75, grid.best_index_=22, acc=0.5, time=0.5115561485290527
20-06-2022 17:49:28|INFO|Is groups None: True 
20-06-2022 17:49:28|INFO|9/10|grid.best_params_={'C': 0.01, 'gamma': 1e-09, 'kernel': 'rbf', 'max_iter': 1000}, grid.best_score_=0.6944444444444444, grid.best_index_=0, acc=0.5, time=0.47606706619262695
20-06-2022 17:49:28|INFO|Is groups None: True 
20-06-2022 17:49:29|INFO|10/10|grid.best_params_={'C': 0.01, 'gamma': 1e-09, 'kernel': 'rbf', 'max_iter': 1000}, grid.best_score_=0.6944444444444444, grid.best_index_=0, acc=0.5, time=0.4663712978363037
20-06-2022 17:49:29|INFO|s14|10-CV=0.62500|STD=0.12500|Time spend=16.789950370788574
20-06-2022 17:49:40|INFO|Running Split-First
20-06-2022 17:49:40|INFO|X.shape=(40, 2480), y.shape=(40,), groups.shape=(40,)
20-06-2022 17:49:40|INFO|Is groups None: True 
20-06-2022 17:49:40|INFO|1/10|grid.best_params_={'C': 10000.0, 'gamma': 1e-05, 'kernel': 'rbf', 'max_iter': 1000}, grid.best_score_=0.6111111111111112, grid.best_index_=23, acc=0.75, time=0.515310525894165
20-06-2022 17:49:40|INFO|Is groups None: True 
20-06-2022 17:49:41|INFO|2/10|grid.best_params_={'C': 10000.0, 'gamma': 1e-05, 'kernel': 'rbf', 'max_iter': 1000}, grid.best_score_=0.6388888888888888, grid.best_index_=23, acc=0.75, time=0.5611646175384521
20-06-2022 17:49:41|INFO|Is groups None: True 
20-06-2022 17:49:42|INFO|3/10|grid.best_params_={'C': 1000000.0, 'gamma': 1e-07, 'kernel': 'rbf', 'max_iter': 1000}, grid.best_score_=0.6944444444444444, grid.best_index_=29, acc=0.5, time=0.5317389965057373
20-06-2022 17:49:42|INFO|Is groups None: True 
20-06-2022 17:49:42|INFO|4/10|grid.best_params_={'C': 1.0, 'gamma': 0.001, 'kernel': 'rbf', 'max_iter': 1000}, grid.best_score_=0.6388888888888888, grid.best_index_=10, acc=0.25, time=0.5196499824523926
20-06-2022 17:49:42|INFO|Is groups None: True 
20-06-2022 17:49:43|INFO|5/10|grid.best_params_={'C': 10000.0, 'gamma': 1e-05, 'kernel': 'rbf', 'max_iter': 1000}, grid.best_score_=0.6388888888888888, grid.best_index_=23, acc=0.75, time=0.5182793140411377
20-06-2022 17:49:43|INFO|Is groups None: True 
20-06-2022 17:49:43|INFO|6/10|grid.best_params_={'C': 100.0, 'gamma': 1e-05, 'kernel': 'rbf', 'max_iter': 1000}, grid.best_score_=0.6111111111111112, grid.best_index_=16, acc=0.5, time=0.5458989143371582
20-06-2022 17:49:43|INFO|Is groups None: True 
20-06-2022 17:49:44|INFO|7/10|grid.best_params_={'C': 1000000.0, 'gamma': 1e-07, 'kernel': 'rbf', 'max_iter': 1000}, grid.best_score_=0.6111111111111112, grid.best_index_=29, acc=0.75, time=0.533134937286377
20-06-2022 17:49:44|INFO|Is groups None: True 
20-06-2022 17:49:44|INFO|8/10|grid.best_params_={'C': 10000.0, 'gamma': 1e-05, 'kernel': 'rbf', 'max_iter': 1000}, grid.best_score_=0.6111111111111112, grid.best_index_=23, acc=1.0, time=0.4851710796356201
20-06-2022 17:49:44|INFO|Is groups None: True 
20-06-2022 17:49:45|INFO|9/10|grid.best_params_={'C': 100000000.0, 'gamma': 1e-09, 'kernel': 'rbf', 'max_iter': 1000}, grid.best_score_=0.75, grid.best_index_=35, acc=0.5, time=0.5548534393310547
20-06-2022 17:49:45|INFO|Is groups None: True 
20-06-2022 17:49:45|INFO|10/10|grid.best_params_={'C': 1.0, 'gamma': 0.001, 'kernel': 'rbf', 'max_iter': 1000}, grid.best_score_=0.7222222222222222, grid.best_index_=10, acc=0.0, time=0.5153794288635254
20-06-2022 17:49:45|INFO|s15|10-CV=0.57500|STD=0.27500|Time spend=16.642414331436157
20-06-2022 17:49:57|INFO|Running Split-First
20-06-2022 17:49:57|INFO|X.shape=(40, 2480), y.shape=(40,), groups.shape=(40,)
20-06-2022 17:49:57|INFO|Is groups None: True 
20-06-2022 17:49:58|INFO|1/10|grid.best_params_={'C': 10000.0, 'gamma': 1e-07, 'kernel': 'rbf', 'max_iter': 1000}, grid.best_score_=0.6944444444444444, grid.best_index_=22, acc=0.5, time=0.48446130752563477
20-06-2022 17:49:58|INFO|Is groups None: True 
20-06-2022 17:49:58|INFO|2/10|grid.best_params_={'C': 10000.0, 'gamma': 1e-07, 'kernel': 'rbf', 'max_iter': 1000}, grid.best_score_=0.6666666666666666, grid.best_index_=22, acc=1.0, time=0.5056626796722412
20-06-2022 17:49:58|INFO|Is groups None: True 
20-06-2022 17:49:59|INFO|3/10|grid.best_params_={'C': 100000000.0, 'gamma': 1e-09, 'kernel': 'rbf', 'max_iter': 1000}, grid.best_score_=0.6944444444444444, grid.best_index_=35, acc=0.75, time=0.4894547462463379
20-06-2022 17:49:59|INFO|Is groups None: True 
20-06-2022 17:49:59|INFO|4/10|grid.best_params_={'C': 10000.0, 'gamma': 1e-07, 'kernel': 'rbf', 'max_iter': 1000}, grid.best_score_=0.7222222222222222, grid.best_index_=22, acc=0.75, time=0.5330781936645508
20-06-2022 17:49:59|INFO|Is groups None: True 
20-06-2022 17:50:00|INFO|5/10|grid.best_params_={'C': 100000000.0, 'gamma': 1e-09, 'kernel': 'rbf', 'max_iter': 1000}, grid.best_score_=0.7222222222222222, grid.best_index_=35, acc=0.75, time=0.5518209934234619
20-06-2022 17:50:00|INFO|Is groups None: True 
20-06-2022 17:50:00|INFO|6/10|grid.best_params_={'C': 100.0, 'gamma': 1e-05, 'kernel': 'rbf', 'max_iter': 1000}, grid.best_score_=0.75, grid.best_index_=16, acc=0.75, time=0.5275654792785645
20-06-2022 17:50:00|INFO|Is groups None: True 
20-06-2022 17:50:01|INFO|7/10|grid.best_params_={'C': 100.0, 'gamma': 1e-05, 'kernel': 'rbf', 'max_iter': 1000}, grid.best_score_=0.75, grid.best_index_=16, acc=0.5, time=0.5216598510742188
20-06-2022 17:50:01|INFO|Is groups None: True 
20-06-2022 17:50:01|INFO|8/10|grid.best_params_={'C': 100.0, 'gamma': 1e-05, 'kernel': 'rbf', 'max_iter': 1000}, grid.best_score_=0.6666666666666666, grid.best_index_=16, acc=1.0, time=0.47111940383911133
20-06-2022 17:50:01|INFO|Is groups None: True 
20-06-2022 17:50:02|INFO|9/10|grid.best_params_={'C': 0.01, 'gamma': 1e-09, 'kernel': 'rbf', 'max_iter': 1000}, grid.best_score_=0.6944444444444444, grid.best_index_=0, acc=0.75, time=0.5039534568786621
20-06-2022 17:50:02|INFO|Is groups None: True 
20-06-2022 17:50:02|INFO|10/10|grid.best_params_={'C': 10000.0, 'gamma': 1e-05, 'kernel': 'rbf', 'max_iter': 1000}, grid.best_score_=0.8333333333333334, grid.best_index_=23, acc=0.5, time=0.49498772621154785
20-06-2022 17:50:02|INFO|s16|10-CV=0.72500|STD=0.17500|Time spend=16.885301113128662
20-06-2022 17:50:14|INFO|Running Split-First
20-06-2022 17:50:14|INFO|X.shape=(40, 2480), y.shape=(40,), groups.shape=(40,)
20-06-2022 17:50:14|INFO|Is groups None: True 
20-06-2022 17:50:15|INFO|1/10|grid.best_params_={'C': 100.0, 'gamma': 1e-05, 'kernel': 'rbf', 'max_iter': 1000}, grid.best_score_=0.8333333333333334, grid.best_index_=16, acc=0.75, time=0.5034606456756592
20-06-2022 17:50:15|INFO|Is groups None: True 
20-06-2022 17:50:15|INFO|2/10|grid.best_params_={'C': 100.0, 'gamma': 1e-05, 'kernel': 'rbf', 'max_iter': 1000}, grid.best_score_=0.8333333333333334, grid.best_index_=16, acc=1.0, time=0.5035338401794434
20-06-2022 17:50:15|INFO|Is groups None: True 
20-06-2022 17:50:16|INFO|3/10|grid.best_params_={'C': 100.0, 'gamma': 1e-05, 'kernel': 'rbf', 'max_iter': 1000}, grid.best_score_=0.8611111111111112, grid.best_index_=16, acc=1.0, time=0.5129663944244385
20-06-2022 17:50:16|INFO|Is groups None: True 
20-06-2022 17:50:16|INFO|4/10|grid.best_params_={'C': 100.0, 'gamma': 1e-05, 'kernel': 'rbf', 'max_iter': 1000}, grid.best_score_=0.8888888888888888, grid.best_index_=16, acc=0.75, time=0.5314600467681885
20-06-2022 17:50:16|INFO|Is groups None: True 
20-06-2022 17:50:17|INFO|5/10|grid.best_params_={'C': 100.0, 'gamma': 1e-05, 'kernel': 'rbf', 'max_iter': 1000}, grid.best_score_=0.8888888888888888, grid.best_index_=16, acc=0.75, time=0.5294733047485352
20-06-2022 17:50:17|INFO|Is groups None: True 
20-06-2022 17:50:17|INFO|6/10|grid.best_params_={'C': 100.0, 'gamma': 1e-05, 'kernel': 'rbf', 'max_iter': 1000}, grid.best_score_=0.8888888888888888, grid.best_index_=16, acc=0.75, time=0.5070173740386963
20-06-2022 17:50:17|INFO|Is groups None: True 
20-06-2022 17:50:18|INFO|7/10|grid.best_params_={'C': 100.0, 'gamma': 1e-05, 'kernel': 'rbf', 'max_iter': 1000}, grid.best_score_=0.8888888888888888, grid.best_index_=16, acc=0.75, time=0.4673285484313965
20-06-2022 17:50:18|INFO|Is groups None: True 
20-06-2022 17:50:18|INFO|8/10|grid.best_params_={'C': 100.0, 'gamma': 1e-05, 'kernel': 'rbf', 'max_iter': 1000}, grid.best_score_=0.8333333333333334, grid.best_index_=16, acc=1.0, time=0.46922874450683594
20-06-2022 17:50:18|INFO|Is groups None: True 
20-06-2022 17:50:19|INFO|9/10|grid.best_params_={'C': 1000000.0, 'gamma': 1e-09, 'kernel': 'rbf', 'max_iter': 1000}, grid.best_score_=0.8611111111111112, grid.best_index_=28, acc=0.5, time=0.46480727195739746
20-06-2022 17:50:19|INFO|Is groups None: True 
20-06-2022 17:50:19|INFO|10/10|grid.best_params_={'C': 100.0, 'gamma': 1e-05, 'kernel': 'rbf', 'max_iter': 1000}, grid.best_score_=0.8611111111111112, grid.best_index_=16, acc=0.75, time=0.4733459949493408
20-06-2022 17:50:19|INFO|s17|10-CV=0.80000|STD=0.15000|Time spend=17.06549334526062
20-06-2022 17:50:31|INFO|Running Split-First
20-06-2022 17:50:31|INFO|X.shape=(40, 2480), y.shape=(40,), groups.shape=(40,)
20-06-2022 17:50:31|INFO|Is groups None: True 
20-06-2022 17:50:31|INFO|1/10|grid.best_params_={'C': 0.01, 'gamma': 1e-09, 'kernel': 'rbf', 'max_iter': 1000}, grid.best_score_=0.6111111111111112, grid.best_index_=0, acc=0.75, time=0.53171706199646
20-06-2022 17:50:31|INFO|Is groups None: True 
20-06-2022 17:50:32|INFO|2/10|grid.best_params_={'C': 0.01, 'gamma': 1e-09, 'kernel': 'rbf', 'max_iter': 1000}, grid.best_score_=0.6111111111111112, grid.best_index_=0, acc=0.75, time=0.4851210117340088
20-06-2022 17:50:32|INFO|Is groups None: True 
20-06-2022 17:50:32|INFO|3/10|grid.best_params_={'C': 0.01, 'gamma': 1e-09, 'kernel': 'rbf', 'max_iter': 1000}, grid.best_score_=0.6111111111111112, grid.best_index_=0, acc=0.75, time=0.4928755760192871
20-06-2022 17:50:32|INFO|Is groups None: True 
20-06-2022 17:50:33|INFO|4/10|grid.best_params_={'C': 0.01, 'gamma': 1e-09, 'kernel': 'rbf', 'max_iter': 1000}, grid.best_score_=0.6111111111111112, grid.best_index_=0, acc=0.75, time=0.5984413623809814
20-06-2022 17:50:33|INFO|Is groups None: True 
20-06-2022 17:50:33|INFO|5/10|grid.best_params_={'C': 0.01, 'gamma': 1e-09, 'kernel': 'rbf', 'max_iter': 1000}, grid.best_score_=0.6111111111111112, grid.best_index_=0, acc=0.75, time=0.551781415939331
20-06-2022 17:50:33|INFO|Is groups None: True 
20-06-2022 17:50:34|INFO|6/10|grid.best_params_={'C': 1000000.0, 'gamma': 1e-09, 'kernel': 'rbf', 'max_iter': 1000}, grid.best_score_=0.6666666666666666, grid.best_index_=28, acc=0.25, time=0.5428619384765625
20-06-2022 17:50:34|INFO|Is groups None: True 
20-06-2022 17:50:34|INFO|7/10|grid.best_params_={'C': 0.01, 'gamma': 1e-09, 'kernel': 'rbf', 'max_iter': 1000}, grid.best_score_=0.6388888888888888, grid.best_index_=0, acc=0.5, time=0.5482640266418457
20-06-2022 17:50:34|INFO|Is groups None: True 
20-06-2022 17:50:35|INFO|8/10|grid.best_params_={'C': 0.01, 'gamma': 1e-09, 'kernel': 'rbf', 'max_iter': 1000}, grid.best_score_=0.6388888888888888, grid.best_index_=0, acc=0.5, time=0.4942443370819092
20-06-2022 17:50:35|INFO|Is groups None: True 
20-06-2022 17:50:35|INFO|9/10|grid.best_params_={'C': 0.01, 'gamma': 1e-09, 'kernel': 'rbf', 'max_iter': 1000}, grid.best_score_=0.6388888888888888, grid.best_index_=0, acc=0.5, time=0.48021554946899414
20-06-2022 17:50:35|INFO|Is groups None: True 
20-06-2022 17:50:36|INFO|10/10|grid.best_params_={'C': 0.01, 'gamma': 1e-09, 'kernel': 'rbf', 'max_iter': 1000}, grid.best_score_=0.6388888888888888, grid.best_index_=0, acc=0.5, time=0.5012059211730957
20-06-2022 17:50:36|INFO|s18|10-CV=0.60000|STD=0.16583|Time spend=16.69135308265686
20-06-2022 17:50:47|INFO|Running Split-First
20-06-2022 17:50:47|INFO|X.shape=(40, 2480), y.shape=(40,), groups.shape=(40,)
20-06-2022 17:50:47|INFO|Is groups None: True 
20-06-2022 17:50:47|INFO|1/10|grid.best_params_={'C': 10000.0, 'gamma': 1e-07, 'kernel': 'rbf', 'max_iter': 1000}, grid.best_score_=0.8055555555555556, grid.best_index_=22, acc=1.0, time=0.5110292434692383
20-06-2022 17:50:47|INFO|Is groups None: True 
20-06-2022 17:50:48|INFO|2/10|grid.best_params_={'C': 100.0, 'gamma': 1e-05, 'kernel': 'rbf', 'max_iter': 1000}, grid.best_score_=0.8333333333333334, grid.best_index_=16, acc=0.75, time=0.5830364227294922
20-06-2022 17:50:48|INFO|Is groups None: True 
20-06-2022 17:50:49|INFO|3/10|grid.best_params_={'C': 100.0, 'gamma': 1e-05, 'kernel': 'rbf', 'max_iter': 1000}, grid.best_score_=0.6944444444444444, grid.best_index_=16, acc=1.0, time=0.5309605598449707
20-06-2022 17:50:49|INFO|Is groups None: True 
20-06-2022 17:50:49|INFO|4/10|grid.best_params_={'C': 100.0, 'gamma': 1e-05, 'kernel': 'rbf', 'max_iter': 1000}, grid.best_score_=0.7222222222222222, grid.best_index_=16, acc=1.0, time=0.5635890960693359
20-06-2022 17:50:49|INFO|Is groups None: True 
20-06-2022 17:50:50|INFO|5/10|grid.best_params_={'C': 0.01, 'gamma': 1e-09, 'kernel': 'rbf', 'max_iter': 1000}, grid.best_score_=0.6666666666666666, grid.best_index_=0, acc=0.75, time=0.5628573894500732
20-06-2022 17:50:50|INFO|Is groups None: True 
20-06-2022 17:50:50|INFO|6/10|grid.best_params_={'C': 100.0, 'gamma': 1e-05, 'kernel': 'rbf', 'max_iter': 1000}, grid.best_score_=0.6944444444444444, grid.best_index_=16, acc=1.0, time=0.4933922290802002
20-06-2022 17:50:50|INFO|Is groups None: True 
20-06-2022 17:50:51|INFO|7/10|grid.best_params_={'C': 100.0, 'gamma': 1e-05, 'kernel': 'rbf', 'max_iter': 1000}, grid.best_score_=0.8055555555555556, grid.best_index_=16, acc=0.5, time=0.4809596538543701
20-06-2022 17:50:51|INFO|Is groups None: True 
20-06-2022 17:50:51|INFO|8/10|grid.best_params_={'C': 100.0, 'gamma': 1e-05, 'kernel': 'rbf', 'max_iter': 1000}, grid.best_score_=0.8611111111111112, grid.best_index_=16, acc=0.5, time=0.4742300510406494
20-06-2022 17:50:51|INFO|Is groups None: True 
20-06-2022 17:50:52|INFO|9/10|grid.best_params_={'C': 100.0, 'gamma': 1e-05, 'kernel': 'rbf', 'max_iter': 1000}, grid.best_score_=0.8611111111111112, grid.best_index_=16, acc=0.5, time=0.4764103889465332
20-06-2022 17:50:52|INFO|Is groups None: True 
20-06-2022 17:50:52|INFO|10/10|grid.best_params_={'C': 10000.0, 'gamma': 1e-07, 'kernel': 'rbf', 'max_iter': 1000}, grid.best_score_=0.8055555555555556, grid.best_index_=22, acc=0.5, time=0.6445715427398682
20-06-2022 17:50:52|INFO|s19|10-CV=0.75000|STD=0.22361|Time spend=16.39918541908264
20-06-2022 17:51:04|INFO|Running Split-First
20-06-2022 17:51:04|INFO|X.shape=(40, 2480), y.shape=(40,), groups.shape=(40,)
20-06-2022 17:51:04|INFO|Is groups None: True 
20-06-2022 17:51:04|INFO|1/10|grid.best_params_={'C': 0.01, 'gamma': 1e-09, 'kernel': 'rbf', 'max_iter': 1000}, grid.best_score_=0.7777777777777778, grid.best_index_=0, acc=0.75, time=0.5163652896881104
20-06-2022 17:51:04|INFO|Is groups None: True 
20-06-2022 17:51:05|INFO|2/10|grid.best_params_={'C': 0.01, 'gamma': 1e-09, 'kernel': 'rbf', 'max_iter': 1000}, grid.best_score_=0.7777777777777778, grid.best_index_=0, acc=0.75, time=0.5054428577423096
20-06-2022 17:51:05|INFO|Is groups None: True 
20-06-2022 17:51:05|INFO|3/10|grid.best_params_={'C': 0.01, 'gamma': 1e-09, 'kernel': 'rbf', 'max_iter': 1000}, grid.best_score_=0.7777777777777778, grid.best_index_=0, acc=0.75, time=0.48899269104003906
20-06-2022 17:51:05|INFO|Is groups None: True 
20-06-2022 17:51:06|INFO|4/10|grid.best_params_={'C': 0.01, 'gamma': 1e-09, 'kernel': 'rbf', 'max_iter': 1000}, grid.best_score_=0.7777777777777778, grid.best_index_=0, acc=0.75, time=0.5162367820739746
20-06-2022 17:51:06|INFO|Is groups None: True 
20-06-2022 17:51:06|INFO|5/10|grid.best_params_={'C': 0.01, 'gamma': 1e-09, 'kernel': 'rbf', 'max_iter': 1000}, grid.best_score_=0.7777777777777778, grid.best_index_=0, acc=0.75, time=0.5227785110473633
20-06-2022 17:51:06|INFO|Is groups None: True 
20-06-2022 17:51:07|INFO|6/10|grid.best_params_={'C': 0.01, 'gamma': 1e-09, 'kernel': 'rbf', 'max_iter': 1000}, grid.best_score_=0.7777777777777778, grid.best_index_=0, acc=0.75, time=0.5294284820556641
20-06-2022 17:51:07|INFO|Is groups None: True 
20-06-2022 17:51:07|INFO|7/10|grid.best_params_={'C': 100.0, 'gamma': 1e-05, 'kernel': 'rbf', 'max_iter': 1000}, grid.best_score_=0.8055555555555556, grid.best_index_=16, acc=0.25, time=0.4942283630371094
20-06-2022 17:51:07|INFO|Is groups None: True 
20-06-2022 17:51:08|INFO|8/10|grid.best_params_={'C': 0.01, 'gamma': 1e-09, 'kernel': 'rbf', 'max_iter': 1000}, grid.best_score_=0.7777777777777778, grid.best_index_=0, acc=0.75, time=0.4668412208557129
20-06-2022 17:51:08|INFO|Is groups None: True 
20-06-2022 17:51:08|INFO|9/10|grid.best_params_={'C': 0.01, 'gamma': 1e-09, 'kernel': 'rbf', 'max_iter': 1000}, grid.best_score_=0.7777777777777778, grid.best_index_=0, acc=0.75, time=0.47974181175231934
20-06-2022 17:51:08|INFO|Is groups None: True 
20-06-2022 17:51:09|INFO|10/10|grid.best_params_={'C': 0.01, 'gamma': 1e-09, 'kernel': 'rbf', 'max_iter': 1000}, grid.best_score_=0.75, grid.best_index_=0, acc=1.0, time=0.5326745510101318
20-06-2022 17:51:09|INFO|s20|10-CV=0.72500|STD=0.17500|Time spend=16.585642099380493
20-06-2022 17:51:21|INFO|Running Split-First
20-06-2022 17:51:21|INFO|X.shape=(40, 2480), y.shape=(40,), groups.shape=(40,)
20-06-2022 17:51:21|INFO|Is groups None: True 
20-06-2022 17:51:21|INFO|1/10|grid.best_params_={'C': 0.01, 'gamma': 1e-09, 'kernel': 'rbf', 'max_iter': 1000}, grid.best_score_=0.8055555555555556, grid.best_index_=0, acc=0.75, time=0.5197641849517822
20-06-2022 17:51:21|INFO|Is groups None: True 
20-06-2022 17:51:22|INFO|2/10|grid.best_params_={'C': 100.0, 'gamma': 1e-05, 'kernel': 'rbf', 'max_iter': 1000}, grid.best_score_=0.8333333333333334, grid.best_index_=16, acc=0.75, time=0.5033113956451416
20-06-2022 17:51:22|INFO|Is groups None: True 
20-06-2022 17:51:22|INFO|3/10|grid.best_params_={'C': 0.01, 'gamma': 1e-09, 'kernel': 'rbf', 'max_iter': 1000}, grid.best_score_=0.8055555555555556, grid.best_index_=0, acc=0.75, time=0.5308263301849365
20-06-2022 17:51:22|INFO|Is groups None: True 
20-06-2022 17:51:23|INFO|4/10|grid.best_params_={'C': 0.01, 'gamma': 1e-09, 'kernel': 'rbf', 'max_iter': 1000}, grid.best_score_=0.8055555555555556, grid.best_index_=0, acc=0.75, time=0.5149493217468262
20-06-2022 17:51:23|INFO|Is groups None: True 
20-06-2022 17:51:24|INFO|5/10|grid.best_params_={'C': 10000.0, 'gamma': 1e-05, 'kernel': 'rbf', 'max_iter': 1000}, grid.best_score_=0.8333333333333334, grid.best_index_=23, acc=0.75, time=0.57381272315979
20-06-2022 17:51:24|INFO|Is groups None: True 
20-06-2022 17:51:24|INFO|6/10|grid.best_params_={'C': 0.01, 'gamma': 1e-09, 'kernel': 'rbf', 'max_iter': 1000}, grid.best_score_=0.8055555555555556, grid.best_index_=0, acc=0.75, time=0.5014278888702393
20-06-2022 17:51:24|INFO|Is groups None: True 
20-06-2022 17:51:25|INFO|7/10|grid.best_params_={'C': 10000.0, 'gamma': 1e-05, 'kernel': 'rbf', 'max_iter': 1000}, grid.best_score_=0.8333333333333334, grid.best_index_=23, acc=0.75, time=0.530339241027832
20-06-2022 17:51:25|INFO|Is groups None: True 
20-06-2022 17:51:25|INFO|8/10|grid.best_params_={'C': 0.01, 'gamma': 1e-09, 'kernel': 'rbf', 'max_iter': 1000}, grid.best_score_=0.8055555555555556, grid.best_index_=0, acc=0.75, time=0.487851619720459
20-06-2022 17:51:25|INFO|Is groups None: True 
20-06-2022 17:51:26|INFO|9/10|grid.best_params_={'C': 100000000.0, 'gamma': 1e-09, 'kernel': 'rbf', 'max_iter': 1000}, grid.best_score_=0.8055555555555556, grid.best_index_=35, acc=1.0, time=0.4877011775970459
20-06-2022 17:51:26|INFO|Is groups None: True 
20-06-2022 17:51:26|INFO|10/10|grid.best_params_={'C': 1000000.0, 'gamma': 1e-07, 'kernel': 'rbf', 'max_iter': 1000}, grid.best_score_=0.8333333333333334, grid.best_index_=29, acc=0.25, time=0.4799540042877197
20-06-2022 17:51:26|INFO|s21|10-CV=0.72500|STD=0.17500|Time spend=17.139121055603027
20-06-2022 17:51:37|INFO|Running Split-First
20-06-2022 17:51:37|INFO|X.shape=(40, 2480), y.shape=(40,), groups.shape=(40,)
20-06-2022 17:51:37|INFO|Is groups None: True 
20-06-2022 17:51:37|INFO|1/10|grid.best_params_={'C': 0.01, 'gamma': 1e-09, 'kernel': 'rbf', 'max_iter': 1000}, grid.best_score_=0.6111111111111112, grid.best_index_=0, acc=0.5, time=0.5051651000976562
20-06-2022 17:51:37|INFO|Is groups None: True 
20-06-2022 17:51:38|INFO|2/10|grid.best_params_={'C': 0.01, 'gamma': 1e-09, 'kernel': 'rbf', 'max_iter': 1000}, grid.best_score_=0.6111111111111112, grid.best_index_=0, acc=0.5, time=0.5577623844146729
20-06-2022 17:51:38|INFO|Is groups None: True 
20-06-2022 17:51:39|INFO|3/10|grid.best_params_={'C': 0.01, 'gamma': 1e-09, 'kernel': 'rbf', 'max_iter': 1000}, grid.best_score_=0.6111111111111112, grid.best_index_=0, acc=0.5, time=0.5581073760986328
20-06-2022 17:51:39|INFO|Is groups None: True 
20-06-2022 17:51:39|INFO|4/10|grid.best_params_={'C': 0.01, 'gamma': 1e-09, 'kernel': 'rbf', 'max_iter': 1000}, grid.best_score_=0.6111111111111112, grid.best_index_=0, acc=0.5, time=0.5228173732757568
20-06-2022 17:51:39|INFO|Is groups None: True 
20-06-2022 17:51:40|INFO|5/10|grid.best_params_={'C': 0.01, 'gamma': 1e-09, 'kernel': 'rbf', 'max_iter': 1000}, grid.best_score_=0.6111111111111112, grid.best_index_=0, acc=0.5, time=0.5309464931488037
20-06-2022 17:51:40|INFO|Is groups None: True 
20-06-2022 17:51:40|INFO|6/10|grid.best_params_={'C': 0.01, 'gamma': 1e-09, 'kernel': 'rbf', 'max_iter': 1000}, grid.best_score_=0.6111111111111112, grid.best_index_=0, acc=0.5, time=0.5574624538421631
20-06-2022 17:51:40|INFO|Is groups None: True 
20-06-2022 17:51:41|INFO|7/10|grid.best_params_={'C': 0.01, 'gamma': 1e-09, 'kernel': 'rbf', 'max_iter': 1000}, grid.best_score_=0.5833333333333334, grid.best_index_=0, acc=0.75, time=0.5684244632720947
20-06-2022 17:51:41|INFO|Is groups None: True 
20-06-2022 17:51:41|INFO|8/10|grid.best_params_={'C': 0.01, 'gamma': 1e-09, 'kernel': 'rbf', 'max_iter': 1000}, grid.best_score_=0.5833333333333334, grid.best_index_=0, acc=0.75, time=0.507220983505249
20-06-2022 17:51:41|INFO|Is groups None: True 
20-06-2022 17:51:42|INFO|9/10|grid.best_params_={'C': 100.0, 'gamma': 0.001, 'kernel': 'rbf', 'max_iter': 1000}, grid.best_score_=0.6388888888888888, grid.best_index_=17, acc=0.25, time=0.4835014343261719
20-06-2022 17:51:42|INFO|Is groups None: True 
20-06-2022 17:51:42|INFO|10/10|grid.best_params_={'C': 0.01, 'gamma': 1e-09, 'kernel': 'rbf', 'max_iter': 1000}, grid.best_score_=0.5833333333333334, grid.best_index_=0, acc=0.75, time=0.5031261444091797
20-06-2022 17:51:42|INFO|s22|10-CV=0.55000|STD=0.15000|Time spend=16.157440900802612
20-06-2022 17:51:54|INFO|Running Split-First
20-06-2022 17:51:54|INFO|X.shape=(40, 2480), y.shape=(40,), groups.shape=(40,)
20-06-2022 17:51:54|INFO|Is groups None: True 
20-06-2022 17:51:54|INFO|1/10|grid.best_params_={'C': 100.0, 'gamma': 0.001, 'kernel': 'rbf', 'max_iter': 1000}, grid.best_score_=0.7777777777777778, grid.best_index_=17, acc=0.75, time=0.5275168418884277
20-06-2022 17:51:54|INFO|Is groups None: True 
20-06-2022 17:51:55|INFO|2/10|grid.best_params_={'C': 0.01, 'gamma': 1e-09, 'kernel': 'rbf', 'max_iter': 1000}, grid.best_score_=0.75, grid.best_index_=0, acc=0.75, time=0.5320804119110107
20-06-2022 17:51:55|INFO|Is groups None: True 
20-06-2022 17:51:55|INFO|3/10|grid.best_params_={'C': 100.0, 'gamma': 0.001, 'kernel': 'rbf', 'max_iter': 1000}, grid.best_score_=0.7777777777777778, grid.best_index_=17, acc=0.75, time=0.5460214614868164
20-06-2022 17:51:55|INFO|Is groups None: True 
20-06-2022 17:51:56|INFO|4/10|grid.best_params_={'C': 100.0, 'gamma': 0.001, 'kernel': 'rbf', 'max_iter': 1000}, grid.best_score_=0.7777777777777778, grid.best_index_=17, acc=0.75, time=0.4967308044433594
20-06-2022 17:51:56|INFO|Is groups None: True 
20-06-2022 17:51:56|INFO|5/10|grid.best_params_={'C': 0.01, 'gamma': 1e-09, 'kernel': 'rbf', 'max_iter': 1000}, grid.best_score_=0.75, grid.best_index_=0, acc=0.75, time=0.46798157691955566
20-06-2022 17:51:56|INFO|Is groups None: True 
20-06-2022 17:51:57|INFO|6/10|grid.best_params_={'C': 0.01, 'gamma': 1e-09, 'kernel': 'rbf', 'max_iter': 1000}, grid.best_score_=0.75, grid.best_index_=0, acc=0.75, time=0.46186017990112305
20-06-2022 17:51:57|INFO|Is groups None: True 
20-06-2022 17:51:57|INFO|7/10|grid.best_params_={'C': 100.0, 'gamma': 1e-05, 'kernel': 'rbf', 'max_iter': 1000}, grid.best_score_=0.7777777777777778, grid.best_index_=16, acc=0.5, time=0.47678041458129883
20-06-2022 17:51:57|INFO|Is groups None: True 
20-06-2022 17:51:58|INFO|8/10|grid.best_params_={'C': 100.0, 'gamma': 0.001, 'kernel': 'rbf', 'max_iter': 1000}, grid.best_score_=0.7777777777777778, grid.best_index_=17, acc=0.75, time=0.5357210636138916
20-06-2022 17:51:58|INFO|Is groups None: True 
20-06-2022 17:51:58|INFO|9/10|grid.best_params_={'C': 0.01, 'gamma': 1e-09, 'kernel': 'rbf', 'max_iter': 1000}, grid.best_score_=0.75, grid.best_index_=0, acc=0.75, time=0.5428662300109863
20-06-2022 17:51:58|INFO|Is groups None: True 
20-06-2022 17:51:59|INFO|10/10|grid.best_params_={'C': 100.0, 'gamma': 0.001, 'kernel': 'rbf', 'max_iter': 1000}, grid.best_score_=0.7777777777777778, grid.best_index_=17, acc=0.75, time=0.55568528175354
20-06-2022 17:51:59|INFO|s23|10-CV=0.72500|STD=0.07500|Time spend=16.619197845458984
20-06-2022 17:52:11|INFO|Running Split-First
20-06-2022 17:52:11|INFO|X.shape=(40, 2480), y.shape=(40,), groups.shape=(40,)
20-06-2022 17:52:11|INFO|Is groups None: True 
20-06-2022 17:52:11|INFO|1/10|grid.best_params_={'C': 100.0, 'gamma': 0.001, 'kernel': 'rbf', 'max_iter': 1000}, grid.best_score_=0.8333333333333334, grid.best_index_=17, acc=0.75, time=0.47266459465026855
20-06-2022 17:52:11|INFO|Is groups None: True 
20-06-2022 17:52:12|INFO|2/10|grid.best_params_={'C': 0.01, 'gamma': 1e-09, 'kernel': 'rbf', 'max_iter': 1000}, grid.best_score_=0.8055555555555556, grid.best_index_=0, acc=1.0, time=0.4848005771636963
20-06-2022 17:52:12|INFO|Is groups None: True 
20-06-2022 17:52:12|INFO|3/10|grid.best_params_={'C': 100.0, 'gamma': 0.001, 'kernel': 'rbf', 'max_iter': 1000}, grid.best_score_=0.8333333333333334, grid.best_index_=17, acc=0.75, time=0.47536230087280273
20-06-2022 17:52:12|INFO|Is groups None: True 
20-06-2022 17:52:13|INFO|4/10|grid.best_params_={'C': 0.01, 'gamma': 1e-09, 'kernel': 'rbf', 'max_iter': 1000}, grid.best_score_=0.8333333333333334, grid.best_index_=0, acc=0.75, time=0.5218541622161865
20-06-2022 17:52:13|INFO|Is groups None: True 
20-06-2022 17:52:14|INFO|5/10|grid.best_params_={'C': 0.01, 'gamma': 1e-09, 'kernel': 'rbf', 'max_iter': 1000}, grid.best_score_=0.8333333333333334, grid.best_index_=0, acc=0.75, time=0.5355367660522461
20-06-2022 17:52:14|INFO|Is groups None: True 
20-06-2022 17:52:14|INFO|6/10|grid.best_params_={'C': 0.01, 'gamma': 1e-09, 'kernel': 'rbf', 'max_iter': 1000}, grid.best_score_=0.8333333333333334, grid.best_index_=0, acc=0.75, time=0.5193440914154053
20-06-2022 17:52:14|INFO|Is groups None: True 
20-06-2022 17:52:15|INFO|7/10|grid.best_params_={'C': 10000.0, 'gamma': 1e-05, 'kernel': 'rbf', 'max_iter': 1000}, grid.best_score_=0.8611111111111112, grid.best_index_=23, acc=0.5, time=0.5242650508880615
20-06-2022 17:52:15|INFO|Is groups None: True 
20-06-2022 17:52:15|INFO|8/10|grid.best_params_={'C': 1000000.0, 'gamma': 1e-07, 'kernel': 'rbf', 'max_iter': 1000}, grid.best_score_=0.8611111111111112, grid.best_index_=29, acc=0.5, time=0.4938795566558838
20-06-2022 17:52:15|INFO|Is groups None: True 
20-06-2022 17:52:16|INFO|9/10|grid.best_params_={'C': 0.01, 'gamma': 1e-09, 'kernel': 'rbf', 'max_iter': 1000}, grid.best_score_=0.8333333333333334, grid.best_index_=0, acc=0.75, time=0.4623537063598633
20-06-2022 17:52:16|INFO|Is groups None: True 
20-06-2022 17:52:16|INFO|10/10|grid.best_params_={'C': 0.01, 'gamma': 1e-09, 'kernel': 'rbf', 'max_iter': 1000}, grid.best_score_=0.8333333333333334, grid.best_index_=0, acc=0.75, time=0.4625205993652344
20-06-2022 17:52:16|INFO|s24|10-CV=0.72500|STD=0.13463|Time spend=17.161436319351196
20-06-2022 17:52:28|INFO|Running Split-First
20-06-2022 17:52:28|INFO|X.shape=(40, 2480), y.shape=(40,), groups.shape=(40,)
20-06-2022 17:52:28|INFO|Is groups None: True 
20-06-2022 17:52:28|INFO|1/10|grid.best_params_={'C': 100000000.0, 'gamma': 1e-09, 'kernel': 'rbf', 'max_iter': 1000}, grid.best_score_=0.75, grid.best_index_=35, acc=0.5, time=0.48578643798828125
20-06-2022 17:52:28|INFO|Is groups None: True 
20-06-2022 17:52:29|INFO|2/10|grid.best_params_={'C': 100.0, 'gamma': 0.001, 'kernel': 'rbf', 'max_iter': 1000}, grid.best_score_=0.7777777777777778, grid.best_index_=17, acc=0.75, time=0.4621882438659668
20-06-2022 17:52:29|INFO|Is groups None: True 
20-06-2022 17:52:29|INFO|3/10|grid.best_params_={'C': 0.01, 'gamma': 1e-09, 'kernel': 'rbf', 'max_iter': 1000}, grid.best_score_=0.7222222222222222, grid.best_index_=0, acc=0.75, time=0.5043661594390869
20-06-2022 17:52:29|INFO|Is groups None: True 
20-06-2022 17:52:30|INFO|4/10|grid.best_params_={'C': 0.01, 'gamma': 1e-09, 'kernel': 'rbf', 'max_iter': 1000}, grid.best_score_=0.7222222222222222, grid.best_index_=0, acc=0.75, time=0.5158603191375732
20-06-2022 17:52:30|INFO|Is groups None: True 
20-06-2022 17:52:30|INFO|5/10|grid.best_params_={'C': 10000.0, 'gamma': 1e-05, 'kernel': 'rbf', 'max_iter': 1000}, grid.best_score_=0.75, grid.best_index_=23, acc=0.25, time=0.5293693542480469
20-06-2022 17:52:30|INFO|Is groups None: True 
20-06-2022 17:52:31|INFO|6/10|grid.best_params_={'C': 0.01, 'gamma': 1e-09, 'kernel': 'rbf', 'max_iter': 1000}, grid.best_score_=0.7222222222222222, grid.best_index_=0, acc=0.75, time=0.5252947807312012
20-06-2022 17:52:31|INFO|Is groups None: True 
20-06-2022 17:52:31|INFO|7/10|grid.best_params_={'C': 0.01, 'gamma': 1e-09, 'kernel': 'rbf', 'max_iter': 1000}, grid.best_score_=0.7222222222222222, grid.best_index_=0, acc=0.75, time=0.5337719917297363
20-06-2022 17:52:31|INFO|Is groups None: True 
20-06-2022 17:52:32|INFO|8/10|grid.best_params_={'C': 0.01, 'gamma': 1e-09, 'kernel': 'rbf', 'max_iter': 1000}, grid.best_score_=0.7222222222222222, grid.best_index_=0, acc=0.75, time=0.5252096652984619
20-06-2022 17:52:32|INFO|Is groups None: True 
20-06-2022 17:52:32|INFO|9/10|grid.best_params_={'C': 0.01, 'gamma': 1e-09, 'kernel': 'rbf', 'max_iter': 1000}, grid.best_score_=0.7222222222222222, grid.best_index_=0, acc=0.75, time=0.49909353256225586
20-06-2022 17:52:32|INFO|Is groups None: True 
20-06-2022 17:52:33|INFO|10/10|grid.best_params_={'C': 0.01, 'gamma': 1e-09, 'kernel': 'rbf', 'max_iter': 1000}, grid.best_score_=0.75, grid.best_index_=0, acc=0.5, time=0.5306437015533447
20-06-2022 17:52:33|INFO|s25|10-CV=0.65000|STD=0.16583|Time spend=16.860161066055298
20-06-2022 17:52:44|INFO|Running Split-First
20-06-2022 17:52:44|INFO|X.shape=(40, 2480), y.shape=(40,), groups.shape=(40,)
20-06-2022 17:52:44|INFO|Is groups None: True 
20-06-2022 17:52:44|INFO|1/10|grid.best_params_={'C': 0.01, 'gamma': 1e-09, 'kernel': 'rbf', 'max_iter': 1000}, grid.best_score_=0.5833333333333334, grid.best_index_=0, acc=0.5, time=0.5040638446807861
20-06-2022 17:52:44|INFO|Is groups None: True 
20-06-2022 17:52:45|INFO|2/10|grid.best_params_={'C': 10000.0, 'gamma': 1e-07, 'kernel': 'rbf', 'max_iter': 1000}, grid.best_score_=0.6944444444444444, grid.best_index_=22, acc=0.25, time=0.539024829864502
20-06-2022 17:52:45|INFO|Is groups None: True 
20-06-2022 17:52:46|INFO|3/10|grid.best_params_={'C': 100.0, 'gamma': 1e-05, 'kernel': 'rbf', 'max_iter': 1000}, grid.best_score_=0.6111111111111112, grid.best_index_=16, acc=0.75, time=0.5317375659942627
20-06-2022 17:52:46|INFO|Is groups None: True 
20-06-2022 17:52:46|INFO|4/10|grid.best_params_={'C': 0.01, 'gamma': 1e-09, 'kernel': 'rbf', 'max_iter': 1000}, grid.best_score_=0.5833333333333334, grid.best_index_=0, acc=0.5, time=0.5114924907684326
20-06-2022 17:52:46|INFO|Is groups None: True 
20-06-2022 17:52:47|INFO|5/10|grid.best_params_={'C': 100.0, 'gamma': 0.001, 'kernel': 'rbf', 'max_iter': 1000}, grid.best_score_=0.6111111111111112, grid.best_index_=17, acc=0.25, time=0.4909369945526123
20-06-2022 17:52:47|INFO|Is groups None: True 
20-06-2022 17:52:47|INFO|6/10|grid.best_params_={'C': 100.0, 'gamma': 1e-05, 'kernel': 'rbf', 'max_iter': 1000}, grid.best_score_=0.6666666666666666, grid.best_index_=16, acc=0.5, time=0.5341033935546875
20-06-2022 17:52:47|INFO|Is groups None: True 
20-06-2022 17:52:48|INFO|7/10|grid.best_params_={'C': 0.01, 'gamma': 1e-09, 'kernel': 'rbf', 'max_iter': 1000}, grid.best_score_=0.5833333333333334, grid.best_index_=0, acc=0.5, time=0.5298776626586914
20-06-2022 17:52:48|INFO|Is groups None: True 
20-06-2022 17:52:48|INFO|8/10|grid.best_params_={'C': 100.0, 'gamma': 0.001, 'kernel': 'rbf', 'max_iter': 1000}, grid.best_score_=0.6388888888888888, grid.best_index_=17, acc=0.25, time=0.4804961681365967
20-06-2022 17:52:48|INFO|Is groups None: True 
20-06-2022 17:52:49|INFO|9/10|grid.best_params_={'C': 0.01, 'gamma': 1e-09, 'kernel': 'rbf', 'max_iter': 1000}, grid.best_score_=0.5555555555555556, grid.best_index_=0, acc=0.75, time=0.4867997169494629
20-06-2022 17:52:49|INFO|Is groups None: True 
20-06-2022 17:52:49|INFO|10/10|grid.best_params_={'C': 100.0, 'gamma': 0.001, 'kernel': 'rbf', 'max_iter': 1000}, grid.best_score_=0.6666666666666666, grid.best_index_=17, acc=0.5, time=0.46645641326904297
20-06-2022 17:52:49|INFO|s26|10-CV=0.47500|STD=0.17500|Time spend=16.195443391799927
20-06-2022 17:53:01|INFO|Running Split-First
20-06-2022 17:53:01|INFO|X.shape=(40, 2480), y.shape=(40,), groups.shape=(40,)
20-06-2022 17:53:01|INFO|Is groups None: True 
20-06-2022 17:53:02|INFO|1/10|grid.best_params_={'C': 1.0, 'gamma': 0.001, 'kernel': 'rbf', 'max_iter': 1000}, grid.best_score_=0.7777777777777778, grid.best_index_=10, acc=0.5, time=0.47505784034729004
20-06-2022 17:53:02|INFO|Is groups None: True 
20-06-2022 17:53:02|INFO|2/10|grid.best_params_={'C': 0.01, 'gamma': 1e-09, 'kernel': 'rbf', 'max_iter': 1000}, grid.best_score_=0.6666666666666666, grid.best_index_=0, acc=0.75, time=0.486630916595459
20-06-2022 17:53:02|INFO|Is groups None: True 
20-06-2022 17:53:03|INFO|3/10|grid.best_params_={'C': 0.01, 'gamma': 1e-09, 'kernel': 'rbf', 'max_iter': 1000}, grid.best_score_=0.6666666666666666, grid.best_index_=0, acc=0.75, time=0.5004947185516357
20-06-2022 17:53:03|INFO|Is groups None: True 
20-06-2022 17:53:03|INFO|4/10|grid.best_params_={'C': 100.0, 'gamma': 0.001, 'kernel': 'rbf', 'max_iter': 1000}, grid.best_score_=0.7222222222222222, grid.best_index_=17, acc=0.5, time=0.5242063999176025
20-06-2022 17:53:03|INFO|Is groups None: True 
20-06-2022 17:53:04|INFO|5/10|grid.best_params_={'C': 100.0, 'gamma': 0.001, 'kernel': 'rbf', 'max_iter': 1000}, grid.best_score_=0.6944444444444444, grid.best_index_=17, acc=0.75, time=0.5202276706695557
20-06-2022 17:53:04|INFO|Is groups None: True 
20-06-2022 17:53:04|INFO|6/10|grid.best_params_={'C': 100.0, 'gamma': 0.001, 'kernel': 'rbf', 'max_iter': 1000}, grid.best_score_=0.6944444444444444, grid.best_index_=17, acc=0.75, time=0.5459003448486328
20-06-2022 17:53:04|INFO|Is groups None: True 
20-06-2022 17:53:05|INFO|7/10|grid.best_params_={'C': 100.0, 'gamma': 0.001, 'kernel': 'rbf', 'max_iter': 1000}, grid.best_score_=0.7222222222222222, grid.best_index_=17, acc=0.5, time=0.5386707782745361
20-06-2022 17:53:05|INFO|Is groups None: True 
20-06-2022 17:53:05|INFO|8/10|grid.best_params_={'C': 0.01, 'gamma': 1e-09, 'kernel': 'rbf', 'max_iter': 1000}, grid.best_score_=0.6944444444444444, grid.best_index_=0, acc=0.5, time=0.4797484874725342
20-06-2022 17:53:05|INFO|Is groups None: True 
20-06-2022 17:53:06|INFO|9/10|grid.best_params_={'C': 0.01, 'gamma': 1e-09, 'kernel': 'rbf', 'max_iter': 1000}, grid.best_score_=0.6944444444444444, grid.best_index_=0, acc=0.5, time=0.501929759979248
20-06-2022 17:53:06|INFO|Is groups None: True 
20-06-2022 17:53:06|INFO|10/10|grid.best_params_={'C': 0.01, 'gamma': 1e-09, 'kernel': 'rbf', 'max_iter': 1000}, grid.best_score_=0.6944444444444444, grid.best_index_=0, acc=0.5, time=0.49233245849609375
20-06-2022 17:53:06|INFO|s27|10-CV=0.60000|STD=0.12247|Time spend=17.202497959136963
20-06-2022 17:53:18|INFO|Running Split-First
20-06-2022 17:53:18|INFO|X.shape=(40, 2480), y.shape=(40,), groups.shape=(40,)
20-06-2022 17:53:18|INFO|Is groups None: True 
20-06-2022 17:53:18|INFO|1/10|grid.best_params_={'C': 0.01, 'gamma': 1e-09, 'kernel': 'rbf', 'max_iter': 1000}, grid.best_score_=0.5555555555555556, grid.best_index_=0, acc=0.5, time=0.5124566555023193
20-06-2022 17:53:18|INFO|Is groups None: True 
20-06-2022 17:53:19|INFO|2/10|grid.best_params_={'C': 10000.0, 'gamma': 1e-07, 'kernel': 'rbf', 'max_iter': 1000}, grid.best_score_=0.6111111111111112, grid.best_index_=22, acc=0.0, time=0.5189366340637207
20-06-2022 17:53:19|INFO|Is groups None: True 
20-06-2022 17:53:20|INFO|3/10|grid.best_params_={'C': 0.01, 'gamma': 1e-09, 'kernel': 'rbf', 'max_iter': 1000}, grid.best_score_=0.5555555555555556, grid.best_index_=0, acc=0.5, time=0.5351989269256592
20-06-2022 17:53:20|INFO|Is groups None: True 
20-06-2022 17:53:20|INFO|4/10|grid.best_params_={'C': 0.01, 'gamma': 1e-09, 'kernel': 'rbf', 'max_iter': 1000}, grid.best_score_=0.5555555555555556, grid.best_index_=0, acc=0.5, time=0.5836145877838135
20-06-2022 17:53:20|INFO|Is groups None: True 
20-06-2022 17:53:21|INFO|5/10|grid.best_params_={'C': 10000.0, 'gamma': 1e-05, 'kernel': 'rbf', 'max_iter': 1000}, grid.best_score_=0.5833333333333334, grid.best_index_=23, acc=0.25, time=0.5940961837768555
20-06-2022 17:53:21|INFO|Is groups None: True 
20-06-2022 17:53:21|INFO|6/10|grid.best_params_={'C': 1000000.0, 'gamma': 1e-07, 'kernel': 'rbf', 'max_iter': 1000}, grid.best_score_=0.5833333333333334, grid.best_index_=29, acc=0.5, time=0.6398017406463623
20-06-2022 17:53:21|INFO|Is groups None: True 
20-06-2022 17:53:22|INFO|7/10|grid.best_params_={'C': 10000.0, 'gamma': 1e-05, 'kernel': 'rbf', 'max_iter': 1000}, grid.best_score_=0.6111111111111112, grid.best_index_=23, acc=0.5, time=0.5738580226898193
20-06-2022 17:53:22|INFO|Is groups None: True 
20-06-2022 17:53:22|INFO|8/10|grid.best_params_={'C': 1000000.0, 'gamma': 1e-07, 'kernel': 'rbf', 'max_iter': 1000}, grid.best_score_=0.5833333333333334, grid.best_index_=29, acc=0.5, time=0.5120902061462402
20-06-2022 17:53:22|INFO|Is groups None: True 
20-06-2022 17:53:23|INFO|9/10|grid.best_params_={'C': 0.01, 'gamma': 1e-09, 'kernel': 'rbf', 'max_iter': 1000}, grid.best_score_=0.5277777777777778, grid.best_index_=0, acc=0.75, time=0.5135188102722168
20-06-2022 17:53:23|INFO|Is groups None: True 
20-06-2022 17:53:24|INFO|10/10|grid.best_params_={'C': 0.01, 'gamma': 0.1, 'kernel': 'rbf', 'max_iter': 1000}, grid.best_score_=0.5555555555555556, grid.best_index_=4, acc=0.75, time=0.5139896869659424
20-06-2022 17:53:24|INFO|s28|10-CV=0.47500|STD=0.20767|Time spend=17.2485089302063
20-06-2022 17:53:35|INFO|Running Split-First
20-06-2022 17:53:35|INFO|X.shape=(40, 2480), y.shape=(40,), groups.shape=(40,)
20-06-2022 17:53:35|INFO|Is groups None: True 
20-06-2022 17:53:36|INFO|1/10|grid.best_params_={'C': 100.0, 'gamma': 0.001, 'kernel': 'rbf', 'max_iter': 1000}, grid.best_score_=0.8055555555555556, grid.best_index_=17, acc=0.75, time=0.5515038967132568
20-06-2022 17:53:36|INFO|Is groups None: True 
20-06-2022 17:53:36|INFO|2/10|grid.best_params_={'C': 1000000.0, 'gamma': 1e-09, 'kernel': 'rbf', 'max_iter': 1000}, grid.best_score_=0.8055555555555556, grid.best_index_=28, acc=0.5, time=0.494783878326416
20-06-2022 17:53:36|INFO|Is groups None: True 
20-06-2022 17:53:37|INFO|3/10|grid.best_params_={'C': 100.0, 'gamma': 0.001, 'kernel': 'rbf', 'max_iter': 1000}, grid.best_score_=0.75, grid.best_index_=17, acc=1.0, time=0.5421493053436279
20-06-2022 17:53:37|INFO|Is groups None: True 
20-06-2022 17:53:37|INFO|4/10|grid.best_params_={'C': 100.0, 'gamma': 0.001, 'kernel': 'rbf', 'max_iter': 1000}, grid.best_score_=0.8055555555555556, grid.best_index_=17, acc=0.5, time=0.5492818355560303
20-06-2022 17:53:37|INFO|Is groups None: True 
20-06-2022 17:53:38|INFO|5/10|grid.best_params_={'C': 100.0, 'gamma': 0.001, 'kernel': 'rbf', 'max_iter': 1000}, grid.best_score_=0.6944444444444444, grid.best_index_=17, acc=1.0, time=0.5353548526763916
20-06-2022 17:53:38|INFO|Is groups None: True 
20-06-2022 17:53:38|INFO|6/10|grid.best_params_={'C': 0.01, 'gamma': 1e-09, 'kernel': 'rbf', 'max_iter': 1000}, grid.best_score_=0.6388888888888888, grid.best_index_=0, acc=0.5, time=0.47884154319763184
20-06-2022 17:53:38|INFO|Is groups None: True 
20-06-2022 17:53:39|INFO|7/10|grid.best_params_={'C': 100.0, 'gamma': 1e-05, 'kernel': 'rbf', 'max_iter': 1000}, grid.best_score_=0.7222222222222222, grid.best_index_=16, acc=0.5, time=0.5056600570678711
20-06-2022 17:53:39|INFO|Is groups None: True 
20-06-2022 17:53:39|INFO|8/10|grid.best_params_={'C': 1000000.0, 'gamma': 1e-09, 'kernel': 'rbf', 'max_iter': 1000}, grid.best_score_=0.7777777777777778, grid.best_index_=28, acc=0.75, time=0.48595094680786133
20-06-2022 17:53:39|INFO|Is groups None: True 
20-06-2022 17:53:40|INFO|9/10|grid.best_params_={'C': 10000.0, 'gamma': 1e-05, 'kernel': 'rbf', 'max_iter': 1000}, grid.best_score_=0.75, grid.best_index_=23, acc=0.75, time=0.508629322052002
20-06-2022 17:53:40|INFO|Is groups None: True 
20-06-2022 17:53:40|INFO|10/10|grid.best_params_={'C': 100.0, 'gamma': 1e-05, 'kernel': 'rbf', 'max_iter': 1000}, grid.best_score_=0.75, grid.best_index_=16, acc=0.75, time=0.4993128776550293
20-06-2022 17:53:40|INFO|s29|10-CV=0.70000|STD=0.18708|Time spend=16.73573064804077
20-06-2022 17:53:52|INFO|Running Split-First
20-06-2022 17:53:52|INFO|X.shape=(40, 2480), y.shape=(40,), groups.shape=(40,)
20-06-2022 17:53:52|INFO|Is groups None: True 
20-06-2022 17:53:52|INFO|1/10|grid.best_params_={'C': 1.0, 'gamma': 0.001, 'kernel': 'rbf', 'max_iter': 1000}, grid.best_score_=0.6111111111111112, grid.best_index_=10, acc=0.5, time=0.5252411365509033
20-06-2022 17:53:52|INFO|Is groups None: True 
20-06-2022 17:53:53|INFO|2/10|grid.best_params_={'C': 1.0, 'gamma': 0.001, 'kernel': 'rbf', 'max_iter': 1000}, grid.best_score_=0.5555555555555556, grid.best_index_=10, acc=0.75, time=0.49007153511047363
20-06-2022 17:53:53|INFO|Is groups None: True 
20-06-2022 17:53:53|INFO|3/10|grid.best_params_={'C': 100000000.0, 'gamma': 1e-09, 'kernel': 'rbf', 'max_iter': 1000}, grid.best_score_=0.5833333333333334, grid.best_index_=35, acc=0.75, time=0.5089125633239746
20-06-2022 17:53:53|INFO|Is groups None: True 
20-06-2022 17:53:54|INFO|4/10|grid.best_params_={'C': 1.0, 'gamma': 0.001, 'kernel': 'rbf', 'max_iter': 1000}, grid.best_score_=0.6111111111111112, grid.best_index_=10, acc=0.5, time=0.52978515625
20-06-2022 17:53:54|INFO|Is groups None: True 
20-06-2022 17:53:54|INFO|5/10|grid.best_params_={'C': 10000.0, 'gamma': 1e-07, 'kernel': 'rbf', 'max_iter': 1000}, grid.best_score_=0.6111111111111112, grid.best_index_=22, acc=0.75, time=0.5480499267578125
20-06-2022 17:53:54|INFO|Is groups None: True 
20-06-2022 17:53:55|INFO|6/10|grid.best_params_={'C': 1.0, 'gamma': 0.001, 'kernel': 'rbf', 'max_iter': 1000}, grid.best_score_=0.5833333333333334, grid.best_index_=10, acc=0.75, time=0.5538527965545654
20-06-2022 17:53:55|INFO|Is groups None: True 
20-06-2022 17:53:55|INFO|7/10|grid.best_params_={'C': 100000000.0, 'gamma': 1e-09, 'kernel': 'rbf', 'max_iter': 1000}, grid.best_score_=0.5555555555555556, grid.best_index_=35, acc=0.75, time=0.5152997970581055
20-06-2022 17:53:55|INFO|Is groups None: True 
20-06-2022 17:53:56|INFO|8/10|grid.best_params_={'C': 1000000.0, 'gamma': 1e-07, 'kernel': 'rbf', 'max_iter': 1000}, grid.best_score_=0.6944444444444444, grid.best_index_=29, acc=0.5, time=0.5542252063751221
20-06-2022 17:53:56|INFO|Is groups None: True 
20-06-2022 17:53:57|INFO|9/10|grid.best_params_={'C': 10000.0, 'gamma': 1e-05, 'kernel': 'rbf', 'max_iter': 1000}, grid.best_score_=0.6666666666666666, grid.best_index_=23, acc=0.25, time=0.6749072074890137
20-06-2022 17:53:57|INFO|Is groups None: True 
20-06-2022 17:53:57|INFO|10/10|grid.best_params_={'C': 1.0, 'gamma': 0.001, 'kernel': 'rbf', 'max_iter': 1000}, grid.best_score_=0.6388888888888888, grid.best_index_=10, acc=0.25, time=0.6852085590362549
20-06-2022 17:53:57|INFO|s30|10-CV=0.57500|STD=0.19526|Time spend=17.02447271347046
20-06-2022 17:54:09|INFO|Running Split-First
20-06-2022 17:54:09|INFO|X.shape=(40, 2480), y.shape=(40,), groups.shape=(40,)
20-06-2022 17:54:09|INFO|Is groups None: True 
20-06-2022 17:54:10|INFO|1/10|grid.best_params_={'C': 1000000.0, 'gamma': 1e-07, 'kernel': 'rbf', 'max_iter': 1000}, grid.best_score_=0.6944444444444444, grid.best_index_=29, acc=0.5, time=0.55112624168396
20-06-2022 17:54:10|INFO|Is groups None: True 
20-06-2022 17:54:10|INFO|2/10|grid.best_params_={'C': 100.0, 'gamma': 1e-05, 'kernel': 'rbf', 'max_iter': 1000}, grid.best_score_=0.6111111111111112, grid.best_index_=16, acc=0.75, time=0.5386481285095215
20-06-2022 17:54:10|INFO|Is groups None: True 
20-06-2022 17:54:11|INFO|3/10|grid.best_params_={'C': 100.0, 'gamma': 1e-05, 'kernel': 'rbf', 'max_iter': 1000}, grid.best_score_=0.6388888888888888, grid.best_index_=16, acc=0.5, time=0.547081708908081
20-06-2022 17:54:11|INFO|Is groups None: True 
20-06-2022 17:54:11|INFO|4/10|grid.best_params_={'C': 100.0, 'gamma': 1e-05, 'kernel': 'rbf', 'max_iter': 1000}, grid.best_score_=0.6944444444444444, grid.best_index_=16, acc=0.25, time=0.4791221618652344
20-06-2022 17:54:11|INFO|Is groups None: True 
20-06-2022 17:54:12|INFO|5/10|grid.best_params_={'C': 0.01, 'gamma': 1e-09, 'kernel': 'rbf', 'max_iter': 1000}, grid.best_score_=0.5277777777777778, grid.best_index_=0, acc=0.5, time=0.5496189594268799
20-06-2022 17:54:12|INFO|Is groups None: True 
20-06-2022 17:54:12|INFO|6/10|grid.best_params_={'C': 10000.0, 'gamma': 1e-07, 'kernel': 'rbf', 'max_iter': 1000}, grid.best_score_=0.5555555555555556, grid.best_index_=22, acc=1.0, time=0.5398049354553223
20-06-2022 17:54:13|INFO|Is groups None: True 
20-06-2022 17:54:13|INFO|7/10|grid.best_params_={'C': 10000.0, 'gamma': 1e-05, 'kernel': 'rbf', 'max_iter': 1000}, grid.best_score_=0.6111111111111112, grid.best_index_=23, acc=0.75, time=0.5135273933410645
20-06-2022 17:54:13|INFO|Is groups None: True 
20-06-2022 17:54:14|INFO|8/10|grid.best_params_={'C': 100.0, 'gamma': 1e-05, 'kernel': 'rbf', 'max_iter': 1000}, grid.best_score_=0.6666666666666666, grid.best_index_=16, acc=0.5, time=0.47766900062561035
20-06-2022 17:54:14|INFO|Is groups None: True 
20-06-2022 17:54:14|INFO|9/10|grid.best_params_={'C': 100.0, 'gamma': 1e-05, 'kernel': 'rbf', 'max_iter': 1000}, grid.best_score_=0.7222222222222222, grid.best_index_=16, acc=0.25, time=0.4925956726074219
20-06-2022 17:54:14|INFO|Is groups None: True 
20-06-2022 17:54:15|INFO|10/10|grid.best_params_={'C': 0.01, 'gamma': 1e-09, 'kernel': 'rbf', 'max_iter': 1000}, grid.best_score_=0.6111111111111112, grid.best_index_=0, acc=1.0, time=0.4982438087463379
20-06-2022 17:54:15|INFO|s31|10-CV=0.60000|STD=0.25495|Time spend=17.22261619567871
20-06-2022 17:54:26|INFO|Running Split-First
20-06-2022 17:54:26|INFO|X.shape=(40, 2480), y.shape=(40,), groups.shape=(40,)
20-06-2022 17:54:26|INFO|Is groups None: True 
20-06-2022 17:54:26|INFO|1/10|grid.best_params_={'C': 0.01, 'gamma': 1e-09, 'kernel': 'rbf', 'max_iter': 1000}, grid.best_score_=0.6944444444444444, grid.best_index_=0, acc=0.5, time=0.5003294944763184
20-06-2022 17:54:26|INFO|Is groups None: True 
20-06-2022 17:54:27|INFO|2/10|grid.best_params_={'C': 100.0, 'gamma': 1e-05, 'kernel': 'rbf', 'max_iter': 1000}, grid.best_score_=0.7222222222222222, grid.best_index_=16, acc=0.25, time=0.4736635684967041
20-06-2022 17:54:27|INFO|Is groups None: True 
20-06-2022 17:54:27|INFO|3/10|grid.best_params_={'C': 0.01, 'gamma': 1e-09, 'kernel': 'rbf', 'max_iter': 1000}, grid.best_score_=0.6944444444444444, grid.best_index_=0, acc=0.5, time=0.5142273902893066
20-06-2022 17:54:27|INFO|Is groups None: True 
20-06-2022 17:54:28|INFO|4/10|grid.best_params_={'C': 0.01, 'gamma': 1e-09, 'kernel': 'rbf', 'max_iter': 1000}, grid.best_score_=0.6666666666666666, grid.best_index_=0, acc=0.75, time=0.5541284084320068
20-06-2022 17:54:28|INFO|Is groups None: True 
20-06-2022 17:54:28|INFO|5/10|grid.best_params_={'C': 0.01, 'gamma': 1e-09, 'kernel': 'rbf', 'max_iter': 1000}, grid.best_score_=0.6666666666666666, grid.best_index_=0, acc=0.75, time=0.5419249534606934
20-06-2022 17:54:28|INFO|Is groups None: True 
20-06-2022 17:54:29|INFO|6/10|grid.best_params_={'C': 0.01, 'gamma': 1e-09, 'kernel': 'rbf', 'max_iter': 1000}, grid.best_score_=0.6666666666666666, grid.best_index_=0, acc=0.75, time=0.5819203853607178
20-06-2022 17:54:29|INFO|Is groups None: True 
20-06-2022 17:54:30|INFO|7/10|grid.best_params_={'C': 10000.0, 'gamma': 1e-05, 'kernel': 'rbf', 'max_iter': 1000}, grid.best_score_=0.7222222222222222, grid.best_index_=23, acc=0.75, time=0.5530626773834229
20-06-2022 17:54:30|INFO|Is groups None: True 
20-06-2022 17:54:30|INFO|8/10|grid.best_params_={'C': 100.0, 'gamma': 0.001, 'kernel': 'rbf', 'max_iter': 1000}, grid.best_score_=0.7222222222222222, grid.best_index_=17, acc=0.5, time=0.5292432308197021
20-06-2022 17:54:30|INFO|Is groups None: True 
20-06-2022 17:54:31|INFO|9/10|grid.best_params_={'C': 100.0, 'gamma': 0.001, 'kernel': 'rbf', 'max_iter': 1000}, grid.best_score_=0.75, grid.best_index_=17, acc=0.5, time=0.514413595199585
20-06-2022 17:54:31|INFO|Is groups None: True 
20-06-2022 17:54:31|INFO|10/10|grid.best_params_={'C': 0.01, 'gamma': 1e-09, 'kernel': 'rbf', 'max_iter': 1000}, grid.best_score_=0.6666666666666666, grid.best_index_=0, acc=0.75, time=0.4980201721191406
20-06-2022 17:54:31|INFO|s32|10-CV=0.60000|STD=0.16583|Time spend=16.690386056900024
20-06-2022 17:54:31|INFO|final|10-CV=0.64375|STD=0.04702
