21-06-2022 01:05:19|INFO|
    Running Command: 
        python3 main-ml.py --subject_setup dependent --experimental_setup trial --stimuli_class arousal --preprocessing PLV --segment_lenght 20 --output_log ./output/dependent-trial-arousal-PLV-20.log
    Starting training:
        segment_lenght:  20
        output_log:      ./output/dependent-trial-arousal-PLV-20.log
        stimuli_class:   arousal
        preprocessing:   PLV
        subject_setup:   dependent
        experimental_setup: trial
    
21-06-2022 01:05:28|INFO|Running Segment-First
21-06-2022 01:05:28|INFO|X.shape=(120, 2480), y.shape=(120,), groups.shape=(120,)
21-06-2022 01:05:28|INFO|Is groups None: False 
21-06-2022 01:05:55|INFO|1/10|grid.best_params_={'C': 0.01, 'gamma': 1e-09, 'kernel': 'rbf', 'max_iter': 1000}, grid.best_score_=0.6111111111111112, grid.best_index_=0, acc=0.5, time=27.17096757888794
21-06-2022 01:05:55|INFO|Is groups None: False 
21-06-2022 01:05:58|INFO|2/10|grid.best_params_={'C': 0.01, 'gamma': 1e-09, 'kernel': 'rbf', 'max_iter': 1000}, grid.best_score_=0.6111111111111112, grid.best_index_=0, acc=0.5, time=3.17964243888855
21-06-2022 01:05:58|INFO|Is groups None: False 
21-06-2022 01:06:02|INFO|3/10|grid.best_params_={'C': 1.0, 'gamma': 0.001, 'kernel': 'rbf', 'max_iter': 1000}, grid.best_score_=0.6296296296296297, grid.best_index_=10, acc=0.5, time=3.1953158378601074
21-06-2022 01:06:02|INFO|Is groups None: False 
21-06-2022 01:06:05|INFO|4/10|grid.best_params_={'C': 100.0, 'gamma': 1e-05, 'kernel': 'rbf', 'max_iter': 1000}, grid.best_score_=0.6574074074074074, grid.best_index_=16, acc=0.4166666666666667, time=3.082334518432617
21-06-2022 01:06:05|INFO|Is groups None: False 
21-06-2022 01:06:08|INFO|5/10|grid.best_params_={'C': 1000000.0, 'gamma': 1e-09, 'kernel': 'rbf', 'max_iter': 1000}, grid.best_score_=0.6574074074074074, grid.best_index_=28, acc=0.5, time=3.068347215652466
21-06-2022 01:06:08|INFO|Is groups None: False 
21-06-2022 01:06:11|INFO|6/10|grid.best_params_={'C': 0.01, 'gamma': 1e-09, 'kernel': 'rbf', 'max_iter': 1000}, grid.best_score_=0.5833333333333334, grid.best_index_=0, acc=0.75, time=3.154358386993408
21-06-2022 01:06:11|INFO|Is groups None: False 
21-06-2022 01:06:14|INFO|7/10|grid.best_params_={'C': 100.0, 'gamma': 0.001, 'kernel': 'rbf', 'max_iter': 1000}, grid.best_score_=0.6203703703703705, grid.best_index_=17, acc=0.5833333333333334, time=3.1285910606384277
21-06-2022 01:06:14|INFO|Is groups None: False 
21-06-2022 01:06:17|INFO|8/10|grid.best_params_={'C': 0.01, 'gamma': 1e-09, 'kernel': 'rbf', 'max_iter': 1000}, grid.best_score_=0.6111111111111112, grid.best_index_=0, acc=0.5, time=3.139251470565796
21-06-2022 01:06:17|INFO|Is groups None: False 
21-06-2022 01:06:20|INFO|9/10|grid.best_params_={'C': 0.01, 'gamma': 1e-09, 'kernel': 'rbf', 'max_iter': 1000}, grid.best_score_=0.6111111111111112, grid.best_index_=0, acc=0.5, time=2.9894511699676514
21-06-2022 01:06:20|INFO|Is groups None: False 
21-06-2022 01:06:23|INFO|10/10|grid.best_params_={'C': 1000000.0, 'gamma': 1e-09, 'kernel': 'rbf', 'max_iter': 1000}, grid.best_score_=0.5925925925925927, grid.best_index_=28, acc=0.5833333333333334, time=3.1389408111572266
21-06-2022 01:06:23|INFO|s01|10-CV=0.53333|STD=0.08498|Time spend=64.30313634872437
21-06-2022 01:06:32|INFO|Running Segment-First
21-06-2022 01:06:32|INFO|X.shape=(120, 2480), y.shape=(120,), groups.shape=(120,)
21-06-2022 01:06:32|INFO|Is groups None: False 
21-06-2022 01:06:35|INFO|1/10|grid.best_params_={'C': 1.0, 'gamma': 0.001, 'kernel': 'rbf', 'max_iter': 1000}, grid.best_score_=0.6851851851851851, grid.best_index_=10, acc=0.5833333333333334, time=3.0528783798217773
21-06-2022 01:06:35|INFO|Is groups None: False 
21-06-2022 01:06:39|INFO|2/10|grid.best_params_={'C': 1.0, 'gamma': 0.001, 'kernel': 'rbf', 'max_iter': 1000}, grid.best_score_=0.6018518518518519, grid.best_index_=10, acc=0.9166666666666666, time=3.1859633922576904
21-06-2022 01:06:39|INFO|Is groups None: False 
21-06-2022 01:06:42|INFO|3/10|grid.best_params_={'C': 1.0, 'gamma': 0.001, 'kernel': 'rbf', 'max_iter': 1000}, grid.best_score_=0.6759259259259259, grid.best_index_=10, acc=0.4166666666666667, time=3.1226673126220703
21-06-2022 01:06:42|INFO|Is groups None: False 
21-06-2022 01:06:45|INFO|4/10|grid.best_params_={'C': 0.01, 'gamma': 1e-09, 'kernel': 'rbf', 'max_iter': 1000}, grid.best_score_=0.6111111111111112, grid.best_index_=0, acc=0.5, time=3.0322625637054443
21-06-2022 01:06:45|INFO|Is groups None: False 
21-06-2022 01:06:48|INFO|5/10|grid.best_params_={'C': 1.0, 'gamma': 0.001, 'kernel': 'rbf', 'max_iter': 1000}, grid.best_score_=0.6574074074074073, grid.best_index_=10, acc=0.5833333333333334, time=3.059385061264038
21-06-2022 01:06:48|INFO|Is groups None: False 
21-06-2022 01:06:51|INFO|6/10|grid.best_params_={'C': 1.0, 'gamma': 0.001, 'kernel': 'rbf', 'max_iter': 1000}, grid.best_score_=0.6944444444444443, grid.best_index_=10, acc=0.5833333333333334, time=3.056333541870117
21-06-2022 01:06:51|INFO|Is groups None: False 
21-06-2022 01:06:54|INFO|7/10|grid.best_params_={'C': 1.0, 'gamma': 0.001, 'kernel': 'rbf', 'max_iter': 1000}, grid.best_score_=0.6666666666666666, grid.best_index_=10, acc=0.5833333333333334, time=3.092679738998413
21-06-2022 01:06:54|INFO|Is groups None: False 
21-06-2022 01:06:57|INFO|8/10|grid.best_params_={'C': 1.0, 'gamma': 0.001, 'kernel': 'rbf', 'max_iter': 1000}, grid.best_score_=0.6018518518518519, grid.best_index_=10, acc=0.9166666666666666, time=3.1935431957244873
21-06-2022 01:06:57|INFO|Is groups None: False 
21-06-2022 01:07:00|INFO|9/10|grid.best_params_={'C': 1.0, 'gamma': 0.001, 'kernel': 'rbf', 'max_iter': 1000}, grid.best_score_=0.6666666666666666, grid.best_index_=10, acc=0.6666666666666666, time=3.0781188011169434
21-06-2022 01:07:00|INFO|Is groups None: False 
21-06-2022 01:07:03|INFO|10/10|grid.best_params_={'C': 10000.0, 'gamma': 1e-05, 'kernel': 'rbf', 'max_iter': 1000}, grid.best_score_=0.6296296296296295, grid.best_index_=23, acc=0.5, time=3.178490161895752
21-06-2022 01:07:03|INFO|s02|10-CV=0.62500|STD=0.15921|Time spend=40.01375102996826
21-06-2022 01:07:12|INFO|Running Segment-First
21-06-2022 01:07:12|INFO|X.shape=(120, 2480), y.shape=(120,), groups.shape=(120,)
21-06-2022 01:07:12|INFO|Is groups None: False 
21-06-2022 01:07:15|INFO|1/10|grid.best_params_={'C': 100.0, 'gamma': 0.001, 'kernel': 'rbf', 'max_iter': 1000}, grid.best_score_=0.7962962962962963, grid.best_index_=17, acc=0.9166666666666666, time=2.7709085941314697
21-06-2022 01:07:15|INFO|Is groups None: False 
21-06-2022 01:07:18|INFO|2/10|grid.best_params_={'C': 0.01, 'gamma': 1e-09, 'kernel': 'rbf', 'max_iter': 1000}, grid.best_score_=0.8055555555555556, grid.best_index_=0, acc=0.75, time=2.7811498641967773
21-06-2022 01:07:18|INFO|Is groups None: False 
21-06-2022 01:07:20|INFO|3/10|grid.best_params_={'C': 0.01, 'gamma': 1e-09, 'kernel': 'rbf', 'max_iter': 1000}, grid.best_score_=0.8055555555555556, grid.best_index_=0, acc=0.75, time=2.5524260997772217
21-06-2022 01:07:20|INFO|Is groups None: False 
21-06-2022 01:07:23|INFO|4/10|grid.best_params_={'C': 0.01, 'gamma': 1e-09, 'kernel': 'rbf', 'max_iter': 1000}, grid.best_score_=0.8055555555555556, grid.best_index_=0, acc=0.75, time=2.6078476905822754
21-06-2022 01:07:23|INFO|Is groups None: False 
21-06-2022 01:07:26|INFO|5/10|grid.best_params_={'C': 0.01, 'gamma': 1e-09, 'kernel': 'rbf', 'max_iter': 1000}, grid.best_score_=0.8055555555555556, grid.best_index_=0, acc=0.75, time=2.7124881744384766
21-06-2022 01:07:26|INFO|Is groups None: False 
21-06-2022 01:07:28|INFO|6/10|grid.best_params_={'C': 0.01, 'gamma': 1e-09, 'kernel': 'rbf', 'max_iter': 1000}, grid.best_score_=0.8055555555555556, grid.best_index_=0, acc=0.75, time=2.718656063079834
21-06-2022 01:07:28|INFO|Is groups None: False 
21-06-2022 01:07:31|INFO|7/10|grid.best_params_={'C': 0.01, 'gamma': 1e-09, 'kernel': 'rbf', 'max_iter': 1000}, grid.best_score_=0.8055555555555556, grid.best_index_=0, acc=0.75, time=2.687183380126953
21-06-2022 01:07:31|INFO|Is groups None: False 
21-06-2022 01:07:34|INFO|8/10|grid.best_params_={'C': 0.01, 'gamma': 1e-09, 'kernel': 'rbf', 'max_iter': 1000}, grid.best_score_=0.8055555555555556, grid.best_index_=0, acc=0.75, time=2.7101588249206543
21-06-2022 01:07:34|INFO|Is groups None: False 
21-06-2022 01:07:37|INFO|9/10|grid.best_params_={'C': 100.0, 'gamma': 0.001, 'kernel': 'rbf', 'max_iter': 1000}, grid.best_score_=0.8148148148148148, grid.best_index_=17, acc=0.6666666666666666, time=2.707421064376831
21-06-2022 01:07:37|INFO|Is groups None: False 
21-06-2022 01:07:39|INFO|10/10|grid.best_params_={'C': 100.0, 'gamma': 0.001, 'kernel': 'rbf', 'max_iter': 1000}, grid.best_score_=0.8055555555555557, grid.best_index_=17, acc=0.75, time=2.7741360664367676
21-06-2022 01:07:39|INFO|s03|10-CV=0.75833|STD=0.05833|Time spend=35.92089080810547
21-06-2022 01:07:48|INFO|Running Segment-First
21-06-2022 01:07:48|INFO|X.shape=(120, 2480), y.shape=(120,), groups.shape=(120,)
21-06-2022 01:07:48|INFO|Is groups None: False 
21-06-2022 01:07:51|INFO|1/10|grid.best_params_={'C': 0.01, 'gamma': 1e-09, 'kernel': 'rbf', 'max_iter': 1000}, grid.best_score_=0.6111111111111112, grid.best_index_=0, acc=0.5, time=3.0394105911254883
21-06-2022 01:07:51|INFO|Is groups None: False 
21-06-2022 01:07:54|INFO|2/10|grid.best_params_={'C': 1.0, 'gamma': 0.001, 'kernel': 'rbf', 'max_iter': 1000}, grid.best_score_=0.6388888888888888, grid.best_index_=10, acc=0.3333333333333333, time=3.117541551589966
21-06-2022 01:07:54|INFO|Is groups None: False 
21-06-2022 01:07:58|INFO|3/10|grid.best_params_={'C': 0.01, 'gamma': 1e-09, 'kernel': 'rbf', 'max_iter': 1000}, grid.best_score_=0.6111111111111112, grid.best_index_=0, acc=0.5, time=3.1477508544921875
21-06-2022 01:07:58|INFO|Is groups None: False 
21-06-2022 01:08:00|INFO|4/10|grid.best_params_={'C': 1.0, 'gamma': 0.001, 'kernel': 'rbf', 'max_iter': 1000}, grid.best_score_=0.6481481481481481, grid.best_index_=10, acc=0.5, time=2.978156089782715
21-06-2022 01:08:01|INFO|Is groups None: False 
21-06-2022 01:08:04|INFO|5/10|grid.best_params_={'C': 0.01, 'gamma': 1e-09, 'kernel': 'rbf', 'max_iter': 1000}, grid.best_score_=0.6111111111111112, grid.best_index_=0, acc=0.5, time=3.0984179973602295
21-06-2022 01:08:04|INFO|Is groups None: False 
21-06-2022 01:08:07|INFO|6/10|grid.best_params_={'C': 0.01, 'gamma': 1e-09, 'kernel': 'rbf', 'max_iter': 1000}, grid.best_score_=0.5833333333333334, grid.best_index_=0, acc=0.75, time=3.1370553970336914
21-06-2022 01:08:07|INFO|Is groups None: False 
21-06-2022 01:08:10|INFO|7/10|grid.best_params_={'C': 0.01, 'gamma': 1e-09, 'kernel': 'rbf', 'max_iter': 1000}, grid.best_score_=0.6111111111111112, grid.best_index_=0, acc=0.5, time=3.2309062480926514
21-06-2022 01:08:10|INFO|Is groups None: False 
21-06-2022 01:08:13|INFO|8/10|grid.best_params_={'C': 1.0, 'gamma': 0.001, 'kernel': 'rbf', 'max_iter': 1000}, grid.best_score_=0.6203703703703705, grid.best_index_=10, acc=0.5, time=3.0223946571350098
21-06-2022 01:08:13|INFO|Is groups None: False 
21-06-2022 01:08:16|INFO|9/10|grid.best_params_={'C': 100.0, 'gamma': 1e-05, 'kernel': 'rbf', 'max_iter': 1000}, grid.best_score_=0.6296296296296297, grid.best_index_=16, acc=0.6666666666666666, time=3.0632283687591553
21-06-2022 01:08:16|INFO|Is groups None: False 
21-06-2022 01:08:19|INFO|10/10|grid.best_params_={'C': 0.01, 'gamma': 1e-09, 'kernel': 'rbf', 'max_iter': 1000}, grid.best_score_=0.5833333333333334, grid.best_index_=0, acc=0.75, time=3.1787760257720947
21-06-2022 01:08:19|INFO|s04|10-CV=0.55000|STD=0.12472|Time spend=39.925463914871216
21-06-2022 01:08:28|INFO|Running Segment-First
21-06-2022 01:08:28|INFO|X.shape=(120, 2480), y.shape=(120,), groups.shape=(120,)
21-06-2022 01:08:28|INFO|Is groups None: False 
21-06-2022 01:08:32|INFO|1/10|grid.best_params_={'C': 1000000.0, 'gamma': 1e-09, 'kernel': 'rbf', 'max_iter': 1000}, grid.best_score_=0.528395061728395, grid.best_index_=28, acc=0.6666666666666666, time=3.2520241737365723
21-06-2022 01:08:32|INFO|Is groups None: False 
21-06-2022 01:08:35|INFO|2/10|grid.best_params_={'C': 100.0, 'gamma': 0.001, 'kernel': 'rbf', 'max_iter': 1000}, grid.best_score_=0.6493827160493827, grid.best_index_=17, acc=0.5, time=3.214954376220703
21-06-2022 01:08:35|INFO|Is groups None: False 
21-06-2022 01:08:38|INFO|3/10|grid.best_params_={'C': 1000000.0, 'gamma': 1e-09, 'kernel': 'rbf', 'max_iter': 1000}, grid.best_score_=0.6574074074074073, grid.best_index_=28, acc=0.4166666666666667, time=3.359153985977173
21-06-2022 01:08:38|INFO|Is groups None: False 
21-06-2022 01:08:41|INFO|4/10|grid.best_params_={'C': 1000000.0, 'gamma': 1e-09, 'kernel': 'rbf', 'max_iter': 1000}, grid.best_score_=0.5524691358024691, grid.best_index_=28, acc=0.5833333333333334, time=3.1991796493530273
21-06-2022 01:08:41|INFO|Is groups None: False 
21-06-2022 01:08:45|INFO|5/10|grid.best_params_={'C': 10000.0, 'gamma': 1e-05, 'kernel': 'rbf', 'max_iter': 1000}, grid.best_score_=0.5277777777777778, grid.best_index_=23, acc=0.5833333333333334, time=3.299849271774292
21-06-2022 01:08:45|INFO|Is groups None: False 
21-06-2022 01:08:48|INFO|6/10|grid.best_params_={'C': 10000.0, 'gamma': 1e-05, 'kernel': 'rbf', 'max_iter': 1000}, grid.best_score_=0.5092592592592593, grid.best_index_=23, acc=0.4166666666666667, time=3.316878080368042
21-06-2022 01:08:48|INFO|Is groups None: False 
21-06-2022 01:08:51|INFO|7/10|grid.best_params_={'C': 1000000.0, 'gamma': 1e-09, 'kernel': 'rbf', 'max_iter': 1000}, grid.best_score_=0.49074074074074076, grid.best_index_=28, acc=0.75, time=3.3003225326538086
21-06-2022 01:08:51|INFO|Is groups None: False 
21-06-2022 01:08:55|INFO|8/10|grid.best_params_={'C': 100.0, 'gamma': 1e-05, 'kernel': 'rbf', 'max_iter': 1000}, grid.best_score_=0.5493827160493827, grid.best_index_=16, acc=0.4166666666666667, time=3.286592721939087
21-06-2022 01:08:55|INFO|Is groups None: False 
21-06-2022 01:08:58|INFO|9/10|grid.best_params_={'C': 100.0, 'gamma': 1e-05, 'kernel': 'rbf', 'max_iter': 1000}, grid.best_score_=0.5592592592592592, grid.best_index_=16, acc=0.5833333333333334, time=3.2924559116363525
21-06-2022 01:08:58|INFO|Is groups None: False 
21-06-2022 01:09:01|INFO|10/10|grid.best_params_={'C': 10000.0, 'gamma': 1e-07, 'kernel': 'rbf', 'max_iter': 1000}, grid.best_score_=0.6111111111111112, grid.best_index_=22, acc=0.5, time=3.274578094482422
21-06-2022 01:09:01|INFO|s05|10-CV=0.54167|STD=0.10704|Time spend=41.95595955848694
21-06-2022 01:09:10|INFO|Running Segment-First
21-06-2022 01:09:10|INFO|X.shape=(120, 2480), y.shape=(120,), groups.shape=(120,)
21-06-2022 01:09:10|INFO|Is groups None: False 
21-06-2022 01:09:14|INFO|1/10|grid.best_params_={'C': 1.0, 'gamma': 0.1, 'kernel': 'rbf', 'max_iter': 1000}, grid.best_score_=0.5555555555555556, grid.best_index_=11, acc=0.75, time=3.3005266189575195
21-06-2022 01:09:14|INFO|Is groups None: False 
21-06-2022 01:09:17|INFO|2/10|grid.best_params_={'C': 1.0, 'gamma': 0.1, 'kernel': 'rbf', 'max_iter': 1000}, grid.best_score_=0.5555555555555556, grid.best_index_=11, acc=0.75, time=3.2888479232788086
21-06-2022 01:09:17|INFO|Is groups None: False 
21-06-2022 01:09:20|INFO|3/10|grid.best_params_={'C': 0.01, 'gamma': 1e-09, 'kernel': 'rbf', 'max_iter': 1000}, grid.best_score_=0.5833333333333334, grid.best_index_=0, acc=0.5, time=3.2833259105682373
21-06-2022 01:09:20|INFO|Is groups None: False 
21-06-2022 01:09:23|INFO|4/10|grid.best_params_={'C': 0.01, 'gamma': 1e-09, 'kernel': 'rbf', 'max_iter': 1000}, grid.best_score_=0.5833333333333334, grid.best_index_=0, acc=0.5, time=3.277350425720215
21-06-2022 01:09:23|INFO|Is groups None: False 
21-06-2022 01:09:27|INFO|5/10|grid.best_params_={'C': 0.01, 'gamma': 1e-09, 'kernel': 'rbf', 'max_iter': 1000}, grid.best_score_=0.5833333333333334, grid.best_index_=0, acc=0.5, time=3.2782175540924072
21-06-2022 01:09:27|INFO|Is groups None: False 
21-06-2022 01:09:30|INFO|6/10|grid.best_params_={'C': 0.01, 'gamma': 1e-09, 'kernel': 'rbf', 'max_iter': 1000}, grid.best_score_=0.5833333333333334, grid.best_index_=0, acc=0.5, time=3.2367382049560547
21-06-2022 01:09:30|INFO|Is groups None: False 
21-06-2022 01:09:33|INFO|7/10|grid.best_params_={'C': 0.01, 'gamma': 1e-09, 'kernel': 'rbf', 'max_iter': 1000}, grid.best_score_=0.5833333333333334, grid.best_index_=0, acc=0.5, time=3.2818212509155273
21-06-2022 01:09:33|INFO|Is groups None: False 
21-06-2022 01:09:36|INFO|8/10|grid.best_params_={'C': 0.01, 'gamma': 1e-09, 'kernel': 'rbf', 'max_iter': 1000}, grid.best_score_=0.5833333333333334, grid.best_index_=0, acc=0.5, time=3.170607805252075
21-06-2022 01:09:36|INFO|Is groups None: False 
21-06-2022 01:09:40|INFO|9/10|grid.best_params_={'C': 0.01, 'gamma': 1e-09, 'kernel': 'rbf', 'max_iter': 1000}, grid.best_score_=0.5833333333333334, grid.best_index_=0, acc=0.5, time=3.288325071334839
21-06-2022 01:09:40|INFO|Is groups None: False 
21-06-2022 01:09:43|INFO|10/10|grid.best_params_={'C': 1.0, 'gamma': 0.1, 'kernel': 'rbf', 'max_iter': 1000}, grid.best_score_=0.5555555555555556, grid.best_index_=11, acc=0.75, time=3.2726528644561768
21-06-2022 01:09:43|INFO|s06|10-CV=0.57500|STD=0.11456|Time spend=41.76471209526062
21-06-2022 01:09:52|INFO|Running Segment-First
21-06-2022 01:09:52|INFO|X.shape=(120, 2480), y.shape=(120,), groups.shape=(120,)
21-06-2022 01:09:52|INFO|Is groups None: False 
21-06-2022 01:09:55|INFO|1/10|grid.best_params_={'C': 0.01, 'gamma': 1e-09, 'kernel': 'rbf', 'max_iter': 1000}, grid.best_score_=0.6111111111111112, grid.best_index_=0, acc=0.75, time=3.084618091583252
21-06-2022 01:09:55|INFO|Is groups None: False 
21-06-2022 01:09:58|INFO|2/10|grid.best_params_={'C': 1.0, 'gamma': 0.001, 'kernel': 'rbf', 'max_iter': 1000}, grid.best_score_=0.6388888888888888, grid.best_index_=10, acc=0.5, time=3.249279260635376
21-06-2022 01:09:58|INFO|Is groups None: False 
21-06-2022 01:10:01|INFO|3/10|grid.best_params_={'C': 0.01, 'gamma': 1e-09, 'kernel': 'rbf', 'max_iter': 1000}, grid.best_score_=0.6388888888888888, grid.best_index_=0, acc=0.5, time=3.1193723678588867
21-06-2022 01:10:01|INFO|Is groups None: False 
21-06-2022 01:10:04|INFO|4/10|grid.best_params_={'C': 100000000.0, 'gamma': 1e-09, 'kernel': 'rbf', 'max_iter': 1000}, grid.best_score_=0.712962962962963, grid.best_index_=35, acc=0.5, time=3.011446475982666
21-06-2022 01:10:04|INFO|Is groups None: False 
21-06-2022 01:10:08|INFO|5/10|grid.best_params_={'C': 0.01, 'gamma': 1e-09, 'kernel': 'rbf', 'max_iter': 1000}, grid.best_score_=0.6388888888888888, grid.best_index_=0, acc=0.5, time=3.0989739894866943
21-06-2022 01:10:08|INFO|Is groups None: False 
21-06-2022 01:10:11|INFO|6/10|grid.best_params_={'C': 0.01, 'gamma': 1e-09, 'kernel': 'rbf', 'max_iter': 1000}, grid.best_score_=0.6388888888888888, grid.best_index_=0, acc=0.5, time=3.056385040283203
21-06-2022 01:10:11|INFO|Is groups None: False 
21-06-2022 01:10:14|INFO|7/10|grid.best_params_={'C': 0.01, 'gamma': 1e-09, 'kernel': 'rbf', 'max_iter': 1000}, grid.best_score_=0.6388888888888888, grid.best_index_=0, acc=0.5, time=3.1478230953216553
21-06-2022 01:10:14|INFO|Is groups None: False 
21-06-2022 01:10:17|INFO|8/10|grid.best_params_={'C': 0.01, 'gamma': 1e-09, 'kernel': 'rbf', 'max_iter': 1000}, grid.best_score_=0.6111111111111112, grid.best_index_=0, acc=0.75, time=3.082169771194458
21-06-2022 01:10:17|INFO|Is groups None: False 
21-06-2022 01:10:20|INFO|9/10|grid.best_params_={'C': 0.01, 'gamma': 1e-09, 'kernel': 'rbf', 'max_iter': 1000}, grid.best_score_=0.6111111111111112, grid.best_index_=0, acc=0.75, time=3.1528239250183105
21-06-2022 01:10:20|INFO|Is groups None: False 
21-06-2022 01:10:23|INFO|10/10|grid.best_params_={'C': 0.01, 'gamma': 1e-09, 'kernel': 'rbf', 'max_iter': 1000}, grid.best_score_=0.6111111111111112, grid.best_index_=0, acc=0.75, time=3.194594144821167
21-06-2022 01:10:23|INFO|s07|10-CV=0.60000|STD=0.12247|Time spend=40.256775856018066
21-06-2022 01:10:33|INFO|Running Segment-First
21-06-2022 01:10:33|INFO|X.shape=(120, 2480), y.shape=(120,), groups.shape=(120,)
21-06-2022 01:10:33|INFO|Is groups None: False 
21-06-2022 01:10:36|INFO|1/10|grid.best_params_={'C': 10000.0, 'gamma': 1e-05, 'kernel': 'rbf', 'max_iter': 1000}, grid.best_score_=0.5648148148148148, grid.best_index_=23, acc=0.5833333333333334, time=3.1678965091705322
21-06-2022 01:10:36|INFO|Is groups None: False 
21-06-2022 01:10:39|INFO|2/10|grid.best_params_={'C': 10000.0, 'gamma': 1e-05, 'kernel': 'rbf', 'max_iter': 1000}, grid.best_score_=0.5648148148148149, grid.best_index_=23, acc=0.4166666666666667, time=3.283191204071045
21-06-2022 01:10:39|INFO|Is groups None: False 
21-06-2022 01:10:42|INFO|3/10|grid.best_params_={'C': 0.01, 'gamma': 1e-09, 'kernel': 'rbf', 'max_iter': 1000}, grid.best_score_=0.5833333333333334, grid.best_index_=0, acc=0.5, time=3.183588743209839
21-06-2022 01:10:42|INFO|Is groups None: False 
21-06-2022 01:10:45|INFO|4/10|grid.best_params_={'C': 0.01, 'gamma': 1e-09, 'kernel': 'rbf', 'max_iter': 1000}, grid.best_score_=0.5833333333333334, grid.best_index_=0, acc=0.5, time=3.20855450630188
21-06-2022 01:10:45|INFO|Is groups None: False 
21-06-2022 01:10:49|INFO|5/10|grid.best_params_={'C': 0.01, 'gamma': 1e-09, 'kernel': 'rbf', 'max_iter': 1000}, grid.best_score_=0.5833333333333334, grid.best_index_=0, acc=0.5, time=3.1655032634735107
21-06-2022 01:10:49|INFO|Is groups None: False 
21-06-2022 01:10:52|INFO|6/10|grid.best_params_={'C': 0.01, 'gamma': 1e-09, 'kernel': 'rbf', 'max_iter': 1000}, grid.best_score_=0.5833333333333334, grid.best_index_=0, acc=0.5, time=3.04345440864563
21-06-2022 01:10:52|INFO|Is groups None: False 
21-06-2022 01:10:55|INFO|7/10|grid.best_params_={'C': 0.01, 'gamma': 1e-09, 'kernel': 'rbf', 'max_iter': 1000}, grid.best_score_=0.5833333333333334, grid.best_index_=0, acc=0.5, time=3.128239393234253
21-06-2022 01:10:55|INFO|Is groups None: False 
21-06-2022 01:10:58|INFO|8/10|grid.best_params_={'C': 0.01, 'gamma': 1e-09, 'kernel': 'rbf', 'max_iter': 1000}, grid.best_score_=0.5611111111111111, grid.best_index_=0, acc=0.6666666666666666, time=3.418071985244751
21-06-2022 01:10:58|INFO|Is groups None: False 
21-06-2022 01:11:01|INFO|9/10|grid.best_params_={'C': 0.01, 'gamma': 1e-09, 'kernel': 'rbf', 'max_iter': 1000}, grid.best_score_=0.5833333333333334, grid.best_index_=0, acc=0.5, time=3.1714282035827637
21-06-2022 01:11:01|INFO|Is groups None: False 
21-06-2022 01:11:04|INFO|10/10|grid.best_params_={'C': 0.01, 'gamma': 1e-09, 'kernel': 'rbf', 'max_iter': 1000}, grid.best_score_=0.574074074074074, grid.best_index_=0, acc=0.6, time=2.944211006164551
21-06-2022 01:11:04|INFO|s08|10-CV=0.52667|STD=0.06675|Time spend=41.12387800216675
21-06-2022 01:11:14|INFO|Running Segment-First
21-06-2022 01:11:14|INFO|X.shape=(120, 2480), y.shape=(120,), groups.shape=(120,)
21-06-2022 01:11:14|INFO|Is groups None: False 
21-06-2022 01:11:17|INFO|1/10|grid.best_params_={'C': 1000000.0, 'gamma': 1e-07, 'kernel': 'rbf', 'max_iter': 1000}, grid.best_score_=0.7037037037037037, grid.best_index_=29, acc=0.5833333333333334, time=2.9070467948913574
21-06-2022 01:11:17|INFO|Is groups None: False 
21-06-2022 01:11:20|INFO|2/10|grid.best_params_={'C': 100.0, 'gamma': 1e-05, 'kernel': 'rbf', 'max_iter': 1000}, grid.best_score_=0.7407407407407408, grid.best_index_=16, acc=0.5, time=3.0037989616394043
21-06-2022 01:11:20|INFO|Is groups None: False 
21-06-2022 01:11:23|INFO|3/10|grid.best_params_={'C': 10000.0, 'gamma': 1e-07, 'kernel': 'rbf', 'max_iter': 1000}, grid.best_score_=0.675925925925926, grid.best_index_=22, acc=0.8333333333333334, time=3.1300106048583984
21-06-2022 01:11:23|INFO|Is groups None: False 
21-06-2022 01:11:26|INFO|4/10|grid.best_params_={'C': 100.0, 'gamma': 1e-05, 'kernel': 'rbf', 'max_iter': 1000}, grid.best_score_=0.6944444444444444, grid.best_index_=16, acc=0.9166666666666666, time=3.0446035861968994
21-06-2022 01:11:26|INFO|Is groups None: False 
21-06-2022 01:11:29|INFO|5/10|grid.best_params_={'C': 100000000.0, 'gamma': 1e-09, 'kernel': 'rbf', 'max_iter': 1000}, grid.best_score_=0.7407407407407408, grid.best_index_=35, acc=0.4166666666666667, time=2.9939773082733154
21-06-2022 01:11:29|INFO|Is groups None: False 
21-06-2022 01:11:32|INFO|6/10|grid.best_params_={'C': 1000000.0, 'gamma': 1e-09, 'kernel': 'rbf', 'max_iter': 1000}, grid.best_score_=0.6944444444444444, grid.best_index_=28, acc=0.8333333333333334, time=3.0282669067382812
21-06-2022 01:11:32|INFO|Is groups None: False 
21-06-2022 01:11:35|INFO|7/10|grid.best_params_={'C': 100.0, 'gamma': 1e-05, 'kernel': 'rbf', 'max_iter': 1000}, grid.best_score_=0.6851851851851852, grid.best_index_=16, acc=0.5833333333333334, time=3.1707661151885986
21-06-2022 01:11:35|INFO|Is groups None: False 
21-06-2022 01:11:38|INFO|8/10|grid.best_params_={'C': 100.0, 'gamma': 0.001, 'kernel': 'rbf', 'max_iter': 1000}, grid.best_score_=0.6666666666666666, grid.best_index_=17, acc=0.6666666666666666, time=3.079040288925171
21-06-2022 01:11:38|INFO|Is groups None: False 
21-06-2022 01:11:41|INFO|9/10|grid.best_params_={'C': 100.0, 'gamma': 1e-05, 'kernel': 'rbf', 'max_iter': 1000}, grid.best_score_=0.7037037037037037, grid.best_index_=16, acc=0.75, time=3.113335609436035
21-06-2022 01:11:41|INFO|Is groups None: False 
21-06-2022 01:11:44|INFO|10/10|grid.best_params_={'C': 10000.0, 'gamma': 1e-07, 'kernel': 'rbf', 'max_iter': 1000}, grid.best_score_=0.787037037037037, grid.best_index_=22, acc=0.4166666666666667, time=3.056812286376953
21-06-2022 01:11:44|INFO|s09|10-CV=0.65000|STD=0.16997|Time spend=40.02803087234497
21-06-2022 01:11:54|INFO|Running Segment-First
21-06-2022 01:11:54|INFO|X.shape=(120, 2480), y.shape=(120,), groups.shape=(120,)
21-06-2022 01:11:54|INFO|Is groups None: False 
21-06-2022 01:11:57|INFO|1/10|grid.best_params_={'C': 100.0, 'gamma': 0.001, 'kernel': 'rbf', 'max_iter': 1000}, grid.best_score_=0.6111111111111112, grid.best_index_=17, acc=0.6666666666666666, time=3.10325288772583
21-06-2022 01:11:57|INFO|Is groups None: False 
21-06-2022 01:12:00|INFO|2/10|grid.best_params_={'C': 1.0, 'gamma': 0.001, 'kernel': 'rbf', 'max_iter': 1000}, grid.best_score_=0.6296296296296297, grid.best_index_=10, acc=0.5, time=3.2083675861358643
21-06-2022 01:12:00|INFO|Is groups None: False 
21-06-2022 01:12:03|INFO|3/10|grid.best_params_={'C': 100.0, 'gamma': 1e-05, 'kernel': 'rbf', 'max_iter': 1000}, grid.best_score_=0.7222222222222222, grid.best_index_=16, acc=0.5, time=3.1658430099487305
21-06-2022 01:12:03|INFO|Is groups None: False 
21-06-2022 01:12:07|INFO|4/10|grid.best_params_={'C': 1.0, 'gamma': 0.001, 'kernel': 'rbf', 'max_iter': 1000}, grid.best_score_=0.6851851851851852, grid.best_index_=10, acc=0.4166666666666667, time=3.147165298461914
21-06-2022 01:12:07|INFO|Is groups None: False 
21-06-2022 01:12:10|INFO|5/10|grid.best_params_={'C': 1.0, 'gamma': 0.001, 'kernel': 'rbf', 'max_iter': 1000}, grid.best_score_=0.5833333333333334, grid.best_index_=10, acc=0.75, time=3.2470016479492188
21-06-2022 01:12:10|INFO|Is groups None: False 
21-06-2022 01:12:13|INFO|6/10|grid.best_params_={'C': 1.0, 'gamma': 0.001, 'kernel': 'rbf', 'max_iter': 1000}, grid.best_score_=0.6203703703703705, grid.best_index_=10, acc=0.6666666666666666, time=3.1956050395965576
21-06-2022 01:12:13|INFO|Is groups None: False 
21-06-2022 01:12:16|INFO|7/10|grid.best_params_={'C': 1.0, 'gamma': 0.001, 'kernel': 'rbf', 'max_iter': 1000}, grid.best_score_=0.611111111111111, grid.best_index_=10, acc=0.75, time=3.220334768295288
21-06-2022 01:12:16|INFO|Is groups None: False 
21-06-2022 01:12:19|INFO|8/10|grid.best_params_={'C': 10000.0, 'gamma': 1e-07, 'kernel': 'rbf', 'max_iter': 1000}, grid.best_score_=0.6759259259259259, grid.best_index_=22, acc=0.4166666666666667, time=3.1216633319854736
21-06-2022 01:12:19|INFO|Is groups None: False 
21-06-2022 01:12:23|INFO|9/10|grid.best_params_={'C': 1.0, 'gamma': 0.001, 'kernel': 'rbf', 'max_iter': 1000}, grid.best_score_=0.5833333333333334, grid.best_index_=10, acc=0.75, time=3.2201247215270996
21-06-2022 01:12:23|INFO|Is groups None: False 
21-06-2022 01:12:26|INFO|10/10|grid.best_params_={'C': 100.0, 'gamma': 1e-07, 'kernel': 'rbf', 'max_iter': 1000}, grid.best_score_=0.6388888888888888, grid.best_index_=15, acc=0.3333333333333333, time=3.2071619033813477
21-06-2022 01:12:26|INFO|s10|10-CV=0.57500|STD=0.15115|Time spend=41.372602701187134
21-06-2022 01:12:35|INFO|Running Segment-First
21-06-2022 01:12:35|INFO|X.shape=(120, 2480), y.shape=(120,), groups.shape=(120,)
21-06-2022 01:12:35|INFO|Is groups None: False 
21-06-2022 01:12:38|INFO|1/10|grid.best_params_={'C': 100.0, 'gamma': 0.001, 'kernel': 'rbf', 'max_iter': 1000}, grid.best_score_=0.6481481481481483, grid.best_index_=17, acc=0.5833333333333334, time=2.9742414951324463
21-06-2022 01:12:38|INFO|Is groups None: False 
21-06-2022 01:12:41|INFO|2/10|grid.best_params_={'C': 100.0, 'gamma': 0.001, 'kernel': 'rbf', 'max_iter': 1000}, grid.best_score_=0.638888888888889, grid.best_index_=17, acc=0.75, time=3.1771931648254395
21-06-2022 01:12:41|INFO|Is groups None: False 
21-06-2022 01:12:45|INFO|3/10|grid.best_params_={'C': 1.0, 'gamma': 0.001, 'kernel': 'rbf', 'max_iter': 1000}, grid.best_score_=0.6851851851851852, grid.best_index_=10, acc=0.5833333333333334, time=3.026427745819092
21-06-2022 01:12:45|INFO|Is groups None: False 
21-06-2022 01:12:48|INFO|4/10|grid.best_params_={'C': 1.0, 'gamma': 0.001, 'kernel': 'rbf', 'max_iter': 1000}, grid.best_score_=0.638888888888889, grid.best_index_=10, acc=0.75, time=3.0578997135162354
21-06-2022 01:12:48|INFO|Is groups None: False 
21-06-2022 01:12:51|INFO|5/10|grid.best_params_={'C': 100.0, 'gamma': 0.001, 'kernel': 'rbf', 'max_iter': 1000}, grid.best_score_=0.7037037037037037, grid.best_index_=17, acc=0.5833333333333334, time=3.0030148029327393
21-06-2022 01:12:51|INFO|Is groups None: False 
21-06-2022 01:12:54|INFO|6/10|grid.best_params_={'C': 100.0, 'gamma': 0.001, 'kernel': 'rbf', 'max_iter': 1000}, grid.best_score_=0.712962962962963, grid.best_index_=17, acc=0.5833333333333334, time=2.9966812133789062
21-06-2022 01:12:54|INFO|Is groups None: False 
21-06-2022 01:12:57|INFO|7/10|grid.best_params_={'C': 100.0, 'gamma': 0.001, 'kernel': 'rbf', 'max_iter': 1000}, grid.best_score_=0.6944444444444445, grid.best_index_=17, acc=0.6666666666666666, time=3.025848627090454
21-06-2022 01:12:57|INFO|Is groups None: False 
21-06-2022 01:13:00|INFO|8/10|grid.best_params_={'C': 0.01, 'gamma': 1e-09, 'kernel': 'rbf', 'max_iter': 1000}, grid.best_score_=0.6388888888888888, grid.best_index_=0, acc=0.5, time=3.022245168685913
21-06-2022 01:13:00|INFO|Is groups None: False 
21-06-2022 01:13:03|INFO|9/10|grid.best_params_={'C': 1.0, 'gamma': 0.001, 'kernel': 'rbf', 'max_iter': 1000}, grid.best_score_=0.6851851851851852, grid.best_index_=10, acc=0.75, time=3.0418241024017334
21-06-2022 01:13:03|INFO|Is groups None: False 
21-06-2022 01:13:06|INFO|10/10|grid.best_params_={'C': 10000.0, 'gamma': 1e-05, 'kernel': 'rbf', 'max_iter': 1000}, grid.best_score_=0.6666666666666666, grid.best_index_=23, acc=0.5833333333333334, time=2.923471689224243
21-06-2022 01:13:06|INFO|s11|10-CV=0.63333|STD=0.08498|Time spend=39.85432958602905
21-06-2022 01:13:15|INFO|Running Segment-First
21-06-2022 01:13:15|INFO|X.shape=(120, 2480), y.shape=(120,), groups.shape=(120,)
21-06-2022 01:13:15|INFO|Is groups None: False 
21-06-2022 01:13:18|INFO|1/10|grid.best_params_={'C': 0.01, 'gamma': 1e-09, 'kernel': 'rbf', 'max_iter': 1000}, grid.best_score_=0.8333333333333334, grid.best_index_=0, acc=0.75, time=2.9043192863464355
21-06-2022 01:13:18|INFO|Is groups None: False 
21-06-2022 01:13:21|INFO|2/10|grid.best_params_={'C': 100.0, 'gamma': 1e-05, 'kernel': 'rbf', 'max_iter': 1000}, grid.best_score_=0.8425925925925927, grid.best_index_=16, acc=0.75, time=2.798879384994507
21-06-2022 01:13:21|INFO|Is groups None: False 
21-06-2022 01:13:23|INFO|3/10|grid.best_params_={'C': 100.0, 'gamma': 1e-05, 'kernel': 'rbf', 'max_iter': 1000}, grid.best_score_=0.8425925925925927, grid.best_index_=16, acc=0.8333333333333334, time=2.7183444499969482
21-06-2022 01:13:23|INFO|Is groups None: False 
21-06-2022 01:13:26|INFO|4/10|grid.best_params_={'C': 0.01, 'gamma': 1e-09, 'kernel': 'rbf', 'max_iter': 1000}, grid.best_score_=0.8333333333333334, grid.best_index_=0, acc=0.75, time=2.5353829860687256
21-06-2022 01:13:26|INFO|Is groups None: False 
21-06-2022 01:13:29|INFO|5/10|grid.best_params_={'C': 0.01, 'gamma': 1e-09, 'kernel': 'rbf', 'max_iter': 1000}, grid.best_score_=0.8333333333333334, grid.best_index_=0, acc=0.75, time=2.5897939205169678
21-06-2022 01:13:29|INFO|Is groups None: False 
21-06-2022 01:13:31|INFO|6/10|grid.best_params_={'C': 100.0, 'gamma': 1e-05, 'kernel': 'rbf', 'max_iter': 1000}, grid.best_score_=0.8333333333333335, grid.best_index_=16, acc=0.5833333333333334, time=2.640174388885498
21-06-2022 01:13:31|INFO|Is groups None: False 
21-06-2022 01:13:34|INFO|7/10|grid.best_params_={'C': 1000000.0, 'gamma': 1e-09, 'kernel': 'rbf', 'max_iter': 1000}, grid.best_score_=0.8148148148148149, grid.best_index_=28, acc=0.9166666666666666, time=2.8336946964263916
21-06-2022 01:13:34|INFO|Is groups None: False 
21-06-2022 01:13:37|INFO|8/10|grid.best_params_={'C': 100.0, 'gamma': 1e-05, 'kernel': 'rbf', 'max_iter': 1000}, grid.best_score_=0.8518518518518519, grid.best_index_=16, acc=0.75, time=2.7010974884033203
21-06-2022 01:13:37|INFO|Is groups None: False 
21-06-2022 01:13:40|INFO|9/10|grid.best_params_={'C': 100.0, 'gamma': 1e-05, 'kernel': 'rbf', 'max_iter': 1000}, grid.best_score_=0.8148148148148148, grid.best_index_=16, acc=1.0, time=2.8036725521087646
21-06-2022 01:13:40|INFO|Is groups None: False 
21-06-2022 01:13:42|INFO|10/10|grid.best_params_={'C': 10000.0, 'gamma': 1e-07, 'kernel': 'rbf', 'max_iter': 1000}, grid.best_score_=0.8333333333333334, grid.best_index_=22, acc=1.0, time=2.8422791957855225
21-06-2022 01:13:42|INFO|s12|10-CV=0.80833|STD=0.12388|Time spend=36.744741916656494
21-06-2022 01:13:52|INFO|Running Segment-First
21-06-2022 01:13:52|INFO|X.shape=(120, 2480), y.shape=(120,), groups.shape=(120,)
21-06-2022 01:13:52|INFO|Is groups None: False 
21-06-2022 01:13:54|INFO|1/10|grid.best_params_={'C': 0.01, 'gamma': 1e-09, 'kernel': 'rbf', 'max_iter': 1000}, grid.best_score_=0.8611111111111112, grid.best_index_=0, acc=0.75, time=2.6062941551208496
21-06-2022 01:13:54|INFO|Is groups None: False 
21-06-2022 01:13:57|INFO|2/10|grid.best_params_={'C': 0.01, 'gamma': 1e-09, 'kernel': 'rbf', 'max_iter': 1000}, grid.best_score_=0.8611111111111112, grid.best_index_=0, acc=0.75, time=2.7672605514526367
21-06-2022 01:13:57|INFO|Is groups None: False 
21-06-2022 01:14:00|INFO|3/10|grid.best_params_={'C': 0.01, 'gamma': 1e-09, 'kernel': 'rbf', 'max_iter': 1000}, grid.best_score_=0.8611111111111112, grid.best_index_=0, acc=0.75, time=2.724397659301758
21-06-2022 01:14:00|INFO|Is groups None: False 
21-06-2022 01:14:03|INFO|4/10|grid.best_params_={'C': 0.01, 'gamma': 1e-09, 'kernel': 'rbf', 'max_iter': 1000}, grid.best_score_=0.8611111111111112, grid.best_index_=0, acc=0.75, time=2.661769151687622
21-06-2022 01:14:03|INFO|Is groups None: False 
21-06-2022 01:14:05|INFO|5/10|grid.best_params_={'C': 0.01, 'gamma': 1e-09, 'kernel': 'rbf', 'max_iter': 1000}, grid.best_score_=0.8611111111111112, grid.best_index_=0, acc=0.75, time=2.6247692108154297
21-06-2022 01:14:05|INFO|Is groups None: False 
21-06-2022 01:14:08|INFO|6/10|grid.best_params_={'C': 0.01, 'gamma': 1e-09, 'kernel': 'rbf', 'max_iter': 1000}, grid.best_score_=0.8611111111111112, grid.best_index_=0, acc=0.75, time=2.6199264526367188
21-06-2022 01:14:08|INFO|Is groups None: False 
21-06-2022 01:14:11|INFO|7/10|grid.best_params_={'C': 10000.0, 'gamma': 1e-05, 'kernel': 'rbf', 'max_iter': 1000}, grid.best_score_=0.8425925925925926, grid.best_index_=23, acc=0.5833333333333334, time=2.805294990539551
21-06-2022 01:14:11|INFO|Is groups None: False 
21-06-2022 01:14:13|INFO|8/10|grid.best_params_={'C': 0.01, 'gamma': 1e-09, 'kernel': 'rbf', 'max_iter': 1000}, grid.best_score_=0.8333333333333334, grid.best_index_=0, acc=1.0, time=2.674931287765503
21-06-2022 01:14:13|INFO|Is groups None: False 
21-06-2022 01:14:16|INFO|9/10|grid.best_params_={'C': 0.01, 'gamma': 1e-09, 'kernel': 'rbf', 'max_iter': 1000}, grid.best_score_=0.8333333333333334, grid.best_index_=0, acc=1.0, time=2.6267893314361572
21-06-2022 01:14:16|INFO|Is groups None: False 
21-06-2022 01:14:19|INFO|10/10|grid.best_params_={'C': 0.01, 'gamma': 1e-09, 'kernel': 'rbf', 'max_iter': 1000}, grid.best_score_=0.8333333333333334, grid.best_index_=0, acc=1.0, time=2.6698098182678223
21-06-2022 01:14:19|INFO|s13|10-CV=0.80833|STD=0.13463|Time spend=36.222981214523315
21-06-2022 01:14:28|INFO|Running Segment-First
21-06-2022 01:14:28|INFO|X.shape=(120, 2480), y.shape=(120,), groups.shape=(120,)
21-06-2022 01:14:28|INFO|Is groups None: False 
21-06-2022 01:14:31|INFO|1/10|grid.best_params_={'C': 0.01, 'gamma': 1e-09, 'kernel': 'rbf', 'max_iter': 1000}, grid.best_score_=0.6666666666666666, grid.best_index_=0, acc=0.75, time=3.0575971603393555
21-06-2022 01:14:31|INFO|Is groups None: False 
21-06-2022 01:14:34|INFO|2/10|grid.best_params_={'C': 0.01, 'gamma': 1e-09, 'kernel': 'rbf', 'max_iter': 1000}, grid.best_score_=0.6666666666666666, grid.best_index_=0, acc=0.75, time=3.0538852214813232
21-06-2022 01:14:34|INFO|Is groups None: False 
21-06-2022 01:14:37|INFO|3/10|grid.best_params_={'C': 0.01, 'gamma': 1e-09, 'kernel': 'rbf', 'max_iter': 1000}, grid.best_score_=0.6666666666666666, grid.best_index_=0, acc=0.75, time=3.0966880321502686
21-06-2022 01:14:37|INFO|Is groups None: False 
21-06-2022 01:14:40|INFO|4/10|grid.best_params_={'C': 0.01, 'gamma': 1e-09, 'kernel': 'rbf', 'max_iter': 1000}, grid.best_score_=0.6944444444444444, grid.best_index_=0, acc=0.5, time=2.9881582260131836
21-06-2022 01:14:40|INFO|Is groups None: False 
21-06-2022 01:14:43|INFO|5/10|grid.best_params_={'C': 0.01, 'gamma': 1e-09, 'kernel': 'rbf', 'max_iter': 1000}, grid.best_score_=0.6944444444444444, grid.best_index_=0, acc=0.5, time=2.9387011528015137
21-06-2022 01:14:43|INFO|Is groups None: False 
21-06-2022 01:14:46|INFO|6/10|grid.best_params_={'C': 0.01, 'gamma': 1e-09, 'kernel': 'rbf', 'max_iter': 1000}, grid.best_score_=0.6944444444444444, grid.best_index_=0, acc=0.5, time=2.9851720333099365
21-06-2022 01:14:46|INFO|Is groups None: False 
21-06-2022 01:14:49|INFO|7/10|grid.best_params_={'C': 0.01, 'gamma': 1e-09, 'kernel': 'rbf', 'max_iter': 1000}, grid.best_score_=0.6666666666666666, grid.best_index_=0, acc=0.75, time=3.0061206817626953
21-06-2022 01:14:49|INFO|Is groups None: False 
21-06-2022 01:14:52|INFO|8/10|grid.best_params_={'C': 0.01, 'gamma': 1e-09, 'kernel': 'rbf', 'max_iter': 1000}, grid.best_score_=0.6666666666666666, grid.best_index_=0, acc=0.75, time=3.0248942375183105
21-06-2022 01:14:52|INFO|Is groups None: False 
21-06-2022 01:14:55|INFO|9/10|grid.best_params_={'C': 0.01, 'gamma': 1e-09, 'kernel': 'rbf', 'max_iter': 1000}, grid.best_score_=0.6666666666666666, grid.best_index_=0, acc=0.75, time=3.0667905807495117
21-06-2022 01:14:55|INFO|Is groups None: False 
21-06-2022 01:14:58|INFO|10/10|grid.best_params_={'C': 0.01, 'gamma': 1e-09, 'kernel': 'rbf', 'max_iter': 1000}, grid.best_score_=0.6666666666666666, grid.best_index_=0, acc=0.75, time=3.11543607711792
21-06-2022 01:14:58|INFO|s14|10-CV=0.67500|STD=0.11456|Time spend=39.73924160003662
21-06-2022 01:15:08|INFO|Running Segment-First
21-06-2022 01:15:08|INFO|X.shape=(120, 2480), y.shape=(120,), groups.shape=(120,)
21-06-2022 01:15:08|INFO|Is groups None: False 
21-06-2022 01:15:11|INFO|1/10|grid.best_params_={'C': 100000000.0, 'gamma': 1e-09, 'kernel': 'rbf', 'max_iter': 1000}, grid.best_score_=0.6388888888888888, grid.best_index_=35, acc=0.75, time=3.3405230045318604
21-06-2022 01:15:11|INFO|Is groups None: False 
21-06-2022 01:15:14|INFO|2/10|grid.best_params_={'C': 100000000.0, 'gamma': 1e-09, 'kernel': 'rbf', 'max_iter': 1000}, grid.best_score_=0.574074074074074, grid.best_index_=35, acc=0.8333333333333334, time=3.219299554824829
21-06-2022 01:15:14|INFO|Is groups None: False 
21-06-2022 01:15:18|INFO|3/10|grid.best_params_={'C': 1000000.0, 'gamma': 1e-07, 'kernel': 'rbf', 'max_iter': 1000}, grid.best_score_=0.5833333333333334, grid.best_index_=29, acc=0.8333333333333334, time=3.24507737159729
21-06-2022 01:15:18|INFO|Is groups None: False 
21-06-2022 01:15:21|INFO|4/10|grid.best_params_={'C': 100.0, 'gamma': 0.001, 'kernel': 'rbf', 'max_iter': 1000}, grid.best_score_=0.5648148148148148, grid.best_index_=17, acc=0.5, time=3.195469379425049
21-06-2022 01:15:21|INFO|Is groups None: False 
21-06-2022 01:15:24|INFO|5/10|grid.best_params_={'C': 100.0, 'gamma': 1e-05, 'kernel': 'rbf', 'max_iter': 1000}, grid.best_score_=0.6203703703703703, grid.best_index_=16, acc=0.4166666666666667, time=3.2291929721832275
21-06-2022 01:15:24|INFO|Is groups None: False 
21-06-2022 01:15:27|INFO|6/10|grid.best_params_={'C': 1000000.0, 'gamma': 1e-07, 'kernel': 'rbf', 'max_iter': 1000}, grid.best_score_=0.6018518518518517, grid.best_index_=29, acc=0.5833333333333334, time=3.201451063156128
21-06-2022 01:15:27|INFO|Is groups None: False 
21-06-2022 01:15:31|INFO|7/10|grid.best_params_={'C': 10000.0, 'gamma': 1e-07, 'kernel': 'rbf', 'max_iter': 1000}, grid.best_score_=0.6808641975308641, grid.best_index_=22, acc=0.4166666666666667, time=3.134380578994751
21-06-2022 01:15:31|INFO|Is groups None: False 
21-06-2022 01:15:34|INFO|8/10|grid.best_params_={'C': 100.0, 'gamma': 1e-05, 'kernel': 'rbf', 'max_iter': 1000}, grid.best_score_=0.6203703703703703, grid.best_index_=16, acc=0.5, time=3.1221868991851807
21-06-2022 01:15:34|INFO|Is groups None: False 
21-06-2022 01:15:37|INFO|9/10|grid.best_params_={'C': 10000.0, 'gamma': 1e-07, 'kernel': 'rbf', 'max_iter': 1000}, grid.best_score_=0.6666666666666666, grid.best_index_=22, acc=0.25, time=3.194443941116333
21-06-2022 01:15:37|INFO|Is groups None: False 
21-06-2022 01:15:40|INFO|10/10|grid.best_params_={'C': 1000000.0, 'gamma': 1e-07, 'kernel': 'rbf', 'max_iter': 1000}, grid.best_score_=0.6296296296296295, grid.best_index_=29, acc=0.75, time=3.250640869140625
21-06-2022 01:15:40|INFO|s15|10-CV=0.58333|STD=0.19003|Time spend=41.75758242607117
21-06-2022 01:15:50|INFO|Running Segment-First
21-06-2022 01:15:50|INFO|X.shape=(120, 2480), y.shape=(120,), groups.shape=(120,)
21-06-2022 01:15:50|INFO|Is groups None: False 
21-06-2022 01:15:53|INFO|1/10|grid.best_params_={'C': 1000000.0, 'gamma': 1e-09, 'kernel': 'rbf', 'max_iter': 1000}, grid.best_score_=0.6388888888888888, grid.best_index_=28, acc=0.5, time=3.128492832183838
21-06-2022 01:15:53|INFO|Is groups None: False 
21-06-2022 01:15:56|INFO|2/10|grid.best_params_={'C': 100000000.0, 'gamma': 1e-09, 'kernel': 'rbf', 'max_iter': 1000}, grid.best_score_=0.6666666666666667, grid.best_index_=35, acc=0.8333333333333334, time=3.193056583404541
21-06-2022 01:15:56|INFO|Is groups None: False 
21-06-2022 01:15:59|INFO|3/10|grid.best_params_={'C': 10000.0, 'gamma': 1e-05, 'kernel': 'rbf', 'max_iter': 1000}, grid.best_score_=0.6203703703703705, grid.best_index_=23, acc=0.6666666666666666, time=3.102017402648926
21-06-2022 01:15:59|INFO|Is groups None: False 
21-06-2022 01:16:02|INFO|4/10|grid.best_params_={'C': 1000000.0, 'gamma': 1e-07, 'kernel': 'rbf', 'max_iter': 1000}, grid.best_score_=0.5648148148148148, grid.best_index_=29, acc=0.75, time=3.255418539047241
21-06-2022 01:16:02|INFO|Is groups None: False 
21-06-2022 01:16:05|INFO|5/10|grid.best_params_={'C': 100000000.0, 'gamma': 1e-09, 'kernel': 'rbf', 'max_iter': 1000}, grid.best_score_=0.5925925925925927, grid.best_index_=35, acc=0.75, time=3.1661319732666016
21-06-2022 01:16:05|INFO|Is groups None: False 
21-06-2022 01:16:09|INFO|6/10|grid.best_params_={'C': 1000000.0, 'gamma': 1e-07, 'kernel': 'rbf', 'max_iter': 1000}, grid.best_score_=0.6481481481481481, grid.best_index_=29, acc=0.5, time=3.1840503215789795
21-06-2022 01:16:09|INFO|Is groups None: False 
21-06-2022 01:16:12|INFO|7/10|grid.best_params_={'C': 1000000.0, 'gamma': 1e-07, 'kernel': 'rbf', 'max_iter': 1000}, grid.best_score_=0.6018518518518517, grid.best_index_=29, acc=0.6666666666666666, time=3.2735493183135986
21-06-2022 01:16:12|INFO|Is groups None: False 
21-06-2022 01:16:15|INFO|8/10|grid.best_params_={'C': 10000.0, 'gamma': 1e-07, 'kernel': 'rbf', 'max_iter': 1000}, grid.best_score_=0.6111111111111112, grid.best_index_=22, acc=0.6666666666666666, time=3.1933810710906982
21-06-2022 01:16:15|INFO|Is groups None: False 
21-06-2022 01:16:18|INFO|9/10|grid.best_params_={'C': 10000.0, 'gamma': 1e-07, 'kernel': 'rbf', 'max_iter': 1000}, grid.best_score_=0.6296296296296295, grid.best_index_=22, acc=0.6666666666666666, time=3.2029953002929688
21-06-2022 01:16:18|INFO|Is groups None: False 
21-06-2022 01:16:22|INFO|10/10|grid.best_params_={'C': 100000000.0, 'gamma': 1e-09, 'kernel': 'rbf', 'max_iter': 1000}, grid.best_score_=0.6296296296296297, grid.best_index_=35, acc=0.5, time=3.186894178390503
21-06-2022 01:16:22|INFO|s16|10-CV=0.65000|STD=0.11055|Time spend=41.420149087905884
21-06-2022 01:16:31|INFO|Running Segment-First
21-06-2022 01:16:31|INFO|X.shape=(120, 2480), y.shape=(120,), groups.shape=(120,)
21-06-2022 01:16:31|INFO|Is groups None: False 
21-06-2022 01:16:34|INFO|1/10|grid.best_params_={'C': 10000.0, 'gamma': 1e-07, 'kernel': 'rbf', 'max_iter': 1000}, grid.best_score_=0.7407407407407407, grid.best_index_=22, acc=0.6666666666666666, time=3.293992042541504
21-06-2022 01:16:34|INFO|Is groups None: False 
21-06-2022 01:16:37|INFO|2/10|grid.best_params_={'C': 1000000.0, 'gamma': 1e-09, 'kernel': 'rbf', 'max_iter': 1000}, grid.best_score_=0.7314814814814815, grid.best_index_=28, acc=0.9166666666666666, time=3.137758731842041
21-06-2022 01:16:37|INFO|Is groups None: False 
21-06-2022 01:16:40|INFO|3/10|grid.best_params_={'C': 10000.0, 'gamma': 1e-07, 'kernel': 'rbf', 'max_iter': 1000}, grid.best_score_=0.75, grid.best_index_=22, acc=0.75, time=3.100802183151245
21-06-2022 01:16:40|INFO|Is groups None: False 
21-06-2022 01:16:44|INFO|4/10|grid.best_params_={'C': 1000000.0, 'gamma': 1e-09, 'kernel': 'rbf', 'max_iter': 1000}, grid.best_score_=0.7222222222222222, grid.best_index_=28, acc=0.75, time=3.1172537803649902
21-06-2022 01:16:44|INFO|Is groups None: False 
21-06-2022 01:16:47|INFO|5/10|grid.best_params_={'C': 100.0, 'gamma': 1e-05, 'kernel': 'rbf', 'max_iter': 1000}, grid.best_score_=0.7407407407407408, grid.best_index_=16, acc=0.6666666666666666, time=3.069889783859253
21-06-2022 01:16:47|INFO|Is groups None: False 
21-06-2022 01:16:50|INFO|6/10|grid.best_params_={'C': 100.0, 'gamma': 1e-05, 'kernel': 'rbf', 'max_iter': 1000}, grid.best_score_=0.7407407407407408, grid.best_index_=16, acc=0.6666666666666666, time=2.8994131088256836
21-06-2022 01:16:50|INFO|Is groups None: False 
21-06-2022 01:16:52|INFO|7/10|grid.best_params_={'C': 10000.0, 'gamma': 1e-07, 'kernel': 'rbf', 'max_iter': 1000}, grid.best_score_=0.7685185185185185, grid.best_index_=22, acc=0.75, time=2.981095552444458
21-06-2022 01:16:52|INFO|Is groups None: False 
21-06-2022 01:16:56|INFO|8/10|grid.best_params_={'C': 100.0, 'gamma': 1e-05, 'kernel': 'rbf', 'max_iter': 1000}, grid.best_score_=0.7222222222222222, grid.best_index_=16, acc=0.6666666666666666, time=3.017241954803467
21-06-2022 01:16:56|INFO|Is groups None: False 
21-06-2022 01:16:59|INFO|9/10|grid.best_params_={'C': 1.0, 'gamma': 0.001, 'kernel': 'rbf', 'max_iter': 1000}, grid.best_score_=0.7037037037037037, grid.best_index_=10, acc=0.75, time=3.0790040493011475
21-06-2022 01:16:59|INFO|Is groups None: False 
21-06-2022 01:17:02|INFO|10/10|grid.best_params_={'C': 10000.0, 'gamma': 1e-07, 'kernel': 'rbf', 'max_iter': 1000}, grid.best_score_=0.7685185185185185, grid.best_index_=22, acc=0.75, time=3.066006898880005
21-06-2022 01:17:02|INFO|s17|10-CV=0.73333|STD=0.07265|Time spend=40.160868644714355
21-06-2022 01:17:11|INFO|Running Segment-First
21-06-2022 01:17:11|INFO|X.shape=(120, 2480), y.shape=(120,), groups.shape=(120,)
21-06-2022 01:17:11|INFO|Is groups None: False 
21-06-2022 01:17:14|INFO|1/10|grid.best_params_={'C': 100000000.0, 'gamma': 1e-09, 'kernel': 'rbf', 'max_iter': 1000}, grid.best_score_=0.6203703703703705, grid.best_index_=35, acc=0.5, time=3.0490825176239014
21-06-2022 01:17:14|INFO|Is groups None: False 
21-06-2022 01:17:17|INFO|2/10|grid.best_params_={'C': 0.01, 'gamma': 1e-09, 'kernel': 'rbf', 'max_iter': 1000}, grid.best_score_=0.6388888888888888, grid.best_index_=0, acc=0.5, time=2.982337236404419
21-06-2022 01:17:17|INFO|Is groups None: False 
21-06-2022 01:17:20|INFO|3/10|grid.best_params_={'C': 100000000.0, 'gamma': 1e-09, 'kernel': 'rbf', 'max_iter': 1000}, grid.best_score_=0.6388888888888888, grid.best_index_=35, acc=0.6666666666666666, time=3.195479393005371
21-06-2022 01:17:20|INFO|Is groups None: False 
21-06-2022 01:17:24|INFO|4/10|grid.best_params_={'C': 0.01, 'gamma': 1e-09, 'kernel': 'rbf', 'max_iter': 1000}, grid.best_score_=0.6111111111111112, grid.best_index_=0, acc=0.75, time=3.1872382164001465
21-06-2022 01:17:24|INFO|Is groups None: False 
21-06-2022 01:17:27|INFO|5/10|grid.best_params_={'C': 0.01, 'gamma': 1e-09, 'kernel': 'rbf', 'max_iter': 1000}, grid.best_score_=0.6388888888888888, grid.best_index_=0, acc=0.5, time=3.154174327850342
21-06-2022 01:17:27|INFO|Is groups None: False 
21-06-2022 01:17:30|INFO|6/10|grid.best_params_={'C': 1000000.0, 'gamma': 1e-07, 'kernel': 'rbf', 'max_iter': 1000}, grid.best_score_=0.6296296296296297, grid.best_index_=29, acc=0.6666666666666666, time=3.167327404022217
21-06-2022 01:17:30|INFO|Is groups None: False 
21-06-2022 01:17:33|INFO|7/10|grid.best_params_={'C': 0.01, 'gamma': 1e-09, 'kernel': 'rbf', 'max_iter': 1000}, grid.best_score_=0.6388888888888888, grid.best_index_=0, acc=0.5, time=3.087141275405884
21-06-2022 01:17:33|INFO|Is groups None: False 
21-06-2022 01:17:36|INFO|8/10|grid.best_params_={'C': 1000000.0, 'gamma': 1e-07, 'kernel': 'rbf', 'max_iter': 1000}, grid.best_score_=0.675925925925926, grid.best_index_=29, acc=0.5833333333333334, time=3.1322569847106934
21-06-2022 01:17:36|INFO|Is groups None: False 
21-06-2022 01:17:39|INFO|9/10|grid.best_params_={'C': 0.01, 'gamma': 1e-09, 'kernel': 'rbf', 'max_iter': 1000}, grid.best_score_=0.6388888888888888, grid.best_index_=0, acc=0.5, time=3.109218120574951
21-06-2022 01:17:39|INFO|Is groups None: False 
21-06-2022 01:17:42|INFO|10/10|grid.best_params_={'C': 1000000.0, 'gamma': 1e-09, 'kernel': 'rbf', 'max_iter': 1000}, grid.best_score_=0.6296296296296295, grid.best_index_=28, acc=0.5, time=3.2241461277008057
21-06-2022 01:17:43|INFO|s18|10-CV=0.56667|STD=0.08975|Time spend=40.81831765174866
21-06-2022 01:17:52|INFO|Running Segment-First
21-06-2022 01:17:52|INFO|X.shape=(120, 2480), y.shape=(120,), groups.shape=(120,)
21-06-2022 01:17:52|INFO|Is groups None: False 
21-06-2022 01:17:55|INFO|1/10|grid.best_params_={'C': 0.01, 'gamma': 1e-09, 'kernel': 'rbf', 'max_iter': 1000}, grid.best_score_=0.6666666666666666, grid.best_index_=0, acc=0.75, time=2.9728081226348877
21-06-2022 01:17:55|INFO|Is groups None: False 
21-06-2022 01:17:58|INFO|2/10|grid.best_params_={'C': 0.01, 'gamma': 1e-09, 'kernel': 'rbf', 'max_iter': 1000}, grid.best_score_=0.6666666666666666, grid.best_index_=0, acc=0.75, time=3.2321622371673584
21-06-2022 01:17:58|INFO|Is groups None: False 
21-06-2022 01:18:01|INFO|3/10|grid.best_params_={'C': 100.0, 'gamma': 0.001, 'kernel': 'rbf', 'max_iter': 1000}, grid.best_score_=0.7129629629629629, grid.best_index_=17, acc=0.3333333333333333, time=2.9695019721984863
21-06-2022 01:18:01|INFO|Is groups None: False 
21-06-2022 01:18:04|INFO|4/10|grid.best_params_={'C': 1.0, 'gamma': 0.001, 'kernel': 'rbf', 'max_iter': 1000}, grid.best_score_=0.712962962962963, grid.best_index_=10, acc=0.5, time=2.8636107444763184
21-06-2022 01:18:04|INFO|Is groups None: False 
21-06-2022 01:18:07|INFO|5/10|grid.best_params_={'C': 1.0, 'gamma': 0.001, 'kernel': 'rbf', 'max_iter': 1000}, grid.best_score_=0.6944444444444444, grid.best_index_=10, acc=0.75, time=2.920966625213623
21-06-2022 01:18:07|INFO|Is groups None: False 
21-06-2022 01:18:10|INFO|6/10|grid.best_params_={'C': 0.01, 'gamma': 1e-09, 'kernel': 'rbf', 'max_iter': 1000}, grid.best_score_=0.6944444444444444, grid.best_index_=0, acc=0.5, time=2.8367841243743896
21-06-2022 01:18:10|INFO|Is groups None: False 
21-06-2022 01:18:13|INFO|7/10|grid.best_params_={'C': 0.01, 'gamma': 1e-09, 'kernel': 'rbf', 'max_iter': 1000}, grid.best_score_=0.6944444444444444, grid.best_index_=0, acc=0.5, time=2.8958775997161865
21-06-2022 01:18:13|INFO|Is groups None: False 
21-06-2022 01:18:16|INFO|8/10|grid.best_params_={'C': 0.01, 'gamma': 1e-09, 'kernel': 'rbf', 'max_iter': 1000}, grid.best_score_=0.6666666666666666, grid.best_index_=0, acc=0.75, time=2.9250171184539795
21-06-2022 01:18:16|INFO|Is groups None: False 
21-06-2022 01:18:19|INFO|9/10|grid.best_params_={'C': 0.01, 'gamma': 1e-09, 'kernel': 'rbf', 'max_iter': 1000}, grid.best_score_=0.6666666666666666, grid.best_index_=0, acc=0.75, time=2.935445547103882
21-06-2022 01:18:19|INFO|Is groups None: False 
21-06-2022 01:18:22|INFO|10/10|grid.best_params_={'C': 0.01, 'gamma': 1e-09, 'kernel': 'rbf', 'max_iter': 1000}, grid.best_score_=0.6666666666666666, grid.best_index_=0, acc=0.75, time=2.9288439750671387
21-06-2022 01:18:22|INFO|s19|10-CV=0.63333|STD=0.15000|Time spend=39.17747378349304
21-06-2022 01:18:31|INFO|Running Segment-First
21-06-2022 01:18:31|INFO|X.shape=(120, 2480), y.shape=(120,), groups.shape=(120,)
21-06-2022 01:18:31|INFO|Is groups None: False 
21-06-2022 01:18:34|INFO|1/10|grid.best_params_={'C': 0.01, 'gamma': 1e-09, 'kernel': 'rbf', 'max_iter': 1000}, grid.best_score_=0.7777777777777778, grid.best_index_=0, acc=0.75, time=2.9454095363616943
21-06-2022 01:18:34|INFO|Is groups None: False 
21-06-2022 01:18:37|INFO|2/10|grid.best_params_={'C': 0.01, 'gamma': 1e-09, 'kernel': 'rbf', 'max_iter': 1000}, grid.best_score_=0.7777777777777778, grid.best_index_=0, acc=0.75, time=2.950451374053955
21-06-2022 01:18:37|INFO|Is groups None: False 
21-06-2022 01:18:40|INFO|3/10|grid.best_params_={'C': 0.01, 'gamma': 1e-09, 'kernel': 'rbf', 'max_iter': 1000}, grid.best_score_=0.7777777777777778, grid.best_index_=0, acc=0.75, time=2.8362600803375244
21-06-2022 01:18:40|INFO|Is groups None: False 
21-06-2022 01:18:43|INFO|4/10|grid.best_params_={'C': 0.01, 'gamma': 1e-09, 'kernel': 'rbf', 'max_iter': 1000}, grid.best_score_=0.7777777777777778, grid.best_index_=0, acc=0.75, time=3.016235113143921
21-06-2022 01:18:43|INFO|Is groups None: False 
21-06-2022 01:18:46|INFO|5/10|grid.best_params_={'C': 0.01, 'gamma': 1e-09, 'kernel': 'rbf', 'max_iter': 1000}, grid.best_score_=0.7777777777777778, grid.best_index_=0, acc=0.75, time=2.7453348636627197
21-06-2022 01:18:46|INFO|Is groups None: False 
21-06-2022 01:18:48|INFO|6/10|grid.best_params_={'C': 0.01, 'gamma': 1e-09, 'kernel': 'rbf', 'max_iter': 1000}, grid.best_score_=0.7777777777777778, grid.best_index_=0, acc=0.75, time=2.782888889312744
21-06-2022 01:18:48|INFO|Is groups None: False 
21-06-2022 01:18:51|INFO|7/10|grid.best_params_={'C': 0.01, 'gamma': 1e-09, 'kernel': 'rbf', 'max_iter': 1000}, grid.best_score_=0.7777777777777778, grid.best_index_=0, acc=0.75, time=2.9081358909606934
21-06-2022 01:18:51|INFO|Is groups None: False 
21-06-2022 01:18:54|INFO|8/10|grid.best_params_={'C': 0.01, 'gamma': 1e-09, 'kernel': 'rbf', 'max_iter': 1000}, grid.best_score_=0.7777777777777778, grid.best_index_=0, acc=0.75, time=2.8955259323120117
21-06-2022 01:18:54|INFO|Is groups None: False 
21-06-2022 01:18:57|INFO|9/10|grid.best_params_={'C': 0.01, 'gamma': 1e-09, 'kernel': 'rbf', 'max_iter': 1000}, grid.best_score_=0.75, grid.best_index_=0, acc=1.0, time=2.8819477558135986
21-06-2022 01:18:57|INFO|Is groups None: False 
21-06-2022 01:19:00|INFO|10/10|grid.best_params_={'C': 0.01, 'gamma': 1e-09, 'kernel': 'rbf', 'max_iter': 1000}, grid.best_score_=0.7777777777777778, grid.best_index_=0, acc=0.75, time=2.8518218994140625
21-06-2022 01:19:00|INFO|s20|10-CV=0.77500|STD=0.07500|Time spend=38.29110360145569
21-06-2022 01:19:09|INFO|Running Segment-First
21-06-2022 01:19:09|INFO|X.shape=(120, 2480), y.shape=(120,), groups.shape=(120,)
21-06-2022 01:19:09|INFO|Is groups None: False 
21-06-2022 01:19:12|INFO|1/10|grid.best_params_={'C': 0.01, 'gamma': 1e-09, 'kernel': 'rbf', 'max_iter': 1000}, grid.best_score_=0.8055555555555556, grid.best_index_=0, acc=0.75, time=2.9467432498931885
21-06-2022 01:19:12|INFO|Is groups None: False 
21-06-2022 01:19:15|INFO|2/10|grid.best_params_={'C': 0.01, 'gamma': 1e-09, 'kernel': 'rbf', 'max_iter': 1000}, grid.best_score_=0.8055555555555556, grid.best_index_=0, acc=0.75, time=2.8126943111419678
21-06-2022 01:19:15|INFO|Is groups None: False 
21-06-2022 01:19:18|INFO|3/10|grid.best_params_={'C': 0.01, 'gamma': 1e-09, 'kernel': 'rbf', 'max_iter': 1000}, grid.best_score_=0.8055555555555556, grid.best_index_=0, acc=0.75, time=2.8126330375671387
21-06-2022 01:19:18|INFO|Is groups None: False 
21-06-2022 01:19:21|INFO|4/10|grid.best_params_={'C': 0.01, 'gamma': 1e-09, 'kernel': 'rbf', 'max_iter': 1000}, grid.best_score_=0.8055555555555556, grid.best_index_=0, acc=0.75, time=2.7316360473632812
21-06-2022 01:19:21|INFO|Is groups None: False 
21-06-2022 01:19:23|INFO|5/10|grid.best_params_={'C': 0.01, 'gamma': 1e-09, 'kernel': 'rbf', 'max_iter': 1000}, grid.best_score_=0.8055555555555556, grid.best_index_=0, acc=0.75, time=2.8391220569610596
21-06-2022 01:19:23|INFO|Is groups None: False 
21-06-2022 01:19:26|INFO|6/10|grid.best_params_={'C': 0.01, 'gamma': 1e-09, 'kernel': 'rbf', 'max_iter': 1000}, grid.best_score_=0.8055555555555556, grid.best_index_=0, acc=0.75, time=2.76666522026062
21-06-2022 01:19:26|INFO|Is groups None: False 
21-06-2022 01:19:29|INFO|7/10|grid.best_params_={'C': 0.01, 'gamma': 1e-09, 'kernel': 'rbf', 'max_iter': 1000}, grid.best_score_=0.8055555555555556, grid.best_index_=0, acc=0.75, time=2.757413387298584
21-06-2022 01:19:29|INFO|Is groups None: False 
21-06-2022 01:19:32|INFO|8/10|grid.best_params_={'C': 0.01, 'gamma': 1e-09, 'kernel': 'rbf', 'max_iter': 1000}, grid.best_score_=0.7777777777777778, grid.best_index_=0, acc=1.0, time=2.826472520828247
21-06-2022 01:19:32|INFO|Is groups None: False 
21-06-2022 01:19:35|INFO|9/10|grid.best_params_={'C': 0.01, 'gamma': 1e-09, 'kernel': 'rbf', 'max_iter': 1000}, grid.best_score_=0.7777777777777778, grid.best_index_=0, acc=1.0, time=2.819413900375366
21-06-2022 01:19:35|INFO|Is groups None: False 
21-06-2022 01:19:37|INFO|10/10|grid.best_params_={'C': 0.01, 'gamma': 1e-09, 'kernel': 'rbf', 'max_iter': 1000}, grid.best_score_=0.8055555555555556, grid.best_index_=0, acc=0.75, time=2.7302517890930176
21-06-2022 01:19:37|INFO|s21|10-CV=0.80000|STD=0.10000|Time spend=37.356444358825684
21-06-2022 01:19:47|INFO|Running Segment-First
21-06-2022 01:19:47|INFO|X.shape=(120, 2480), y.shape=(120,), groups.shape=(120,)
21-06-2022 01:19:47|INFO|Is groups None: False 
21-06-2022 01:19:50|INFO|1/10|grid.best_params_={'C': 0.01, 'gamma': 1e-09, 'kernel': 'rbf', 'max_iter': 1000}, grid.best_score_=0.6111111111111112, grid.best_index_=0, acc=0.5, time=3.2715237140655518
21-06-2022 01:19:50|INFO|Is groups None: False 
21-06-2022 01:19:53|INFO|2/10|grid.best_params_={'C': 100000000.0, 'gamma': 1e-09, 'kernel': 'rbf', 'max_iter': 1000}, grid.best_score_=0.6388888888888888, grid.best_index_=35, acc=0.5833333333333334, time=3.2566771507263184
21-06-2022 01:19:53|INFO|Is groups None: False 
21-06-2022 01:19:57|INFO|3/10|grid.best_params_={'C': 100.0, 'gamma': 0.001, 'kernel': 'rbf', 'max_iter': 1000}, grid.best_score_=0.5833333333333335, grid.best_index_=17, acc=0.5, time=3.3646605014801025
21-06-2022 01:19:57|INFO|Is groups None: False 
21-06-2022 01:20:00|INFO|4/10|grid.best_params_={'C': 0.01, 'gamma': 1e-09, 'kernel': 'rbf', 'max_iter': 1000}, grid.best_score_=0.6111111111111112, grid.best_index_=0, acc=0.5, time=3.054943561553955
21-06-2022 01:20:00|INFO|Is groups None: False 
21-06-2022 01:20:03|INFO|5/10|grid.best_params_={'C': 0.01, 'gamma': 1e-09, 'kernel': 'rbf', 'max_iter': 1000}, grid.best_score_=0.6111111111111112, grid.best_index_=0, acc=0.5, time=3.153913974761963
21-06-2022 01:20:03|INFO|Is groups None: False 
21-06-2022 01:20:06|INFO|6/10|grid.best_params_={'C': 10000.0, 'gamma': 1e-07, 'kernel': 'rbf', 'max_iter': 1000}, grid.best_score_=0.5925925925925926, grid.best_index_=22, acc=0.3333333333333333, time=3.2082061767578125
21-06-2022 01:20:06|INFO|Is groups None: False 
21-06-2022 01:20:09|INFO|7/10|grid.best_params_={'C': 0.01, 'gamma': 1e-09, 'kernel': 'rbf', 'max_iter': 1000}, grid.best_score_=0.6111111111111112, grid.best_index_=0, acc=0.5, time=3.0284409523010254
21-06-2022 01:20:09|INFO|Is groups None: False 
21-06-2022 01:20:12|INFO|8/10|grid.best_params_={'C': 0.01, 'gamma': 1e-09, 'kernel': 'rbf', 'max_iter': 1000}, grid.best_score_=0.5833333333333334, grid.best_index_=0, acc=0.75, time=3.2690134048461914
21-06-2022 01:20:12|INFO|Is groups None: False 
21-06-2022 01:20:16|INFO|9/10|grid.best_params_={'C': 10000000000.0, 'gamma': 1e-09, 'kernel': 'rbf', 'max_iter': 1000}, grid.best_score_=0.6018518518518519, grid.best_index_=42, acc=0.3333333333333333, time=3.237828016281128
21-06-2022 01:20:16|INFO|Is groups None: False 
21-06-2022 01:20:19|INFO|10/10|grid.best_params_={'C': 0.01, 'gamma': 1e-09, 'kernel': 'rbf', 'max_iter': 1000}, grid.best_score_=0.6111111111111112, grid.best_index_=0, acc=0.5, time=3.057276487350464
21-06-2022 01:20:19|INFO|s22|10-CV=0.50000|STD=0.11180|Time spend=41.47553086280823
21-06-2022 01:20:28|INFO|Running Segment-First
21-06-2022 01:20:28|INFO|X.shape=(120, 2480), y.shape=(120,), groups.shape=(120,)
21-06-2022 01:20:28|INFO|Is groups None: False 
21-06-2022 01:20:31|INFO|1/10|grid.best_params_={'C': 100.0, 'gamma': 0.001, 'kernel': 'rbf', 'max_iter': 1000}, grid.best_score_=0.7685185185185185, grid.best_index_=17, acc=0.75, time=3.00394344329834
21-06-2022 01:20:31|INFO|Is groups None: False 
21-06-2022 01:20:34|INFO|2/10|grid.best_params_={'C': 0.01, 'gamma': 1e-09, 'kernel': 'rbf', 'max_iter': 1000}, grid.best_score_=0.75, grid.best_index_=0, acc=0.75, time=2.9977290630340576
21-06-2022 01:20:34|INFO|Is groups None: False 
21-06-2022 01:20:37|INFO|3/10|grid.best_params_={'C': 100.0, 'gamma': 0.001, 'kernel': 'rbf', 'max_iter': 1000}, grid.best_score_=0.7685185185185185, grid.best_index_=17, acc=0.75, time=2.8529677391052246
21-06-2022 01:20:37|INFO|Is groups None: False 
21-06-2022 01:20:40|INFO|4/10|grid.best_params_={'C': 100.0, 'gamma': 0.001, 'kernel': 'rbf', 'max_iter': 1000}, grid.best_score_=0.7777777777777778, grid.best_index_=17, acc=0.75, time=2.8862991333007812
21-06-2022 01:20:40|INFO|Is groups None: False 
21-06-2022 01:20:43|INFO|5/10|grid.best_params_={'C': 100.0, 'gamma': 0.001, 'kernel': 'rbf', 'max_iter': 1000}, grid.best_score_=0.7870370370370371, grid.best_index_=17, acc=0.5833333333333334, time=2.8776347637176514
21-06-2022 01:20:43|INFO|Is groups None: False 
21-06-2022 01:20:46|INFO|6/10|grid.best_params_={'C': 100.0, 'gamma': 1e-05, 'kernel': 'rbf', 'max_iter': 1000}, grid.best_score_=0.8055555555555556, grid.best_index_=16, acc=0.75, time=2.908223867416382
21-06-2022 01:20:46|INFO|Is groups None: False 
21-06-2022 01:20:49|INFO|7/10|grid.best_params_={'C': 0.01, 'gamma': 1e-09, 'kernel': 'rbf', 'max_iter': 1000}, grid.best_score_=0.75, grid.best_index_=0, acc=0.75, time=2.9701476097106934
21-06-2022 01:20:49|INFO|Is groups None: False 
21-06-2022 01:20:52|INFO|8/10|grid.best_params_={'C': 100.0, 'gamma': 1e-05, 'kernel': 'rbf', 'max_iter': 1000}, grid.best_score_=0.7777777777777779, grid.best_index_=16, acc=0.6666666666666666, time=2.878553628921509
21-06-2022 01:20:52|INFO|Is groups None: False 
21-06-2022 01:20:55|INFO|9/10|grid.best_params_={'C': 10000.0, 'gamma': 1e-07, 'kernel': 'rbf', 'max_iter': 1000}, grid.best_score_=0.787037037037037, grid.best_index_=22, acc=0.5833333333333334, time=2.875258207321167
21-06-2022 01:20:55|INFO|Is groups None: False 
21-06-2022 01:20:57|INFO|10/10|grid.best_params_={'C': 100.0, 'gamma': 0.001, 'kernel': 'rbf', 'max_iter': 1000}, grid.best_score_=0.7777777777777777, grid.best_index_=17, acc=0.75, time=2.8870022296905518
21-06-2022 01:20:57|INFO|s23|10-CV=0.70833|STD=0.06719|Time spend=38.61582136154175
21-06-2022 01:21:07|INFO|Running Segment-First
21-06-2022 01:21:07|INFO|X.shape=(120, 2480), y.shape=(120,), groups.shape=(120,)
21-06-2022 01:21:07|INFO|Is groups None: False 
21-06-2022 01:21:09|INFO|1/10|grid.best_params_={'C': 0.01, 'gamma': 1e-09, 'kernel': 'rbf', 'max_iter': 1000}, grid.best_score_=0.8333333333333334, grid.best_index_=0, acc=0.75, time=2.3786160945892334
21-06-2022 01:21:09|INFO|Is groups None: False 
21-06-2022 01:21:12|INFO|2/10|grid.best_params_={'C': 0.01, 'gamma': 1e-09, 'kernel': 'rbf', 'max_iter': 1000}, grid.best_score_=0.8333333333333334, grid.best_index_=0, acc=0.75, time=2.7139523029327393
21-06-2022 01:21:12|INFO|Is groups None: False 
21-06-2022 01:21:15|INFO|3/10|grid.best_params_={'C': 0.01, 'gamma': 1e-09, 'kernel': 'rbf', 'max_iter': 1000}, grid.best_score_=0.8333333333333334, grid.best_index_=0, acc=0.75, time=2.599149703979492
21-06-2022 01:21:15|INFO|Is groups None: False 
21-06-2022 01:21:17|INFO|4/10|grid.best_params_={'C': 0.01, 'gamma': 1e-09, 'kernel': 'rbf', 'max_iter': 1000}, grid.best_score_=0.8333333333333334, grid.best_index_=0, acc=0.75, time=2.63622784614563
21-06-2022 01:21:17|INFO|Is groups None: False 
21-06-2022 01:21:20|INFO|5/10|grid.best_params_={'C': 0.01, 'gamma': 1e-09, 'kernel': 'rbf', 'max_iter': 1000}, grid.best_score_=0.8333333333333334, grid.best_index_=0, acc=0.75, time=2.497701644897461
21-06-2022 01:21:20|INFO|Is groups None: False 
21-06-2022 01:21:22|INFO|6/10|grid.best_params_={'C': 0.01, 'gamma': 1e-09, 'kernel': 'rbf', 'max_iter': 1000}, grid.best_score_=0.8055555555555556, grid.best_index_=0, acc=1.0, time=2.451977491378784
21-06-2022 01:21:22|INFO|Is groups None: False 
21-06-2022 01:21:25|INFO|7/10|grid.best_params_={'C': 0.01, 'gamma': 1e-09, 'kernel': 'rbf', 'max_iter': 1000}, grid.best_score_=0.8055555555555556, grid.best_index_=0, acc=1.0, time=2.686692237854004
21-06-2022 01:21:25|INFO|Is groups None: False 
21-06-2022 01:21:27|INFO|8/10|grid.best_params_={'C': 0.01, 'gamma': 1e-09, 'kernel': 'rbf', 'max_iter': 1000}, grid.best_score_=0.8333333333333334, grid.best_index_=0, acc=0.75, time=2.4031405448913574
21-06-2022 01:21:27|INFO|Is groups None: False 
21-06-2022 01:21:30|INFO|9/10|grid.best_params_={'C': 0.01, 'gamma': 1e-09, 'kernel': 'rbf', 'max_iter': 1000}, grid.best_score_=0.8055555555555556, grid.best_index_=0, acc=1.0, time=2.502136707305908
21-06-2022 01:21:30|INFO|Is groups None: False 
21-06-2022 01:21:33|INFO|10/10|grid.best_params_={'C': 0.01, 'gamma': 1e-09, 'kernel': 'rbf', 'max_iter': 1000}, grid.best_score_=0.8333333333333334, grid.best_index_=0, acc=0.75, time=2.641894578933716
21-06-2022 01:21:33|INFO|s24|10-CV=0.82500|STD=0.11456|Time spend=35.217742681503296
21-06-2022 01:21:42|INFO|Running Segment-First
21-06-2022 01:21:42|INFO|X.shape=(120, 2480), y.shape=(120,), groups.shape=(120,)
21-06-2022 01:21:42|INFO|Is groups None: False 
21-06-2022 01:21:45|INFO|1/10|grid.best_params_={'C': 0.01, 'gamma': 1e-09, 'kernel': 'rbf', 'max_iter': 1000}, grid.best_score_=0.7222222222222222, grid.best_index_=0, acc=0.75, time=2.8631720542907715
21-06-2022 01:21:45|INFO|Is groups None: False 
21-06-2022 01:21:48|INFO|2/10|grid.best_params_={'C': 0.01, 'gamma': 1e-09, 'kernel': 'rbf', 'max_iter': 1000}, grid.best_score_=0.7222222222222222, grid.best_index_=0, acc=0.75, time=2.983443021774292
21-06-2022 01:21:48|INFO|Is groups None: False 
21-06-2022 01:21:51|INFO|3/10|grid.best_params_={'C': 0.01, 'gamma': 1e-09, 'kernel': 'rbf', 'max_iter': 1000}, grid.best_score_=0.7222222222222222, grid.best_index_=0, acc=0.75, time=2.907841205596924
21-06-2022 01:21:51|INFO|Is groups None: False 
21-06-2022 01:21:54|INFO|4/10|grid.best_params_={'C': 10000.0, 'gamma': 1e-07, 'kernel': 'rbf', 'max_iter': 1000}, grid.best_score_=0.7407407407407408, grid.best_index_=22, acc=0.5833333333333334, time=2.912973642349243
21-06-2022 01:21:54|INFO|Is groups None: False 
21-06-2022 01:21:57|INFO|5/10|grid.best_params_={'C': 0.01, 'gamma': 1e-09, 'kernel': 'rbf', 'max_iter': 1000}, grid.best_score_=0.7222222222222222, grid.best_index_=0, acc=0.75, time=2.9461355209350586
21-06-2022 01:21:57|INFO|Is groups None: False 
21-06-2022 01:22:00|INFO|6/10|grid.best_params_={'C': 0.01, 'gamma': 1e-09, 'kernel': 'rbf', 'max_iter': 1000}, grid.best_score_=0.7222222222222222, grid.best_index_=0, acc=0.75, time=2.946104049682617
21-06-2022 01:22:00|INFO|Is groups None: False 
21-06-2022 01:22:03|INFO|7/10|grid.best_params_={'C': 0.01, 'gamma': 1e-09, 'kernel': 'rbf', 'max_iter': 1000}, grid.best_score_=0.7222222222222222, grid.best_index_=0, acc=0.75, time=2.8774678707122803
21-06-2022 01:22:03|INFO|Is groups None: False 
21-06-2022 01:22:06|INFO|8/10|grid.best_params_={'C': 0.01, 'gamma': 1e-09, 'kernel': 'rbf', 'max_iter': 1000}, grid.best_score_=0.7222222222222222, grid.best_index_=0, acc=0.75, time=3.016479969024658
21-06-2022 01:22:06|INFO|Is groups None: False 
21-06-2022 01:22:08|INFO|9/10|grid.best_params_={'C': 100000000.0, 'gamma': 1e-09, 'kernel': 'rbf', 'max_iter': 1000}, grid.best_score_=0.7314814814814815, grid.best_index_=35, acc=0.3333333333333333, time=2.817331314086914
21-06-2022 01:22:08|INFO|Is groups None: False 
21-06-2022 01:22:11|INFO|10/10|grid.best_params_={'C': 0.01, 'gamma': 1e-09, 'kernel': 'rbf', 'max_iter': 1000}, grid.best_score_=0.75, grid.best_index_=0, acc=0.5, time=2.8867084980010986
21-06-2022 01:22:11|INFO|s25|10-CV=0.66667|STD=0.13944|Time spend=38.69818043708801
21-06-2022 01:22:21|INFO|Running Segment-First
21-06-2022 01:22:21|INFO|X.shape=(120, 2480), y.shape=(120,), groups.shape=(120,)
21-06-2022 01:22:21|INFO|Is groups None: False 
21-06-2022 01:22:24|INFO|1/10|grid.best_params_={'C': 100000000.0, 'gamma': 1e-09, 'kernel': 'rbf', 'max_iter': 1000}, grid.best_score_=0.6296296296296297, grid.best_index_=35, acc=0.6666666666666666, time=3.402989149093628
21-06-2022 01:22:24|INFO|Is groups None: False 
21-06-2022 01:22:27|INFO|2/10|grid.best_params_={'C': 1000000.0, 'gamma': 1e-09, 'kernel': 'rbf', 'max_iter': 1000}, grid.best_score_=0.6203703703703705, grid.best_index_=28, acc=0.75, time=3.191997766494751
21-06-2022 01:22:27|INFO|Is groups None: False 
21-06-2022 01:22:30|INFO|3/10|grid.best_params_={'C': 10000.0, 'gamma': 1e-07, 'kernel': 'rbf', 'max_iter': 1000}, grid.best_score_=0.6666666666666666, grid.best_index_=22, acc=0.5833333333333334, time=3.109226703643799
21-06-2022 01:22:31|INFO|Is groups None: False 
21-06-2022 01:22:34|INFO|4/10|grid.best_params_={'C': 100000000.0, 'gamma': 1e-09, 'kernel': 'rbf', 'max_iter': 1000}, grid.best_score_=0.611111111111111, grid.best_index_=35, acc=0.8333333333333334, time=3.148965835571289
21-06-2022 01:22:34|INFO|Is groups None: False 
21-06-2022 01:22:37|INFO|5/10|grid.best_params_={'C': 1.0, 'gamma': 0.001, 'kernel': 'rbf', 'max_iter': 1000}, grid.best_score_=0.6203703703703703, grid.best_index_=10, acc=0.5, time=3.17482852935791
21-06-2022 01:22:37|INFO|Is groups None: False 
21-06-2022 01:22:40|INFO|6/10|grid.best_params_={'C': 100000000.0, 'gamma': 1e-09, 'kernel': 'rbf', 'max_iter': 1000}, grid.best_score_=0.6481481481481483, grid.best_index_=35, acc=0.5833333333333334, time=3.201704263687134
21-06-2022 01:22:40|INFO|Is groups None: False 
21-06-2022 01:22:43|INFO|7/10|grid.best_params_={'C': 100.0, 'gamma': 1e-05, 'kernel': 'rbf', 'max_iter': 1000}, grid.best_score_=0.6574074074074074, grid.best_index_=16, acc=0.5833333333333334, time=3.200676918029785
21-06-2022 01:22:43|INFO|Is groups None: False 
21-06-2022 01:22:46|INFO|8/10|grid.best_params_={'C': 100.0, 'gamma': 0.001, 'kernel': 'rbf', 'max_iter': 1000}, grid.best_score_=0.5740740740740741, grid.best_index_=17, acc=0.5, time=3.2152223587036133
21-06-2022 01:22:46|INFO|Is groups None: False 
21-06-2022 01:22:50|INFO|9/10|grid.best_params_={'C': 100.0, 'gamma': 1e-05, 'kernel': 'rbf', 'max_iter': 1000}, grid.best_score_=0.6666666666666665, grid.best_index_=16, acc=0.4166666666666667, time=3.093735456466675
21-06-2022 01:22:50|INFO|Is groups None: False 
21-06-2022 01:22:53|INFO|10/10|grid.best_params_={'C': 100.0, 'gamma': 1e-05, 'kernel': 'rbf', 'max_iter': 1000}, grid.best_score_=0.675925925925926, grid.best_index_=16, acc=0.4166666666666667, time=3.1680641174316406
21-06-2022 01:22:53|INFO|s26|10-CV=0.58333|STD=0.12910|Time spend=41.422245502471924
21-06-2022 01:23:02|INFO|Running Segment-First
21-06-2022 01:23:02|INFO|X.shape=(120, 2480), y.shape=(120,), groups.shape=(120,)
21-06-2022 01:23:02|INFO|Is groups None: False 
21-06-2022 01:23:05|INFO|1/10|grid.best_params_={'C': 100.0, 'gamma': 0.001, 'kernel': 'rbf', 'max_iter': 1000}, grid.best_score_=0.75, grid.best_index_=17, acc=0.5, time=3.1140646934509277
21-06-2022 01:23:05|INFO|Is groups None: False 
21-06-2022 01:23:08|INFO|2/10|grid.best_params_={'C': 1.0, 'gamma': 0.001, 'kernel': 'rbf', 'max_iter': 1000}, grid.best_score_=0.7314814814814815, grid.best_index_=10, acc=0.6666666666666666, time=2.9824166297912598
21-06-2022 01:23:08|INFO|Is groups None: False 
21-06-2022 01:23:11|INFO|3/10|grid.best_params_={'C': 100.0, 'gamma': 0.001, 'kernel': 'rbf', 'max_iter': 1000}, grid.best_score_=0.7407407407407407, grid.best_index_=17, acc=0.75, time=3.073683738708496
21-06-2022 01:23:11|INFO|Is groups None: False 
21-06-2022 01:23:14|INFO|4/10|grid.best_params_={'C': 100.0, 'gamma': 0.001, 'kernel': 'rbf', 'max_iter': 1000}, grid.best_score_=0.6851851851851852, grid.best_index_=17, acc=0.8333333333333334, time=3.0703511238098145
21-06-2022 01:23:14|INFO|Is groups None: False 
21-06-2022 01:23:17|INFO|5/10|grid.best_params_={'C': 100.0, 'gamma': 0.001, 'kernel': 'rbf', 'max_iter': 1000}, grid.best_score_=0.7222222222222223, grid.best_index_=17, acc=0.5833333333333334, time=2.9720797538757324
21-06-2022 01:23:17|INFO|Is groups None: False 
21-06-2022 01:23:20|INFO|6/10|grid.best_params_={'C': 100.0, 'gamma': 0.001, 'kernel': 'rbf', 'max_iter': 1000}, grid.best_score_=0.7037037037037037, grid.best_index_=17, acc=0.6666666666666666, time=2.9225964546203613
21-06-2022 01:23:20|INFO|Is groups None: False 
21-06-2022 01:23:23|INFO|7/10|grid.best_params_={'C': 100.0, 'gamma': 0.001, 'kernel': 'rbf', 'max_iter': 1000}, grid.best_score_=0.7314814814814814, grid.best_index_=17, acc=0.5833333333333334, time=2.945843458175659
21-06-2022 01:23:23|INFO|Is groups None: False 
21-06-2022 01:23:26|INFO|8/10|grid.best_params_={'C': 0.01, 'gamma': 1e-09, 'kernel': 'rbf', 'max_iter': 1000}, grid.best_score_=0.6666666666666666, grid.best_index_=0, acc=0.75, time=2.9430878162384033
21-06-2022 01:23:26|INFO|Is groups None: False 
21-06-2022 01:23:29|INFO|9/10|grid.best_params_={'C': 1.0, 'gamma': 0.001, 'kernel': 'rbf', 'max_iter': 1000}, grid.best_score_=0.7037037037037037, grid.best_index_=10, acc=0.6666666666666666, time=2.8940558433532715
21-06-2022 01:23:29|INFO|Is groups None: False 
21-06-2022 01:23:32|INFO|10/10|grid.best_params_={'C': 1.0, 'gamma': 0.001, 'kernel': 'rbf', 'max_iter': 1000}, grid.best_score_=0.6851851851851852, grid.best_index_=10, acc=0.5833333333333334, time=2.897212266921997
21-06-2022 01:23:32|INFO|s27|10-CV=0.65833|STD=0.09465|Time spend=39.33870768547058
21-06-2022 01:23:41|INFO|Running Segment-First
21-06-2022 01:23:41|INFO|X.shape=(120, 2480), y.shape=(120,), groups.shape=(120,)
21-06-2022 01:23:41|INFO|Is groups None: False 
21-06-2022 01:23:45|INFO|1/10|grid.best_params_={'C': 100.0, 'gamma': 0.1, 'kernel': 'rbf', 'max_iter': 1000}, grid.best_score_=0.5370370370370371, grid.best_index_=18, acc=0.5, time=3.312155246734619
21-06-2022 01:23:45|INFO|Is groups None: False 
21-06-2022 01:23:48|INFO|2/10|grid.best_params_={'C': 100.0, 'gamma': 0.001, 'kernel': 'rbf', 'max_iter': 1000}, grid.best_score_=0.5740740740740741, grid.best_index_=17, acc=0.3333333333333333, time=3.175964832305908
21-06-2022 01:23:48|INFO|Is groups None: False 
21-06-2022 01:23:51|INFO|3/10|grid.best_params_={'C': 1.0, 'gamma': 0.1, 'kernel': 'rbf', 'max_iter': 1000}, grid.best_score_=0.5462962962962963, grid.best_index_=11, acc=0.5, time=3.317135810852051
21-06-2022 01:23:51|INFO|Is groups None: False 
21-06-2022 01:23:55|INFO|4/10|grid.best_params_={'C': 1.0, 'gamma': 0.1, 'kernel': 'rbf', 'max_iter': 1000}, grid.best_score_=0.5462962962962963, grid.best_index_=11, acc=0.5, time=3.267760992050171
21-06-2022 01:23:55|INFO|Is groups None: False 
21-06-2022 01:23:58|INFO|5/10|grid.best_params_={'C': 1.0, 'gamma': 0.1, 'kernel': 'rbf', 'max_iter': 1000}, grid.best_score_=0.5555555555555556, grid.best_index_=11, acc=0.5, time=3.344247341156006
21-06-2022 01:23:58|INFO|Is groups None: False 
21-06-2022 01:24:01|INFO|6/10|grid.best_params_={'C': 0.01, 'gamma': 1e-09, 'kernel': 'rbf', 'max_iter': 1000}, grid.best_score_=0.5555555555555556, grid.best_index_=0, acc=0.5, time=3.4212584495544434
21-06-2022 01:24:01|INFO|Is groups None: False 
21-06-2022 01:24:05|INFO|7/10|grid.best_params_={'C': 0.01, 'gamma': 1e-09, 'kernel': 'rbf', 'max_iter': 1000}, grid.best_score_=0.5277777777777778, grid.best_index_=0, acc=0.75, time=3.34470796585083
21-06-2022 01:24:05|INFO|Is groups None: False 
21-06-2022 01:24:08|INFO|8/10|grid.best_params_={'C': 0.01, 'gamma': 1e-09, 'kernel': 'rbf', 'max_iter': 1000}, grid.best_score_=0.5555555555555556, grid.best_index_=0, acc=0.5, time=3.292665481567383
21-06-2022 01:24:08|INFO|Is groups None: False 
21-06-2022 01:24:11|INFO|9/10|grid.best_params_={'C': 100.0, 'gamma': 0.001, 'kernel': 'rbf', 'max_iter': 1000}, grid.best_score_=0.5722222222222223, grid.best_index_=17, acc=0.4166666666666667, time=3.348118305206299
21-06-2022 01:24:11|INFO|Is groups None: False 
21-06-2022 01:24:15|INFO|10/10|grid.best_params_={'C': 0.01, 'gamma': 1e-09, 'kernel': 'rbf', 'max_iter': 1000}, grid.best_score_=0.5462962962962963, grid.best_index_=0, acc=0.5, time=3.354250192642212
21-06-2022 01:24:15|INFO|s28|10-CV=0.50000|STD=0.09860|Time spend=42.650954246520996
21-06-2022 01:24:24|INFO|Running Segment-First
21-06-2022 01:24:24|INFO|X.shape=(120, 2480), y.shape=(120,), groups.shape=(120,)
21-06-2022 01:24:24|INFO|Is groups None: False 
21-06-2022 01:24:27|INFO|1/10|grid.best_params_={'C': 1000000.0, 'gamma': 1e-09, 'kernel': 'rbf', 'max_iter': 1000}, grid.best_score_=0.6759259259259259, grid.best_index_=28, acc=0.16666666666666666, time=3.085839033126831
21-06-2022 01:24:27|INFO|Is groups None: False 
21-06-2022 01:24:30|INFO|2/10|grid.best_params_={'C': 1000000.0, 'gamma': 1e-09, 'kernel': 'rbf', 'max_iter': 1000}, grid.best_score_=0.6481481481481483, grid.best_index_=28, acc=0.4166666666666667, time=3.1106886863708496
21-06-2022 01:24:30|INFO|Is groups None: False 
21-06-2022 01:24:33|INFO|3/10|grid.best_params_={'C': 100.0, 'gamma': 1e-05, 'kernel': 'rbf', 'max_iter': 1000}, grid.best_score_=0.6481481481481483, grid.best_index_=16, acc=0.6666666666666666, time=3.061063766479492
21-06-2022 01:24:33|INFO|Is groups None: False 
21-06-2022 01:24:36|INFO|4/10|grid.best_params_={'C': 1.0, 'gamma': 0.001, 'kernel': 'rbf', 'max_iter': 1000}, grid.best_score_=0.675925925925926, grid.best_index_=10, acc=0.5833333333333334, time=2.9734575748443604
21-06-2022 01:24:36|INFO|Is groups None: False 
21-06-2022 01:24:39|INFO|5/10|grid.best_params_={'C': 100.0, 'gamma': 0.001, 'kernel': 'rbf', 'max_iter': 1000}, grid.best_score_=0.6481481481481483, grid.best_index_=17, acc=0.8333333333333334, time=2.8727643489837646
21-06-2022 01:24:39|INFO|Is groups None: False 
21-06-2022 01:24:42|INFO|6/10|grid.best_params_={'C': 100.0, 'gamma': 0.001, 'kernel': 'rbf', 'max_iter': 1000}, grid.best_score_=0.6759259259259259, grid.best_index_=17, acc=0.5833333333333334, time=3.0041112899780273
21-06-2022 01:24:42|INFO|Is groups None: False 
21-06-2022 01:24:46|INFO|7/10|grid.best_params_={'C': 100.0, 'gamma': 1e-05, 'kernel': 'rbf', 'max_iter': 1000}, grid.best_score_=0.712962962962963, grid.best_index_=16, acc=0.25, time=3.2288265228271484
21-06-2022 01:24:46|INFO|Is groups None: False 
21-06-2022 01:24:49|INFO|8/10|grid.best_params_={'C': 100.0, 'gamma': 0.001, 'kernel': 'rbf', 'max_iter': 1000}, grid.best_score_=0.712962962962963, grid.best_index_=17, acc=0.4166666666666667, time=2.9747262001037598
21-06-2022 01:24:49|INFO|Is groups None: False 
21-06-2022 01:24:52|INFO|9/10|grid.best_params_={'C': 0.01, 'gamma': 1e-09, 'kernel': 'rbf', 'max_iter': 1000}, grid.best_score_=0.6111111111111112, grid.best_index_=0, acc=0.75, time=3.019526481628418
21-06-2022 01:24:52|INFO|Is groups None: False 
21-06-2022 01:24:55|INFO|10/10|grid.best_params_={'C': 0.01, 'gamma': 1e-09, 'kernel': 'rbf', 'max_iter': 1000}, grid.best_score_=0.6111111111111112, grid.best_index_=0, acc=0.75, time=3.0550079345703125
21-06-2022 01:24:55|INFO|s29|10-CV=0.54167|STD=0.21164|Time spend=39.90649890899658
21-06-2022 01:25:04|INFO|Running Segment-First
21-06-2022 01:25:04|INFO|X.shape=(120, 2480), y.shape=(120,), groups.shape=(120,)
21-06-2022 01:25:04|INFO|Is groups None: False 
21-06-2022 01:25:07|INFO|1/10|grid.best_params_={'C': 100000000.0, 'gamma': 1e-09, 'kernel': 'rbf', 'max_iter': 1000}, grid.best_score_=0.5555555555555556, grid.best_index_=35, acc=0.6666666666666666, time=3.2764956951141357
21-06-2022 01:25:07|INFO|Is groups None: False 
21-06-2022 01:25:11|INFO|2/10|grid.best_params_={'C': 1000000.0, 'gamma': 1e-07, 'kernel': 'rbf', 'max_iter': 1000}, grid.best_score_=0.5555555555555555, grid.best_index_=29, acc=0.75, time=3.510763645172119
21-06-2022 01:25:11|INFO|Is groups None: False 
21-06-2022 01:25:14|INFO|3/10|grid.best_params_={'C': 1000000.0, 'gamma': 1e-07, 'kernel': 'rbf', 'max_iter': 1000}, grid.best_score_=0.5925925925925926, grid.best_index_=29, acc=0.75, time=3.364164352416992
21-06-2022 01:25:14|INFO|Is groups None: False 
21-06-2022 01:25:18|INFO|4/10|grid.best_params_={'C': 1000000.0, 'gamma': 1e-07, 'kernel': 'rbf', 'max_iter': 1000}, grid.best_score_=0.5462962962962963, grid.best_index_=29, acc=0.75, time=3.2868499755859375
21-06-2022 01:25:18|INFO|Is groups None: False 
21-06-2022 01:25:21|INFO|5/10|grid.best_params_={'C': 1000000.0, 'gamma': 1e-07, 'kernel': 'rbf', 'max_iter': 1000}, grid.best_score_=0.6111111111111112, grid.best_index_=29, acc=0.8333333333333334, time=3.3303260803222656
21-06-2022 01:25:21|INFO|Is groups None: False 
21-06-2022 01:25:24|INFO|6/10|grid.best_params_={'C': 10000.0, 'gamma': 1e-07, 'kernel': 'rbf', 'max_iter': 1000}, grid.best_score_=0.6944444444444444, grid.best_index_=22, acc=0.16666666666666666, time=3.1727781295776367
21-06-2022 01:25:24|INFO|Is groups None: False 
21-06-2022 01:25:27|INFO|7/10|grid.best_params_={'C': 10000.0, 'gamma': 1e-05, 'kernel': 'rbf', 'max_iter': 1000}, grid.best_score_=0.6111111111111112, grid.best_index_=23, acc=0.4166666666666667, time=3.2341179847717285
21-06-2022 01:25:27|INFO|Is groups None: False 
21-06-2022 01:25:30|INFO|8/10|grid.best_params_={'C': 1000000.0, 'gamma': 1e-07, 'kernel': 'rbf', 'max_iter': 1000}, grid.best_score_=0.611111111111111, grid.best_index_=29, acc=0.75, time=3.1588172912597656
21-06-2022 01:25:30|INFO|Is groups None: False 
21-06-2022 01:25:34|INFO|9/10|grid.best_params_={'C': 1000000.0, 'gamma': 1e-07, 'kernel': 'rbf', 'max_iter': 1000}, grid.best_score_=0.5555555555555556, grid.best_index_=29, acc=1.0, time=3.235231637954712
21-06-2022 01:25:34|INFO|Is groups None: False 
21-06-2022 01:25:37|INFO|10/10|grid.best_params_={'C': 1000000.0, 'gamma': 1e-07, 'kernel': 'rbf', 'max_iter': 1000}, grid.best_score_=0.6574074074074074, grid.best_index_=29, acc=0.5, time=3.270695924758911
21-06-2022 01:25:37|INFO|s30|10-CV=0.65833|STD=0.22500|Time spend=42.33067202568054
21-06-2022 01:25:46|INFO|Running Segment-First
21-06-2022 01:25:46|INFO|X.shape=(120, 2480), y.shape=(120,), groups.shape=(120,)
21-06-2022 01:25:47|INFO|Is groups None: False 
21-06-2022 01:25:50|INFO|1/10|grid.best_params_={'C': 10000.0, 'gamma': 1e-05, 'kernel': 'rbf', 'max_iter': 1000}, grid.best_score_=0.6388888888888888, grid.best_index_=23, acc=0.5833333333333334, time=3.297642230987549
21-06-2022 01:25:50|INFO|Is groups None: False 
21-06-2022 01:25:53|INFO|2/10|grid.best_params_={'C': 100.0, 'gamma': 1e-05, 'kernel': 'rbf', 'max_iter': 1000}, grid.best_score_=0.5740740740740741, grid.best_index_=16, acc=0.8333333333333334, time=3.4479753971099854
21-06-2022 01:25:53|INFO|Is groups None: False 
21-06-2022 01:25:57|INFO|3/10|grid.best_params_={'C': 10000.0, 'gamma': 1e-07, 'kernel': 'rbf', 'max_iter': 1000}, grid.best_score_=0.6203703703703705, grid.best_index_=22, acc=0.5833333333333334, time=3.2839369773864746
21-06-2022 01:25:57|INFO|Is groups None: False 
21-06-2022 01:26:00|INFO|4/10|grid.best_params_={'C': 100.0, 'gamma': 1e-05, 'kernel': 'rbf', 'max_iter': 1000}, grid.best_score_=0.6574074074074074, grid.best_index_=16, acc=0.3333333333333333, time=3.221317768096924
21-06-2022 01:26:00|INFO|Is groups None: False 
21-06-2022 01:26:03|INFO|5/10|grid.best_params_={'C': 100.0, 'gamma': 1e-05, 'kernel': 'rbf', 'max_iter': 1000}, grid.best_score_=0.6388888888888888, grid.best_index_=16, acc=0.5, time=3.119392156600952
21-06-2022 01:26:03|INFO|Is groups None: False 
21-06-2022 01:26:06|INFO|6/10|grid.best_params_={'C': 10000.0, 'gamma': 1e-07, 'kernel': 'rbf', 'max_iter': 1000}, grid.best_score_=0.5839506172839506, grid.best_index_=22, acc=0.75, time=3.2617437839508057
21-06-2022 01:26:06|INFO|Is groups None: False 
21-06-2022 01:26:09|INFO|7/10|grid.best_params_={'C': 1000000.0, 'gamma': 1e-09, 'kernel': 'rbf', 'max_iter': 1000}, grid.best_score_=0.5925925925925926, grid.best_index_=28, acc=0.5, time=3.2259278297424316
21-06-2022 01:26:09|INFO|Is groups None: False 
21-06-2022 01:26:13|INFO|8/10|grid.best_params_={'C': 10000.0, 'gamma': 1e-07, 'kernel': 'rbf', 'max_iter': 1000}, grid.best_score_=0.5833333333333333, grid.best_index_=22, acc=0.9166666666666666, time=3.1852543354034424
21-06-2022 01:26:13|INFO|Is groups None: False 
21-06-2022 01:26:16|INFO|9/10|grid.best_params_={'C': 100.0, 'gamma': 1e-05, 'kernel': 'rbf', 'max_iter': 1000}, grid.best_score_=0.5833333333333334, grid.best_index_=16, acc=0.6666666666666666, time=3.438493490219116
21-06-2022 01:26:16|INFO|Is groups None: False 
21-06-2022 01:26:19|INFO|10/10|grid.best_params_={'C': 1000000.0, 'gamma': 1e-09, 'kernel': 'rbf', 'max_iter': 1000}, grid.best_score_=0.6018518518518519, grid.best_index_=28, acc=0.5833333333333334, time=3.2234230041503906
21-06-2022 01:26:19|INFO|s31|10-CV=0.62500|STD=0.16351|Time spend=42.32669520378113
21-06-2022 01:26:29|INFO|Running Segment-First
21-06-2022 01:26:29|INFO|X.shape=(120, 2480), y.shape=(120,), groups.shape=(120,)
21-06-2022 01:26:29|INFO|Is groups None: False 
21-06-2022 01:26:32|INFO|1/10|grid.best_params_={'C': 0.01, 'gamma': 1e-09, 'kernel': 'rbf', 'max_iter': 1000}, grid.best_score_=0.6666666666666666, grid.best_index_=0, acc=0.75, time=3.0279016494750977
21-06-2022 01:26:32|INFO|Is groups None: False 
21-06-2022 01:26:35|INFO|2/10|grid.best_params_={'C': 100.0, 'gamma': 0.001, 'kernel': 'rbf', 'max_iter': 1000}, grid.best_score_=0.6944444444444445, grid.best_index_=17, acc=0.25, time=3.046334743499756
21-06-2022 01:26:35|INFO|Is groups None: False 
21-06-2022 01:26:38|INFO|3/10|grid.best_params_={'C': 0.01, 'gamma': 1e-09, 'kernel': 'rbf', 'max_iter': 1000}, grid.best_score_=0.6666666666666666, grid.best_index_=0, acc=0.75, time=3.0380985736846924
21-06-2022 01:26:38|INFO|Is groups None: False 
21-06-2022 01:26:41|INFO|4/10|grid.best_params_={'C': 0.01, 'gamma': 1e-09, 'kernel': 'rbf', 'max_iter': 1000}, grid.best_score_=0.6666666666666666, grid.best_index_=0, acc=0.75, time=2.9100801944732666
21-06-2022 01:26:41|INFO|Is groups None: False 
21-06-2022 01:26:44|INFO|5/10|grid.best_params_={'C': 0.01, 'gamma': 1e-09, 'kernel': 'rbf', 'max_iter': 1000}, grid.best_score_=0.6666666666666666, grid.best_index_=0, acc=0.75, time=3.071242570877075
21-06-2022 01:26:44|INFO|Is groups None: False 
21-06-2022 01:26:47|INFO|6/10|grid.best_params_={'C': 0.01, 'gamma': 1e-09, 'kernel': 'rbf', 'max_iter': 1000}, grid.best_score_=0.6666666666666666, grid.best_index_=0, acc=0.75, time=2.991276502609253
21-06-2022 01:26:47|INFO|Is groups None: False 
21-06-2022 01:26:50|INFO|7/10|grid.best_params_={'C': 1000000.0, 'gamma': 1e-09, 'kernel': 'rbf', 'max_iter': 1000}, grid.best_score_=0.75, grid.best_index_=28, acc=0.5, time=2.940286636352539
21-06-2022 01:26:50|INFO|Is groups None: False 
21-06-2022 01:26:53|INFO|8/10|grid.best_params_={'C': 10000.0, 'gamma': 1e-07, 'kernel': 'rbf', 'max_iter': 1000}, grid.best_score_=0.6666666666666667, grid.best_index_=22, acc=0.6666666666666666, time=2.9714243412017822
21-06-2022 01:26:53|INFO|Is groups None: False 
21-06-2022 01:26:56|INFO|9/10|grid.best_params_={'C': 0.01, 'gamma': 1e-09, 'kernel': 'rbf', 'max_iter': 1000}, grid.best_score_=0.6666666666666666, grid.best_index_=0, acc=0.75, time=3.0063695907592773
21-06-2022 01:26:56|INFO|Is groups None: False 
21-06-2022 01:26:59|INFO|10/10|grid.best_params_={'C': 0.01, 'gamma': 1e-09, 'kernel': 'rbf', 'max_iter': 1000}, grid.best_score_=0.6944444444444444, grid.best_index_=0, acc=0.5, time=2.95023775100708
21-06-2022 01:26:59|INFO|s32|10-CV=0.64167|STD=0.16266|Time spend=39.597630977630615
21-06-2022 01:26:59|INFO|final|10-CV=0.64094|STD=0.04086
