21-06-2022 22:13:41|INFO|
    Running Command: 
        python3 main-ml.py --subject_setup independent --experimental_setup trial --stimuli_class valence --preprocessing PLV --segment_lenght 20 --output_log ./output/independent-trial-valence-PLV-20.log
    Starting training:
        segment_lenght:  20
        output_log:      ./output/independent-trial-valence-PLV-20.log
        stimuli_class:   valence
        preprocessing:   PLV
        subject_setup:   independent
        experimental_setup: trial
    
21-06-2022 22:18:08|INFO|Running Segment-First
21-06-2022 22:18:08|INFO|X.shape=(3840, 2480), y.shape=(3840,), groups.shape=(3840,)
21-06-2022 22:18:10|INFO|Is groups None: False 
21-06-2022 23:16:52|INFO|1/10|grid.best_params_={'C': 1.0, 'gamma': 0.001, 'kernel': 'rbf', 'max_iter': 1000}, grid.best_score_=0.6293402777777778, grid.best_index_=10, acc=0.65625, time=3522.0015020370483
21-06-2022 23:16:52|INFO|Is groups None: False 
22-06-2022 00:15:18|INFO|2/10|grid.best_params_={'C': 1.0, 'gamma': 0.001, 'kernel': 'rbf', 'max_iter': 1000}, grid.best_score_=0.6319444444444444, grid.best_index_=10, acc=0.65625, time=3506.004590034485
22-06-2022 00:15:18|INFO|Is groups None: False 
22-06-2022 01:13:33|INFO|3/10|grid.best_params_={'C': 1.0, 'gamma': 0.001, 'kernel': 'rbf', 'max_iter': 1000}, grid.best_score_=0.6180555555555555, grid.best_index_=10, acc=0.6328125, time=3495.7056510448456
22-06-2022 01:13:33|INFO|Is groups None: False 
22-06-2022 02:11:53|INFO|4/10|grid.best_params_={'C': 1.0, 'gamma': 0.001, 'kernel': 'rbf', 'max_iter': 1000}, grid.best_score_=0.6319444444444444, grid.best_index_=10, acc=0.609375, time=3500.096829175949
22-06-2022 02:11:53|INFO|Is groups None: False 
22-06-2022 03:10:16|INFO|5/10|grid.best_params_={'C': 1.0, 'gamma': 0.001, 'kernel': 'rbf', 'max_iter': 1000}, grid.best_score_=0.6388888888888888, grid.best_index_=10, acc=0.59375, time=3502.83416891098
22-06-2022 03:10:16|INFO|Is groups None: False 
22-06-2022 04:08:38|INFO|6/10|grid.best_params_={'C': 1.0, 'gamma': 0.001, 'kernel': 'rbf', 'max_iter': 1000}, grid.best_score_=0.6336805555555556, grid.best_index_=10, acc=0.6484375, time=3501.417261838913
22-06-2022 04:08:38|INFO|Is groups None: False 
22-06-2022 05:06:52|INFO|7/10|grid.best_params_={'C': 1.0, 'gamma': 0.001, 'kernel': 'rbf', 'max_iter': 1000}, grid.best_score_=0.6371527777777778, grid.best_index_=10, acc=0.6484375, time=3494.1844375133514
22-06-2022 05:06:52|INFO|Is groups None: False 
22-06-2022 06:05:09|INFO|8/10|grid.best_params_={'C': 1.0, 'gamma': 0.001, 'kernel': 'rbf', 'max_iter': 1000}, grid.best_score_=0.6258680555555556, grid.best_index_=10, acc=0.6354166666666666, time=3497.4839181900024
22-06-2022 06:05:09|INFO|Is groups None: False 
22-06-2022 07:03:25|INFO|9/10|grid.best_params_={'C': 1.0, 'gamma': 0.001, 'kernel': 'rbf', 'max_iter': 1000}, grid.best_score_=0.6391782407407408, grid.best_index_=10, acc=0.6067708333333334, time=3496.09618473053
22-06-2022 07:03:25|INFO|Is groups None: False 
22-06-2022 08:01:39|INFO|10/10|grid.best_params_={'C': 1.0, 'gamma': 0.001, 'kernel': 'rbf', 'max_iter': 1000}, grid.best_score_=0.630787037037037, grid.best_index_=10, acc=0.6588541666666666, time=3493.4080905914307
22-06-2022 08:01:39|INFO|all|10-CV=0.63464|STD=0.02234|Time spend=35278.241899728775
22-06-2022 08:01:39|INFO|final|10-CV=0.63464|STD=0.00000
