20-06-2022 21:39:11|INFO|
    Running Command: 
        python3 main-ml.py --subject_setup independent --experimental_setup trial --stimuli_class valence --preprocessing PLV --segment_lenght 60 --output_log ./output/independent-trial-valence-PLV-60.log
    Starting training:
        segment_lenght:  60
        output_log:      ./output/independent-trial-valence-PLV-60.log
        stimuli_class:   valence
        preprocessing:   PLV
        subject_setup:   independent
        experimental_setup: trial
    
20-06-2022 21:44:41|INFO|Running Segment-First
20-06-2022 21:44:41|INFO|X.shape=(1280, 2480), y.shape=(1280,), groups.shape=(1280,)
20-06-2022 21:44:42|INFO|Is groups None: False 
20-06-2022 21:54:52|INFO|1/10|grid.best_params_={'C': 10000.0, 'gamma': 0.001, 'kernel': 'rbf', 'max_iter': 1000}, grid.best_score_=0.6458333333333334, grid.best_index_=24, acc=0.6875, time=610.1872487068176
20-06-2022 21:54:52|INFO|Is groups None: False 
20-06-2022 22:04:34|INFO|2/10|grid.best_params_={'C': 10000.0, 'gamma': 0.001, 'kernel': 'rbf', 'max_iter': 1000}, grid.best_score_=0.6623263888888888, grid.best_index_=24, acc=0.6328125, time=582.1724047660828
20-06-2022 22:04:34|INFO|Is groups None: False 
20-06-2022 22:14:16|INFO|3/10|grid.best_params_={'C': 10000.0, 'gamma': 0.001, 'kernel': 'rbf', 'max_iter': 1000}, grid.best_score_=0.6684027777777778, grid.best_index_=24, acc=0.6640625, time=582.2597897052765
20-06-2022 22:14:16|INFO|Is groups None: False 
20-06-2022 22:24:00|INFO|4/10|grid.best_params_={'C': 100.0, 'gamma': 0.001, 'kernel': 'rbf', 'max_iter': 1000}, grid.best_score_=0.6519097222222222, grid.best_index_=17, acc=0.6796875, time=583.4948539733887
20-06-2022 22:24:00|INFO|Is groups None: False 
20-06-2022 22:33:42|INFO|5/10|grid.best_params_={'C': 10000.0, 'gamma': 0.001, 'kernel': 'rbf', 'max_iter': 1000}, grid.best_score_=0.6579861111111112, grid.best_index_=24, acc=0.59375, time=582.1197879314423
20-06-2022 22:33:42|INFO|Is groups None: False 
20-06-2022 22:43:25|INFO|6/10|grid.best_params_={'C': 100.0, 'gamma': 0.001, 'kernel': 'rbf', 'max_iter': 1000}, grid.best_score_=0.6553819444444444, grid.best_index_=17, acc=0.703125, time=582.9930279254913
20-06-2022 22:43:25|INFO|Is groups None: False 
20-06-2022 22:53:09|INFO|7/10|grid.best_params_={'C': 1.0, 'gamma': 0.001, 'kernel': 'rbf', 'max_iter': 1000}, grid.best_score_=0.6571180555555556, grid.best_index_=10, acc=0.59375, time=583.4932606220245
20-06-2022 22:53:09|INFO|Is groups None: False 
20-06-2022 23:02:52|INFO|8/10|grid.best_params_={'C': 1.0, 'gamma': 0.001, 'kernel': 'rbf', 'max_iter': 1000}, grid.best_score_=0.6467013888888888, grid.best_index_=10, acc=0.625, time=583.840087890625
20-06-2022 23:02:52|INFO|Is groups None: False 
20-06-2022 23:12:34|INFO|9/10|grid.best_params_={'C': 10000.0, 'gamma': 0.001, 'kernel': 'rbf', 'max_iter': 1000}, grid.best_score_=0.6571180555555556, grid.best_index_=24, acc=0.6171875, time=581.9104471206665
20-06-2022 23:12:34|INFO|Is groups None: False 
20-06-2022 23:22:17|INFO|10/10|grid.best_params_={'C': 10000.0, 'gamma': 0.001, 'kernel': 'rbf', 'max_iter': 1000}, grid.best_score_=0.6588541666666666, grid.best_index_=24, acc=0.6484375, time=583.1237857341766
20-06-2022 23:22:17|INFO|all|10-CV=0.64453|STD=0.03652|Time spend=6186.683523654938
20-06-2022 23:22:17|INFO|final|10-CV=0.64453|STD=0.00000
