05-08-2022 07:43:23|INFO|
    Running Command: 
        python3 main-ml.py --subject_setup independent --experimental_setup segment --stimuli_class arousal --preprocessing PLV --segment_lenght 1 --output_log ./output/independent-segment-arousal-PLV-1.log
    Starting training:
        segment_lenght:  1
        output_log:      ./output/independent-segment-arousal-PLV-1.log
        stimuli_class:   arousal
        preprocessing:   PLV
        subject_setup:   independent
        experimental_setup: segment
    
05-08-2022 07:50:30|INFO|Running Split-First
05-08-2022 07:50:30|INFO|X.shape=(76800, 2480), y.shape=(76800,), groups.shape=(76800,)
05-08-2022 07:50:30|INFO|Is groups None: True 
06-08-2022 01:40:29|INFO|1/10|grid.best_params_={'C': 0.01, 'gamma': 10.0, 'kernel': 'rbf', 'max_iter': 1000}, grid.best_score_=0.57578125, grid.best_index_=5, acc=0.57578125, time=64199.305822610855
06-08-2022 01:40:37|INFO|Is groups None: True 
06-08-2022 19:28:03|INFO|2/10|grid.best_params_={'C': 0.01, 'gamma': 10.0, 'kernel': 'rbf', 'max_iter': 1000}, grid.best_score_=0.57578125, grid.best_index_=5, acc=0.57578125, time=64052.68962240219
06-08-2022 19:28:06|INFO|Is groups None: True 
07-08-2022 13:01:38|INFO|3/10|grid.best_params_={'C': 0.01, 'gamma': 10.0, 'kernel': 'rbf', 'max_iter': 1000}, grid.best_score_=0.57578125, grid.best_index_=5, acc=0.57578125, time=63215.48621940613
07-08-2022 13:01:44|INFO|Is groups None: True 
08-08-2022 06:38:23|INFO|4/10|grid.best_params_={'C': 0.01, 'gamma': 10.0, 'kernel': 'rbf', 'max_iter': 1000}, grid.best_score_=0.57578125, grid.best_index_=5, acc=0.57578125, time=63404.65510511398
08-08-2022 06:38:25|INFO|Is groups None: True 
09-08-2022 00:26:10|INFO|5/10|grid.best_params_={'C': 0.01, 'gamma': 10.0, 'kernel': 'rbf', 'max_iter': 1000}, grid.best_score_=0.57578125, grid.best_index_=5, acc=0.57578125, time=64067.397990226746
09-08-2022 00:26:12|INFO|Is groups None: True 
09-08-2022 18:14:51|INFO|6/10|grid.best_params_={'C': 0.01, 'gamma': 10.0, 'kernel': 'rbf', 'max_iter': 1000}, grid.best_score_=0.57578125, grid.best_index_=5, acc=0.57578125, time=64121.1186773777
09-08-2022 18:14:55|INFO|Is groups None: True 
10-08-2022 12:08:17|INFO|7/10|grid.best_params_={'C': 0.01, 'gamma': 10.0, 'kernel': 'rbf', 'max_iter': 1000}, grid.best_score_=0.57578125, grid.best_index_=5, acc=0.57578125, time=64405.26420855522
10-08-2022 12:08:24|INFO|Is groups None: True 
11-08-2022 09:08:26|INFO|
    Running Command: 
        python3 main-ml.py --subject_setup independent --experimental_setup segment --stimuli_class arousal --preprocessing PLV --segment_lenght 1 --output_log ./output/independent-segment-arousal-PLV-1.log
    Starting training:
        segment_lenght:  1
        output_log:      ./output/independent-segment-arousal-PLV-1.log
        stimuli_class:   arousal
        preprocessing:   PLV
        subject_setup:   independent
        experimental_setup: segment
    
11-08-2022 09:15:21|INFO|Running Split-First
11-08-2022 09:15:21|INFO|X.shape=(76800, 2480), y.shape=(76800,), groups.shape=(76800,)
11-08-2022 09:15:21|INFO|Is groups None: True 
12-08-2022 03:02:25|INFO|8/10|grid.best_params_={'C': 0.01, 'gamma': 10.0, 'kernel': 'rbf', 'max_iter': 1000}, grid.best_score_=0.57578125, grid.best_index_=5, acc=0.57578125, time=64024.14126586914
12-08-2022 03:02:30|INFO|Is groups None: True 
12-08-2022 20:47:40|INFO|9/10|grid.best_params_={'C': 0.01, 'gamma': 10.0, 'kernel': 'rbf', 'max_iter': 1000}, grid.best_score_=0.57578125, grid.best_index_=5, acc=0.57578125, time=63914.48641180992
12-08-2022 20:47:43|INFO|Is groups None: True 
13-08-2022 14:34:07|INFO|10/10|grid.best_params_={'C': 0.01, 'gamma': 10.0, 'kernel': 'rbf', 'max_iter': 1000}, grid.best_score_=0.57578125, grid.best_index_=5, acc=0.57578125, time=63986.8812315464
13-08-2022 14:34:07|INFO|all|10-CV=0.57578|STD=0.00000|Time spend=192341.55393958092
13-08-2022 14:34:07|INFO|final|10-CV=0.57578|STD=0.00000
