30-07-2022 22:13:14|INFO|
    Running Command: 
        python3 main-ml.py --subject_setup dependent --experimental_setup segment --stimuli_class arousal --preprocessing PLI --segment_lenght 1 --output_log ./output/dependent-segment-arousal-PLI-1.log
    Starting training:
        segment_lenght:  1
        output_log:      ./output/dependent-segment-arousal-PLI-1.log
        stimuli_class:   arousal
        preprocessing:   PLI
        subject_setup:   dependent
        experimental_setup: segment
    
30-07-2022 22:13:25|INFO|Running Split-First
30-07-2022 22:13:25|INFO|X.shape=(2400, 2480), y.shape=(2400,), groups.shape=(2400,)
30-07-2022 22:13:25|INFO|Is groups None: True 
30-07-2022 22:36:46|INFO|1/10|grid.best_params_={'C': 0.01, 'gamma': 1e-09, 'kernel': 'rbf', 'max_iter': 1000}, grid.best_score_=0.6, grid.best_index_=0, acc=0.6, time=1401.5106332302094
30-07-2022 22:36:46|INFO|Is groups None: True 
30-07-2022 23:00:27|INFO|2/10|grid.best_params_={'C': 0.01, 'gamma': 1e-09, 'kernel': 'rbf', 'max_iter': 1000}, grid.best_score_=0.6, grid.best_index_=0, acc=0.6, time=1420.865737438202
30-07-2022 23:00:27|INFO|Is groups None: True 
30-07-2022 23:23:33|INFO|3/10|grid.best_params_={'C': 0.01, 'gamma': 1e-09, 'kernel': 'rbf', 'max_iter': 1000}, grid.best_score_=0.6, grid.best_index_=0, acc=0.6, time=1386.1674373149872
30-07-2022 23:23:33|INFO|Is groups None: True 
30-07-2022 23:46:37|INFO|4/10|grid.best_params_={'C': 0.01, 'gamma': 1e-09, 'kernel': 'rbf', 'max_iter': 1000}, grid.best_score_=0.6, grid.best_index_=0, acc=0.6, time=1383.8372898101807
30-07-2022 23:46:37|INFO|Is groups None: True 
31-07-2022 00:09:39|INFO|5/10|grid.best_params_={'C': 0.01, 'gamma': 1e-09, 'kernel': 'rbf', 'max_iter': 1000}, grid.best_score_=0.6, grid.best_index_=0, acc=0.6, time=1381.715339899063
31-07-2022 00:09:39|INFO|Is groups None: True 
31-07-2022 00:32:44|INFO|6/10|grid.best_params_={'C': 0.01, 'gamma': 1e-09, 'kernel': 'rbf', 'max_iter': 1000}, grid.best_score_=0.6, grid.best_index_=0, acc=0.6, time=1384.6603281497955
31-07-2022 00:32:44|INFO|Is groups None: True 
31-07-2022 00:55:47|INFO|7/10|grid.best_params_={'C': 0.01, 'gamma': 1e-09, 'kernel': 'rbf', 'max_iter': 1000}, grid.best_score_=0.6, grid.best_index_=0, acc=0.6, time=1383.7236957550049
31-07-2022 00:55:47|INFO|Is groups None: True 
31-07-2022 01:18:53|INFO|8/10|grid.best_params_={'C': 100.0, 'gamma': 0.001, 'kernel': 'rbf', 'max_iter': 1000}, grid.best_score_=0.600462962962963, grid.best_index_=17, acc=0.5916666666666667, time=1385.5025610923767
31-07-2022 01:18:53|INFO|Is groups None: True 
31-07-2022 01:41:56|INFO|9/10|grid.best_params_={'C': 0.01, 'gamma': 1e-09, 'kernel': 'rbf', 'max_iter': 1000}, grid.best_score_=0.6, grid.best_index_=0, acc=0.6, time=1383.1631727218628
31-07-2022 01:41:56|INFO|Is groups None: True 
31-07-2022 02:04:59|INFO|10/10|grid.best_params_={'C': 0.01, 'gamma': 1e-09, 'kernel': 'rbf', 'max_iter': 1000}, grid.best_score_=0.6, grid.best_index_=0, acc=0.6, time=1382.7101221084595
31-07-2022 02:04:59|INFO|s01|10-CV=0.59917|STD=0.00250|Time spend=13905.015447616577
31-07-2022 02:05:08|INFO|Running Split-First
31-07-2022 02:05:08|INFO|X.shape=(2400, 2480), y.shape=(2400,), groups.shape=(2400,)
31-07-2022 02:05:08|INFO|Is groups None: True 
31-07-2022 02:28:03|INFO|1/10|grid.best_params_={'C': 0.01, 'gamma': 1e-09, 'kernel': 'rbf', 'max_iter': 1000}, grid.best_score_=0.6, grid.best_index_=0, acc=0.6, time=1375.5661551952362
31-07-2022 02:28:03|INFO|Is groups None: True 
31-07-2022 02:51:07|INFO|2/10|grid.best_params_={'C': 0.01, 'gamma': 1e-09, 'kernel': 'rbf', 'max_iter': 1000}, grid.best_score_=0.6, grid.best_index_=0, acc=0.6, time=1383.1677947044373
31-07-2022 02:51:07|INFO|Is groups None: True 
31-07-2022 03:14:16|INFO|3/10|grid.best_params_={'C': 0.01, 'gamma': 1e-09, 'kernel': 'rbf', 'max_iter': 1000}, grid.best_score_=0.6, grid.best_index_=0, acc=0.6, time=1389.211361169815
31-07-2022 03:14:16|INFO|Is groups None: True 
31-07-2022 03:37:12|INFO|4/10|grid.best_params_={'C': 1.0, 'gamma': 0.001, 'kernel': 'rbf', 'max_iter': 1000}, grid.best_score_=0.600462962962963, grid.best_index_=10, acc=0.5958333333333333, time=1376.4966990947723
31-07-2022 03:37:12|INFO|Is groups None: True 
31-07-2022 03:59:51|INFO|5/10|grid.best_params_={'C': 0.01, 'gamma': 1e-09, 'kernel': 'rbf', 'max_iter': 1000}, grid.best_score_=0.6, grid.best_index_=0, acc=0.6, time=1358.3229269981384
31-07-2022 03:59:51|INFO|Is groups None: True 
31-07-2022 04:22:30|INFO|6/10|grid.best_params_={'C': 0.01, 'gamma': 1e-09, 'kernel': 'rbf', 'max_iter': 1000}, grid.best_score_=0.6, grid.best_index_=0, acc=0.6, time=1359.267234802246
31-07-2022 04:22:30|INFO|Is groups None: True 
31-07-2022 04:45:09|INFO|7/10|grid.best_params_={'C': 0.01, 'gamma': 1e-09, 'kernel': 'rbf', 'max_iter': 1000}, grid.best_score_=0.6, grid.best_index_=0, acc=0.6, time=1358.8068494796753
31-07-2022 04:45:09|INFO|Is groups None: True 
31-07-2022 05:07:45|INFO|8/10|grid.best_params_={'C': 0.01, 'gamma': 1e-09, 'kernel': 'rbf', 'max_iter': 1000}, grid.best_score_=0.6, grid.best_index_=0, acc=0.6, time=1356.024513244629
31-07-2022 05:07:45|INFO|Is groups None: True 
31-07-2022 05:30:21|INFO|9/10|grid.best_params_={'C': 0.01, 'gamma': 1e-09, 'kernel': 'rbf', 'max_iter': 1000}, grid.best_score_=0.6, grid.best_index_=0, acc=0.6, time=1355.9992957115173
31-07-2022 05:30:21|INFO|Is groups None: True 
31-07-2022 05:52:57|INFO|10/10|grid.best_params_={'C': 0.01, 'gamma': 1e-09, 'kernel': 'rbf', 'max_iter': 1000}, grid.best_score_=0.6, grid.best_index_=0, acc=0.6, time=1355.7530086040497
31-07-2022 05:52:57|INFO|s02|10-CV=0.59958|STD=0.00125|Time spend=13677.748197555542
31-07-2022 05:53:06|INFO|Running Split-First
31-07-2022 05:53:06|INFO|X.shape=(2400, 2480), y.shape=(2400,), groups.shape=(2400,)
31-07-2022 05:53:06|INFO|Is groups None: True 
31-07-2022 06:09:53|INFO|1/10|grid.best_params_={'C': 0.01, 'gamma': 1e-09, 'kernel': 'rbf', 'max_iter': 1000}, grid.best_score_=0.8, grid.best_index_=0, acc=0.8, time=1007.7372479438782
31-07-2022 06:09:53|INFO|Is groups None: True 
31-07-2022 06:26:42|INFO|2/10|grid.best_params_={'C': 0.01, 'gamma': 1e-09, 'kernel': 'rbf', 'max_iter': 1000}, grid.best_score_=0.8, grid.best_index_=0, acc=0.8, time=1008.2669103145599
31-07-2022 06:26:42|INFO|Is groups None: True 
31-07-2022 06:43:30|INFO|3/10|grid.best_params_={'C': 0.01, 'gamma': 1e-09, 'kernel': 'rbf', 'max_iter': 1000}, grid.best_score_=0.8, grid.best_index_=0, acc=0.8, time=1008.3110256195068
31-07-2022 06:43:30|INFO|Is groups None: True 
31-07-2022 07:00:15|INFO|4/10|grid.best_params_={'C': 0.01, 'gamma': 1e-09, 'kernel': 'rbf', 'max_iter': 1000}, grid.best_score_=0.8, grid.best_index_=0, acc=0.8, time=1005.5216145515442
31-07-2022 07:00:15|INFO|Is groups None: True 
31-07-2022 07:17:02|INFO|5/10|grid.best_params_={'C': 0.01, 'gamma': 1e-09, 'kernel': 'rbf', 'max_iter': 1000}, grid.best_score_=0.8, grid.best_index_=0, acc=0.8, time=1006.6118624210358
31-07-2022 07:17:02|INFO|Is groups None: True 
31-07-2022 07:33:58|INFO|6/10|grid.best_params_={'C': 0.01, 'gamma': 1e-09, 'kernel': 'rbf', 'max_iter': 1000}, grid.best_score_=0.8, grid.best_index_=0, acc=0.8, time=1015.9958765506744
31-07-2022 07:33:58|INFO|Is groups None: True 
31-07-2022 07:50:45|INFO|7/10|grid.best_params_={'C': 0.01, 'gamma': 1e-09, 'kernel': 'rbf', 'max_iter': 1000}, grid.best_score_=0.8, grid.best_index_=0, acc=0.8, time=1006.6926543712616
31-07-2022 07:50:45|INFO|Is groups None: True 
31-07-2022 08:07:32|INFO|8/10|grid.best_params_={'C': 0.01, 'gamma': 1e-09, 'kernel': 'rbf', 'max_iter': 1000}, grid.best_score_=0.8, grid.best_index_=0, acc=0.8, time=1007.7036612033844
31-07-2022 08:07:32|INFO|Is groups None: True 
31-07-2022 08:24:19|INFO|9/10|grid.best_params_={'C': 0.01, 'gamma': 1e-09, 'kernel': 'rbf', 'max_iter': 1000}, grid.best_score_=0.8, grid.best_index_=0, acc=0.8, time=1006.4603064060211
31-07-2022 08:24:19|INFO|Is groups None: True 
31-07-2022 08:41:07|INFO|10/10|grid.best_params_={'C': 0.01, 'gamma': 1e-09, 'kernel': 'rbf', 'max_iter': 1000}, grid.best_score_=0.8, grid.best_index_=0, acc=0.8, time=1008.0468640327454
31-07-2022 08:41:07|INFO|s03|10-CV=0.80000|STD=0.00000|Time spend=10090.42693901062
31-07-2022 08:41:16|INFO|Running Split-First
31-07-2022 08:41:16|INFO|X.shape=(2400, 2480), y.shape=(2400,), groups.shape=(2400,)
31-07-2022 08:41:16|INFO|Is groups None: True 
31-07-2022 09:03:56|INFO|1/10|grid.best_params_={'C': 1.0, 'gamma': 0.001, 'kernel': 'rbf', 'max_iter': 1000}, grid.best_score_=0.600462962962963, grid.best_index_=10, acc=0.6, time=1360.6607913970947
31-07-2022 09:03:57|INFO|Is groups None: True 
31-07-2022 09:26:38|INFO|2/10|grid.best_params_={'C': 1.0, 'gamma': 0.001, 'kernel': 'rbf', 'max_iter': 1000}, grid.best_score_=0.600462962962963, grid.best_index_=10, acc=0.6, time=1361.9681351184845
31-07-2022 09:26:38|INFO|Is groups None: True 
31-07-2022 09:49:20|INFO|3/10|grid.best_params_={'C': 0.01, 'gamma': 1e-09, 'kernel': 'rbf', 'max_iter': 1000}, grid.best_score_=0.6, grid.best_index_=0, acc=0.6, time=1361.268564939499
31-07-2022 09:49:20|INFO|Is groups None: True 
31-07-2022 10:12:01|INFO|4/10|grid.best_params_={'C': 1.0, 'gamma': 0.001, 'kernel': 'rbf', 'max_iter': 1000}, grid.best_score_=0.600462962962963, grid.best_index_=10, acc=0.6, time=1361.500923871994
31-07-2022 10:12:01|INFO|Is groups None: True 
31-07-2022 10:34:40|INFO|5/10|grid.best_params_={'C': 0.01, 'gamma': 1e-09, 'kernel': 'rbf', 'max_iter': 1000}, grid.best_score_=0.6, grid.best_index_=0, acc=0.6, time=1358.7286422252655
31-07-2022 10:34:40|INFO|Is groups None: True 
31-07-2022 10:57:19|INFO|6/10|grid.best_params_={'C': 0.01, 'gamma': 1e-09, 'kernel': 'rbf', 'max_iter': 1000}, grid.best_score_=0.6, grid.best_index_=0, acc=0.6, time=1358.5443625450134
31-07-2022 10:57:19|INFO|Is groups None: True 
31-07-2022 11:20:03|INFO|7/10|grid.best_params_={'C': 0.01, 'gamma': 1e-09, 'kernel': 'rbf', 'max_iter': 1000}, grid.best_score_=0.6, grid.best_index_=0, acc=0.6, time=1364.2732813358307
31-07-2022 11:20:03|INFO|Is groups None: True 
31-07-2022 11:43:02|INFO|8/10|grid.best_params_={'C': 0.01, 'gamma': 1e-09, 'kernel': 'rbf', 'max_iter': 1000}, grid.best_score_=0.6, grid.best_index_=0, acc=0.6, time=1378.9333095550537
31-07-2022 11:43:02|INFO|Is groups None: True 
31-07-2022 12:06:04|INFO|9/10|grid.best_params_={'C': 0.01, 'gamma': 1e-09, 'kernel': 'rbf', 'max_iter': 1000}, grid.best_score_=0.6, grid.best_index_=0, acc=0.6, time=1382.688509941101
31-07-2022 12:06:04|INFO|Is groups None: True 
31-07-2022 12:29:09|INFO|10/10|grid.best_params_={'C': 0.01, 'gamma': 1e-09, 'kernel': 'rbf', 'max_iter': 1000}, grid.best_score_=0.6, grid.best_index_=0, acc=0.6, time=1384.6867785453796
31-07-2022 12:29:09|INFO|s04|10-CV=0.60000|STD=0.00000|Time spend=13682.219529867172
31-07-2022 12:29:18|INFO|Running Split-First
31-07-2022 12:29:18|INFO|X.shape=(2400, 2480), y.shape=(2400,), groups.shape=(2400,)
31-07-2022 12:29:18|INFO|Is groups None: True 
31-07-2022 12:33:40|INFO|
    Running Command: 
        python3 main-ml.py --subject_setup dependent --experimental_setup segment --stimuli_class arousal --preprocessing PLI --segment_lenght 1 --output_log ./output/dependent-segment-arousal-PLI-1.log
    Starting training:
        segment_lenght:  1
        output_log:      ./output/dependent-segment-arousal-PLI-1.log
        stimuli_class:   arousal
        preprocessing:   PLI
        subject_setup:   dependent
        experimental_setup: segment
    
31-07-2022 12:33:56|INFO|Running Split-First
31-07-2022 12:33:56|INFO|X.shape=(2400, 2480), y.shape=(2400,), groups.shape=(2400,)
31-07-2022 12:33:56|INFO|Is groups None: True 
31-07-2022 13:27:44|INFO|1/10|grid.best_params_={'C': 1.0, 'gamma': 0.001, 'kernel': 'rbf', 'max_iter': 1000}, grid.best_score_=0.5300925925925927, grid.best_index_=10, acc=0.5166666666666667, time=3227.208067893982
31-07-2022 13:27:44|INFO|Is groups None: True 
31-07-2022 14:19:58|INFO|2/10|grid.best_params_={'C': 0.01, 'gamma': 1e-09, 'kernel': 'rbf', 'max_iter': 1000}, grid.best_score_=0.525, grid.best_index_=0, acc=0.5083333333333333, time=3134.500539302826
31-07-2022 14:19:58|INFO|Is groups None: True 
31-07-2022 15:15:05|INFO|3/10|grid.best_params_={'C': 1.0, 'gamma': 0.001, 'kernel': 'rbf', 'max_iter': 1000}, grid.best_score_=0.5273148148148148, grid.best_index_=10, acc=0.5041666666666667, time=3307.303988456726
31-07-2022 15:15:06|INFO|Is groups None: True 
31-07-2022 16:07:26|INFO|4/10|grid.best_params_={'C': 0.01, 'gamma': 1e-09, 'kernel': 'rbf', 'max_iter': 1000}, grid.best_score_=0.525, grid.best_index_=0, acc=0.5541666666666667, time=3141.112563610077
31-07-2022 16:07:27|INFO|Is groups None: True 
31-07-2022 20:39:02|INFO|
    Running Command: 
        python3 main-ml.py --subject_setup dependent --experimental_setup segment --stimuli_class arousal --preprocessing PLI --segment_lenght 1 --output_log ./output/dependent-segment-arousal-PLI-1.log
    Starting training:
        segment_lenght:  1
        output_log:      ./output/dependent-segment-arousal-PLI-1.log
        stimuli_class:   arousal
        preprocessing:   PLI
        subject_setup:   dependent
        experimental_setup: segment
    
31-07-2022 20:39:15|INFO|Running Split-First
31-07-2022 20:39:15|INFO|X.shape=(2400, 2480), y.shape=(2400,), groups.shape=(2400,)
31-07-2022 20:39:15|INFO|Is groups None: True 
31-07-2022 21:37:35|INFO|
    Running Command: 
        python3 main-ml.py --subject_setup dependent --experimental_setup segment --stimuli_class arousal --preprocessing PLI --segment_lenght 1 --output_log ./output/dependent-segment-arousal-PLI-1.log
    Starting training:
        segment_lenght:  1
        output_log:      ./output/dependent-segment-arousal-PLI-1.log
        stimuli_class:   arousal
        preprocessing:   PLI
        subject_setup:   dependent
        experimental_setup: segment
    
31-07-2022 21:37:48|INFO|Running Split-First
31-07-2022 21:37:48|INFO|X.shape=(2400, 2480), y.shape=(2400,), groups.shape=(2400,)
31-07-2022 21:37:48|INFO|Is groups None: True 
31-07-2022 22:03:47|INFO|
    Running Command: 
        python3 main-ml.py --subject_setup dependent --experimental_setup segment --stimuli_class arousal --preprocessing PLI --segment_lenght 1 --output_log ./output/dependent-segment-arousal-PLI-1.log
    Starting training:
        segment_lenght:  1
        output_log:      ./output/dependent-segment-arousal-PLI-1.log
        stimuli_class:   arousal
        preprocessing:   PLI
        subject_setup:   dependent
        experimental_setup: segment
    
31-07-2022 22:03:59|INFO|Running Split-First
31-07-2022 22:03:59|INFO|X.shape=(2400, 2480), y.shape=(2400,), groups.shape=(2400,)
31-07-2022 22:03:59|INFO|Is groups None: True 
31-07-2022 22:56:20|INFO|5/10|grid.best_params_={'C': 0.01, 'gamma': 1e-09, 'kernel': 'rbf', 'max_iter': 1000}, grid.best_score_=0.525, grid.best_index_=0, acc=0.5041666666666667, time=3140.513643503189
31-07-2022 22:56:20|INFO|Is groups None: True 
31-07-2022 23:49:32|INFO|6/10|grid.best_params_={'C': 0.01, 'gamma': 1e-09, 'kernel': 'rbf', 'max_iter': 1000}, grid.best_score_=0.525, grid.best_index_=0, acc=0.475, time=3191.846623659134
31-07-2022 23:49:32|INFO|Is groups None: True 
01-08-2022 00:41:38|INFO|7/10|grid.best_params_={'C': 1.0, 'gamma': 0.001, 'kernel': 'rbf', 'max_iter': 1000}, grid.best_score_=0.5268518518518519, grid.best_index_=10, acc=0.4666666666666667, time=3126.7301893234253
01-08-2022 00:41:38|INFO|Is groups None: True 
01-08-2022 01:25:59|INFO|
    Running Command: 
        python3 main-ml.py --subject_setup dependent --experimental_setup segment --stimuli_class arousal --preprocessing PLI --segment_lenght 1 --output_log ./output/dependent-segment-arousal-PLI-1.log
    Starting training:
        segment_lenght:  1
        output_log:      ./output/dependent-segment-arousal-PLI-1.log
        stimuli_class:   arousal
        preprocessing:   PLI
        subject_setup:   dependent
        experimental_setup: segment
    
01-08-2022 01:26:14|INFO|Running Split-First
01-08-2022 01:26:14|INFO|X.shape=(2400, 2480), y.shape=(2400,), groups.shape=(2400,)
01-08-2022 01:26:14|INFO|Is groups None: True 
01-08-2022 02:26:03|INFO|8/10|grid.best_params_={'C': 0.01, 'gamma': 1e-09, 'kernel': 'rbf', 'max_iter': 1000}, grid.best_score_=0.525, grid.best_index_=0, acc=0.5208333333333334, time=3589.473741054535
01-08-2022 02:26:03|INFO|Is groups None: True 
01-08-2022 02:58:22|INFO|
    Running Command: 
        python3 main-ml.py --subject_setup dependent --experimental_setup segment --stimuli_class arousal --preprocessing PLI --segment_lenght 1 --output_log ./output/dependent-segment-arousal-PLI-1.log
    Starting training:
        segment_lenght:  1
        output_log:      ./output/dependent-segment-arousal-PLI-1.log
        stimuli_class:   arousal
        preprocessing:   PLI
        subject_setup:   dependent
        experimental_setup: segment
    
01-08-2022 02:58:35|INFO|Running Split-First
01-08-2022 02:58:35|INFO|X.shape=(2400, 2480), y.shape=(2400,), groups.shape=(2400,)
01-08-2022 02:58:35|INFO|Is groups None: True 
01-08-2022 03:50:31|INFO|9/10|grid.best_params_={'C': 100.0, 'gamma': 0.001, 'kernel': 'rbf', 'max_iter': 1000}, grid.best_score_=0.5291666666666667, grid.best_index_=17, acc=0.43333333333333335, time=3116.268797159195
01-08-2022 03:50:31|INFO|Is groups None: True 
01-08-2022 04:42:09|INFO|10/10|grid.best_params_={'C': 0.01, 'gamma': 1e-09, 'kernel': 'rbf', 'max_iter': 1000}, grid.best_score_=0.525, grid.best_index_=0, acc=0.525, time=3097.66490149498
01-08-2022 04:42:09|INFO|s05|10-CV=0.47917|STD=0.04583|Time spend=6226.770008802414
01-08-2022 04:42:26|INFO|Running Split-First
01-08-2022 04:42:26|INFO|X.shape=(2400, 2480), y.shape=(2400,), groups.shape=(2400,)
01-08-2022 04:42:26|INFO|Is groups None: True 
01-08-2022 05:33:02|INFO|1/10|grid.best_params_={'C': 0.01, 'gamma': 1e-09, 'kernel': 'rbf', 'max_iter': 1000}, grid.best_score_=0.575, grid.best_index_=0, acc=0.575, time=3036.0023486614227
01-08-2022 05:33:02|INFO|Is groups None: True 
01-08-2022 06:22:45|INFO|2/10|grid.best_params_={'C': 0.01, 'gamma': 1e-09, 'kernel': 'rbf', 'max_iter': 1000}, grid.best_score_=0.575, grid.best_index_=0, acc=0.575, time=2983.6379866600037
01-08-2022 06:22:45|INFO|Is groups None: True 
01-08-2022 07:13:01|INFO|3/10|grid.best_params_={'C': 0.01, 'gamma': 1e-09, 'kernel': 'rbf', 'max_iter': 1000}, grid.best_score_=0.575, grid.best_index_=0, acc=0.575, time=3015.3932325839996
01-08-2022 07:13:01|INFO|Is groups None: True 
01-08-2022 08:04:51|INFO|4/10|grid.best_params_={'C': 0.01, 'gamma': 1e-09, 'kernel': 'rbf', 'max_iter': 1000}, grid.best_score_=0.575, grid.best_index_=0, acc=0.575, time=3110.575485229492
01-08-2022 08:04:51|INFO|Is groups None: True 
01-08-2022 08:54:03|INFO|5/10|grid.best_params_={'C': 0.01, 'gamma': 1e-09, 'kernel': 'rbf', 'max_iter': 1000}, grid.best_score_=0.575, grid.best_index_=0, acc=0.575, time=2951.339723587036
01-08-2022 08:54:03|INFO|Is groups None: True 
01-08-2022 09:43:35|INFO|6/10|grid.best_params_={'C': 0.01, 'gamma': 1e-09, 'kernel': 'rbf', 'max_iter': 1000}, grid.best_score_=0.575, grid.best_index_=0, acc=0.575, time=2972.6335866451263
01-08-2022 09:43:35|INFO|Is groups None: True 
01-08-2022 10:32:58|INFO|7/10|grid.best_params_={'C': 100.0, 'gamma': 0.001, 'kernel': 'rbf', 'max_iter': 1000}, grid.best_score_=0.5759259259259258, grid.best_index_=17, acc=0.5041666666666667, time=2962.6530306339264
01-08-2022 10:32:58|INFO|Is groups None: True 
01-08-2022 11:22:24|INFO|8/10|grid.best_params_={'C': 0.01, 'gamma': 1e-09, 'kernel': 'rbf', 'max_iter': 1000}, grid.best_score_=0.575, grid.best_index_=0, acc=0.575, time=2966.6089375019073
01-08-2022 11:22:24|INFO|Is groups None: True 
01-08-2022 12:11:46|INFO|9/10|grid.best_params_={'C': 0.01, 'gamma': 1e-09, 'kernel': 'rbf', 'max_iter': 1000}, grid.best_score_=0.575, grid.best_index_=0, acc=0.575, time=2962.0022592544556
01-08-2022 12:11:47|INFO|Is groups None: True 
01-08-2022 13:03:04|INFO|10/10|grid.best_params_={'C': 0.01, 'gamma': 1e-09, 'kernel': 'rbf', 'max_iter': 1000}, grid.best_score_=0.575, grid.best_index_=0, acc=0.575, time=3077.288698911667
01-08-2022 13:03:04|INFO|s06|10-CV=0.56792|STD=0.02125|Time spend=30055.082008361816
01-08-2022 13:03:19|INFO|Running Split-First
01-08-2022 13:03:19|INFO|X.shape=(2400, 2480), y.shape=(2400,), groups.shape=(2400,)
01-08-2022 13:03:19|INFO|Is groups None: True 
01-08-2022 13:50:01|INFO|1/10|grid.best_params_={'C': 100.0, 'gamma': 0.001, 'kernel': 'rbf', 'max_iter': 1000}, grid.best_score_=0.6259259259259259, grid.best_index_=17, acc=0.6083333333333333, time=2802.5146839618683
01-08-2022 13:50:01|INFO|Is groups None: True 
01-08-2022 14:36:47|INFO|2/10|grid.best_params_={'C': 100.0, 'gamma': 0.001, 'kernel': 'rbf', 'max_iter': 1000}, grid.best_score_=0.6254629629629629, grid.best_index_=17, acc=0.6375, time=2805.6816046237946
01-08-2022 14:36:47|INFO|Is groups None: True 
01-08-2022 15:23:38|INFO|3/10|grid.best_params_={'C': 100.0, 'gamma': 0.001, 'kernel': 'rbf', 'max_iter': 1000}, grid.best_score_=0.6263888888888888, grid.best_index_=17, acc=0.625, time=2810.6408865451813
01-08-2022 15:23:38|INFO|Is groups None: True 
01-08-2022 16:12:31|INFO|4/10|grid.best_params_={'C': 0.01, 'gamma': 1e-09, 'kernel': 'rbf', 'max_iter': 1000}, grid.best_score_=0.625, grid.best_index_=0, acc=0.625, time=2933.1400196552277
01-08-2022 16:12:31|INFO|Is groups None: True 
01-08-2022 16:59:11|INFO|5/10|grid.best_params_={'C': 0.01, 'gamma': 1e-09, 'kernel': 'rbf', 'max_iter': 1000}, grid.best_score_=0.625, grid.best_index_=0, acc=0.625, time=2799.5926661491394
01-08-2022 16:59:11|INFO|Is groups None: True 
01-08-2022 17:46:23|INFO|6/10|grid.best_params_={'C': 0.01, 'gamma': 1e-09, 'kernel': 'rbf', 'max_iter': 1000}, grid.best_score_=0.625, grid.best_index_=0, acc=0.625, time=2832.5391190052032
01-08-2022 17:46:23|INFO|Is groups None: True 
01-08-2022 18:33:38|INFO|7/10|grid.best_params_={'C': 100.0, 'gamma': 0.001, 'kernel': 'rbf', 'max_iter': 1000}, grid.best_score_=0.6254629629629629, grid.best_index_=17, acc=0.6208333333333333, time=2834.7095103263855
01-08-2022 18:33:38|INFO|Is groups None: True 
01-08-2022 19:21:58|INFO|8/10|grid.best_params_={'C': 0.01, 'gamma': 1e-09, 'kernel': 'rbf', 'max_iter': 1000}, grid.best_score_=0.625, grid.best_index_=0, acc=0.625, time=2900.159393310547
01-08-2022 19:21:58|INFO|Is groups None: True 
01-08-2022 20:10:19|INFO|9/10|grid.best_params_={'C': 0.01, 'gamma': 1e-09, 'kernel': 'rbf', 'max_iter': 1000}, grid.best_score_=0.625, grid.best_index_=0, acc=0.625, time=2900.7973024845123
01-08-2022 20:10:19|INFO|Is groups None: True 
01-08-2022 20:57:05|INFO|10/10|grid.best_params_={'C': 100.0, 'gamma': 0.001, 'kernel': 'rbf', 'max_iter': 1000}, grid.best_score_=0.6254629629629629, grid.best_index_=17, acc=0.6291666666666667, time=2805.694139957428
01-08-2022 20:57:05|INFO|s07|10-CV=0.62458|STD=0.00683|Time spend=28440.72671341896
01-08-2022 20:57:20|INFO|Running Split-First
01-08-2022 20:57:20|INFO|X.shape=(2400, 2480), y.shape=(2400,), groups.shape=(2400,)
01-08-2022 20:57:20|INFO|Is groups None: True 
01-08-2022 21:46:36|INFO|1/10|grid.best_params_={'C': 0.01, 'gamma': 1e-09, 'kernel': 'rbf', 'max_iter': 1000}, grid.best_score_=0.575, grid.best_index_=0, acc=0.575, time=2956.534965991974
01-08-2022 21:46:37|INFO|Is groups None: True 
01-08-2022 22:36:10|INFO|2/10|grid.best_params_={'C': 0.01, 'gamma': 1e-09, 'kernel': 'rbf', 'max_iter': 1000}, grid.best_score_=0.575, grid.best_index_=0, acc=0.575, time=2973.5803813934326
01-08-2022 22:36:10|INFO|Is groups None: True 
01-08-2022 23:28:12|INFO|3/10|grid.best_params_={'C': 0.01, 'gamma': 1e-09, 'kernel': 'rbf', 'max_iter': 1000}, grid.best_score_=0.575, grid.best_index_=0, acc=0.575, time=3122.1912004947662
01-08-2022 23:28:12|INFO|Is groups None: True 
02-08-2022 00:17:55|INFO|4/10|grid.best_params_={'C': 100.0, 'gamma': 0.001, 'kernel': 'rbf', 'max_iter': 1000}, grid.best_score_=0.5768518518518518, grid.best_index_=17, acc=0.5416666666666666, time=2982.385862350464
02-08-2022 00:17:55|INFO|Is groups None: True 
02-08-2022 01:07:34|INFO|5/10|grid.best_params_={'C': 0.01, 'gamma': 1e-09, 'kernel': 'rbf', 'max_iter': 1000}, grid.best_score_=0.575, grid.best_index_=0, acc=0.575, time=2978.8355453014374
02-08-2022 01:07:34|INFO|Is groups None: True 
02-08-2022 01:59:45|INFO|6/10|grid.best_params_={'C': 0.01, 'gamma': 1e-09, 'kernel': 'rbf', 'max_iter': 1000}, grid.best_score_=0.575, grid.best_index_=0, acc=0.575, time=3131.1436026096344
02-08-2022 01:59:45|INFO|Is groups None: True 
02-08-2022 02:49:22|INFO|7/10|grid.best_params_={'C': 0.01, 'gamma': 1e-09, 'kernel': 'rbf', 'max_iter': 1000}, grid.best_score_=0.575, grid.best_index_=0, acc=0.575, time=2977.229618549347
02-08-2022 02:49:22|INFO|Is groups None: True 
02-08-2022 03:41:12|INFO|8/10|grid.best_params_={'C': 0.01, 'gamma': 1e-09, 'kernel': 'rbf', 'max_iter': 1000}, grid.best_score_=0.575, grid.best_index_=0, acc=0.575, time=3110.495114803314
02-08-2022 03:41:13|INFO|Is groups None: True 
02-08-2022 04:31:16|INFO|9/10|grid.best_params_={'C': 0.01, 'gamma': 1e-09, 'kernel': 'rbf', 'max_iter': 1000}, grid.best_score_=0.575, grid.best_index_=0, acc=0.575, time=3003.12362408638
02-08-2022 04:31:16|INFO|Is groups None: True 
02-08-2022 05:21:59|INFO|10/10|grid.best_params_={'C': 0.01, 'gamma': 1e-09, 'kernel': 'rbf', 'max_iter': 1000}, grid.best_score_=0.575, grid.best_index_=0, acc=0.575, time=3042.9163098335266
02-08-2022 05:21:59|INFO|s08|10-CV=0.57167|STD=0.01000|Time spend=30293.993968486786
02-08-2022 05:22:15|INFO|Running Split-First
02-08-2022 05:22:15|INFO|X.shape=(2400, 2480), y.shape=(2400,), groups.shape=(2400,)
02-08-2022 05:22:15|INFO|Is groups None: True 
02-08-2022 06:11:51|INFO|1/10|grid.best_params_={'C': 0.01, 'gamma': 1e-09, 'kernel': 'rbf', 'max_iter': 1000}, grid.best_score_=0.6, grid.best_index_=0, acc=0.6, time=2976.9604063034058
02-08-2022 06:11:52|INFO|Is groups None: True 
02-08-2022 06:59:58|INFO|2/10|grid.best_params_={'C': 0.01, 'gamma': 1e-09, 'kernel': 'rbf', 'max_iter': 1000}, grid.best_score_=0.6, grid.best_index_=0, acc=0.6, time=2886.219790458679
02-08-2022 06:59:58|INFO|Is groups None: True 
02-08-2022 07:50:28|INFO|3/10|grid.best_params_={'C': 0.01, 'gamma': 1e-09, 'kernel': 'rbf', 'max_iter': 1000}, grid.best_score_=0.6, grid.best_index_=0, acc=0.6, time=3030.199987888336
02-08-2022 07:50:28|INFO|Is groups None: True 
02-08-2022 08:38:37|INFO|4/10|grid.best_params_={'C': 0.01, 'gamma': 1e-09, 'kernel': 'rbf', 'max_iter': 1000}, grid.best_score_=0.6, grid.best_index_=0, acc=0.6, time=2888.9130420684814
02-08-2022 08:38:37|INFO|Is groups None: True 
02-08-2022 09:28:08|INFO|5/10|grid.best_params_={'C': 0.01, 'gamma': 1e-09, 'kernel': 'rbf', 'max_iter': 1000}, grid.best_score_=0.6, grid.best_index_=0, acc=0.6, time=2971.413326025009
02-08-2022 09:28:08|INFO|Is groups None: True 
02-08-2022 10:17:27|INFO|6/10|grid.best_params_={'C': 0.01, 'gamma': 1e-09, 'kernel': 'rbf', 'max_iter': 1000}, grid.best_score_=0.6, grid.best_index_=0, acc=0.6, time=2959.0321085453033
02-08-2022 10:17:27|INFO|Is groups None: True 
02-08-2022 11:06:00|INFO|7/10|grid.best_params_={'C': 0.01, 'gamma': 1e-09, 'kernel': 'rbf', 'max_iter': 1000}, grid.best_score_=0.6, grid.best_index_=0, acc=0.6, time=2912.44580411911
02-08-2022 11:06:00|INFO|Is groups None: True 
02-08-2022 11:56:30|INFO|8/10|grid.best_params_={'C': 0.01, 'gamma': 1e-09, 'kernel': 'rbf', 'max_iter': 1000}, grid.best_score_=0.6, grid.best_index_=0, acc=0.6, time=3029.841076374054
02-08-2022 11:56:30|INFO|Is groups None: True 
02-08-2022 12:44:37|INFO|9/10|grid.best_params_={'C': 0.01, 'gamma': 1e-09, 'kernel': 'rbf', 'max_iter': 1000}, grid.best_score_=0.6, grid.best_index_=0, acc=0.6, time=2887.1739428043365
02-08-2022 12:44:37|INFO|Is groups None: True 
02-08-2022 13:35:05|INFO|10/10|grid.best_params_={'C': 0.01, 'gamma': 1e-09, 'kernel': 'rbf', 'max_iter': 1000}, grid.best_score_=0.6, grid.best_index_=0, acc=0.6, time=3028.2003688812256
02-08-2022 13:35:05|INFO|s09|10-CV=0.60000|STD=0.00000|Time spend=29586.566834926605
02-08-2022 13:35:23|INFO|Running Split-First
02-08-2022 13:35:23|INFO|X.shape=(2400, 2480), y.shape=(2400,), groups.shape=(2400,)
02-08-2022 13:35:23|INFO|Is groups None: True 
02-08-2022 14:26:09|INFO|1/10|grid.best_params_={'C': 1.0, 'gamma': 0.001, 'kernel': 'rbf', 'max_iter': 1000}, grid.best_score_=0.5574074074074075, grid.best_index_=10, acc=0.5416666666666666, time=3046.106162071228
02-08-2022 14:26:09|INFO|Is groups None: True 
02-08-2022 15:17:56|INFO|2/10|grid.best_params_={'C': 1.0, 'gamma': 0.001, 'kernel': 'rbf', 'max_iter': 1000}, grid.best_score_=0.5546296296296297, grid.best_index_=10, acc=0.5875, time=3107.078294277191
02-08-2022 15:17:56|INFO|Is groups None: True 
02-08-2022 16:10:25|INFO|3/10|grid.best_params_={'C': 100.0, 'gamma': 0.001, 'kernel': 'rbf', 'max_iter': 1000}, grid.best_score_=0.5578703703703705, grid.best_index_=17, acc=0.5666666666666667, time=3148.6981205940247
02-08-2022 16:10:25|INFO|Is groups None: True 
02-08-2022 17:01:11|INFO|4/10|grid.best_params_={'C': 1.0, 'gamma': 0.001, 'kernel': 'rbf', 'max_iter': 1000}, grid.best_score_=0.5532407407407407, grid.best_index_=10, acc=0.5916666666666667, time=3045.42791223526
02-08-2022 17:01:11|INFO|Is groups None: True 
02-08-2022 17:54:24|INFO|5/10|grid.best_params_={'C': 100.0, 'gamma': 0.001, 'kernel': 'rbf', 'max_iter': 1000}, grid.best_score_=0.5620370370370371, grid.best_index_=17, acc=0.5291666666666667, time=3193.5100750923157
02-08-2022 17:54:24|INFO|Is groups None: True 
02-08-2022 18:44:59|INFO|6/10|grid.best_params_={'C': 1.0, 'gamma': 0.001, 'kernel': 'rbf', 'max_iter': 1000}, grid.best_score_=0.5601851851851852, grid.best_index_=10, acc=0.5291666666666667, time=3034.6341836452484
02-08-2022 18:44:59|INFO|Is groups None: True 
02-08-2022 19:37:46|INFO|7/10|grid.best_params_={'C': 1.0, 'gamma': 0.001, 'kernel': 'rbf', 'max_iter': 1000}, grid.best_score_=0.5601851851851852, grid.best_index_=10, acc=0.5291666666666667, time=3167.7118442058563
02-08-2022 19:37:47|INFO|Is groups None: True 
02-08-2022 20:29:10|INFO|8/10|grid.best_params_={'C': 100.0, 'gamma': 0.001, 'kernel': 'rbf', 'max_iter': 1000}, grid.best_score_=0.5601851851851851, grid.best_index_=17, acc=0.575, time=3083.864057779312
02-08-2022 20:29:10|INFO|Is groups None: True 
02-08-2022 21:20:24|INFO|9/10|grid.best_params_={'C': 1.0, 'gamma': 0.001, 'kernel': 'rbf', 'max_iter': 1000}, grid.best_score_=0.5555555555555556, grid.best_index_=10, acc=0.5875, time=3073.451092481613
02-08-2022 21:20:24|INFO|Is groups None: True 
02-08-2022 22:10:48|INFO|10/10|grid.best_params_={'C': 100.0, 'gamma': 0.001, 'kernel': 'rbf', 'max_iter': 1000}, grid.best_score_=0.5564814814814816, grid.best_index_=17, acc=0.5166666666666667, time=3024.70849442482
02-08-2022 22:10:48|INFO|s10|10-CV=0.55542|STD=0.02764|Time spend=30943.405237197876
02-08-2022 22:11:03|INFO|Running Split-First
02-08-2022 22:11:03|INFO|X.shape=(2400, 2480), y.shape=(2400,), groups.shape=(2400,)
02-08-2022 22:11:03|INFO|Is groups None: True 
02-08-2022 22:57:10|INFO|1/10|grid.best_params_={'C': 0.01, 'gamma': 1e-09, 'kernel': 'rbf', 'max_iter': 1000}, grid.best_score_=0.625, grid.best_index_=0, acc=0.625, time=2767.3471534252167
02-08-2022 22:57:10|INFO|Is groups None: True 
02-08-2022 23:41:08|INFO|2/10|grid.best_params_={'C': 0.01, 'gamma': 1e-09, 'kernel': 'rbf', 'max_iter': 1000}, grid.best_score_=0.625, grid.best_index_=0, acc=0.625, time=2637.8204340934753
02-08-2022 23:41:08|INFO|Is groups None: True 
03-08-2022 00:26:46|INFO|3/10|grid.best_params_={'C': 0.01, 'gamma': 1e-09, 'kernel': 'rbf', 'max_iter': 1000}, grid.best_score_=0.625, grid.best_index_=0, acc=0.625, time=2738.363135099411
03-08-2022 00:26:46|INFO|Is groups None: True 
03-08-2022 01:13:04|INFO|4/10|grid.best_params_={'C': 0.01, 'gamma': 1e-09, 'kernel': 'rbf', 'max_iter': 1000}, grid.best_score_=0.625, grid.best_index_=0, acc=0.625, time=2777.754870414734
03-08-2022 01:13:04|INFO|Is groups None: True 
03-08-2022 02:01:50|INFO|5/10|grid.best_params_={'C': 0.01, 'gamma': 1e-09, 'kernel': 'rbf', 'max_iter': 1000}, grid.best_score_=0.625, grid.best_index_=0, acc=0.625, time=2926.1632697582245
03-08-2022 02:01:50|INFO|Is groups None: True 
03-08-2022 02:48:13|INFO|6/10|grid.best_params_={'C': 0.01, 'gamma': 1e-09, 'kernel': 'rbf', 'max_iter': 1000}, grid.best_score_=0.625, grid.best_index_=0, acc=0.625, time=2783.145809173584
03-08-2022 02:48:13|INFO|Is groups None: True 
03-08-2022 03:37:02|INFO|7/10|grid.best_params_={'C': 0.01, 'gamma': 1e-09, 'kernel': 'rbf', 'max_iter': 1000}, grid.best_score_=0.625, grid.best_index_=0, acc=0.625, time=2928.545505285263
03-08-2022 03:37:02|INFO|Is groups None: True 
03-08-2022 04:24:25|INFO|8/10|grid.best_params_={'C': 0.01, 'gamma': 1e-09, 'kernel': 'rbf', 'max_iter': 1000}, grid.best_score_=0.625, grid.best_index_=0, acc=0.625, time=2843.5195622444153
03-08-2022 04:24:25|INFO|Is groups None: True 
03-08-2022 05:11:39|INFO|9/10|grid.best_params_={'C': 0.01, 'gamma': 1e-09, 'kernel': 'rbf', 'max_iter': 1000}, grid.best_score_=0.625, grid.best_index_=0, acc=0.625, time=2833.3386402130127
03-08-2022 05:11:39|INFO|Is groups None: True 
03-08-2022 06:00:17|INFO|10/10|grid.best_params_={'C': 0.01, 'gamma': 1e-09, 'kernel': 'rbf', 'max_iter': 1000}, grid.best_score_=0.625, grid.best_index_=0, acc=0.625, time=2918.6768021583557
03-08-2022 06:00:17|INFO|s11|10-CV=0.62500|STD=0.00000|Time spend=28168.97119450569
03-08-2022 06:00:32|INFO|Running Split-First
03-08-2022 06:00:32|INFO|X.shape=(2400, 2480), y.shape=(2400,), groups.shape=(2400,)
03-08-2022 06:00:32|INFO|Is groups None: True 
03-08-2022 06:34:42|INFO|1/10|grid.best_params_={'C': 0.01, 'gamma': 1e-09, 'kernel': 'rbf', 'max_iter': 1000}, grid.best_score_=0.825, grid.best_index_=0, acc=0.825, time=2049.7054612636566
03-08-2022 06:34:42|INFO|Is groups None: True 
03-08-2022 07:09:44|INFO|2/10|grid.best_params_={'C': 0.01, 'gamma': 1e-09, 'kernel': 'rbf', 'max_iter': 1000}, grid.best_score_=0.825, grid.best_index_=0, acc=0.825, time=2102.4495396614075
03-08-2022 07:09:44|INFO|Is groups None: True 
03-08-2022 07:45:56|INFO|3/10|grid.best_params_={'C': 0.01, 'gamma': 1e-09, 'kernel': 'rbf', 'max_iter': 1000}, grid.best_score_=0.825, grid.best_index_=0, acc=0.825, time=2171.459105014801
03-08-2022 07:45:56|INFO|Is groups None: True 
03-08-2022 08:20:43|INFO|4/10|grid.best_params_={'C': 0.01, 'gamma': 1e-09, 'kernel': 'rbf', 'max_iter': 1000}, grid.best_score_=0.825, grid.best_index_=0, acc=0.825, time=2087.1466071605682
03-08-2022 08:20:43|INFO|Is groups None: True 
03-08-2022 08:54:59|INFO|5/10|grid.best_params_={'C': 0.01, 'gamma': 1e-09, 'kernel': 'rbf', 'max_iter': 1000}, grid.best_score_=0.825, grid.best_index_=0, acc=0.825, time=2055.716681957245
03-08-2022 08:54:59|INFO|Is groups None: True 
03-08-2022 09:31:07|INFO|6/10|grid.best_params_={'C': 0.01, 'gamma': 1e-09, 'kernel': 'rbf', 'max_iter': 1000}, grid.best_score_=0.825, grid.best_index_=0, acc=0.825, time=2168.514708518982
03-08-2022 09:31:07|INFO|Is groups None: True 
03-08-2022 10:06:39|INFO|7/10|grid.best_params_={'C': 0.01, 'gamma': 1e-09, 'kernel': 'rbf', 'max_iter': 1000}, grid.best_score_=0.825, grid.best_index_=0, acc=0.825, time=2132.3012278079987
03-08-2022 10:06:40|INFO|Is groups None: True 
03-08-2022 10:40:56|INFO|8/10|grid.best_params_={'C': 0.01, 'gamma': 1e-09, 'kernel': 'rbf', 'max_iter': 1000}, grid.best_score_=0.825, grid.best_index_=0, acc=0.825, time=2056.6905620098114
03-08-2022 10:40:56|INFO|Is groups None: True 
03-08-2022 11:16:21|INFO|9/10|grid.best_params_={'C': 0.01, 'gamma': 1e-09, 'kernel': 'rbf', 'max_iter': 1000}, grid.best_score_=0.825, grid.best_index_=0, acc=0.825, time=2124.5842096805573
03-08-2022 11:16:21|INFO|Is groups None: True 
03-08-2022 11:52:33|INFO|10/10|grid.best_params_={'C': 0.01, 'gamma': 1e-09, 'kernel': 'rbf', 'max_iter': 1000}, grid.best_score_=0.825, grid.best_index_=0, acc=0.825, time=2171.984472513199
03-08-2022 11:52:33|INFO|s12|10-CV=0.82500|STD=0.00000|Time spend=21135.29010272026
03-08-2022 11:52:50|INFO|Running Split-First
03-08-2022 11:52:50|INFO|X.shape=(2400, 2480), y.shape=(2400,), groups.shape=(2400,)
03-08-2022 11:52:50|INFO|Is groups None: True 
03-08-2022 12:25:31|INFO|1/10|grid.best_params_={'C': 0.01, 'gamma': 1e-09, 'kernel': 'rbf', 'max_iter': 1000}, grid.best_score_=0.85, grid.best_index_=0, acc=0.85, time=1961.053392648697
03-08-2022 12:25:31|INFO|Is groups None: True 
03-08-2022 12:58:09|INFO|2/10|grid.best_params_={'C': 0.01, 'gamma': 1e-09, 'kernel': 'rbf', 'max_iter': 1000}, grid.best_score_=0.85, grid.best_index_=0, acc=0.85, time=1957.581927537918
03-08-2022 12:58:09|INFO|Is groups None: True 
03-08-2022 13:32:32|INFO|3/10|grid.best_params_={'C': 0.01, 'gamma': 1e-09, 'kernel': 'rbf', 'max_iter': 1000}, grid.best_score_=0.85, grid.best_index_=0, acc=0.85, time=2063.0532145500183
03-08-2022 13:32:32|INFO|Is groups None: True 
03-08-2022 14:06:18|INFO|4/10|grid.best_params_={'C': 0.01, 'gamma': 1e-09, 'kernel': 'rbf', 'max_iter': 1000}, grid.best_score_=0.85, grid.best_index_=0, acc=0.85, time=2025.8033459186554
03-08-2022 14:06:18|INFO|Is groups None: True 
03-08-2022 14:38:44|INFO|5/10|grid.best_params_={'C': 0.01, 'gamma': 1e-09, 'kernel': 'rbf', 'max_iter': 1000}, grid.best_score_=0.85, grid.best_index_=0, acc=0.85, time=1946.510333776474
03-08-2022 14:38:44|INFO|Is groups None: True 
03-08-2022 15:11:38|INFO|6/10|grid.best_params_={'C': 0.01, 'gamma': 1e-09, 'kernel': 'rbf', 'max_iter': 1000}, grid.best_score_=0.85, grid.best_index_=0, acc=0.85, time=1973.6919512748718
03-08-2022 15:11:38|INFO|Is groups None: True 
03-08-2022 15:46:04|INFO|7/10|grid.best_params_={'C': 0.01, 'gamma': 1e-09, 'kernel': 'rbf', 'max_iter': 1000}, grid.best_score_=0.85, grid.best_index_=0, acc=0.85, time=2065.712785959244
03-08-2022 15:46:04|INFO|Is groups None: True 
03-08-2022 16:18:51|INFO|8/10|grid.best_params_={'C': 0.01, 'gamma': 1e-09, 'kernel': 'rbf', 'max_iter': 1000}, grid.best_score_=0.85, grid.best_index_=0, acc=0.85, time=1967.395981311798
03-08-2022 16:18:51|INFO|Is groups None: True 
03-08-2022 16:51:21|INFO|9/10|grid.best_params_={'C': 0.01, 'gamma': 1e-09, 'kernel': 'rbf', 'max_iter': 1000}, grid.best_score_=0.85, grid.best_index_=0, acc=0.85, time=1950.043029308319
03-08-2022 16:51:21|INFO|Is groups None: True 
03-08-2022 17:25:33|INFO|10/10|grid.best_params_={'C': 0.01, 'gamma': 1e-09, 'kernel': 'rbf', 'max_iter': 1000}, grid.best_score_=0.85, grid.best_index_=0, acc=0.85, time=2051.5128054618835
03-08-2022 17:25:33|INFO|s13|10-CV=0.85000|STD=0.00000|Time spend=19980.00706934929
03-08-2022 17:25:50|INFO|Running Split-First
03-08-2022 17:25:50|INFO|X.shape=(2400, 2480), y.shape=(2400,), groups.shape=(2400,)
03-08-2022 17:25:50|INFO|Is groups None: True 
03-08-2022 18:09:56|INFO|1/10|grid.best_params_={'C': 100.0, 'gamma': 0.001, 'kernel': 'rbf', 'max_iter': 1000}, grid.best_score_=0.675925925925926, grid.best_index_=17, acc=0.675, time=2646.2235856056213
03-08-2022 18:09:56|INFO|Is groups None: True 
03-08-2022 18:53:21|INFO|2/10|grid.best_params_={'C': 100.0, 'gamma': 0.001, 'kernel': 'rbf', 'max_iter': 1000}, grid.best_score_=0.6754629629629629, grid.best_index_=17, acc=0.6708333333333333, time=2604.941234111786
03-08-2022 18:53:21|INFO|Is groups None: True 
03-08-2022 19:36:44|INFO|3/10|grid.best_params_={'C': 0.01, 'gamma': 1e-09, 'kernel': 'rbf', 'max_iter': 1000}, grid.best_score_=0.675, grid.best_index_=0, acc=0.675, time=2603.393231153488
03-08-2022 19:36:44|INFO|Is groups None: True 
03-08-2022 20:20:07|INFO|4/10|grid.best_params_={'C': 100.0, 'gamma': 0.001, 'kernel': 'rbf', 'max_iter': 1000}, grid.best_score_=0.6763888888888888, grid.best_index_=17, acc=0.6708333333333333, time=2602.502956390381
03-08-2022 20:20:07|INFO|Is groups None: True 
03-08-2022 21:06:00|INFO|5/10|grid.best_params_={'C': 0.01, 'gamma': 1e-09, 'kernel': 'rbf', 'max_iter': 1000}, grid.best_score_=0.675, grid.best_index_=0, acc=0.675, time=2753.4126932621
03-08-2022 21:06:00|INFO|Is groups None: True 
03-08-2022 21:50:05|INFO|6/10|grid.best_params_={'C': 0.01, 'gamma': 1e-09, 'kernel': 'rbf', 'max_iter': 1000}, grid.best_score_=0.675, grid.best_index_=0, acc=0.675, time=2644.2946140766144
03-08-2022 21:50:05|INFO|Is groups None: True 
03-08-2022 22:33:29|INFO|7/10|grid.best_params_={'C': 0.01, 'gamma': 1e-09, 'kernel': 'rbf', 'max_iter': 1000}, grid.best_score_=0.675, grid.best_index_=0, acc=0.675, time=2604.07847905159
03-08-2022 22:33:29|INFO|Is groups None: True 
03-08-2022 23:18:05|INFO|8/10|grid.best_params_={'C': 100.0, 'gamma': 0.001, 'kernel': 'rbf', 'max_iter': 1000}, grid.best_score_=0.675462962962963, grid.best_index_=17, acc=0.675, time=2676.8262162208557
03-08-2022 23:18:06|INFO|Is groups None: True 
04-08-2022 00:03:36|INFO|9/10|grid.best_params_={'C': 0.01, 'gamma': 1e-09, 'kernel': 'rbf', 'max_iter': 1000}, grid.best_score_=0.675, grid.best_index_=0, acc=0.675, time=2730.670920610428
04-08-2022 00:03:36|INFO|Is groups None: True 
04-08-2022 00:47:01|INFO|10/10|grid.best_params_={'C': 0.01, 'gamma': 1e-09, 'kernel': 'rbf', 'max_iter': 1000}, grid.best_score_=0.675, grid.best_index_=0, acc=0.675, time=2604.708826780319
04-08-2022 00:47:01|INFO|s14|10-CV=0.67417|STD=0.00167|Time spend=26488.14780688286
04-08-2022 00:47:15|INFO|Running Split-First
04-08-2022 00:47:15|INFO|X.shape=(2400, 2480), y.shape=(2400,), groups.shape=(2400,)
04-08-2022 00:47:15|INFO|Is groups None: True 
04-08-2022 01:41:49|INFO|1/10|grid.best_params_={'C': 0.01, 'gamma': 1e-09, 'kernel': 'rbf', 'max_iter': 1000}, grid.best_score_=0.525, grid.best_index_=0, acc=0.48333333333333334, time=3273.5577936172485
04-08-2022 01:41:49|INFO|Is groups None: True 
04-08-2022 02:34:33|INFO|2/10|grid.best_params_={'C': 0.01, 'gamma': 1e-09, 'kernel': 'rbf', 'max_iter': 1000}, grid.best_score_=0.525, grid.best_index_=0, acc=0.4625, time=3164.4025213718414
04-08-2022 02:34:34|INFO|Is groups None: True 
04-08-2022 03:27:16|INFO|3/10|grid.best_params_={'C': 0.01, 'gamma': 1e-09, 'kernel': 'rbf', 'max_iter': 1000}, grid.best_score_=0.525, grid.best_index_=0, acc=0.48333333333333334, time=3162.636142015457
04-08-2022 03:27:16|INFO|Is groups None: True 
04-08-2022 04:19:23|INFO|4/10|grid.best_params_={'C': 0.01, 'gamma': 1e-09, 'kernel': 'rbf', 'max_iter': 1000}, grid.best_score_=0.525, grid.best_index_=0, acc=0.5041666666666667, time=3126.688111782074
04-08-2022 04:19:23|INFO|Is groups None: True 
04-08-2022 05:12:04|INFO|5/10|grid.best_params_={'C': 0.01, 'gamma': 1e-09, 'kernel': 'rbf', 'max_iter': 1000}, grid.best_score_=0.525, grid.best_index_=0, acc=0.49166666666666664, time=3161.229870557785
04-08-2022 05:12:04|INFO|Is groups None: True 
04-08-2022 06:05:37|INFO|6/10|grid.best_params_={'C': 0.01, 'gamma': 1e-09, 'kernel': 'rbf', 'max_iter': 1000}, grid.best_score_=0.525, grid.best_index_=0, acc=0.5125, time=3212.5238382816315
04-08-2022 06:05:37|INFO|Is groups None: True 
04-08-2022 06:57:41|INFO|7/10|grid.best_params_={'C': 0.01, 'gamma': 1e-09, 'kernel': 'rbf', 'max_iter': 1000}, grid.best_score_=0.525, grid.best_index_=0, acc=0.49583333333333335, time=3124.436418533325
04-08-2022 06:57:41|INFO|Is groups None: True 
04-08-2022 07:51:04|INFO|8/10|grid.best_params_={'C': 0.01, 'gamma': 1e-09, 'kernel': 'rbf', 'max_iter': 1000}, grid.best_score_=0.525, grid.best_index_=0, acc=0.5083333333333333, time=3203.136955976486
04-08-2022 07:51:04|INFO|Is groups None: True 
04-08-2022 08:43:06|INFO|9/10|grid.best_params_={'C': 0.01, 'gamma': 1e-09, 'kernel': 'rbf', 'max_iter': 1000}, grid.best_score_=0.525, grid.best_index_=0, acc=0.48333333333333334, time=3121.578001976013
04-08-2022 08:43:06|INFO|Is groups None: True 
04-08-2022 09:37:27|INFO|10/10|grid.best_params_={'C': 0.01, 'gamma': 1e-09, 'kernel': 'rbf', 'max_iter': 1000}, grid.best_score_=0.525, grid.best_index_=0, acc=0.49166666666666664, time=3260.796655893326
04-08-2022 09:37:27|INFO|s15|10-CV=0.49167|STD=0.01394|Time spend=31825.70281147957
04-08-2022 09:37:43|INFO|Running Split-First
04-08-2022 09:37:43|INFO|X.shape=(2400, 2480), y.shape=(2400,), groups.shape=(2400,)
04-08-2022 09:37:43|INFO|Is groups None: True 
04-08-2022 10:31:13|INFO|1/10|grid.best_params_={'C': 10000.0, 'gamma': 1e-07, 'kernel': 'rbf', 'max_iter': 1000}, grid.best_score_=0.5194444444444444, grid.best_index_=22, acc=0.4875, time=3209.182028055191
04-08-2022 10:31:13|INFO|Is groups None: True 
04-08-2022 11:25:18|INFO|2/10|grid.best_params_={'C': 10000.0, 'gamma': 1e-07, 'kernel': 'rbf', 'max_iter': 1000}, grid.best_score_=0.5157407407407407, grid.best_index_=22, acc=0.4875, time=3245.6516630649567
04-08-2022 11:25:18|INFO|Is groups None: True 
04-08-2022 12:19:54|INFO|3/10|grid.best_params_={'C': 0.01, 'gamma': 1e-07, 'kernel': 'rbf', 'max_iter': 1000}, grid.best_score_=0.5087962962962963, grid.best_index_=1, acc=0.5208333333333334, time=3275.658178091049
04-08-2022 12:19:54|INFO|Is groups None: True 
04-08-2022 13:15:11|INFO|4/10|grid.best_params_={'C': 100000000.0, 'gamma': 1e-09, 'kernel': 'rbf', 'max_iter': 1000}, grid.best_score_=0.5175925925925926, grid.best_index_=35, acc=0.45, time=3317.506781101227
04-08-2022 13:15:12|INFO|Is groups None: True 
04-08-2022 14:07:44|INFO|5/10|grid.best_params_={'C': 10000.0, 'gamma': 1e-05, 'kernel': 'rbf', 'max_iter': 1000}, grid.best_score_=0.5134259259259258, grid.best_index_=23, acc=0.5541666666666667, time=3152.6723885536194
04-08-2022 14:07:44|INFO|Is groups None: True 
04-08-2022 15:00:31|INFO|6/10|grid.best_params_={'C': 10000.0, 'gamma': 1e-05, 'kernel': 'rbf', 'max_iter': 1000}, grid.best_score_=0.5291666666666667, grid.best_index_=23, acc=0.4708333333333333, time=3167.1224462985992
04-08-2022 15:00:31|INFO|Is groups None: True 
04-08-2022 15:55:56|INFO|7/10|grid.best_params_={'C': 0.01, 'gamma': 0.1, 'kernel': 'rbf', 'max_iter': 1000}, grid.best_score_=0.5203703703703703, grid.best_index_=4, acc=0.4791666666666667, time=3324.4851608276367
04-08-2022 15:55:56|INFO|Is groups None: True 
04-08-2022 16:48:31|INFO|8/10|grid.best_params_={'C': 100.0, 'gamma': 1e-05, 'kernel': 'rbf', 'max_iter': 1000}, grid.best_score_=0.5212962962962963, grid.best_index_=16, acc=0.475, time=3154.761372089386
04-08-2022 16:48:31|INFO|Is groups None: True 
04-08-2022 17:43:35|INFO|9/10|grid.best_params_={'C': 1000000.0, 'gamma': 1e-07, 'kernel': 'rbf', 'max_iter': 1000}, grid.best_score_=0.5060185185185185, grid.best_index_=29, acc=0.5541666666666667, time=3304.117575645447
04-08-2022 17:43:35|INFO|Is groups None: True 
04-08-2022 18:36:49|INFO|10/10|grid.best_params_={'C': 1000000.0, 'gamma': 1e-09, 'kernel': 'rbf', 'max_iter': 1000}, grid.best_score_=0.5208333333333334, grid.best_index_=28, acc=0.5458333333333333, time=3194.07967209816
04-08-2022 18:36:49|INFO|s16|10-CV=0.50250|STD=0.03614|Time spend=32362.19281554222
04-08-2022 18:37:05|INFO|Running Split-First
04-08-2022 18:37:05|INFO|X.shape=(2400, 2480), y.shape=(2400,), groups.shape=(2400,)
04-08-2022 18:37:05|INFO|Is groups None: True 
04-08-2022 19:26:27|INFO|1/10|grid.best_params_={'C': 1.0, 'gamma': 0.001, 'kernel': 'rbf', 'max_iter': 1000}, grid.best_score_=0.6009259259259259, grid.best_index_=10, acc=0.5958333333333333, time=2962.3607029914856
04-08-2022 19:26:27|INFO|Is groups None: True 
04-08-2022 20:15:46|INFO|2/10|grid.best_params_={'C': 1.0, 'gamma': 0.001, 'kernel': 'rbf', 'max_iter': 1000}, grid.best_score_=0.600462962962963, grid.best_index_=10, acc=0.6, time=2958.934049844742
04-08-2022 20:15:46|INFO|Is groups None: True 
04-08-2022 21:03:56|INFO|3/10|grid.best_params_={'C': 100.0, 'gamma': 0.001, 'kernel': 'rbf', 'max_iter': 1000}, grid.best_score_=0.6064814814814814, grid.best_index_=17, acc=0.5666666666666667, time=2890.090735912323
04-08-2022 21:03:56|INFO|Is groups None: True 
04-08-2022 21:54:22|INFO|4/10|grid.best_params_={'C': 1.0, 'gamma': 0.001, 'kernel': 'rbf', 'max_iter': 1000}, grid.best_score_=0.6009259259259259, grid.best_index_=10, acc=0.6, time=3025.4277787208557
04-08-2022 21:54:22|INFO|Is groups None: True 
04-08-2022 22:42:17|INFO|5/10|grid.best_params_={'C': 1.0, 'gamma': 0.001, 'kernel': 'rbf', 'max_iter': 1000}, grid.best_score_=0.600462962962963, grid.best_index_=10, acc=0.6, time=2875.483507156372
04-08-2022 22:42:17|INFO|Is groups None: True 
04-08-2022 23:30:00|INFO|6/10|grid.best_params_={'C': 0.01, 'gamma': 1e-09, 'kernel': 'rbf', 'max_iter': 1000}, grid.best_score_=0.6, grid.best_index_=0, acc=0.6, time=2863.0030608177185
04-08-2022 23:30:00|INFO|Is groups None: True 
05-08-2022 00:20:37|INFO|7/10|grid.best_params_={'C': 1.0, 'gamma': 0.001, 'kernel': 'rbf', 'max_iter': 1000}, grid.best_score_=0.600462962962963, grid.best_index_=10, acc=0.6041666666666666, time=3037.2739312648773
05-08-2022 00:20:38|INFO|Is groups None: True 
05-08-2022 01:09:09|INFO|8/10|grid.best_params_={'C': 1.0, 'gamma': 0.001, 'kernel': 'rbf', 'max_iter': 1000}, grid.best_score_=0.6009259259259259, grid.best_index_=10, acc=0.6041666666666666, time=2911.045345067978
05-08-2022 01:09:09|INFO|Is groups None: True 
05-08-2022 01:57:04|INFO|9/10|grid.best_params_={'C': 1.0, 'gamma': 0.001, 'kernel': 'rbf', 'max_iter': 1000}, grid.best_score_=0.6009259259259259, grid.best_index_=10, acc=0.6, time=2875.1371400356293
05-08-2022 01:57:04|INFO|Is groups None: True 
05-08-2022 02:43:42|INFO|10/10|grid.best_params_={'C': 0.01, 'gamma': 1e-09, 'kernel': 'rbf', 'max_iter': 1000}, grid.best_score_=0.6, grid.best_index_=0, acc=0.6, time=2798.714651823044
05-08-2022 02:43:42|INFO|s17|10-CV=0.59708|STD=0.01038|Time spend=29213.616274118423
05-08-2022 02:43:57|INFO|Running Split-First
05-08-2022 02:43:57|INFO|X.shape=(2400, 2480), y.shape=(2400,), groups.shape=(2400,)
05-08-2022 02:43:57|INFO|Is groups None: True 
05-08-2022 03:30:23|INFO|1/10|grid.best_params_={'C': 0.01, 'gamma': 1e-09, 'kernel': 'rbf', 'max_iter': 1000}, grid.best_score_=0.625, grid.best_index_=0, acc=0.625, time=2786.26105260849
05-08-2022 03:30:23|INFO|Is groups None: True 
05-08-2022 04:16:04|INFO|2/10|grid.best_params_={'C': 0.01, 'gamma': 1e-09, 'kernel': 'rbf', 'max_iter': 1000}, grid.best_score_=0.625, grid.best_index_=0, acc=0.625, time=2740.8438291549683
05-08-2022 04:16:04|INFO|Is groups None: True 
05-08-2022 05:00:23|INFO|3/10|grid.best_params_={'C': 0.01, 'gamma': 1e-09, 'kernel': 'rbf', 'max_iter': 1000}, grid.best_score_=0.625, grid.best_index_=0, acc=0.625, time=2659.1784014701843
05-08-2022 05:00:23|INFO|Is groups None: True 
05-08-2022 05:47:21|INFO|4/10|grid.best_params_={'C': 0.01, 'gamma': 1e-09, 'kernel': 'rbf', 'max_iter': 1000}, grid.best_score_=0.625, grid.best_index_=0, acc=0.625, time=2817.9716453552246
05-08-2022 05:47:21|INFO|Is groups None: True 
05-08-2022 06:31:59|INFO|5/10|grid.best_params_={'C': 0.01, 'gamma': 1e-09, 'kernel': 'rbf', 'max_iter': 1000}, grid.best_score_=0.625, grid.best_index_=0, acc=0.625, time=2678.269689321518
05-08-2022 06:31:59|INFO|Is groups None: True 
05-08-2022 07:17:25|INFO|6/10|grid.best_params_={'C': 0.01, 'gamma': 1e-09, 'kernel': 'rbf', 'max_iter': 1000}, grid.best_score_=0.625, grid.best_index_=0, acc=0.625, time=2725.3048615455627
05-08-2022 07:17:25|INFO|Is groups None: True 
05-08-2022 08:03:51|INFO|7/10|grid.best_params_={'C': 0.01, 'gamma': 1e-09, 'kernel': 'rbf', 'max_iter': 1000}, grid.best_score_=0.625, grid.best_index_=0, acc=0.625, time=2786.8630447387695
05-08-2022 08:03:52|INFO|Is groups None: True 
05-08-2022 08:47:56|INFO|8/10|grid.best_params_={'C': 0.01, 'gamma': 1e-09, 'kernel': 'rbf', 'max_iter': 1000}, grid.best_score_=0.625, grid.best_index_=0, acc=0.625, time=2644.6932706832886
05-08-2022 08:47:56|INFO|Is groups None: True 
05-08-2022 09:34:43|INFO|9/10|grid.best_params_={'C': 0.01, 'gamma': 1e-09, 'kernel': 'rbf', 'max_iter': 1000}, grid.best_score_=0.625, grid.best_index_=0, acc=0.625, time=2806.5928292274475
05-08-2022 09:34:43|INFO|Is groups None: True 
05-08-2022 10:22:29|INFO|10/10|grid.best_params_={'C': 0.01, 'gamma': 1e-09, 'kernel': 'rbf', 'max_iter': 1000}, grid.best_score_=0.625, grid.best_index_=0, acc=0.625, time=2866.4197132587433
05-08-2022 10:22:29|INFO|s18|10-CV=0.62500|STD=0.00000|Time spend=27526.813093423843
05-08-2022 10:22:44|INFO|Running Split-First
05-08-2022 10:22:44|INFO|X.shape=(2400, 2480), y.shape=(2400,), groups.shape=(2400,)
05-08-2022 10:22:44|INFO|Is groups None: True 
05-08-2022 11:08:42|INFO|1/10|grid.best_params_={'C': 0.01, 'gamma': 1e-09, 'kernel': 'rbf', 'max_iter': 1000}, grid.best_score_=0.675, grid.best_index_=0, acc=0.675, time=2757.4367830753326
05-08-2022 11:08:42|INFO|Is groups None: True 
05-08-2022 11:53:07|INFO|2/10|grid.best_params_={'C': 0.01, 'gamma': 1e-09, 'kernel': 'rbf', 'max_iter': 1000}, grid.best_score_=0.675, grid.best_index_=0, acc=0.675, time=2665.63508272171
05-08-2022 11:53:08|INFO|Is groups None: True 
05-08-2022 12:36:30|INFO|3/10|grid.best_params_={'C': 0.01, 'gamma': 1e-09, 'kernel': 'rbf', 'max_iter': 1000}, grid.best_score_=0.675, grid.best_index_=0, acc=0.675, time=2602.826002597809
05-08-2022 12:36:30|INFO|Is groups None: True 
05-08-2022 13:21:25|INFO|4/10|grid.best_params_={'C': 0.01, 'gamma': 1e-09, 'kernel': 'rbf', 'max_iter': 1000}, grid.best_score_=0.675, grid.best_index_=0, acc=0.675, time=2695.016063928604
05-08-2022 13:21:25|INFO|Is groups None: True 
05-08-2022 14:06:57|INFO|5/10|grid.best_params_={'C': 100.0, 'gamma': 0.001, 'kernel': 'rbf', 'max_iter': 1000}, grid.best_score_=0.6759259259259259, grid.best_index_=17, acc=0.6708333333333333, time=2731.71533536911
05-08-2022 14:06:57|INFO|Is groups None: True 
05-08-2022 14:50:23|INFO|6/10|grid.best_params_={'C': 0.01, 'gamma': 1e-09, 'kernel': 'rbf', 'max_iter': 1000}, grid.best_score_=0.675, grid.best_index_=0, acc=0.675, time=2605.4448318481445
05-08-2022 14:50:23|INFO|Is groups None: True 
05-08-2022 15:36:09|INFO|7/10|grid.best_params_={'C': 0.01, 'gamma': 1e-09, 'kernel': 'rbf', 'max_iter': 1000}, grid.best_score_=0.675, grid.best_index_=0, acc=0.675, time=2746.878296136856
05-08-2022 15:36:10|INFO|Is groups None: True 
05-08-2022 16:20:44|INFO|8/10|grid.best_params_={'C': 0.01, 'gamma': 1e-09, 'kernel': 'rbf', 'max_iter': 1000}, grid.best_score_=0.675, grid.best_index_=0, acc=0.675, time=2674.8701248168945
05-08-2022 16:20:44|INFO|Is groups None: True 
05-08-2022 17:04:44|INFO|9/10|grid.best_params_={'C': 100.0, 'gamma': 0.001, 'kernel': 'rbf', 'max_iter': 1000}, grid.best_score_=0.6754629629629628, grid.best_index_=17, acc=0.675, time=2640.118541240692
05-08-2022 17:04:44|INFO|Is groups None: True 
05-08-2022 17:48:32|INFO|10/10|grid.best_params_={'C': 100.0, 'gamma': 0.001, 'kernel': 'rbf', 'max_iter': 1000}, grid.best_score_=0.6777777777777779, grid.best_index_=17, acc=0.6708333333333333, time=2627.4011240005493
05-08-2022 17:48:32|INFO|s19|10-CV=0.67417|STD=0.00167|Time spend=26762.618745088577
05-08-2022 17:48:48|INFO|Running Split-First
05-08-2022 17:48:48|INFO|X.shape=(2400, 2480), y.shape=(2400,), groups.shape=(2400,)
05-08-2022 17:48:48|INFO|Is groups None: True 
05-08-2022 18:24:55|INFO|1/10|grid.best_params_={'C': 0.01, 'gamma': 1e-09, 'kernel': 'rbf', 'max_iter': 1000}, grid.best_score_=0.775, grid.best_index_=0, acc=0.775, time=2166.623117208481
05-08-2022 18:24:55|INFO|Is groups None: True 
05-08-2022 19:02:28|INFO|2/10|grid.best_params_={'C': 0.01, 'gamma': 1e-09, 'kernel': 'rbf', 'max_iter': 1000}, grid.best_score_=0.775, grid.best_index_=0, acc=0.775, time=2253.3711810112
05-08-2022 19:02:28|INFO|Is groups None: True 
05-08-2022 19:42:31|INFO|3/10|grid.best_params_={'C': 0.01, 'gamma': 1e-09, 'kernel': 'rbf', 'max_iter': 1000}, grid.best_score_=0.775, grid.best_index_=0, acc=0.775, time=2403.2772295475006
05-08-2022 19:42:32|INFO|Is groups None: True 
05-08-2022 20:20:52|INFO|4/10|grid.best_params_={'C': 0.01, 'gamma': 1e-09, 'kernel': 'rbf', 'max_iter': 1000}, grid.best_score_=0.775, grid.best_index_=0, acc=0.775, time=2300.5604054927826
05-08-2022 20:20:52|INFO|Is groups None: True 
05-08-2022 20:58:30|INFO|5/10|grid.best_params_={'C': 0.01, 'gamma': 1e-09, 'kernel': 'rbf', 'max_iter': 1000}, grid.best_score_=0.775, grid.best_index_=0, acc=0.775, time=2258.2335665225983
05-08-2022 20:58:30|INFO|Is groups None: True 
05-08-2022 21:37:04|INFO|6/10|grid.best_params_={'C': 0.01, 'gamma': 1e-09, 'kernel': 'rbf', 'max_iter': 1000}, grid.best_score_=0.775, grid.best_index_=0, acc=0.775, time=2313.7363154888153
05-08-2022 21:37:04|INFO|Is groups None: True 
05-08-2022 22:14:22|INFO|7/10|grid.best_params_={'C': 0.01, 'gamma': 1e-09, 'kernel': 'rbf', 'max_iter': 1000}, grid.best_score_=0.775, grid.best_index_=0, acc=0.775, time=2238.408177137375
05-08-2022 22:14:23|INFO|Is groups None: True 
05-08-2022 22:50:18|INFO|8/10|grid.best_params_={'C': 0.01, 'gamma': 1e-09, 'kernel': 'rbf', 'max_iter': 1000}, grid.best_score_=0.775, grid.best_index_=0, acc=0.775, time=2155.952574491501
05-08-2022 22:50:18|INFO|Is groups None: True 
05-08-2022 23:27:51|INFO|9/10|grid.best_params_={'C': 0.01, 'gamma': 1e-09, 'kernel': 'rbf', 'max_iter': 1000}, grid.best_score_=0.775, grid.best_index_=0, acc=0.775, time=2252.15931224823
05-08-2022 23:27:51|INFO|Is groups None: True 
06-08-2022 00:05:10|INFO|10/10|grid.best_params_={'C': 0.01, 'gamma': 1e-09, 'kernel': 'rbf', 'max_iter': 1000}, grid.best_score_=0.775, grid.best_index_=0, acc=0.775, time=2239.2260930538177
06-08-2022 00:05:10|INFO|s20|10-CV=0.77500|STD=0.00000|Time spend=22598.02349281311
06-08-2022 00:05:25|INFO|Running Split-First
06-08-2022 00:05:25|INFO|X.shape=(2400, 2480), y.shape=(2400,), groups.shape=(2400,)
06-08-2022 00:05:25|INFO|Is groups None: True 
06-08-2022 00:39:37|INFO|1/10|grid.best_params_={'C': 0.01, 'gamma': 1e-09, 'kernel': 'rbf', 'max_iter': 1000}, grid.best_score_=0.8, grid.best_index_=0, acc=0.8, time=2052.209248304367
06-08-2022 00:39:37|INFO|Is groups None: True 
06-08-2022 01:14:15|INFO|2/10|grid.best_params_={'C': 0.01, 'gamma': 1e-09, 'kernel': 'rbf', 'max_iter': 1000}, grid.best_score_=0.8, grid.best_index_=0, acc=0.8, time=2078.0455825328827
06-08-2022 01:14:15|INFO|Is groups None: True 
06-08-2022 01:50:38|INFO|3/10|grid.best_params_={'C': 0.01, 'gamma': 1e-09, 'kernel': 'rbf', 'max_iter': 1000}, grid.best_score_=0.8, grid.best_index_=0, acc=0.8, time=2182.6717936992645
06-08-2022 01:50:38|INFO|Is groups None: True 
06-08-2022 02:25:08|INFO|4/10|grid.best_params_={'C': 0.01, 'gamma': 1e-09, 'kernel': 'rbf', 'max_iter': 1000}, grid.best_score_=0.8, grid.best_index_=0, acc=0.8, time=2070.070813894272
06-08-2022 02:25:08|INFO|Is groups None: True 
06-08-2022 02:59:33|INFO|5/10|grid.best_params_={'C': 0.01, 'gamma': 1e-09, 'kernel': 'rbf', 'max_iter': 1000}, grid.best_score_=0.8, grid.best_index_=0, acc=0.8, time=2065.6697363853455
06-08-2022 02:59:33|INFO|Is groups None: True 
06-08-2022 03:35:57|INFO|6/10|grid.best_params_={'C': 0.01, 'gamma': 1e-09, 'kernel': 'rbf', 'max_iter': 1000}, grid.best_score_=0.8, grid.best_index_=0, acc=0.8, time=2183.7970745563507
06-08-2022 03:35:57|INFO|Is groups None: True 
06-08-2022 04:11:21|INFO|7/10|grid.best_params_={'C': 0.01, 'gamma': 1e-09, 'kernel': 'rbf', 'max_iter': 1000}, grid.best_score_=0.8, grid.best_index_=0, acc=0.8, time=2123.7701926231384
06-08-2022 04:11:21|INFO|Is groups None: True 
06-08-2022 04:45:32|INFO|8/10|grid.best_params_={'C': 0.01, 'gamma': 1e-09, 'kernel': 'rbf', 'max_iter': 1000}, grid.best_score_=0.8, grid.best_index_=0, acc=0.8, time=2051.102856397629
06-08-2022 04:45:32|INFO|Is groups None: True 
06-08-2022 05:21:13|INFO|9/10|grid.best_params_={'C': 0.01, 'gamma': 1e-09, 'kernel': 'rbf', 'max_iter': 1000}, grid.best_score_=0.8, grid.best_index_=0, acc=0.8, time=2140.7996356487274
06-08-2022 05:21:13|INFO|Is groups None: True 
06-08-2022 05:57:35|INFO|10/10|grid.best_params_={'C': 0.01, 'gamma': 1e-09, 'kernel': 'rbf', 'max_iter': 1000}, grid.best_score_=0.8, grid.best_index_=0, acc=0.8, time=2182.0537877082825
06-08-2022 05:57:35|INFO|s21|10-CV=0.80000|STD=0.00000|Time spend=21145.046377658844
06-08-2022 05:57:49|INFO|Running Split-First
06-08-2022 05:57:49|INFO|X.shape=(2400, 2480), y.shape=(2400,), groups.shape=(2400,)
06-08-2022 05:57:49|INFO|Is groups None: True 
06-08-2022 06:42:54|INFO|1/10|grid.best_params_={'C': 1.0, 'gamma': 0.001, 'kernel': 'rbf', 'max_iter': 1000}, grid.best_score_=0.6018518518518517, grid.best_index_=10, acc=0.5958333333333333, time=2704.699432849884
06-08-2022 06:42:54|INFO|Is groups None: True 
06-08-2022 07:30:08|INFO|2/10|grid.best_params_={'C': 1.0, 'gamma': 0.001, 'kernel': 'rbf', 'max_iter': 1000}, grid.best_score_=0.600462962962963, grid.best_index_=10, acc=0.6, time=2834.612092733383
06-08-2022 07:30:08|INFO|Is groups None: True 
06-08-2022 08:16:50|INFO|3/10|grid.best_params_={'C': 0.01, 'gamma': 1e-09, 'kernel': 'rbf', 'max_iter': 1000}, grid.best_score_=0.6, grid.best_index_=0, acc=0.6, time=2802.0736441612244
06-08-2022 08:16:50|INFO|Is groups None: True 
06-08-2022 09:02:23|INFO|4/10|grid.best_params_={'C': 1.0, 'gamma': 0.001, 'kernel': 'rbf', 'max_iter': 1000}, grid.best_score_=0.6009259259259259, grid.best_index_=10, acc=0.6041666666666666, time=2732.250219106674
06-08-2022 09:02:23|INFO|Is groups None: True 
06-08-2022 09:50:30|INFO|5/10|grid.best_params_={'C': 0.01, 'gamma': 1e-09, 'kernel': 'rbf', 'max_iter': 1000}, grid.best_score_=0.6, grid.best_index_=0, acc=0.6, time=2887.1849353313446
06-08-2022 09:50:30|INFO|Is groups None: True 
06-08-2022 10:37:08|INFO|6/10|grid.best_params_={'C': 0.01, 'gamma': 1e-09, 'kernel': 'rbf', 'max_iter': 1000}, grid.best_score_=0.6, grid.best_index_=0, acc=0.6, time=2797.890559911728
06-08-2022 10:37:08|INFO|Is groups None: True 
06-08-2022 11:24:45|INFO|7/10|grid.best_params_={'C': 0.01, 'gamma': 1e-09, 'kernel': 'rbf', 'max_iter': 1000}, grid.best_score_=0.6, grid.best_index_=0, acc=0.6, time=2857.5746693611145
06-08-2022 11:24:45|INFO|Is groups None: True 
06-08-2022 12:12:29|INFO|8/10|grid.best_params_={'C': 0.01, 'gamma': 1e-09, 'kernel': 'rbf', 'max_iter': 1000}, grid.best_score_=0.6, grid.best_index_=0, acc=0.6, time=2863.757850408554
06-08-2022 12:12:29|INFO|Is groups None: True 
06-08-2022 13:00:17|INFO|9/10|grid.best_params_={'C': 1.0, 'gamma': 0.001, 'kernel': 'rbf', 'max_iter': 1000}, grid.best_score_=0.600462962962963, grid.best_index_=10, acc=0.6, time=2868.0718791484833
06-08-2022 13:00:17|INFO|Is groups None: True 
06-08-2022 13:51:00|INFO|10/10|grid.best_params_={'C': 0.01, 'gamma': 1e-09, 'kernel': 'rbf', 'max_iter': 1000}, grid.best_score_=0.6, grid.best_index_=0, acc=0.6, time=3042.8826262950897
06-08-2022 13:51:00|INFO|s22|10-CV=0.60000|STD=0.00186|Time spend=28405.185820817947
06-08-2022 13:51:18|INFO|Running Split-First
06-08-2022 13:51:18|INFO|X.shape=(2400, 2480), y.shape=(2400,), groups.shape=(2400,)
06-08-2022 13:51:18|INFO|Is groups None: True 
06-08-2022 14:30:37|INFO|1/10|grid.best_params_={'C': 0.01, 'gamma': 1e-09, 'kernel': 'rbf', 'max_iter': 1000}, grid.best_score_=0.75, grid.best_index_=0, acc=0.75, time=2359.4878413677216
06-08-2022 14:30:37|INFO|Is groups None: True 
06-08-2022 15:10:38|INFO|2/10|grid.best_params_={'C': 0.01, 'gamma': 1e-09, 'kernel': 'rbf', 'max_iter': 1000}, grid.best_score_=0.75, grid.best_index_=0, acc=0.75, time=2400.3483719825745
06-08-2022 15:10:38|INFO|Is groups None: True 
06-08-2022 15:52:16|INFO|3/10|grid.best_params_={'C': 0.01, 'gamma': 1e-09, 'kernel': 'rbf', 'max_iter': 1000}, grid.best_score_=0.75, grid.best_index_=0, acc=0.75, time=2498.678947687149
06-08-2022 15:52:16|INFO|Is groups None: True 
06-08-2022 16:31:30|INFO|4/10|grid.best_params_={'C': 0.01, 'gamma': 1e-09, 'kernel': 'rbf', 'max_iter': 1000}, grid.best_score_=0.75, grid.best_index_=0, acc=0.75, time=2353.2639491558075
06-08-2022 16:31:30|INFO|Is groups None: True 
06-08-2022 17:10:33|INFO|5/10|grid.best_params_={'C': 0.01, 'gamma': 1e-09, 'kernel': 'rbf', 'max_iter': 1000}, grid.best_score_=0.75, grid.best_index_=0, acc=0.75, time=2343.5035383701324
06-08-2022 17:10:33|INFO|Is groups None: True 
06-08-2022 17:49:36|INFO|6/10|grid.best_params_={'C': 0.01, 'gamma': 1e-09, 'kernel': 'rbf', 'max_iter': 1000}, grid.best_score_=0.75, grid.best_index_=0, acc=0.75, time=2343.2231183052063
06-08-2022 17:49:36|INFO|Is groups None: True 
06-08-2022 18:31:20|INFO|7/10|grid.best_params_={'C': 0.01, 'gamma': 1e-09, 'kernel': 'rbf', 'max_iter': 1000}, grid.best_score_=0.75, grid.best_index_=0, acc=0.75, time=2504.1580095291138
06-08-2022 18:31:21|INFO|Is groups None: True 
06-08-2022 19:12:35|INFO|8/10|grid.best_params_={'C': 0.01, 'gamma': 1e-09, 'kernel': 'rbf', 'max_iter': 1000}, grid.best_score_=0.75, grid.best_index_=0, acc=0.75, time=2474.2480976581573
06-08-2022 19:12:35|INFO|Is groups None: True 
06-08-2022 19:54:15|INFO|9/10|grid.best_params_={'C': 0.01, 'gamma': 1e-09, 'kernel': 'rbf', 'max_iter': 1000}, grid.best_score_=0.75, grid.best_index_=0, acc=0.75, time=2500.7419278621674
06-08-2022 19:54:16|INFO|Is groups None: True 
06-08-2022 20:33:24|INFO|10/10|grid.best_params_={'C': 0.01, 'gamma': 1e-09, 'kernel': 'rbf', 'max_iter': 1000}, grid.best_score_=0.75, grid.best_index_=0, acc=0.75, time=2348.9590833187103
06-08-2022 20:33:24|INFO|s23|10-CV=0.75000|STD=0.00000|Time spend=24144.36581301689
06-08-2022 20:33:40|INFO|Running Split-First
06-08-2022 20:33:40|INFO|X.shape=(2400, 2480), y.shape=(2400,), groups.shape=(2400,)
06-08-2022 20:33:40|INFO|Is groups None: True 
06-08-2022 21:08:27|INFO|1/10|grid.best_params_={'C': 0.01, 'gamma': 1e-09, 'kernel': 'rbf', 'max_iter': 1000}, grid.best_score_=0.825, grid.best_index_=0, acc=0.825, time=2086.9028322696686
06-08-2022 21:08:27|INFO|Is groups None: True 
06-08-2022 21:44:47|INFO|2/10|grid.best_params_={'C': 0.01, 'gamma': 1e-09, 'kernel': 'rbf', 'max_iter': 1000}, grid.best_score_=0.825, grid.best_index_=0, acc=0.825, time=2180.4437029361725
06-08-2022 21:44:47|INFO|Is groups None: True 
06-08-2022 22:19:30|INFO|3/10|grid.best_params_={'C': 0.01, 'gamma': 1e-09, 'kernel': 'rbf', 'max_iter': 1000}, grid.best_score_=0.825, grid.best_index_=0, acc=0.825, time=2083.4324939250946
06-08-2022 22:19:30|INFO|Is groups None: True 
06-08-2022 22:53:36|INFO|4/10|grid.best_params_={'C': 0.01, 'gamma': 1e-09, 'kernel': 'rbf', 'max_iter': 1000}, grid.best_score_=0.825, grid.best_index_=0, acc=0.825, time=2045.3147928714752
06-08-2022 22:53:36|INFO|Is groups None: True 
06-08-2022 23:29:49|INFO|5/10|grid.best_params_={'C': 0.01, 'gamma': 1e-09, 'kernel': 'rbf', 'max_iter': 1000}, grid.best_score_=0.825, grid.best_index_=0, acc=0.825, time=2173.2855536937714
06-08-2022 23:29:49|INFO|Is groups None: True 
07-08-2022 00:05:34|INFO|6/10|grid.best_params_={'C': 0.01, 'gamma': 1e-09, 'kernel': 'rbf', 'max_iter': 1000}, grid.best_score_=0.825, grid.best_index_=0, acc=0.825, time=2144.5667605400085
07-08-2022 00:05:34|INFO|Is groups None: True 
07-08-2022 00:39:37|INFO|7/10|grid.best_params_={'C': 0.01, 'gamma': 1e-09, 'kernel': 'rbf', 'max_iter': 1000}, grid.best_score_=0.825, grid.best_index_=0, acc=0.825, time=2043.3794281482697
07-08-2022 00:39:37|INFO|Is groups None: True 
07-08-2022 01:14:52|INFO|8/10|grid.best_params_={'C': 0.01, 'gamma': 1e-09, 'kernel': 'rbf', 'max_iter': 1000}, grid.best_score_=0.825, grid.best_index_=0, acc=0.825, time=2115.237862110138
07-08-2022 01:14:52|INFO|Is groups None: True 
07-08-2022 01:50:37|INFO|9/10|grid.best_params_={'C': 0.01, 'gamma': 1e-09, 'kernel': 'rbf', 'max_iter': 1000}, grid.best_score_=0.825, grid.best_index_=0, acc=0.825, time=2144.2197473049164
07-08-2022 01:50:37|INFO|Is groups None: True 
07-08-2022 02:24:52|INFO|10/10|grid.best_params_={'C': 0.01, 'gamma': 1e-09, 'kernel': 'rbf', 'max_iter': 1000}, grid.best_score_=0.825, grid.best_index_=0, acc=0.825, time=2055.1484084129333
07-08-2022 02:24:52|INFO|s24|10-CV=0.82500|STD=0.00000|Time spend=21087.234447956085
07-08-2022 02:25:06|INFO|Running Split-First
07-08-2022 02:25:06|INFO|X.shape=(2400, 2480), y.shape=(2400,), groups.shape=(2400,)
07-08-2022 02:25:06|INFO|Is groups None: True 
07-08-2022 03:06:09|INFO|1/10|grid.best_params_={'C': 0.01, 'gamma': 1e-09, 'kernel': 'rbf', 'max_iter': 1000}, grid.best_score_=0.725, grid.best_index_=0, acc=0.725, time=2462.262939929962
07-08-2022 03:06:09|INFO|Is groups None: True 
07-08-2022 03:47:12|INFO|2/10|grid.best_params_={'C': 0.01, 'gamma': 1e-09, 'kernel': 'rbf', 'max_iter': 1000}, grid.best_score_=0.725, grid.best_index_=0, acc=0.725, time=2463.6566948890686
07-08-2022 03:47:12|INFO|Is groups None: True 
07-08-2022 04:27:46|INFO|3/10|grid.best_params_={'C': 0.01, 'gamma': 1e-09, 'kernel': 'rbf', 'max_iter': 1000}, grid.best_score_=0.725, grid.best_index_=0, acc=0.725, time=2433.9537155628204
07-08-2022 04:27:46|INFO|Is groups None: True 
07-08-2022 05:08:19|INFO|4/10|grid.best_params_={'C': 0.01, 'gamma': 1e-09, 'kernel': 'rbf', 'max_iter': 1000}, grid.best_score_=0.725, grid.best_index_=0, acc=0.725, time=2432.6408541202545
07-08-2022 05:08:19|INFO|Is groups None: True 
07-08-2022 05:49:22|INFO|5/10|grid.best_params_={'C': 0.01, 'gamma': 1e-09, 'kernel': 'rbf', 'max_iter': 1000}, grid.best_score_=0.725, grid.best_index_=0, acc=0.725, time=2462.7462894916534
07-08-2022 05:49:22|INFO|Is groups None: True 
07-08-2022 06:29:45|INFO|6/10|grid.best_params_={'C': 0.01, 'gamma': 1e-09, 'kernel': 'rbf', 'max_iter': 1000}, grid.best_score_=0.725, grid.best_index_=0, acc=0.725, time=2423.7762653827667
07-08-2022 06:29:46|INFO|Is groups None: True 
07-08-2022 07:10:06|INFO|7/10|grid.best_params_={'C': 0.01, 'gamma': 1e-09, 'kernel': 'rbf', 'max_iter': 1000}, grid.best_score_=0.725, grid.best_index_=0, acc=0.725, time=2420.101630926132
07-08-2022 07:10:06|INFO|Is groups None: True 
07-08-2022 07:51:08|INFO|8/10|grid.best_params_={'C': 0.01, 'gamma': 1e-09, 'kernel': 'rbf', 'max_iter': 1000}, grid.best_score_=0.725, grid.best_index_=0, acc=0.725, time=2461.9594950675964
07-08-2022 07:51:08|INFO|Is groups None: True 
07-08-2022 08:31:32|INFO|9/10|grid.best_params_={'C': 0.01, 'gamma': 1e-09, 'kernel': 'rbf', 'max_iter': 1000}, grid.best_score_=0.725, grid.best_index_=0, acc=0.725, time=2423.9664828777313
07-08-2022 08:31:32|INFO|Is groups None: True 
07-08-2022 09:12:52|INFO|10/10|grid.best_params_={'C': 0.01, 'gamma': 1e-09, 'kernel': 'rbf', 'max_iter': 1000}, grid.best_score_=0.725, grid.best_index_=0, acc=0.725, time=2480.1664831638336
07-08-2022 09:12:52|INFO|s25|10-CV=0.72500|STD=0.00000|Time spend=24480.032083034515
07-08-2022 09:13:08|INFO|Running Split-First
07-08-2022 09:13:08|INFO|X.shape=(2400, 2480), y.shape=(2400,), groups.shape=(2400,)
07-08-2022 09:13:08|INFO|Is groups None: True 
07-08-2022 10:03:10|INFO|1/10|grid.best_params_={'C': 1.0, 'gamma': 0.001, 'kernel': 'rbf', 'max_iter': 1000}, grid.best_score_=0.575462962962963, grid.best_index_=10, acc=0.5791666666666667, time=3001.4453885555267
07-08-2022 10:03:10|INFO|Is groups None: True 
07-08-2022 10:52:11|INFO|2/10|grid.best_params_={'C': 0.01, 'gamma': 1e-09, 'kernel': 'rbf', 'max_iter': 1000}, grid.best_score_=0.575, grid.best_index_=0, acc=0.575, time=2941.0902800559998
07-08-2022 10:52:11|INFO|Is groups None: True 
07-08-2022 11:43:54|INFO|3/10|grid.best_params_={'C': 1.0, 'gamma': 0.001, 'kernel': 'rbf', 'max_iter': 1000}, grid.best_score_=0.575462962962963, grid.best_index_=10, acc=0.575, time=3103.119477748871
07-08-2022 11:43:54|INFO|Is groups None: True 
07-08-2022 12:36:16|INFO|4/10|grid.best_params_={'C': 0.01, 'gamma': 1e-09, 'kernel': 'rbf', 'max_iter': 1000}, grid.best_score_=0.575, grid.best_index_=0, acc=0.575, time=3141.8578927516937
07-08-2022 12:36:16|INFO|Is groups None: True 
07-08-2022 13:27:52|INFO|5/10|grid.best_params_={'C': 0.01, 'gamma': 1e-09, 'kernel': 'rbf', 'max_iter': 1000}, grid.best_score_=0.575, grid.best_index_=0, acc=0.575, time=3095.9931149482727
07-08-2022 13:27:52|INFO|Is groups None: True 
07-08-2022 14:18:41|INFO|6/10|grid.best_params_={'C': 1.0, 'gamma': 0.001, 'kernel': 'rbf', 'max_iter': 1000}, grid.best_score_=0.575462962962963, grid.best_index_=10, acc=0.5666666666666667, time=3048.598034143448
07-08-2022 14:18:41|INFO|Is groups None: True 
07-08-2022 15:10:47|INFO|7/10|grid.best_params_={'C': 0.01, 'gamma': 1e-09, 'kernel': 'rbf', 'max_iter': 1000}, grid.best_score_=0.575, grid.best_index_=0, acc=0.575, time=3125.9811062812805
07-08-2022 15:10:47|INFO|Is groups None: True 
07-08-2022 16:00:15|INFO|8/10|grid.best_params_={'C': 0.01, 'gamma': 1e-09, 'kernel': 'rbf', 'max_iter': 1000}, grid.best_score_=0.575, grid.best_index_=0, acc=0.575, time=2968.299622297287
07-08-2022 16:00:15|INFO|Is groups None: True 
07-08-2022 16:49:21|INFO|9/10|grid.best_params_={'C': 1.0, 'gamma': 0.001, 'kernel': 'rbf', 'max_iter': 1000}, grid.best_score_=0.575462962962963, grid.best_index_=10, acc=0.5833333333333334, time=2946.1440761089325
07-08-2022 16:49:21|INFO|Is groups None: True 
07-08-2022 17:41:11|INFO|10/10|grid.best_params_={'C': 0.01, 'gamma': 1e-09, 'kernel': 'rbf', 'max_iter': 1000}, grid.best_score_=0.575, grid.best_index_=0, acc=0.575, time=3109.349814891815
07-08-2022 17:41:11|INFO|s26|10-CV=0.57542|STD=0.00393|Time spend=30498.78550004959
07-08-2022 17:41:29|INFO|Running Split-First
07-08-2022 17:41:29|INFO|X.shape=(2400, 2480), y.shape=(2400,), groups.shape=(2400,)
07-08-2022 17:41:29|INFO|Is groups None: True 
07-08-2022 18:26:01|INFO|1/10|grid.best_params_={'C': 0.01, 'gamma': 1e-09, 'kernel': 'rbf', 'max_iter': 1000}, grid.best_score_=0.675, grid.best_index_=0, acc=0.675, time=2671.63543510437
07-08-2022 18:26:01|INFO|Is groups None: True 
07-08-2022 19:10:29|INFO|2/10|grid.best_params_={'C': 0.01, 'gamma': 1e-09, 'kernel': 'rbf', 'max_iter': 1000}, grid.best_score_=0.675, grid.best_index_=0, acc=0.675, time=2668.4140927791595
07-08-2022 19:10:29|INFO|Is groups None: True 
07-08-2022 19:56:51|INFO|3/10|grid.best_params_={'C': 0.01, 'gamma': 1e-09, 'kernel': 'rbf', 'max_iter': 1000}, grid.best_score_=0.675, grid.best_index_=0, acc=0.675, time=2781.8954722881317
07-08-2022 19:56:51|INFO|Is groups None: True 
07-08-2022 21:47:32|INFO|
    Running Command: 
        python3 main-ml.py --subject_setup dependent --experimental_setup segment --stimuli_class arousal --preprocessing PLI --segment_lenght 1 --output_log ./output/dependent-segment-arousal-PLI-1.log
    Starting training:
        segment_lenght:  1
        output_log:      ./output/dependent-segment-arousal-PLI-1.log
        stimuli_class:   arousal
        preprocessing:   PLI
        subject_setup:   dependent
        experimental_setup: segment
    
07-08-2022 21:47:46|INFO|Running Split-First
07-08-2022 21:47:46|INFO|X.shape=(2400, 2480), y.shape=(2400,), groups.shape=(2400,)
07-08-2022 21:47:46|INFO|Is groups None: True 
07-08-2022 22:31:41|INFO|4/10|grid.best_params_={'C': 0.01, 'gamma': 1e-09, 'kernel': 'rbf', 'max_iter': 1000}, grid.best_score_=0.675, grid.best_index_=0, acc=0.675, time=2634.7126858234406
07-08-2022 22:31:41|INFO|Is groups None: True 
07-08-2022 23:17:50|INFO|5/10|grid.best_params_={'C': 0.01, 'gamma': 1e-09, 'kernel': 'rbf', 'max_iter': 1000}, grid.best_score_=0.675, grid.best_index_=0, acc=0.675, time=2769.227044582367
07-08-2022 23:17:50|INFO|Is groups None: True 
08-08-2022 00:01:36|INFO|6/10|grid.best_params_={'C': 0.01, 'gamma': 1e-09, 'kernel': 'rbf', 'max_iter': 1000}, grid.best_score_=0.675, grid.best_index_=0, acc=0.675, time=2625.7210586071014
08-08-2022 00:01:36|INFO|Is groups None: True 
08-08-2022 00:44:05|INFO|7/10|grid.best_params_={'C': 0.01, 'gamma': 1e-09, 'kernel': 'rbf', 'max_iter': 1000}, grid.best_score_=0.675, grid.best_index_=0, acc=0.675, time=2549.3027005195618
08-08-2022 00:44:05|INFO|Is groups None: True 
08-08-2022 01:26:21|INFO|8/10|grid.best_params_={'C': 0.01, 'gamma': 1e-09, 'kernel': 'rbf', 'max_iter': 1000}, grid.best_score_=0.675, grid.best_index_=0, acc=0.675, time=2535.5308334827423
08-08-2022 01:26:21|INFO|Is groups None: True 
08-08-2022 02:10:08|INFO|9/10|grid.best_params_={'C': 0.01, 'gamma': 1e-09, 'kernel': 'rbf', 'max_iter': 1000}, grid.best_score_=0.675, grid.best_index_=0, acc=0.675, time=2627.0693442821503
08-08-2022 02:10:08|INFO|Is groups None: True 
08-08-2022 02:54:24|INFO|10/10|grid.best_params_={'C': 0.01, 'gamma': 1e-09, 'kernel': 'rbf', 'max_iter': 1000}, grid.best_score_=0.675, grid.best_index_=0, acc=0.675, time=2655.928312063217
08-08-2022 02:54:24|INFO|s27|10-CV=0.67500|STD=0.00000|Time spend=18411.384927272797
08-08-2022 02:54:39|INFO|Running Split-First
08-08-2022 02:54:39|INFO|X.shape=(2400, 2480), y.shape=(2400,), groups.shape=(2400,)
08-08-2022 02:54:39|INFO|Is groups None: True 
08-08-2022 03:45:50|INFO|1/10|grid.best_params_={'C': 0.01, 'gamma': 1e-09, 'kernel': 'rbf', 'max_iter': 1000}, grid.best_score_=0.55, grid.best_index_=0, acc=0.55, time=3070.7675824165344
08-08-2022 03:45:50|INFO|Is groups None: True 
08-08-2022 04:37:03|INFO|2/10|grid.best_params_={'C': 0.01, 'gamma': 1e-09, 'kernel': 'rbf', 'max_iter': 1000}, grid.best_score_=0.55, grid.best_index_=0, acc=0.55, time=3073.5134258270264
08-08-2022 04:37:03|INFO|Is groups None: True 
08-08-2022 05:28:11|INFO|3/10|grid.best_params_={'C': 0.01, 'gamma': 1e-09, 'kernel': 'rbf', 'max_iter': 1000}, grid.best_score_=0.55, grid.best_index_=0, acc=0.55, time=3068.370450258255
08-08-2022 05:28:11|INFO|Is groups None: True 
08-08-2022 06:17:22|INFO|4/10|grid.best_params_={'C': 0.01, 'gamma': 1e-09, 'kernel': 'rbf', 'max_iter': 1000}, grid.best_score_=0.55, grid.best_index_=0, acc=0.55, time=2950.082015275955
08-08-2022 06:17:22|INFO|Is groups None: True 
08-08-2022 07:05:17|INFO|5/10|grid.best_params_={'C': 0.01, 'gamma': 1e-09, 'kernel': 'rbf', 'max_iter': 1000}, grid.best_score_=0.55, grid.best_index_=0, acc=0.55, time=2875.0946843624115
08-08-2022 07:05:17|INFO|Is groups None: True 
08-08-2022 07:53:08|INFO|6/10|grid.best_params_={'C': 0.01, 'gamma': 1e-09, 'kernel': 'rbf', 'max_iter': 1000}, grid.best_score_=0.55, grid.best_index_=0, acc=0.55, time=2871.7283251285553
08-08-2022 07:53:08|INFO|Is groups None: True 
08-08-2022 08:40:59|INFO|7/10|grid.best_params_={'C': 0.01, 'gamma': 1e-09, 'kernel': 'rbf', 'max_iter': 1000}, grid.best_score_=0.55, grid.best_index_=0, acc=0.55, time=2870.7161922454834
08-08-2022 08:40:59|INFO|Is groups None: True 
08-08-2022 09:28:51|INFO|8/10|grid.best_params_={'C': 0.01, 'gamma': 1e-09, 'kernel': 'rbf', 'max_iter': 1000}, grid.best_score_=0.55, grid.best_index_=0, acc=0.55, time=2871.5760979652405
08-08-2022 09:28:51|INFO|Is groups None: True 
08-08-2022 10:16:45|INFO|9/10|grid.best_params_={'C': 0.01, 'gamma': 1e-09, 'kernel': 'rbf', 'max_iter': 1000}, grid.best_score_=0.55, grid.best_index_=0, acc=0.55, time=2874.489093542099
08-08-2022 10:16:45|INFO|Is groups None: True 
08-08-2022 11:04:39|INFO|10/10|grid.best_params_={'C': 0.01, 'gamma': 1e-09, 'kernel': 'rbf', 'max_iter': 1000}, grid.best_score_=0.55, grid.best_index_=0, acc=0.55, time=2873.9742352962494
08-08-2022 11:04:39|INFO|s28|10-CV=0.55000|STD=0.00000|Time spend=29415.404151439667
08-08-2022 11:04:53|INFO|Running Split-First
08-08-2022 11:04:53|INFO|X.shape=(2400, 2480), y.shape=(2400,), groups.shape=(2400,)
08-08-2022 11:04:53|INFO|Is groups None: True 
08-08-2022 11:49:00|INFO|1/10|grid.best_params_={'C': 0.01, 'gamma': 1e-09, 'kernel': 'rbf', 'max_iter': 1000}, grid.best_score_=0.625, grid.best_index_=0, acc=0.625, time=2647.1801290512085
08-08-2022 11:49:00|INFO|Is groups None: True 
08-08-2022 12:33:09|INFO|2/10|grid.best_params_={'C': 0.01, 'gamma': 1e-09, 'kernel': 'rbf', 'max_iter': 1000}, grid.best_score_=0.625, grid.best_index_=0, acc=0.625, time=2648.7520043849945
08-08-2022 12:33:09|INFO|Is groups None: True 
08-08-2022 13:17:23|INFO|3/10|grid.best_params_={'C': 0.01, 'gamma': 1e-09, 'kernel': 'rbf', 'max_iter': 1000}, grid.best_score_=0.625, grid.best_index_=0, acc=0.625, time=2654.153393268585
08-08-2022 13:17:23|INFO|Is groups None: True 
08-08-2022 14:01:33|INFO|4/10|grid.best_params_={'C': 0.01, 'gamma': 1e-09, 'kernel': 'rbf', 'max_iter': 1000}, grid.best_score_=0.625, grid.best_index_=0, acc=0.625, time=2649.562378883362
08-08-2022 14:01:33|INFO|Is groups None: True 
08-08-2022 14:45:47|INFO|5/10|grid.best_params_={'C': 0.01, 'gamma': 1e-09, 'kernel': 'rbf', 'max_iter': 1000}, grid.best_score_=0.625, grid.best_index_=0, acc=0.625, time=2654.011614084244
08-08-2022 14:45:47|INFO|Is groups None: True 
08-08-2022 15:30:02|INFO|6/10|grid.best_params_={'C': 0.01, 'gamma': 1e-09, 'kernel': 'rbf', 'max_iter': 1000}, grid.best_score_=0.625, grid.best_index_=0, acc=0.625, time=2654.724524497986
08-08-2022 15:30:02|INFO|Is groups None: True 
08-08-2022 16:16:17|INFO|7/10|grid.best_params_={'C': 0.01, 'gamma': 1e-09, 'kernel': 'rbf', 'max_iter': 1000}, grid.best_score_=0.625, grid.best_index_=0, acc=0.625, time=2775.0758397579193
08-08-2022 16:16:17|INFO|Is groups None: True 
08-08-2022 17:02:48|INFO|8/10|grid.best_params_={'C': 0.01, 'gamma': 1e-09, 'kernel': 'rbf', 'max_iter': 1000}, grid.best_score_=0.625, grid.best_index_=0, acc=0.625, time=2790.863340616226
08-08-2022 17:02:48|INFO|Is groups None: True 
08-08-2022 17:47:24|INFO|9/10|grid.best_params_={'C': 0.01, 'gamma': 1e-09, 'kernel': 'rbf', 'max_iter': 1000}, grid.best_score_=0.625, grid.best_index_=0, acc=0.625, time=2676.0500345230103
08-08-2022 17:47:24|INFO|Is groups None: True 
08-08-2022 18:31:35|INFO|10/10|grid.best_params_={'C': 100.0, 'gamma': 0.001, 'kernel': 'rbf', 'max_iter': 1000}, grid.best_score_=0.6254629629629629, grid.best_index_=17, acc=0.6, time=2651.097630739212
08-08-2022 18:31:35|INFO|s29|10-CV=0.62250|STD=0.00750|Time spend=26815.51424908638
08-08-2022 18:31:49|INFO|Running Split-First
08-08-2022 18:31:49|INFO|X.shape=(2400, 2480), y.shape=(2400,), groups.shape=(2400,)
08-08-2022 18:31:49|INFO|Is groups None: True 
08-08-2022 19:21:07|INFO|1/10|grid.best_params_={'C': 1.0, 'gamma': 0.001, 'kernel': 'rbf', 'max_iter': 1000}, grid.best_score_=0.5287037037037037, grid.best_index_=10, acc=0.5166666666666667, time=2957.930204153061
08-08-2022 19:21:07|INFO|Is groups None: True 
08-08-2022 20:10:26|INFO|2/10|grid.best_params_={'C': 1.0, 'gamma': 0.001, 'kernel': 'rbf', 'max_iter': 1000}, grid.best_score_=0.5337962962962962, grid.best_index_=10, acc=0.6, time=2958.7054286003113
08-08-2022 20:10:26|INFO|Is groups None: True 
08-08-2022 20:59:42|INFO|3/10|grid.best_params_={'C': 1.0, 'gamma': 0.001, 'kernel': 'rbf', 'max_iter': 1000}, grid.best_score_=0.5324074074074074, grid.best_index_=10, acc=0.55, time=2956.624422311783
08-08-2022 20:59:42|INFO|Is groups None: True 
08-08-2022 21:49:00|INFO|4/10|grid.best_params_={'C': 1.0, 'gamma': 0.001, 'kernel': 'rbf', 'max_iter': 1000}, grid.best_score_=0.5398148148148149, grid.best_index_=10, acc=0.5083333333333333, time=2957.5348410606384
08-08-2022 21:49:00|INFO|Is groups None: True 
08-08-2022 22:38:16|INFO|5/10|grid.best_params_={'C': 100.0, 'gamma': 0.001, 'kernel': 'rbf', 'max_iter': 1000}, grid.best_score_=0.5305555555555556, grid.best_index_=17, acc=0.5333333333333333, time=2956.5167367458344
08-08-2022 22:38:16|INFO|Is groups None: True 
08-08-2022 23:27:34|INFO|6/10|grid.best_params_={'C': 1.0, 'gamma': 0.001, 'kernel': 'rbf', 'max_iter': 1000}, grid.best_score_=0.5356481481481481, grid.best_index_=10, acc=0.5541666666666667, time=2957.324162006378
08-08-2022 23:27:34|INFO|Is groups None: True 
09-08-2022 00:16:54|INFO|7/10|grid.best_params_={'C': 1.0, 'gamma': 0.001, 'kernel': 'rbf', 'max_iter': 1000}, grid.best_score_=0.5384259259259259, grid.best_index_=10, acc=0.49166666666666664, time=2960.4144537448883
09-08-2022 00:16:54|INFO|Is groups None: True 
09-08-2022 01:06:12|INFO|8/10|grid.best_params_={'C': 1.0, 'gamma': 0.001, 'kernel': 'rbf', 'max_iter': 1000}, grid.best_score_=0.5384259259259259, grid.best_index_=10, acc=0.5375, time=2957.9098703861237
09-08-2022 01:06:12|INFO|Is groups None: True 
09-08-2022 01:55:30|INFO|9/10|grid.best_params_={'C': 1.0, 'gamma': 0.001, 'kernel': 'rbf', 'max_iter': 1000}, grid.best_score_=0.5365740740740742, grid.best_index_=10, acc=0.5583333333333333, time=2957.67445397377
09-08-2022 01:55:30|INFO|Is groups None: True 
09-08-2022 02:44:45|INFO|10/10|grid.best_params_={'C': 100.0, 'gamma': 0.001, 'kernel': 'rbf', 'max_iter': 1000}, grid.best_score_=0.5476851851851852, grid.best_index_=17, acc=0.5583333333333333, time=2955.2525539398193
09-08-2022 02:44:45|INFO|s30|10-CV=0.54083|STD=0.02915|Time spend=29590.16805911064
09-08-2022 02:44:59|INFO|Running Split-First
09-08-2022 02:44:59|INFO|X.shape=(2400, 2480), y.shape=(2400,), groups.shape=(2400,)
09-08-2022 02:44:59|INFO|Is groups None: True 
09-08-2022 03:34:14|INFO|1/10|grid.best_params_={'C': 100.0, 'gamma': 0.001, 'kernel': 'rbf', 'max_iter': 1000}, grid.best_score_=0.548148148148148, grid.best_index_=17, acc=0.55, time=2955.628056526184
09-08-2022 03:34:14|INFO|Is groups None: True 
09-08-2022 04:23:34|INFO|2/10|grid.best_params_={'C': 100.0, 'gamma': 0.001, 'kernel': 'rbf', 'max_iter': 1000}, grid.best_score_=0.5356481481481482, grid.best_index_=17, acc=0.5916666666666667, time=2959.821088552475
09-08-2022 04:23:34|INFO|Is groups None: True 
09-08-2022 05:12:51|INFO|3/10|grid.best_params_={'C': 100.0, 'gamma': 0.001, 'kernel': 'rbf', 'max_iter': 1000}, grid.best_score_=0.5476851851851853, grid.best_index_=17, acc=0.5291666666666667, time=2957.2066848278046
09-08-2022 05:12:51|INFO|Is groups None: True 
09-08-2022 06:02:07|INFO|4/10|grid.best_params_={'C': 100.0, 'gamma': 0.001, 'kernel': 'rbf', 'max_iter': 1000}, grid.best_score_=0.549074074074074, grid.best_index_=17, acc=0.5375, time=2955.2609503269196
09-08-2022 06:02:07|INFO|Is groups None: True 
09-08-2022 06:51:23|INFO|5/10|grid.best_params_={'C': 100.0, 'gamma': 0.001, 'kernel': 'rbf', 'max_iter': 1000}, grid.best_score_=0.5462962962962963, grid.best_index_=17, acc=0.4666666666666667, time=2956.60404586792
09-08-2022 06:51:23|INFO|Is groups None: True 
09-08-2022 07:40:42|INFO|6/10|grid.best_params_={'C': 100.0, 'gamma': 0.001, 'kernel': 'rbf', 'max_iter': 1000}, grid.best_score_=0.5402777777777779, grid.best_index_=17, acc=0.5333333333333333, time=2958.538567304611
09-08-2022 07:40:42|INFO|Is groups None: True 
09-08-2022 08:29:59|INFO|7/10|grid.best_params_={'C': 100.0, 'gamma': 0.001, 'kernel': 'rbf', 'max_iter': 1000}, grid.best_score_=0.5398148148148149, grid.best_index_=17, acc=0.5416666666666666, time=2957.604158639908
09-08-2022 08:29:59|INFO|Is groups None: True 
09-08-2022 09:19:14|INFO|8/10|grid.best_params_={'C': 100.0, 'gamma': 0.001, 'kernel': 'rbf', 'max_iter': 1000}, grid.best_score_=0.538888888888889, grid.best_index_=17, acc=0.5708333333333333, time=2954.6189103126526
09-08-2022 09:19:14|INFO|Is groups None: True 
09-08-2022 10:08:30|INFO|9/10|grid.best_params_={'C': 100.0, 'gamma': 0.001, 'kernel': 'rbf', 'max_iter': 1000}, grid.best_score_=0.5527777777777777, grid.best_index_=17, acc=0.5583333333333333, time=2955.5968391895294
09-08-2022 10:08:30|INFO|Is groups None: True 
09-08-2022 10:57:42|INFO|10/10|grid.best_params_={'C': 100.0, 'gamma': 0.001, 'kernel': 'rbf', 'max_iter': 1000}, grid.best_score_=0.5449074074074075, grid.best_index_=17, acc=0.5541666666666667, time=2952.6913919448853
09-08-2022 10:57:42|INFO|s31|10-CV=0.54333|STD=0.03114|Time spend=29577.474154233932
09-08-2022 10:57:56|INFO|Running Split-First
09-08-2022 10:57:56|INFO|X.shape=(2400, 2480), y.shape=(2400,), groups.shape=(2400,)
09-08-2022 10:57:56|INFO|Is groups None: True 
09-08-2022 11:39:33|INFO|1/10|grid.best_params_={'C': 0.01, 'gamma': 1e-09, 'kernel': 'rbf', 'max_iter': 1000}, grid.best_score_=0.675, grid.best_index_=0, acc=0.675, time=2496.9612109661102
09-08-2022 11:39:33|INFO|Is groups None: True 
09-08-2022 12:20:59|INFO|2/10|grid.best_params_={'C': 0.01, 'gamma': 1e-09, 'kernel': 'rbf', 'max_iter': 1000}, grid.best_score_=0.675, grid.best_index_=0, acc=0.675, time=2486.0090792179108
09-08-2022 12:20:59|INFO|Is groups None: True 
09-08-2022 13:02:24|INFO|3/10|grid.best_params_={'C': 0.01, 'gamma': 1e-09, 'kernel': 'rbf', 'max_iter': 1000}, grid.best_score_=0.675, grid.best_index_=0, acc=0.675, time=2485.3247623443604
09-08-2022 13:02:24|INFO|Is groups None: True 
09-08-2022 13:43:48|INFO|4/10|grid.best_params_={'C': 0.01, 'gamma': 1e-09, 'kernel': 'rbf', 'max_iter': 1000}, grid.best_score_=0.675, grid.best_index_=0, acc=0.675, time=2483.434374332428
09-08-2022 13:43:48|INFO|Is groups None: True 
09-08-2022 14:25:21|INFO|5/10|grid.best_params_={'C': 0.01, 'gamma': 1e-09, 'kernel': 'rbf', 'max_iter': 1000}, grid.best_score_=0.675, grid.best_index_=0, acc=0.675, time=2493.6199424266815
09-08-2022 14:25:21|INFO|Is groups None: True 
09-08-2022 15:07:58|INFO|6/10|grid.best_params_={'C': 0.01, 'gamma': 1e-09, 'kernel': 'rbf', 'max_iter': 1000}, grid.best_score_=0.675, grid.best_index_=0, acc=0.675, time=2556.6726334095
09-08-2022 15:07:58|INFO|Is groups None: True 
09-08-2022 15:50:40|INFO|7/10|grid.best_params_={'C': 100.0, 'gamma': 0.001, 'kernel': 'rbf', 'max_iter': 1000}, grid.best_score_=0.6754629629629629, grid.best_index_=17, acc=0.675, time=2562.1656777858734
09-08-2022 15:50:40|INFO|Is groups None: True 
09-08-2022 16:33:42|INFO|8/10|grid.best_params_={'C': 0.01, 'gamma': 1e-09, 'kernel': 'rbf', 'max_iter': 1000}, grid.best_score_=0.675, grid.best_index_=0, acc=0.675, time=2581.51012134552
09-08-2022 16:33:42|INFO|Is groups None: True 
09-08-2022 17:17:11|INFO|9/10|grid.best_params_={'C': 0.01, 'gamma': 1e-09, 'kernel': 'rbf', 'max_iter': 1000}, grid.best_score_=0.675, grid.best_index_=0, acc=0.675, time=2609.571127653122
09-08-2022 17:17:11|INFO|Is groups None: True 
09-08-2022 18:00:47|INFO|10/10|grid.best_params_={'C': 0.01, 'gamma': 1e-09, 'kernel': 'rbf', 'max_iter': 1000}, grid.best_score_=0.675, grid.best_index_=0, acc=0.675, time=2615.7836768627167
09-08-2022 18:00:47|INFO|s32|10-CV=0.67500|STD=0.00000|Time spend=25384.69442152977
09-08-2022 18:00:47|INFO|final|10-CV=0.60111|STD=0.01360
