20-07-2022 22:38:08|INFO|
    Running Command: 
        python3 main-ml.py --subject_setup dependent --experimental_setup segment --stimuli_class arousal --preprocessing PLI --segment_lenght 60 --output_log ./output/dependent-segment-arousal-PLI-60.log
    Starting training:
        segment_lenght:  60
        output_log:      ./output/dependent-segment-arousal-PLI-60.log
        stimuli_class:   arousal
        preprocessing:   PLI
        subject_setup:   dependent
        experimental_setup: segment
    
20-07-2022 22:38:21|INFO|Running Split-First
20-07-2022 22:38:21|INFO|X.shape=(40, 2480), y.shape=(40,), groups.shape=(40,)
20-07-2022 22:38:21|INFO|Is groups None: True 
20-07-2022 22:38:39|INFO|1/10|grid.best_params_={'C': 100.0, 'gamma': 1e-05, 'kernel': 'rbf', 'max_iter': 1000}, grid.best_score_=0.6111111111111112, grid.best_index_=16, acc=0.75, time=17.733582973480225
20-07-2022 22:38:39|INFO|Is groups None: True 
20-07-2022 22:38:40|INFO|2/10|grid.best_params_={'C': 100.0, 'gamma': 1e-05, 'kernel': 'rbf', 'max_iter': 1000}, grid.best_score_=0.6111111111111112, grid.best_index_=16, acc=1.0, time=0.4721395969390869
20-07-2022 22:38:40|INFO|Is groups None: True 
20-07-2022 22:38:40|INFO|3/10|grid.best_params_={'C': 100.0, 'gamma': 1e-05, 'kernel': 'rbf', 'max_iter': 1000}, grid.best_score_=0.6388888888888888, grid.best_index_=16, acc=0.75, time=0.4637603759765625
20-07-2022 22:38:40|INFO|Is groups None: True 
20-07-2022 22:38:41|INFO|4/10|grid.best_params_={'C': 100.0, 'gamma': 1e-05, 'kernel': 'rbf', 'max_iter': 1000}, grid.best_score_=0.6111111111111112, grid.best_index_=16, acc=0.75, time=0.4798440933227539
20-07-2022 22:38:41|INFO|Is groups None: True 
20-07-2022 22:38:41|INFO|5/10|grid.best_params_={'C': 0.01, 'gamma': 1e-09, 'kernel': 'rbf', 'max_iter': 1000}, grid.best_score_=0.6111111111111112, grid.best_index_=0, acc=0.5, time=0.4771113395690918
20-07-2022 22:38:41|INFO|Is groups None: True 
20-07-2022 22:38:42|INFO|6/10|grid.best_params_={'C': 1000000.0, 'gamma': 1e-09, 'kernel': 'rbf', 'max_iter': 1000}, grid.best_score_=0.6388888888888888, grid.best_index_=28, acc=0.5, time=0.4754207134246826
20-07-2022 22:38:42|INFO|Is groups None: True 
20-07-2022 22:38:42|INFO|7/10|grid.best_params_={'C': 100.0, 'gamma': 1e-05, 'kernel': 'rbf', 'max_iter': 1000}, grid.best_score_=0.6388888888888888, grid.best_index_=16, acc=0.5, time=0.47107362747192383
20-07-2022 22:38:42|INFO|Is groups None: True 
20-07-2022 22:38:43|INFO|8/10|grid.best_params_={'C': 100.0, 'gamma': 1e-05, 'kernel': 'rbf', 'max_iter': 1000}, grid.best_score_=0.6666666666666666, grid.best_index_=16, acc=0.25, time=0.530174970626831
20-07-2022 22:38:43|INFO|Is groups None: True 
20-07-2022 22:38:43|INFO|9/10|grid.best_params_={'C': 100.0, 'gamma': 1e-05, 'kernel': 'rbf', 'max_iter': 1000}, grid.best_score_=0.6666666666666666, grid.best_index_=16, acc=0.25, time=0.515721321105957
20-07-2022 22:38:43|INFO|Is groups None: True 
20-07-2022 22:38:44|INFO|10/10|grid.best_params_={'C': 0.01, 'gamma': 1e-09, 'kernel': 'rbf', 'max_iter': 1000}, grid.best_score_=0.6111111111111112, grid.best_index_=0, acc=0.5, time=0.5153400897979736
20-07-2022 22:38:44|INFO|s01|10-CV=0.57500|STD=0.22500|Time spend=35.63372564315796
20-07-2022 22:38:57|INFO|Running Split-First
20-07-2022 22:38:57|INFO|X.shape=(40, 2480), y.shape=(40,), groups.shape=(40,)
20-07-2022 22:38:57|INFO|Is groups None: True 
20-07-2022 22:38:58|INFO|1/10|grid.best_params_={'C': 100.0, 'gamma': 1e-05, 'kernel': 'rbf', 'max_iter': 1000}, grid.best_score_=0.6666666666666666, grid.best_index_=16, acc=0.25, time=0.4764828681945801
20-07-2022 22:38:58|INFO|Is groups None: True 
20-07-2022 22:38:58|INFO|2/10|grid.best_params_={'C': 0.01, 'gamma': 1e-09, 'kernel': 'rbf', 'max_iter': 1000}, grid.best_score_=0.5833333333333334, grid.best_index_=0, acc=0.75, time=0.502981424331665
20-07-2022 22:38:58|INFO|Is groups None: True 
20-07-2022 22:38:59|INFO|3/10|grid.best_params_={'C': 0.01, 'gamma': 1e-09, 'kernel': 'rbf', 'max_iter': 1000}, grid.best_score_=0.5833333333333334, grid.best_index_=0, acc=0.75, time=0.5185694694519043
20-07-2022 22:38:59|INFO|Is groups None: True 
20-07-2022 22:38:59|INFO|4/10|grid.best_params_={'C': 100.0, 'gamma': 1e-05, 'kernel': 'rbf', 'max_iter': 1000}, grid.best_score_=0.6111111111111112, grid.best_index_=16, acc=1.0, time=0.5268003940582275
20-07-2022 22:38:59|INFO|Is groups None: True 
20-07-2022 22:39:00|INFO|5/10|grid.best_params_={'C': 0.01, 'gamma': 1e-09, 'kernel': 'rbf', 'max_iter': 1000}, grid.best_score_=0.6111111111111112, grid.best_index_=0, acc=0.5, time=0.5082628726959229
20-07-2022 22:39:00|INFO|Is groups None: True 
20-07-2022 22:39:00|INFO|6/10|grid.best_params_={'C': 100.0, 'gamma': 1e-05, 'kernel': 'rbf', 'max_iter': 1000}, grid.best_score_=0.7222222222222222, grid.best_index_=16, acc=0.5, time=0.47404956817626953
20-07-2022 22:39:00|INFO|Is groups None: True 
20-07-2022 22:39:01|INFO|7/10|grid.best_params_={'C': 100.0, 'gamma': 1e-05, 'kernel': 'rbf', 'max_iter': 1000}, grid.best_score_=0.6944444444444444, grid.best_index_=16, acc=0.75, time=0.47761034965515137
20-07-2022 22:39:01|INFO|Is groups None: True 
20-07-2022 22:39:01|INFO|8/10|grid.best_params_={'C': 10000.0, 'gamma': 1e-07, 'kernel': 'rbf', 'max_iter': 1000}, grid.best_score_=0.7222222222222222, grid.best_index_=22, acc=0.5, time=0.4842240810394287
20-07-2022 22:39:01|INFO|Is groups None: True 
20-07-2022 22:39:02|INFO|9/10|grid.best_params_={'C': 100.0, 'gamma': 1e-05, 'kernel': 'rbf', 'max_iter': 1000}, grid.best_score_=0.7222222222222222, grid.best_index_=16, acc=0.25, time=0.48232269287109375
20-07-2022 22:39:02|INFO|Is groups None: True 
20-07-2022 22:39:02|INFO|10/10|grid.best_params_={'C': 100.0, 'gamma': 1e-05, 'kernel': 'rbf', 'max_iter': 1000}, grid.best_score_=0.6388888888888888, grid.best_index_=16, acc=1.0, time=0.5357050895690918
20-07-2022 22:39:02|INFO|s02|10-CV=0.62500|STD=0.25617|Time spend=18.633126974105835
20-07-2022 22:39:17|INFO|Running Split-First
20-07-2022 22:39:17|INFO|X.shape=(40, 2480), y.shape=(40,), groups.shape=(40,)
20-07-2022 22:39:17|INFO|Is groups None: True 
20-07-2022 22:39:17|INFO|1/10|grid.best_params_={'C': 0.01, 'gamma': 1e-09, 'kernel': 'rbf', 'max_iter': 1000}, grid.best_score_=0.7777777777777778, grid.best_index_=0, acc=1.0, time=0.5244386196136475
20-07-2022 22:39:17|INFO|Is groups None: True 
20-07-2022 22:39:18|INFO|2/10|grid.best_params_={'C': 0.01, 'gamma': 1e-09, 'kernel': 'rbf', 'max_iter': 1000}, grid.best_score_=0.7777777777777778, grid.best_index_=0, acc=1.0, time=0.5092086791992188
20-07-2022 22:39:18|INFO|Is groups None: True 
20-07-2022 22:39:18|INFO|3/10|grid.best_params_={'C': 0.01, 'gamma': 1e-09, 'kernel': 'rbf', 'max_iter': 1000}, grid.best_score_=0.8055555555555556, grid.best_index_=0, acc=0.75, time=0.49103689193725586
20-07-2022 22:39:18|INFO|Is groups None: True 
20-07-2022 22:39:19|INFO|4/10|grid.best_params_={'C': 0.01, 'gamma': 1e-09, 'kernel': 'rbf', 'max_iter': 1000}, grid.best_score_=0.8055555555555556, grid.best_index_=0, acc=0.75, time=0.5266854763031006
20-07-2022 22:39:19|INFO|Is groups None: True 
20-07-2022 22:39:19|INFO|5/10|grid.best_params_={'C': 0.01, 'gamma': 1e-09, 'kernel': 'rbf', 'max_iter': 1000}, grid.best_score_=0.8055555555555556, grid.best_index_=0, acc=0.75, time=0.5308892726898193
20-07-2022 22:39:19|INFO|Is groups None: True 
20-07-2022 22:39:20|INFO|6/10|grid.best_params_={'C': 0.01, 'gamma': 1e-09, 'kernel': 'rbf', 'max_iter': 1000}, grid.best_score_=0.8055555555555556, grid.best_index_=0, acc=0.75, time=0.5395112037658691
20-07-2022 22:39:20|INFO|Is groups None: True 
20-07-2022 22:39:20|INFO|7/10|grid.best_params_={'C': 0.01, 'gamma': 1e-09, 'kernel': 'rbf', 'max_iter': 1000}, grid.best_score_=0.8055555555555556, grid.best_index_=0, acc=0.75, time=0.4924032688140869
20-07-2022 22:39:20|INFO|Is groups None: True 
20-07-2022 22:39:21|INFO|8/10|grid.best_params_={'C': 0.01, 'gamma': 1e-09, 'kernel': 'rbf', 'max_iter': 1000}, grid.best_score_=0.8055555555555556, grid.best_index_=0, acc=0.75, time=0.49001169204711914
20-07-2022 22:39:21|INFO|Is groups None: True 
20-07-2022 22:39:21|INFO|9/10|grid.best_params_={'C': 0.01, 'gamma': 1e-09, 'kernel': 'rbf', 'max_iter': 1000}, grid.best_score_=0.8055555555555556, grid.best_index_=0, acc=0.75, time=0.4780154228210449
20-07-2022 22:39:21|INFO|Is groups None: True 
20-07-2022 22:39:22|INFO|10/10|grid.best_params_={'C': 0.01, 'gamma': 1e-09, 'kernel': 'rbf', 'max_iter': 1000}, grid.best_score_=0.8055555555555556, grid.best_index_=0, acc=0.75, time=0.4875943660736084
20-07-2022 22:39:22|INFO|s03|10-CV=0.80000|STD=0.10000|Time spend=19.604881048202515
20-07-2022 22:39:35|INFO|Running Split-First
20-07-2022 22:39:35|INFO|X.shape=(40, 2480), y.shape=(40,), groups.shape=(40,)
20-07-2022 22:39:35|INFO|Is groups None: True 
20-07-2022 22:39:36|INFO|1/10|grid.best_params_={'C': 0.01, 'gamma': 1e-09, 'kernel': 'rbf', 'max_iter': 1000}, grid.best_score_=0.6111111111111112, grid.best_index_=0, acc=0.5, time=0.4835171699523926
20-07-2022 22:39:36|INFO|Is groups None: True 
20-07-2022 22:39:36|INFO|2/10|grid.best_params_={'C': 0.01, 'gamma': 1e-09, 'kernel': 'rbf', 'max_iter': 1000}, grid.best_score_=0.6111111111111112, grid.best_index_=0, acc=0.5, time=0.4711036682128906
20-07-2022 22:39:36|INFO|Is groups None: True 
20-07-2022 22:39:37|INFO|3/10|grid.best_params_={'C': 0.01, 'gamma': 1e-09, 'kernel': 'rbf', 'max_iter': 1000}, grid.best_score_=0.6111111111111112, grid.best_index_=0, acc=0.5, time=0.4599943161010742
20-07-2022 22:39:37|INFO|Is groups None: True 
20-07-2022 22:39:37|INFO|4/10|grid.best_params_={'C': 100.0, 'gamma': 1e-05, 'kernel': 'rbf', 'max_iter': 1000}, grid.best_score_=0.6666666666666666, grid.best_index_=16, acc=0.5, time=0.5047554969787598
20-07-2022 22:39:37|INFO|Is groups None: True 
20-07-2022 22:39:38|INFO|5/10|grid.best_params_={'C': 100.0, 'gamma': 1e-05, 'kernel': 'rbf', 'max_iter': 1000}, grid.best_score_=0.6388888888888888, grid.best_index_=16, acc=0.5, time=0.4675941467285156
20-07-2022 22:39:38|INFO|Is groups None: True 
20-07-2022 22:39:38|INFO|6/10|grid.best_params_={'C': 100.0, 'gamma': 1e-05, 'kernel': 'rbf', 'max_iter': 1000}, grid.best_score_=0.6666666666666666, grid.best_index_=16, acc=0.25, time=0.49408459663391113
20-07-2022 22:39:38|INFO|Is groups None: True 
20-07-2022 22:39:39|INFO|7/10|grid.best_params_={'C': 100.0, 'gamma': 1e-05, 'kernel': 'rbf', 'max_iter': 1000}, grid.best_score_=0.6388888888888888, grid.best_index_=16, acc=0.5, time=0.47139954566955566
20-07-2022 22:39:39|INFO|Is groups None: True 
20-07-2022 22:39:39|INFO|8/10|grid.best_params_={'C': 0.01, 'gamma': 1e-09, 'kernel': 'rbf', 'max_iter': 1000}, grid.best_score_=0.5833333333333334, grid.best_index_=0, acc=0.75, time=0.4933934211730957
20-07-2022 22:39:39|INFO|Is groups None: True 
20-07-2022 22:39:40|INFO|9/10|grid.best_params_={'C': 0.01, 'gamma': 1e-09, 'kernel': 'rbf', 'max_iter': 1000}, grid.best_score_=0.5833333333333334, grid.best_index_=0, acc=0.75, time=0.5477550029754639
20-07-2022 22:39:40|INFO|Is groups None: True 
20-07-2022 22:39:40|INFO|10/10|grid.best_params_={'C': 100.0, 'gamma': 1e-05, 'kernel': 'rbf', 'max_iter': 1000}, grid.best_score_=0.6666666666666666, grid.best_index_=16, acc=0.5, time=0.5364460945129395
20-07-2022 22:39:40|INFO|s04|10-CV=0.52500|STD=0.13463|Time spend=18.521821975708008
20-07-2022 22:39:54|INFO|Running Split-First
20-07-2022 22:39:54|INFO|X.shape=(40, 2480), y.shape=(40,), groups.shape=(40,)
20-07-2022 22:39:54|INFO|Is groups None: True 
20-07-2022 22:39:55|INFO|1/10|grid.best_params_={'C': 0.01, 'gamma': 0.001, 'kernel': 'rbf', 'max_iter': 1000}, grid.best_score_=0.5555555555555556, grid.best_index_=3, acc=0.5, time=0.4895203113555908
20-07-2022 22:39:55|INFO|Is groups None: True 
20-07-2022 22:39:55|INFO|2/10|grid.best_params_={'C': 0.01, 'gamma': 1e-09, 'kernel': 'rbf', 'max_iter': 1000}, grid.best_score_=0.5277777777777778, grid.best_index_=0, acc=0.5, time=0.5369608402252197
20-07-2022 22:39:55|INFO|Is groups None: True 
20-07-2022 22:39:56|INFO|3/10|grid.best_params_={'C': 0.01, 'gamma': 0.1, 'kernel': 'rbf', 'max_iter': 1000}, grid.best_score_=0.5555555555555556, grid.best_index_=4, acc=0.5, time=0.5303795337677002
20-07-2022 22:39:56|INFO|Is groups None: True 
20-07-2022 22:39:56|INFO|4/10|grid.best_params_={'C': 100.0, 'gamma': 0.001, 'kernel': 'rbf', 'max_iter': 1000}, grid.best_score_=0.5555555555555556, grid.best_index_=17, acc=0.25, time=0.5214862823486328
20-07-2022 22:39:56|INFO|Is groups None: True 
20-07-2022 22:39:57|INFO|5/10|grid.best_params_={'C': 0.01, 'gamma': 0.1, 'kernel': 'rbf', 'max_iter': 1000}, grid.best_score_=0.5, grid.best_index_=4, acc=0.5, time=0.4901585578918457
20-07-2022 22:39:57|INFO|Is groups None: True 
20-07-2022 22:39:57|INFO|6/10|grid.best_params_={'C': 0.01, 'gamma': 1e-09, 'kernel': 'rbf', 'max_iter': 1000}, grid.best_score_=0.5277777777777778, grid.best_index_=0, acc=0.5, time=0.47108936309814453
20-07-2022 22:39:57|INFO|Is groups None: True 
20-07-2022 22:39:58|INFO|7/10|grid.best_params_={'C': 0.01, 'gamma': 1e-09, 'kernel': 'rbf', 'max_iter': 1000}, grid.best_score_=0.5277777777777778, grid.best_index_=0, acc=0.5, time=0.48441052436828613
20-07-2022 22:39:58|INFO|Is groups None: True 
20-07-2022 22:39:58|INFO|8/10|grid.best_params_={'C': 0.01, 'gamma': 0.1, 'kernel': 'rbf', 'max_iter': 1000}, grid.best_score_=0.5277777777777778, grid.best_index_=4, acc=0.5, time=0.46576428413391113
20-07-2022 22:39:58|INFO|Is groups None: True 
20-07-2022 22:39:59|INFO|9/10|grid.best_params_={'C': 10000.0, 'gamma': 1e-07, 'kernel': 'rbf', 'max_iter': 1000}, grid.best_score_=0.6388888888888888, grid.best_index_=22, acc=0.25, time=0.4904441833496094
20-07-2022 22:39:59|INFO|Is groups None: True 
20-07-2022 22:39:59|INFO|10/10|grid.best_params_={'C': 100.0, 'gamma': 0.001, 'kernel': 'rbf', 'max_iter': 1000}, grid.best_score_=0.5555555555555556, grid.best_index_=17, acc=0.0, time=0.4810776710510254
20-07-2022 22:39:59|INFO|s05|10-CV=0.40000|STD=0.16583|Time spend=18.64411187171936
20-07-2022 22:40:14|INFO|Running Split-First
20-07-2022 22:40:14|INFO|X.shape=(40, 2480), y.shape=(40,), groups.shape=(40,)
20-07-2022 22:40:14|INFO|Is groups None: True 
20-07-2022 22:40:14|INFO|1/10|grid.best_params_={'C': 100.0, 'gamma': 1e-05, 'kernel': 'rbf', 'max_iter': 1000}, grid.best_score_=0.6111111111111112, grid.best_index_=16, acc=1.0, time=0.46236467361450195
20-07-2022 22:40:14|INFO|Is groups None: True 
20-07-2022 22:40:15|INFO|2/10|grid.best_params_={'C': 100.0, 'gamma': 1e-05, 'kernel': 'rbf', 'max_iter': 1000}, grid.best_score_=0.5833333333333334, grid.best_index_=16, acc=1.0, time=0.48133206367492676
20-07-2022 22:40:15|INFO|Is groups None: True 
20-07-2022 22:40:15|INFO|3/10|grid.best_params_={'C': 10000.0, 'gamma': 1e-07, 'kernel': 'rbf', 'max_iter': 1000}, grid.best_score_=0.6111111111111112, grid.best_index_=22, acc=1.0, time=0.48311829566955566
20-07-2022 22:40:15|INFO|Is groups None: True 
20-07-2022 22:40:16|INFO|4/10|grid.best_params_={'C': 100.0, 'gamma': 1e-05, 'kernel': 'rbf', 'max_iter': 1000}, grid.best_score_=0.6388888888888888, grid.best_index_=16, acc=0.5, time=0.5142917633056641
20-07-2022 22:40:16|INFO|Is groups None: True 
20-07-2022 22:40:16|INFO|5/10|grid.best_params_={'C': 0.01, 'gamma': 1e-09, 'kernel': 'rbf', 'max_iter': 1000}, grid.best_score_=0.5833333333333334, grid.best_index_=0, acc=0.5, time=0.5159342288970947
20-07-2022 22:40:16|INFO|Is groups None: True 
20-07-2022 22:40:17|INFO|6/10|grid.best_params_={'C': 100.0, 'gamma': 1e-05, 'kernel': 'rbf', 'max_iter': 1000}, grid.best_score_=0.6388888888888888, grid.best_index_=16, acc=0.5, time=0.5163683891296387
20-07-2022 22:40:17|INFO|Is groups None: True 
20-07-2022 22:40:17|INFO|7/10|grid.best_params_={'C': 100.0, 'gamma': 1e-05, 'kernel': 'rbf', 'max_iter': 1000}, grid.best_score_=0.7222222222222222, grid.best_index_=16, acc=0.25, time=0.4884154796600342
20-07-2022 22:40:17|INFO|Is groups None: True 
20-07-2022 22:40:18|INFO|8/10|grid.best_params_={'C': 100.0, 'gamma': 1e-05, 'kernel': 'rbf', 'max_iter': 1000}, grid.best_score_=0.6944444444444444, grid.best_index_=16, acc=0.5, time=0.4844837188720703
20-07-2022 22:40:18|INFO|Is groups None: True 
20-07-2022 22:40:18|INFO|9/10|grid.best_params_={'C': 1000000.0, 'gamma': 1e-09, 'kernel': 'rbf', 'max_iter': 1000}, grid.best_score_=0.7777777777777778, grid.best_index_=28, acc=0.0, time=0.4830138683319092
20-07-2022 22:40:18|INFO|Is groups None: True 
20-07-2022 22:40:19|INFO|10/10|grid.best_params_={'C': 1000000.0, 'gamma': 1e-09, 'kernel': 'rbf', 'max_iter': 1000}, grid.best_score_=0.6944444444444444, grid.best_index_=28, acc=0.5, time=0.48127126693725586
20-07-2022 22:40:19|INFO|s06|10-CV=0.57500|STD=0.31721|Time spend=19.560814142227173
20-07-2022 22:40:32|INFO|Running Split-First
20-07-2022 22:40:32|INFO|X.shape=(40, 2480), y.shape=(40,), groups.shape=(40,)
20-07-2022 22:40:32|INFO|Is groups None: True 
20-07-2022 22:40:33|INFO|1/10|grid.best_params_={'C': 0.01, 'gamma': 1e-09, 'kernel': 'rbf', 'max_iter': 1000}, grid.best_score_=0.6388888888888888, grid.best_index_=0, acc=0.5, time=0.4950129985809326
20-07-2022 22:40:33|INFO|Is groups None: True 
20-07-2022 22:40:33|INFO|2/10|grid.best_params_={'C': 0.01, 'gamma': 1e-09, 'kernel': 'rbf', 'max_iter': 1000}, grid.best_score_=0.6388888888888888, grid.best_index_=0, acc=0.5, time=0.551062822341919
20-07-2022 22:40:33|INFO|Is groups None: True 
20-07-2022 22:40:34|INFO|3/10|grid.best_params_={'C': 0.01, 'gamma': 1e-09, 'kernel': 'rbf', 'max_iter': 1000}, grid.best_score_=0.6388888888888888, grid.best_index_=0, acc=0.5, time=0.49020886421203613
20-07-2022 22:40:34|INFO|Is groups None: True 
20-07-2022 22:40:34|INFO|4/10|grid.best_params_={'C': 100.0, 'gamma': 1e-05, 'kernel': 'rbf', 'max_iter': 1000}, grid.best_score_=0.6666666666666666, grid.best_index_=16, acc=0.5, time=0.4927067756652832
20-07-2022 22:40:34|INFO|Is groups None: True 
20-07-2022 22:40:35|INFO|5/10|grid.best_params_={'C': 0.01, 'gamma': 1e-09, 'kernel': 'rbf', 'max_iter': 1000}, grid.best_score_=0.6388888888888888, grid.best_index_=0, acc=0.5, time=0.5315086841583252
20-07-2022 22:40:35|INFO|Is groups None: True 
20-07-2022 22:40:35|INFO|6/10|grid.best_params_={'C': 0.01, 'gamma': 1e-09, 'kernel': 'rbf', 'max_iter': 1000}, grid.best_score_=0.6111111111111112, grid.best_index_=0, acc=0.75, time=0.5883963108062744
20-07-2022 22:40:35|INFO|Is groups None: True 
20-07-2022 22:40:36|INFO|7/10|grid.best_params_={'C': 0.01, 'gamma': 1e-09, 'kernel': 'rbf', 'max_iter': 1000}, grid.best_score_=0.6111111111111112, grid.best_index_=0, acc=0.75, time=0.5397965908050537
20-07-2022 22:40:36|INFO|Is groups None: True 
20-07-2022 22:40:37|INFO|8/10|grid.best_params_={'C': 0.01, 'gamma': 1e-09, 'kernel': 'rbf', 'max_iter': 1000}, grid.best_score_=0.6111111111111112, grid.best_index_=0, acc=0.75, time=0.5291204452514648
20-07-2022 22:40:37|INFO|Is groups None: True 
20-07-2022 22:40:37|INFO|9/10|grid.best_params_={'C': 0.01, 'gamma': 1e-09, 'kernel': 'rbf', 'max_iter': 1000}, grid.best_score_=0.6111111111111112, grid.best_index_=0, acc=0.75, time=0.5679035186767578
20-07-2022 22:40:37|INFO|Is groups None: True 
20-07-2022 22:40:38|INFO|10/10|grid.best_params_={'C': 0.01, 'gamma': 1e-09, 'kernel': 'rbf', 'max_iter': 1000}, grid.best_score_=0.6111111111111112, grid.best_index_=0, acc=0.75, time=0.6339082717895508
20-07-2022 22:40:38|INFO|s07|10-CV=0.62500|STD=0.12500|Time spend=19.140887022018433
20-07-2022 22:40:52|INFO|Running Split-First
20-07-2022 22:40:52|INFO|X.shape=(40, 2480), y.shape=(40,), groups.shape=(40,)
20-07-2022 22:40:52|INFO|Is groups None: True 
20-07-2022 22:40:52|INFO|1/10|grid.best_params_={'C': 0.01, 'gamma': 1e-09, 'kernel': 'rbf', 'max_iter': 1000}, grid.best_score_=0.5555555555555556, grid.best_index_=0, acc=0.75, time=0.5086679458618164
20-07-2022 22:40:52|INFO|Is groups None: True 
20-07-2022 22:40:53|INFO|2/10|grid.best_params_={'C': 0.01, 'gamma': 1e-09, 'kernel': 'rbf', 'max_iter': 1000}, grid.best_score_=0.5555555555555556, grid.best_index_=0, acc=0.75, time=0.5070514678955078
20-07-2022 22:40:53|INFO|Is groups None: True 
20-07-2022 22:40:54|INFO|3/10|grid.best_params_={'C': 100.0, 'gamma': 1e-05, 'kernel': 'rbf', 'max_iter': 1000}, grid.best_score_=0.5833333333333334, grid.best_index_=16, acc=0.75, time=0.5219483375549316
20-07-2022 22:40:54|INFO|Is groups None: True 
20-07-2022 22:40:54|INFO|4/10|grid.best_params_={'C': 0.01, 'gamma': 1e-09, 'kernel': 'rbf', 'max_iter': 1000}, grid.best_score_=0.5833333333333334, grid.best_index_=0, acc=0.5, time=0.4941556453704834
20-07-2022 22:40:54|INFO|Is groups None: True 
20-07-2022 22:40:55|INFO|5/10|grid.best_params_={'C': 0.01, 'gamma': 1e-09, 'kernel': 'rbf', 'max_iter': 1000}, grid.best_score_=0.5833333333333334, grid.best_index_=0, acc=0.5, time=0.4709169864654541
20-07-2022 22:40:55|INFO|Is groups None: True 
20-07-2022 22:40:55|INFO|6/10|grid.best_params_={'C': 0.01, 'gamma': 1e-09, 'kernel': 'rbf', 'max_iter': 1000}, grid.best_score_=0.5833333333333334, grid.best_index_=0, acc=0.5, time=0.5013594627380371
20-07-2022 22:40:55|INFO|Is groups None: True 
20-07-2022 22:40:55|INFO|7/10|grid.best_params_={'C': 0.01, 'gamma': 1e-09, 'kernel': 'rbf', 'max_iter': 1000}, grid.best_score_=0.5833333333333334, grid.best_index_=0, acc=0.5, time=0.4793398380279541
20-07-2022 22:40:56|INFO|Is groups None: True 
20-07-2022 22:40:56|INFO|8/10|grid.best_params_={'C': 0.01, 'gamma': 1e-09, 'kernel': 'rbf', 'max_iter': 1000}, grid.best_score_=0.5833333333333334, grid.best_index_=0, acc=0.5, time=0.49166226387023926
20-07-2022 22:40:56|INFO|Is groups None: True 
20-07-2022 22:40:56|INFO|9/10|grid.best_params_={'C': 0.01, 'gamma': 1e-09, 'kernel': 'rbf', 'max_iter': 1000}, grid.best_score_=0.5833333333333334, grid.best_index_=0, acc=0.5, time=0.4899418354034424
20-07-2022 22:40:56|INFO|Is groups None: True 
20-07-2022 22:40:57|INFO|10/10|grid.best_params_={'C': 0.01, 'gamma': 1e-09, 'kernel': 'rbf', 'max_iter': 1000}, grid.best_score_=0.5833333333333334, grid.best_index_=0, acc=0.5, time=0.5309486389160156
20-07-2022 22:40:57|INFO|s08|10-CV=0.57500|STD=0.11456|Time spend=19.271920204162598
20-07-2022 22:41:11|INFO|Running Split-First
20-07-2022 22:41:11|INFO|X.shape=(40, 2480), y.shape=(40,), groups.shape=(40,)
20-07-2022 22:41:11|INFO|Is groups None: True 
20-07-2022 22:41:12|INFO|1/10|grid.best_params_={'C': 0.01, 'gamma': 1e-09, 'kernel': 'rbf', 'max_iter': 1000}, grid.best_score_=0.6111111111111112, grid.best_index_=0, acc=0.5, time=0.49985623359680176
20-07-2022 22:41:12|INFO|Is groups None: True 
20-07-2022 22:41:12|INFO|2/10|grid.best_params_={'C': 10000.0, 'gamma': 1e-07, 'kernel': 'rbf', 'max_iter': 1000}, grid.best_score_=0.6388888888888888, grid.best_index_=22, acc=0.25, time=0.4949972629547119
20-07-2022 22:41:12|INFO|Is groups None: True 
20-07-2022 22:41:13|INFO|3/10|grid.best_params_={'C': 100.0, 'gamma': 1e-05, 'kernel': 'rbf', 'max_iter': 1000}, grid.best_score_=0.6388888888888888, grid.best_index_=16, acc=0.25, time=0.5266969203948975
20-07-2022 22:41:13|INFO|Is groups None: True 
20-07-2022 22:41:13|INFO|4/10|grid.best_params_={'C': 10000.0, 'gamma': 1e-07, 'kernel': 'rbf', 'max_iter': 1000}, grid.best_score_=0.6388888888888888, grid.best_index_=22, acc=0.5, time=0.5509598255157471
20-07-2022 22:41:13|INFO|Is groups None: True 
20-07-2022 22:41:14|INFO|5/10|grid.best_params_={'C': 0.01, 'gamma': 1e-09, 'kernel': 'rbf', 'max_iter': 1000}, grid.best_score_=0.6111111111111112, grid.best_index_=0, acc=0.5, time=0.5264215469360352
20-07-2022 22:41:14|INFO|Is groups None: True 
20-07-2022 22:41:14|INFO|6/10|grid.best_params_={'C': 0.01, 'gamma': 1e-09, 'kernel': 'rbf', 'max_iter': 1000}, grid.best_score_=0.6111111111111112, grid.best_index_=0, acc=0.5, time=0.48616552352905273
20-07-2022 22:41:14|INFO|Is groups None: True 
20-07-2022 22:41:15|INFO|7/10|grid.best_params_={'C': 0.01, 'gamma': 1e-09, 'kernel': 'rbf', 'max_iter': 1000}, grid.best_score_=0.5833333333333334, grid.best_index_=0, acc=0.75, time=0.49073219299316406
20-07-2022 22:41:15|INFO|Is groups None: True 
20-07-2022 22:41:15|INFO|8/10|grid.best_params_={'C': 0.01, 'gamma': 1e-09, 'kernel': 'rbf', 'max_iter': 1000}, grid.best_score_=0.5833333333333334, grid.best_index_=0, acc=0.75, time=0.48830318450927734
20-07-2022 22:41:15|INFO|Is groups None: True 
20-07-2022 22:41:16|INFO|9/10|grid.best_params_={'C': 100.0, 'gamma': 1e-05, 'kernel': 'rbf', 'max_iter': 1000}, grid.best_score_=0.6111111111111112, grid.best_index_=16, acc=0.5, time=0.49640822410583496
20-07-2022 22:41:16|INFO|Is groups None: True 
20-07-2022 22:41:16|INFO|10/10|grid.best_params_={'C': 0.01, 'gamma': 1e-09, 'kernel': 'rbf', 'max_iter': 1000}, grid.best_score_=0.5833333333333334, grid.best_index_=0, acc=0.75, time=0.5674149990081787
20-07-2022 22:41:16|INFO|s09|10-CV=0.52500|STD=0.17500|Time spend=19.33894944190979
20-07-2022 22:41:31|INFO|Running Split-First
20-07-2022 22:41:31|INFO|X.shape=(40, 2480), y.shape=(40,), groups.shape=(40,)
20-07-2022 22:41:31|INFO|Is groups None: True 
20-07-2022 22:41:31|INFO|1/10|grid.best_params_={'C': 100.0, 'gamma': 1e-05, 'kernel': 'rbf', 'max_iter': 1000}, grid.best_score_=0.6111111111111112, grid.best_index_=16, acc=0.5, time=0.4731264114379883
20-07-2022 22:41:31|INFO|Is groups None: True 
20-07-2022 22:41:32|INFO|2/10|grid.best_params_={'C': 100.0, 'gamma': 1e-05, 'kernel': 'rbf', 'max_iter': 1000}, grid.best_score_=0.5833333333333334, grid.best_index_=16, acc=0.5, time=0.476839542388916
20-07-2022 22:41:32|INFO|Is groups None: True 
20-07-2022 22:41:32|INFO|3/10|grid.best_params_={'C': 0.01, 'gamma': 1e-09, 'kernel': 'rbf', 'max_iter': 1000}, grid.best_score_=0.5555555555555556, grid.best_index_=0, acc=0.5, time=0.48024916648864746
20-07-2022 22:41:32|INFO|Is groups None: True 
20-07-2022 22:41:33|INFO|4/10|grid.best_params_={'C': 100.0, 'gamma': 1e-05, 'kernel': 'rbf', 'max_iter': 1000}, grid.best_score_=0.6111111111111112, grid.best_index_=16, acc=0.5, time=0.5439870357513428
20-07-2022 22:41:33|INFO|Is groups None: True 
20-07-2022 22:41:34|INFO|5/10|grid.best_params_={'C': 0.01, 'gamma': 1e-09, 'kernel': 'rbf', 'max_iter': 1000}, grid.best_score_=0.5555555555555556, grid.best_index_=0, acc=0.5, time=0.5422320365905762
20-07-2022 22:41:34|INFO|Is groups None: True 
20-07-2022 22:41:34|INFO|6/10|grid.best_params_={'C': 100.0, 'gamma': 1e-05, 'kernel': 'rbf', 'max_iter': 1000}, grid.best_score_=0.6111111111111112, grid.best_index_=16, acc=0.5, time=0.5130882263183594
20-07-2022 22:41:34|INFO|Is groups None: True 
20-07-2022 22:41:35|INFO|7/10|grid.best_params_={'C': 100.0, 'gamma': 1e-05, 'kernel': 'rbf', 'max_iter': 1000}, grid.best_score_=0.6111111111111112, grid.best_index_=16, acc=0.75, time=0.5079402923583984
20-07-2022 22:41:35|INFO|Is groups None: True 
20-07-2022 22:41:35|INFO|8/10|grid.best_params_={'C': 0.01, 'gamma': 1e-09, 'kernel': 'rbf', 'max_iter': 1000}, grid.best_score_=0.5555555555555556, grid.best_index_=0, acc=0.5, time=0.48567724227905273
20-07-2022 22:41:35|INFO|Is groups None: True 
20-07-2022 22:41:36|INFO|9/10|grid.best_params_={'C': 1000000.0, 'gamma': 1e-09, 'kernel': 'rbf', 'max_iter': 1000}, grid.best_score_=0.6111111111111112, grid.best_index_=28, acc=0.5, time=0.5007848739624023
20-07-2022 22:41:36|INFO|Is groups None: True 
20-07-2022 22:41:36|INFO|10/10|grid.best_params_={'C': 100.0, 'gamma': 1e-05, 'kernel': 'rbf', 'max_iter': 1000}, grid.best_score_=0.6666666666666666, grid.best_index_=16, acc=0.75, time=0.47362589836120605
20-07-2022 22:41:36|INFO|s10|10-CV=0.55000|STD=0.10000|Time spend=19.705202341079712
20-07-2022 22:41:50|INFO|Running Split-First
20-07-2022 22:41:50|INFO|X.shape=(40, 2480), y.shape=(40,), groups.shape=(40,)
20-07-2022 22:41:50|INFO|Is groups None: True 
20-07-2022 22:41:50|INFO|1/10|grid.best_params_={'C': 0.01, 'gamma': 1e-09, 'kernel': 'rbf', 'max_iter': 1000}, grid.best_score_=0.6111111111111112, grid.best_index_=0, acc=0.75, time=0.47629427909851074
20-07-2022 22:41:50|INFO|Is groups None: True 
20-07-2022 22:41:51|INFO|2/10|grid.best_params_={'C': 0.01, 'gamma': 1e-09, 'kernel': 'rbf', 'max_iter': 1000}, grid.best_score_=0.6111111111111112, grid.best_index_=0, acc=0.75, time=0.47952961921691895
20-07-2022 22:41:51|INFO|Is groups None: True 
20-07-2022 22:41:51|INFO|3/10|grid.best_params_={'C': 100.0, 'gamma': 1e-05, 'kernel': 'rbf', 'max_iter': 1000}, grid.best_score_=0.6388888888888888, grid.best_index_=16, acc=0.75, time=0.4640786647796631
20-07-2022 22:41:51|INFO|Is groups None: True 
20-07-2022 22:41:52|INFO|4/10|grid.best_params_={'C': 10000.0, 'gamma': 1e-07, 'kernel': 'rbf', 'max_iter': 1000}, grid.best_score_=0.6388888888888888, grid.best_index_=22, acc=0.75, time=0.5003998279571533
20-07-2022 22:41:52|INFO|Is groups None: True 
20-07-2022 22:41:52|INFO|5/10|grid.best_params_={'C': 100.0, 'gamma': 1e-05, 'kernel': 'rbf', 'max_iter': 1000}, grid.best_score_=0.7777777777777778, grid.best_index_=16, acc=0.25, time=0.4644901752471924
20-07-2022 22:41:52|INFO|Is groups None: True 
20-07-2022 22:41:53|INFO|6/10|grid.best_params_={'C': 100.0, 'gamma': 1e-05, 'kernel': 'rbf', 'max_iter': 1000}, grid.best_score_=0.75, grid.best_index_=16, acc=0.25, time=0.4898250102996826
20-07-2022 22:41:53|INFO|Is groups None: True 
20-07-2022 22:41:53|INFO|7/10|grid.best_params_={'C': 10000.0, 'gamma': 1e-07, 'kernel': 'rbf', 'max_iter': 1000}, grid.best_score_=0.6666666666666666, grid.best_index_=22, acc=0.5, time=0.46768856048583984
20-07-2022 22:41:53|INFO|Is groups None: True 
20-07-2022 22:41:54|INFO|8/10|grid.best_params_={'C': 0.01, 'gamma': 1e-09, 'kernel': 'rbf', 'max_iter': 1000}, grid.best_score_=0.6388888888888888, grid.best_index_=0, acc=0.5, time=0.4908623695373535
20-07-2022 22:41:54|INFO|Is groups None: True 
20-07-2022 22:41:54|INFO|9/10|grid.best_params_={'C': 0.01, 'gamma': 1e-09, 'kernel': 'rbf', 'max_iter': 1000}, grid.best_score_=0.6388888888888888, grid.best_index_=0, acc=0.5, time=0.5518338680267334
20-07-2022 22:41:54|INFO|Is groups None: True 
20-07-2022 22:41:55|INFO|10/10|grid.best_params_={'C': 0.01, 'gamma': 1e-09, 'kernel': 'rbf', 'max_iter': 1000}, grid.best_score_=0.6388888888888888, grid.best_index_=0, acc=0.5, time=0.5534145832061768
20-07-2022 22:41:55|INFO|s11|10-CV=0.55000|STD=0.18708|Time spend=18.624173641204834
20-07-2022 22:42:08|INFO|Running Split-First
20-07-2022 22:42:08|INFO|X.shape=(40, 2480), y.shape=(40,), groups.shape=(40,)
20-07-2022 22:42:08|INFO|Is groups None: True 
20-07-2022 22:42:09|INFO|1/10|grid.best_params_={'C': 0.01, 'gamma': 1e-09, 'kernel': 'rbf', 'max_iter': 1000}, grid.best_score_=0.8055555555555556, grid.best_index_=0, acc=1.0, time=0.5407679080963135
20-07-2022 22:42:09|INFO|Is groups None: True 
20-07-2022 22:42:09|INFO|2/10|grid.best_params_={'C': 0.01, 'gamma': 1e-09, 'kernel': 'rbf', 'max_iter': 1000}, grid.best_score_=0.8055555555555556, grid.best_index_=0, acc=1.0, time=0.5697262287139893
20-07-2022 22:42:09|INFO|Is groups None: True 
20-07-2022 22:42:10|INFO|3/10|grid.best_params_={'C': 0.01, 'gamma': 1e-09, 'kernel': 'rbf', 'max_iter': 1000}, grid.best_score_=0.8055555555555556, grid.best_index_=0, acc=1.0, time=0.5561213493347168
20-07-2022 22:42:10|INFO|Is groups None: True 
20-07-2022 22:42:11|INFO|4/10|grid.best_params_={'C': 0.01, 'gamma': 1e-09, 'kernel': 'rbf', 'max_iter': 1000}, grid.best_score_=0.8333333333333334, grid.best_index_=0, acc=0.75, time=0.5864448547363281
20-07-2022 22:42:11|INFO|Is groups None: True 
20-07-2022 22:42:11|INFO|5/10|grid.best_params_={'C': 0.01, 'gamma': 1e-09, 'kernel': 'rbf', 'max_iter': 1000}, grid.best_score_=0.8333333333333334, grid.best_index_=0, acc=0.75, time=0.4760284423828125
20-07-2022 22:42:11|INFO|Is groups None: True 
20-07-2022 22:42:12|INFO|6/10|grid.best_params_={'C': 0.01, 'gamma': 1e-09, 'kernel': 'rbf', 'max_iter': 1000}, grid.best_score_=0.8333333333333334, grid.best_index_=0, acc=0.75, time=0.5213592052459717
20-07-2022 22:42:12|INFO|Is groups None: True 
20-07-2022 22:42:12|INFO|7/10|grid.best_params_={'C': 0.01, 'gamma': 1e-09, 'kernel': 'rbf', 'max_iter': 1000}, grid.best_score_=0.8333333333333334, grid.best_index_=0, acc=0.75, time=0.47948455810546875
20-07-2022 22:42:12|INFO|Is groups None: True 
20-07-2022 22:42:13|INFO|8/10|grid.best_params_={'C': 0.01, 'gamma': 1e-09, 'kernel': 'rbf', 'max_iter': 1000}, grid.best_score_=0.8333333333333334, grid.best_index_=0, acc=0.75, time=0.5314152240753174
20-07-2022 22:42:13|INFO|Is groups None: True 
20-07-2022 22:42:13|INFO|9/10|grid.best_params_={'C': 0.01, 'gamma': 1e-09, 'kernel': 'rbf', 'max_iter': 1000}, grid.best_score_=0.8333333333333334, grid.best_index_=0, acc=0.75, time=0.5472445487976074
20-07-2022 22:42:13|INFO|Is groups None: True 
20-07-2022 22:42:14|INFO|10/10|grid.best_params_={'C': 0.01, 'gamma': 1e-09, 'kernel': 'rbf', 'max_iter': 1000}, grid.best_score_=0.8333333333333334, grid.best_index_=0, acc=0.75, time=0.6012427806854248
20-07-2022 22:42:14|INFO|s12|10-CV=0.82500|STD=0.11456|Time spend=19.12648344039917
20-07-2022 22:42:28|INFO|Running Split-First
20-07-2022 22:42:28|INFO|X.shape=(40, 2480), y.shape=(40,), groups.shape=(40,)
20-07-2022 22:42:28|INFO|Is groups None: True 
20-07-2022 22:42:29|INFO|1/10|grid.best_params_={'C': 100.0, 'gamma': 1e-05, 'kernel': 'rbf', 'max_iter': 1000}, grid.best_score_=0.8611111111111112, grid.best_index_=16, acc=1.0, time=0.5363070964813232
20-07-2022 22:42:29|INFO|Is groups None: True 
20-07-2022 22:42:29|INFO|2/10|grid.best_params_={'C': 100.0, 'gamma': 1e-05, 'kernel': 'rbf', 'max_iter': 1000}, grid.best_score_=0.8611111111111112, grid.best_index_=16, acc=1.0, time=0.4899458885192871
20-07-2022 22:42:29|INFO|Is groups None: True 
20-07-2022 22:42:30|INFO|3/10|grid.best_params_={'C': 100.0, 'gamma': 1e-05, 'kernel': 'rbf', 'max_iter': 1000}, grid.best_score_=0.8611111111111112, grid.best_index_=16, acc=1.0, time=0.5828204154968262
20-07-2022 22:42:30|INFO|Is groups None: True 
20-07-2022 22:42:31|INFO|4/10|grid.best_params_={'C': 100.0, 'gamma': 1e-05, 'kernel': 'rbf', 'max_iter': 1000}, grid.best_score_=0.8611111111111112, grid.best_index_=16, acc=1.0, time=0.5543503761291504
20-07-2022 22:42:31|INFO|Is groups None: True 
20-07-2022 22:42:31|INFO|5/10|grid.best_params_={'C': 0.01, 'gamma': 1e-09, 'kernel': 'rbf', 'max_iter': 1000}, grid.best_score_=0.8611111111111112, grid.best_index_=0, acc=0.75, time=0.5411217212677002
20-07-2022 22:42:31|INFO|Is groups None: True 
20-07-2022 22:42:32|INFO|6/10|grid.best_params_={'C': 100.0, 'gamma': 1e-05, 'kernel': 'rbf', 'max_iter': 1000}, grid.best_score_=0.8888888888888888, grid.best_index_=16, acc=0.75, time=0.5023102760314941
20-07-2022 22:42:32|INFO|Is groups None: True 
20-07-2022 22:42:32|INFO|7/10|grid.best_params_={'C': 0.01, 'gamma': 1e-09, 'kernel': 'rbf', 'max_iter': 1000}, grid.best_score_=0.8611111111111112, grid.best_index_=0, acc=0.75, time=0.497028112411499
20-07-2022 22:42:32|INFO|Is groups None: True 
20-07-2022 22:42:33|INFO|8/10|grid.best_params_={'C': 0.01, 'gamma': 1e-09, 'kernel': 'rbf', 'max_iter': 1000}, grid.best_score_=0.8611111111111112, grid.best_index_=0, acc=0.75, time=0.48453450202941895
20-07-2022 22:42:33|INFO|Is groups None: True 
20-07-2022 22:42:33|INFO|9/10|grid.best_params_={'C': 0.01, 'gamma': 1e-09, 'kernel': 'rbf', 'max_iter': 1000}, grid.best_score_=0.8611111111111112, grid.best_index_=0, acc=0.75, time=0.48881006240844727
20-07-2022 22:42:33|INFO|Is groups None: True 
20-07-2022 22:42:34|INFO|10/10|grid.best_params_={'C': 100.0, 'gamma': 1e-05, 'kernel': 'rbf', 'max_iter': 1000}, grid.best_score_=0.8888888888888888, grid.best_index_=16, acc=0.75, time=0.46177029609680176
20-07-2022 22:42:34|INFO|s13|10-CV=0.85000|STD=0.12247|Time spend=19.809743642807007
20-07-2022 22:42:48|INFO|Running Split-First
20-07-2022 22:42:48|INFO|X.shape=(40, 2480), y.shape=(40,), groups.shape=(40,)
20-07-2022 22:42:48|INFO|Is groups None: True 
20-07-2022 22:42:48|INFO|1/10|grid.best_params_={'C': 0.01, 'gamma': 1e-09, 'kernel': 'rbf', 'max_iter': 1000}, grid.best_score_=0.6666666666666666, grid.best_index_=0, acc=0.75, time=0.48038744926452637
20-07-2022 22:42:48|INFO|Is groups None: True 
20-07-2022 22:42:49|INFO|2/10|grid.best_params_={'C': 0.01, 'gamma': 1e-09, 'kernel': 'rbf', 'max_iter': 1000}, grid.best_score_=0.6666666666666666, grid.best_index_=0, acc=0.75, time=0.4706404209136963
20-07-2022 22:42:49|INFO|Is groups None: True 
20-07-2022 22:42:49|INFO|3/10|grid.best_params_={'C': 0.01, 'gamma': 1e-09, 'kernel': 'rbf', 'max_iter': 1000}, grid.best_score_=0.6666666666666666, grid.best_index_=0, acc=0.75, time=0.49042701721191406
20-07-2022 22:42:49|INFO|Is groups None: True 
20-07-2022 22:42:50|INFO|4/10|grid.best_params_={'C': 0.01, 'gamma': 1e-09, 'kernel': 'rbf', 'max_iter': 1000}, grid.best_score_=0.6666666666666666, grid.best_index_=0, acc=0.75, time=0.5267922878265381
20-07-2022 22:42:50|INFO|Is groups None: True 
20-07-2022 22:42:50|INFO|5/10|grid.best_params_={'C': 0.01, 'gamma': 1e-09, 'kernel': 'rbf', 'max_iter': 1000}, grid.best_score_=0.6666666666666666, grid.best_index_=0, acc=0.75, time=0.4816610813140869
20-07-2022 22:42:50|INFO|Is groups None: True 
20-07-2022 22:42:51|INFO|6/10|grid.best_params_={'C': 0.01, 'gamma': 1e-09, 'kernel': 'rbf', 'max_iter': 1000}, grid.best_score_=0.6666666666666666, grid.best_index_=0, acc=0.75, time=0.5265984535217285
20-07-2022 22:42:51|INFO|Is groups None: True 
20-07-2022 22:42:51|INFO|7/10|grid.best_params_={'C': 0.01, 'gamma': 1e-09, 'kernel': 'rbf', 'max_iter': 1000}, grid.best_score_=0.6666666666666666, grid.best_index_=0, acc=0.75, time=0.5466287136077881
20-07-2022 22:42:51|INFO|Is groups None: True 
20-07-2022 22:42:52|INFO|8/10|grid.best_params_={'C': 0.01, 'gamma': 1e-09, 'kernel': 'rbf', 'max_iter': 1000}, grid.best_score_=0.6944444444444444, grid.best_index_=0, acc=0.5, time=0.5234780311584473
20-07-2022 22:42:52|INFO|Is groups None: True 
20-07-2022 22:42:52|INFO|9/10|grid.best_params_={'C': 0.01, 'gamma': 1e-09, 'kernel': 'rbf', 'max_iter': 1000}, grid.best_score_=0.6944444444444444, grid.best_index_=0, acc=0.5, time=0.4806859493255615
20-07-2022 22:42:52|INFO|Is groups None: True 
20-07-2022 22:42:53|INFO|10/10|grid.best_params_={'C': 0.01, 'gamma': 1e-09, 'kernel': 'rbf', 'max_iter': 1000}, grid.best_score_=0.6944444444444444, grid.best_index_=0, acc=0.5, time=0.48670530319213867
20-07-2022 22:42:53|INFO|s14|10-CV=0.67500|STD=0.11456|Time spend=19.333266735076904
20-07-2022 22:43:07|INFO|Running Split-First
20-07-2022 22:43:07|INFO|X.shape=(40, 2480), y.shape=(40,), groups.shape=(40,)
20-07-2022 22:43:07|INFO|Is groups None: True 
20-07-2022 22:43:07|INFO|1/10|grid.best_params_={'C': 100.0, 'gamma': 1e-05, 'kernel': 'rbf', 'max_iter': 1000}, grid.best_score_=0.6388888888888888, grid.best_index_=16, acc=0.0, time=0.5064229965209961
20-07-2022 22:43:07|INFO|Is groups None: True 
20-07-2022 22:43:08|INFO|2/10|grid.best_params_={'C': 0.01, 'gamma': 1e-09, 'kernel': 'rbf', 'max_iter': 1000}, grid.best_score_=0.5555555555555556, grid.best_index_=0, acc=0.5, time=0.4780426025390625
20-07-2022 22:43:08|INFO|Is groups None: True 
20-07-2022 22:43:08|INFO|3/10|grid.best_params_={'C': 0.01, 'gamma': 1e-09, 'kernel': 'rbf', 'max_iter': 1000}, grid.best_score_=0.5277777777777778, grid.best_index_=0, acc=0.5, time=0.5014307498931885
20-07-2022 22:43:08|INFO|Is groups None: True 
20-07-2022 22:43:09|INFO|4/10|grid.best_params_={'C': 100.0, 'gamma': 0.001, 'kernel': 'rbf', 'max_iter': 1000}, grid.best_score_=0.5555555555555556, grid.best_index_=17, acc=0.5, time=0.48963475227355957
20-07-2022 22:43:09|INFO|Is groups None: True 
20-07-2022 22:43:09|INFO|5/10|grid.best_params_={'C': 0.01, 'gamma': 1e-09, 'kernel': 'rbf', 'max_iter': 1000}, grid.best_score_=0.5277777777777778, grid.best_index_=0, acc=0.5, time=0.5354897975921631
20-07-2022 22:43:09|INFO|Is groups None: True 
20-07-2022 22:43:10|INFO|6/10|grid.best_params_={'C': 0.01, 'gamma': 1e-07, 'kernel': 'rbf', 'max_iter': 1000}, grid.best_score_=0.5277777777777778, grid.best_index_=1, acc=0.5, time=0.5488789081573486
20-07-2022 22:43:10|INFO|Is groups None: True 
20-07-2022 22:43:10|INFO|7/10|grid.best_params_={'C': 0.01, 'gamma': 0.1, 'kernel': 'rbf', 'max_iter': 1000}, grid.best_score_=0.5277777777777778, grid.best_index_=4, acc=0.5, time=0.502495527267456
20-07-2022 22:43:10|INFO|Is groups None: True 
20-07-2022 22:43:11|INFO|8/10|grid.best_params_={'C': 0.01, 'gamma': 0.001, 'kernel': 'rbf', 'max_iter': 1000}, grid.best_score_=0.5555555555555556, grid.best_index_=3, acc=0.5, time=0.4811253547668457
20-07-2022 22:43:11|INFO|Is groups None: True 
20-07-2022 22:43:12|INFO|9/10|grid.best_params_={'C': 0.01, 'gamma': 0.001, 'kernel': 'rbf', 'max_iter': 1000}, grid.best_score_=0.5555555555555556, grid.best_index_=3, acc=0.5, time=0.5438876152038574
20-07-2022 22:43:12|INFO|Is groups None: True 
20-07-2022 22:43:12|INFO|10/10|grid.best_params_={'C': 100.0, 'gamma': 1e-05, 'kernel': 'rbf', 'max_iter': 1000}, grid.best_score_=0.6388888888888888, grid.best_index_=16, acc=0.0, time=0.5913314819335938
20-07-2022 22:43:12|INFO|s15|10-CV=0.40000|STD=0.20000|Time spend=19.155344247817993
20-07-2022 22:43:27|INFO|Running Split-First
20-07-2022 22:43:27|INFO|X.shape=(40, 2480), y.shape=(40,), groups.shape=(40,)
20-07-2022 22:43:27|INFO|Is groups None: True 
20-07-2022 22:43:28|INFO|1/10|grid.best_params_={'C': 10000.0, 'gamma': 1e-07, 'kernel': 'rbf', 'max_iter': 1000}, grid.best_score_=0.75, grid.best_index_=22, acc=0.25, time=0.5224399566650391
20-07-2022 22:43:28|INFO|Is groups None: True 
20-07-2022 22:43:28|INFO|2/10|grid.best_params_={'C': 0.01, 'gamma': 1e-09, 'kernel': 'rbf', 'max_iter': 1000}, grid.best_score_=0.6666666666666666, grid.best_index_=0, acc=0.75, time=0.5017983913421631
20-07-2022 22:43:28|INFO|Is groups None: True 
20-07-2022 22:43:29|INFO|3/10|grid.best_params_={'C': 100.0, 'gamma': 1e-05, 'kernel': 'rbf', 'max_iter': 1000}, grid.best_score_=0.7222222222222222, grid.best_index_=16, acc=0.75, time=0.47708630561828613
20-07-2022 22:43:29|INFO|Is groups None: True 
20-07-2022 22:43:29|INFO|4/10|grid.best_params_={'C': 0.01, 'gamma': 1e-09, 'kernel': 'rbf', 'max_iter': 1000}, grid.best_score_=0.6666666666666666, grid.best_index_=0, acc=1.0, time=0.5114812850952148
20-07-2022 22:43:29|INFO|Is groups None: True 
20-07-2022 22:43:30|INFO|5/10|grid.best_params_={'C': 0.01, 'gamma': 1e-09, 'kernel': 'rbf', 'max_iter': 1000}, grid.best_score_=0.6666666666666666, grid.best_index_=0, acc=0.75, time=0.4783198833465576
20-07-2022 22:43:30|INFO|Is groups None: True 
20-07-2022 22:43:30|INFO|6/10|grid.best_params_={'C': 0.01, 'gamma': 1e-09, 'kernel': 'rbf', 'max_iter': 1000}, grid.best_score_=0.6944444444444444, grid.best_index_=0, acc=0.5, time=0.5145251750946045
20-07-2022 22:43:30|INFO|Is groups None: True 
20-07-2022 22:43:31|INFO|7/10|grid.best_params_={'C': 0.01, 'gamma': 1e-09, 'kernel': 'rbf', 'max_iter': 1000}, grid.best_score_=0.6666666666666666, grid.best_index_=0, acc=0.75, time=0.47090673446655273
20-07-2022 22:43:31|INFO|Is groups None: True 
20-07-2022 22:43:31|INFO|8/10|grid.best_params_={'C': 0.01, 'gamma': 1e-09, 'kernel': 'rbf', 'max_iter': 1000}, grid.best_score_=0.7222222222222222, grid.best_index_=0, acc=0.25, time=0.512465238571167
20-07-2022 22:43:31|INFO|Is groups None: True 
20-07-2022 22:43:32|INFO|9/10|grid.best_params_={'C': 0.01, 'gamma': 1e-09, 'kernel': 'rbf', 'max_iter': 1000}, grid.best_score_=0.75, grid.best_index_=0, acc=0.5, time=0.4866516590118408
20-07-2022 22:43:32|INFO|Is groups None: True 
20-07-2022 22:43:32|INFO|10/10|grid.best_params_={'C': 0.01, 'gamma': 0.1, 'kernel': 'rbf', 'max_iter': 1000}, grid.best_score_=0.6111111111111112, grid.best_index_=4, acc=0.5, time=0.5558557510375977
20-07-2022 22:43:32|INFO|s16|10-CV=0.60000|STD=0.22913|Time spend=20.024611949920654
20-07-2022 22:43:46|INFO|Running Split-First
20-07-2022 22:43:46|INFO|X.shape=(40, 2480), y.shape=(40,), groups.shape=(40,)
20-07-2022 22:43:46|INFO|Is groups None: True 
20-07-2022 22:43:47|INFO|1/10|grid.best_params_={'C': 100.0, 'gamma': 1e-05, 'kernel': 'rbf', 'max_iter': 1000}, grid.best_score_=0.6666666666666666, grid.best_index_=16, acc=0.5, time=0.46685147285461426
20-07-2022 22:43:47|INFO|Is groups None: True 
20-07-2022 22:43:47|INFO|2/10|grid.best_params_={'C': 10000.0, 'gamma': 1e-07, 'kernel': 'rbf', 'max_iter': 1000}, grid.best_score_=0.6944444444444444, grid.best_index_=22, acc=0.75, time=0.48735690116882324
20-07-2022 22:43:47|INFO|Is groups None: True 
20-07-2022 22:43:48|INFO|3/10|grid.best_params_={'C': 100.0, 'gamma': 1e-05, 'kernel': 'rbf', 'max_iter': 1000}, grid.best_score_=0.6944444444444444, grid.best_index_=16, acc=0.5, time=0.5328319072723389
20-07-2022 22:43:48|INFO|Is groups None: True 
20-07-2022 22:43:48|INFO|4/10|grid.best_params_={'C': 100.0, 'gamma': 1e-05, 'kernel': 'rbf', 'max_iter': 1000}, grid.best_score_=0.6388888888888888, grid.best_index_=16, acc=0.5, time=0.5388522148132324
20-07-2022 22:43:48|INFO|Is groups None: True 
20-07-2022 22:43:49|INFO|5/10|grid.best_params_={'C': 100.0, 'gamma': 1e-05, 'kernel': 'rbf', 'max_iter': 1000}, grid.best_score_=0.6388888888888888, grid.best_index_=16, acc=1.0, time=0.5689997673034668
20-07-2022 22:43:49|INFO|Is groups None: True 
20-07-2022 22:43:49|INFO|6/10|grid.best_params_={'C': 100.0, 'gamma': 1e-05, 'kernel': 'rbf', 'max_iter': 1000}, grid.best_score_=0.6944444444444444, grid.best_index_=16, acc=0.75, time=0.4814434051513672
20-07-2022 22:43:49|INFO|Is groups None: True 
20-07-2022 22:43:50|INFO|7/10|grid.best_params_={'C': 10000.0, 'gamma': 1e-07, 'kernel': 'rbf', 'max_iter': 1000}, grid.best_score_=0.7222222222222222, grid.best_index_=22, acc=0.75, time=0.49124979972839355
20-07-2022 22:43:50|INFO|Is groups None: True 
20-07-2022 22:43:50|INFO|8/10|grid.best_params_={'C': 100.0, 'gamma': 1e-05, 'kernel': 'rbf', 'max_iter': 1000}, grid.best_score_=0.6388888888888888, grid.best_index_=16, acc=0.75, time=0.4879474639892578
20-07-2022 22:43:50|INFO|Is groups None: True 
20-07-2022 22:43:51|INFO|9/10|grid.best_params_={'C': 10000.0, 'gamma': 1e-07, 'kernel': 'rbf', 'max_iter': 1000}, grid.best_score_=0.7222222222222222, grid.best_index_=22, acc=0.5, time=0.47818684577941895
20-07-2022 22:43:51|INFO|Is groups None: True 
20-07-2022 22:43:51|INFO|10/10|grid.best_params_={'C': 100.0, 'gamma': 1e-05, 'kernel': 'rbf', 'max_iter': 1000}, grid.best_score_=0.6388888888888888, grid.best_index_=16, acc=0.75, time=0.49298930168151855
20-07-2022 22:43:51|INFO|s17|10-CV=0.67500|STD=0.16008|Time spend=19.109328269958496
20-07-2022 22:44:05|INFO|Running Split-First
20-07-2022 22:44:05|INFO|X.shape=(40, 2480), y.shape=(40,), groups.shape=(40,)
20-07-2022 22:44:05|INFO|Is groups None: True 
20-07-2022 22:44:05|INFO|1/10|grid.best_params_={'C': 100.0, 'gamma': 1e-05, 'kernel': 'rbf', 'max_iter': 1000}, grid.best_score_=0.6666666666666666, grid.best_index_=16, acc=0.75, time=0.4844942092895508
20-07-2022 22:44:05|INFO|Is groups None: True 
20-07-2022 22:44:06|INFO|2/10|grid.best_params_={'C': 100.0, 'gamma': 1e-05, 'kernel': 'rbf', 'max_iter': 1000}, grid.best_score_=0.6388888888888888, grid.best_index_=16, acc=0.75, time=0.5051755905151367
20-07-2022 22:44:06|INFO|Is groups None: True 
20-07-2022 22:44:06|INFO|3/10|grid.best_params_={'C': 0.01, 'gamma': 1e-09, 'kernel': 'rbf', 'max_iter': 1000}, grid.best_score_=0.6111111111111112, grid.best_index_=0, acc=0.75, time=0.4867238998413086
20-07-2022 22:44:06|INFO|Is groups None: True 
20-07-2022 22:44:07|INFO|4/10|grid.best_params_={'C': 0.01, 'gamma': 1e-09, 'kernel': 'rbf', 'max_iter': 1000}, grid.best_score_=0.6111111111111112, grid.best_index_=0, acc=0.75, time=0.4855949878692627
20-07-2022 22:44:07|INFO|Is groups None: True 
20-07-2022 22:44:07|INFO|5/10|grid.best_params_={'C': 0.01, 'gamma': 1e-09, 'kernel': 'rbf', 'max_iter': 1000}, grid.best_score_=0.6111111111111112, grid.best_index_=0, acc=0.75, time=0.4958837032318115
20-07-2022 22:44:07|INFO|Is groups None: True 
20-07-2022 22:44:08|INFO|6/10|grid.best_params_={'C': 0.01, 'gamma': 1e-09, 'kernel': 'rbf', 'max_iter': 1000}, grid.best_score_=0.6388888888888888, grid.best_index_=0, acc=0.5, time=0.5396485328674316
20-07-2022 22:44:08|INFO|Is groups None: True 
20-07-2022 22:44:09|INFO|7/10|grid.best_params_={'C': 0.01, 'gamma': 1e-09, 'kernel': 'rbf', 'max_iter': 1000}, grid.best_score_=0.6388888888888888, grid.best_index_=0, acc=0.5, time=0.6362974643707275
20-07-2022 22:44:09|INFO|Is groups None: True 
20-07-2022 22:44:09|INFO|8/10|grid.best_params_={'C': 0.01, 'gamma': 1e-09, 'kernel': 'rbf', 'max_iter': 1000}, grid.best_score_=0.6388888888888888, grid.best_index_=0, acc=0.5, time=0.6059832572937012
20-07-2022 22:44:09|INFO|Is groups None: True 
20-07-2022 22:44:10|INFO|9/10|grid.best_params_={'C': 0.01, 'gamma': 1e-09, 'kernel': 'rbf', 'max_iter': 1000}, grid.best_score_=0.6388888888888888, grid.best_index_=0, acc=0.5, time=0.6256871223449707
20-07-2022 22:44:10|INFO|Is groups None: True 
20-07-2022 22:44:10|INFO|10/10|grid.best_params_={'C': 0.01, 'gamma': 1e-09, 'kernel': 'rbf', 'max_iter': 1000}, grid.best_score_=0.6388888888888888, grid.best_index_=0, acc=0.5, time=0.5901153087615967
20-07-2022 22:44:10|INFO|s18|10-CV=0.62500|STD=0.12500|Time spend=19.203269243240356
20-07-2022 22:44:24|INFO|Running Split-First
20-07-2022 22:44:24|INFO|X.shape=(40, 2480), y.shape=(40,), groups.shape=(40,)
20-07-2022 22:44:24|INFO|Is groups None: True 
20-07-2022 22:44:25|INFO|1/10|grid.best_params_={'C': 0.01, 'gamma': 1e-09, 'kernel': 'rbf', 'max_iter': 1000}, grid.best_score_=0.6666666666666666, grid.best_index_=0, acc=0.75, time=0.583132266998291
20-07-2022 22:44:25|INFO|Is groups None: True 
20-07-2022 22:44:25|INFO|2/10|grid.best_params_={'C': 0.01, 'gamma': 1e-09, 'kernel': 'rbf', 'max_iter': 1000}, grid.best_score_=0.6666666666666666, grid.best_index_=0, acc=0.75, time=0.4890317916870117
20-07-2022 22:44:25|INFO|Is groups None: True 
20-07-2022 22:44:26|INFO|3/10|grid.best_params_={'C': 0.01, 'gamma': 1e-09, 'kernel': 'rbf', 'max_iter': 1000}, grid.best_score_=0.6666666666666666, grid.best_index_=0, acc=0.75, time=0.47645044326782227
20-07-2022 22:44:26|INFO|Is groups None: True 
20-07-2022 22:44:26|INFO|4/10|grid.best_params_={'C': 0.01, 'gamma': 1e-09, 'kernel': 'rbf', 'max_iter': 1000}, grid.best_score_=0.6666666666666666, grid.best_index_=0, acc=0.75, time=0.5228710174560547
20-07-2022 22:44:26|INFO|Is groups None: True 
20-07-2022 22:44:27|INFO|5/10|grid.best_params_={'C': 0.01, 'gamma': 1e-09, 'kernel': 'rbf', 'max_iter': 1000}, grid.best_score_=0.6666666666666666, grid.best_index_=0, acc=0.75, time=0.4851109981536865
20-07-2022 22:44:27|INFO|Is groups None: True 
20-07-2022 22:44:27|INFO|6/10|grid.best_params_={'C': 0.01, 'gamma': 1e-09, 'kernel': 'rbf', 'max_iter': 1000}, grid.best_score_=0.6666666666666666, grid.best_index_=0, acc=0.75, time=0.47371959686279297
20-07-2022 22:44:27|INFO|Is groups None: True 
20-07-2022 22:44:28|INFO|7/10|grid.best_params_={'C': 10000.0, 'gamma': 1e-07, 'kernel': 'rbf', 'max_iter': 1000}, grid.best_score_=0.6944444444444444, grid.best_index_=22, acc=0.75, time=0.4753565788269043
20-07-2022 22:44:28|INFO|Is groups None: True 
20-07-2022 22:44:28|INFO|8/10|grid.best_params_={'C': 0.01, 'gamma': 1e-09, 'kernel': 'rbf', 'max_iter': 1000}, grid.best_score_=0.6944444444444444, grid.best_index_=0, acc=0.5, time=0.4795801639556885
20-07-2022 22:44:28|INFO|Is groups None: True 
20-07-2022 22:44:29|INFO|9/10|grid.best_params_={'C': 1000000.0, 'gamma': 1e-09, 'kernel': 'rbf', 'max_iter': 1000}, grid.best_score_=0.7222222222222222, grid.best_index_=28, acc=0.5, time=0.5307302474975586
20-07-2022 22:44:29|INFO|Is groups None: True 
20-07-2022 22:44:29|INFO|10/10|grid.best_params_={'C': 0.01, 'gamma': 1e-09, 'kernel': 'rbf', 'max_iter': 1000}, grid.best_score_=0.6944444444444444, grid.best_index_=0, acc=0.5, time=0.6160578727722168
20-07-2022 22:44:29|INFO|s19|10-CV=0.67500|STD=0.11456|Time spend=18.903373956680298
20-07-2022 22:44:44|INFO|Running Split-First
20-07-2022 22:44:44|INFO|X.shape=(40, 2480), y.shape=(40,), groups.shape=(40,)
20-07-2022 22:44:44|INFO|Is groups None: True 
20-07-2022 22:44:45|INFO|1/10|grid.best_params_={'C': 0.01, 'gamma': 1e-09, 'kernel': 'rbf', 'max_iter': 1000}, grid.best_score_=0.7777777777777778, grid.best_index_=0, acc=0.75, time=0.5622479915618896
20-07-2022 22:44:45|INFO|Is groups None: True 
20-07-2022 22:44:45|INFO|2/10|grid.best_params_={'C': 0.01, 'gamma': 1e-09, 'kernel': 'rbf', 'max_iter': 1000}, grid.best_score_=0.7777777777777778, grid.best_index_=0, acc=0.75, time=0.5009686946868896
20-07-2022 22:44:45|INFO|Is groups None: True 
20-07-2022 22:44:46|INFO|3/10|grid.best_params_={'C': 0.01, 'gamma': 1e-09, 'kernel': 'rbf', 'max_iter': 1000}, grid.best_score_=0.7777777777777778, grid.best_index_=0, acc=0.75, time=0.4888777732849121
20-07-2022 22:44:46|INFO|Is groups None: True 
20-07-2022 22:44:46|INFO|4/10|grid.best_params_={'C': 0.01, 'gamma': 1e-09, 'kernel': 'rbf', 'max_iter': 1000}, grid.best_score_=0.7777777777777778, grid.best_index_=0, acc=0.75, time=0.47646141052246094
20-07-2022 22:44:46|INFO|Is groups None: True 
20-07-2022 22:44:47|INFO|5/10|grid.best_params_={'C': 0.01, 'gamma': 1e-09, 'kernel': 'rbf', 'max_iter': 1000}, grid.best_score_=0.7777777777777778, grid.best_index_=0, acc=0.75, time=0.48126697540283203
20-07-2022 22:44:47|INFO|Is groups None: True 
20-07-2022 22:44:47|INFO|6/10|grid.best_params_={'C': 0.01, 'gamma': 1e-09, 'kernel': 'rbf', 'max_iter': 1000}, grid.best_score_=0.7777777777777778, grid.best_index_=0, acc=0.75, time=0.4725310802459717
20-07-2022 22:44:47|INFO|Is groups None: True 
20-07-2022 22:44:48|INFO|7/10|grid.best_params_={'C': 0.01, 'gamma': 1e-09, 'kernel': 'rbf', 'max_iter': 1000}, grid.best_score_=0.7777777777777778, grid.best_index_=0, acc=0.75, time=0.4782567024230957
20-07-2022 22:44:48|INFO|Is groups None: True 
20-07-2022 22:44:48|INFO|8/10|grid.best_params_={'C': 0.01, 'gamma': 1e-09, 'kernel': 'rbf', 'max_iter': 1000}, grid.best_score_=0.7777777777777778, grid.best_index_=0, acc=0.75, time=0.46871471405029297
20-07-2022 22:44:48|INFO|Is groups None: True 
20-07-2022 22:44:49|INFO|9/10|grid.best_params_={'C': 0.01, 'gamma': 1e-09, 'kernel': 'rbf', 'max_iter': 1000}, grid.best_score_=0.7777777777777778, grid.best_index_=0, acc=0.75, time=0.5000226497650146
20-07-2022 22:44:49|INFO|Is groups None: True 
20-07-2022 22:44:49|INFO|10/10|grid.best_params_={'C': 0.01, 'gamma': 1e-09, 'kernel': 'rbf', 'max_iter': 1000}, grid.best_score_=0.75, grid.best_index_=0, acc=1.0, time=0.4975724220275879
20-07-2022 22:44:49|INFO|s20|10-CV=0.77500|STD=0.07500|Time spend=19.90768337249756
20-07-2022 22:45:03|INFO|Running Split-First
20-07-2022 22:45:03|INFO|X.shape=(40, 2480), y.shape=(40,), groups.shape=(40,)
20-07-2022 22:45:03|INFO|Is groups None: True 
20-07-2022 22:45:04|INFO|1/10|grid.best_params_={'C': 0.01, 'gamma': 1e-09, 'kernel': 'rbf', 'max_iter': 1000}, grid.best_score_=0.8055555555555556, grid.best_index_=0, acc=0.75, time=0.5165390968322754
20-07-2022 22:45:04|INFO|Is groups None: True 
20-07-2022 22:45:04|INFO|2/10|grid.best_params_={'C': 0.01, 'gamma': 1e-09, 'kernel': 'rbf', 'max_iter': 1000}, grid.best_score_=0.8055555555555556, grid.best_index_=0, acc=0.75, time=0.5475778579711914
20-07-2022 22:45:04|INFO|Is groups None: True 
20-07-2022 22:45:05|INFO|3/10|grid.best_params_={'C': 0.01, 'gamma': 1e-09, 'kernel': 'rbf', 'max_iter': 1000}, grid.best_score_=0.8055555555555556, grid.best_index_=0, acc=0.75, time=0.6081180572509766
20-07-2022 22:45:05|INFO|Is groups None: True 
20-07-2022 22:45:06|INFO|4/10|grid.best_params_={'C': 0.01, 'gamma': 1e-09, 'kernel': 'rbf', 'max_iter': 1000}, grid.best_score_=0.8055555555555556, grid.best_index_=0, acc=0.75, time=0.6261100769042969
20-07-2022 22:45:06|INFO|Is groups None: True 
20-07-2022 22:45:06|INFO|5/10|grid.best_params_={'C': 0.01, 'gamma': 1e-09, 'kernel': 'rbf', 'max_iter': 1000}, grid.best_score_=0.8055555555555556, grid.best_index_=0, acc=0.75, time=0.5963494777679443
20-07-2022 22:45:06|INFO|Is groups None: True 
20-07-2022 22:45:07|INFO|6/10|grid.best_params_={'C': 0.01, 'gamma': 1e-09, 'kernel': 'rbf', 'max_iter': 1000}, grid.best_score_=0.8055555555555556, grid.best_index_=0, acc=0.75, time=0.566352128982544
20-07-2022 22:45:07|INFO|Is groups None: True 
20-07-2022 22:45:07|INFO|7/10|grid.best_params_={'C': 0.01, 'gamma': 1e-09, 'kernel': 'rbf', 'max_iter': 1000}, grid.best_score_=0.8055555555555556, grid.best_index_=0, acc=0.75, time=0.5413453578948975
20-07-2022 22:45:07|INFO|Is groups None: True 
20-07-2022 22:45:08|INFO|8/10|grid.best_params_={'C': 0.01, 'gamma': 1e-09, 'kernel': 'rbf', 'max_iter': 1000}, grid.best_score_=0.8055555555555556, grid.best_index_=0, acc=0.75, time=0.5655519962310791
20-07-2022 22:45:08|INFO|Is groups None: True 
20-07-2022 22:45:08|INFO|9/10|grid.best_params_={'C': 0.01, 'gamma': 1e-09, 'kernel': 'rbf', 'max_iter': 1000}, grid.best_score_=0.7777777777777778, grid.best_index_=0, acc=1.0, time=0.5451219081878662
20-07-2022 22:45:08|INFO|Is groups None: True 
20-07-2022 22:45:09|INFO|10/10|grid.best_params_={'C': 0.01, 'gamma': 1e-09, 'kernel': 'rbf', 'max_iter': 1000}, grid.best_score_=0.7777777777777778, grid.best_index_=0, acc=1.0, time=0.5648994445800781
20-07-2022 22:45:09|INFO|s21|10-CV=0.80000|STD=0.10000|Time spend=19.689621686935425
20-07-2022 22:45:23|INFO|Running Split-First
20-07-2022 22:45:23|INFO|X.shape=(40, 2480), y.shape=(40,), groups.shape=(40,)
20-07-2022 22:45:23|INFO|Is groups None: True 
20-07-2022 22:45:24|INFO|1/10|grid.best_params_={'C': 0.01, 'gamma': 1e-09, 'kernel': 'rbf', 'max_iter': 1000}, grid.best_score_=0.6111111111111112, grid.best_index_=0, acc=0.5, time=0.47960352897644043
20-07-2022 22:45:24|INFO|Is groups None: True 
20-07-2022 22:45:24|INFO|2/10|grid.best_params_={'C': 0.01, 'gamma': 1e-09, 'kernel': 'rbf', 'max_iter': 1000}, grid.best_score_=0.6111111111111112, grid.best_index_=0, acc=0.5, time=0.4757657051086426
20-07-2022 22:45:24|INFO|Is groups None: True 
20-07-2022 22:45:25|INFO|3/10|grid.best_params_={'C': 100.0, 'gamma': 1e-05, 'kernel': 'rbf', 'max_iter': 1000}, grid.best_score_=0.6944444444444444, grid.best_index_=16, acc=0.5, time=0.5156631469726562
20-07-2022 22:45:25|INFO|Is groups None: True 
20-07-2022 22:45:25|INFO|4/10|grid.best_params_={'C': 0.01, 'gamma': 1e-09, 'kernel': 'rbf', 'max_iter': 1000}, grid.best_score_=0.6111111111111112, grid.best_index_=0, acc=0.5, time=0.4940471649169922
20-07-2022 22:45:25|INFO|Is groups None: True 
20-07-2022 22:45:26|INFO|5/10|grid.best_params_={'C': 100.0, 'gamma': 1e-05, 'kernel': 'rbf', 'max_iter': 1000}, grid.best_score_=0.6944444444444444, grid.best_index_=16, acc=0.5, time=0.5538196563720703
20-07-2022 22:45:26|INFO|Is groups None: True 
20-07-2022 22:45:26|INFO|6/10|grid.best_params_={'C': 0.01, 'gamma': 1e-09, 'kernel': 'rbf', 'max_iter': 1000}, grid.best_score_=0.6111111111111112, grid.best_index_=0, acc=0.5, time=0.5173759460449219
20-07-2022 22:45:26|INFO|Is groups None: True 
20-07-2022 22:45:27|INFO|7/10|grid.best_params_={'C': 0.01, 'gamma': 1e-09, 'kernel': 'rbf', 'max_iter': 1000}, grid.best_score_=0.5833333333333334, grid.best_index_=0, acc=0.75, time=0.52189040184021
20-07-2022 22:45:27|INFO|Is groups None: True 
20-07-2022 22:45:27|INFO|8/10|grid.best_params_={'C': 100.0, 'gamma': 1e-05, 'kernel': 'rbf', 'max_iter': 1000}, grid.best_score_=0.6666666666666666, grid.best_index_=16, acc=0.5, time=0.49439573287963867
20-07-2022 22:45:27|INFO|Is groups None: True 
20-07-2022 22:45:28|INFO|9/10|grid.best_params_={'C': 0.01, 'gamma': 1e-09, 'kernel': 'rbf', 'max_iter': 1000}, grid.best_score_=0.5833333333333334, grid.best_index_=0, acc=0.75, time=0.5536923408508301
20-07-2022 22:45:28|INFO|Is groups None: True 
20-07-2022 22:45:29|INFO|10/10|grid.best_params_={'C': 100.0, 'gamma': 1e-05, 'kernel': 'rbf', 'max_iter': 1000}, grid.best_score_=0.6111111111111112, grid.best_index_=16, acc=0.5, time=0.5738043785095215
20-07-2022 22:45:29|INFO|s22|10-CV=0.55000|STD=0.10000|Time spend=19.67449378967285
20-07-2022 22:45:43|INFO|Running Split-First
20-07-2022 22:45:43|INFO|X.shape=(40, 2480), y.shape=(40,), groups.shape=(40,)
20-07-2022 22:45:43|INFO|Is groups None: True 
20-07-2022 22:45:44|INFO|1/10|grid.best_params_={'C': 0.01, 'gamma': 1e-09, 'kernel': 'rbf', 'max_iter': 1000}, grid.best_score_=0.75, grid.best_index_=0, acc=0.75, time=0.4581611156463623
20-07-2022 22:45:44|INFO|Is groups None: True 
20-07-2022 22:45:44|INFO|2/10|grid.best_params_={'C': 0.01, 'gamma': 1e-09, 'kernel': 'rbf', 'max_iter': 1000}, grid.best_score_=0.75, grid.best_index_=0, acc=0.75, time=0.5199823379516602
20-07-2022 22:45:44|INFO|Is groups None: True 
20-07-2022 22:45:45|INFO|3/10|grid.best_params_={'C': 0.01, 'gamma': 1e-09, 'kernel': 'rbf', 'max_iter': 1000}, grid.best_score_=0.75, grid.best_index_=0, acc=0.75, time=0.4936075210571289
20-07-2022 22:45:45|INFO|Is groups None: True 
20-07-2022 22:45:45|INFO|4/10|grid.best_params_={'C': 0.01, 'gamma': 1e-09, 'kernel': 'rbf', 'max_iter': 1000}, grid.best_score_=0.75, grid.best_index_=0, acc=0.75, time=0.4857144355773926
20-07-2022 22:45:45|INFO|Is groups None: True 
20-07-2022 22:45:46|INFO|5/10|grid.best_params_={'C': 0.01, 'gamma': 1e-09, 'kernel': 'rbf', 'max_iter': 1000}, grid.best_score_=0.75, grid.best_index_=0, acc=0.75, time=0.47005605697631836
20-07-2022 22:45:46|INFO|Is groups None: True 
20-07-2022 22:45:46|INFO|6/10|grid.best_params_={'C': 100.0, 'gamma': 1e-05, 'kernel': 'rbf', 'max_iter': 1000}, grid.best_score_=0.7777777777777778, grid.best_index_=16, acc=0.75, time=0.5204629898071289
20-07-2022 22:45:46|INFO|Is groups None: True 
20-07-2022 22:45:47|INFO|7/10|grid.best_params_={'C': 0.01, 'gamma': 1e-09, 'kernel': 'rbf', 'max_iter': 1000}, grid.best_score_=0.75, grid.best_index_=0, acc=0.75, time=0.5167016983032227
20-07-2022 22:45:47|INFO|Is groups None: True 
20-07-2022 22:45:47|INFO|8/10|grid.best_params_={'C': 0.01, 'gamma': 1e-09, 'kernel': 'rbf', 'max_iter': 1000}, grid.best_score_=0.75, grid.best_index_=0, acc=0.75, time=0.531069278717041
20-07-2022 22:45:47|INFO|Is groups None: True 
20-07-2022 22:45:48|INFO|9/10|grid.best_params_={'C': 10000.0, 'gamma': 1e-07, 'kernel': 'rbf', 'max_iter': 1000}, grid.best_score_=0.7777777777777778, grid.best_index_=22, acc=0.75, time=0.48824238777160645
20-07-2022 22:45:48|INFO|Is groups None: True 
20-07-2022 22:45:48|INFO|10/10|grid.best_params_={'C': 0.01, 'gamma': 1e-09, 'kernel': 'rbf', 'max_iter': 1000}, grid.best_score_=0.75, grid.best_index_=0, acc=0.75, time=0.48443102836608887
20-07-2022 22:45:48|INFO|s23|10-CV=0.75000|STD=0.00000|Time spend=19.714158535003662
20-07-2022 22:46:02|INFO|Running Split-First
20-07-2022 22:46:02|INFO|X.shape=(40, 2480), y.shape=(40,), groups.shape=(40,)
20-07-2022 22:46:02|INFO|Is groups None: True 
20-07-2022 22:46:03|INFO|1/10|grid.best_params_={'C': 0.01, 'gamma': 1e-09, 'kernel': 'rbf', 'max_iter': 1000}, grid.best_score_=0.8055555555555556, grid.best_index_=0, acc=1.0, time=0.5172820091247559
20-07-2022 22:46:03|INFO|Is groups None: True 
20-07-2022 22:46:03|INFO|2/10|grid.best_params_={'C': 0.01, 'gamma': 1e-09, 'kernel': 'rbf', 'max_iter': 1000}, grid.best_score_=0.8055555555555556, grid.best_index_=0, acc=1.0, time=0.5639886856079102
20-07-2022 22:46:03|INFO|Is groups None: True 
20-07-2022 22:46:04|INFO|3/10|grid.best_params_={'C': 0.01, 'gamma': 1e-09, 'kernel': 'rbf', 'max_iter': 1000}, grid.best_score_=0.8055555555555556, grid.best_index_=0, acc=1.0, time=0.5504655838012695
20-07-2022 22:46:04|INFO|Is groups None: True 
20-07-2022 22:46:05|INFO|4/10|grid.best_params_={'C': 0.01, 'gamma': 1e-09, 'kernel': 'rbf', 'max_iter': 1000}, grid.best_score_=0.8333333333333334, grid.best_index_=0, acc=0.75, time=0.5662899017333984
20-07-2022 22:46:05|INFO|Is groups None: True 
20-07-2022 22:46:05|INFO|5/10|grid.best_params_={'C': 0.01, 'gamma': 1e-09, 'kernel': 'rbf', 'max_iter': 1000}, grid.best_score_=0.8333333333333334, grid.best_index_=0, acc=0.75, time=0.5723268985748291
20-07-2022 22:46:05|INFO|Is groups None: True 
20-07-2022 22:46:06|INFO|6/10|grid.best_params_={'C': 0.01, 'gamma': 1e-09, 'kernel': 'rbf', 'max_iter': 1000}, grid.best_score_=0.8333333333333334, grid.best_index_=0, acc=0.75, time=0.5583460330963135
20-07-2022 22:46:06|INFO|Is groups None: True 
20-07-2022 22:46:06|INFO|7/10|grid.best_params_={'C': 0.01, 'gamma': 1e-09, 'kernel': 'rbf', 'max_iter': 1000}, grid.best_score_=0.8333333333333334, grid.best_index_=0, acc=0.75, time=0.5493464469909668
20-07-2022 22:46:06|INFO|Is groups None: True 
20-07-2022 22:46:07|INFO|8/10|grid.best_params_={'C': 0.01, 'gamma': 1e-09, 'kernel': 'rbf', 'max_iter': 1000}, grid.best_score_=0.8333333333333334, grid.best_index_=0, acc=0.75, time=0.560295581817627
20-07-2022 22:46:07|INFO|Is groups None: True 
20-07-2022 22:46:07|INFO|9/10|grid.best_params_={'C': 0.01, 'gamma': 1e-09, 'kernel': 'rbf', 'max_iter': 1000}, grid.best_score_=0.8333333333333334, grid.best_index_=0, acc=0.75, time=0.625638484954834
20-07-2022 22:46:07|INFO|Is groups None: True 
20-07-2022 22:46:08|INFO|10/10|grid.best_params_={'C': 0.01, 'gamma': 1e-09, 'kernel': 'rbf', 'max_iter': 1000}, grid.best_score_=0.8333333333333334, grid.best_index_=0, acc=0.75, time=0.5939974784851074
20-07-2022 22:46:08|INFO|s24|10-CV=0.82500|STD=0.11456|Time spend=19.657830238342285
20-07-2022 22:46:23|INFO|Running Split-First
20-07-2022 22:46:23|INFO|X.shape=(40, 2480), y.shape=(40,), groups.shape=(40,)
20-07-2022 22:46:23|INFO|Is groups None: True 
20-07-2022 22:46:23|INFO|1/10|grid.best_params_={'C': 100.0, 'gamma': 1e-05, 'kernel': 'rbf', 'max_iter': 1000}, grid.best_score_=0.8055555555555556, grid.best_index_=16, acc=0.75, time=0.5072104930877686
20-07-2022 22:46:23|INFO|Is groups None: True 
20-07-2022 22:46:24|INFO|2/10|grid.best_params_={'C': 0.01, 'gamma': 1e-09, 'kernel': 'rbf', 'max_iter': 1000}, grid.best_score_=0.7222222222222222, grid.best_index_=0, acc=0.75, time=0.4875507354736328
20-07-2022 22:46:24|INFO|Is groups None: True 
20-07-2022 22:46:24|INFO|3/10|grid.best_params_={'C': 0.01, 'gamma': 1e-09, 'kernel': 'rbf', 'max_iter': 1000}, grid.best_score_=0.7222222222222222, grid.best_index_=0, acc=0.75, time=0.4765770435333252
20-07-2022 22:46:24|INFO|Is groups None: True 
20-07-2022 22:46:25|INFO|4/10|grid.best_params_={'C': 0.01, 'gamma': 1e-09, 'kernel': 'rbf', 'max_iter': 1000}, grid.best_score_=0.7222222222222222, grid.best_index_=0, acc=0.75, time=0.5280101299285889
20-07-2022 22:46:25|INFO|Is groups None: True 
20-07-2022 22:46:25|INFO|5/10|grid.best_params_={'C': 1000000.0, 'gamma': 1e-09, 'kernel': 'rbf', 'max_iter': 1000}, grid.best_score_=0.7777777777777778, grid.best_index_=28, acc=1.0, time=0.4799070358276367
20-07-2022 22:46:25|INFO|Is groups None: True 
20-07-2022 22:46:26|INFO|6/10|grid.best_params_={'C': 0.01, 'gamma': 1e-09, 'kernel': 'rbf', 'max_iter': 1000}, grid.best_score_=0.7222222222222222, grid.best_index_=0, acc=0.75, time=0.47751617431640625
20-07-2022 22:46:26|INFO|Is groups None: True 
20-07-2022 22:46:26|INFO|7/10|grid.best_params_={'C': 0.01, 'gamma': 1e-09, 'kernel': 'rbf', 'max_iter': 1000}, grid.best_score_=0.7222222222222222, grid.best_index_=0, acc=0.75, time=0.46722841262817383
20-07-2022 22:46:26|INFO|Is groups None: True 
20-07-2022 22:46:27|INFO|8/10|grid.best_params_={'C': 100.0, 'gamma': 1e-05, 'kernel': 'rbf', 'max_iter': 1000}, grid.best_score_=0.8055555555555556, grid.best_index_=16, acc=0.75, time=0.4929013252258301
20-07-2022 22:46:27|INFO|Is groups None: True 
20-07-2022 22:46:27|INFO|9/10|grid.best_params_={'C': 0.01, 'gamma': 1e-09, 'kernel': 'rbf', 'max_iter': 1000}, grid.best_score_=0.7222222222222222, grid.best_index_=0, acc=0.75, time=0.4724888801574707
20-07-2022 22:46:27|INFO|Is groups None: True 
20-07-2022 22:46:28|INFO|10/10|grid.best_params_={'C': 100.0, 'gamma': 1e-05, 'kernel': 'rbf', 'max_iter': 1000}, grid.best_score_=0.8333333333333334, grid.best_index_=16, acc=0.5, time=0.5286827087402344
20-07-2022 22:46:28|INFO|s25|10-CV=0.75000|STD=0.11180|Time spend=19.783241510391235
20-07-2022 22:46:43|INFO|Running Split-First
20-07-2022 22:46:43|INFO|X.shape=(40, 2480), y.shape=(40,), groups.shape=(40,)
20-07-2022 22:46:43|INFO|Is groups None: True 
20-07-2022 22:46:43|INFO|1/10|grid.best_params_={'C': 0.01, 'gamma': 1e-09, 'kernel': 'rbf', 'max_iter': 1000}, grid.best_score_=0.5833333333333334, grid.best_index_=0, acc=0.5, time=0.5145301818847656
20-07-2022 22:46:43|INFO|Is groups None: True 
20-07-2022 22:46:44|INFO|2/10|grid.best_params_={'C': 0.01, 'gamma': 1e-09, 'kernel': 'rbf', 'max_iter': 1000}, grid.best_score_=0.5833333333333334, grid.best_index_=0, acc=0.5, time=0.5319440364837646
20-07-2022 22:46:44|INFO|Is groups None: True 
20-07-2022 22:46:44|INFO|3/10|grid.best_params_={'C': 0.01, 'gamma': 1e-09, 'kernel': 'rbf', 'max_iter': 1000}, grid.best_score_=0.5833333333333334, grid.best_index_=0, acc=0.5, time=0.5320920944213867
20-07-2022 22:46:44|INFO|Is groups None: True 
20-07-2022 22:46:45|INFO|4/10|grid.best_params_={'C': 0.01, 'gamma': 1e-09, 'kernel': 'rbf', 'max_iter': 1000}, grid.best_score_=0.5833333333333334, grid.best_index_=0, acc=0.5, time=0.507976770401001
20-07-2022 22:46:45|INFO|Is groups None: True 
20-07-2022 22:46:45|INFO|5/10|grid.best_params_={'C': 0.01, 'gamma': 1e-09, 'kernel': 'rbf', 'max_iter': 1000}, grid.best_score_=0.5833333333333334, grid.best_index_=0, acc=0.5, time=0.48818039894104004
20-07-2022 22:46:45|INFO|Is groups None: True 
20-07-2022 22:46:46|INFO|6/10|grid.best_params_={'C': 0.01, 'gamma': 1e-09, 'kernel': 'rbf', 'max_iter': 1000}, grid.best_score_=0.5833333333333334, grid.best_index_=0, acc=0.5, time=0.4893651008605957
20-07-2022 22:46:46|INFO|Is groups None: True 
20-07-2022 22:46:46|INFO|7/10|grid.best_params_={'C': 0.01, 'gamma': 1e-09, 'kernel': 'rbf', 'max_iter': 1000}, grid.best_score_=0.5833333333333334, grid.best_index_=0, acc=0.5, time=0.4923672676086426
20-07-2022 22:46:46|INFO|Is groups None: True 
20-07-2022 22:46:47|INFO|8/10|grid.best_params_={'C': 10000.0, 'gamma': 1e-07, 'kernel': 'rbf', 'max_iter': 1000}, grid.best_score_=0.5833333333333334, grid.best_index_=22, acc=0.0, time=0.5077335834503174
20-07-2022 22:46:47|INFO|Is groups None: True 
20-07-2022 22:46:47|INFO|9/10|grid.best_params_={'C': 0.01, 'gamma': 1e-09, 'kernel': 'rbf', 'max_iter': 1000}, grid.best_score_=0.5555555555555556, grid.best_index_=0, acc=0.75, time=0.48419809341430664
20-07-2022 22:46:47|INFO|Is groups None: True 
20-07-2022 22:46:48|INFO|10/10|grid.best_params_={'C': 0.01, 'gamma': 1e-09, 'kernel': 'rbf', 'max_iter': 1000}, grid.best_score_=0.5555555555555556, grid.best_index_=0, acc=0.75, time=0.4887099266052246
20-07-2022 22:46:48|INFO|s26|10-CV=0.50000|STD=0.19365|Time spend=20.11150026321411
20-07-2022 22:47:02|INFO|Running Split-First
20-07-2022 22:47:02|INFO|X.shape=(40, 2480), y.shape=(40,), groups.shape=(40,)
20-07-2022 22:47:02|INFO|Is groups None: True 
20-07-2022 22:47:02|INFO|1/10|grid.best_params_={'C': 100.0, 'gamma': 1e-05, 'kernel': 'rbf', 'max_iter': 1000}, grid.best_score_=0.7222222222222222, grid.best_index_=16, acc=0.75, time=0.4761691093444824
20-07-2022 22:47:02|INFO|Is groups None: True 
20-07-2022 22:47:03|INFO|2/10|grid.best_params_={'C': 100.0, 'gamma': 1e-05, 'kernel': 'rbf', 'max_iter': 1000}, grid.best_score_=0.6944444444444444, grid.best_index_=16, acc=0.75, time=0.489774227142334
20-07-2022 22:47:03|INFO|Is groups None: True 
20-07-2022 22:47:03|INFO|3/10|grid.best_params_={'C': 0.01, 'gamma': 1e-09, 'kernel': 'rbf', 'max_iter': 1000}, grid.best_score_=0.6666666666666666, grid.best_index_=0, acc=0.75, time=0.467252254486084
20-07-2022 22:47:03|INFO|Is groups None: True 
20-07-2022 22:47:04|INFO|4/10|grid.best_params_={'C': 10000.0, 'gamma': 1e-07, 'kernel': 'rbf', 'max_iter': 1000}, grid.best_score_=0.7222222222222222, grid.best_index_=22, acc=0.75, time=0.5896584987640381
20-07-2022 22:47:04|INFO|Is groups None: True 
20-07-2022 22:47:05|INFO|5/10|grid.best_params_={'C': 0.01, 'gamma': 1e-09, 'kernel': 'rbf', 'max_iter': 1000}, grid.best_score_=0.6666666666666666, grid.best_index_=0, acc=0.75, time=0.5293228626251221
20-07-2022 22:47:05|INFO|Is groups None: True 
20-07-2022 22:47:05|INFO|6/10|grid.best_params_={'C': 0.01, 'gamma': 1e-09, 'kernel': 'rbf', 'max_iter': 1000}, grid.best_score_=0.6666666666666666, grid.best_index_=0, acc=0.75, time=0.5773439407348633
20-07-2022 22:47:05|INFO|Is groups None: True 
20-07-2022 22:47:06|INFO|7/10|grid.best_params_={'C': 100.0, 'gamma': 1e-05, 'kernel': 'rbf', 'max_iter': 1000}, grid.best_score_=0.7777777777777778, grid.best_index_=16, acc=0.25, time=0.5722429752349854
20-07-2022 22:47:06|INFO|Is groups None: True 
20-07-2022 22:47:06|INFO|8/10|grid.best_params_={'C': 0.01, 'gamma': 1e-09, 'kernel': 'rbf', 'max_iter': 1000}, grid.best_score_=0.6944444444444444, grid.best_index_=0, acc=0.5, time=0.6477348804473877
20-07-2022 22:47:06|INFO|Is groups None: True 
20-07-2022 22:47:07|INFO|9/10|grid.best_params_={'C': 0.01, 'gamma': 1e-09, 'kernel': 'rbf', 'max_iter': 1000}, grid.best_score_=0.6944444444444444, grid.best_index_=0, acc=0.5, time=0.5772671699523926
20-07-2022 22:47:07|INFO|Is groups None: True 
20-07-2022 22:47:07|INFO|10/10|grid.best_params_={'C': 0.01, 'gamma': 1e-09, 'kernel': 'rbf', 'max_iter': 1000}, grid.best_score_=0.6944444444444444, grid.best_index_=0, acc=0.5, time=0.5595386028289795
20-07-2022 22:47:07|INFO|s27|10-CV=0.62500|STD=0.16771|Time spend=19.580100059509277
20-07-2022 22:47:23|INFO|Running Split-First
20-07-2022 22:47:23|INFO|X.shape=(40, 2480), y.shape=(40,), groups.shape=(40,)
20-07-2022 22:47:23|INFO|Is groups None: True 
20-07-2022 22:47:23|INFO|1/10|grid.best_params_={'C': 0.01, 'gamma': 1e-09, 'kernel': 'rbf', 'max_iter': 1000}, grid.best_score_=0.5555555555555556, grid.best_index_=0, acc=0.5, time=0.4849514961242676
20-07-2022 22:47:23|INFO|Is groups None: True 
20-07-2022 22:47:24|INFO|2/10|grid.best_params_={'C': 0.01, 'gamma': 1e-09, 'kernel': 'rbf', 'max_iter': 1000}, grid.best_score_=0.5555555555555556, grid.best_index_=0, acc=0.5, time=0.4674663543701172
20-07-2022 22:47:24|INFO|Is groups None: True 
20-07-2022 22:47:24|INFO|3/10|grid.best_params_={'C': 100.0, 'gamma': 1e-05, 'kernel': 'rbf', 'max_iter': 1000}, grid.best_score_=0.5833333333333334, grid.best_index_=16, acc=0.5, time=0.525831937789917
20-07-2022 22:47:24|INFO|Is groups None: True 
20-07-2022 22:47:25|INFO|4/10|grid.best_params_={'C': 100.0, 'gamma': 1e-05, 'kernel': 'rbf', 'max_iter': 1000}, grid.best_score_=0.6111111111111112, grid.best_index_=16, acc=0.25, time=0.5333235263824463
20-07-2022 22:47:25|INFO|Is groups None: True 
20-07-2022 22:47:25|INFO|5/10|grid.best_params_={'C': 100.0, 'gamma': 1e-05, 'kernel': 'rbf', 'max_iter': 1000}, grid.best_score_=0.6666666666666666, grid.best_index_=16, acc=0.25, time=0.5353055000305176
20-07-2022 22:47:25|INFO|Is groups None: True 
20-07-2022 22:47:26|INFO|6/10|grid.best_params_={'C': 100.0, 'gamma': 1e-05, 'kernel': 'rbf', 'max_iter': 1000}, grid.best_score_=0.6111111111111112, grid.best_index_=16, acc=0.5, time=0.5298869609832764
20-07-2022 22:47:26|INFO|Is groups None: True 
20-07-2022 22:47:26|INFO|7/10|grid.best_params_={'C': 0.01, 'gamma': 1e-09, 'kernel': 'rbf', 'max_iter': 1000}, grid.best_score_=0.5555555555555556, grid.best_index_=0, acc=0.5, time=0.4993436336517334
20-07-2022 22:47:26|INFO|Is groups None: True 
20-07-2022 22:47:27|INFO|8/10|grid.best_params_={'C': 100.0, 'gamma': 1e-05, 'kernel': 'rbf', 'max_iter': 1000}, grid.best_score_=0.6388888888888888, grid.best_index_=16, acc=0.75, time=0.4872767925262451
20-07-2022 22:47:27|INFO|Is groups None: True 
20-07-2022 22:47:27|INFO|9/10|grid.best_params_={'C': 0.01, 'gamma': 1e-09, 'kernel': 'rbf', 'max_iter': 1000}, grid.best_score_=0.5277777777777778, grid.best_index_=0, acc=0.75, time=0.5086140632629395
20-07-2022 22:47:27|INFO|Is groups None: True 
20-07-2022 22:47:28|INFO|10/10|grid.best_params_={'C': 1000000.0, 'gamma': 1e-09, 'kernel': 'rbf', 'max_iter': 1000}, grid.best_score_=0.5555555555555556, grid.best_index_=28, acc=1.0, time=0.49030327796936035
20-07-2022 22:47:28|INFO|s28|10-CV=0.55000|STD=0.21794|Time spend=20.239893913269043
20-07-2022 22:47:41|INFO|Running Split-First
20-07-2022 22:47:41|INFO|X.shape=(40, 2480), y.shape=(40,), groups.shape=(40,)
20-07-2022 22:47:41|INFO|Is groups None: True 
20-07-2022 22:47:42|INFO|1/10|grid.best_params_={'C': 0.01, 'gamma': 1e-09, 'kernel': 'rbf', 'max_iter': 1000}, grid.best_score_=0.6111111111111112, grid.best_index_=0, acc=0.75, time=0.4825608730316162
20-07-2022 22:47:42|INFO|Is groups None: True 
20-07-2022 22:47:42|INFO|2/10|grid.best_params_={'C': 0.01, 'gamma': 1e-09, 'kernel': 'rbf', 'max_iter': 1000}, grid.best_score_=0.6111111111111112, grid.best_index_=0, acc=0.75, time=0.473264217376709
20-07-2022 22:47:42|INFO|Is groups None: True 
20-07-2022 22:47:43|INFO|3/10|grid.best_params_={'C': 0.01, 'gamma': 1e-09, 'kernel': 'rbf', 'max_iter': 1000}, grid.best_score_=0.6111111111111112, grid.best_index_=0, acc=0.75, time=0.4845614433288574
20-07-2022 22:47:43|INFO|Is groups None: True 
20-07-2022 22:47:43|INFO|4/10|grid.best_params_={'C': 1000000.0, 'gamma': 1e-09, 'kernel': 'rbf', 'max_iter': 1000}, grid.best_score_=0.6666666666666666, grid.best_index_=28, acc=0.5, time=0.53049635887146
20-07-2022 22:47:43|INFO|Is groups None: True 
20-07-2022 22:47:44|INFO|5/10|grid.best_params_={'C': 0.01, 'gamma': 1e-09, 'kernel': 'rbf', 'max_iter': 1000}, grid.best_score_=0.6111111111111112, grid.best_index_=0, acc=0.75, time=0.5128695964813232
20-07-2022 22:47:44|INFO|Is groups None: True 
20-07-2022 22:47:44|INFO|6/10|grid.best_params_={'C': 10000.0, 'gamma': 1e-07, 'kernel': 'rbf', 'max_iter': 1000}, grid.best_score_=0.7222222222222222, grid.best_index_=22, acc=0.5, time=0.48500919342041016
20-07-2022 22:47:44|INFO|Is groups None: True 
20-07-2022 22:47:45|INFO|7/10|grid.best_params_={'C': 100.0, 'gamma': 1e-05, 'kernel': 'rbf', 'max_iter': 1000}, grid.best_score_=0.7222222222222222, grid.best_index_=16, acc=0.25, time=0.5191874504089355
20-07-2022 22:47:45|INFO|Is groups None: True 
20-07-2022 22:47:46|INFO|8/10|grid.best_params_={'C': 0.01, 'gamma': 1e-09, 'kernel': 'rbf', 'max_iter': 1000}, grid.best_score_=0.6388888888888888, grid.best_index_=0, acc=0.5, time=0.5299496650695801
20-07-2022 22:47:46|INFO|Is groups None: True 
20-07-2022 22:47:46|INFO|9/10|grid.best_params_={'C': 0.01, 'gamma': 1e-09, 'kernel': 'rbf', 'max_iter': 1000}, grid.best_score_=0.6388888888888888, grid.best_index_=0, acc=0.5, time=0.582528829574585
20-07-2022 22:47:46|INFO|Is groups None: True 
20-07-2022 22:47:47|INFO|10/10|grid.best_params_={'C': 0.01, 'gamma': 1e-09, 'kernel': 'rbf', 'max_iter': 1000}, grid.best_score_=0.6388888888888888, grid.best_index_=0, acc=0.5, time=0.5880920886993408
20-07-2022 22:47:47|INFO|s29|10-CV=0.57500|STD=0.16008|Time spend=18.965636014938354
20-07-2022 22:48:01|INFO|Running Split-First
20-07-2022 22:48:01|INFO|X.shape=(40, 2480), y.shape=(40,), groups.shape=(40,)
20-07-2022 22:48:01|INFO|Is groups None: True 
20-07-2022 22:48:02|INFO|1/10|grid.best_params_={'C': 100.0, 'gamma': 0.001, 'kernel': 'rbf', 'max_iter': 1000}, grid.best_score_=0.6666666666666666, grid.best_index_=17, acc=0.5, time=0.5030090808868408
20-07-2022 22:48:02|INFO|Is groups None: True 
20-07-2022 22:48:02|INFO|2/10|grid.best_params_={'C': 100.0, 'gamma': 0.001, 'kernel': 'rbf', 'max_iter': 1000}, grid.best_score_=0.6388888888888888, grid.best_index_=17, acc=0.75, time=0.5107781887054443
20-07-2022 22:48:02|INFO|Is groups None: True 
20-07-2022 22:48:03|INFO|3/10|grid.best_params_={'C': 100.0, 'gamma': 0.001, 'kernel': 'rbf', 'max_iter': 1000}, grid.best_score_=0.6111111111111112, grid.best_index_=17, acc=0.75, time=0.4879636764526367
20-07-2022 22:48:03|INFO|Is groups None: True 
20-07-2022 22:48:03|INFO|4/10|grid.best_params_={'C': 100.0, 'gamma': 0.001, 'kernel': 'rbf', 'max_iter': 1000}, grid.best_score_=0.6944444444444444, grid.best_index_=17, acc=0.25, time=0.5136234760284424
20-07-2022 22:48:03|INFO|Is groups None: True 
20-07-2022 22:48:04|INFO|5/10|grid.best_params_={'C': 10000.0, 'gamma': 1e-07, 'kernel': 'rbf', 'max_iter': 1000}, grid.best_score_=0.6944444444444444, grid.best_index_=22, acc=0.0, time=0.48494935035705566
20-07-2022 22:48:04|INFO|Is groups None: True 
20-07-2022 22:48:04|INFO|6/10|grid.best_params_={'C': 100.0, 'gamma': 0.001, 'kernel': 'rbf', 'max_iter': 1000}, grid.best_score_=0.7222222222222222, grid.best_index_=17, acc=0.25, time=0.48883557319641113
20-07-2022 22:48:04|INFO|Is groups None: True 
20-07-2022 22:48:05|INFO|7/10|grid.best_params_={'C': 1.0, 'gamma': 0.001, 'kernel': 'rbf', 'max_iter': 1000}, grid.best_score_=0.5555555555555556, grid.best_index_=10, acc=1.0, time=0.5082857608795166
20-07-2022 22:48:05|INFO|Is groups None: True 
20-07-2022 22:48:05|INFO|8/10|grid.best_params_={'C': 1.0, 'gamma': 0.001, 'kernel': 'rbf', 'max_iter': 1000}, grid.best_score_=0.6388888888888888, grid.best_index_=10, acc=0.5, time=0.5075292587280273
20-07-2022 22:48:05|INFO|Is groups None: True 
20-07-2022 22:48:06|INFO|9/10|grid.best_params_={'C': 1.0, 'gamma': 0.001, 'kernel': 'rbf', 'max_iter': 1000}, grid.best_score_=0.6666666666666666, grid.best_index_=10, acc=0.75, time=0.5252008438110352
20-07-2022 22:48:06|INFO|Is groups None: True 
20-07-2022 22:48:06|INFO|10/10|grid.best_params_={'C': 0.01, 'gamma': 1e-09, 'kernel': 'rbf', 'max_iter': 1000}, grid.best_score_=0.5833333333333334, grid.best_index_=0, acc=0.25, time=0.5487864017486572
20-07-2022 22:48:06|INFO|s30|10-CV=0.50000|STD=0.29580|Time spend=19.681568384170532
20-07-2022 22:48:21|INFO|Running Split-First
20-07-2022 22:48:21|INFO|X.shape=(40, 2480), y.shape=(40,), groups.shape=(40,)
20-07-2022 22:48:21|INFO|Is groups None: True 
20-07-2022 22:48:22|INFO|1/10|grid.best_params_={'C': 0.01, 'gamma': 0.1, 'kernel': 'rbf', 'max_iter': 1000}, grid.best_score_=0.5555555555555556, grid.best_index_=4, acc=0.5, time=0.5622613430023193
20-07-2022 22:48:22|INFO|Is groups None: True 
20-07-2022 22:48:22|INFO|2/10|grid.best_params_={'C': 100.0, 'gamma': 1e-05, 'kernel': 'rbf', 'max_iter': 1000}, grid.best_score_=0.5833333333333334, grid.best_index_=16, acc=0.5, time=0.5831930637359619
20-07-2022 22:48:22|INFO|Is groups None: True 
20-07-2022 22:48:23|INFO|3/10|grid.best_params_={'C': 100.0, 'gamma': 1e-05, 'kernel': 'rbf', 'max_iter': 1000}, grid.best_score_=0.6111111111111112, grid.best_index_=16, acc=0.25, time=0.5067641735076904
20-07-2022 22:48:23|INFO|Is groups None: True 
20-07-2022 22:48:23|INFO|4/10|grid.best_params_={'C': 100.0, 'gamma': 1e-05, 'kernel': 'rbf', 'max_iter': 1000}, grid.best_score_=0.5833333333333334, grid.best_index_=16, acc=0.5, time=0.48408961296081543
20-07-2022 22:48:23|INFO|Is groups None: True 
20-07-2022 22:48:24|INFO|5/10|grid.best_params_={'C': 100.0, 'gamma': 1e-05, 'kernel': 'rbf', 'max_iter': 1000}, grid.best_score_=0.6111111111111112, grid.best_index_=16, acc=0.75, time=0.490830659866333
20-07-2022 22:48:24|INFO|Is groups None: True 
20-07-2022 22:48:24|INFO|6/10|grid.best_params_={'C': 0.01, 'gamma': 0.1, 'kernel': 'rbf', 'max_iter': 1000}, grid.best_score_=0.5277777777777778, grid.best_index_=4, acc=0.5, time=0.48998427391052246
20-07-2022 22:48:24|INFO|Is groups None: True 
20-07-2022 22:48:25|INFO|7/10|grid.best_params_={'C': 100.0, 'gamma': 1e-05, 'kernel': 'rbf', 'max_iter': 1000}, grid.best_score_=0.5833333333333334, grid.best_index_=16, acc=0.75, time=0.5186002254486084
20-07-2022 22:48:25|INFO|Is groups None: True 
20-07-2022 22:48:25|INFO|8/10|grid.best_params_={'C': 1000000.0, 'gamma': 1e-09, 'kernel': 'rbf', 'max_iter': 1000}, grid.best_score_=0.5555555555555556, grid.best_index_=28, acc=1.0, time=0.5088808536529541
20-07-2022 22:48:25|INFO|Is groups None: True 
20-07-2022 22:48:26|INFO|9/10|grid.best_params_={'C': 100.0, 'gamma': 1e-05, 'kernel': 'rbf', 'max_iter': 1000}, grid.best_score_=0.6666666666666666, grid.best_index_=16, acc=0.5, time=0.48923373222351074
20-07-2022 22:48:26|INFO|Is groups None: True 
20-07-2022 22:48:26|INFO|10/10|grid.best_params_={'C': 0.01, 'gamma': 1e-09, 'kernel': 'rbf', 'max_iter': 1000}, grid.best_score_=0.6111111111111112, grid.best_index_=0, acc=0.75, time=0.5628225803375244
20-07-2022 22:48:26|INFO|s31|10-CV=0.60000|STD=0.20000|Time spend=20.01524043083191
20-07-2022 22:48:40|INFO|Running Split-First
20-07-2022 22:48:40|INFO|X.shape=(40, 2480), y.shape=(40,), groups.shape=(40,)
20-07-2022 22:48:40|INFO|Is groups None: True 
20-07-2022 22:48:41|INFO|1/10|grid.best_params_={'C': 0.01, 'gamma': 1e-09, 'kernel': 'rbf', 'max_iter': 1000}, grid.best_score_=0.6944444444444444, grid.best_index_=0, acc=0.5, time=0.521357536315918
20-07-2022 22:48:41|INFO|Is groups None: True 
20-07-2022 22:48:41|INFO|2/10|grid.best_params_={'C': 100.0, 'gamma': 1e-05, 'kernel': 'rbf', 'max_iter': 1000}, grid.best_score_=0.7222222222222222, grid.best_index_=16, acc=0.5, time=0.4855668544769287
20-07-2022 22:48:41|INFO|Is groups None: True 
20-07-2022 22:48:42|INFO|3/10|grid.best_params_={'C': 0.01, 'gamma': 1e-09, 'kernel': 'rbf', 'max_iter': 1000}, grid.best_score_=0.6944444444444444, grid.best_index_=0, acc=0.5, time=0.5085263252258301
20-07-2022 22:48:42|INFO|Is groups None: True 
20-07-2022 22:48:42|INFO|4/10|grid.best_params_={'C': 0.01, 'gamma': 1e-09, 'kernel': 'rbf', 'max_iter': 1000}, grid.best_score_=0.6666666666666666, grid.best_index_=0, acc=0.75, time=0.561945915222168
20-07-2022 22:48:42|INFO|Is groups None: True 
20-07-2022 22:48:43|INFO|5/10|grid.best_params_={'C': 0.01, 'gamma': 1e-09, 'kernel': 'rbf', 'max_iter': 1000}, grid.best_score_=0.6666666666666666, grid.best_index_=0, acc=0.75, time=0.6111147403717041
20-07-2022 22:48:43|INFO|Is groups None: True 
20-07-2022 22:48:44|INFO|6/10|grid.best_params_={'C': 0.01, 'gamma': 1e-09, 'kernel': 'rbf', 'max_iter': 1000}, grid.best_score_=0.6666666666666666, grid.best_index_=0, acc=0.75, time=0.5997476577758789
20-07-2022 22:48:44|INFO|Is groups None: True 
20-07-2022 22:48:44|INFO|7/10|grid.best_params_={'C': 100.0, 'gamma': 1e-05, 'kernel': 'rbf', 'max_iter': 1000}, grid.best_score_=0.7222222222222222, grid.best_index_=16, acc=0.25, time=0.5731949806213379
20-07-2022 22:48:44|INFO|Is groups None: True 
20-07-2022 22:48:45|INFO|8/10|grid.best_params_={'C': 0.01, 'gamma': 1e-09, 'kernel': 'rbf', 'max_iter': 1000}, grid.best_score_=0.6666666666666666, grid.best_index_=0, acc=0.75, time=0.5279781818389893
20-07-2022 22:48:45|INFO|Is groups None: True 
20-07-2022 22:48:45|INFO|9/10|grid.best_params_={'C': 0.01, 'gamma': 1e-09, 'kernel': 'rbf', 'max_iter': 1000}, grid.best_score_=0.6666666666666666, grid.best_index_=0, acc=0.75, time=0.4806983470916748
20-07-2022 22:48:45|INFO|Is groups None: True 
20-07-2022 22:48:46|INFO|10/10|grid.best_params_={'C': 0.01, 'gamma': 1e-09, 'kernel': 'rbf', 'max_iter': 1000}, grid.best_score_=0.6666666666666666, grid.best_index_=0, acc=0.75, time=0.5261988639831543
20-07-2022 22:48:46|INFO|s32|10-CV=0.62500|STD=0.16771|Time spend=19.417925119400024
20-07-2022 22:48:46|INFO|final|10-CV=0.62734|STD=0.06471
