21-07-2022 06:20:13|INFO|
    Running Command: 
        python3 main-ml.py --subject_setup dependent --experimental_setup trial --stimuli_class arousal --preprocessing PLI --segment_lenght 20 --output_log ./output/dependent-trial-arousal-PLI-20.log
    Starting training:
        segment_lenght:  20
        output_log:      ./output/dependent-trial-arousal-PLI-20.log
        stimuli_class:   arousal
        preprocessing:   PLI
        subject_setup:   dependent
        experimental_setup: trial
    
21-07-2022 06:20:25|INFO|Running Segment-First
21-07-2022 06:20:25|INFO|X.shape=(120, 2480), y.shape=(120,), groups.shape=(120,)
21-07-2022 06:20:25|INFO|Is groups None: False 
21-07-2022 06:20:47|INFO|1/10|grid.best_params_={'C': 0.01, 'gamma': 1e-09, 'kernel': 'rbf', 'max_iter': 1000}, grid.best_score_=0.6111111111111112, grid.best_index_=0, acc=0.5, time=21.099525213241577
21-07-2022 06:20:47|INFO|Is groups None: False 
21-07-2022 06:20:50|INFO|2/10|grid.best_params_={'C': 0.01, 'gamma': 1e-09, 'kernel': 'rbf', 'max_iter': 1000}, grid.best_score_=0.6111111111111112, grid.best_index_=0, acc=0.5, time=3.494922637939453
21-07-2022 06:20:50|INFO|Is groups None: False 
21-07-2022 06:20:54|INFO|3/10|grid.best_params_={'C': 0.01, 'gamma': 1e-09, 'kernel': 'rbf', 'max_iter': 1000}, grid.best_score_=0.6111111111111112, grid.best_index_=0, acc=0.5, time=3.526427984237671
21-07-2022 06:20:54|INFO|Is groups None: False 
21-07-2022 06:20:57|INFO|4/10|grid.best_params_={'C': 0.01, 'gamma': 1e-09, 'kernel': 'rbf', 'max_iter': 1000}, grid.best_score_=0.5833333333333334, grid.best_index_=0, acc=0.75, time=3.3319597244262695
21-07-2022 06:20:57|INFO|Is groups None: False 
21-07-2022 06:21:00|INFO|5/10|grid.best_params_={'C': 0.01, 'gamma': 1e-09, 'kernel': 'rbf', 'max_iter': 1000}, grid.best_score_=0.5833333333333334, grid.best_index_=0, acc=0.75, time=3.5224714279174805
21-07-2022 06:21:01|INFO|Is groups None: False 
21-07-2022 06:21:04|INFO|6/10|grid.best_params_={'C': 0.01, 'gamma': 1e-09, 'kernel': 'rbf', 'max_iter': 1000}, grid.best_score_=0.5833333333333334, grid.best_index_=0, acc=0.75, time=3.4960670471191406
21-07-2022 06:21:04|INFO|Is groups None: False 
21-07-2022 06:21:07|INFO|7/10|grid.best_params_={'C': 0.01, 'gamma': 1e-09, 'kernel': 'rbf', 'max_iter': 1000}, grid.best_score_=0.6111111111111112, grid.best_index_=0, acc=0.5, time=3.329681158065796
21-07-2022 06:21:07|INFO|Is groups None: False 
21-07-2022 06:21:11|INFO|8/10|grid.best_params_={'C': 0.01, 'gamma': 1e-09, 'kernel': 'rbf', 'max_iter': 1000}, grid.best_score_=0.6111111111111112, grid.best_index_=0, acc=0.5, time=3.5615386962890625
21-07-2022 06:21:11|INFO|Is groups None: False 
21-07-2022 06:21:14|INFO|9/10|grid.best_params_={'C': 0.01, 'gamma': 1e-09, 'kernel': 'rbf', 'max_iter': 1000}, grid.best_score_=0.6111111111111112, grid.best_index_=0, acc=0.5, time=3.481680393218994
21-07-2022 06:21:14|INFO|Is groups None: False 
21-07-2022 06:21:18|INFO|10/10|grid.best_params_={'C': 0.01, 'gamma': 1e-09, 'kernel': 'rbf', 'max_iter': 1000}, grid.best_score_=0.5833333333333334, grid.best_index_=0, acc=0.75, time=3.482529878616333
21-07-2022 06:21:18|INFO|s01|10-CV=0.60000|STD=0.12247|Time spend=65.28946948051453
21-07-2022 06:21:32|INFO|Running Segment-First
21-07-2022 06:21:32|INFO|X.shape=(120, 2480), y.shape=(120,), groups.shape=(120,)
21-07-2022 06:21:32|INFO|Is groups None: False 
21-07-2022 06:21:35|INFO|1/10|grid.best_params_={'C': 0.01, 'gamma': 1e-09, 'kernel': 'rbf', 'max_iter': 1000}, grid.best_score_=0.6111111111111112, grid.best_index_=0, acc=0.5, time=3.485560178756714
21-07-2022 06:21:35|INFO|Is groups None: False 
21-07-2022 06:21:38|INFO|2/10|grid.best_params_={'C': 0.01, 'gamma': 1e-09, 'kernel': 'rbf', 'max_iter': 1000}, grid.best_score_=0.5833333333333334, grid.best_index_=0, acc=0.75, time=3.391639232635498
21-07-2022 06:21:39|INFO|Is groups None: False 
21-07-2022 06:21:42|INFO|3/10|grid.best_params_={'C': 0.01, 'gamma': 1e-09, 'kernel': 'rbf', 'max_iter': 1000}, grid.best_score_=0.6111111111111112, grid.best_index_=0, acc=0.5, time=3.487143039703369
21-07-2022 06:21:42|INFO|Is groups None: False 
21-07-2022 06:21:45|INFO|4/10|grid.best_params_={'C': 0.01, 'gamma': 1e-09, 'kernel': 'rbf', 'max_iter': 1000}, grid.best_score_=0.6111111111111112, grid.best_index_=0, acc=0.5, time=3.3955702781677246
21-07-2022 06:21:45|INFO|Is groups None: False 
21-07-2022 06:21:49|INFO|5/10|grid.best_params_={'C': 0.01, 'gamma': 1e-09, 'kernel': 'rbf', 'max_iter': 1000}, grid.best_score_=0.6111111111111112, grid.best_index_=0, acc=0.5, time=3.3903775215148926
21-07-2022 06:21:49|INFO|Is groups None: False 
21-07-2022 06:21:52|INFO|6/10|grid.best_params_={'C': 0.01, 'gamma': 1e-09, 'kernel': 'rbf', 'max_iter': 1000}, grid.best_score_=0.6111111111111112, grid.best_index_=0, acc=0.5, time=3.473799705505371
21-07-2022 06:21:52|INFO|Is groups None: False 
21-07-2022 06:21:56|INFO|7/10|grid.best_params_={'C': 0.01, 'gamma': 1e-09, 'kernel': 'rbf', 'max_iter': 1000}, grid.best_score_=0.5833333333333334, grid.best_index_=0, acc=0.75, time=3.5405192375183105
21-07-2022 06:21:56|INFO|Is groups None: False 
21-07-2022 06:21:59|INFO|8/10|grid.best_params_={'C': 0.01, 'gamma': 1e-09, 'kernel': 'rbf', 'max_iter': 1000}, grid.best_score_=0.5833333333333334, grid.best_index_=0, acc=0.75, time=3.3857522010803223
21-07-2022 06:21:59|INFO|Is groups None: False 
21-07-2022 06:22:03|INFO|9/10|grid.best_params_={'C': 0.01, 'gamma': 1e-09, 'kernel': 'rbf', 'max_iter': 1000}, grid.best_score_=0.6111111111111112, grid.best_index_=0, acc=0.5, time=3.4624884128570557
21-07-2022 06:22:03|INFO|Is groups None: False 
21-07-2022 06:22:06|INFO|10/10|grid.best_params_={'C': 0.01, 'gamma': 1e-09, 'kernel': 'rbf', 'max_iter': 1000}, grid.best_score_=0.5833333333333334, grid.best_index_=0, acc=0.75, time=3.5926828384399414
21-07-2022 06:22:06|INFO|s02|10-CV=0.60000|STD=0.12247|Time spend=48.407461643218994
21-07-2022 06:22:19|INFO|Running Segment-First
21-07-2022 06:22:19|INFO|X.shape=(120, 2480), y.shape=(120,), groups.shape=(120,)
21-07-2022 06:22:19|INFO|Is groups None: False 
21-07-2022 06:22:23|INFO|1/10|grid.best_params_={'C': 0.01, 'gamma': 1e-09, 'kernel': 'rbf', 'max_iter': 1000}, grid.best_score_=0.7777777777777778, grid.best_index_=0, acc=1.0, time=3.2886717319488525
21-07-2022 06:22:23|INFO|Is groups None: False 
21-07-2022 06:22:26|INFO|2/10|grid.best_params_={'C': 0.01, 'gamma': 1e-09, 'kernel': 'rbf', 'max_iter': 1000}, grid.best_score_=0.8055555555555556, grid.best_index_=0, acc=0.75, time=3.248861789703369
21-07-2022 06:22:26|INFO|Is groups None: False 
21-07-2022 06:22:29|INFO|3/10|grid.best_params_={'C': 0.01, 'gamma': 1e-09, 'kernel': 'rbf', 'max_iter': 1000}, grid.best_score_=0.8055555555555556, grid.best_index_=0, acc=0.75, time=3.131974458694458
21-07-2022 06:22:29|INFO|Is groups None: False 
21-07-2022 06:22:32|INFO|4/10|grid.best_params_={'C': 0.01, 'gamma': 1e-09, 'kernel': 'rbf', 'max_iter': 1000}, grid.best_score_=0.8055555555555556, grid.best_index_=0, acc=0.75, time=3.260622978210449
21-07-2022 06:22:32|INFO|Is groups None: False 
21-07-2022 06:22:36|INFO|5/10|grid.best_params_={'C': 0.01, 'gamma': 1e-09, 'kernel': 'rbf', 'max_iter': 1000}, grid.best_score_=0.8055555555555556, grid.best_index_=0, acc=0.75, time=3.1303296089172363
21-07-2022 06:22:36|INFO|Is groups None: False 
21-07-2022 06:22:39|INFO|6/10|grid.best_params_={'C': 0.01, 'gamma': 1e-09, 'kernel': 'rbf', 'max_iter': 1000}, grid.best_score_=0.8055555555555556, grid.best_index_=0, acc=0.75, time=3.1992347240448
21-07-2022 06:22:39|INFO|Is groups None: False 
21-07-2022 06:22:42|INFO|7/10|grid.best_params_={'C': 0.01, 'gamma': 1e-09, 'kernel': 'rbf', 'max_iter': 1000}, grid.best_score_=0.8055555555555556, grid.best_index_=0, acc=0.75, time=3.2681753635406494
21-07-2022 06:22:42|INFO|Is groups None: False 
21-07-2022 06:22:45|INFO|8/10|grid.best_params_={'C': 0.01, 'gamma': 1e-09, 'kernel': 'rbf', 'max_iter': 1000}, grid.best_score_=0.8055555555555556, grid.best_index_=0, acc=0.75, time=3.124847888946533
21-07-2022 06:22:45|INFO|Is groups None: False 
21-07-2022 06:22:48|INFO|9/10|grid.best_params_={'C': 0.01, 'gamma': 1e-09, 'kernel': 'rbf', 'max_iter': 1000}, grid.best_score_=0.8055555555555556, grid.best_index_=0, acc=0.75, time=3.241755723953247
21-07-2022 06:22:48|INFO|Is groups None: False 
21-07-2022 06:22:52|INFO|10/10|grid.best_params_={'C': 0.01, 'gamma': 1e-09, 'kernel': 'rbf', 'max_iter': 1000}, grid.best_score_=0.7777777777777778, grid.best_index_=0, acc=1.0, time=3.125699043273926
21-07-2022 06:22:52|INFO|s03|10-CV=0.80000|STD=0.10000|Time spend=45.27504062652588
21-07-2022 06:23:05|INFO|Running Segment-First
21-07-2022 06:23:05|INFO|X.shape=(120, 2480), y.shape=(120,), groups.shape=(120,)
21-07-2022 06:23:05|INFO|Is groups None: False 
21-07-2022 06:23:09|INFO|1/10|grid.best_params_={'C': 0.01, 'gamma': 1e-09, 'kernel': 'rbf', 'max_iter': 1000}, grid.best_score_=0.6111111111111112, grid.best_index_=0, acc=0.5, time=3.4285597801208496
21-07-2022 06:23:09|INFO|Is groups None: False 
21-07-2022 06:23:12|INFO|2/10|grid.best_params_={'C': 0.01, 'gamma': 1e-09, 'kernel': 'rbf', 'max_iter': 1000}, grid.best_score_=0.5833333333333334, grid.best_index_=0, acc=0.75, time=3.491692304611206
21-07-2022 06:23:12|INFO|Is groups None: False 
21-07-2022 06:23:16|INFO|3/10|grid.best_params_={'C': 0.01, 'gamma': 1e-09, 'kernel': 'rbf', 'max_iter': 1000}, grid.best_score_=0.6111111111111112, grid.best_index_=0, acc=0.5, time=3.519040822982788
21-07-2022 06:23:16|INFO|Is groups None: False 
21-07-2022 06:23:19|INFO|4/10|grid.best_params_={'C': 0.01, 'gamma': 1e-09, 'kernel': 'rbf', 'max_iter': 1000}, grid.best_score_=0.6111111111111112, grid.best_index_=0, acc=0.5, time=3.5026121139526367
21-07-2022 06:23:19|INFO|Is groups None: False 
21-07-2022 06:23:23|INFO|5/10|grid.best_params_={'C': 100.0, 'gamma': 1e-05, 'kernel': 'rbf', 'max_iter': 1000}, grid.best_score_=0.6296296296296297, grid.best_index_=16, acc=0.5, time=3.412104845046997
21-07-2022 06:23:23|INFO|Is groups None: False 
21-07-2022 06:23:26|INFO|6/10|grid.best_params_={'C': 10000.0, 'gamma': 1e-07, 'kernel': 'rbf', 'max_iter': 1000}, grid.best_score_=0.6018518518518519, grid.best_index_=22, acc=0.5, time=3.460059642791748
21-07-2022 06:23:26|INFO|Is groups None: False 
21-07-2022 06:23:30|INFO|7/10|grid.best_params_={'C': 0.01, 'gamma': 1e-09, 'kernel': 'rbf', 'max_iter': 1000}, grid.best_score_=0.6111111111111112, grid.best_index_=0, acc=0.5, time=3.548414707183838
21-07-2022 06:23:30|INFO|Is groups None: False 
21-07-2022 06:23:33|INFO|8/10|grid.best_params_={'C': 10000.0, 'gamma': 1e-07, 'kernel': 'rbf', 'max_iter': 1000}, grid.best_score_=0.6574074074074074, grid.best_index_=22, acc=0.5833333333333334, time=3.380990982055664
21-07-2022 06:23:33|INFO|Is groups None: False 
21-07-2022 06:23:37|INFO|9/10|grid.best_params_={'C': 100.0, 'gamma': 1e-05, 'kernel': 'rbf', 'max_iter': 1000}, grid.best_score_=0.5925925925925926, grid.best_index_=16, acc=0.4166666666666667, time=3.5154643058776855
21-07-2022 06:23:37|INFO|Is groups None: False 
21-07-2022 06:23:40|INFO|10/10|grid.best_params_={'C': 1000000.0, 'gamma': 1e-07, 'kernel': 'rbf', 'max_iter': 1000}, grid.best_score_=0.6481481481481483, grid.best_index_=29, acc=0.5833333333333334, time=3.441058397293091
21-07-2022 06:23:40|INFO|s04|10-CV=0.53333|STD=0.08498|Time spend=48.4118857383728
21-07-2022 06:23:53|INFO|Running Segment-First
21-07-2022 06:23:53|INFO|X.shape=(120, 2480), y.shape=(120,), groups.shape=(120,)
21-07-2022 06:23:53|INFO|Is groups None: False 
21-07-2022 06:23:57|INFO|1/10|grid.best_params_={'C': 100.0, 'gamma': 1e-05, 'kernel': 'rbf', 'max_iter': 1000}, grid.best_score_=0.5296296296296297, grid.best_index_=16, acc=0.75, time=3.578256845474243
21-07-2022 06:23:57|INFO|Is groups None: False 
21-07-2022 06:24:01|INFO|2/10|grid.best_params_={'C': 100.0, 'gamma': 1e-05, 'kernel': 'rbf', 'max_iter': 1000}, grid.best_score_=0.5604938271604939, grid.best_index_=16, acc=0.5833333333333334, time=3.6871635913848877
21-07-2022 06:24:01|INFO|Is groups None: False 
21-07-2022 06:24:04|INFO|3/10|grid.best_params_={'C': 100.0, 'gamma': 1e-05, 'kernel': 'rbf', 'max_iter': 1000}, grid.best_score_=0.537037037037037, grid.best_index_=16, acc=0.5833333333333334, time=3.57983136177063
21-07-2022 06:24:04|INFO|Is groups None: False 
21-07-2022 06:24:08|INFO|4/10|grid.best_params_={'C': 100.0, 'gamma': 1e-05, 'kernel': 'rbf', 'max_iter': 1000}, grid.best_score_=0.5407407407407407, grid.best_index_=16, acc=0.8333333333333334, time=3.5155344009399414
21-07-2022 06:24:08|INFO|Is groups None: False 
21-07-2022 06:24:11|INFO|5/10|grid.best_params_={'C': 1000000.0, 'gamma': 1e-07, 'kernel': 'rbf', 'max_iter': 1000}, grid.best_score_=0.6203703703703703, grid.best_index_=29, acc=0.3333333333333333, time=3.7285516262054443
21-07-2022 06:24:11|INFO|Is groups None: False 
21-07-2022 06:24:15|INFO|6/10|grid.best_params_={'C': 10000.0, 'gamma': 1e-05, 'kernel': 'rbf', 'max_iter': 1000}, grid.best_score_=0.5648148148148148, grid.best_index_=23, acc=0.6666666666666666, time=3.5280227661132812
21-07-2022 06:24:15|INFO|Is groups None: False 
21-07-2022 06:24:18|INFO|7/10|grid.best_params_={'C': 1000000.0, 'gamma': 1e-07, 'kernel': 'rbf', 'max_iter': 1000}, grid.best_score_=0.6296296296296297, grid.best_index_=29, acc=0.25, time=3.4482007026672363
21-07-2022 06:24:18|INFO|Is groups None: False 
21-07-2022 06:24:22|INFO|8/10|grid.best_params_={'C': 100.0, 'gamma': 1e-05, 'kernel': 'rbf', 'max_iter': 1000}, grid.best_score_=0.6376543209876543, grid.best_index_=16, acc=0.4166666666666667, time=3.7539548873901367
21-07-2022 06:24:22|INFO|Is groups None: False 
21-07-2022 06:24:26|INFO|9/10|grid.best_params_={'C': 100.0, 'gamma': 1e-05, 'kernel': 'rbf', 'max_iter': 1000}, grid.best_score_=0.5746913580246913, grid.best_index_=16, acc=0.75, time=3.7909433841705322
21-07-2022 06:24:26|INFO|Is groups None: False 
21-07-2022 06:24:29|INFO|10/10|grid.best_params_={'C': 10000.0, 'gamma': 1e-05, 'kernel': 'rbf', 'max_iter': 1000}, grid.best_score_=0.5555555555555556, grid.best_index_=23, acc=0.6666666666666666, time=3.5710396766662598
21-07-2022 06:24:30|INFO|s05|10-CV=0.58333|STD=0.18257|Time spend=49.517194986343384
21-07-2022 06:24:43|INFO|Running Segment-First
21-07-2022 06:24:43|INFO|X.shape=(120, 2480), y.shape=(120,), groups.shape=(120,)
21-07-2022 06:24:43|INFO|Is groups None: False 
21-07-2022 06:24:47|INFO|1/10|grid.best_params_={'C': 100.0, 'gamma': 1e-05, 'kernel': 'rbf', 'max_iter': 1000}, grid.best_score_=0.6111111111111112, grid.best_index_=16, acc=0.5833333333333334, time=3.5255892276763916
21-07-2022 06:24:47|INFO|Is groups None: False 
21-07-2022 06:24:50|INFO|2/10|grid.best_params_={'C': 100.0, 'gamma': 1e-05, 'kernel': 'rbf', 'max_iter': 1000}, grid.best_score_=0.5277777777777778, grid.best_index_=16, acc=0.5833333333333334, time=3.4024410247802734
21-07-2022 06:24:50|INFO|Is groups None: False 
21-07-2022 06:24:54|INFO|3/10|grid.best_params_={'C': 100.0, 'gamma': 1e-05, 'kernel': 'rbf', 'max_iter': 1000}, grid.best_score_=0.5925925925925926, grid.best_index_=16, acc=0.5, time=3.4862611293792725
21-07-2022 06:24:54|INFO|Is groups None: False 
21-07-2022 06:24:57|INFO|4/10|grid.best_params_={'C': 100.0, 'gamma': 1e-05, 'kernel': 'rbf', 'max_iter': 1000}, grid.best_score_=0.6296296296296297, grid.best_index_=16, acc=0.3333333333333333, time=3.527724266052246
21-07-2022 06:24:57|INFO|Is groups None: False 
21-07-2022 06:25:00|INFO|5/10|grid.best_params_={'C': 100.0, 'gamma': 1e-05, 'kernel': 'rbf', 'max_iter': 1000}, grid.best_score_=0.6111111111111112, grid.best_index_=16, acc=0.5833333333333334, time=3.41620135307312
21-07-2022 06:25:00|INFO|Is groups None: False 
21-07-2022 06:25:04|INFO|6/10|grid.best_params_={'C': 100.0, 'gamma': 1e-05, 'kernel': 'rbf', 'max_iter': 1000}, grid.best_score_=0.6203703703703703, grid.best_index_=16, acc=0.4166666666666667, time=3.4034512042999268
21-07-2022 06:25:04|INFO|Is groups None: False 
21-07-2022 06:25:07|INFO|7/10|grid.best_params_={'C': 0.01, 'gamma': 1e-09, 'kernel': 'rbf', 'max_iter': 1000}, grid.best_score_=0.5833333333333334, grid.best_index_=0, acc=0.5, time=3.5438153743743896
21-07-2022 06:25:07|INFO|Is groups None: False 
21-07-2022 06:25:11|INFO|8/10|grid.best_params_={'C': 0.01, 'gamma': 1e-09, 'kernel': 'rbf', 'max_iter': 1000}, grid.best_score_=0.5833333333333334, grid.best_index_=0, acc=0.5, time=3.4997360706329346
21-07-2022 06:25:11|INFO|Is groups None: False 
21-07-2022 06:25:14|INFO|9/10|grid.best_params_={'C': 0.01, 'gamma': 1e-09, 'kernel': 'rbf', 'max_iter': 1000}, grid.best_score_=0.5833333333333334, grid.best_index_=0, acc=0.5, time=3.5208261013031006
21-07-2022 06:25:14|INFO|Is groups None: False 
21-07-2022 06:25:18|INFO|10/10|grid.best_params_={'C': 100.0, 'gamma': 1e-05, 'kernel': 'rbf', 'max_iter': 1000}, grid.best_score_=0.6111111111111112, grid.best_index_=16, acc=0.5833333333333334, time=3.5639307498931885
21-07-2022 06:25:18|INFO|s06|10-CV=0.50833|STD=0.07862|Time spend=48.533681869506836
21-07-2022 06:25:32|INFO|Running Segment-First
21-07-2022 06:25:32|INFO|X.shape=(120, 2480), y.shape=(120,), groups.shape=(120,)
21-07-2022 06:25:32|INFO|Is groups None: False 
21-07-2022 06:25:35|INFO|1/10|grid.best_params_={'C': 0.01, 'gamma': 1e-09, 'kernel': 'rbf', 'max_iter': 1000}, grid.best_score_=0.6111111111111112, grid.best_index_=0, acc=0.75, time=3.5979301929473877
21-07-2022 06:25:35|INFO|Is groups None: False 
21-07-2022 06:25:39|INFO|2/10|grid.best_params_={'C': 0.01, 'gamma': 1e-09, 'kernel': 'rbf', 'max_iter': 1000}, grid.best_score_=0.6111111111111112, grid.best_index_=0, acc=0.75, time=3.518775224685669
21-07-2022 06:25:39|INFO|Is groups None: False 
21-07-2022 06:25:42|INFO|3/10|grid.best_params_={'C': 0.01, 'gamma': 1e-09, 'kernel': 'rbf', 'max_iter': 1000}, grid.best_score_=0.6388888888888888, grid.best_index_=0, acc=0.5, time=3.4534788131713867
21-07-2022 06:25:42|INFO|Is groups None: False 
21-07-2022 06:25:46|INFO|4/10|grid.best_params_={'C': 0.01, 'gamma': 1e-09, 'kernel': 'rbf', 'max_iter': 1000}, grid.best_score_=0.6388888888888888, grid.best_index_=0, acc=0.5, time=3.461982250213623
21-07-2022 06:25:46|INFO|Is groups None: False 
21-07-2022 06:25:49|INFO|5/10|grid.best_params_={'C': 0.01, 'gamma': 1e-09, 'kernel': 'rbf', 'max_iter': 1000}, grid.best_score_=0.6388888888888888, grid.best_index_=0, acc=0.5, time=3.519716739654541
21-07-2022 06:25:49|INFO|Is groups None: False 
21-07-2022 06:25:52|INFO|6/10|grid.best_params_={'C': 0.01, 'gamma': 1e-09, 'kernel': 'rbf', 'max_iter': 1000}, grid.best_score_=0.6388888888888888, grid.best_index_=0, acc=0.5, time=3.3244194984436035
21-07-2022 06:25:52|INFO|Is groups None: False 
21-07-2022 06:25:56|INFO|7/10|grid.best_params_={'C': 0.01, 'gamma': 1e-09, 'kernel': 'rbf', 'max_iter': 1000}, grid.best_score_=0.6388888888888888, grid.best_index_=0, acc=0.5, time=3.486060619354248
21-07-2022 06:25:56|INFO|Is groups None: False 
21-07-2022 06:26:00|INFO|8/10|grid.best_params_={'C': 0.01, 'gamma': 1e-09, 'kernel': 'rbf', 'max_iter': 1000}, grid.best_score_=0.6111111111111112, grid.best_index_=0, acc=0.75, time=3.578680992126465
21-07-2022 06:26:00|INFO|Is groups None: False 
21-07-2022 06:26:03|INFO|9/10|grid.best_params_={'C': 0.01, 'gamma': 1e-09, 'kernel': 'rbf', 'max_iter': 1000}, grid.best_score_=0.6111111111111112, grid.best_index_=0, acc=0.75, time=3.467031955718994
21-07-2022 06:26:03|INFO|Is groups None: False 
21-07-2022 06:26:07|INFO|10/10|grid.best_params_={'C': 0.01, 'gamma': 1e-09, 'kernel': 'rbf', 'max_iter': 1000}, grid.best_score_=0.6111111111111112, grid.best_index_=0, acc=0.75, time=3.5037715435028076
21-07-2022 06:26:07|INFO|s07|10-CV=0.62500|STD=0.12500|Time spend=48.52402472496033
21-07-2022 06:26:20|INFO|Running Segment-First
21-07-2022 06:26:20|INFO|X.shape=(120, 2480), y.shape=(120,), groups.shape=(120,)
21-07-2022 06:26:20|INFO|Is groups None: False 
21-07-2022 06:26:24|INFO|1/10|grid.best_params_={'C': 10000.0, 'gamma': 1e-07, 'kernel': 'rbf', 'max_iter': 1000}, grid.best_score_=0.5925925925925926, grid.best_index_=22, acc=0.5, time=3.349703073501587
21-07-2022 06:26:24|INFO|Is groups None: False 
21-07-2022 06:26:27|INFO|2/10|grid.best_params_={'C': 0.01, 'gamma': 1e-09, 'kernel': 'rbf', 'max_iter': 1000}, grid.best_score_=0.5555555555555556, grid.best_index_=0, acc=0.75, time=3.5627598762512207
21-07-2022 06:26:27|INFO|Is groups None: False 
21-07-2022 06:26:31|INFO|3/10|grid.best_params_={'C': 10000.0, 'gamma': 1e-07, 'kernel': 'rbf', 'max_iter': 1000}, grid.best_score_=0.6481481481481481, grid.best_index_=22, acc=0.5, time=3.619701862335205
21-07-2022 06:26:31|INFO|Is groups None: False 
21-07-2022 06:26:34|INFO|4/10|grid.best_params_={'C': 0.01, 'gamma': 1e-09, 'kernel': 'rbf', 'max_iter': 1000}, grid.best_score_=0.5833333333333334, grid.best_index_=0, acc=0.5, time=3.6244595050811768
21-07-2022 06:26:34|INFO|Is groups None: False 
21-07-2022 06:26:38|INFO|5/10|grid.best_params_={'C': 0.01, 'gamma': 1e-09, 'kernel': 'rbf', 'max_iter': 1000}, grid.best_score_=0.5833333333333334, grid.best_index_=0, acc=0.5, time=3.4107868671417236
21-07-2022 06:26:38|INFO|Is groups None: False 
21-07-2022 06:26:41|INFO|6/10|grid.best_params_={'C': 0.01, 'gamma': 1e-09, 'kernel': 'rbf', 'max_iter': 1000}, grid.best_score_=0.5833333333333334, grid.best_index_=0, acc=0.5, time=3.6791839599609375
21-07-2022 06:26:41|INFO|Is groups None: False 
21-07-2022 06:26:45|INFO|7/10|grid.best_params_={'C': 0.01, 'gamma': 1e-09, 'kernel': 'rbf', 'max_iter': 1000}, grid.best_score_=0.5833333333333334, grid.best_index_=0, acc=0.5, time=3.548644781112671
21-07-2022 06:26:45|INFO|Is groups None: False 
21-07-2022 06:26:49|INFO|8/10|grid.best_params_={'C': 100.0, 'gamma': 1e-05, 'kernel': 'rbf', 'max_iter': 1000}, grid.best_score_=0.5685185185185184, grid.best_index_=16, acc=0.3333333333333333, time=3.6985018253326416
21-07-2022 06:26:49|INFO|Is groups None: False 
21-07-2022 06:26:52|INFO|9/10|grid.best_params_={'C': 0.01, 'gamma': 1e-09, 'kernel': 'rbf', 'max_iter': 1000}, grid.best_score_=0.5833333333333334, grid.best_index_=0, acc=0.5, time=3.569650411605835
21-07-2022 06:26:52|INFO|Is groups None: False 
21-07-2022 06:26:56|INFO|10/10|grid.best_params_={'C': 0.01, 'gamma': 1e-09, 'kernel': 'rbf', 'max_iter': 1000}, grid.best_score_=0.574074074074074, grid.best_index_=0, acc=0.6, time=3.3726449012756348
21-07-2022 06:26:56|INFO|s08|10-CV=0.51833|STD=0.09845|Time spend=49.151774168014526
21-07-2022 06:27:09|INFO|Running Segment-First
21-07-2022 06:27:09|INFO|X.shape=(120, 2480), y.shape=(120,), groups.shape=(120,)
21-07-2022 06:27:09|INFO|Is groups None: False 
21-07-2022 06:27:12|INFO|1/10|grid.best_params_={'C': 0.01, 'gamma': 1e-09, 'kernel': 'rbf', 'max_iter': 1000}, grid.best_score_=0.6111111111111112, grid.best_index_=0, acc=0.5, time=3.41532564163208
21-07-2022 06:27:12|INFO|Is groups None: False 
21-07-2022 06:27:16|INFO|2/10|grid.best_params_={'C': 0.01, 'gamma': 1e-09, 'kernel': 'rbf', 'max_iter': 1000}, grid.best_score_=0.6111111111111112, grid.best_index_=0, acc=0.5, time=3.5632095336914062
21-07-2022 06:27:16|INFO|Is groups None: False 
21-07-2022 06:27:20|INFO|3/10|grid.best_params_={'C': 0.01, 'gamma': 1e-09, 'kernel': 'rbf', 'max_iter': 1000}, grid.best_score_=0.6111111111111112, grid.best_index_=0, acc=0.5, time=3.7037603855133057
21-07-2022 06:27:20|INFO|Is groups None: False 
21-07-2022 06:27:23|INFO|4/10|grid.best_params_={'C': 0.01, 'gamma': 1e-09, 'kernel': 'rbf', 'max_iter': 1000}, grid.best_score_=0.5833333333333334, grid.best_index_=0, acc=0.75, time=3.6179704666137695
21-07-2022 06:27:23|INFO|Is groups None: False 
21-07-2022 06:27:27|INFO|5/10|grid.best_params_={'C': 0.01, 'gamma': 1e-09, 'kernel': 'rbf', 'max_iter': 1000}, grid.best_score_=0.6111111111111112, grid.best_index_=0, acc=0.5, time=3.3789925575256348
21-07-2022 06:27:27|INFO|Is groups None: False 
21-07-2022 06:27:30|INFO|6/10|grid.best_params_={'C': 0.01, 'gamma': 1e-09, 'kernel': 'rbf', 'max_iter': 1000}, grid.best_score_=0.6111111111111112, grid.best_index_=0, acc=0.5, time=3.356184482574463
21-07-2022 06:27:30|INFO|Is groups None: False 
21-07-2022 06:27:33|INFO|7/10|grid.best_params_={'C': 0.01, 'gamma': 1e-09, 'kernel': 'rbf', 'max_iter': 1000}, grid.best_score_=0.5833333333333334, grid.best_index_=0, acc=0.75, time=3.504086494445801
21-07-2022 06:27:33|INFO|Is groups None: False 
21-07-2022 06:27:37|INFO|8/10|grid.best_params_={'C': 0.01, 'gamma': 1e-09, 'kernel': 'rbf', 'max_iter': 1000}, grid.best_score_=0.6111111111111112, grid.best_index_=0, acc=0.5, time=3.4588053226470947
21-07-2022 06:27:37|INFO|Is groups None: False 
21-07-2022 06:27:40|INFO|9/10|grid.best_params_={'C': 0.01, 'gamma': 1e-09, 'kernel': 'rbf', 'max_iter': 1000}, grid.best_score_=0.5833333333333334, grid.best_index_=0, acc=0.75, time=3.359098434448242
21-07-2022 06:27:40|INFO|Is groups None: False 
21-07-2022 06:27:44|INFO|10/10|grid.best_params_={'C': 0.01, 'gamma': 1e-09, 'kernel': 'rbf', 'max_iter': 1000}, grid.best_score_=0.5833333333333334, grid.best_index_=0, acc=0.75, time=3.4789435863494873
21-07-2022 06:27:44|INFO|s09|10-CV=0.60000|STD=0.12247|Time spend=48.07412385940552
21-07-2022 06:27:57|INFO|Running Segment-First
21-07-2022 06:27:57|INFO|X.shape=(120, 2480), y.shape=(120,), groups.shape=(120,)
21-07-2022 06:27:57|INFO|Is groups None: False 
21-07-2022 06:28:01|INFO|1/10|grid.best_params_={'C': 0.01, 'gamma': 1e-09, 'kernel': 'rbf', 'max_iter': 1000}, grid.best_score_=0.5370370370370371, grid.best_index_=0, acc=0.75, time=3.378373384475708
21-07-2022 06:28:01|INFO|Is groups None: False 
21-07-2022 06:28:04|INFO|2/10|grid.best_params_={'C': 0.01, 'gamma': 1e-09, 'kernel': 'rbf', 'max_iter': 1000}, grid.best_score_=0.5555555555555556, grid.best_index_=0, acc=0.5, time=3.598604440689087
21-07-2022 06:28:04|INFO|Is groups None: False 
21-07-2022 06:28:08|INFO|3/10|grid.best_params_={'C': 0.01, 'gamma': 10.0, 'kernel': 'rbf', 'max_iter': 1000}, grid.best_score_=0.5555555555555556, grid.best_index_=5, acc=0.5, time=3.43684720993042
21-07-2022 06:28:08|INFO|Is groups None: False 
21-07-2022 06:28:11|INFO|4/10|grid.best_params_={'C': 0.01, 'gamma': 1e-09, 'kernel': 'rbf', 'max_iter': 1000}, grid.best_score_=0.5555555555555556, grid.best_index_=0, acc=0.5, time=3.6425883769989014
21-07-2022 06:28:11|INFO|Is groups None: False 
21-07-2022 06:28:15|INFO|5/10|grid.best_params_={'C': 0.01, 'gamma': 1e-09, 'kernel': 'rbf', 'max_iter': 1000}, grid.best_score_=0.5555555555555556, grid.best_index_=0, acc=0.5, time=3.5969929695129395
21-07-2022 06:28:15|INFO|Is groups None: False 
21-07-2022 06:28:19|INFO|6/10|grid.best_params_={'C': 0.01, 'gamma': 1e-09, 'kernel': 'rbf', 'max_iter': 1000}, grid.best_score_=0.5555555555555556, grid.best_index_=0, acc=0.5, time=3.5675528049468994
21-07-2022 06:28:19|INFO|Is groups None: False 
21-07-2022 06:28:22|INFO|7/10|grid.best_params_={'C': 0.01, 'gamma': 1e-09, 'kernel': 'rbf', 'max_iter': 1000}, grid.best_score_=0.5555555555555556, grid.best_index_=0, acc=0.5, time=3.563784599304199
21-07-2022 06:28:22|INFO|Is groups None: False 
21-07-2022 06:28:26|INFO|8/10|grid.best_params_={'C': 100.0, 'gamma': 0.001, 'kernel': 'rbf', 'max_iter': 1000}, grid.best_score_=0.5740740740740741, grid.best_index_=17, acc=0.5, time=3.4838993549346924
21-07-2022 06:28:26|INFO|Is groups None: False 
21-07-2022 06:28:29|INFO|9/10|grid.best_params_={'C': 0.01, 'gamma': 1e-09, 'kernel': 'rbf', 'max_iter': 1000}, grid.best_score_=0.5555555555555556, grid.best_index_=0, acc=0.5, time=3.6462624073028564
21-07-2022 06:28:29|INFO|Is groups None: False 
21-07-2022 06:28:33|INFO|10/10|grid.best_params_={'C': 0.01, 'gamma': 10.0, 'kernel': 'rbf', 'max_iter': 1000}, grid.best_score_=0.5277777777777778, grid.best_index_=5, acc=0.75, time=3.475233316421509
21-07-2022 06:28:33|INFO|s10|10-CV=0.55000|STD=0.10000|Time spend=48.952738523483276
21-07-2022 06:28:47|INFO|Running Segment-First
21-07-2022 06:28:47|INFO|X.shape=(120, 2480), y.shape=(120,), groups.shape=(120,)
21-07-2022 06:28:47|INFO|Is groups None: False 
21-07-2022 06:28:50|INFO|1/10|grid.best_params_={'C': 100.0, 'gamma': 0.001, 'kernel': 'rbf', 'max_iter': 1000}, grid.best_score_=0.6203703703703705, grid.best_index_=17, acc=0.6666666666666666, time=3.532158851623535
21-07-2022 06:28:50|INFO|Is groups None: False 
21-07-2022 06:28:53|INFO|2/10|grid.best_params_={'C': 0.01, 'gamma': 1e-09, 'kernel': 'rbf', 'max_iter': 1000}, grid.best_score_=0.6111111111111112, grid.best_index_=0, acc=0.75, time=3.350156545639038
21-07-2022 06:28:53|INFO|Is groups None: False 
21-07-2022 06:28:57|INFO|3/10|grid.best_params_={'C': 0.01, 'gamma': 1e-09, 'kernel': 'rbf', 'max_iter': 1000}, grid.best_score_=0.6388888888888888, grid.best_index_=0, acc=0.5, time=3.416341543197632
21-07-2022 06:28:57|INFO|Is groups None: False 
21-07-2022 06:29:00|INFO|4/10|grid.best_params_={'C': 0.01, 'gamma': 1e-09, 'kernel': 'rbf', 'max_iter': 1000}, grid.best_score_=0.6388888888888888, grid.best_index_=0, acc=0.5, time=3.5141971111297607
21-07-2022 06:29:00|INFO|Is groups None: False 
21-07-2022 06:29:04|INFO|5/10|grid.best_params_={'C': 0.01, 'gamma': 1e-09, 'kernel': 'rbf', 'max_iter': 1000}, grid.best_score_=0.6388888888888888, grid.best_index_=0, acc=0.5, time=3.4143683910369873
21-07-2022 06:29:04|INFO|Is groups None: False 
21-07-2022 06:29:07|INFO|6/10|grid.best_params_={'C': 0.01, 'gamma': 1e-09, 'kernel': 'rbf', 'max_iter': 1000}, grid.best_score_=0.6388888888888888, grid.best_index_=0, acc=0.5, time=3.437309741973877
21-07-2022 06:29:07|INFO|Is groups None: False 
21-07-2022 06:29:11|INFO|7/10|grid.best_params_={'C': 0.01, 'gamma': 1e-09, 'kernel': 'rbf', 'max_iter': 1000}, grid.best_score_=0.6111111111111112, grid.best_index_=0, acc=0.75, time=3.5938568115234375
21-07-2022 06:29:11|INFO|Is groups None: False 
21-07-2022 06:29:14|INFO|8/10|grid.best_params_={'C': 0.01, 'gamma': 1e-09, 'kernel': 'rbf', 'max_iter': 1000}, grid.best_score_=0.6388888888888888, grid.best_index_=0, acc=0.5, time=3.2731664180755615
21-07-2022 06:29:14|INFO|Is groups None: False 
21-07-2022 06:29:18|INFO|9/10|grid.best_params_={'C': 0.01, 'gamma': 1e-09, 'kernel': 'rbf', 'max_iter': 1000}, grid.best_score_=0.6111111111111112, grid.best_index_=0, acc=0.75, time=3.489198684692383
21-07-2022 06:29:18|INFO|Is groups None: False 
21-07-2022 06:29:21|INFO|10/10|grid.best_params_={'C': 0.01, 'gamma': 1e-09, 'kernel': 'rbf', 'max_iter': 1000}, grid.best_score_=0.6111111111111112, grid.best_index_=0, acc=0.75, time=3.545135736465454
21-07-2022 06:29:21|INFO|s11|10-CV=0.61667|STD=0.11902|Time spend=48.447423696517944
21-07-2022 06:29:34|INFO|Running Segment-First
21-07-2022 06:29:34|INFO|X.shape=(120, 2480), y.shape=(120,), groups.shape=(120,)
21-07-2022 06:29:34|INFO|Is groups None: False 
21-07-2022 06:29:38|INFO|1/10|grid.best_params_={'C': 0.01, 'gamma': 1e-09, 'kernel': 'rbf', 'max_iter': 1000}, grid.best_score_=0.8333333333333334, grid.best_index_=0, acc=0.75, time=3.0873405933380127
21-07-2022 06:29:38|INFO|Is groups None: False 
21-07-2022 06:29:41|INFO|2/10|grid.best_params_={'C': 0.01, 'gamma': 1e-09, 'kernel': 'rbf', 'max_iter': 1000}, grid.best_score_=0.8333333333333334, grid.best_index_=0, acc=0.75, time=3.1588833332061768
21-07-2022 06:29:41|INFO|Is groups None: False 
21-07-2022 06:29:44|INFO|3/10|grid.best_params_={'C': 0.01, 'gamma': 1e-09, 'kernel': 'rbf', 'max_iter': 1000}, grid.best_score_=0.8333333333333334, grid.best_index_=0, acc=0.75, time=2.995237112045288
21-07-2022 06:29:44|INFO|Is groups None: False 
21-07-2022 06:29:47|INFO|4/10|grid.best_params_={'C': 0.01, 'gamma': 1e-09, 'kernel': 'rbf', 'max_iter': 1000}, grid.best_score_=0.8333333333333334, grid.best_index_=0, acc=0.75, time=3.2286412715911865
21-07-2022 06:29:47|INFO|Is groups None: False 
21-07-2022 06:29:50|INFO|5/10|grid.best_params_={'C': 0.01, 'gamma': 1e-09, 'kernel': 'rbf', 'max_iter': 1000}, grid.best_score_=0.8333333333333334, grid.best_index_=0, acc=0.75, time=2.961663007736206
21-07-2022 06:29:50|INFO|Is groups None: False 
21-07-2022 06:29:53|INFO|6/10|grid.best_params_={'C': 0.01, 'gamma': 1e-09, 'kernel': 'rbf', 'max_iter': 1000}, grid.best_score_=0.8333333333333334, grid.best_index_=0, acc=0.75, time=3.261800765991211
21-07-2022 06:29:53|INFO|Is groups None: False 
21-07-2022 06:29:56|INFO|7/10|grid.best_params_={'C': 0.01, 'gamma': 1e-09, 'kernel': 'rbf', 'max_iter': 1000}, grid.best_score_=0.8055555555555556, grid.best_index_=0, acc=1.0, time=3.206411361694336
21-07-2022 06:29:56|INFO|Is groups None: False 
21-07-2022 06:30:00|INFO|8/10|grid.best_params_={'C': 0.01, 'gamma': 1e-09, 'kernel': 'rbf', 'max_iter': 1000}, grid.best_score_=0.8333333333333334, grid.best_index_=0, acc=0.75, time=3.1532318592071533
21-07-2022 06:30:00|INFO|Is groups None: False 
21-07-2022 06:30:03|INFO|9/10|grid.best_params_={'C': 0.01, 'gamma': 1e-09, 'kernel': 'rbf', 'max_iter': 1000}, grid.best_score_=0.8055555555555556, grid.best_index_=0, acc=1.0, time=3.1821444034576416
21-07-2022 06:30:03|INFO|Is groups None: False 
21-07-2022 06:30:06|INFO|10/10|grid.best_params_={'C': 0.01, 'gamma': 1e-09, 'kernel': 'rbf', 'max_iter': 1000}, grid.best_score_=0.8055555555555556, grid.best_index_=0, acc=1.0, time=2.993828296661377
21-07-2022 06:30:06|INFO|s12|10-CV=0.82500|STD=0.11456|Time spend=44.582749128341675
21-07-2022 06:30:20|INFO|Running Segment-First
21-07-2022 06:30:20|INFO|X.shape=(120, 2480), y.shape=(120,), groups.shape=(120,)
21-07-2022 06:30:20|INFO|Is groups None: False 
21-07-2022 06:30:23|INFO|1/10|grid.best_params_={'C': 0.01, 'gamma': 1e-09, 'kernel': 'rbf', 'max_iter': 1000}, grid.best_score_=0.8611111111111112, grid.best_index_=0, acc=0.75, time=2.916344165802002
21-07-2022 06:30:23|INFO|Is groups None: False 
21-07-2022 06:30:26|INFO|2/10|grid.best_params_={'C': 0.01, 'gamma': 1e-09, 'kernel': 'rbf', 'max_iter': 1000}, grid.best_score_=0.8611111111111112, grid.best_index_=0, acc=0.75, time=2.9861996173858643
21-07-2022 06:30:26|INFO|Is groups None: False 
21-07-2022 06:30:29|INFO|3/10|grid.best_params_={'C': 0.01, 'gamma': 1e-09, 'kernel': 'rbf', 'max_iter': 1000}, grid.best_score_=0.8611111111111112, grid.best_index_=0, acc=0.75, time=3.0393612384796143
21-07-2022 06:30:29|INFO|Is groups None: False 
21-07-2022 06:30:32|INFO|4/10|grid.best_params_={'C': 0.01, 'gamma': 1e-09, 'kernel': 'rbf', 'max_iter': 1000}, grid.best_score_=0.8611111111111112, grid.best_index_=0, acc=0.75, time=3.0099050998687744
21-07-2022 06:30:32|INFO|Is groups None: False 
21-07-2022 06:30:35|INFO|5/10|grid.best_params_={'C': 0.01, 'gamma': 1e-09, 'kernel': 'rbf', 'max_iter': 1000}, grid.best_score_=0.8611111111111112, grid.best_index_=0, acc=0.75, time=3.032222270965576
21-07-2022 06:30:35|INFO|Is groups None: False 
21-07-2022 06:30:38|INFO|6/10|grid.best_params_={'C': 0.01, 'gamma': 1e-09, 'kernel': 'rbf', 'max_iter': 1000}, grid.best_score_=0.8611111111111112, grid.best_index_=0, acc=0.75, time=3.0410993099212646
21-07-2022 06:30:38|INFO|Is groups None: False 
21-07-2022 06:30:41|INFO|7/10|grid.best_params_={'C': 0.01, 'gamma': 1e-09, 'kernel': 'rbf', 'max_iter': 1000}, grid.best_score_=0.8333333333333334, grid.best_index_=0, acc=1.0, time=2.9358906745910645
21-07-2022 06:30:41|INFO|Is groups None: False 
21-07-2022 06:30:44|INFO|8/10|grid.best_params_={'C': 0.01, 'gamma': 1e-09, 'kernel': 'rbf', 'max_iter': 1000}, grid.best_score_=0.8333333333333334, grid.best_index_=0, acc=1.0, time=3.119436025619507
21-07-2022 06:30:44|INFO|Is groups None: False 
21-07-2022 06:30:47|INFO|9/10|grid.best_params_={'C': 0.01, 'gamma': 1e-09, 'kernel': 'rbf', 'max_iter': 1000}, grid.best_score_=0.8333333333333334, grid.best_index_=0, acc=1.0, time=2.9490623474121094
21-07-2022 06:30:47|INFO|Is groups None: False 
21-07-2022 06:30:50|INFO|10/10|grid.best_params_={'C': 100.0, 'gamma': 1e-05, 'kernel': 'rbf', 'max_iter': 1000}, grid.best_score_=0.8333333333333335, grid.best_index_=16, acc=0.9166666666666666, time=3.1746740341186523
21-07-2022 06:30:50|INFO|s13|10-CV=0.84167|STD=0.11456|Time spend=44.28930377960205
21-07-2022 06:31:04|INFO|Running Segment-First
21-07-2022 06:31:04|INFO|X.shape=(120, 2480), y.shape=(120,), groups.shape=(120,)
21-07-2022 06:31:04|INFO|Is groups None: False 
21-07-2022 06:31:07|INFO|1/10|grid.best_params_={'C': 0.01, 'gamma': 1e-09, 'kernel': 'rbf', 'max_iter': 1000}, grid.best_score_=0.6666666666666666, grid.best_index_=0, acc=0.75, time=3.287261486053467
21-07-2022 06:31:07|INFO|Is groups None: False 
21-07-2022 06:31:10|INFO|2/10|grid.best_params_={'C': 0.01, 'gamma': 1e-09, 'kernel': 'rbf', 'max_iter': 1000}, grid.best_score_=0.6666666666666666, grid.best_index_=0, acc=0.75, time=3.378474712371826
21-07-2022 06:31:10|INFO|Is groups None: False 
21-07-2022 06:31:14|INFO|3/10|grid.best_params_={'C': 0.01, 'gamma': 1e-09, 'kernel': 'rbf', 'max_iter': 1000}, grid.best_score_=0.6666666666666666, grid.best_index_=0, acc=0.75, time=3.309079885482788
21-07-2022 06:31:14|INFO|Is groups None: False 
21-07-2022 06:31:17|INFO|4/10|grid.best_params_={'C': 0.01, 'gamma': 1e-09, 'kernel': 'rbf', 'max_iter': 1000}, grid.best_score_=0.6944444444444444, grid.best_index_=0, acc=0.5, time=3.401674509048462
21-07-2022 06:31:17|INFO|Is groups None: False 
21-07-2022 06:31:21|INFO|5/10|grid.best_params_={'C': 0.01, 'gamma': 1e-09, 'kernel': 'rbf', 'max_iter': 1000}, grid.best_score_=0.6944444444444444, grid.best_index_=0, acc=0.5, time=3.413588523864746
21-07-2022 06:31:21|INFO|Is groups None: False 
21-07-2022 06:31:24|INFO|6/10|grid.best_params_={'C': 0.01, 'gamma': 1e-09, 'kernel': 'rbf', 'max_iter': 1000}, grid.best_score_=0.6944444444444444, grid.best_index_=0, acc=0.5, time=3.2668726444244385
21-07-2022 06:31:24|INFO|Is groups None: False 
21-07-2022 06:31:27|INFO|7/10|grid.best_params_={'C': 0.01, 'gamma': 1e-09, 'kernel': 'rbf', 'max_iter': 1000}, grid.best_score_=0.6666666666666666, grid.best_index_=0, acc=0.75, time=3.387143611907959
21-07-2022 06:31:27|INFO|Is groups None: False 
21-07-2022 06:31:31|INFO|8/10|grid.best_params_={'C': 0.01, 'gamma': 1e-09, 'kernel': 'rbf', 'max_iter': 1000}, grid.best_score_=0.6666666666666666, grid.best_index_=0, acc=0.75, time=3.461268663406372
21-07-2022 06:31:31|INFO|Is groups None: False 
21-07-2022 06:31:34|INFO|9/10|grid.best_params_={'C': 0.01, 'gamma': 1e-09, 'kernel': 'rbf', 'max_iter': 1000}, grid.best_score_=0.6666666666666666, grid.best_index_=0, acc=0.75, time=3.3494765758514404
21-07-2022 06:31:34|INFO|Is groups None: False 
21-07-2022 06:31:37|INFO|10/10|grid.best_params_={'C': 0.01, 'gamma': 1e-09, 'kernel': 'rbf', 'max_iter': 1000}, grid.best_score_=0.6666666666666666, grid.best_index_=0, acc=0.75, time=3.4329633712768555
21-07-2022 06:31:37|INFO|s14|10-CV=0.67500|STD=0.11456|Time spend=47.38492250442505
21-07-2022 06:31:51|INFO|Running Segment-First
21-07-2022 06:31:51|INFO|X.shape=(120, 2480), y.shape=(120,), groups.shape=(120,)
21-07-2022 06:31:51|INFO|Is groups None: False 
21-07-2022 06:31:55|INFO|1/10|grid.best_params_={'C': 100.0, 'gamma': 1e-05, 'kernel': 'rbf', 'max_iter': 1000}, grid.best_score_=0.4444444444444444, grid.best_index_=16, acc=0.4166666666666667, time=3.466834545135498
21-07-2022 06:31:55|INFO|Is groups None: False 
21-07-2022 06:31:58|INFO|2/10|grid.best_params_={'C': 100.0, 'gamma': 1e-05, 'kernel': 'rbf', 'max_iter': 1000}, grid.best_score_=0.5277777777777778, grid.best_index_=16, acc=0.5, time=3.630148410797119
21-07-2022 06:31:58|INFO|Is groups None: False 
21-07-2022 06:32:02|INFO|3/10|grid.best_params_={'C': 1000000.0, 'gamma': 1e-09, 'kernel': 'rbf', 'max_iter': 1000}, grid.best_score_=0.4907407407407407, grid.best_index_=28, acc=0.5833333333333334, time=3.6039018630981445
21-07-2022 06:32:02|INFO|Is groups None: False 
21-07-2022 06:32:05|INFO|4/10|grid.best_params_={'C': 100.0, 'gamma': 1e-05, 'kernel': 'rbf', 'max_iter': 1000}, grid.best_score_=0.4629629629629629, grid.best_index_=16, acc=0.6666666666666666, time=3.526545524597168
21-07-2022 06:32:05|INFO|Is groups None: False 
21-07-2022 06:32:09|INFO|5/10|grid.best_params_={'C': 100.0, 'gamma': 1e-05, 'kernel': 'rbf', 'max_iter': 1000}, grid.best_score_=0.4722222222222222, grid.best_index_=16, acc=0.4166666666666667, time=3.5971617698669434
21-07-2022 06:32:09|INFO|Is groups None: False 
21-07-2022 06:32:13|INFO|6/10|grid.best_params_={'C': 100.0, 'gamma': 1e-05, 'kernel': 'rbf', 'max_iter': 1000}, grid.best_score_=0.4351851851851852, grid.best_index_=16, acc=0.5833333333333334, time=3.661635398864746
21-07-2022 06:32:13|INFO|Is groups None: False 
21-07-2022 06:32:16|INFO|7/10|grid.best_params_={'C': 10000.0, 'gamma': 1e-07, 'kernel': 'rbf', 'max_iter': 1000}, grid.best_score_=0.5623456790123457, grid.best_index_=22, acc=0.25, time=3.5158004760742188
21-07-2022 06:32:16|INFO|Is groups None: False 
21-07-2022 06:32:20|INFO|8/10|grid.best_params_={'C': 1000000.0, 'gamma': 1e-09, 'kernel': 'rbf', 'max_iter': 1000}, grid.best_score_=0.4907407407407407, grid.best_index_=28, acc=0.5, time=3.546565294265747
21-07-2022 06:32:20|INFO|Is groups None: False 
21-07-2022 06:32:23|INFO|9/10|grid.best_params_={'C': 1000000.0, 'gamma': 1e-09, 'kernel': 'rbf', 'max_iter': 1000}, grid.best_score_=0.5462962962962963, grid.best_index_=28, acc=0.25, time=3.6154983043670654
21-07-2022 06:32:23|INFO|Is groups None: False 
21-07-2022 06:32:27|INFO|10/10|grid.best_params_={'C': 100.0, 'gamma': 1e-05, 'kernel': 'rbf', 'max_iter': 1000}, grid.best_score_=0.4722222222222222, grid.best_index_=16, acc=0.75, time=3.579948663711548
21-07-2022 06:32:27|INFO|s15|10-CV=0.49167|STD=0.15568|Time spend=49.41590929031372
21-07-2022 06:32:40|INFO|Running Segment-First
21-07-2022 06:32:40|INFO|X.shape=(120, 2480), y.shape=(120,), groups.shape=(120,)
21-07-2022 06:32:40|INFO|Is groups None: False 
21-07-2022 06:32:44|INFO|1/10|grid.best_params_={'C': 100.0, 'gamma': 1e-05, 'kernel': 'rbf', 'max_iter': 1000}, grid.best_score_=0.5648148148148148, grid.best_index_=16, acc=0.5833333333333334, time=3.617205858230591
21-07-2022 06:32:44|INFO|Is groups None: False 
21-07-2022 06:32:47|INFO|2/10|grid.best_params_={'C': 1000000.0, 'gamma': 1e-09, 'kernel': 'rbf', 'max_iter': 1000}, grid.best_score_=0.5648148148148148, grid.best_index_=28, acc=0.5833333333333334, time=3.551077127456665
21-07-2022 06:32:47|INFO|Is groups None: False 
21-07-2022 06:32:51|INFO|3/10|grid.best_params_={'C': 100.0, 'gamma': 1e-05, 'kernel': 'rbf', 'max_iter': 1000}, grid.best_score_=0.6018518518518519, grid.best_index_=16, acc=0.5833333333333334, time=3.482067108154297
21-07-2022 06:32:51|INFO|Is groups None: False 
21-07-2022 06:32:55|INFO|4/10|grid.best_params_={'C': 1000000.0, 'gamma': 1e-09, 'kernel': 'rbf', 'max_iter': 1000}, grid.best_score_=0.5462962962962963, grid.best_index_=28, acc=0.6666666666666666, time=3.6884825229644775
21-07-2022 06:32:55|INFO|Is groups None: False 
21-07-2022 06:32:58|INFO|5/10|grid.best_params_={'C': 1000000.0, 'gamma': 1e-09, 'kernel': 'rbf', 'max_iter': 1000}, grid.best_score_=0.574074074074074, grid.best_index_=28, acc=0.6666666666666666, time=3.61478590965271
21-07-2022 06:32:58|INFO|Is groups None: False 
21-07-2022 06:33:02|INFO|6/10|grid.best_params_={'C': 100.0, 'gamma': 1e-05, 'kernel': 'rbf', 'max_iter': 1000}, grid.best_score_=0.6018518518518517, grid.best_index_=16, acc=0.75, time=3.447154998779297
21-07-2022 06:33:02|INFO|Is groups None: False 
21-07-2022 06:33:05|INFO|7/10|grid.best_params_={'C': 100.0, 'gamma': 1e-05, 'kernel': 'rbf', 'max_iter': 1000}, grid.best_score_=0.611111111111111, grid.best_index_=16, acc=0.6666666666666666, time=3.6741459369659424
21-07-2022 06:33:05|INFO|Is groups None: False 
21-07-2022 06:33:09|INFO|8/10|grid.best_params_={'C': 100.0, 'gamma': 1e-05, 'kernel': 'rbf', 'max_iter': 1000}, grid.best_score_=0.5833333333333334, grid.best_index_=16, acc=0.75, time=3.6963491439819336
21-07-2022 06:33:09|INFO|Is groups None: False 
21-07-2022 06:33:13|INFO|9/10|grid.best_params_={'C': 100.0, 'gamma': 1e-05, 'kernel': 'rbf', 'max_iter': 1000}, grid.best_score_=0.5555555555555556, grid.best_index_=16, acc=0.5833333333333334, time=3.4527711868286133
21-07-2022 06:33:13|INFO|Is groups None: False 
21-07-2022 06:33:16|INFO|10/10|grid.best_params_={'C': 100.0, 'gamma': 1e-05, 'kernel': 'rbf', 'max_iter': 1000}, grid.best_score_=0.6111111111111112, grid.best_index_=16, acc=0.5833333333333334, time=3.678431272506714
21-07-2022 06:33:16|INFO|s16|10-CV=0.64167|STD=0.06509|Time spend=49.382243394851685
21-07-2022 06:33:30|INFO|Running Segment-First
21-07-2022 06:33:30|INFO|X.shape=(120, 2480), y.shape=(120,), groups.shape=(120,)
21-07-2022 06:33:30|INFO|Is groups None: False 
21-07-2022 06:33:33|INFO|1/10|grid.best_params_={'C': 1000000.0, 'gamma': 1e-09, 'kernel': 'rbf', 'max_iter': 1000}, grid.best_score_=0.6481481481481481, grid.best_index_=28, acc=0.4166666666666667, time=3.3647823333740234
21-07-2022 06:33:33|INFO|Is groups None: False 
21-07-2022 06:33:37|INFO|2/10|grid.best_params_={'C': 100.0, 'gamma': 1e-05, 'kernel': 'rbf', 'max_iter': 1000}, grid.best_score_=0.6851851851851852, grid.best_index_=16, acc=0.5, time=3.555326461791992
21-07-2022 06:33:37|INFO|Is groups None: False 
21-07-2022 06:33:40|INFO|3/10|grid.best_params_={'C': 100.0, 'gamma': 1e-05, 'kernel': 'rbf', 'max_iter': 1000}, grid.best_score_=0.6481481481481481, grid.best_index_=16, acc=0.6666666666666666, time=3.4935457706451416
21-07-2022 06:33:40|INFO|Is groups None: False 
21-07-2022 06:33:44|INFO|4/10|grid.best_params_={'C': 1.0, 'gamma': 0.001, 'kernel': 'rbf', 'max_iter': 1000}, grid.best_score_=0.6203703703703705, grid.best_index_=10, acc=0.5, time=3.3510100841522217
21-07-2022 06:33:44|INFO|Is groups None: False 
21-07-2022 06:33:47|INFO|5/10|grid.best_params_={'C': 100.0, 'gamma': 0.001, 'kernel': 'rbf', 'max_iter': 1000}, grid.best_score_=0.6574074074074074, grid.best_index_=17, acc=0.5833333333333334, time=3.478821277618408
21-07-2022 06:33:47|INFO|Is groups None: False 
21-07-2022 06:33:50|INFO|6/10|grid.best_params_={'C': 10000.0, 'gamma': 1e-07, 'kernel': 'rbf', 'max_iter': 1000}, grid.best_score_=0.6388888888888888, grid.best_index_=22, acc=0.6666666666666666, time=3.3994991779327393
21-07-2022 06:33:50|INFO|Is groups None: False 
21-07-2022 06:33:54|INFO|7/10|grid.best_params_={'C': 100.0, 'gamma': 0.001, 'kernel': 'rbf', 'max_iter': 1000}, grid.best_score_=0.6296296296296297, grid.best_index_=17, acc=0.5, time=3.337294578552246
21-07-2022 06:33:54|INFO|Is groups None: False 
21-07-2022 06:33:57|INFO|8/10|grid.best_params_={'C': 10000.0, 'gamma': 1e-07, 'kernel': 'rbf', 'max_iter': 1000}, grid.best_score_=0.6388888888888888, grid.best_index_=22, acc=0.5, time=3.517996311187744
21-07-2022 06:33:57|INFO|Is groups None: False 
21-07-2022 06:34:01|INFO|9/10|grid.best_params_={'C': 10000.0, 'gamma': 1e-07, 'kernel': 'rbf', 'max_iter': 1000}, grid.best_score_=0.6296296296296297, grid.best_index_=22, acc=0.6666666666666666, time=3.487915277481079
21-07-2022 06:34:01|INFO|Is groups None: False 
21-07-2022 06:34:04|INFO|10/10|grid.best_params_={'C': 10000.0, 'gamma': 1e-07, 'kernel': 'rbf', 'max_iter': 1000}, grid.best_score_=0.6018518518518519, grid.best_index_=22, acc=0.5833333333333334, time=3.443789482116699
21-07-2022 06:34:04|INFO|s17|10-CV=0.55833|STD=0.08375|Time spend=47.97647309303284
21-07-2022 06:34:18|INFO|Running Segment-First
21-07-2022 06:34:18|INFO|X.shape=(120, 2480), y.shape=(120,), groups.shape=(120,)
21-07-2022 06:34:18|INFO|Is groups None: False 
21-07-2022 06:34:22|INFO|1/10|grid.best_params_={'C': 0.01, 'gamma': 1e-09, 'kernel': 'rbf', 'max_iter': 1000}, grid.best_score_=0.6111111111111112, grid.best_index_=0, acc=0.75, time=3.703707218170166
21-07-2022 06:34:22|INFO|Is groups None: False 
21-07-2022 06:34:25|INFO|2/10|grid.best_params_={'C': 0.01, 'gamma': 1e-09, 'kernel': 'rbf', 'max_iter': 1000}, grid.best_score_=0.6388888888888888, grid.best_index_=0, acc=0.5, time=3.3469181060791016
21-07-2022 06:34:25|INFO|Is groups None: False 
21-07-2022 06:34:29|INFO|3/10|grid.best_params_={'C': 0.01, 'gamma': 1e-09, 'kernel': 'rbf', 'max_iter': 1000}, grid.best_score_=0.6111111111111112, grid.best_index_=0, acc=0.75, time=3.330990791320801
21-07-2022 06:34:29|INFO|Is groups None: False 
21-07-2022 06:34:32|INFO|4/10|grid.best_params_={'C': 0.01, 'gamma': 1e-09, 'kernel': 'rbf', 'max_iter': 1000}, grid.best_score_=0.6111111111111112, grid.best_index_=0, acc=0.75, time=3.4904139041900635
21-07-2022 06:34:32|INFO|Is groups None: False 
21-07-2022 06:34:36|INFO|5/10|grid.best_params_={'C': 0.01, 'gamma': 1e-09, 'kernel': 'rbf', 'max_iter': 1000}, grid.best_score_=0.6388888888888888, grid.best_index_=0, acc=0.5, time=3.3878352642059326
21-07-2022 06:34:36|INFO|Is groups None: False 
21-07-2022 06:34:39|INFO|6/10|grid.best_params_={'C': 0.01, 'gamma': 1e-09, 'kernel': 'rbf', 'max_iter': 1000}, grid.best_score_=0.6111111111111112, grid.best_index_=0, acc=0.75, time=3.415168523788452
21-07-2022 06:34:39|INFO|Is groups None: False 
21-07-2022 06:34:42|INFO|7/10|grid.best_params_={'C': 0.01, 'gamma': 1e-09, 'kernel': 'rbf', 'max_iter': 1000}, grid.best_score_=0.6388888888888888, grid.best_index_=0, acc=0.5, time=3.4479196071624756
21-07-2022 06:34:42|INFO|Is groups None: False 
21-07-2022 06:34:46|INFO|8/10|grid.best_params_={'C': 0.01, 'gamma': 1e-09, 'kernel': 'rbf', 'max_iter': 1000}, grid.best_score_=0.6388888888888888, grid.best_index_=0, acc=0.5, time=3.312800884246826
21-07-2022 06:34:46|INFO|Is groups None: False 
21-07-2022 06:34:49|INFO|9/10|grid.best_params_={'C': 0.01, 'gamma': 1e-09, 'kernel': 'rbf', 'max_iter': 1000}, grid.best_score_=0.6388888888888888, grid.best_index_=0, acc=0.5, time=3.449012041091919
21-07-2022 06:34:49|INFO|Is groups None: False 
21-07-2022 06:34:53|INFO|10/10|grid.best_params_={'C': 0.01, 'gamma': 1e-09, 'kernel': 'rbf', 'max_iter': 1000}, grid.best_score_=0.6111111111111112, grid.best_index_=0, acc=0.75, time=3.484260320663452
21-07-2022 06:34:53|INFO|s18|10-CV=0.62500|STD=0.12500|Time spend=48.507028341293335
21-07-2022 06:35:06|INFO|Running Segment-First
21-07-2022 06:35:06|INFO|X.shape=(120, 2480), y.shape=(120,), groups.shape=(120,)
21-07-2022 06:35:06|INFO|Is groups None: False 
21-07-2022 06:35:10|INFO|1/10|grid.best_params_={'C': 100.0, 'gamma': 0.001, 'kernel': 'rbf', 'max_iter': 1000}, grid.best_score_=0.675925925925926, grid.best_index_=17, acc=0.75, time=3.3760273456573486
21-07-2022 06:35:10|INFO|Is groups None: False 
21-07-2022 06:35:13|INFO|2/10|grid.best_params_={'C': 100.0, 'gamma': 0.001, 'kernel': 'rbf', 'max_iter': 1000}, grid.best_score_=0.675925925925926, grid.best_index_=17, acc=0.75, time=3.456981897354126
21-07-2022 06:35:13|INFO|Is groups None: False 
21-07-2022 06:35:16|INFO|3/10|grid.best_params_={'C': 0.01, 'gamma': 1e-09, 'kernel': 'rbf', 'max_iter': 1000}, grid.best_score_=0.6666666666666666, grid.best_index_=0, acc=0.75, time=3.223684072494507
21-07-2022 06:35:16|INFO|Is groups None: False 
21-07-2022 06:35:20|INFO|4/10|grid.best_params_={'C': 0.01, 'gamma': 1e-09, 'kernel': 'rbf', 'max_iter': 1000}, grid.best_score_=0.6944444444444444, grid.best_index_=0, acc=0.5, time=3.41723370552063
21-07-2022 06:35:20|INFO|Is groups None: False 
21-07-2022 06:35:23|INFO|5/10|grid.best_params_={'C': 100.0, 'gamma': 0.001, 'kernel': 'rbf', 'max_iter': 1000}, grid.best_score_=0.675925925925926, grid.best_index_=17, acc=0.75, time=3.3379745483398438
21-07-2022 06:35:23|INFO|Is groups None: False 
21-07-2022 06:35:26|INFO|6/10|grid.best_params_={'C': 0.01, 'gamma': 1e-09, 'kernel': 'rbf', 'max_iter': 1000}, grid.best_score_=0.6944444444444444, grid.best_index_=0, acc=0.5, time=3.412233352661133
21-07-2022 06:35:26|INFO|Is groups None: False 
21-07-2022 06:35:30|INFO|7/10|grid.best_params_={'C': 0.01, 'gamma': 1e-09, 'kernel': 'rbf', 'max_iter': 1000}, grid.best_score_=0.6944444444444444, grid.best_index_=0, acc=0.5, time=3.450860023498535
21-07-2022 06:35:30|INFO|Is groups None: False 
21-07-2022 06:35:33|INFO|8/10|grid.best_params_={'C': 0.01, 'gamma': 1e-09, 'kernel': 'rbf', 'max_iter': 1000}, grid.best_score_=0.6666666666666666, grid.best_index_=0, acc=0.75, time=3.3099589347839355
21-07-2022 06:35:33|INFO|Is groups None: False 
21-07-2022 06:35:36|INFO|9/10|grid.best_params_={'C': 0.01, 'gamma': 1e-09, 'kernel': 'rbf', 'max_iter': 1000}, grid.best_score_=0.6666666666666666, grid.best_index_=0, acc=0.75, time=3.2799601554870605
21-07-2022 06:35:36|INFO|Is groups None: False 
21-07-2022 06:35:40|INFO|10/10|grid.best_params_={'C': 0.01, 'gamma': 1e-09, 'kernel': 'rbf', 'max_iter': 1000}, grid.best_score_=0.6666666666666666, grid.best_index_=0, acc=0.75, time=3.465517044067383
21-07-2022 06:35:40|INFO|s19|10-CV=0.67500|STD=0.11456|Time spend=47.23271131515503
21-07-2022 06:35:53|INFO|Running Segment-First
21-07-2022 06:35:53|INFO|X.shape=(120, 2480), y.shape=(120,), groups.shape=(120,)
21-07-2022 06:35:53|INFO|Is groups None: False 
21-07-2022 06:35:57|INFO|1/10|grid.best_params_={'C': 0.01, 'gamma': 1e-09, 'kernel': 'rbf', 'max_iter': 1000}, grid.best_score_=0.7777777777777778, grid.best_index_=0, acc=0.75, time=3.3385515213012695
21-07-2022 06:35:57|INFO|Is groups None: False 
21-07-2022 06:36:00|INFO|2/10|grid.best_params_={'C': 0.01, 'gamma': 1e-09, 'kernel': 'rbf', 'max_iter': 1000}, grid.best_score_=0.7777777777777778, grid.best_index_=0, acc=0.75, time=3.391899585723877
21-07-2022 06:36:00|INFO|Is groups None: False 
21-07-2022 06:36:03|INFO|3/10|grid.best_params_={'C': 0.01, 'gamma': 1e-09, 'kernel': 'rbf', 'max_iter': 1000}, grid.best_score_=0.7777777777777778, grid.best_index_=0, acc=0.75, time=3.1442878246307373
21-07-2022 06:36:03|INFO|Is groups None: False 
21-07-2022 06:36:07|INFO|4/10|grid.best_params_={'C': 0.01, 'gamma': 1e-09, 'kernel': 'rbf', 'max_iter': 1000}, grid.best_score_=0.7777777777777778, grid.best_index_=0, acc=0.75, time=3.3885130882263184
21-07-2022 06:36:07|INFO|Is groups None: False 
21-07-2022 06:36:10|INFO|5/10|grid.best_params_={'C': 0.01, 'gamma': 1e-09, 'kernel': 'rbf', 'max_iter': 1000}, grid.best_score_=0.7777777777777778, grid.best_index_=0, acc=0.75, time=3.3087007999420166
21-07-2022 06:36:10|INFO|Is groups None: False 
21-07-2022 06:36:13|INFO|6/10|grid.best_params_={'C': 0.01, 'gamma': 1e-09, 'kernel': 'rbf', 'max_iter': 1000}, grid.best_score_=0.7777777777777778, grid.best_index_=0, acc=0.75, time=3.109354019165039
21-07-2022 06:36:13|INFO|Is groups None: False 
21-07-2022 06:36:16|INFO|7/10|grid.best_params_={'C': 0.01, 'gamma': 1e-09, 'kernel': 'rbf', 'max_iter': 1000}, grid.best_score_=0.7777777777777778, grid.best_index_=0, acc=0.75, time=3.2204060554504395
21-07-2022 06:36:16|INFO|Is groups None: False 
21-07-2022 06:36:19|INFO|8/10|grid.best_params_={'C': 0.01, 'gamma': 1e-09, 'kernel': 'rbf', 'max_iter': 1000}, grid.best_score_=0.7777777777777778, grid.best_index_=0, acc=0.75, time=3.202012062072754
21-07-2022 06:36:19|INFO|Is groups None: False 
21-07-2022 06:36:23|INFO|9/10|grid.best_params_={'C': 0.01, 'gamma': 1e-09, 'kernel': 'rbf', 'max_iter': 1000}, grid.best_score_=0.75, grid.best_index_=0, acc=1.0, time=3.246105432510376
21-07-2022 06:36:23|INFO|Is groups None: False 
21-07-2022 06:36:26|INFO|10/10|grid.best_params_={'C': 0.01, 'gamma': 1e-09, 'kernel': 'rbf', 'max_iter': 1000}, grid.best_score_=0.7777777777777778, grid.best_index_=0, acc=0.75, time=3.365877866744995
21-07-2022 06:36:26|INFO|s20|10-CV=0.77500|STD=0.07500|Time spend=46.0649836063385
21-07-2022 06:36:39|INFO|Running Segment-First
21-07-2022 06:36:39|INFO|X.shape=(120, 2480), y.shape=(120,), groups.shape=(120,)
21-07-2022 06:36:39|INFO|Is groups None: False 
21-07-2022 06:36:42|INFO|1/10|grid.best_params_={'C': 0.01, 'gamma': 1e-09, 'kernel': 'rbf', 'max_iter': 1000}, grid.best_score_=0.8055555555555556, grid.best_index_=0, acc=0.75, time=3.1322903633117676
21-07-2022 06:36:42|INFO|Is groups None: False 
21-07-2022 06:36:45|INFO|2/10|grid.best_params_={'C': 0.01, 'gamma': 1e-09, 'kernel': 'rbf', 'max_iter': 1000}, grid.best_score_=0.8055555555555556, grid.best_index_=0, acc=0.75, time=3.0830624103546143
21-07-2022 06:36:45|INFO|Is groups None: False 
21-07-2022 06:36:49|INFO|3/10|grid.best_params_={'C': 0.01, 'gamma': 1e-09, 'kernel': 'rbf', 'max_iter': 1000}, grid.best_score_=0.8055555555555556, grid.best_index_=0, acc=0.75, time=3.099261522293091
21-07-2022 06:36:49|INFO|Is groups None: False 
21-07-2022 06:36:52|INFO|4/10|grid.best_params_={'C': 0.01, 'gamma': 1e-09, 'kernel': 'rbf', 'max_iter': 1000}, grid.best_score_=0.8055555555555556, grid.best_index_=0, acc=0.75, time=3.3550467491149902
21-07-2022 06:36:52|INFO|Is groups None: False 
21-07-2022 06:36:55|INFO|5/10|grid.best_params_={'C': 0.01, 'gamma': 1e-09, 'kernel': 'rbf', 'max_iter': 1000}, grid.best_score_=0.8055555555555556, grid.best_index_=0, acc=0.75, time=3.1036620140075684
21-07-2022 06:36:55|INFO|Is groups None: False 
21-07-2022 06:36:58|INFO|6/10|grid.best_params_={'C': 0.01, 'gamma': 1e-09, 'kernel': 'rbf', 'max_iter': 1000}, grid.best_score_=0.8055555555555556, grid.best_index_=0, acc=0.75, time=3.1839892864227295
21-07-2022 06:36:58|INFO|Is groups None: False 
21-07-2022 06:37:02|INFO|7/10|grid.best_params_={'C': 0.01, 'gamma': 1e-09, 'kernel': 'rbf', 'max_iter': 1000}, grid.best_score_=0.8055555555555556, grid.best_index_=0, acc=0.75, time=3.3139092922210693
21-07-2022 06:37:02|INFO|Is groups None: False 
21-07-2022 06:37:05|INFO|8/10|grid.best_params_={'C': 0.01, 'gamma': 1e-09, 'kernel': 'rbf', 'max_iter': 1000}, grid.best_score_=0.7777777777777778, grid.best_index_=0, acc=1.0, time=3.195011615753174
21-07-2022 06:37:05|INFO|Is groups None: False 
21-07-2022 06:37:08|INFO|9/10|grid.best_params_={'C': 0.01, 'gamma': 1e-09, 'kernel': 'rbf', 'max_iter': 1000}, grid.best_score_=0.7777777777777778, grid.best_index_=0, acc=1.0, time=3.294408082962036
21-07-2022 06:37:08|INFO|Is groups None: False 
21-07-2022 06:37:11|INFO|10/10|grid.best_params_={'C': 0.01, 'gamma': 1e-09, 'kernel': 'rbf', 'max_iter': 1000}, grid.best_score_=0.8055555555555556, grid.best_index_=0, acc=0.75, time=3.086214065551758
21-07-2022 06:37:11|INFO|s21|10-CV=0.80000|STD=0.10000|Time spend=45.132980823516846
21-07-2022 06:37:24|INFO|Running Segment-First
21-07-2022 06:37:24|INFO|X.shape=(120, 2480), y.shape=(120,), groups.shape=(120,)
21-07-2022 06:37:24|INFO|Is groups None: False 
21-07-2022 06:37:28|INFO|1/10|grid.best_params_={'C': 0.01, 'gamma': 1e-09, 'kernel': 'rbf', 'max_iter': 1000}, grid.best_score_=0.6111111111111112, grid.best_index_=0, acc=0.5, time=3.4379968643188477
21-07-2022 06:37:28|INFO|Is groups None: False 
21-07-2022 06:37:31|INFO|2/10|grid.best_params_={'C': 0.01, 'gamma': 1e-09, 'kernel': 'rbf', 'max_iter': 1000}, grid.best_score_=0.6111111111111112, grid.best_index_=0, acc=0.5, time=3.3343796730041504
21-07-2022 06:37:31|INFO|Is groups None: False 
21-07-2022 06:37:35|INFO|3/10|grid.best_params_={'C': 0.01, 'gamma': 1e-09, 'kernel': 'rbf', 'max_iter': 1000}, grid.best_score_=0.5833333333333334, grid.best_index_=0, acc=0.75, time=3.6176939010620117
21-07-2022 06:37:35|INFO|Is groups None: False 
21-07-2022 06:37:38|INFO|4/10|grid.best_params_={'C': 0.01, 'gamma': 1e-09, 'kernel': 'rbf', 'max_iter': 1000}, grid.best_score_=0.6111111111111112, grid.best_index_=0, acc=0.5, time=3.5464119911193848
21-07-2022 06:37:38|INFO|Is groups None: False 
21-07-2022 06:37:41|INFO|5/10|grid.best_params_={'C': 10000.0, 'gamma': 1e-07, 'kernel': 'rbf', 'max_iter': 1000}, grid.best_score_=0.6388888888888888, grid.best_index_=22, acc=0.6666666666666666, time=3.299466133117676
21-07-2022 06:37:41|INFO|Is groups None: False 
21-07-2022 06:37:45|INFO|6/10|grid.best_params_={'C': 0.01, 'gamma': 1e-09, 'kernel': 'rbf', 'max_iter': 1000}, grid.best_score_=0.5833333333333334, grid.best_index_=0, acc=0.75, time=3.4426374435424805
21-07-2022 06:37:45|INFO|Is groups None: False 
21-07-2022 06:37:48|INFO|7/10|grid.best_params_={'C': 0.01, 'gamma': 1e-09, 'kernel': 'rbf', 'max_iter': 1000}, grid.best_score_=0.6111111111111112, grid.best_index_=0, acc=0.5, time=3.4398601055145264
21-07-2022 06:37:48|INFO|Is groups None: False 
21-07-2022 06:37:52|INFO|8/10|grid.best_params_={'C': 0.01, 'gamma': 1e-09, 'kernel': 'rbf', 'max_iter': 1000}, grid.best_score_=0.5833333333333334, grid.best_index_=0, acc=0.75, time=3.5211234092712402
21-07-2022 06:37:52|INFO|Is groups None: False 
21-07-2022 06:37:55|INFO|9/10|grid.best_params_={'C': 1000000.0, 'gamma': 1e-09, 'kernel': 'rbf', 'max_iter': 1000}, grid.best_score_=0.6018518518518519, grid.best_index_=28, acc=0.6666666666666666, time=3.549633502960205
21-07-2022 06:37:55|INFO|Is groups None: False 
21-07-2022 06:37:59|INFO|10/10|grid.best_params_={'C': 1000000.0, 'gamma': 1e-09, 'kernel': 'rbf', 'max_iter': 1000}, grid.best_score_=0.6944444444444444, grid.best_index_=28, acc=0.4166666666666667, time=3.579908609390259
21-07-2022 06:37:59|INFO|s22|10-CV=0.60000|STD=0.12247|Time spend=47.87124562263489
21-07-2022 06:38:12|INFO|Running Segment-First
21-07-2022 06:38:12|INFO|X.shape=(120, 2480), y.shape=(120,), groups.shape=(120,)
21-07-2022 06:38:13|INFO|Is groups None: False 
21-07-2022 06:38:16|INFO|1/10|grid.best_params_={'C': 0.01, 'gamma': 1e-09, 'kernel': 'rbf', 'max_iter': 1000}, grid.best_score_=0.75, grid.best_index_=0, acc=0.75, time=3.3710196018218994
21-07-2022 06:38:16|INFO|Is groups None: False 
21-07-2022 06:38:19|INFO|2/10|grid.best_params_={'C': 0.01, 'gamma': 1e-09, 'kernel': 'rbf', 'max_iter': 1000}, grid.best_score_=0.75, grid.best_index_=0, acc=0.75, time=3.4034783840179443
21-07-2022 06:38:19|INFO|Is groups None: False 
21-07-2022 06:38:23|INFO|3/10|grid.best_params_={'C': 0.01, 'gamma': 1e-09, 'kernel': 'rbf', 'max_iter': 1000}, grid.best_score_=0.75, grid.best_index_=0, acc=0.75, time=3.474839210510254
21-07-2022 06:38:23|INFO|Is groups None: False 
21-07-2022 06:38:26|INFO|4/10|grid.best_params_={'C': 0.01, 'gamma': 1e-09, 'kernel': 'rbf', 'max_iter': 1000}, grid.best_score_=0.75, grid.best_index_=0, acc=0.75, time=3.4126017093658447
21-07-2022 06:38:26|INFO|Is groups None: False 
21-07-2022 06:38:29|INFO|5/10|grid.best_params_={'C': 0.01, 'gamma': 1e-09, 'kernel': 'rbf', 'max_iter': 1000}, grid.best_score_=0.75, grid.best_index_=0, acc=0.75, time=3.1913323402404785
21-07-2022 06:38:29|INFO|Is groups None: False 
21-07-2022 06:38:33|INFO|6/10|grid.best_params_={'C': 0.01, 'gamma': 1e-09, 'kernel': 'rbf', 'max_iter': 1000}, grid.best_score_=0.75, grid.best_index_=0, acc=0.75, time=3.2482266426086426
21-07-2022 06:38:33|INFO|Is groups None: False 
21-07-2022 06:38:36|INFO|7/10|grid.best_params_={'C': 0.01, 'gamma': 1e-09, 'kernel': 'rbf', 'max_iter': 1000}, grid.best_score_=0.75, grid.best_index_=0, acc=0.75, time=3.5215821266174316
21-07-2022 06:38:36|INFO|Is groups None: False 
21-07-2022 06:38:39|INFO|8/10|grid.best_params_={'C': 0.01, 'gamma': 1e-09, 'kernel': 'rbf', 'max_iter': 1000}, grid.best_score_=0.75, grid.best_index_=0, acc=0.75, time=3.2508106231689453
21-07-2022 06:38:39|INFO|Is groups None: False 
21-07-2022 06:38:43|INFO|9/10|grid.best_params_={'C': 0.01, 'gamma': 1e-09, 'kernel': 'rbf', 'max_iter': 1000}, grid.best_score_=0.75, grid.best_index_=0, acc=0.75, time=3.262765884399414
21-07-2022 06:38:43|INFO|Is groups None: False 
21-07-2022 06:38:46|INFO|10/10|grid.best_params_={'C': 0.01, 'gamma': 1e-09, 'kernel': 'rbf', 'max_iter': 1000}, grid.best_score_=0.75, grid.best_index_=0, acc=0.75, time=3.3720221519470215
21-07-2022 06:38:46|INFO|s23|10-CV=0.75000|STD=0.00000|Time spend=47.04992651939392
21-07-2022 06:38:59|INFO|Running Segment-First
21-07-2022 06:38:59|INFO|X.shape=(120, 2480), y.shape=(120,), groups.shape=(120,)
21-07-2022 06:39:00|INFO|Is groups None: False 
21-07-2022 06:39:03|INFO|1/10|grid.best_params_={'C': 0.01, 'gamma': 1e-09, 'kernel': 'rbf', 'max_iter': 1000}, grid.best_score_=0.8333333333333334, grid.best_index_=0, acc=0.75, time=3.027667284011841
21-07-2022 06:39:03|INFO|Is groups None: False 
21-07-2022 06:39:06|INFO|2/10|grid.best_params_={'C': 0.01, 'gamma': 1e-09, 'kernel': 'rbf', 'max_iter': 1000}, grid.best_score_=0.8333333333333334, grid.best_index_=0, acc=0.75, time=3.171635627746582
21-07-2022 06:39:06|INFO|Is groups None: False 
21-07-2022 06:39:09|INFO|3/10|grid.best_params_={'C': 0.01, 'gamma': 1e-09, 'kernel': 'rbf', 'max_iter': 1000}, grid.best_score_=0.8333333333333334, grid.best_index_=0, acc=0.75, time=3.1264913082122803
21-07-2022 06:39:09|INFO|Is groups None: False 
21-07-2022 06:39:12|INFO|4/10|grid.best_params_={'C': 0.01, 'gamma': 1e-09, 'kernel': 'rbf', 'max_iter': 1000}, grid.best_score_=0.8333333333333334, grid.best_index_=0, acc=0.75, time=3.2222445011138916
21-07-2022 06:39:12|INFO|Is groups None: False 
21-07-2022 06:39:15|INFO|5/10|grid.best_params_={'C': 0.01, 'gamma': 1e-09, 'kernel': 'rbf', 'max_iter': 1000}, grid.best_score_=0.8333333333333334, grid.best_index_=0, acc=0.75, time=2.886172294616699
21-07-2022 06:39:15|INFO|Is groups None: False 
21-07-2022 06:39:18|INFO|6/10|grid.best_params_={'C': 0.01, 'gamma': 1e-09, 'kernel': 'rbf', 'max_iter': 1000}, grid.best_score_=0.8055555555555556, grid.best_index_=0, acc=1.0, time=3.176846504211426
21-07-2022 06:39:18|INFO|Is groups None: False 
21-07-2022 06:39:21|INFO|7/10|grid.best_params_={'C': 0.01, 'gamma': 1e-09, 'kernel': 'rbf', 'max_iter': 1000}, grid.best_score_=0.8055555555555556, grid.best_index_=0, acc=1.0, time=3.216390609741211
21-07-2022 06:39:21|INFO|Is groups None: False 
21-07-2022 06:39:24|INFO|8/10|grid.best_params_={'C': 0.01, 'gamma': 1e-09, 'kernel': 'rbf', 'max_iter': 1000}, grid.best_score_=0.8333333333333334, grid.best_index_=0, acc=0.75, time=3.041975498199463
21-07-2022 06:39:24|INFO|Is groups None: False 
21-07-2022 06:39:28|INFO|9/10|grid.best_params_={'C': 0.01, 'gamma': 1e-09, 'kernel': 'rbf', 'max_iter': 1000}, grid.best_score_=0.8055555555555556, grid.best_index_=0, acc=1.0, time=3.2586400508880615
21-07-2022 06:39:28|INFO|Is groups None: False 
21-07-2022 06:39:31|INFO|10/10|grid.best_params_={'C': 0.01, 'gamma': 1e-09, 'kernel': 'rbf', 'max_iter': 1000}, grid.best_score_=0.8333333333333334, grid.best_index_=0, acc=0.75, time=3.085775136947632
21-07-2022 06:39:31|INFO|s24|10-CV=0.82500|STD=0.11456|Time spend=44.732210636138916
21-07-2022 06:39:45|INFO|Running Segment-First
21-07-2022 06:39:45|INFO|X.shape=(120, 2480), y.shape=(120,), groups.shape=(120,)
21-07-2022 06:39:45|INFO|Is groups None: False 
21-07-2022 06:39:48|INFO|1/10|grid.best_params_={'C': 0.01, 'gamma': 1e-09, 'kernel': 'rbf', 'max_iter': 1000}, grid.best_score_=0.7222222222222222, grid.best_index_=0, acc=0.75, time=3.2820093631744385
21-07-2022 06:39:48|INFO|Is groups None: False 
21-07-2022 06:39:51|INFO|2/10|grid.best_params_={'C': 0.01, 'gamma': 1e-09, 'kernel': 'rbf', 'max_iter': 1000}, grid.best_score_=0.7222222222222222, grid.best_index_=0, acc=0.75, time=3.1936793327331543
21-07-2022 06:39:51|INFO|Is groups None: False 
21-07-2022 06:39:54|INFO|3/10|grid.best_params_={'C': 0.01, 'gamma': 1e-09, 'kernel': 'rbf', 'max_iter': 1000}, grid.best_score_=0.7222222222222222, grid.best_index_=0, acc=0.75, time=3.367128372192383
21-07-2022 06:39:54|INFO|Is groups None: False 
21-07-2022 06:39:58|INFO|4/10|grid.best_params_={'C': 10000.0, 'gamma': 1e-07, 'kernel': 'rbf', 'max_iter': 1000}, grid.best_score_=0.75, grid.best_index_=22, acc=0.6666666666666666, time=3.3105313777923584
21-07-2022 06:39:58|INFO|Is groups None: False 
21-07-2022 06:40:01|INFO|5/10|grid.best_params_={'C': 0.01, 'gamma': 1e-09, 'kernel': 'rbf', 'max_iter': 1000}, grid.best_score_=0.7222222222222222, grid.best_index_=0, acc=0.75, time=3.2348012924194336
21-07-2022 06:40:01|INFO|Is groups None: False 
21-07-2022 06:40:04|INFO|6/10|grid.best_params_={'C': 0.01, 'gamma': 1e-09, 'kernel': 'rbf', 'max_iter': 1000}, grid.best_score_=0.7222222222222222, grid.best_index_=0, acc=0.75, time=3.3814163208007812
21-07-2022 06:40:04|INFO|Is groups None: False 
21-07-2022 06:40:08|INFO|7/10|grid.best_params_={'C': 100.0, 'gamma': 1e-05, 'kernel': 'rbf', 'max_iter': 1000}, grid.best_score_=0.7222222222222223, grid.best_index_=16, acc=0.5, time=3.315971612930298
21-07-2022 06:40:08|INFO|Is groups None: False 
21-07-2022 06:40:11|INFO|8/10|grid.best_params_={'C': 0.01, 'gamma': 1e-09, 'kernel': 'rbf', 'max_iter': 1000}, grid.best_score_=0.7222222222222222, grid.best_index_=0, acc=0.75, time=3.3033361434936523
21-07-2022 06:40:11|INFO|Is groups None: False 
21-07-2022 06:40:14|INFO|9/10|grid.best_params_={'C': 0.01, 'gamma': 1e-09, 'kernel': 'rbf', 'max_iter': 1000}, grid.best_score_=0.7222222222222222, grid.best_index_=0, acc=0.75, time=3.456183433532715
21-07-2022 06:40:14|INFO|Is groups None: False 
21-07-2022 06:40:18|INFO|10/10|grid.best_params_={'C': 0.01, 'gamma': 1e-09, 'kernel': 'rbf', 'max_iter': 1000}, grid.best_score_=0.75, grid.best_index_=0, acc=0.5, time=3.2442619800567627
21-07-2022 06:40:18|INFO|s25|10-CV=0.69167|STD=0.09895|Time spend=46.92517971992493
21-07-2022 06:40:31|INFO|Running Segment-First
21-07-2022 06:40:31|INFO|X.shape=(120, 2480), y.shape=(120,), groups.shape=(120,)
21-07-2022 06:40:31|INFO|Is groups None: False 
21-07-2022 06:40:35|INFO|1/10|grid.best_params_={'C': 0.01, 'gamma': 1e-09, 'kernel': 'rbf', 'max_iter': 1000}, grid.best_score_=0.5833333333333334, grid.best_index_=0, acc=0.5, time=3.434256076812744
21-07-2022 06:40:35|INFO|Is groups None: False 
21-07-2022 06:40:38|INFO|2/10|grid.best_params_={'C': 0.01, 'gamma': 1e-09, 'kernel': 'rbf', 'max_iter': 1000}, grid.best_score_=0.5833333333333334, grid.best_index_=0, acc=0.5, time=3.4291954040527344
21-07-2022 06:40:38|INFO|Is groups None: False 
21-07-2022 06:40:42|INFO|3/10|grid.best_params_={'C': 100.0, 'gamma': 0.001, 'kernel': 'rbf', 'max_iter': 1000}, grid.best_score_=0.5925925925925927, grid.best_index_=17, acc=0.5, time=3.5382561683654785
21-07-2022 06:40:42|INFO|Is groups None: False 
21-07-2022 06:40:45|INFO|4/10|grid.best_params_={'C': 100.0, 'gamma': 0.001, 'kernel': 'rbf', 'max_iter': 1000}, grid.best_score_=0.6111111111111112, grid.best_index_=17, acc=0.5, time=3.5288658142089844
21-07-2022 06:40:45|INFO|Is groups None: False 
21-07-2022 06:40:49|INFO|5/10|grid.best_params_={'C': 1.0, 'gamma': 0.001, 'kernel': 'rbf', 'max_iter': 1000}, grid.best_score_=0.574074074074074, grid.best_index_=10, acc=0.75, time=3.5069894790649414
21-07-2022 06:40:49|INFO|Is groups None: False 
21-07-2022 06:40:52|INFO|6/10|grid.best_params_={'C': 0.01, 'gamma': 1e-09, 'kernel': 'rbf', 'max_iter': 1000}, grid.best_score_=0.5833333333333334, grid.best_index_=0, acc=0.5, time=3.4572255611419678
21-07-2022 06:40:52|INFO|Is groups None: False 
21-07-2022 06:40:56|INFO|7/10|grid.best_params_={'C': 0.01, 'gamma': 1e-09, 'kernel': 'rbf', 'max_iter': 1000}, grid.best_score_=0.5833333333333334, grid.best_index_=0, acc=0.5, time=3.6006197929382324
21-07-2022 06:40:56|INFO|Is groups None: False 
21-07-2022 06:41:00|INFO|8/10|grid.best_params_={'C': 100.0, 'gamma': 1e-05, 'kernel': 'rbf', 'max_iter': 1000}, grid.best_score_=0.5092592592592592, grid.best_index_=16, acc=0.5, time=3.604700803756714
21-07-2022 06:41:00|INFO|Is groups None: False 
21-07-2022 06:41:03|INFO|9/10|grid.best_params_={'C': 0.01, 'gamma': 1e-09, 'kernel': 'rbf', 'max_iter': 1000}, grid.best_score_=0.5833333333333334, grid.best_index_=0, acc=0.5, time=3.4496078491210938
21-07-2022 06:41:03|INFO|Is groups None: False 
21-07-2022 06:41:07|INFO|10/10|grid.best_params_={'C': 0.01, 'gamma': 1e-09, 'kernel': 'rbf', 'max_iter': 1000}, grid.best_score_=0.5555555555555556, grid.best_index_=0, acc=0.75, time=3.6725051403045654
21-07-2022 06:41:07|INFO|s26|10-CV=0.55000|STD=0.10000|Time spend=48.93530631065369
21-07-2022 06:41:20|INFO|Running Segment-First
21-07-2022 06:41:20|INFO|X.shape=(120, 2480), y.shape=(120,), groups.shape=(120,)
21-07-2022 06:41:20|INFO|Is groups None: False 
21-07-2022 06:41:24|INFO|1/10|grid.best_params_={'C': 0.01, 'gamma': 1e-09, 'kernel': 'rbf', 'max_iter': 1000}, grid.best_score_=0.6666666666666666, grid.best_index_=0, acc=0.75, time=3.2991769313812256
21-07-2022 06:41:24|INFO|Is groups None: False 
21-07-2022 06:41:27|INFO|2/10|grid.best_params_={'C': 0.01, 'gamma': 1e-09, 'kernel': 'rbf', 'max_iter': 1000}, grid.best_score_=0.6666666666666666, grid.best_index_=0, acc=0.75, time=3.42822003364563
21-07-2022 06:41:27|INFO|Is groups None: False 
21-07-2022 06:41:30|INFO|3/10|grid.best_params_={'C': 0.01, 'gamma': 1e-09, 'kernel': 'rbf', 'max_iter': 1000}, grid.best_score_=0.6666666666666666, grid.best_index_=0, acc=0.75, time=3.37907075881958
21-07-2022 06:41:30|INFO|Is groups None: False 
21-07-2022 06:41:34|INFO|4/10|grid.best_params_={'C': 0.01, 'gamma': 1e-09, 'kernel': 'rbf', 'max_iter': 1000}, grid.best_score_=0.6666666666666666, grid.best_index_=0, acc=0.75, time=3.369614601135254
21-07-2022 06:41:34|INFO|Is groups None: False 
21-07-2022 06:41:37|INFO|5/10|grid.best_params_={'C': 0.01, 'gamma': 1e-09, 'kernel': 'rbf', 'max_iter': 1000}, grid.best_score_=0.6666666666666666, grid.best_index_=0, acc=0.75, time=3.483487129211426
21-07-2022 06:41:37|INFO|Is groups None: False 
21-07-2022 06:41:41|INFO|6/10|grid.best_params_={'C': 0.01, 'gamma': 1e-09, 'kernel': 'rbf', 'max_iter': 1000}, grid.best_score_=0.6944444444444444, grid.best_index_=0, acc=0.5, time=3.3672027587890625
21-07-2022 06:41:41|INFO|Is groups None: False 
21-07-2022 06:41:44|INFO|7/10|grid.best_params_={'C': 0.01, 'gamma': 1e-09, 'kernel': 'rbf', 'max_iter': 1000}, grid.best_score_=0.6944444444444444, grid.best_index_=0, acc=0.5, time=3.4139058589935303
21-07-2022 06:41:44|INFO|Is groups None: False 
21-07-2022 06:41:47|INFO|8/10|grid.best_params_={'C': 0.01, 'gamma': 1e-09, 'kernel': 'rbf', 'max_iter': 1000}, grid.best_score_=0.6666666666666666, grid.best_index_=0, acc=0.75, time=3.4144914150238037
21-07-2022 06:41:47|INFO|Is groups None: False 
21-07-2022 06:41:51|INFO|9/10|grid.best_params_={'C': 0.01, 'gamma': 1e-09, 'kernel': 'rbf', 'max_iter': 1000}, grid.best_score_=0.6944444444444444, grid.best_index_=0, acc=0.5, time=3.368595838546753
21-07-2022 06:41:51|INFO|Is groups None: False 
21-07-2022 06:41:54|INFO|10/10|grid.best_params_={'C': 0.01, 'gamma': 1e-09, 'kernel': 'rbf', 'max_iter': 1000}, grid.best_score_=0.6666666666666666, grid.best_index_=0, acc=0.75, time=3.463561534881592
21-07-2022 06:41:54|INFO|s27|10-CV=0.67500|STD=0.11456|Time spend=47.64329195022583
21-07-2022 06:42:08|INFO|Running Segment-First
21-07-2022 06:42:08|INFO|X.shape=(120, 2480), y.shape=(120,), groups.shape=(120,)
21-07-2022 06:42:08|INFO|Is groups None: False 
21-07-2022 06:42:11|INFO|1/10|grid.best_params_={'C': 0.01, 'gamma': 1e-09, 'kernel': 'rbf', 'max_iter': 1000}, grid.best_score_=0.5462962962962963, grid.best_index_=0, acc=0.5, time=3.435133457183838
21-07-2022 06:42:11|INFO|Is groups None: False 
21-07-2022 06:42:15|INFO|2/10|grid.best_params_={'C': 0.01, 'gamma': 1e-09, 'kernel': 'rbf', 'max_iter': 1000}, grid.best_score_=0.5462962962962963, grid.best_index_=0, acc=0.5, time=3.702000617980957
21-07-2022 06:42:15|INFO|Is groups None: False 
21-07-2022 06:42:19|INFO|3/10|grid.best_params_={'C': 0.01, 'gamma': 1e-09, 'kernel': 'rbf', 'max_iter': 1000}, grid.best_score_=0.5462962962962963, grid.best_index_=0, acc=0.5, time=3.9137866497039795
21-07-2022 06:42:19|INFO|Is groups None: False 
21-07-2022 06:42:22|INFO|4/10|grid.best_params_={'C': 0.01, 'gamma': 1e-09, 'kernel': 'rbf', 'max_iter': 1000}, grid.best_score_=0.5462962962962963, grid.best_index_=0, acc=0.5, time=3.52410888671875
21-07-2022 06:42:22|INFO|Is groups None: False 
21-07-2022 06:42:26|INFO|5/10|grid.best_params_={'C': 0.01, 'gamma': 1e-09, 'kernel': 'rbf', 'max_iter': 1000}, grid.best_score_=0.5462962962962963, grid.best_index_=0, acc=0.5, time=3.4883973598480225
21-07-2022 06:42:26|INFO|Is groups None: False 
21-07-2022 06:42:29|INFO|6/10|grid.best_params_={'C': 0.01, 'gamma': 1e-09, 'kernel': 'rbf', 'max_iter': 1000}, grid.best_score_=0.5555555555555556, grid.best_index_=0, acc=0.5, time=3.551513671875
21-07-2022 06:42:29|INFO|Is groups None: False 
21-07-2022 06:42:33|INFO|7/10|grid.best_params_={'C': 0.01, 'gamma': 1e-09, 'kernel': 'rbf', 'max_iter': 1000}, grid.best_score_=0.5092592592592593, grid.best_index_=0, acc=0.75, time=3.5133931636810303
21-07-2022 06:42:33|INFO|Is groups None: False 
21-07-2022 06:42:36|INFO|8/10|grid.best_params_={'C': 0.01, 'gamma': 1e-09, 'kernel': 'rbf', 'max_iter': 1000}, grid.best_score_=0.5555555555555556, grid.best_index_=0, acc=0.5, time=3.4767098426818848
21-07-2022 06:42:36|INFO|Is groups None: False 
21-07-2022 06:42:40|INFO|9/10|grid.best_params_={'C': 0.01, 'gamma': 1e-09, 'kernel': 'rbf', 'max_iter': 1000}, grid.best_score_=0.42407407407407405, grid.best_index_=0, acc=0.75, time=3.592771291732788
21-07-2022 06:42:40|INFO|Is groups None: False 
21-07-2022 06:42:43|INFO|10/10|grid.best_params_={'C': 0.01, 'gamma': 1e-09, 'kernel': 'rbf', 'max_iter': 1000}, grid.best_score_=0.5370370370370371, grid.best_index_=0, acc=0.5, time=3.4063940048217773
21-07-2022 06:42:43|INFO|s28|10-CV=0.55000|STD=0.10000|Time spend=49.06537866592407
21-07-2022 06:42:57|INFO|Running Segment-First
21-07-2022 06:42:57|INFO|X.shape=(120, 2480), y.shape=(120,), groups.shape=(120,)
21-07-2022 06:42:57|INFO|Is groups None: False 
21-07-2022 06:43:00|INFO|1/10|grid.best_params_={'C': 0.01, 'gamma': 1e-09, 'kernel': 'rbf', 'max_iter': 1000}, grid.best_score_=0.6111111111111112, grid.best_index_=0, acc=0.75, time=3.4071805477142334
21-07-2022 06:43:00|INFO|Is groups None: False 
21-07-2022 06:43:04|INFO|2/10|grid.best_params_={'C': 1000000.0, 'gamma': 1e-09, 'kernel': 'rbf', 'max_iter': 1000}, grid.best_score_=0.6296296296296295, grid.best_index_=28, acc=0.5833333333333334, time=3.3761065006256104
21-07-2022 06:43:04|INFO|Is groups None: False 
21-07-2022 06:43:07|INFO|3/10|grid.best_params_={'C': 0.01, 'gamma': 1e-09, 'kernel': 'rbf', 'max_iter': 1000}, grid.best_score_=0.6111111111111112, grid.best_index_=0, acc=0.75, time=3.459221601486206
21-07-2022 06:43:07|INFO|Is groups None: False 
21-07-2022 06:43:11|INFO|4/10|grid.best_params_={'C': 0.01, 'gamma': 1e-09, 'kernel': 'rbf', 'max_iter': 1000}, grid.best_score_=0.6388888888888888, grid.best_index_=0, acc=0.5, time=3.5345983505249023
21-07-2022 06:43:11|INFO|Is groups None: False 
21-07-2022 06:43:14|INFO|5/10|grid.best_params_={'C': 0.01, 'gamma': 1e-09, 'kernel': 'rbf', 'max_iter': 1000}, grid.best_score_=0.6388888888888888, grid.best_index_=0, acc=0.5, time=3.421881914138794
21-07-2022 06:43:14|INFO|Is groups None: False 
21-07-2022 06:43:17|INFO|6/10|grid.best_params_={'C': 0.01, 'gamma': 1e-09, 'kernel': 'rbf', 'max_iter': 1000}, grid.best_score_=0.6388888888888888, grid.best_index_=0, acc=0.5, time=3.255953073501587
21-07-2022 06:43:17|INFO|Is groups None: False 
21-07-2022 06:43:21|INFO|7/10|grid.best_params_={'C': 0.01, 'gamma': 1e-09, 'kernel': 'rbf', 'max_iter': 1000}, grid.best_score_=0.6388888888888888, grid.best_index_=0, acc=0.5, time=3.555781841278076
21-07-2022 06:43:21|INFO|Is groups None: False 
21-07-2022 06:43:24|INFO|8/10|grid.best_params_={'C': 0.01, 'gamma': 1e-09, 'kernel': 'rbf', 'max_iter': 1000}, grid.best_score_=0.6388888888888888, grid.best_index_=0, acc=0.5, time=3.4955413341522217
21-07-2022 06:43:24|INFO|Is groups None: False 
21-07-2022 06:43:28|INFO|9/10|grid.best_params_={'C': 0.01, 'gamma': 1e-09, 'kernel': 'rbf', 'max_iter': 1000}, grid.best_score_=0.6111111111111112, grid.best_index_=0, acc=0.75, time=3.4322943687438965
21-07-2022 06:43:28|INFO|Is groups None: False 
21-07-2022 06:43:31|INFO|10/10|grid.best_params_={'C': 0.01, 'gamma': 1e-09, 'kernel': 'rbf', 'max_iter': 1000}, grid.best_score_=0.6111111111111112, grid.best_index_=0, acc=0.75, time=3.5738420486450195
21-07-2022 06:43:31|INFO|s29|10-CV=0.60833|STD=0.11815|Time spend=48.0962769985199
21-07-2022 06:43:45|INFO|Running Segment-First
21-07-2022 06:43:45|INFO|X.shape=(120, 2480), y.shape=(120,), groups.shape=(120,)
21-07-2022 06:43:45|INFO|Is groups None: False 
21-07-2022 06:43:48|INFO|1/10|grid.best_params_={'C': 100000000.0, 'gamma': 1e-09, 'kernel': 'rbf', 'max_iter': 1000}, grid.best_score_=0.5555555555555556, grid.best_index_=35, acc=0.75, time=3.3733115196228027
21-07-2022 06:43:48|INFO|Is groups None: False 
21-07-2022 06:43:52|INFO|2/10|grid.best_params_={'C': 10000.0, 'gamma': 1e-07, 'kernel': 'rbf', 'max_iter': 1000}, grid.best_score_=0.574074074074074, grid.best_index_=22, acc=0.5, time=3.6158950328826904
21-07-2022 06:43:52|INFO|Is groups None: False 
21-07-2022 06:43:56|INFO|3/10|grid.best_params_={'C': 1000000.0, 'gamma': 1e-09, 'kernel': 'rbf', 'max_iter': 1000}, grid.best_score_=0.5185185185185186, grid.best_index_=28, acc=0.5833333333333334, time=3.503242254257202
21-07-2022 06:43:56|INFO|Is groups None: False 
21-07-2022 06:43:59|INFO|4/10|grid.best_params_={'C': 1000000.0, 'gamma': 1e-09, 'kernel': 'rbf', 'max_iter': 1000}, grid.best_score_=0.5185185185185186, grid.best_index_=28, acc=0.5833333333333334, time=3.538463592529297
21-07-2022 06:43:59|INFO|Is groups None: False 
21-07-2022 06:44:03|INFO|5/10|grid.best_params_={'C': 0.01, 'gamma': 0.1, 'kernel': 'rbf', 'max_iter': 1000}, grid.best_score_=0.45370370370370366, grid.best_index_=4, acc=0.5, time=3.5813963413238525
21-07-2022 06:44:03|INFO|Is groups None: False 
21-07-2022 06:44:06|INFO|6/10|grid.best_params_={'C': 10000.0, 'gamma': 1e-07, 'kernel': 'rbf', 'max_iter': 1000}, grid.best_score_=0.5462962962962963, grid.best_index_=22, acc=0.5833333333333334, time=3.645616292953491
21-07-2022 06:44:06|INFO|Is groups None: False 
21-07-2022 06:44:10|INFO|7/10|grid.best_params_={'C': 100.0, 'gamma': 1e-05, 'kernel': 'rbf', 'max_iter': 1000}, grid.best_score_=0.5740740740740741, grid.best_index_=16, acc=0.3333333333333333, time=3.503506660461426
21-07-2022 06:44:10|INFO|Is groups None: False 
21-07-2022 06:44:14|INFO|8/10|grid.best_params_={'C': 100.0, 'gamma': 1e-05, 'kernel': 'rbf', 'max_iter': 1000}, grid.best_score_=0.5185185185185186, grid.best_index_=16, acc=0.5, time=3.6289942264556885
21-07-2022 06:44:14|INFO|Is groups None: False 
21-07-2022 06:44:17|INFO|9/10|grid.best_params_={'C': 10000.0, 'gamma': 1e-07, 'kernel': 'rbf', 'max_iter': 1000}, grid.best_score_=0.5740740740740741, grid.best_index_=22, acc=0.5, time=3.642524003982544
21-07-2022 06:44:17|INFO|Is groups None: False 
21-07-2022 06:44:21|INFO|10/10|grid.best_params_={'C': 10000.0, 'gamma': 1e-07, 'kernel': 'rbf', 'max_iter': 1000}, grid.best_score_=0.5277777777777778, grid.best_index_=22, acc=0.25, time=3.5332915782928467
21-07-2022 06:44:21|INFO|s30|10-CV=0.50833|STD=0.13150|Time spend=49.25312423706055
21-07-2022 06:44:35|INFO|Running Segment-First
21-07-2022 06:44:35|INFO|X.shape=(120, 2480), y.shape=(120,), groups.shape=(120,)
21-07-2022 06:44:35|INFO|Is groups None: False 
21-07-2022 06:44:38|INFO|1/10|grid.best_params_={'C': 1000000.0, 'gamma': 1e-09, 'kernel': 'rbf', 'max_iter': 1000}, grid.best_score_=0.6018518518518519, grid.best_index_=28, acc=0.5833333333333334, time=3.7210030555725098
21-07-2022 06:44:38|INFO|Is groups None: False 
21-07-2022 06:44:42|INFO|2/10|grid.best_params_={'C': 100.0, 'gamma': 1e-05, 'kernel': 'rbf', 'max_iter': 1000}, grid.best_score_=0.6018518518518519, grid.best_index_=16, acc=0.4166666666666667, time=3.584690570831299
21-07-2022 06:44:42|INFO|Is groups None: False 
21-07-2022 06:44:45|INFO|3/10|grid.best_params_={'C': 1000000.0, 'gamma': 1e-09, 'kernel': 'rbf', 'max_iter': 1000}, grid.best_score_=0.6018518518518519, grid.best_index_=28, acc=0.25, time=3.398653507232666
21-07-2022 06:44:45|INFO|Is groups None: False 
21-07-2022 06:44:49|INFO|4/10|grid.best_params_={'C': 1000000.0, 'gamma': 1e-09, 'kernel': 'rbf', 'max_iter': 1000}, grid.best_score_=0.5833333333333334, grid.best_index_=28, acc=0.5833333333333334, time=3.6581475734710693
21-07-2022 06:44:49|INFO|Is groups None: False 
21-07-2022 06:44:53|INFO|5/10|grid.best_params_={'C': 100.0, 'gamma': 1e-05, 'kernel': 'rbf', 'max_iter': 1000}, grid.best_score_=0.6111111111111112, grid.best_index_=16, acc=0.5, time=3.615736722946167
21-07-2022 06:44:53|INFO|Is groups None: False 
21-07-2022 06:44:56|INFO|6/10|grid.best_params_={'C': 100.0, 'gamma': 1e-05, 'kernel': 'rbf', 'max_iter': 1000}, grid.best_score_=0.5629629629629629, grid.best_index_=16, acc=0.5, time=3.546578884124756
21-07-2022 06:44:56|INFO|Is groups None: False 
21-07-2022 06:45:00|INFO|7/10|grid.best_params_={'C': 100.0, 'gamma': 1e-05, 'kernel': 'rbf', 'max_iter': 1000}, grid.best_score_=0.5185185185185186, grid.best_index_=16, acc=0.5833333333333334, time=3.698174238204956
21-07-2022 06:45:00|INFO|Is groups None: False 
21-07-2022 06:45:04|INFO|8/10|grid.best_params_={'C': 100.0, 'gamma': 1e-05, 'kernel': 'rbf', 'max_iter': 1000}, grid.best_score_=0.574074074074074, grid.best_index_=16, acc=0.75, time=3.6147043704986572
21-07-2022 06:45:04|INFO|Is groups None: False 
21-07-2022 06:45:07|INFO|9/10|grid.best_params_={'C': 100.0, 'gamma': 1e-05, 'kernel': 'rbf', 'max_iter': 1000}, grid.best_score_=0.6296296296296297, grid.best_index_=16, acc=0.5833333333333334, time=3.5107433795928955
21-07-2022 06:45:07|INFO|Is groups None: False 
21-07-2022 06:45:11|INFO|10/10|grid.best_params_={'C': 100.0, 'gamma': 1e-05, 'kernel': 'rbf', 'max_iter': 1000}, grid.best_score_=0.5185185185185186, grid.best_index_=16, acc=0.9166666666666666, time=3.6708128452301025
21-07-2022 06:45:11|INFO|s31|10-CV=0.56667|STD=0.16997|Time spend=50.11128544807434
21-07-2022 06:45:24|INFO|Running Segment-First
21-07-2022 06:45:24|INFO|X.shape=(120, 2480), y.shape=(120,), groups.shape=(120,)
21-07-2022 06:45:24|INFO|Is groups None: False 
21-07-2022 06:45:27|INFO|1/10|grid.best_params_={'C': 0.01, 'gamma': 1e-09, 'kernel': 'rbf', 'max_iter': 1000}, grid.best_score_=0.6666666666666666, grid.best_index_=0, acc=0.75, time=3.2259254455566406
21-07-2022 06:45:27|INFO|Is groups None: False 
21-07-2022 06:45:31|INFO|2/10|grid.best_params_={'C': 0.01, 'gamma': 1e-09, 'kernel': 'rbf', 'max_iter': 1000}, grid.best_score_=0.6944444444444444, grid.best_index_=0, acc=0.5, time=3.32824969291687
21-07-2022 06:45:31|INFO|Is groups None: False 
21-07-2022 06:45:34|INFO|3/10|grid.best_params_={'C': 0.01, 'gamma': 1e-09, 'kernel': 'rbf', 'max_iter': 1000}, grid.best_score_=0.6666666666666666, grid.best_index_=0, acc=0.75, time=3.4108505249023438
21-07-2022 06:45:34|INFO|Is groups None: False 
21-07-2022 06:45:38|INFO|4/10|grid.best_params_={'C': 0.01, 'gamma': 1e-09, 'kernel': 'rbf', 'max_iter': 1000}, grid.best_score_=0.6666666666666666, grid.best_index_=0, acc=0.75, time=3.3783767223358154
21-07-2022 06:45:38|INFO|Is groups None: False 
21-07-2022 06:45:41|INFO|5/10|grid.best_params_={'C': 0.01, 'gamma': 1e-09, 'kernel': 'rbf', 'max_iter': 1000}, grid.best_score_=0.6666666666666666, grid.best_index_=0, acc=0.75, time=3.4555740356445312
21-07-2022 06:45:41|INFO|Is groups None: False 
21-07-2022 06:45:44|INFO|6/10|grid.best_params_={'C': 0.01, 'gamma': 1e-09, 'kernel': 'rbf', 'max_iter': 1000}, grid.best_score_=0.6666666666666666, grid.best_index_=0, acc=0.75, time=3.3875153064727783
21-07-2022 06:45:44|INFO|Is groups None: False 
21-07-2022 06:45:48|INFO|7/10|grid.best_params_={'C': 0.01, 'gamma': 1e-09, 'kernel': 'rbf', 'max_iter': 1000}, grid.best_score_=0.6944444444444444, grid.best_index_=0, acc=0.5, time=3.303189516067505
21-07-2022 06:45:48|INFO|Is groups None: False 
21-07-2022 06:45:51|INFO|8/10|grid.best_params_={'C': 0.01, 'gamma': 1e-09, 'kernel': 'rbf', 'max_iter': 1000}, grid.best_score_=0.6666666666666666, grid.best_index_=0, acc=0.75, time=3.490696430206299
21-07-2022 06:45:51|INFO|Is groups None: False 
21-07-2022 06:45:55|INFO|9/10|grid.best_params_={'C': 0.01, 'gamma': 1e-09, 'kernel': 'rbf', 'max_iter': 1000}, grid.best_score_=0.6666666666666666, grid.best_index_=0, acc=0.75, time=3.3899827003479004
21-07-2022 06:45:55|INFO|Is groups None: False 
21-07-2022 06:45:58|INFO|10/10|grid.best_params_={'C': 0.01, 'gamma': 1e-09, 'kernel': 'rbf', 'max_iter': 1000}, grid.best_score_=0.6944444444444444, grid.best_index_=0, acc=0.5, time=3.2195277214050293
21-07-2022 06:45:58|INFO|s32|10-CV=0.67500|STD=0.11456|Time spend=47.01312756538391
21-07-2022 06:45:58|INFO|final|10-CV=0.63885|STD=0.03121
