21-07-2022 08:03:41|INFO|
    Running Command: 
        python3 main-ml.py --subject_setup independent --experimental_setup trial --stimuli_class arousal --preprocessing PLI --segment_lenght 20 --output_log ./output/independent-trial-arousal-PLI-20.log
    Starting training:
        segment_lenght:  20
        output_log:      ./output/independent-trial-arousal-PLI-20.log
        stimuli_class:   arousal
        preprocessing:   PLI
        subject_setup:   independent
        experimental_setup: trial
    
21-07-2022 08:10:08|INFO|Running Segment-First
21-07-2022 08:10:08|INFO|X.shape=(3840, 2480), y.shape=(3840,), groups.shape=(3840,)
21-07-2022 08:10:09|INFO|Is groups None: False 
21-07-2022 09:04:53|INFO|1/10|grid.best_params_={'C': 1.0, 'gamma': 0.001, 'kernel': 'rbf', 'max_iter': 1000}, grid.best_score_=0.5792824074074074, grid.best_index_=10, acc=0.5572916666666666, time=3284.5202152729034
21-07-2022 09:04:53|INFO|Is groups None: False 
21-07-2022 09:59:26|INFO|2/10|grid.best_params_={'C': 0.01, 'gamma': 10.0, 'kernel': 'rbf', 'max_iter': 1000}, grid.best_score_=0.5763888888888888, grid.best_index_=5, acc=0.5703125, time=3272.4927513599396
21-07-2022 09:59:26|INFO|Is groups None: False 
21-07-2022 10:53:55|INFO|3/10|grid.best_params_={'C': 0.01, 'gamma': 10.0, 'kernel': 'rbf', 'max_iter': 1000}, grid.best_score_=0.5755208333333334, grid.best_index_=5, acc=0.578125, time=3269.6781713962555
21-07-2022 10:53:55|INFO|Is groups None: False 
21-07-2022 12:07:13|INFO|
    Running Command: 
        python3 main-ml.py --subject_setup independent --experimental_setup trial --stimuli_class arousal --preprocessing PLI --segment_lenght 20 --output_log ./output/independent-trial-arousal-PLI-20.log
    Starting training:
        segment_lenght:  20
        output_log:      ./output/independent-trial-arousal-PLI-20.log
        stimuli_class:   arousal
        preprocessing:   PLI
        subject_setup:   independent
        experimental_setup: trial
    
21-07-2022 12:13:37|INFO|Running Segment-First
21-07-2022 12:13:37|INFO|X.shape=(3840, 2480), y.shape=(3840,), groups.shape=(3840,)
21-07-2022 12:13:38|INFO|Is groups None: False 
21-07-2022 13:09:13|INFO|4/10|grid.best_params_={'C': 0.01, 'gamma': 10.0, 'kernel': 'rbf', 'max_iter': 1000}, grid.best_score_=0.5755208333333334, grid.best_index_=5, acc=0.578125, time=3335.3184542655945
21-07-2022 13:09:13|INFO|Is groups None: False 
21-07-2022 14:04:38|INFO|5/10|grid.best_params_={'C': 1.0, 'gamma': 0.001, 'kernel': 'rbf', 'max_iter': 1000}, grid.best_score_=0.5847800925925927, grid.best_index_=10, acc=0.5859375, time=3324.861507177353
21-07-2022 14:04:38|INFO|Is groups None: False 
21-07-2022 15:00:06|INFO|6/10|grid.best_params_={'C': 1.0, 'gamma': 0.001, 'kernel': 'rbf', 'max_iter': 1000}, grid.best_score_=0.5815972222222221, grid.best_index_=10, acc=0.5546875, time=3328.405353784561
21-07-2022 15:00:06|INFO|Is groups None: False 
21-07-2022 15:55:33|INFO|7/10|grid.best_params_={'C': 0.01, 'gamma': 10.0, 'kernel': 'rbf', 'max_iter': 1000}, grid.best_score_=0.5755208333333334, grid.best_index_=5, acc=0.578125, time=3326.7137546539307
21-07-2022 15:55:33|INFO|Is groups None: False 
21-07-2022 16:50:57|INFO|8/10|grid.best_params_={'C': 0.01, 'gamma': 10.0, 'kernel': 'rbf', 'max_iter': 1000}, grid.best_score_=0.5763888888888888, grid.best_index_=5, acc=0.5703125, time=3323.8097484111786
21-07-2022 16:50:57|INFO|Is groups None: False 
21-07-2022 17:46:17|INFO|9/10|grid.best_params_={'C': 0.01, 'gamma': 10.0, 'kernel': 'rbf', 'max_iter': 1000}, grid.best_score_=0.5755208333333334, grid.best_index_=5, acc=0.578125, time=3320.140380859375
21-07-2022 17:46:17|INFO|Is groups None: False 
21-07-2022 18:41:41|INFO|10/10|grid.best_params_={'C': 1.0, 'gamma': 0.001, 'kernel': 'rbf', 'max_iter': 1000}, grid.best_score_=0.5818865740740741, grid.best_index_=10, acc=0.5755208333333334, time=3324.2032935619354
21-07-2022 18:41:41|INFO|all|10-CV=0.57440|STD=0.00911|Time spend=23668.86045026779
21-07-2022 18:41:41|INFO|final|10-CV=0.57440|STD=0.00000
