21-07-2022 18:42:09|INFO|
    Running Command: 
        python3 main-ml.py --subject_setup independent --experimental_setup segment --stimuli_class arousal --preprocessing PLI --segment_lenght 20 --output_log ./output/independent-segment-arousal-PLI-20.log
    Starting training:
        segment_lenght:  20
        output_log:      ./output/independent-segment-arousal-PLI-20.log
        stimuli_class:   arousal
        preprocessing:   PLI
        subject_setup:   independent
        experimental_setup: segment
    
21-07-2022 18:48:41|INFO|Running Split-First
21-07-2022 18:48:41|INFO|X.shape=(3840, 2480), y.shape=(3840,), groups.shape=(3840,)
21-07-2022 18:48:41|INFO|Is groups None: True 
21-07-2022 19:44:13|INFO|1/10|grid.best_params_={'C': 1.0, 'gamma': 0.001, 'kernel': 'rbf', 'max_iter': 1000}, grid.best_score_=0.5894097222222223, grid.best_index_=10, acc=0.5390625, time=3332.1642365455627
21-07-2022 19:44:13|INFO|Is groups None: True 
21-07-2022 20:39:28|INFO|2/10|grid.best_params_={'C': 1.0, 'gamma': 0.001, 'kernel': 'rbf', 'max_iter': 1000}, grid.best_score_=0.5986689814814814, grid.best_index_=10, acc=0.4036458333333333, time=3315.2980172634125
21-07-2022 20:39:28|INFO|Is groups None: True 
21-07-2022 21:35:05|INFO|3/10|grid.best_params_={'C': 1.0, 'gamma': 0.001, 'kernel': 'rbf', 'max_iter': 1000}, grid.best_score_=0.6030092592592593, grid.best_index_=10, acc=0.3619791666666667, time=3336.8274841308594
21-07-2022 21:35:05|INFO|Is groups None: True 
21-07-2022 22:30:12|INFO|4/10|grid.best_params_={'C': 1.0, 'gamma': 0.001, 'kernel': 'rbf', 'max_iter': 1000}, grid.best_score_=0.5902777777777778, grid.best_index_=10, acc=0.4739583333333333, time=3307.0631036758423
21-07-2022 22:30:12|INFO|Is groups None: True 
21-07-2022 23:25:19|INFO|5/10|grid.best_params_={'C': 1.0, 'gamma': 0.001, 'kernel': 'rbf', 'max_iter': 1000}, grid.best_score_=0.6180555555555556, grid.best_index_=10, acc=0.4401041666666667, time=3307.1055443286896
21-07-2022 23:25:19|INFO|Is groups None: True 
22-07-2022 00:20:27|INFO|6/10|grid.best_params_={'C': 1.0, 'gamma': 0.001, 'kernel': 'rbf', 'max_iter': 1000}, grid.best_score_=0.5902777777777778, grid.best_index_=10, acc=0.4296875, time=3307.5228645801544
22-07-2022 00:20:27|INFO|Is groups None: True 
22-07-2022 01:15:34|INFO|7/10|grid.best_params_={'C': 1.0, 'gamma': 0.001, 'kernel': 'rbf', 'max_iter': 1000}, grid.best_score_=0.5827546296296297, grid.best_index_=10, acc=0.5520833333333334, time=3307.7387936115265
22-07-2022 01:15:34|INFO|Is groups None: True 
22-07-2022 02:10:44|INFO|8/10|grid.best_params_={'C': 1.0, 'gamma': 0.001, 'kernel': 'rbf', 'max_iter': 1000}, grid.best_score_=0.583912037037037, grid.best_index_=10, acc=0.4713541666666667, time=3309.7543098926544
22-07-2022 02:10:44|INFO|Is groups None: True 
22-07-2022 03:05:50|INFO|9/10|grid.best_params_={'C': 1.0, 'gamma': 0.001, 'kernel': 'rbf', 'max_iter': 1000}, grid.best_score_=0.6006944444444445, grid.best_index_=10, acc=0.5130208333333334, time=3306.338215112686
22-07-2022 03:05:51|INFO|Is groups None: True 
22-07-2022 04:01:01|INFO|10/10|grid.best_params_={'C': 1.0, 'gamma': 0.001, 'kernel': 'rbf', 'max_iter': 1000}, grid.best_score_=0.5795717592592592, grid.best_index_=10, acc=0.578125, time=3310.1905159950256
22-07-2022 04:01:01|INFO|all|10-CV=0.47630|STD=0.06577|Time spend=33531.23009228706
22-07-2022 04:01:01|INFO|final|10-CV=0.47630|STD=0.00000
