20-07-2022 23:20:55|INFO|
    Running Command: 
        python3 main-ml.py --subject_setup independent --experimental_setup segment --stimuli_class arousal --preprocessing PLI --segment_lenght 60 --output_log ./output/independent-segment-arousal-PLI-60.log
    Starting training:
        segment_lenght:  60
        output_log:      ./output/independent-segment-arousal-PLI-60.log
        stimuli_class:   arousal
        preprocessing:   PLI
        subject_setup:   independent
        experimental_setup: segment
    
21-07-2022 01:16:29|INFO|
    Running Command: 
        python3 main-ml.py --subject_setup independent --experimental_setup segment --stimuli_class arousal --preprocessing PLI --segment_lenght 60 --output_log ./output/independent-segment-arousal-PLI-60.log
    Starting training:
        segment_lenght:  60
        output_log:      ./output/independent-segment-arousal-PLI-60.log
        stimuli_class:   arousal
        preprocessing:   PLI
        subject_setup:   independent
        experimental_setup: segment
    
21-07-2022 01:23:36|INFO|Running Split-First
21-07-2022 01:23:36|INFO|X.shape=(1280, 2480), y.shape=(1280,), groups.shape=(1280,)
21-07-2022 01:23:36|INFO|Is groups None: True 
21-07-2022 01:33:14|INFO|1/10|grid.best_params_={'C': 100.0, 'gamma': 0.001, 'kernel': 'rbf', 'max_iter': 1000}, grid.best_score_=0.59375, grid.best_index_=17, acc=0.59375, time=577.3827166557312
21-07-2022 01:33:14|INFO|Is groups None: True 
21-07-2022 01:42:32|INFO|2/10|grid.best_params_={'C': 100.0, 'gamma': 0.001, 'kernel': 'rbf', 'max_iter': 1000}, grid.best_score_=0.6154513888888888, grid.best_index_=17, acc=0.40625, time=557.9600570201874
21-07-2022 01:42:32|INFO|Is groups None: True 
21-07-2022 01:51:49|INFO|3/10|grid.best_params_={'C': 100.0, 'gamma': 0.001, 'kernel': 'rbf', 'max_iter': 1000}, grid.best_score_=0.6154513888888888, grid.best_index_=17, acc=0.3203125, time=557.2381563186646
21-07-2022 01:51:49|INFO|Is groups None: True 
21-07-2022 02:01:06|INFO|4/10|grid.best_params_={'C': 100.0, 'gamma': 0.001, 'kernel': 'rbf', 'max_iter': 1000}, grid.best_score_=0.6032986111111112, grid.best_index_=17, acc=0.4375, time=556.7729439735413
21-07-2022 02:01:06|INFO|Is groups None: True 
21-07-2022 02:10:22|INFO|5/10|grid.best_params_={'C': 100.0, 'gamma': 0.001, 'kernel': 'rbf', 'max_iter': 1000}, grid.best_score_=0.6223958333333334, grid.best_index_=17, acc=0.3515625, time=555.7894425392151
21-07-2022 02:10:22|INFO|Is groups None: True 
21-07-2022 02:19:38|INFO|6/10|grid.best_params_={'C': 1.0, 'gamma': 0.001, 'kernel': 'rbf', 'max_iter': 1000}, grid.best_score_=0.6076388888888888, grid.best_index_=10, acc=0.40625, time=556.7516105175018
21-07-2022 02:19:38|INFO|Is groups None: True 
21-07-2022 02:28:56|INFO|7/10|grid.best_params_={'C': 100.0, 'gamma': 0.001, 'kernel': 'rbf', 'max_iter': 1000}, grid.best_score_=0.6154513888888888, grid.best_index_=17, acc=0.5546875, time=557.3492188453674
21-07-2022 02:28:56|INFO|Is groups None: True 
21-07-2022 02:38:13|INFO|8/10|grid.best_params_={'C': 1.0, 'gamma': 0.001, 'kernel': 'rbf', 'max_iter': 1000}, grid.best_score_=0.59375, grid.best_index_=10, acc=0.421875, time=557.6737253665924
21-07-2022 02:38:13|INFO|Is groups None: True 
21-07-2022 02:47:31|INFO|9/10|grid.best_params_={'C': 100.0, 'gamma': 0.001, 'kernel': 'rbf', 'max_iter': 1000}, grid.best_score_=0.5972222222222222, grid.best_index_=17, acc=0.5546875, time=557.4725060462952
21-07-2022 02:47:31|INFO|Is groups None: True 
21-07-2022 02:56:49|INFO|10/10|grid.best_params_={'C': 100.0, 'gamma': 0.001, 'kernel': 'rbf', 'max_iter': 1000}, grid.best_score_=0.5911458333333334, grid.best_index_=17, acc=0.5234375, time=557.8484942913055
21-07-2022 02:56:49|INFO|all|10-CV=0.45703|STD=0.08875|Time spend=6019.744859457016
21-07-2022 02:56:49|INFO|final|10-CV=0.45703|STD=0.00000
