05-06-2022 22:44:19|INFO|
    Running Command: 
        python3 main-ml.py --subject_setup dependent --experimental_setup segment --stimuli_class valence --preprocessing PCC_TIME --segment_lenght 12 --output_log ./output/dependent-segment-valence-PCC_TIME-12.log
    Starting training:
        segment_lenght:  12
        output_log:      ./output/dependent-segment-valence-PCC_TIME-12.log
        stimuli_class:   valence
        preprocessing:   PCC_TIME
        subject_setup:   dependent
        experimental_setup: segment
    
05-06-2022 22:44:20|INFO|Running Split-First
05-06-2022 22:44:20|INFO|X.shape=(200, 496), y.shape=(200,), groups.shape=(200,)
05-06-2022 22:44:20|INFO|Is groups None: True 
05-06-2022 22:44:39|INFO|1/10|grid.best_params_={'C': 1.0, 'gamma': 0.001, 'kernel': 'rbf', 'max_iter': 1000}, grid.best_score_=0.6055555555555555, grid.best_index_=10, acc=0.5, time=18.82924199104309
05-06-2022 22:44:39|INFO|Is groups None: True 
05-06-2022 22:44:40|INFO|2/10|grid.best_params_={'C': 1.0, 'gamma': 0.001, 'kernel': 'rbf', 'max_iter': 1000}, grid.best_score_=0.5722222222222223, grid.best_index_=10, acc=0.65, time=0.954465389251709
05-06-2022 22:44:40|INFO|Is groups None: True 
05-06-2022 22:44:41|INFO|3/10|grid.best_params_={'C': 100.0, 'gamma': 0.001, 'kernel': 'rbf', 'max_iter': 1000}, grid.best_score_=0.55, grid.best_index_=17, acc=0.7, time=0.8203835487365723
05-06-2022 22:44:41|INFO|Is groups None: True 
05-06-2022 22:44:42|INFO|4/10|grid.best_params_={'C': 1.0, 'gamma': 0.001, 'kernel': 'rbf', 'max_iter': 1000}, grid.best_score_=0.6000000000000001, grid.best_index_=10, acc=0.6, time=0.7967863082885742
05-06-2022 22:44:42|INFO|Is groups None: True 
05-06-2022 22:44:43|INFO|5/10|grid.best_params_={'C': 100.0, 'gamma': 0.001, 'kernel': 'rbf', 'max_iter': 1000}, grid.best_score_=0.5833333333333334, grid.best_index_=17, acc=0.65, time=0.8792457580566406
05-06-2022 22:44:43|INFO|Is groups None: True 
05-06-2022 22:44:44|INFO|6/10|grid.best_params_={'C': 1.0, 'gamma': 0.001, 'kernel': 'rbf', 'max_iter': 1000}, grid.best_score_=0.6166666666666667, grid.best_index_=10, acc=0.75, time=0.7939703464508057
05-06-2022 22:44:44|INFO|Is groups None: True 
05-06-2022 22:44:44|INFO|7/10|grid.best_params_={'C': 1.0, 'gamma': 0.001, 'kernel': 'rbf', 'max_iter': 1000}, grid.best_score_=0.6000000000000001, grid.best_index_=10, acc=0.65, time=0.8072915077209473
05-06-2022 22:44:44|INFO|Is groups None: True 
05-06-2022 22:45:04|INFO|8/10|grid.best_params_={'C': 10000.0, 'gamma': 1e-05, 'kernel': 'rbf', 'max_iter': 1000}, grid.best_score_=0.6333333333333333, grid.best_index_=23, acc=0.55, time=19.56588363647461
05-06-2022 22:45:04|INFO|Is groups None: True 
05-06-2022 22:45:05|INFO|9/10|grid.best_params_={'C': 100.0, 'gamma': 0.001, 'kernel': 'rbf', 'max_iter': 1000}, grid.best_score_=0.5944444444444444, grid.best_index_=17, acc=0.55, time=0.8286621570587158
05-06-2022 22:45:05|INFO|Is groups None: True 
05-06-2022 22:45:06|INFO|10/10|grid.best_params_={'C': 100.0, 'gamma': 0.001, 'kernel': 'rbf', 'max_iter': 1000}, grid.best_score_=0.6000000000000001, grid.best_index_=17, acc=0.55, time=0.8936901092529297
05-06-2022 22:45:06|INFO|s01|10-CV=0.61500|STD=0.07433|Time spend=46.644142150878906
05-06-2022 22:45:07|INFO|Running Split-First
05-06-2022 22:45:07|INFO|X.shape=(200, 496), y.shape=(200,), groups.shape=(200,)
05-06-2022 22:45:07|INFO|Is groups None: True 
05-06-2022 22:45:08|INFO|1/10|grid.best_params_={'C': 1000000.0, 'gamma': 1e-07, 'kernel': 'rbf', 'max_iter': 1000}, grid.best_score_=0.6444444444444445, grid.best_index_=29, acc=0.55, time=0.8003721237182617
05-06-2022 22:45:08|INFO|Is groups None: True 
05-06-2022 22:46:04|INFO|2/10|grid.best_params_={'C': 10000.0, 'gamma': 1e-05, 'kernel': 'rbf', 'max_iter': 1000}, grid.best_score_=0.6277777777777778, grid.best_index_=23, acc=0.7, time=55.86139440536499
05-06-2022 22:46:04|INFO|Is groups None: True 
05-06-2022 22:46:05|INFO|3/10|grid.best_params_={'C': 10000.0, 'gamma': 1e-05, 'kernel': 'rbf', 'max_iter': 1000}, grid.best_score_=0.6555555555555556, grid.best_index_=23, acc=0.65, time=0.8891048431396484
05-06-2022 22:46:05|INFO|Is groups None: True 
05-06-2022 22:46:05|INFO|4/10|grid.best_params_={'C': 100.0, 'gamma': 0.001, 'kernel': 'rbf', 'max_iter': 1000}, grid.best_score_=0.6555555555555556, grid.best_index_=17, acc=0.4, time=0.7026078701019287
05-06-2022 22:46:05|INFO|Is groups None: True 
05-06-2022 22:46:06|INFO|5/10|grid.best_params_={'C': 10000.0, 'gamma': 1e-05, 'kernel': 'rbf', 'max_iter': 1000}, grid.best_score_=0.6055555555555556, grid.best_index_=23, acc=0.6, time=0.7263534069061279
05-06-2022 22:46:06|INFO|Is groups None: True 
05-06-2022 22:46:07|INFO|6/10|grid.best_params_={'C': 10000.0, 'gamma': 1e-05, 'kernel': 'rbf', 'max_iter': 1000}, grid.best_score_=0.6611111111111111, grid.best_index_=23, acc=0.5, time=0.890803337097168
05-06-2022 22:46:07|INFO|Is groups None: True 
05-06-2022 22:46:08|INFO|7/10|grid.best_params_={'C': 10000.0, 'gamma': 1e-05, 'kernel': 'rbf', 'max_iter': 1000}, grid.best_score_=0.6666666666666667, grid.best_index_=23, acc=0.5, time=0.8154387474060059
05-06-2022 22:46:08|INFO|Is groups None: True 
05-06-2022 22:46:09|INFO|8/10|grid.best_params_={'C': 1.0, 'gamma': 0.001, 'kernel': 'rbf', 'max_iter': 1000}, grid.best_score_=0.6222222222222222, grid.best_index_=10, acc=0.6, time=0.7851486206054688
05-06-2022 22:46:09|INFO|Is groups None: True 
05-06-2022 22:46:10|INFO|9/10|grid.best_params_={'C': 100.0, 'gamma': 0.001, 'kernel': 'rbf', 'max_iter': 1000}, grid.best_score_=0.6444444444444444, grid.best_index_=17, acc=0.55, time=0.9875528812408447
05-06-2022 22:46:10|INFO|Is groups None: True 
05-06-2022 22:46:10|INFO|10/10|grid.best_params_={'C': 1000000.0, 'gamma': 1e-09, 'kernel': 'rbf', 'max_iter': 1000}, grid.best_score_=0.6055555555555556, grid.best_index_=28, acc=0.7, time=0.7716870307922363
05-06-2022 22:46:10|INFO|s02|10-CV=0.57500|STD=0.09014|Time spend=64.63746070861816
05-06-2022 22:46:11|INFO|Running Split-First
05-06-2022 22:46:11|INFO|X.shape=(200, 496), y.shape=(200,), groups.shape=(200,)
05-06-2022 22:46:11|INFO|Is groups None: True 
05-06-2022 22:46:12|INFO|1/10|grid.best_params_={'C': 100000000.0, 'gamma': 1e-07, 'kernel': 'rbf', 'max_iter': 1000}, grid.best_score_=0.6222222222222222, grid.best_index_=36, acc=0.75, time=0.8204033374786377
05-06-2022 22:46:12|INFO|Is groups None: True 
05-06-2022 22:46:13|INFO|2/10|grid.best_params_={'C': 10000.0, 'gamma': 1e-05, 'kernel': 'rbf', 'max_iter': 1000}, grid.best_score_=0.6888888888888888, grid.best_index_=23, acc=0.55, time=0.811959981918335
05-06-2022 22:46:13|INFO|Is groups None: True 
05-06-2022 22:46:14|INFO|3/10|grid.best_params_={'C': 10000.0, 'gamma': 0.001, 'kernel': 'rbf', 'max_iter': 1000}, grid.best_score_=0.6611111111111111, grid.best_index_=24, acc=0.55, time=0.7837569713592529
05-06-2022 22:46:14|INFO|Is groups None: True 
05-06-2022 22:46:15|INFO|4/10|grid.best_params_={'C': 10000.0, 'gamma': 0.001, 'kernel': 'rbf', 'max_iter': 1000}, grid.best_score_=0.6333333333333334, grid.best_index_=24, acc=0.75, time=0.7859861850738525
05-06-2022 22:46:15|INFO|Is groups None: True 
05-06-2022 22:46:15|INFO|5/10|grid.best_params_={'C': 10000.0, 'gamma': 1e-05, 'kernel': 'rbf', 'max_iter': 1000}, grid.best_score_=0.6611111111111111, grid.best_index_=23, acc=0.7, time=0.781031608581543
05-06-2022 22:46:15|INFO|Is groups None: True 
05-06-2022 22:46:16|INFO|6/10|grid.best_params_={'C': 1000000.0, 'gamma': 1e-07, 'kernel': 'rbf', 'max_iter': 1000}, grid.best_score_=0.6722222222222223, grid.best_index_=29, acc=0.65, time=0.7591259479522705
05-06-2022 22:46:16|INFO|Is groups None: True 
05-06-2022 22:46:17|INFO|7/10|grid.best_params_={'C': 1000000.0, 'gamma': 1e-07, 'kernel': 'rbf', 'max_iter': 1000}, grid.best_score_=0.6555555555555556, grid.best_index_=29, acc=0.65, time=0.7615087032318115
05-06-2022 22:46:17|INFO|Is groups None: True 
05-06-2022 22:46:18|INFO|8/10|grid.best_params_={'C': 1000000.0, 'gamma': 1e-07, 'kernel': 'rbf', 'max_iter': 1000}, grid.best_score_=0.6666666666666666, grid.best_index_=29, acc=0.55, time=0.7929399013519287
05-06-2022 22:46:18|INFO|Is groups None: True 
05-06-2022 22:46:19|INFO|9/10|grid.best_params_={'C': 10000.0, 'gamma': 1e-05, 'kernel': 'rbf', 'max_iter': 1000}, grid.best_score_=0.6388888888888888, grid.best_index_=23, acc=0.65, time=0.7623507976531982
05-06-2022 22:46:19|INFO|Is groups None: True 
05-06-2022 22:46:19|INFO|10/10|grid.best_params_={'C': 10000.0, 'gamma': 1e-05, 'kernel': 'rbf', 'max_iter': 1000}, grid.best_score_=0.6722222222222222, grid.best_index_=23, acc=0.6, time=0.7603416442871094
05-06-2022 22:46:19|INFO|s03|10-CV=0.64000|STD=0.07348|Time spend=8.94318151473999
05-06-2022 22:46:21|INFO|Running Split-First
05-06-2022 22:46:21|INFO|X.shape=(200, 496), y.shape=(200,), groups.shape=(200,)
05-06-2022 22:46:21|INFO|Is groups None: True 
05-06-2022 22:46:21|INFO|1/10|grid.best_params_={'C': 100000000.0, 'gamma': 1e-09, 'kernel': 'rbf', 'max_iter': 1000}, grid.best_score_=0.6222222222222222, grid.best_index_=35, acc=0.7, time=0.9084830284118652
05-06-2022 22:46:22|INFO|Is groups None: True 
05-06-2022 22:46:22|INFO|2/10|grid.best_params_={'C': 1000000.0, 'gamma': 1e-07, 'kernel': 'rbf', 'max_iter': 1000}, grid.best_score_=0.6111111111111112, grid.best_index_=29, acc=0.6, time=0.7453548908233643
05-06-2022 22:46:22|INFO|Is groups None: True 
05-06-2022 22:46:23|INFO|3/10|grid.best_params_={'C': 100000000.0, 'gamma': 1e-09, 'kernel': 'rbf', 'max_iter': 1000}, grid.best_score_=0.6111111111111112, grid.best_index_=35, acc=0.55, time=0.8192641735076904
05-06-2022 22:46:23|INFO|Is groups None: True 
05-06-2022 22:46:24|INFO|4/10|grid.best_params_={'C': 10000.0, 'gamma': 1e-05, 'kernel': 'rbf', 'max_iter': 1000}, grid.best_score_=0.6555555555555556, grid.best_index_=23, acc=0.55, time=0.764784574508667
05-06-2022 22:46:24|INFO|Is groups None: True 
05-06-2022 22:46:25|INFO|5/10|grid.best_params_={'C': 10000.0, 'gamma': 1e-05, 'kernel': 'rbf', 'max_iter': 1000}, grid.best_score_=0.6555555555555554, grid.best_index_=23, acc=0.55, time=0.8431212902069092
05-06-2022 22:46:25|INFO|Is groups None: True 
05-06-2022 22:46:25|INFO|6/10|grid.best_params_={'C': 10000.0, 'gamma': 1e-05, 'kernel': 'rbf', 'max_iter': 1000}, grid.best_score_=0.65, grid.best_index_=23, acc=0.6, time=0.7782015800476074
05-06-2022 22:46:25|INFO|Is groups None: True 
05-06-2022 22:46:26|INFO|7/10|grid.best_params_={'C': 100.0, 'gamma': 0.1, 'kernel': 'rbf', 'max_iter': 1000}, grid.best_score_=0.6111111111111112, grid.best_index_=18, acc=0.6, time=0.7719676494598389
05-06-2022 22:46:26|INFO|Is groups None: True 
05-06-2022 22:46:27|INFO|8/10|grid.best_params_={'C': 1000000.0, 'gamma': 1e-09, 'kernel': 'rbf', 'max_iter': 1000}, grid.best_score_=0.6222222222222222, grid.best_index_=28, acc=0.55, time=0.8374998569488525
05-06-2022 22:46:27|INFO|Is groups None: True 
05-06-2022 22:46:28|INFO|9/10|grid.best_params_={'C': 10000.0, 'gamma': 0.001, 'kernel': 'rbf', 'max_iter': 1000}, grid.best_score_=0.6000000000000001, grid.best_index_=24, acc=0.45, time=0.7639138698577881
05-06-2022 22:46:28|INFO|Is groups None: True 
05-06-2022 22:46:29|INFO|10/10|grid.best_params_={'C': 10000000000.0, 'gamma': 1e-09, 'kernel': 'rbf', 'max_iter': 1000}, grid.best_score_=0.6222222222222222, grid.best_index_=42, acc=0.6, time=0.7886555194854736
05-06-2022 22:46:29|INFO|s04|10-CV=0.57500|STD=0.06021|Time spend=9.355730533599854
05-06-2022 22:46:30|INFO|Running Split-First
05-06-2022 22:46:30|INFO|X.shape=(200, 496), y.shape=(200,), groups.shape=(200,)
05-06-2022 22:46:30|INFO|Is groups None: True 
05-06-2022 22:46:30|INFO|1/10|grid.best_params_={'C': 100.0, 'gamma': 0.001, 'kernel': 'rbf', 'max_iter': 1000}, grid.best_score_=0.6277777777777778, grid.best_index_=17, acc=0.6, time=0.770794153213501
05-06-2022 22:46:30|INFO|Is groups None: True 
05-06-2022 22:46:31|INFO|2/10|grid.best_params_={'C': 10000.0, 'gamma': 0.001, 'kernel': 'rbf', 'max_iter': 1000}, grid.best_score_=0.6944444444444444, grid.best_index_=24, acc=0.6, time=0.785574197769165
05-06-2022 22:46:31|INFO|Is groups None: True 
05-06-2022 22:46:32|INFO|3/10|grid.best_params_={'C': 100.0, 'gamma': 0.001, 'kernel': 'rbf', 'max_iter': 1000}, grid.best_score_=0.6722222222222223, grid.best_index_=17, acc=0.65, time=0.7752337455749512
05-06-2022 22:46:32|INFO|Is groups None: True 
05-06-2022 22:46:33|INFO|4/10|grid.best_params_={'C': 100.0, 'gamma': 0.001, 'kernel': 'rbf', 'max_iter': 1000}, grid.best_score_=0.6611111111111111, grid.best_index_=17, acc=0.6, time=0.7732455730438232
05-06-2022 22:46:33|INFO|Is groups None: True 
05-06-2022 22:46:34|INFO|5/10|grid.best_params_={'C': 10000.0, 'gamma': 0.001, 'kernel': 'rbf', 'max_iter': 1000}, grid.best_score_=0.6444444444444445, grid.best_index_=24, acc=0.7, time=0.8020503520965576
05-06-2022 22:46:34|INFO|Is groups None: True 
05-06-2022 22:46:34|INFO|6/10|grid.best_params_={'C': 1000000.0, 'gamma': 1e-07, 'kernel': 'rbf', 'max_iter': 1000}, grid.best_score_=0.6666666666666666, grid.best_index_=29, acc=0.55, time=0.7635905742645264
05-06-2022 22:46:34|INFO|Is groups None: True 
05-06-2022 22:46:35|INFO|7/10|grid.best_params_={'C': 10000.0, 'gamma': 0.001, 'kernel': 'rbf', 'max_iter': 1000}, grid.best_score_=0.6444444444444445, grid.best_index_=24, acc=0.65, time=0.7742760181427002
05-06-2022 22:46:35|INFO|Is groups None: True 
05-06-2022 22:46:36|INFO|8/10|grid.best_params_={'C': 100.0, 'gamma': 0.001, 'kernel': 'rbf', 'max_iter': 1000}, grid.best_score_=0.6499999999999999, grid.best_index_=17, acc=0.7, time=0.7764573097229004
05-06-2022 22:46:36|INFO|Is groups None: True 
05-06-2022 22:46:37|INFO|9/10|grid.best_params_={'C': 10000.0, 'gamma': 1e-05, 'kernel': 'rbf', 'max_iter': 1000}, grid.best_score_=0.6666666666666666, grid.best_index_=23, acc=0.6, time=0.7739410400390625
05-06-2022 22:46:37|INFO|Is groups None: True 
05-06-2022 22:46:37|INFO|10/10|grid.best_params_={'C': 1000000.0, 'gamma': 1e-07, 'kernel': 'rbf', 'max_iter': 1000}, grid.best_score_=0.6555555555555556, grid.best_index_=29, acc=0.6, time=0.7779264450073242
05-06-2022 22:46:37|INFO|s05|10-CV=0.62500|STD=0.04610|Time spend=8.760667324066162
05-06-2022 22:46:39|INFO|Running Split-First
05-06-2022 22:46:39|INFO|X.shape=(200, 496), y.shape=(200,), groups.shape=(200,)
05-06-2022 22:46:39|INFO|Is groups None: True 
05-06-2022 22:46:39|INFO|1/10|grid.best_params_={'C': 0.01, 'gamma': 1e-09, 'kernel': 'rbf', 'max_iter': 1000}, grid.best_score_=0.75, grid.best_index_=0, acc=0.75, time=0.7656264305114746
05-06-2022 22:46:39|INFO|Is groups None: True 
05-06-2022 22:46:40|INFO|2/10|grid.best_params_={'C': 0.01, 'gamma': 1e-09, 'kernel': 'rbf', 'max_iter': 1000}, grid.best_score_=0.75, grid.best_index_=0, acc=0.75, time=0.719465970993042
05-06-2022 22:46:40|INFO|Is groups None: True 
05-06-2022 22:46:41|INFO|3/10|grid.best_params_={'C': 0.01, 'gamma': 1e-09, 'kernel': 'rbf', 'max_iter': 1000}, grid.best_score_=0.75, grid.best_index_=0, acc=0.75, time=0.7087142467498779
05-06-2022 22:46:41|INFO|Is groups None: True 
05-06-2022 22:46:42|INFO|4/10|grid.best_params_={'C': 0.01, 'gamma': 1e-09, 'kernel': 'rbf', 'max_iter': 1000}, grid.best_score_=0.75, grid.best_index_=0, acc=0.75, time=0.7297101020812988
05-06-2022 22:46:42|INFO|Is groups None: True 
05-06-2022 22:46:42|INFO|5/10|grid.best_params_={'C': 0.01, 'gamma': 1e-09, 'kernel': 'rbf', 'max_iter': 1000}, grid.best_score_=0.75, grid.best_index_=0, acc=0.75, time=0.7254219055175781
05-06-2022 22:46:42|INFO|Is groups None: True 
05-06-2022 22:46:43|INFO|6/10|grid.best_params_={'C': 10000.0, 'gamma': 1e-05, 'kernel': 'rbf', 'max_iter': 1000}, grid.best_score_=0.7555555555555555, grid.best_index_=23, acc=0.55, time=0.7419497966766357
05-06-2022 22:46:43|INFO|Is groups None: True 
05-06-2022 22:46:44|INFO|7/10|grid.best_params_={'C': 0.01, 'gamma': 1e-09, 'kernel': 'rbf', 'max_iter': 1000}, grid.best_score_=0.75, grid.best_index_=0, acc=0.75, time=0.7147548198699951
05-06-2022 22:46:44|INFO|Is groups None: True 
05-06-2022 22:46:44|INFO|8/10|grid.best_params_={'C': 0.01, 'gamma': 1e-09, 'kernel': 'rbf', 'max_iter': 1000}, grid.best_score_=0.75, grid.best_index_=0, acc=0.75, time=0.7054448127746582
05-06-2022 22:46:44|INFO|Is groups None: True 
05-06-2022 22:46:45|INFO|9/10|grid.best_params_={'C': 0.01, 'gamma': 1e-09, 'kernel': 'rbf', 'max_iter': 1000}, grid.best_score_=0.75, grid.best_index_=0, acc=0.75, time=0.7278876304626465
05-06-2022 22:46:45|INFO|Is groups None: True 
05-06-2022 22:46:46|INFO|10/10|grid.best_params_={'C': 0.01, 'gamma': 1e-09, 'kernel': 'rbf', 'max_iter': 1000}, grid.best_score_=0.75, grid.best_index_=0, acc=0.75, time=0.7252070903778076
05-06-2022 22:46:46|INFO|s06|10-CV=0.73000|STD=0.06000|Time spend=8.477734088897705
05-06-2022 22:46:47|INFO|Running Split-First
05-06-2022 22:46:47|INFO|X.shape=(200, 496), y.shape=(200,), groups.shape=(200,)
05-06-2022 22:46:47|INFO|Is groups None: True 
05-06-2022 22:46:48|INFO|1/10|grid.best_params_={'C': 10000.0, 'gamma': 1e-05, 'kernel': 'rbf', 'max_iter': 1000}, grid.best_score_=0.7888888888888889, grid.best_index_=23, acc=0.85, time=0.8217422962188721
05-06-2022 22:46:48|INFO|Is groups None: True 
05-06-2022 22:46:49|INFO|2/10|grid.best_params_={'C': 100.0, 'gamma': 0.001, 'kernel': 'rbf', 'max_iter': 1000}, grid.best_score_=0.8, grid.best_index_=17, acc=0.9, time=0.7192535400390625
05-06-2022 22:46:49|INFO|Is groups None: True 
05-06-2022 22:46:49|INFO|3/10|grid.best_params_={'C': 100.0, 'gamma': 0.001, 'kernel': 'rbf', 'max_iter': 1000}, grid.best_score_=0.8055555555555556, grid.best_index_=17, acc=0.95, time=0.739539623260498
05-06-2022 22:46:49|INFO|Is groups None: True 
05-06-2022 22:46:50|INFO|4/10|grid.best_params_={'C': 100.0, 'gamma': 0.001, 'kernel': 'rbf', 'max_iter': 1000}, grid.best_score_=0.7888888888888889, grid.best_index_=17, acc=0.75, time=0.7187485694885254
05-06-2022 22:46:50|INFO|Is groups None: True 
05-06-2022 22:46:51|INFO|5/10|grid.best_params_={'C': 100.0, 'gamma': 0.001, 'kernel': 'rbf', 'max_iter': 1000}, grid.best_score_=0.8111111111111111, grid.best_index_=17, acc=0.75, time=0.8319113254547119
05-06-2022 22:46:51|INFO|Is groups None: True 
05-06-2022 22:46:52|INFO|6/10|grid.best_params_={'C': 100.0, 'gamma': 0.001, 'kernel': 'rbf', 'max_iter': 1000}, grid.best_score_=0.7944444444444444, grid.best_index_=17, acc=0.8, time=0.7427859306335449
05-06-2022 22:46:52|INFO|Is groups None: True 
05-06-2022 22:46:52|INFO|7/10|grid.best_params_={'C': 100.0, 'gamma': 0.001, 'kernel': 'rbf', 'max_iter': 1000}, grid.best_score_=0.7666666666666666, grid.best_index_=17, acc=0.85, time=0.7500166893005371
05-06-2022 22:46:52|INFO|Is groups None: True 
05-06-2022 22:46:53|INFO|8/10|grid.best_params_={'C': 100.0, 'gamma': 0.001, 'kernel': 'rbf', 'max_iter': 1000}, grid.best_score_=0.7611111111111111, grid.best_index_=17, acc=0.8, time=0.7340190410614014
05-06-2022 22:46:53|INFO|Is groups None: True 
05-06-2022 22:46:54|INFO|9/10|grid.best_params_={'C': 100.0, 'gamma': 0.001, 'kernel': 'rbf', 'max_iter': 1000}, grid.best_score_=0.8277777777777777, grid.best_index_=17, acc=0.65, time=0.8040077686309814
05-06-2022 22:46:54|INFO|Is groups None: True 
05-06-2022 22:46:55|INFO|10/10|grid.best_params_={'C': 100.0, 'gamma': 0.001, 'kernel': 'rbf', 'max_iter': 1000}, grid.best_score_=0.8055555555555556, grid.best_index_=17, acc=0.85, time=0.7069869041442871
05-06-2022 22:46:55|INFO|s07|10-CV=0.81500|STD=0.08078|Time spend=8.688302278518677
05-06-2022 22:46:56|INFO|Running Split-First
05-06-2022 22:46:56|INFO|X.shape=(200, 496), y.shape=(200,), groups.shape=(200,)
05-06-2022 22:46:56|INFO|Is groups None: True 
05-06-2022 22:46:57|INFO|1/10|grid.best_params_={'C': 10000.0, 'gamma': 1e-05, 'kernel': 'rbf', 'max_iter': 1000}, grid.best_score_=0.7111111111111111, grid.best_index_=23, acc=0.8, time=0.7932713031768799
05-06-2022 22:46:57|INFO|Is groups None: True 
05-06-2022 22:46:57|INFO|2/10|grid.best_params_={'C': 10000.0, 'gamma': 1e-05, 'kernel': 'rbf', 'max_iter': 1000}, grid.best_score_=0.7277777777777777, grid.best_index_=23, acc=0.5, time=0.8697099685668945
05-06-2022 22:46:57|INFO|Is groups None: True 
05-06-2022 22:46:58|INFO|3/10|grid.best_params_={'C': 1000000.0, 'gamma': 1e-07, 'kernel': 'rbf', 'max_iter': 1000}, grid.best_score_=0.7055555555555556, grid.best_index_=29, acc=0.85, time=0.9714148044586182
05-06-2022 22:46:58|INFO|Is groups None: True 
05-06-2022 22:46:59|INFO|4/10|grid.best_params_={'C': 10000.0, 'gamma': 1e-05, 'kernel': 'rbf', 'max_iter': 1000}, grid.best_score_=0.7166666666666667, grid.best_index_=23, acc=0.7, time=0.7816801071166992
05-06-2022 22:46:59|INFO|Is groups None: True 
05-06-2022 22:47:00|INFO|5/10|grid.best_params_={'C': 1000000.0, 'gamma': 1e-07, 'kernel': 'rbf', 'max_iter': 1000}, grid.best_score_=0.6777777777777778, grid.best_index_=29, acc=0.75, time=0.8495090007781982
05-06-2022 22:47:00|INFO|Is groups None: True 
05-06-2022 22:47:01|INFO|6/10|grid.best_params_={'C': 10000.0, 'gamma': 1e-05, 'kernel': 'rbf', 'max_iter': 1000}, grid.best_score_=0.6888888888888889, grid.best_index_=23, acc=0.75, time=0.7946267127990723
05-06-2022 22:47:01|INFO|Is groups None: True 
05-06-2022 22:47:02|INFO|7/10|grid.best_params_={'C': 1000000.0, 'gamma': 1e-07, 'kernel': 'rbf', 'max_iter': 1000}, grid.best_score_=0.6888888888888888, grid.best_index_=29, acc=0.75, time=0.7866816520690918
05-06-2022 22:47:02|INFO|Is groups None: True 
05-06-2022 22:47:02|INFO|8/10|grid.best_params_={'C': 1000000.0, 'gamma': 1e-07, 'kernel': 'rbf', 'max_iter': 1000}, grid.best_score_=0.6944444444444444, grid.best_index_=29, acc=0.65, time=0.8013308048248291
05-06-2022 22:47:02|INFO|Is groups None: True 
05-06-2022 22:47:03|INFO|9/10|grid.best_params_={'C': 1000000.0, 'gamma': 1e-07, 'kernel': 'rbf', 'max_iter': 1000}, grid.best_score_=0.7277777777777779, grid.best_index_=29, acc=0.6, time=0.7892639636993408
05-06-2022 22:47:03|INFO|Is groups None: True 
05-06-2022 22:47:04|INFO|10/10|grid.best_params_={'C': 100000000.0, 'gamma': 1e-09, 'kernel': 'rbf', 'max_iter': 1000}, grid.best_score_=0.7055555555555556, grid.best_index_=35, acc=0.4, time=0.7968659400939941
05-06-2022 22:47:04|INFO|s08|10-CV=0.67500|STD=0.13276|Time spend=9.411876440048218
05-06-2022 22:47:05|INFO|Running Split-First
05-06-2022 22:47:05|INFO|X.shape=(200, 496), y.shape=(200,), groups.shape=(200,)
05-06-2022 22:47:05|INFO|Is groups None: True 
05-06-2022 22:47:06|INFO|1/10|grid.best_params_={'C': 1000000.0, 'gamma': 1e-07, 'kernel': 'rbf', 'max_iter': 1000}, grid.best_score_=0.7333333333333334, grid.best_index_=29, acc=0.7, time=0.9297900199890137
05-06-2022 22:47:06|INFO|Is groups None: True 
05-06-2022 22:47:07|INFO|2/10|grid.best_params_={'C': 10000.0, 'gamma': 1e-05, 'kernel': 'rbf', 'max_iter': 1000}, grid.best_score_=0.75, grid.best_index_=23, acc=0.8, time=0.764786958694458
05-06-2022 22:47:07|INFO|Is groups None: True 
05-06-2022 22:47:08|INFO|3/10|grid.best_params_={'C': 1000000.0, 'gamma': 1e-07, 'kernel': 'rbf', 'max_iter': 1000}, grid.best_score_=0.7555555555555556, grid.best_index_=29, acc=0.85, time=0.8650503158569336
05-06-2022 22:47:08|INFO|Is groups None: True 
05-06-2022 22:47:09|INFO|4/10|grid.best_params_={'C': 10000.0, 'gamma': 1e-05, 'kernel': 'rbf', 'max_iter': 1000}, grid.best_score_=0.7611111111111111, grid.best_index_=23, acc=0.7, time=0.7838180065155029
05-06-2022 22:47:09|INFO|Is groups None: True 
05-06-2022 22:47:09|INFO|5/10|grid.best_params_={'C': 100.0, 'gamma': 1e-05, 'kernel': 'rbf', 'max_iter': 1000}, grid.best_score_=0.7500000000000001, grid.best_index_=16, acc=0.55, time=0.7943696975708008
05-06-2022 22:47:09|INFO|Is groups None: True 
05-06-2022 22:47:10|INFO|6/10|grid.best_params_={'C': 1000000.0, 'gamma': 1e-07, 'kernel': 'rbf', 'max_iter': 1000}, grid.best_score_=0.75, grid.best_index_=29, acc=0.8, time=0.7716372013092041
05-06-2022 22:47:10|INFO|Is groups None: True 
05-06-2022 22:47:11|INFO|7/10|grid.best_params_={'C': 10000.0, 'gamma': 1e-05, 'kernel': 'rbf', 'max_iter': 1000}, grid.best_score_=0.7277777777777777, grid.best_index_=23, acc=0.75, time=0.7617580890655518
05-06-2022 22:47:11|INFO|Is groups None: True 
05-06-2022 22:47:12|INFO|8/10|grid.best_params_={'C': 1000000.0, 'gamma': 1e-09, 'kernel': 'rbf', 'max_iter': 1000}, grid.best_score_=0.7388888888888889, grid.best_index_=28, acc=0.7, time=0.7994153499603271
05-06-2022 22:47:12|INFO|Is groups None: True 
05-06-2022 22:47:12|INFO|9/10|grid.best_params_={'C': 100000000.0, 'gamma': 1e-09, 'kernel': 'rbf', 'max_iter': 1000}, grid.best_score_=0.7444444444444446, grid.best_index_=35, acc=0.65, time=0.7876682281494141
05-06-2022 22:47:12|INFO|Is groups None: True 
05-06-2022 22:47:13|INFO|10/10|grid.best_params_={'C': 10000000000.0, 'gamma': 1e-09, 'kernel': 'rbf', 'max_iter': 1000}, grid.best_score_=0.7388888888888889, grid.best_index_=42, acc=0.85, time=0.7852010726928711
05-06-2022 22:47:13|INFO|s09|10-CV=0.73500|STD=0.08958|Time spend=9.266149282455444
05-06-2022 22:47:14|INFO|Running Split-First
05-06-2022 22:47:14|INFO|X.shape=(200, 496), y.shape=(200,), groups.shape=(200,)
05-06-2022 22:47:14|INFO|Is groups None: True 
05-06-2022 22:47:15|INFO|1/10|grid.best_params_={'C': 10000000000.0, 'gamma': 1e-09, 'kernel': 'rbf', 'max_iter': 1000}, grid.best_score_=0.7888888888888889, grid.best_index_=42, acc=0.8, time=0.7772321701049805
05-06-2022 22:47:15|INFO|Is groups None: True 
05-06-2022 22:47:16|INFO|2/10|grid.best_params_={'C': 100000000.0, 'gamma': 1e-09, 'kernel': 'rbf', 'max_iter': 1000}, grid.best_score_=0.8111111111111111, grid.best_index_=35, acc=0.65, time=0.7781221866607666
05-06-2022 22:47:16|INFO|Is groups None: True 
05-06-2022 22:47:17|INFO|3/10|grid.best_params_={'C': 10000.0, 'gamma': 1e-05, 'kernel': 'rbf', 'max_iter': 1000}, grid.best_score_=0.7555555555555555, grid.best_index_=23, acc=0.9, time=0.7856676578521729
05-06-2022 22:47:17|INFO|Is groups None: True 
05-06-2022 22:47:17|INFO|4/10|grid.best_params_={'C': 10000.0, 'gamma': 1e-05, 'kernel': 'rbf', 'max_iter': 1000}, grid.best_score_=0.8, grid.best_index_=23, acc=0.75, time=0.7614438533782959
05-06-2022 22:47:17|INFO|Is groups None: True 
05-06-2022 22:47:18|INFO|5/10|grid.best_params_={'C': 10000.0, 'gamma': 1e-05, 'kernel': 'rbf', 'max_iter': 1000}, grid.best_score_=0.7944444444444444, grid.best_index_=23, acc=0.8, time=0.7637796401977539
05-06-2022 22:47:18|INFO|Is groups None: True 
05-06-2022 22:47:19|INFO|6/10|grid.best_params_={'C': 10000.0, 'gamma': 1e-05, 'kernel': 'rbf', 'max_iter': 1000}, grid.best_score_=0.8055555555555556, grid.best_index_=23, acc=0.85, time=0.7741925716400146
05-06-2022 22:47:19|INFO|Is groups None: True 
05-06-2022 22:47:20|INFO|7/10|grid.best_params_={'C': 10000.0, 'gamma': 1e-05, 'kernel': 'rbf', 'max_iter': 1000}, grid.best_score_=0.8055555555555557, grid.best_index_=23, acc=0.85, time=0.769927978515625
05-06-2022 22:47:20|INFO|Is groups None: True 
05-06-2022 22:47:20|INFO|8/10|grid.best_params_={'C': 10000000000.0, 'gamma': 1e-09, 'kernel': 'rbf', 'max_iter': 1000}, grid.best_score_=0.788888888888889, grid.best_index_=42, acc=0.75, time=0.7747707366943359
05-06-2022 22:47:20|INFO|Is groups None: True 
05-06-2022 22:47:21|INFO|9/10|grid.best_params_={'C': 10000.0, 'gamma': 1e-05, 'kernel': 'rbf', 'max_iter': 1000}, grid.best_score_=0.8055555555555557, grid.best_index_=23, acc=0.8, time=0.748206615447998
05-06-2022 22:47:21|INFO|Is groups None: True 
05-06-2022 22:47:22|INFO|10/10|grid.best_params_={'C': 10000.0, 'gamma': 1e-07, 'kernel': 'rbf', 'max_iter': 1000}, grid.best_score_=0.7777777777777777, grid.best_index_=22, acc=0.7, time=0.7608704566955566
05-06-2022 22:47:22|INFO|s10|10-CV=0.78500|STD=0.07089|Time spend=8.680710315704346
05-06-2022 22:47:23|INFO|Running Split-First
05-06-2022 22:47:23|INFO|X.shape=(200, 496), y.shape=(200,), groups.shape=(200,)
05-06-2022 22:47:23|INFO|Is groups None: True 
05-06-2022 22:47:24|INFO|1/10|grid.best_params_={'C': 1000000.0, 'gamma': 1e-07, 'kernel': 'rbf', 'max_iter': 1000}, grid.best_score_=0.7777777777777778, grid.best_index_=29, acc=0.75, time=0.9689643383026123
05-06-2022 22:47:24|INFO|Is groups None: True 
05-06-2022 22:47:25|INFO|2/10|grid.best_params_={'C': 10000.0, 'gamma': 1e-05, 'kernel': 'rbf', 'max_iter': 1000}, grid.best_score_=0.7777777777777778, grid.best_index_=23, acc=0.75, time=0.783696174621582
05-06-2022 22:47:25|INFO|Is groups None: True 
05-06-2022 22:47:26|INFO|3/10|grid.best_params_={'C': 100.0, 'gamma': 0.001, 'kernel': 'rbf', 'max_iter': 1000}, grid.best_score_=0.7611111111111112, grid.best_index_=17, acc=0.7, time=0.7777972221374512
05-06-2022 22:47:26|INFO|Is groups None: True 
05-06-2022 22:47:26|INFO|4/10|grid.best_params_={'C': 10000.0, 'gamma': 1e-05, 'kernel': 'rbf', 'max_iter': 1000}, grid.best_score_=0.7555555555555556, grid.best_index_=23, acc=0.75, time=0.7955279350280762
05-06-2022 22:47:26|INFO|Is groups None: True 
05-06-2022 22:47:27|INFO|5/10|grid.best_params_={'C': 100.0, 'gamma': 0.001, 'kernel': 'rbf', 'max_iter': 1000}, grid.best_score_=0.7444444444444445, grid.best_index_=17, acc=0.8, time=0.8633542060852051
05-06-2022 22:47:27|INFO|Is groups None: True 
05-06-2022 22:47:28|INFO|6/10|grid.best_params_={'C': 10000.0, 'gamma': 1e-05, 'kernel': 'rbf', 'max_iter': 1000}, grid.best_score_=0.7166666666666666, grid.best_index_=23, acc=0.75, time=0.7516369819641113
05-06-2022 22:47:28|INFO|Is groups None: True 
05-06-2022 22:47:29|INFO|7/10|grid.best_params_={'C': 100.0, 'gamma': 0.001, 'kernel': 'rbf', 'max_iter': 1000}, grid.best_score_=0.7388888888888888, grid.best_index_=17, acc=0.85, time=0.8549294471740723
05-06-2022 22:47:29|INFO|Is groups None: True 
05-06-2022 22:47:30|INFO|8/10|grid.best_params_={'C': 10000.0, 'gamma': 1e-05, 'kernel': 'rbf', 'max_iter': 1000}, grid.best_score_=0.7388888888888889, grid.best_index_=23, acc=0.9, time=0.8102970123291016
05-06-2022 22:47:30|INFO|Is groups None: True 
05-06-2022 22:47:30|INFO|9/10|grid.best_params_={'C': 10000.0, 'gamma': 1e-07, 'kernel': 'rbf', 'max_iter': 1000}, grid.best_score_=0.7277777777777777, grid.best_index_=22, acc=0.75, time=0.7656142711639404
05-06-2022 22:47:30|INFO|Is groups None: True 
05-06-2022 22:47:31|INFO|10/10|grid.best_params_={'C': 100.0, 'gamma': 0.001, 'kernel': 'rbf', 'max_iter': 1000}, grid.best_score_=0.7611111111111111, grid.best_index_=17, acc=0.85, time=0.7645101547241211
05-06-2022 22:47:31|INFO|s11|10-CV=0.78500|STD=0.05937|Time spend=9.271053314208984
05-06-2022 22:47:32|INFO|Running Split-First
05-06-2022 22:47:32|INFO|X.shape=(200, 496), y.shape=(200,), groups.shape=(200,)
05-06-2022 22:47:32|INFO|Is groups None: True 
05-06-2022 22:47:33|INFO|1/10|grid.best_params_={'C': 1.0, 'gamma': 0.001, 'kernel': 'rbf', 'max_iter': 1000}, grid.best_score_=0.65, grid.best_index_=10, acc=0.6, time=0.7865605354309082
05-06-2022 22:47:33|INFO|Is groups None: True 
05-06-2022 22:47:34|INFO|2/10|grid.best_params_={'C': 1000000.0, 'gamma': 1e-07, 'kernel': 'rbf', 'max_iter': 1000}, grid.best_score_=0.6444444444444445, grid.best_index_=29, acc=0.45, time=0.8143534660339355
05-06-2022 22:47:34|INFO|Is groups None: True 
05-06-2022 22:47:35|INFO|3/10|grid.best_params_={'C': 100.0, 'gamma': 1e-05, 'kernel': 'rbf', 'max_iter': 1000}, grid.best_score_=0.6666666666666667, grid.best_index_=16, acc=0.65, time=0.8856472969055176
05-06-2022 22:47:35|INFO|Is groups None: True 
05-06-2022 22:47:36|INFO|4/10|grid.best_params_={'C': 10000.0, 'gamma': 0.001, 'kernel': 'rbf', 'max_iter': 1000}, grid.best_score_=0.6388888888888888, grid.best_index_=24, acc=0.7, time=0.8165128231048584
05-06-2022 22:47:36|INFO|Is groups None: True 
05-06-2022 22:47:37|INFO|5/10|grid.best_params_={'C': 100.0, 'gamma': 1e-05, 'kernel': 'rbf', 'max_iter': 1000}, grid.best_score_=0.6777777777777778, grid.best_index_=16, acc=0.65, time=0.8449649810791016
05-06-2022 22:47:37|INFO|Is groups None: True 
05-06-2022 22:47:37|INFO|6/10|grid.best_params_={'C': 100.0, 'gamma': 0.001, 'kernel': 'rbf', 'max_iter': 1000}, grid.best_score_=0.6333333333333333, grid.best_index_=17, acc=0.6, time=0.8262748718261719
05-06-2022 22:47:37|INFO|Is groups None: True 
05-06-2022 22:47:38|INFO|7/10|grid.best_params_={'C': 10000000000.0, 'gamma': 1e-09, 'kernel': 'rbf', 'max_iter': 1000}, grid.best_score_=0.6722222222222222, grid.best_index_=42, acc=0.5, time=0.8129141330718994
05-06-2022 22:47:38|INFO|Is groups None: True 
05-06-2022 22:47:39|INFO|8/10|grid.best_params_={'C': 1.0, 'gamma': 0.001, 'kernel': 'rbf', 'max_iter': 1000}, grid.best_score_=0.6333333333333333, grid.best_index_=10, acc=0.75, time=0.8242056369781494
05-06-2022 22:47:39|INFO|Is groups None: True 
05-06-2022 22:47:40|INFO|9/10|grid.best_params_={'C': 100000000.0, 'gamma': 1e-09, 'kernel': 'rbf', 'max_iter': 1000}, grid.best_score_=0.6722222222222222, grid.best_index_=35, acc=0.6, time=0.8616869449615479
05-06-2022 22:47:40|INFO|Is groups None: True 
05-06-2022 22:47:41|INFO|10/10|grid.best_params_={'C': 100.0, 'gamma': 1e-05, 'kernel': 'rbf', 'max_iter': 1000}, grid.best_score_=0.6499999999999999, grid.best_index_=16, acc=0.75, time=0.8136074542999268
05-06-2022 22:47:41|INFO|s12|10-CV=0.62500|STD=0.09287|Time spend=9.545310974121094
05-06-2022 22:47:42|INFO|Running Split-First
05-06-2022 22:47:42|INFO|X.shape=(200, 496), y.shape=(200,), groups.shape=(200,)
05-06-2022 22:47:42|INFO|Is groups None: True 
05-06-2022 22:47:43|INFO|1/10|grid.best_params_={'C': 10000000000.0, 'gamma': 1e-09, 'kernel': 'rbf', 'max_iter': 1000}, grid.best_score_=0.7944444444444445, grid.best_index_=42, acc=0.55, time=0.7734062671661377
05-06-2022 22:47:43|INFO|Is groups None: True 
05-06-2022 22:47:44|INFO|2/10|grid.best_params_={'C': 10000.0, 'gamma': 1e-07, 'kernel': 'rbf', 'max_iter': 1000}, grid.best_score_=0.7777777777777778, grid.best_index_=22, acc=0.75, time=0.7653295993804932
05-06-2022 22:47:44|INFO|Is groups None: True 
05-06-2022 22:47:45|INFO|3/10|grid.best_params_={'C': 10000.0, 'gamma': 1e-07, 'kernel': 'rbf', 'max_iter': 1000}, grid.best_score_=0.7888888888888889, grid.best_index_=22, acc=0.7, time=0.8002972602844238
05-06-2022 22:47:45|INFO|Is groups None: True 
05-06-2022 22:47:45|INFO|4/10|grid.best_params_={'C': 1000000.0, 'gamma': 1e-07, 'kernel': 'rbf', 'max_iter': 1000}, grid.best_score_=0.7944444444444445, grid.best_index_=29, acc=0.65, time=0.7668557167053223
05-06-2022 22:47:45|INFO|Is groups None: True 
05-06-2022 22:47:46|INFO|5/10|grid.best_params_={'C': 1.0, 'gamma': 0.001, 'kernel': 'rbf', 'max_iter': 1000}, grid.best_score_=0.7722222222222224, grid.best_index_=10, acc=0.85, time=0.8082582950592041
05-06-2022 22:47:46|INFO|Is groups None: True 
05-06-2022 22:47:47|INFO|6/10|grid.best_params_={'C': 1000000.0, 'gamma': 1e-09, 'kernel': 'rbf', 'max_iter': 1000}, grid.best_score_=0.7722222222222223, grid.best_index_=28, acc=0.75, time=0.991041898727417
05-06-2022 22:47:47|INFO|Is groups None: True 
05-06-2022 22:47:48|INFO|7/10|grid.best_params_={'C': 1.0, 'gamma': 0.001, 'kernel': 'rbf', 'max_iter': 1000}, grid.best_score_=0.7611111111111111, grid.best_index_=10, acc=0.85, time=0.7986998558044434
05-06-2022 22:47:48|INFO|Is groups None: True 
05-06-2022 22:47:49|INFO|8/10|grid.best_params_={'C': 1.0, 'gamma': 0.001, 'kernel': 'rbf', 'max_iter': 1000}, grid.best_score_=0.7777777777777778, grid.best_index_=10, acc=0.8, time=0.7636594772338867
05-06-2022 22:47:49|INFO|Is groups None: True 
05-06-2022 22:47:50|INFO|9/10|grid.best_params_={'C': 1000000.0, 'gamma': 1e-09, 'kernel': 'rbf', 'max_iter': 1000}, grid.best_score_=0.7611111111111111, grid.best_index_=28, acc=0.9, time=0.7841007709503174
05-06-2022 22:47:50|INFO|Is groups None: True 
05-06-2022 22:47:50|INFO|10/10|grid.best_params_={'C': 100.0, 'gamma': 1e-05, 'kernel': 'rbf', 'max_iter': 1000}, grid.best_score_=0.7722222222222223, grid.best_index_=16, acc=0.8, time=0.7641692161560059
05-06-2022 22:47:50|INFO|s13|10-CV=0.76000|STD=0.09950|Time spend=9.634771823883057
05-06-2022 22:47:52|INFO|Running Split-First
05-06-2022 22:47:52|INFO|X.shape=(200, 496), y.shape=(200,), groups.shape=(200,)
05-06-2022 22:47:52|INFO|Is groups None: True 
05-06-2022 22:47:52|INFO|1/10|grid.best_params_={'C': 100.0, 'gamma': 1e-05, 'kernel': 'rbf', 'max_iter': 1000}, grid.best_score_=0.7166666666666667, grid.best_index_=16, acc=0.5, time=0.8311057090759277
05-06-2022 22:47:52|INFO|Is groups None: True 
05-06-2022 22:47:53|INFO|2/10|grid.best_params_={'C': 1000000.0, 'gamma': 1e-07, 'kernel': 'rbf', 'max_iter': 1000}, grid.best_score_=0.7277777777777777, grid.best_index_=29, acc=0.55, time=0.7996928691864014
05-06-2022 22:47:53|INFO|Is groups None: True 
05-06-2022 22:47:54|INFO|3/10|grid.best_params_={'C': 10000.0, 'gamma': 1e-05, 'kernel': 'rbf', 'max_iter': 1000}, grid.best_score_=0.7444444444444444, grid.best_index_=23, acc=0.7, time=0.8855371475219727
05-06-2022 22:47:54|INFO|Is groups None: True 
05-06-2022 22:47:55|INFO|4/10|grid.best_params_={'C': 10000.0, 'gamma': 1e-05, 'kernel': 'rbf', 'max_iter': 1000}, grid.best_score_=0.7499999999999999, grid.best_index_=23, acc=0.45, time=0.795039176940918
05-06-2022 22:47:55|INFO|Is groups None: True 
05-06-2022 22:47:56|INFO|5/10|grid.best_params_={'C': 1000000.0, 'gamma': 1e-07, 'kernel': 'rbf', 'max_iter': 1000}, grid.best_score_=0.711111111111111, grid.best_index_=29, acc=0.65, time=0.8112304210662842
05-06-2022 22:47:56|INFO|Is groups None: True 
05-06-2022 22:47:57|INFO|6/10|grid.best_params_={'C': 1000000.0, 'gamma': 1e-07, 'kernel': 'rbf', 'max_iter': 1000}, grid.best_score_=0.7055555555555555, grid.best_index_=29, acc=0.75, time=0.8042416572570801
05-06-2022 22:47:57|INFO|Is groups None: True 
05-06-2022 22:47:57|INFO|7/10|grid.best_params_={'C': 1000000.0, 'gamma': 1e-09, 'kernel': 'rbf', 'max_iter': 1000}, grid.best_score_=0.6722222222222223, grid.best_index_=28, acc=0.7, time=0.8002939224243164
05-06-2022 22:47:57|INFO|Is groups None: True 
05-06-2022 22:47:58|INFO|8/10|grid.best_params_={'C': 100000000.0, 'gamma': 1e-09, 'kernel': 'rbf', 'max_iter': 1000}, grid.best_score_=0.6944444444444444, grid.best_index_=35, acc=0.8, time=0.8711862564086914
05-06-2022 22:47:58|INFO|Is groups None: True 
05-06-2022 22:47:59|INFO|9/10|grid.best_params_={'C': 100.0, 'gamma': 1e-05, 'kernel': 'rbf', 'max_iter': 1000}, grid.best_score_=0.6777777777777778, grid.best_index_=16, acc=0.9, time=0.8315069675445557
05-06-2022 22:47:59|INFO|Is groups None: True 
05-06-2022 22:48:00|INFO|10/10|grid.best_params_={'C': 10000.0, 'gamma': 1e-07, 'kernel': 'rbf', 'max_iter': 1000}, grid.best_score_=0.7, grid.best_index_=22, acc=0.7, time=0.8206672668457031
05-06-2022 22:48:00|INFO|s14|10-CV=0.67000|STD=0.13077|Time spend=9.467823266983032
05-06-2022 22:48:01|INFO|Running Split-First
05-06-2022 22:48:01|INFO|X.shape=(200, 496), y.shape=(200,), groups.shape=(200,)
05-06-2022 22:48:01|INFO|Is groups None: True 
05-06-2022 22:48:02|INFO|1/10|grid.best_params_={'C': 10000.0, 'gamma': 0.001, 'kernel': 'rbf', 'max_iter': 1000}, grid.best_score_=0.8055555555555556, grid.best_index_=24, acc=0.9, time=0.7567079067230225
05-06-2022 22:48:02|INFO|Is groups None: True 
05-06-2022 22:48:03|INFO|2/10|grid.best_params_={'C': 100.0, 'gamma': 0.001, 'kernel': 'rbf', 'max_iter': 1000}, grid.best_score_=0.8500000000000001, grid.best_index_=17, acc=0.75, time=0.8080005645751953
05-06-2022 22:48:03|INFO|Is groups None: True 
05-06-2022 22:48:04|INFO|3/10|grid.best_params_={'C': 100.0, 'gamma': 0.001, 'kernel': 'rbf', 'max_iter': 1000}, grid.best_score_=0.8166666666666667, grid.best_index_=17, acc=0.9, time=0.7834558486938477
05-06-2022 22:48:04|INFO|Is groups None: True 
05-06-2022 22:48:05|INFO|4/10|grid.best_params_={'C': 10000.0, 'gamma': 1e-05, 'kernel': 'rbf', 'max_iter': 1000}, grid.best_score_=0.8444444444444446, grid.best_index_=23, acc=0.75, time=0.7781531810760498
05-06-2022 22:48:05|INFO|Is groups None: True 
05-06-2022 22:48:05|INFO|5/10|grid.best_params_={'C': 1000000.0, 'gamma': 1e-07, 'kernel': 'rbf', 'max_iter': 1000}, grid.best_score_=0.8055555555555556, grid.best_index_=29, acc=0.95, time=0.799170970916748
05-06-2022 22:48:05|INFO|Is groups None: True 
05-06-2022 22:48:06|INFO|6/10|grid.best_params_={'C': 1000000.0, 'gamma': 1e-07, 'kernel': 'rbf', 'max_iter': 1000}, grid.best_score_=0.8500000000000001, grid.best_index_=29, acc=0.7, time=0.7538373470306396
05-06-2022 22:48:06|INFO|Is groups None: True 
05-06-2022 22:48:07|INFO|7/10|grid.best_params_={'C': 100.0, 'gamma': 0.001, 'kernel': 'rbf', 'max_iter': 1000}, grid.best_score_=0.7999999999999999, grid.best_index_=17, acc=0.85, time=0.8032078742980957
05-06-2022 22:48:07|INFO|Is groups None: True 
05-06-2022 22:48:08|INFO|8/10|grid.best_params_={'C': 1000000.0, 'gamma': 1e-07, 'kernel': 'rbf', 'max_iter': 1000}, grid.best_score_=0.8277777777777777, grid.best_index_=29, acc=0.8, time=0.7751569747924805
05-06-2022 22:48:08|INFO|Is groups None: True 
05-06-2022 22:48:08|INFO|9/10|grid.best_params_={'C': 100.0, 'gamma': 0.001, 'kernel': 'rbf', 'max_iter': 1000}, grid.best_score_=0.8055555555555556, grid.best_index_=17, acc=0.95, time=0.782475471496582
05-06-2022 22:48:08|INFO|Is groups None: True 
05-06-2022 22:48:09|INFO|10/10|grid.best_params_={'C': 100.0, 'gamma': 0.001, 'kernel': 'rbf', 'max_iter': 1000}, grid.best_score_=0.861111111111111, grid.best_index_=17, acc=0.75, time=0.8097684383392334
05-06-2022 22:48:09|INFO|s15|10-CV=0.83000|STD=0.08718|Time spend=9.409731149673462
05-06-2022 22:48:11|INFO|Running Split-First
05-06-2022 22:48:11|INFO|X.shape=(200, 496), y.shape=(200,), groups.shape=(200,)
05-06-2022 22:48:11|INFO|Is groups None: True 
05-06-2022 22:48:11|INFO|1/10|grid.best_params_={'C': 1000000.0, 'gamma': 1e-07, 'kernel': 'rbf', 'max_iter': 1000}, grid.best_score_=0.7388888888888888, grid.best_index_=29, acc=0.65, time=0.7903549671173096
05-06-2022 22:48:11|INFO|Is groups None: True 
05-06-2022 22:48:12|INFO|2/10|grid.best_params_={'C': 1.0, 'gamma': 0.001, 'kernel': 'rbf', 'max_iter': 1000}, grid.best_score_=0.7222222222222222, grid.best_index_=10, acc=0.65, time=0.7850069999694824
05-06-2022 22:48:12|INFO|Is groups None: True 
05-06-2022 22:48:13|INFO|3/10|grid.best_params_={'C': 100.0, 'gamma': 0.001, 'kernel': 'rbf', 'max_iter': 1000}, grid.best_score_=0.7333333333333333, grid.best_index_=17, acc=0.7, time=0.7917137145996094
05-06-2022 22:48:13|INFO|Is groups None: True 
05-06-2022 22:48:14|INFO|4/10|grid.best_params_={'C': 1.0, 'gamma': 0.001, 'kernel': 'rbf', 'max_iter': 1000}, grid.best_score_=0.7277777777777777, grid.best_index_=10, acc=0.6, time=0.7697618007659912
05-06-2022 22:48:14|INFO|Is groups None: True 
05-06-2022 22:48:15|INFO|5/10|grid.best_params_={'C': 10000.0, 'gamma': 1e-05, 'kernel': 'rbf', 'max_iter': 1000}, grid.best_score_=0.75, grid.best_index_=23, acc=0.7, time=0.8026542663574219
05-06-2022 22:48:15|INFO|Is groups None: True 
05-06-2022 22:48:15|INFO|6/10|grid.best_params_={'C': 10000.0, 'gamma': 1e-05, 'kernel': 'rbf', 'max_iter': 1000}, grid.best_score_=0.7388888888888888, grid.best_index_=23, acc=0.8, time=0.7956142425537109
05-06-2022 22:48:15|INFO|Is groups None: True 
05-06-2022 22:48:16|INFO|7/10|grid.best_params_={'C': 10000.0, 'gamma': 1e-05, 'kernel': 'rbf', 'max_iter': 1000}, grid.best_score_=0.711111111111111, grid.best_index_=23, acc=0.8, time=0.7834212779998779
05-06-2022 22:48:16|INFO|Is groups None: True 
05-06-2022 22:48:17|INFO|8/10|grid.best_params_={'C': 10000.0, 'gamma': 1e-05, 'kernel': 'rbf', 'max_iter': 1000}, grid.best_score_=0.7611111111111112, grid.best_index_=23, acc=0.65, time=0.7684731483459473
05-06-2022 22:48:17|INFO|Is groups None: True 
05-06-2022 22:48:18|INFO|9/10|grid.best_params_={'C': 10000.0, 'gamma': 1e-05, 'kernel': 'rbf', 'max_iter': 1000}, grid.best_score_=0.7111111111111111, grid.best_index_=23, acc=0.95, time=0.9067299365997314
05-06-2022 22:48:18|INFO|Is groups None: True 
05-06-2022 22:48:19|INFO|10/10|grid.best_params_={'C': 10000.0, 'gamma': 1e-05, 'kernel': 'rbf', 'max_iter': 1000}, grid.best_score_=0.7166666666666666, grid.best_index_=23, acc=0.8, time=0.790001630783081
05-06-2022 22:48:19|INFO|s16|10-CV=0.73000|STD=0.10050|Time spend=9.374913215637207
05-06-2022 22:48:20|INFO|Running Split-First
05-06-2022 22:48:20|INFO|X.shape=(200, 496), y.shape=(200,), groups.shape=(200,)
05-06-2022 22:48:20|INFO|Is groups None: True 
05-06-2022 22:48:21|INFO|1/10|grid.best_params_={'C': 100.0, 'gamma': 0.001, 'kernel': 'rbf', 'max_iter': 1000}, grid.best_score_=0.6277777777777778, grid.best_index_=17, acc=0.6, time=0.8625767230987549
05-06-2022 22:48:21|INFO|Is groups None: True 
05-06-2022 22:48:21|INFO|2/10|grid.best_params_={'C': 100000000.0, 'gamma': 1e-09, 'kernel': 'rbf', 'max_iter': 1000}, grid.best_score_=0.6444444444444444, grid.best_index_=35, acc=0.75, time=0.8650989532470703
05-06-2022 22:48:21|INFO|Is groups None: True 
05-06-2022 22:48:22|INFO|3/10|grid.best_params_={'C': 100.0, 'gamma': 1e-05, 'kernel': 'rbf', 'max_iter': 1000}, grid.best_score_=0.6000000000000001, grid.best_index_=16, acc=0.6, time=0.8584616184234619
05-06-2022 22:48:22|INFO|Is groups None: True 
05-06-2022 22:48:23|INFO|4/10|grid.best_params_={'C': 1000000.0, 'gamma': 1e-07, 'kernel': 'rbf', 'max_iter': 1000}, grid.best_score_=0.6666666666666666, grid.best_index_=29, acc=0.6, time=0.8422164916992188
05-06-2022 22:48:23|INFO|Is groups None: True 
05-06-2022 22:48:24|INFO|5/10|grid.best_params_={'C': 1000000.0, 'gamma': 1e-07, 'kernel': 'rbf', 'max_iter': 1000}, grid.best_score_=0.6666666666666666, grid.best_index_=29, acc=0.5, time=0.8767008781433105
05-06-2022 22:48:24|INFO|Is groups None: True 
05-06-2022 22:48:25|INFO|6/10|grid.best_params_={'C': 100000000.0, 'gamma': 1e-09, 'kernel': 'rbf', 'max_iter': 1000}, grid.best_score_=0.6555555555555554, grid.best_index_=35, acc=0.75, time=0.8295125961303711
05-06-2022 22:48:25|INFO|Is groups None: True 
05-06-2022 22:48:26|INFO|7/10|grid.best_params_={'C': 1000000.0, 'gamma': 1e-07, 'kernel': 'rbf', 'max_iter': 1000}, grid.best_score_=0.6388888888888888, grid.best_index_=29, acc=0.55, time=0.8277959823608398
05-06-2022 22:48:26|INFO|Is groups None: True 
05-06-2022 22:48:27|INFO|8/10|grid.best_params_={'C': 100000000.0, 'gamma': 1e-09, 'kernel': 'rbf', 'max_iter': 1000}, grid.best_score_=0.611111111111111, grid.best_index_=35, acc=0.6, time=0.8353729248046875
05-06-2022 22:48:27|INFO|Is groups None: True 
05-06-2022 22:48:27|INFO|9/10|grid.best_params_={'C': 100000000.0, 'gamma': 1e-09, 'kernel': 'rbf', 'max_iter': 1000}, grid.best_score_=0.6444444444444444, grid.best_index_=35, acc=0.55, time=0.8211843967437744
05-06-2022 22:48:27|INFO|Is groups None: True 
05-06-2022 22:48:28|INFO|10/10|grid.best_params_={'C': 1000000.0, 'gamma': 1e-07, 'kernel': 'rbf', 'max_iter': 1000}, grid.best_score_=0.6388888888888888, grid.best_index_=29, acc=0.45, time=0.8387620449066162
05-06-2022 22:48:28|INFO|s17|10-CV=0.59500|STD=0.09069|Time spend=9.595995426177979
05-06-2022 22:48:29|INFO|Running Split-First
05-06-2022 22:48:29|INFO|X.shape=(200, 496), y.shape=(200,), groups.shape=(200,)
05-06-2022 22:48:29|INFO|Is groups None: True 
05-06-2022 22:48:30|INFO|1/10|grid.best_params_={'C': 100.0, 'gamma': 0.001, 'kernel': 'rbf', 'max_iter': 1000}, grid.best_score_=0.8, grid.best_index_=17, acc=0.65, time=0.9630277156829834
05-06-2022 22:48:30|INFO|Is groups None: True 
05-06-2022 22:48:31|INFO|2/10|grid.best_params_={'C': 100.0, 'gamma': 0.001, 'kernel': 'rbf', 'max_iter': 1000}, grid.best_score_=0.7777777777777778, grid.best_index_=17, acc=0.7, time=0.769310474395752
05-06-2022 22:48:31|INFO|Is groups None: True 
05-06-2022 22:48:32|INFO|3/10|grid.best_params_={'C': 100000000.0, 'gamma': 1e-07, 'kernel': 'rbf', 'max_iter': 1000}, grid.best_score_=0.7277777777777779, grid.best_index_=36, acc=0.7, time=0.7594554424285889
05-06-2022 22:48:32|INFO|Is groups None: True 
05-06-2022 22:48:33|INFO|4/10|grid.best_params_={'C': 100.0, 'gamma': 0.001, 'kernel': 'rbf', 'max_iter': 1000}, grid.best_score_=0.7666666666666667, grid.best_index_=17, acc=0.7, time=0.7864456176757812
05-06-2022 22:48:33|INFO|Is groups None: True 
05-06-2022 22:48:33|INFO|5/10|grid.best_params_={'C': 10000.0, 'gamma': 1e-07, 'kernel': 'rbf', 'max_iter': 1000}, grid.best_score_=0.7555555555555556, grid.best_index_=22, acc=0.7, time=0.7586519718170166
05-06-2022 22:48:33|INFO|Is groups None: True 
05-06-2022 22:48:34|INFO|6/10|grid.best_params_={'C': 1000000.0, 'gamma': 1e-09, 'kernel': 'rbf', 'max_iter': 1000}, grid.best_score_=0.7777777777777778, grid.best_index_=28, acc=0.6, time=0.7584185600280762
05-06-2022 22:48:34|INFO|Is groups None: True 
05-06-2022 22:48:35|INFO|7/10|grid.best_params_={'C': 10000000000.0, 'gamma': 1e-09, 'kernel': 'rbf', 'max_iter': 1000}, grid.best_score_=0.7444444444444445, grid.best_index_=42, acc=0.85, time=0.7796132564544678
05-06-2022 22:48:35|INFO|Is groups None: True 
05-06-2022 22:48:36|INFO|8/10|grid.best_params_={'C': 100000000.0, 'gamma': 1e-09, 'kernel': 'rbf', 'max_iter': 1000}, grid.best_score_=0.7722222222222221, grid.best_index_=35, acc=0.7, time=0.7834997177124023
05-06-2022 22:48:36|INFO|Is groups None: True 
05-06-2022 22:48:37|INFO|9/10|grid.best_params_={'C': 100000000.0, 'gamma': 1e-09, 'kernel': 'rbf', 'max_iter': 1000}, grid.best_score_=0.7444444444444445, grid.best_index_=35, acc=0.9, time=0.776648759841919
05-06-2022 22:48:37|INFO|Is groups None: True 
05-06-2022 22:48:37|INFO|10/10|grid.best_params_={'C': 1000000.0, 'gamma': 1e-07, 'kernel': 'rbf', 'max_iter': 1000}, grid.best_score_=0.788888888888889, grid.best_index_=29, acc=0.6, time=0.7746729850769043
05-06-2022 22:48:37|INFO|s18|10-CV=0.71000|STD=0.09165|Time spend=9.062551736831665
05-06-2022 22:48:38|INFO|Running Split-First
05-06-2022 22:48:38|INFO|X.shape=(200, 496), y.shape=(200,), groups.shape=(200,)
05-06-2022 22:48:38|INFO|Is groups None: True 
05-06-2022 22:48:39|INFO|1/10|grid.best_params_={'C': 10000.0, 'gamma': 0.001, 'kernel': 'rbf', 'max_iter': 1000}, grid.best_score_=0.7166666666666667, grid.best_index_=24, acc=0.55, time=0.9080157279968262
05-06-2022 22:48:39|INFO|Is groups None: True 
05-06-2022 22:48:40|INFO|2/10|grid.best_params_={'C': 100.0, 'gamma': 0.001, 'kernel': 'rbf', 'max_iter': 1000}, grid.best_score_=0.7111111111111111, grid.best_index_=17, acc=0.75, time=0.7963559627532959
05-06-2022 22:48:40|INFO|Is groups None: True 
05-06-2022 22:48:41|INFO|3/10|grid.best_params_={'C': 10000.0, 'gamma': 0.001, 'kernel': 'rbf', 'max_iter': 1000}, grid.best_score_=0.7111111111111111, grid.best_index_=24, acc=0.8, time=0.7978160381317139
05-06-2022 22:48:41|INFO|Is groups None: True 
05-06-2022 22:48:42|INFO|4/10|grid.best_params_={'C': 10000.0, 'gamma': 0.001, 'kernel': 'rbf', 'max_iter': 1000}, grid.best_score_=0.7444444444444445, grid.best_index_=24, acc=0.6, time=0.8185441493988037
05-06-2022 22:48:42|INFO|Is groups None: True 
05-06-2022 22:48:43|INFO|5/10|grid.best_params_={'C': 10000.0, 'gamma': 0.001, 'kernel': 'rbf', 'max_iter': 1000}, grid.best_score_=0.7111111111111111, grid.best_index_=24, acc=0.7, time=0.8444833755493164
05-06-2022 22:48:43|INFO|Is groups None: True 
05-06-2022 22:48:44|INFO|6/10|grid.best_params_={'C': 100.0, 'gamma': 0.001, 'kernel': 'rbf', 'max_iter': 1000}, grid.best_score_=0.7111111111111111, grid.best_index_=17, acc=0.65, time=0.830146312713623
05-06-2022 22:48:44|INFO|Is groups None: True 
05-06-2022 22:48:44|INFO|7/10|grid.best_params_={'C': 100.0, 'gamma': 0.001, 'kernel': 'rbf', 'max_iter': 1000}, grid.best_score_=0.7166666666666666, grid.best_index_=17, acc=0.65, time=0.8486132621765137
05-06-2022 22:48:44|INFO|Is groups None: True 
05-06-2022 22:48:45|INFO|8/10|grid.best_params_={'C': 1.0, 'gamma': 0.001, 'kernel': 'rbf', 'max_iter': 1000}, grid.best_score_=0.6944444444444444, grid.best_index_=10, acc=0.8, time=0.7924704551696777
05-06-2022 22:48:45|INFO|Is groups None: True 
05-06-2022 22:48:46|INFO|9/10|grid.best_params_={'C': 100.0, 'gamma': 0.001, 'kernel': 'rbf', 'max_iter': 1000}, grid.best_score_=0.7166666666666667, grid.best_index_=17, acc=0.75, time=0.7799601554870605
05-06-2022 22:48:46|INFO|Is groups None: True 
05-06-2022 22:48:47|INFO|10/10|grid.best_params_={'C': 1.0, 'gamma': 0.001, 'kernel': 'rbf', 'max_iter': 1000}, grid.best_score_=0.7222222222222223, grid.best_index_=10, acc=0.5, time=0.797569751739502
05-06-2022 22:48:47|INFO|s19|10-CV=0.67500|STD=0.09811|Time spend=9.43693995475769
05-06-2022 22:48:48|INFO|Running Split-First
05-06-2022 22:48:48|INFO|X.shape=(200, 496), y.shape=(200,), groups.shape=(200,)
05-06-2022 22:48:48|INFO|Is groups None: True 
05-06-2022 22:48:49|INFO|1/10|grid.best_params_={'C': 100000000.0, 'gamma': 1e-09, 'kernel': 'rbf', 'max_iter': 1000}, grid.best_score_=0.7111111111111111, grid.best_index_=35, acc=0.75, time=0.7842702865600586
05-06-2022 22:48:49|INFO|Is groups None: True 
05-06-2022 22:48:49|INFO|2/10|grid.best_params_={'C': 1000000.0, 'gamma': 1e-09, 'kernel': 'rbf', 'max_iter': 1000}, grid.best_score_=0.7277777777777776, grid.best_index_=28, acc=0.65, time=0.803828239440918
05-06-2022 22:48:49|INFO|Is groups None: True 
05-06-2022 22:48:50|INFO|3/10|grid.best_params_={'C': 1000000.0, 'gamma': 1e-09, 'kernel': 'rbf', 'max_iter': 1000}, grid.best_score_=0.7111111111111111, grid.best_index_=28, acc=0.75, time=1.0242793560028076
05-06-2022 22:48:50|INFO|Is groups None: True 
05-06-2022 22:48:51|INFO|4/10|grid.best_params_={'C': 1.0, 'gamma': 0.001, 'kernel': 'rbf', 'max_iter': 1000}, grid.best_score_=0.6944444444444444, grid.best_index_=10, acc=0.55, time=0.7755730152130127
05-06-2022 22:48:51|INFO|Is groups None: True 
05-06-2022 22:48:52|INFO|5/10|grid.best_params_={'C': 100.0, 'gamma': 1e-05, 'kernel': 'rbf', 'max_iter': 1000}, grid.best_score_=0.7055555555555556, grid.best_index_=16, acc=0.7, time=0.8135628700256348
05-06-2022 22:48:52|INFO|Is groups None: True 
05-06-2022 22:48:53|INFO|6/10|grid.best_params_={'C': 10000000000.0, 'gamma': 1e-09, 'kernel': 'rbf', 'max_iter': 1000}, grid.best_score_=0.6777777777777778, grid.best_index_=42, acc=0.7, time=0.8046424388885498
05-06-2022 22:48:53|INFO|Is groups None: True 
05-06-2022 22:48:54|INFO|7/10|grid.best_params_={'C': 100000000.0, 'gamma': 1e-09, 'kernel': 'rbf', 'max_iter': 1000}, grid.best_score_=0.6999999999999998, grid.best_index_=35, acc=0.85, time=0.8076121807098389
05-06-2022 22:48:54|INFO|Is groups None: True 
05-06-2022 22:48:54|INFO|8/10|grid.best_params_={'C': 100.0, 'gamma': 1e-05, 'kernel': 'rbf', 'max_iter': 1000}, grid.best_score_=0.6944444444444444, grid.best_index_=16, acc=0.55, time=0.8020741939544678
05-06-2022 22:48:54|INFO|Is groups None: True 
05-06-2022 22:48:55|INFO|9/10|grid.best_params_={'C': 100.0, 'gamma': 1e-05, 'kernel': 'rbf', 'max_iter': 1000}, grid.best_score_=0.6944444444444444, grid.best_index_=16, acc=0.65, time=0.7896056175231934
05-06-2022 22:48:55|INFO|Is groups None: True 
05-06-2022 22:48:56|INFO|10/10|grid.best_params_={'C': 100.0, 'gamma': 1e-05, 'kernel': 'rbf', 'max_iter': 1000}, grid.best_score_=0.7055555555555555, grid.best_index_=16, acc=0.6, time=0.8172705173492432
05-06-2022 22:48:56|INFO|s20|10-CV=0.67500|STD=0.09014|Time spend=9.251481056213379
05-06-2022 22:48:58|INFO|Running Split-First
05-06-2022 22:48:58|INFO|X.shape=(200, 496), y.shape=(200,), groups.shape=(200,)
05-06-2022 22:48:58|INFO|Is groups None: True 
05-06-2022 22:48:58|INFO|1/10|grid.best_params_={'C': 100.0, 'gamma': 0.1, 'kernel': 'rbf', 'max_iter': 1000}, grid.best_score_=0.5555555555555556, grid.best_index_=18, acc=0.65, time=0.8380191326141357
05-06-2022 22:48:58|INFO|Is groups None: True 
05-06-2022 22:48:59|INFO|2/10|grid.best_params_={'C': 10000.0, 'gamma': 1e-07, 'kernel': 'rbf', 'max_iter': 1000}, grid.best_score_=0.5444444444444445, grid.best_index_=22, acc=0.55, time=0.9275949001312256
05-06-2022 22:48:59|INFO|Is groups None: True 
05-06-2022 22:49:00|INFO|3/10|grid.best_params_={'C': 1000000.0, 'gamma': 1e-07, 'kernel': 'rbf', 'max_iter': 1000}, grid.best_score_=0.5888888888888889, grid.best_index_=29, acc=0.3, time=0.8417534828186035
05-06-2022 22:49:00|INFO|Is groups None: True 
05-06-2022 22:49:01|INFO|4/10|grid.best_params_={'C': 1000000.0, 'gamma': 1e-07, 'kernel': 'rbf', 'max_iter': 1000}, grid.best_score_=0.5722222222222223, grid.best_index_=29, acc=0.4, time=0.8718953132629395
05-06-2022 22:49:01|INFO|Is groups None: True 
05-06-2022 22:49:02|INFO|5/10|grid.best_params_={'C': 100.0, 'gamma': 1e-05, 'kernel': 'rbf', 'max_iter': 1000}, grid.best_score_=0.611111111111111, grid.best_index_=16, acc=0.2, time=0.8492896556854248
05-06-2022 22:49:02|INFO|Is groups None: True 
05-06-2022 22:49:03|INFO|6/10|grid.best_params_={'C': 1000000.0, 'gamma': 1e-05, 'kernel': 'rbf', 'max_iter': 1000}, grid.best_score_=0.5555555555555556, grid.best_index_=30, acc=0.35, time=0.8268709182739258
05-06-2022 22:49:03|INFO|Is groups None: True 
05-06-2022 22:49:04|INFO|7/10|grid.best_params_={'C': 10000.0, 'gamma': 1e-05, 'kernel': 'rbf', 'max_iter': 1000}, grid.best_score_=0.6055555555555555, grid.best_index_=23, acc=0.35, time=0.860546350479126
05-06-2022 22:49:04|INFO|Is groups None: True 
05-06-2022 22:49:05|INFO|8/10|grid.best_params_={'C': 10000.0, 'gamma': 1e-05, 'kernel': 'rbf', 'max_iter': 1000}, grid.best_score_=0.5611111111111111, grid.best_index_=23, acc=0.55, time=0.8686838150024414
05-06-2022 22:49:05|INFO|Is groups None: True 
05-06-2022 22:49:05|INFO|9/10|grid.best_params_={'C': 10000.0, 'gamma': 0.001, 'kernel': 'rbf', 'max_iter': 1000}, grid.best_score_=0.5833333333333334, grid.best_index_=24, acc=0.65, time=0.8350744247436523
05-06-2022 22:49:05|INFO|Is groups None: True 
05-06-2022 22:49:06|INFO|10/10|grid.best_params_={'C': 1000000.0, 'gamma': 1e-07, 'kernel': 'rbf', 'max_iter': 1000}, grid.best_score_=0.6, grid.best_index_=29, acc=0.45, time=0.8280401229858398
05-06-2022 22:49:06|INFO|s21|10-CV=0.44500|STD=0.14396|Time spend=10.183212041854858
05-06-2022 22:49:07|INFO|Running Split-First
05-06-2022 22:49:07|INFO|X.shape=(200, 496), y.shape=(200,), groups.shape=(200,)
05-06-2022 22:49:07|INFO|Is groups None: True 
05-06-2022 22:49:08|INFO|1/10|grid.best_params_={'C': 10000000000.0, 'gamma': 1e-09, 'kernel': 'rbf', 'max_iter': 1000}, grid.best_score_=0.7166666666666668, grid.best_index_=42, acc=0.6, time=0.8305835723876953
05-06-2022 22:49:08|INFO|Is groups None: True 
05-06-2022 22:49:09|INFO|2/10|grid.best_params_={'C': 1000000.0, 'gamma': 1e-07, 'kernel': 'rbf', 'max_iter': 1000}, grid.best_score_=0.7222222222222222, grid.best_index_=29, acc=0.6, time=0.8212106227874756
05-06-2022 22:49:09|INFO|Is groups None: True 
05-06-2022 22:49:10|INFO|3/10|grid.best_params_={'C': 10000.0, 'gamma': 1e-05, 'kernel': 'rbf', 'max_iter': 1000}, grid.best_score_=0.7222222222222221, grid.best_index_=23, acc=0.65, time=0.7985126972198486
05-06-2022 22:49:10|INFO|Is groups None: True 
05-06-2022 22:49:11|INFO|4/10|grid.best_params_={'C': 10000.0, 'gamma': 1e-05, 'kernel': 'rbf', 'max_iter': 1000}, grid.best_score_=0.7166666666666666, grid.best_index_=23, acc=0.65, time=0.803917646408081
05-06-2022 22:49:11|INFO|Is groups None: True 
05-06-2022 22:49:11|INFO|5/10|grid.best_params_={'C': 100000000.0, 'gamma': 1e-09, 'kernel': 'rbf', 'max_iter': 1000}, grid.best_score_=0.7111111111111111, grid.best_index_=35, acc=0.65, time=0.8731565475463867
05-06-2022 22:49:11|INFO|Is groups None: True 
05-06-2022 22:49:12|INFO|6/10|grid.best_params_={'C': 10000.0, 'gamma': 1e-05, 'kernel': 'rbf', 'max_iter': 1000}, grid.best_score_=0.7333333333333334, grid.best_index_=23, acc=0.75, time=0.7743473052978516
05-06-2022 22:49:12|INFO|Is groups None: True 
05-06-2022 22:49:13|INFO|7/10|grid.best_params_={'C': 100000000.0, 'gamma': 1e-09, 'kernel': 'rbf', 'max_iter': 1000}, grid.best_score_=0.6944444444444444, grid.best_index_=35, acc=0.8, time=0.8060259819030762
05-06-2022 22:49:13|INFO|Is groups None: True 
05-06-2022 22:49:14|INFO|8/10|grid.best_params_={'C': 100.0, 'gamma': 1e-05, 'kernel': 'rbf', 'max_iter': 1000}, grid.best_score_=0.6777777777777778, grid.best_index_=16, acc=0.75, time=0.7848601341247559
05-06-2022 22:49:14|INFO|Is groups None: True 
05-06-2022 22:49:15|INFO|9/10|grid.best_params_={'C': 100.0, 'gamma': 0.001, 'kernel': 'rbf', 'max_iter': 1000}, grid.best_score_=0.6833333333333333, grid.best_index_=17, acc=0.7, time=0.8186345100402832
05-06-2022 22:49:15|INFO|Is groups None: True 
05-06-2022 22:49:15|INFO|10/10|grid.best_params_={'C': 10000.0, 'gamma': 1e-05, 'kernel': 'rbf', 'max_iter': 1000}, grid.best_score_=0.7055555555555555, grid.best_index_=23, acc=0.7, time=0.78759765625
05-06-2022 22:49:15|INFO|s22|10-CV=0.68500|STD=0.06344|Time spend=9.276413440704346
05-06-2022 22:49:17|INFO|Running Split-First
05-06-2022 22:49:17|INFO|X.shape=(200, 496), y.shape=(200,), groups.shape=(200,)
05-06-2022 22:49:17|INFO|Is groups None: True 
05-06-2022 22:49:18|INFO|1/10|grid.best_params_={'C': 10000.0, 'gamma': 1e-05, 'kernel': 'rbf', 'max_iter': 1000}, grid.best_score_=0.7555555555555555, grid.best_index_=23, acc=0.85, time=0.8667736053466797
05-06-2022 22:49:18|INFO|Is groups None: True 
05-06-2022 22:49:18|INFO|2/10|grid.best_params_={'C': 1000000.0, 'gamma': 1e-07, 'kernel': 'rbf', 'max_iter': 1000}, grid.best_score_=0.7722222222222223, grid.best_index_=29, acc=0.65, time=0.7785801887512207
05-06-2022 22:49:18|INFO|Is groups None: True 
05-06-2022 22:49:19|INFO|3/10|grid.best_params_={'C': 1000000.0, 'gamma': 1e-05, 'kernel': 'rbf', 'max_iter': 1000}, grid.best_score_=0.75, grid.best_index_=30, acc=0.8, time=0.8083591461181641
05-06-2022 22:49:19|INFO|Is groups None: True 
05-06-2022 22:49:20|INFO|4/10|grid.best_params_={'C': 100.0, 'gamma': 0.001, 'kernel': 'rbf', 'max_iter': 1000}, grid.best_score_=0.8055555555555555, grid.best_index_=17, acc=0.6, time=0.7559311389923096
05-06-2022 22:49:20|INFO|Is groups None: True 
05-06-2022 22:49:21|INFO|5/10|grid.best_params_={'C': 100.0, 'gamma': 0.001, 'kernel': 'rbf', 'max_iter': 1000}, grid.best_score_=0.7833333333333333, grid.best_index_=17, acc=0.85, time=0.7911748886108398
05-06-2022 22:49:21|INFO|Is groups None: True 
05-06-2022 22:49:21|INFO|6/10|grid.best_params_={'C': 100.0, 'gamma': 0.001, 'kernel': 'rbf', 'max_iter': 1000}, grid.best_score_=0.7944444444444445, grid.best_index_=17, acc=0.75, time=0.773526668548584
05-06-2022 22:49:21|INFO|Is groups None: True 
05-06-2022 22:49:22|INFO|7/10|grid.best_params_={'C': 100.0, 'gamma': 0.001, 'kernel': 'rbf', 'max_iter': 1000}, grid.best_score_=0.7833333333333333, grid.best_index_=17, acc=0.75, time=0.7667646408081055
05-06-2022 22:49:22|INFO|Is groups None: True 
05-06-2022 22:49:23|INFO|8/10|grid.best_params_={'C': 100.0, 'gamma': 0.001, 'kernel': 'rbf', 'max_iter': 1000}, grid.best_score_=0.788888888888889, grid.best_index_=17, acc=0.7, time=0.77388596534729
05-06-2022 22:49:23|INFO|Is groups None: True 
05-06-2022 22:49:24|INFO|9/10|grid.best_params_={'C': 100.0, 'gamma': 0.001, 'kernel': 'rbf', 'max_iter': 1000}, grid.best_score_=0.7777777777777779, grid.best_index_=17, acc=0.8, time=0.7877902984619141
05-06-2022 22:49:24|INFO|Is groups None: True 
05-06-2022 22:49:25|INFO|10/10|grid.best_params_={'C': 100.0, 'gamma': 0.001, 'kernel': 'rbf', 'max_iter': 1000}, grid.best_score_=0.7888888888888889, grid.best_index_=17, acc=0.7, time=0.7930631637573242
05-06-2022 22:49:25|INFO|s23|10-CV=0.74500|STD=0.07890|Time spend=9.14120888710022
05-06-2022 22:49:26|INFO|Running Split-First
05-06-2022 22:49:26|INFO|X.shape=(200, 496), y.shape=(200,), groups.shape=(200,)
05-06-2022 22:49:26|INFO|Is groups None: True 
05-06-2022 22:49:26|INFO|1/10|grid.best_params_={'C': 100.0, 'gamma': 0.001, 'kernel': 'rbf', 'max_iter': 1000}, grid.best_score_=0.6222222222222222, grid.best_index_=17, acc=0.6, time=0.8254806995391846
05-06-2022 22:49:26|INFO|Is groups None: True 
05-06-2022 22:49:27|INFO|2/10|grid.best_params_={'C': 1.0, 'gamma': 0.001, 'kernel': 'rbf', 'max_iter': 1000}, grid.best_score_=0.6055555555555556, grid.best_index_=10, acc=0.4, time=0.8722758293151855
05-06-2022 22:49:27|INFO|Is groups None: True 
05-06-2022 22:49:28|INFO|3/10|grid.best_params_={'C': 100.0, 'gamma': 0.001, 'kernel': 'rbf', 'max_iter': 1000}, grid.best_score_=0.6333333333333333, grid.best_index_=17, acc=0.5, time=0.8327677249908447
05-06-2022 22:49:28|INFO|Is groups None: True 
05-06-2022 22:49:29|INFO|4/10|grid.best_params_={'C': 1000000.0, 'gamma': 1e-07, 'kernel': 'rbf', 'max_iter': 1000}, grid.best_score_=0.6277777777777778, grid.best_index_=29, acc=0.55, time=0.8544876575469971
05-06-2022 22:49:29|INFO|Is groups None: True 
05-06-2022 22:49:30|INFO|5/10|grid.best_params_={'C': 100.0, 'gamma': 1e-05, 'kernel': 'rbf', 'max_iter': 1000}, grid.best_score_=0.6277777777777778, grid.best_index_=16, acc=0.45, time=0.8607747554779053
05-06-2022 22:49:30|INFO|Is groups None: True 
05-06-2022 22:49:31|INFO|6/10|grid.best_params_={'C': 10000.0, 'gamma': 0.001, 'kernel': 'rbf', 'max_iter': 1000}, grid.best_score_=0.6000000000000001, grid.best_index_=24, acc=0.65, time=0.8292407989501953
05-06-2022 22:49:31|INFO|Is groups None: True 
05-06-2022 22:49:32|INFO|7/10|grid.best_params_={'C': 100.0, 'gamma': 0.001, 'kernel': 'rbf', 'max_iter': 1000}, grid.best_score_=0.6166666666666667, grid.best_index_=17, acc=0.45, time=0.8555693626403809
05-06-2022 22:49:32|INFO|Is groups None: True 
05-06-2022 22:49:32|INFO|8/10|grid.best_params_={'C': 10000.0, 'gamma': 1e-05, 'kernel': 'rbf', 'max_iter': 1000}, grid.best_score_=0.6444444444444444, grid.best_index_=23, acc=0.65, time=0.8345718383789062
05-06-2022 22:49:32|INFO|Is groups None: True 
05-06-2022 22:49:33|INFO|9/10|grid.best_params_={'C': 1000000.0, 'gamma': 1e-07, 'kernel': 'rbf', 'max_iter': 1000}, grid.best_score_=0.5833333333333334, grid.best_index_=29, acc=0.65, time=0.8283178806304932
05-06-2022 22:49:33|INFO|Is groups None: True 
05-06-2022 22:49:34|INFO|10/10|grid.best_params_={'C': 1000000.0, 'gamma': 1e-07, 'kernel': 'rbf', 'max_iter': 1000}, grid.best_score_=0.6111111111111112, grid.best_index_=29, acc=0.5, time=0.8317148685455322
05-06-2022 22:49:34|INFO|s24|10-CV=0.54000|STD=0.08888|Time spend=9.463349103927612
05-06-2022 22:49:35|INFO|Running Split-First
05-06-2022 22:49:35|INFO|X.shape=(200, 496), y.shape=(200,), groups.shape=(200,)
05-06-2022 22:49:35|INFO|Is groups None: True 
05-06-2022 22:49:36|INFO|1/10|grid.best_params_={'C': 10000.0, 'gamma': 0.001, 'kernel': 'rbf', 'max_iter': 1000}, grid.best_score_=0.6000000000000001, grid.best_index_=24, acc=0.6, time=0.9689772129058838
05-06-2022 22:49:36|INFO|Is groups None: True 
05-06-2022 22:49:37|INFO|2/10|grid.best_params_={'C': 10000.0, 'gamma': 0.001, 'kernel': 'rbf', 'max_iter': 1000}, grid.best_score_=0.6111111111111112, grid.best_index_=24, acc=0.75, time=0.8432366847991943
05-06-2022 22:49:37|INFO|Is groups None: True 
05-06-2022 22:49:38|INFO|3/10|grid.best_params_={'C': 1.0, 'gamma': 0.001, 'kernel': 'rbf', 'max_iter': 1000}, grid.best_score_=0.6111111111111112, grid.best_index_=10, acc=0.6, time=0.8498396873474121
05-06-2022 22:49:38|INFO|Is groups None: True 
05-06-2022 22:49:39|INFO|4/10|grid.best_params_={'C': 100.0, 'gamma': 0.001, 'kernel': 'rbf', 'max_iter': 1000}, grid.best_score_=0.6166666666666667, grid.best_index_=17, acc=0.4, time=0.9458796977996826
05-06-2022 22:49:39|INFO|Is groups None: True 
05-06-2022 22:49:40|INFO|5/10|grid.best_params_={'C': 10000.0, 'gamma': 0.001, 'kernel': 'rbf', 'max_iter': 1000}, grid.best_score_=0.6222222222222222, grid.best_index_=24, acc=0.6, time=0.9214351177215576
05-06-2022 22:49:40|INFO|Is groups None: True 
05-06-2022 22:49:41|INFO|6/10|grid.best_params_={'C': 10000.0, 'gamma': 1e-05, 'kernel': 'rbf', 'max_iter': 1000}, grid.best_score_=0.6055555555555555, grid.best_index_=23, acc=0.8, time=0.8501205444335938
05-06-2022 22:49:41|INFO|Is groups None: True 
05-06-2022 22:49:41|INFO|7/10|grid.best_params_={'C': 100.0, 'gamma': 0.001, 'kernel': 'rbf', 'max_iter': 1000}, grid.best_score_=0.6166666666666667, grid.best_index_=17, acc=0.55, time=0.8974347114562988
05-06-2022 22:49:41|INFO|Is groups None: True 
05-06-2022 22:49:42|INFO|8/10|grid.best_params_={'C': 100000000.0, 'gamma': 1e-09, 'kernel': 'rbf', 'max_iter': 1000}, grid.best_score_=0.5777777777777778, grid.best_index_=35, acc=0.6, time=0.8631744384765625
05-06-2022 22:49:42|INFO|Is groups None: True 
05-06-2022 22:49:43|INFO|9/10|grid.best_params_={'C': 10000.0, 'gamma': 1e-05, 'kernel': 'rbf', 'max_iter': 1000}, grid.best_score_=0.638888888888889, grid.best_index_=23, acc=0.6, time=0.8317878246307373
05-06-2022 22:49:43|INFO|Is groups None: True 
05-06-2022 22:49:44|INFO|10/10|grid.best_params_={'C': 10000.0, 'gamma': 0.001, 'kernel': 'rbf', 'max_iter': 1000}, grid.best_score_=0.6111111111111112, grid.best_index_=24, acc=0.7, time=0.8350989818572998
05-06-2022 22:49:44|INFO|s25|10-CV=0.62000|STD=0.10536|Time spend=9.958151817321777
05-06-2022 22:49:45|INFO|Running Split-First
05-06-2022 22:49:45|INFO|X.shape=(200, 496), y.shape=(200,), groups.shape=(200,)
05-06-2022 22:49:45|INFO|Is groups None: True 
05-06-2022 22:49:46|INFO|1/10|grid.best_params_={'C': 10000.0, 'gamma': 1e-05, 'kernel': 'rbf', 'max_iter': 1000}, grid.best_score_=0.6944444444444444, grid.best_index_=23, acc=0.6, time=0.9266312122344971
05-06-2022 22:49:46|INFO|Is groups None: True 
05-06-2022 22:49:47|INFO|2/10|grid.best_params_={'C': 10000.0, 'gamma': 1e-05, 'kernel': 'rbf', 'max_iter': 1000}, grid.best_score_=0.6555555555555556, grid.best_index_=23, acc=0.75, time=0.7832975387573242
05-06-2022 22:49:47|INFO|Is groups None: True 
05-06-2022 22:49:48|INFO|3/10|grid.best_params_={'C': 100.0, 'gamma': 0.001, 'kernel': 'rbf', 'max_iter': 1000}, grid.best_score_=0.6666666666666665, grid.best_index_=17, acc=0.7, time=0.8190710544586182
05-06-2022 22:49:48|INFO|Is groups None: True 
05-06-2022 22:49:49|INFO|4/10|grid.best_params_={'C': 1000000.0, 'gamma': 1e-07, 'kernel': 'rbf', 'max_iter': 1000}, grid.best_score_=0.6555555555555556, grid.best_index_=29, acc=0.65, time=0.8059442043304443
05-06-2022 22:49:49|INFO|Is groups None: True 
05-06-2022 22:49:49|INFO|5/10|grid.best_params_={'C': 0.01, 'gamma': 1e-09, 'kernel': 'rbf', 'max_iter': 1000}, grid.best_score_=0.65, grid.best_index_=0, acc=0.65, time=0.8374073505401611
05-06-2022 22:49:49|INFO|Is groups None: True 
05-06-2022 22:49:50|INFO|6/10|grid.best_params_={'C': 0.01, 'gamma': 1e-09, 'kernel': 'rbf', 'max_iter': 1000}, grid.best_score_=0.65, grid.best_index_=0, acc=0.65, time=0.8036258220672607
05-06-2022 22:49:50|INFO|Is groups None: True 
05-06-2022 22:49:51|INFO|7/10|grid.best_params_={'C': 10000.0, 'gamma': 1e-05, 'kernel': 'rbf', 'max_iter': 1000}, grid.best_score_=0.6833333333333333, grid.best_index_=23, acc=0.55, time=0.8251888751983643
05-06-2022 22:49:51|INFO|Is groups None: True 
05-06-2022 22:49:52|INFO|8/10|grid.best_params_={'C': 100.0, 'gamma': 0.001, 'kernel': 'rbf', 'max_iter': 1000}, grid.best_score_=0.6666666666666666, grid.best_index_=17, acc=0.65, time=0.8062145709991455
05-06-2022 22:49:52|INFO|Is groups None: True 
05-06-2022 22:49:53|INFO|9/10|grid.best_params_={'C': 0.01, 'gamma': 1e-09, 'kernel': 'rbf', 'max_iter': 1000}, grid.best_score_=0.65, grid.best_index_=0, acc=0.65, time=0.7899270057678223
05-06-2022 22:49:53|INFO|Is groups None: True 
05-06-2022 22:49:53|INFO|10/10|grid.best_params_={'C': 10000.0, 'gamma': 1e-05, 'kernel': 'rbf', 'max_iter': 1000}, grid.best_score_=0.6722222222222222, grid.best_index_=23, acc=0.5, time=0.8020401000976562
05-06-2022 22:49:53|INFO|s26|10-CV=0.63500|STD=0.06727|Time spend=9.413052797317505
05-06-2022 22:49:55|INFO|Running Split-First
05-06-2022 22:49:55|INFO|X.shape=(200, 496), y.shape=(200,), groups.shape=(200,)
05-06-2022 22:49:55|INFO|Is groups None: True 
05-06-2022 22:49:56|INFO|1/10|grid.best_params_={'C': 10000.0, 'gamma': 1e-05, 'kernel': 'rbf', 'max_iter': 1000}, grid.best_score_=0.7777777777777778, grid.best_index_=23, acc=0.8, time=0.9420220851898193
05-06-2022 22:49:56|INFO|Is groups None: True 
05-06-2022 22:49:56|INFO|2/10|grid.best_params_={'C': 10000.0, 'gamma': 1e-05, 'kernel': 'rbf', 'max_iter': 1000}, grid.best_score_=0.7777777777777777, grid.best_index_=23, acc=0.8, time=0.7895433902740479
05-06-2022 22:49:56|INFO|Is groups None: True 
05-06-2022 22:49:57|INFO|3/10|grid.best_params_={'C': 10000.0, 'gamma': 1e-05, 'kernel': 'rbf', 'max_iter': 1000}, grid.best_score_=0.7611111111111111, grid.best_index_=23, acc=0.9, time=0.7341663837432861
05-06-2022 22:49:57|INFO|Is groups None: True 
05-06-2022 22:49:58|INFO|4/10|grid.best_params_={'C': 1.0, 'gamma': 0.001, 'kernel': 'rbf', 'max_iter': 1000}, grid.best_score_=0.7666666666666667, grid.best_index_=10, acc=0.75, time=0.7379350662231445
05-06-2022 22:49:58|INFO|Is groups None: True 
05-06-2022 22:49:59|INFO|5/10|grid.best_params_={'C': 10000.0, 'gamma': 1e-05, 'kernel': 'rbf', 'max_iter': 1000}, grid.best_score_=0.7833333333333332, grid.best_index_=23, acc=0.75, time=0.7364134788513184
05-06-2022 22:49:59|INFO|Is groups None: True 
05-06-2022 22:49:59|INFO|6/10|grid.best_params_={'C': 1000000.0, 'gamma': 1e-07, 'kernel': 'rbf', 'max_iter': 1000}, grid.best_score_=0.7944444444444444, grid.best_index_=29, acc=0.6, time=0.7426016330718994
05-06-2022 22:49:59|INFO|Is groups None: True 
05-06-2022 22:50:00|INFO|7/10|grid.best_params_={'C': 100000000.0, 'gamma': 1e-09, 'kernel': 'rbf', 'max_iter': 1000}, grid.best_score_=0.7666666666666667, grid.best_index_=35, acc=0.85, time=0.7480864524841309
05-06-2022 22:50:00|INFO|Is groups None: True 
05-06-2022 22:50:01|INFO|8/10|grid.best_params_={'C': 10000000000.0, 'gamma': 1e-09, 'kernel': 'rbf', 'max_iter': 1000}, grid.best_score_=0.7666666666666666, grid.best_index_=42, acc=0.7, time=0.7043790817260742
05-06-2022 22:50:01|INFO|Is groups None: True 
05-06-2022 22:50:01|INFO|9/10|grid.best_params_={'C': 100000000.0, 'gamma': 1e-09, 'kernel': 'rbf', 'max_iter': 1000}, grid.best_score_=0.7611111111111112, grid.best_index_=35, acc=0.9, time=0.7415032386779785
05-06-2022 22:50:01|INFO|Is groups None: True 
05-06-2022 22:50:02|INFO|10/10|grid.best_params_={'C': 10000000000.0, 'gamma': 1e-09, 'kernel': 'rbf', 'max_iter': 1000}, grid.best_score_=0.7944444444444445, grid.best_index_=42, acc=0.75, time=0.7543952465057373
05-06-2022 22:50:02|INFO|s27|10-CV=0.78000|STD=0.08718|Time spend=8.813556909561157
05-06-2022 22:50:04|INFO|Running Split-First
05-06-2022 22:50:04|INFO|X.shape=(200, 496), y.shape=(200,), groups.shape=(200,)
05-06-2022 22:50:04|INFO|Is groups None: True 
05-06-2022 22:50:05|INFO|1/10|grid.best_params_={'C': 10000.0, 'gamma': 0.001, 'kernel': 'rbf', 'max_iter': 1000}, grid.best_score_=0.6722222222222223, grid.best_index_=24, acc=0.75, time=0.8180322647094727
05-06-2022 22:50:05|INFO|Is groups None: True 
05-06-2022 22:50:05|INFO|2/10|grid.best_params_={'C': 1000000.0, 'gamma': 1e-07, 'kernel': 'rbf', 'max_iter': 1000}, grid.best_score_=0.6888888888888889, grid.best_index_=29, acc=0.75, time=0.8105053901672363
05-06-2022 22:50:05|INFO|Is groups None: True 
05-06-2022 22:50:06|INFO|3/10|grid.best_params_={'C': 100.0, 'gamma': 0.001, 'kernel': 'rbf', 'max_iter': 1000}, grid.best_score_=0.6888888888888888, grid.best_index_=17, acc=0.8, time=0.806962251663208
05-06-2022 22:50:06|INFO|Is groups None: True 
05-06-2022 22:50:07|INFO|4/10|grid.best_params_={'C': 10000000000.0, 'gamma': 1e-09, 'kernel': 'rbf', 'max_iter': 1000}, grid.best_score_=0.6722222222222223, grid.best_index_=42, acc=0.65, time=0.7949366569519043
05-06-2022 22:50:07|INFO|Is groups None: True 
05-06-2022 22:50:08|INFO|5/10|grid.best_params_={'C': 10000000000.0, 'gamma': 1e-09, 'kernel': 'rbf', 'max_iter': 1000}, grid.best_score_=0.688888888888889, grid.best_index_=42, acc=0.65, time=0.7694175243377686
05-06-2022 22:50:08|INFO|Is groups None: True 
05-06-2022 22:50:09|INFO|6/10|grid.best_params_={'C': 10000.0, 'gamma': 0.001, 'kernel': 'rbf', 'max_iter': 1000}, grid.best_score_=0.7333333333333333, grid.best_index_=24, acc=0.7, time=0.8389441967010498
05-06-2022 22:50:09|INFO|Is groups None: True 
05-06-2022 22:50:09|INFO|7/10|grid.best_params_={'C': 100.0, 'gamma': 0.001, 'kernel': 'rbf', 'max_iter': 1000}, grid.best_score_=0.7555555555555556, grid.best_index_=17, acc=0.55, time=0.7991254329681396
05-06-2022 22:50:09|INFO|Is groups None: True 
05-06-2022 22:50:10|INFO|8/10|grid.best_params_={'C': 100.0, 'gamma': 0.001, 'kernel': 'rbf', 'max_iter': 1000}, grid.best_score_=0.7166666666666667, grid.best_index_=17, acc=0.65, time=0.7767179012298584
05-06-2022 22:50:10|INFO|Is groups None: True 
05-06-2022 22:50:11|INFO|9/10|grid.best_params_={'C': 100.0, 'gamma': 0.001, 'kernel': 'rbf', 'max_iter': 1000}, grid.best_score_=0.7277777777777777, grid.best_index_=17, acc=0.7, time=0.8049509525299072
05-06-2022 22:50:11|INFO|Is groups None: True 
05-06-2022 22:50:12|INFO|10/10|grid.best_params_={'C': 100000000.0, 'gamma': 1e-09, 'kernel': 'rbf', 'max_iter': 1000}, grid.best_score_=0.7166666666666667, grid.best_index_=35, acc=0.5, time=0.8182282447814941
05-06-2022 22:50:12|INFO|s28|10-CV=0.67000|STD=0.08718|Time spend=9.638312339782715
05-06-2022 22:50:13|INFO|Running Split-First
05-06-2022 22:50:13|INFO|X.shape=(200, 496), y.shape=(200,), groups.shape=(200,)
05-06-2022 22:50:13|INFO|Is groups None: True 
05-06-2022 22:50:14|INFO|1/10|grid.best_params_={'C': 10000000000.0, 'gamma': 1e-09, 'kernel': 'rbf', 'max_iter': 1000}, grid.best_score_=0.6999999999999998, grid.best_index_=42, acc=0.7, time=0.7905681133270264
05-06-2022 22:50:14|INFO|Is groups None: True 
05-06-2022 22:50:15|INFO|2/10|grid.best_params_={'C': 10000.0, 'gamma': 1e-07, 'kernel': 'rbf', 'max_iter': 1000}, grid.best_score_=0.6944444444444445, grid.best_index_=22, acc=0.7, time=0.832329511642456
05-06-2022 22:50:15|INFO|Is groups None: True 
05-06-2022 22:50:15|INFO|3/10|grid.best_params_={'C': 1000000.0, 'gamma': 1e-09, 'kernel': 'rbf', 'max_iter': 1000}, grid.best_score_=0.7, grid.best_index_=28, acc=0.9, time=0.8054440021514893
05-06-2022 22:50:15|INFO|Is groups None: True 
05-06-2022 22:50:16|INFO|4/10|grid.best_params_={'C': 10000.0, 'gamma': 1e-05, 'kernel': 'rbf', 'max_iter': 1000}, grid.best_score_=0.7388888888888889, grid.best_index_=23, acc=0.55, time=0.7920048236846924
05-06-2022 22:50:16|INFO|Is groups None: True 
05-06-2022 22:50:17|INFO|5/10|grid.best_params_={'C': 1000000.0, 'gamma': 1e-09, 'kernel': 'rbf', 'max_iter': 1000}, grid.best_score_=0.6888888888888889, grid.best_index_=28, acc=0.85, time=0.8165750503540039
05-06-2022 22:50:17|INFO|Is groups None: True 
05-06-2022 22:50:18|INFO|6/10|grid.best_params_={'C': 100000000.0, 'gamma': 1e-09, 'kernel': 'rbf', 'max_iter': 1000}, grid.best_score_=0.7166666666666667, grid.best_index_=35, acc=0.65, time=0.7874610424041748
05-06-2022 22:50:18|INFO|Is groups None: True 
05-06-2022 22:50:19|INFO|7/10|grid.best_params_={'C': 1000000.0, 'gamma': 1e-07, 'kernel': 'rbf', 'max_iter': 1000}, grid.best_score_=0.7222222222222222, grid.best_index_=29, acc=0.7, time=0.8134241104125977
05-06-2022 22:50:19|INFO|Is groups None: True 
05-06-2022 22:50:19|INFO|8/10|grid.best_params_={'C': 10000000000.0, 'gamma': 1e-09, 'kernel': 'rbf', 'max_iter': 1000}, grid.best_score_=0.6944444444444443, grid.best_index_=42, acc=0.65, time=0.8053369522094727
05-06-2022 22:50:19|INFO|Is groups None: True 
05-06-2022 22:50:20|INFO|9/10|grid.best_params_={'C': 10000000000.0, 'gamma': 1e-09, 'kernel': 'rbf', 'max_iter': 1000}, grid.best_score_=0.7166666666666667, grid.best_index_=42, acc=0.65, time=0.8061883449554443
05-06-2022 22:50:20|INFO|Is groups None: True 
05-06-2022 22:50:21|INFO|10/10|grid.best_params_={'C': 100.0, 'gamma': 1e-05, 'kernel': 'rbf', 'max_iter': 1000}, grid.best_score_=0.6944444444444444, grid.best_index_=16, acc=0.7, time=0.8132369518280029
05-06-2022 22:50:21|INFO|s29|10-CV=0.70500|STD=0.09605|Time spend=9.121923446655273
05-06-2022 22:50:22|INFO|Running Split-First
05-06-2022 22:50:22|INFO|X.shape=(200, 496), y.shape=(200,), groups.shape=(200,)
05-06-2022 22:50:22|INFO|Is groups None: True 
05-06-2022 22:50:23|INFO|1/10|grid.best_params_={'C': 0.01, 'gamma': 1e-09, 'kernel': 'rbf', 'max_iter': 1000}, grid.best_score_=0.6722222222222223, grid.best_index_=0, acc=0.7, time=0.810417652130127
05-06-2022 22:50:23|INFO|Is groups None: True 
05-06-2022 22:50:24|INFO|2/10|grid.best_params_={'C': 10000.0, 'gamma': 1e-05, 'kernel': 'rbf', 'max_iter': 1000}, grid.best_score_=0.6777777777777777, grid.best_index_=23, acc=0.7, time=0.8025057315826416
05-06-2022 22:50:24|INFO|Is groups None: True 
05-06-2022 22:50:25|INFO|3/10|grid.best_params_={'C': 1000000.0, 'gamma': 1e-09, 'kernel': 'rbf', 'max_iter': 1000}, grid.best_score_=0.6777777777777778, grid.best_index_=28, acc=0.7, time=0.7881510257720947
05-06-2022 22:50:25|INFO|Is groups None: True 
05-06-2022 22:50:25|INFO|4/10|grid.best_params_={'C': 10000.0, 'gamma': 1e-05, 'kernel': 'rbf', 'max_iter': 1000}, grid.best_score_=0.6944444444444445, grid.best_index_=23, acc=0.6, time=0.8172402381896973
05-06-2022 22:50:25|INFO|Is groups None: True 
05-06-2022 22:50:26|INFO|5/10|grid.best_params_={'C': 100.0, 'gamma': 0.1, 'kernel': 'rbf', 'max_iter': 1000}, grid.best_score_=0.6777777777777778, grid.best_index_=18, acc=0.7, time=0.828498125076294
05-06-2022 22:50:26|INFO|Is groups None: True 
05-06-2022 22:50:27|INFO|6/10|grid.best_params_={'C': 0.01, 'gamma': 1e-09, 'kernel': 'rbf', 'max_iter': 1000}, grid.best_score_=0.6777777777777778, grid.best_index_=0, acc=0.65, time=0.7913453578948975
05-06-2022 22:50:27|INFO|Is groups None: True 
05-06-2022 22:50:28|INFO|7/10|grid.best_params_={'C': 1000000.0, 'gamma': 1e-07, 'kernel': 'rbf', 'max_iter': 1000}, grid.best_score_=0.7055555555555555, grid.best_index_=29, acc=0.65, time=0.7968485355377197
05-06-2022 22:50:28|INFO|Is groups None: True 
05-06-2022 22:50:29|INFO|8/10|grid.best_params_={'C': 0.01, 'gamma': 1e-09, 'kernel': 'rbf', 'max_iter': 1000}, grid.best_score_=0.6777777777777778, grid.best_index_=0, acc=0.65, time=0.8055472373962402
05-06-2022 22:50:29|INFO|Is groups None: True 
05-06-2022 22:50:29|INFO|9/10|grid.best_params_={'C': 0.01, 'gamma': 1e-09, 'kernel': 'rbf', 'max_iter': 1000}, grid.best_score_=0.6777777777777778, grid.best_index_=0, acc=0.65, time=0.809948205947876
05-06-2022 22:50:29|INFO|Is groups None: True 
05-06-2022 22:50:30|INFO|10/10|grid.best_params_={'C': 1000000.0, 'gamma': 1e-07, 'kernel': 'rbf', 'max_iter': 1000}, grid.best_score_=0.7055555555555555, grid.best_index_=29, acc=0.55, time=0.805835485458374
05-06-2022 22:50:30|INFO|s30|10-CV=0.65500|STD=0.04717|Time spend=9.271494150161743
05-06-2022 22:50:31|INFO|Running Split-First
05-06-2022 22:50:31|INFO|X.shape=(200, 496), y.shape=(200,), groups.shape=(200,)
05-06-2022 22:50:31|INFO|Is groups None: True 
05-06-2022 22:50:33|INFO|1/10|grid.best_params_={'C': 10000.0, 'gamma': 1e-05, 'kernel': 'rbf', 'max_iter': 1000}, grid.best_score_=0.6666666666666666, grid.best_index_=23, acc=0.6, time=1.0438110828399658
05-06-2022 22:50:33|INFO|Is groups None: True 
05-06-2022 22:50:33|INFO|2/10|grid.best_params_={'C': 10000.0, 'gamma': 1e-05, 'kernel': 'rbf', 'max_iter': 1000}, grid.best_score_=0.65, grid.best_index_=23, acc=0.6, time=0.8661184310913086
05-06-2022 22:50:33|INFO|Is groups None: True 
05-06-2022 22:50:34|INFO|3/10|grid.best_params_={'C': 1000000.0, 'gamma': 1e-07, 'kernel': 'rbf', 'max_iter': 1000}, grid.best_score_=0.6333333333333333, grid.best_index_=29, acc=0.4, time=0.8291049003601074
05-06-2022 22:50:34|INFO|Is groups None: True 
05-06-2022 22:50:35|INFO|4/10|grid.best_params_={'C': 10000.0, 'gamma': 1e-05, 'kernel': 'rbf', 'max_iter': 1000}, grid.best_score_=0.6444444444444444, grid.best_index_=23, acc=0.75, time=0.8399310111999512
05-06-2022 22:50:35|INFO|Is groups None: True 
05-06-2022 22:50:36|INFO|5/10|grid.best_params_={'C': 1000000.0, 'gamma': 1e-07, 'kernel': 'rbf', 'max_iter': 1000}, grid.best_score_=0.6333333333333333, grid.best_index_=29, acc=0.65, time=0.9067280292510986
05-06-2022 22:50:36|INFO|Is groups None: True 
05-06-2022 22:50:37|INFO|6/10|grid.best_params_={'C': 10000000000.0, 'gamma': 1e-09, 'kernel': 'rbf', 'max_iter': 1000}, grid.best_score_=0.6388888888888888, grid.best_index_=42, acc=0.55, time=0.9078059196472168
05-06-2022 22:50:37|INFO|Is groups None: True 
05-06-2022 22:50:38|INFO|7/10|grid.best_params_={'C': 100000000.0, 'gamma': 1e-09, 'kernel': 'rbf', 'max_iter': 1000}, grid.best_score_=0.6166666666666667, grid.best_index_=35, acc=0.75, time=0.8275344371795654
05-06-2022 22:50:38|INFO|Is groups None: True 
05-06-2022 22:50:39|INFO|8/10|grid.best_params_={'C': 1.0, 'gamma': 0.001, 'kernel': 'rbf', 'max_iter': 1000}, grid.best_score_=0.6333333333333333, grid.best_index_=10, acc=0.5, time=0.8489537239074707
05-06-2022 22:50:39|INFO|Is groups None: True 
05-06-2022 22:50:39|INFO|9/10|grid.best_params_={'C': 10000000000.0, 'gamma': 1e-09, 'kernel': 'rbf', 'max_iter': 1000}, grid.best_score_=0.6333333333333333, grid.best_index_=42, acc=0.65, time=0.8438513278961182
05-06-2022 22:50:39|INFO|Is groups None: True 
05-06-2022 22:50:40|INFO|10/10|grid.best_params_={'C': 100000000.0, 'gamma': 1e-09, 'kernel': 'rbf', 'max_iter': 1000}, grid.best_score_=0.6166666666666667, grid.best_index_=35, acc=0.75, time=0.8322679996490479
05-06-2022 22:50:40|INFO|s31|10-CV=0.62000|STD=0.11000|Time spend=9.991572380065918
05-06-2022 22:50:41|INFO|Running Split-First
05-06-2022 22:50:41|INFO|X.shape=(200, 496), y.shape=(200,), groups.shape=(200,)
05-06-2022 22:50:41|INFO|Is groups None: True 
05-06-2022 22:50:43|INFO|1/10|grid.best_params_={'C': 10000.0, 'gamma': 1e-05, 'kernel': 'rbf', 'max_iter': 1000}, grid.best_score_=0.7111111111111111, grid.best_index_=23, acc=0.8, time=1.0178663730621338
05-06-2022 22:50:43|INFO|Is groups None: True 
05-06-2022 22:50:43|INFO|2/10|grid.best_params_={'C': 100000000.0, 'gamma': 1e-09, 'kernel': 'rbf', 'max_iter': 1000}, grid.best_score_=0.7222222222222223, grid.best_index_=35, acc=0.7, time=0.8049924373626709
05-06-2022 22:50:43|INFO|Is groups None: True 
05-06-2022 22:50:44|INFO|3/10|grid.best_params_={'C': 100.0, 'gamma': 0.001, 'kernel': 'rbf', 'max_iter': 1000}, grid.best_score_=0.7388888888888888, grid.best_index_=17, acc=0.5, time=0.822406530380249
05-06-2022 22:50:44|INFO|Is groups None: True 
05-06-2022 22:50:45|INFO|4/10|grid.best_params_={'C': 100.0, 'gamma': 0.001, 'kernel': 'rbf', 'max_iter': 1000}, grid.best_score_=0.7111111111111111, grid.best_index_=17, acc=0.8, time=1.0464177131652832
05-06-2022 22:50:45|INFO|Is groups None: True 
05-06-2022 22:50:46|INFO|5/10|grid.best_params_={'C': 100.0, 'gamma': 1e-05, 'kernel': 'rbf', 'max_iter': 1000}, grid.best_score_=0.6944444444444444, grid.best_index_=16, acc=0.7, time=0.837651252746582
05-06-2022 22:50:46|INFO|Is groups None: True 
05-06-2022 22:50:47|INFO|6/10|grid.best_params_={'C': 1000000.0, 'gamma': 1e-07, 'kernel': 'rbf', 'max_iter': 1000}, grid.best_score_=0.7222222222222222, grid.best_index_=29, acc=0.7, time=0.958561897277832
05-06-2022 22:50:47|INFO|Is groups None: True 
05-06-2022 22:50:48|INFO|7/10|grid.best_params_={'C': 100000000.0, 'gamma': 1e-09, 'kernel': 'rbf', 'max_iter': 1000}, grid.best_score_=0.7166666666666667, grid.best_index_=35, acc=0.6, time=0.8088481426239014
05-06-2022 22:50:48|INFO|Is groups None: True 
05-06-2022 22:50:49|INFO|8/10|grid.best_params_={'C': 1.0, 'gamma': 0.001, 'kernel': 'rbf', 'max_iter': 1000}, grid.best_score_=0.6833333333333333, grid.best_index_=10, acc=0.7, time=0.8189761638641357
05-06-2022 22:50:49|INFO|Is groups None: True 
05-06-2022 22:50:49|INFO|9/10|grid.best_params_={'C': 100.0, 'gamma': 0.001, 'kernel': 'rbf', 'max_iter': 1000}, grid.best_score_=0.7222222222222222, grid.best_index_=17, acc=0.65, time=0.803835391998291
05-06-2022 22:50:49|INFO|Is groups None: True 
05-06-2022 22:50:50|INFO|10/10|grid.best_params_={'C': 1000000.0, 'gamma': 1e-07, 'kernel': 'rbf', 'max_iter': 1000}, grid.best_score_=0.7000000000000001, grid.best_index_=29, acc=0.85, time=0.8109109401702881
05-06-2022 22:50:50|INFO|s32|10-CV=0.70000|STD=0.09747|Time spend=9.993749618530273
05-06-2022 22:50:50|INFO|final|10-CV=0.67578|STD=0.02236
