05-06-2022 17:54:34|INFO|
    Running Command: 
        python3 main-ml.py --subject_setup dependent --experimental_setup segment --stimuli_class valence --preprocessing PCC_TIME --segment_lenght 20 --output_log ./output/dependent-segment-valence-PCC_TIME-20.log
    Starting training:
        segment_lenght:  20
        output_log:      ./output/dependent-segment-valence-PCC_TIME-20.log
        stimuli_class:   valence
        preprocessing:   PCC_TIME
        subject_setup:   dependent
        experimental_setup: segment
    
05-06-2022 17:54:36|INFO|Running Split-First
05-06-2022 17:54:36|INFO|X.shape=(120, 496), y.shape=(120,), groups.shape=(120,)
05-06-2022 17:54:36|INFO|Is groups None: True 
05-06-2022 17:54:58|INFO|1/10|grid.best_params_={'C': 10000.0, 'gamma': 1e-05, 'kernel': 'rbf', 'max_iter': 1000}, grid.best_score_=0.5833333333333334, grid.best_index_=23, acc=0.5, time=22.394757986068726
05-06-2022 17:54:58|INFO|Is groups None: True 
05-06-2022 17:54:59|INFO|2/10|grid.best_params_={'C': 1000000.0, 'gamma': 1e-07, 'kernel': 'rbf', 'max_iter': 1000}, grid.best_score_=0.5462962962962963, grid.best_index_=29, acc=0.5833333333333334, time=0.5777771472930908
05-06-2022 17:54:59|INFO|Is groups None: True 
05-06-2022 17:54:59|INFO|3/10|grid.best_params_={'C': 10000000000.0, 'gamma': 1e-09, 'kernel': 'rbf', 'max_iter': 1000}, grid.best_score_=0.5740740740740741, grid.best_index_=42, acc=0.4166666666666667, time=0.40022778511047363
05-06-2022 17:54:59|INFO|Is groups None: True 
05-06-2022 17:55:00|INFO|4/10|grid.best_params_={'C': 10000.0, 'gamma': 1e-05, 'kernel': 'rbf', 'max_iter': 1000}, grid.best_score_=0.5833333333333334, grid.best_index_=23, acc=0.4166666666666667, time=0.45154500007629395
05-06-2022 17:55:00|INFO|Is groups None: True 
05-06-2022 17:55:00|INFO|5/10|grid.best_params_={'C': 100.0, 'gamma': 1e-05, 'kernel': 'rbf', 'max_iter': 1000}, grid.best_score_=0.5555555555555555, grid.best_index_=16, acc=0.5833333333333334, time=0.5510656833648682
05-06-2022 17:55:00|INFO|Is groups None: True 
05-06-2022 17:55:01|INFO|6/10|grid.best_params_={'C': 1000000.0, 'gamma': 1e-07, 'kernel': 'rbf', 'max_iter': 1000}, grid.best_score_=0.6111111111111112, grid.best_index_=29, acc=0.6666666666666666, time=0.5023272037506104
05-06-2022 17:55:01|INFO|Is groups None: True 
05-06-2022 17:55:01|INFO|7/10|grid.best_params_={'C': 10000.0, 'gamma': 1e-05, 'kernel': 'rbf', 'max_iter': 1000}, grid.best_score_=0.5925925925925927, grid.best_index_=23, acc=0.5833333333333334, time=0.5623528957366943
05-06-2022 17:55:01|INFO|Is groups None: True 
05-06-2022 17:55:02|INFO|8/10|grid.best_params_={'C': 10000.0, 'gamma': 1e-05, 'kernel': 'rbf', 'max_iter': 1000}, grid.best_score_=0.574074074074074, grid.best_index_=23, acc=0.6666666666666666, time=0.5763583183288574
05-06-2022 17:55:02|INFO|Is groups None: True 
05-06-2022 17:55:02|INFO|9/10|grid.best_params_={'C': 1000000.0, 'gamma': 1e-09, 'kernel': 'rbf', 'max_iter': 1000}, grid.best_score_=0.5833333333333333, grid.best_index_=28, acc=0.5833333333333334, time=0.5118110179901123
05-06-2022 17:55:02|INFO|Is groups None: True 
05-06-2022 17:55:03|INFO|10/10|grid.best_params_={'C': 100000000.0, 'gamma': 1e-09, 'kernel': 'rbf', 'max_iter': 1000}, grid.best_score_=0.5740740740740741, grid.best_index_=35, acc=0.5, time=0.511138916015625
05-06-2022 17:55:03|INFO|s01|10-CV=0.55000|STD=0.08498|Time spend=28.536186456680298
05-06-2022 17:55:04|INFO|Running Split-First
05-06-2022 17:55:04|INFO|X.shape=(120, 496), y.shape=(120,), groups.shape=(120,)
05-06-2022 17:55:04|INFO|Is groups None: True 
05-06-2022 17:55:05|INFO|1/10|grid.best_params_={'C': 10000000000.0, 'gamma': 1e-09, 'kernel': 'rbf', 'max_iter': 1000}, grid.best_score_=0.6574074074074073, grid.best_index_=42, acc=0.5833333333333334, time=0.4757411479949951
05-06-2022 17:55:05|INFO|Is groups None: True 
05-06-2022 17:55:05|INFO|2/10|grid.best_params_={'C': 1000000.0, 'gamma': 1e-09, 'kernel': 'rbf', 'max_iter': 1000}, grid.best_score_=0.6481481481481483, grid.best_index_=28, acc=0.5, time=0.541731595993042
05-06-2022 17:55:05|INFO|Is groups None: True 
05-06-2022 17:55:06|INFO|3/10|grid.best_params_={'C': 10000.0, 'gamma': 1e-07, 'kernel': 'rbf', 'max_iter': 1000}, grid.best_score_=0.6481481481481483, grid.best_index_=22, acc=0.5, time=0.6285896301269531
05-06-2022 17:55:06|INFO|Is groups None: True 
05-06-2022 17:55:06|INFO|4/10|grid.best_params_={'C': 10000.0, 'gamma': 1e-05, 'kernel': 'rbf', 'max_iter': 1000}, grid.best_score_=0.6574074074074074, grid.best_index_=23, acc=0.5833333333333334, time=0.4929087162017822
05-06-2022 17:55:06|INFO|Is groups None: True 
05-06-2022 17:55:07|INFO|5/10|grid.best_params_={'C': 1.0, 'gamma': 0.1, 'kernel': 'rbf', 'max_iter': 1000}, grid.best_score_=0.6666666666666666, grid.best_index_=11, acc=0.5, time=0.5781166553497314
05-06-2022 17:55:07|INFO|Is groups None: True 
05-06-2022 17:55:07|INFO|6/10|grid.best_params_={'C': 1000000.0, 'gamma': 1e-07, 'kernel': 'rbf', 'max_iter': 1000}, grid.best_score_=0.6666666666666665, grid.best_index_=29, acc=0.4166666666666667, time=0.49574851989746094
05-06-2022 17:55:07|INFO|Is groups None: True 
05-06-2022 17:55:08|INFO|7/10|grid.best_params_={'C': 1000000.0, 'gamma': 1e-07, 'kernel': 'rbf', 'max_iter': 1000}, grid.best_score_=0.6759259259259259, grid.best_index_=29, acc=0.5833333333333334, time=0.5295248031616211
05-06-2022 17:55:08|INFO|Is groups None: True 
05-06-2022 17:55:08|INFO|8/10|grid.best_params_={'C': 10000.0, 'gamma': 1e-05, 'kernel': 'rbf', 'max_iter': 1000}, grid.best_score_=0.7037037037037037, grid.best_index_=23, acc=0.5, time=0.5123777389526367
05-06-2022 17:55:08|INFO|Is groups None: True 
05-06-2022 17:55:09|INFO|9/10|grid.best_params_={'C': 1.0, 'gamma': 0.1, 'kernel': 'rbf', 'max_iter': 1000}, grid.best_score_=0.6759259259259259, grid.best_index_=11, acc=0.6666666666666666, time=0.5630192756652832
05-06-2022 17:55:09|INFO|Is groups None: True 
05-06-2022 17:55:10|INFO|10/10|grid.best_params_={'C': 100.0, 'gamma': 0.1, 'kernel': 'rbf', 'max_iter': 1000}, grid.best_score_=0.6666666666666665, grid.best_index_=18, acc=0.5, time=0.5289185047149658
05-06-2022 17:55:10|INFO|s02|10-CV=0.53333|STD=0.06667|Time spend=6.715665102005005
05-06-2022 17:55:11|INFO|Running Split-First
05-06-2022 17:55:11|INFO|X.shape=(120, 496), y.shape=(120,), groups.shape=(120,)
05-06-2022 17:55:11|INFO|Is groups None: True 
05-06-2022 17:55:12|INFO|1/10|grid.best_params_={'C': 1.0, 'gamma': 0.1, 'kernel': 'rbf', 'max_iter': 1000}, grid.best_score_=0.6111111111111112, grid.best_index_=11, acc=0.25, time=0.4711925983428955
05-06-2022 17:55:12|INFO|Is groups None: True 
05-06-2022 17:55:12|INFO|2/10|grid.best_params_={'C': 10000.0, 'gamma': 1e-05, 'kernel': 'rbf', 'max_iter': 1000}, grid.best_score_=0.6296296296296297, grid.best_index_=23, acc=0.5, time=0.5352878570556641
05-06-2022 17:55:12|INFO|Is groups None: True 
05-06-2022 17:55:13|INFO|3/10|grid.best_params_={'C': 1.0, 'gamma': 0.1, 'kernel': 'rbf', 'max_iter': 1000}, grid.best_score_=0.6018518518518519, grid.best_index_=11, acc=0.5833333333333334, time=0.5565485954284668
05-06-2022 17:55:13|INFO|Is groups None: True 
05-06-2022 17:55:13|INFO|4/10|grid.best_params_={'C': 10000.0, 'gamma': 1e-05, 'kernel': 'rbf', 'max_iter': 1000}, grid.best_score_=0.6574074074074074, grid.best_index_=23, acc=0.5, time=0.5301227569580078
05-06-2022 17:55:13|INFO|Is groups None: True 
05-06-2022 17:55:14|INFO|5/10|grid.best_params_={'C': 10000.0, 'gamma': 1e-05, 'kernel': 'rbf', 'max_iter': 1000}, grid.best_score_=0.6851851851851852, grid.best_index_=23, acc=0.4166666666666667, time=0.49680018424987793
05-06-2022 17:55:14|INFO|Is groups None: True 
05-06-2022 17:55:14|INFO|6/10|grid.best_params_={'C': 1000000.0, 'gamma': 1e-05, 'kernel': 'rbf', 'max_iter': 1000}, grid.best_score_=0.6296296296296295, grid.best_index_=30, acc=0.6666666666666666, time=0.5469872951507568
05-06-2022 17:55:14|INFO|Is groups None: True 
05-06-2022 17:55:15|INFO|7/10|grid.best_params_={'C': 10000.0, 'gamma': 1e-05, 'kernel': 'rbf', 'max_iter': 1000}, grid.best_score_=0.7222222222222222, grid.best_index_=23, acc=0.5, time=0.5607006549835205
05-06-2022 17:55:15|INFO|Is groups None: True 
05-06-2022 17:55:15|INFO|8/10|grid.best_params_={'C': 1000000.0, 'gamma': 1e-07, 'kernel': 'rbf', 'max_iter': 1000}, grid.best_score_=0.6666666666666666, grid.best_index_=29, acc=0.5, time=0.49518585205078125
05-06-2022 17:55:15|INFO|Is groups None: True 
05-06-2022 17:55:16|INFO|9/10|grid.best_params_={'C': 1000000.0, 'gamma': 1e-05, 'kernel': 'rbf', 'max_iter': 1000}, grid.best_score_=0.6574074074074074, grid.best_index_=30, acc=0.6666666666666666, time=0.5210235118865967
05-06-2022 17:55:16|INFO|Is groups None: True 
05-06-2022 17:55:16|INFO|10/10|grid.best_params_={'C': 1000000.0, 'gamma': 1e-05, 'kernel': 'rbf', 'max_iter': 1000}, grid.best_score_=0.7037037037037037, grid.best_index_=30, acc=0.5833333333333334, time=0.508436918258667
05-06-2022 17:55:16|INFO|s03|10-CV=0.51667|STD=0.11667|Time spend=6.777533769607544
05-06-2022 17:55:18|INFO|Running Split-First
05-06-2022 17:55:18|INFO|X.shape=(120, 496), y.shape=(120,), groups.shape=(120,)
05-06-2022 17:55:18|INFO|Is groups None: True 
05-06-2022 17:55:19|INFO|1/10|grid.best_params_={'C': 10000.0, 'gamma': 1e-05, 'kernel': 'rbf', 'max_iter': 1000}, grid.best_score_=0.6851851851851851, grid.best_index_=23, acc=0.5833333333333334, time=0.6384131908416748
05-06-2022 17:55:19|INFO|Is groups None: True 
05-06-2022 17:55:19|INFO|2/10|grid.best_params_={'C': 1000000.0, 'gamma': 1e-07, 'kernel': 'rbf', 'max_iter': 1000}, grid.best_score_=0.6388888888888888, grid.best_index_=29, acc=0.6666666666666666, time=0.4695761203765869
05-06-2022 17:55:19|INFO|Is groups None: True 
05-06-2022 17:55:20|INFO|3/10|grid.best_params_={'C': 1000000.0, 'gamma': 1e-07, 'kernel': 'rbf', 'max_iter': 1000}, grid.best_score_=0.6851851851851852, grid.best_index_=29, acc=0.4166666666666667, time=0.5337882041931152
05-06-2022 17:55:20|INFO|Is groups None: True 
05-06-2022 17:55:20|INFO|4/10|grid.best_params_={'C': 1000000.0, 'gamma': 1e-07, 'kernel': 'rbf', 'max_iter': 1000}, grid.best_score_=0.7129629629629629, grid.best_index_=29, acc=0.4166666666666667, time=0.5046448707580566
05-06-2022 17:55:20|INFO|Is groups None: True 
05-06-2022 17:55:21|INFO|5/10|grid.best_params_={'C': 1000000.0, 'gamma': 1e-07, 'kernel': 'rbf', 'max_iter': 1000}, grid.best_score_=0.6666666666666665, grid.best_index_=29, acc=0.75, time=0.5289137363433838
05-06-2022 17:55:21|INFO|Is groups None: True 
05-06-2022 17:55:21|INFO|6/10|grid.best_params_={'C': 10000.0, 'gamma': 1e-05, 'kernel': 'rbf', 'max_iter': 1000}, grid.best_score_=0.6481481481481481, grid.best_index_=23, acc=0.6666666666666666, time=0.5007913112640381
05-06-2022 17:55:21|INFO|Is groups None: True 
05-06-2022 17:55:22|INFO|7/10|grid.best_params_={'C': 10000.0, 'gamma': 1e-05, 'kernel': 'rbf', 'max_iter': 1000}, grid.best_score_=0.6666666666666667, grid.best_index_=23, acc=0.4166666666666667, time=0.5589962005615234
05-06-2022 17:55:22|INFO|Is groups None: True 
05-06-2022 17:55:22|INFO|8/10|grid.best_params_={'C': 10000.0, 'gamma': 1e-05, 'kernel': 'rbf', 'max_iter': 1000}, grid.best_score_=0.6111111111111112, grid.best_index_=23, acc=1.0, time=0.5048341751098633
05-06-2022 17:55:22|INFO|Is groups None: True 
05-06-2022 17:55:23|INFO|9/10|grid.best_params_={'C': 1000000.0, 'gamma': 1e-07, 'kernel': 'rbf', 'max_iter': 1000}, grid.best_score_=0.6296296296296297, grid.best_index_=29, acc=0.6666666666666666, time=0.5078456401824951
05-06-2022 17:55:23|INFO|Is groups None: True 
05-06-2022 17:55:23|INFO|10/10|grid.best_params_={'C': 1000000.0, 'gamma': 1e-07, 'kernel': 'rbf', 'max_iter': 1000}, grid.best_score_=0.6574074074074073, grid.best_index_=29, acc=0.75, time=0.4974856376647949
05-06-2022 17:55:23|INFO|s04|10-CV=0.63333|STD=0.17559|Time spend=6.989824056625366
05-06-2022 17:55:24|INFO|Running Split-First
05-06-2022 17:55:24|INFO|X.shape=(120, 496), y.shape=(120,), groups.shape=(120,)
05-06-2022 17:55:24|INFO|Is groups None: True 
05-06-2022 17:55:25|INFO|1/10|grid.best_params_={'C': 100.0, 'gamma': 0.1, 'kernel': 'rbf', 'max_iter': 1000}, grid.best_score_=0.6018518518518519, grid.best_index_=18, acc=0.8333333333333334, time=0.4446232318878174
05-06-2022 17:55:25|INFO|Is groups None: True 
05-06-2022 17:55:25|INFO|2/10|grid.best_params_={'C': 1000000.0, 'gamma': 1e-05, 'kernel': 'rbf', 'max_iter': 1000}, grid.best_score_=0.6481481481481483, grid.best_index_=30, acc=0.5, time=0.5475683212280273
05-06-2022 17:55:25|INFO|Is groups None: True 
05-06-2022 17:55:26|INFO|3/10|grid.best_params_={'C': 1.0, 'gamma': 0.1, 'kernel': 'rbf', 'max_iter': 1000}, grid.best_score_=0.6203703703703705, grid.best_index_=11, acc=0.5833333333333334, time=0.5007004737854004
05-06-2022 17:55:26|INFO|Is groups None: True 
05-06-2022 17:55:26|INFO|4/10|grid.best_params_={'C': 1.0, 'gamma': 0.1, 'kernel': 'rbf', 'max_iter': 1000}, grid.best_score_=0.6203703703703705, grid.best_index_=11, acc=0.5833333333333334, time=0.5145168304443359
05-06-2022 17:55:26|INFO|Is groups None: True 
05-06-2022 17:55:27|INFO|5/10|grid.best_params_={'C': 100000000.0, 'gamma': 1e-09, 'kernel': 'rbf', 'max_iter': 1000}, grid.best_score_=0.638888888888889, grid.best_index_=35, acc=0.6666666666666666, time=0.5607337951660156
05-06-2022 17:55:27|INFO|Is groups None: True 
05-06-2022 17:55:28|INFO|6/10|grid.best_params_={'C': 10000000000.0, 'gamma': 1e-09, 'kernel': 'rbf', 'max_iter': 1000}, grid.best_score_=0.6481481481481483, grid.best_index_=42, acc=0.5833333333333334, time=0.4708280563354492
05-06-2022 17:55:28|INFO|Is groups None: True 
05-06-2022 17:55:28|INFO|7/10|grid.best_params_={'C': 100000000.0, 'gamma': 1e-09, 'kernel': 'rbf', 'max_iter': 1000}, grid.best_score_=0.6481481481481481, grid.best_index_=35, acc=0.5, time=0.5734760761260986
05-06-2022 17:55:28|INFO|Is groups None: True 
05-06-2022 17:55:29|INFO|8/10|grid.best_params_={'C': 1000000.0, 'gamma': 1e-07, 'kernel': 'rbf', 'max_iter': 1000}, grid.best_score_=0.6388888888888888, grid.best_index_=29, acc=0.4166666666666667, time=0.4777672290802002
05-06-2022 17:55:29|INFO|Is groups None: True 
05-06-2022 17:55:29|INFO|9/10|grid.best_params_={'C': 1000000.0, 'gamma': 1e-05, 'kernel': 'rbf', 'max_iter': 1000}, grid.best_score_=0.6388888888888888, grid.best_index_=30, acc=0.5, time=0.5169463157653809
05-06-2022 17:55:29|INFO|Is groups None: True 
05-06-2022 17:55:30|INFO|10/10|grid.best_params_={'C': 10000.0, 'gamma': 1e-05, 'kernel': 'rbf', 'max_iter': 1000}, grid.best_score_=0.6666666666666667, grid.best_index_=23, acc=0.4166666666666667, time=0.5391349792480469
05-06-2022 17:55:30|INFO|s05|10-CV=0.55833|STD=0.11815|Time spend=6.309386491775513
05-06-2022 17:55:31|INFO|Running Split-First
05-06-2022 17:55:31|INFO|X.shape=(120, 496), y.shape=(120,), groups.shape=(120,)
05-06-2022 17:55:31|INFO|Is groups None: True 
05-06-2022 17:55:32|INFO|1/10|grid.best_params_={'C': 1.0, 'gamma': 0.001, 'kernel': 'rbf', 'max_iter': 1000}, grid.best_score_=0.7592592592592593, grid.best_index_=10, acc=0.6666666666666666, time=0.4437980651855469
05-06-2022 17:55:32|INFO|Is groups None: True 
05-06-2022 17:55:32|INFO|2/10|grid.best_params_={'C': 0.01, 'gamma': 1e-09, 'kernel': 'rbf', 'max_iter': 1000}, grid.best_score_=0.75, grid.best_index_=0, acc=0.75, time=0.46824026107788086
05-06-2022 17:55:32|INFO|Is groups None: True 
05-06-2022 17:55:32|INFO|3/10|grid.best_params_={'C': 0.01, 'gamma': 1e-09, 'kernel': 'rbf', 'max_iter': 1000}, grid.best_score_=0.75, grid.best_index_=0, acc=0.75, time=0.457550048828125
05-06-2022 17:55:32|INFO|Is groups None: True 
05-06-2022 17:55:33|INFO|4/10|grid.best_params_={'C': 0.01, 'gamma': 1e-09, 'kernel': 'rbf', 'max_iter': 1000}, grid.best_score_=0.75, grid.best_index_=0, acc=0.75, time=0.48381471633911133
05-06-2022 17:55:33|INFO|Is groups None: True 
05-06-2022 17:55:34|INFO|5/10|grid.best_params_={'C': 0.01, 'gamma': 1e-09, 'kernel': 'rbf', 'max_iter': 1000}, grid.best_score_=0.75, grid.best_index_=0, acc=0.75, time=0.5466933250427246
05-06-2022 17:55:34|INFO|Is groups None: True 
05-06-2022 17:55:34|INFO|6/10|grid.best_params_={'C': 0.01, 'gamma': 1e-09, 'kernel': 'rbf', 'max_iter': 1000}, grid.best_score_=0.75, grid.best_index_=0, acc=0.75, time=0.44924306869506836
05-06-2022 17:55:34|INFO|Is groups None: True 
05-06-2022 17:55:34|INFO|7/10|grid.best_params_={'C': 0.01, 'gamma': 1e-09, 'kernel': 'rbf', 'max_iter': 1000}, grid.best_score_=0.75, grid.best_index_=0, acc=0.75, time=0.5012927055358887
05-06-2022 17:55:34|INFO|Is groups None: True 
05-06-2022 17:55:35|INFO|8/10|grid.best_params_={'C': 0.01, 'gamma': 1e-09, 'kernel': 'rbf', 'max_iter': 1000}, grid.best_score_=0.75, grid.best_index_=0, acc=0.75, time=0.4601867198944092
05-06-2022 17:55:35|INFO|Is groups None: True 
05-06-2022 17:55:35|INFO|9/10|grid.best_params_={'C': 0.01, 'gamma': 1e-09, 'kernel': 'rbf', 'max_iter': 1000}, grid.best_score_=0.75, grid.best_index_=0, acc=0.75, time=0.5281205177307129
05-06-2022 17:55:35|INFO|Is groups None: True 
05-06-2022 17:55:36|INFO|10/10|grid.best_params_={'C': 0.01, 'gamma': 1e-09, 'kernel': 'rbf', 'max_iter': 1000}, grid.best_score_=0.75, grid.best_index_=0, acc=0.75, time=0.4803919792175293
05-06-2022 17:55:36|INFO|s06|10-CV=0.74167|STD=0.02500|Time spend=6.317418813705444
05-06-2022 17:55:38|INFO|Running Split-First
05-06-2022 17:55:38|INFO|X.shape=(120, 496), y.shape=(120,), groups.shape=(120,)
05-06-2022 17:55:38|INFO|Is groups None: True 
05-06-2022 17:55:38|INFO|1/10|grid.best_params_={'C': 100.0, 'gamma': 0.001, 'kernel': 'rbf', 'max_iter': 1000}, grid.best_score_=0.7222222222222222, grid.best_index_=17, acc=1.0, time=0.4902346134185791
05-06-2022 17:55:38|INFO|Is groups None: True 
05-06-2022 17:55:39|INFO|2/10|grid.best_params_={'C': 100.0, 'gamma': 0.001, 'kernel': 'rbf', 'max_iter': 1000}, grid.best_score_=0.7685185185185186, grid.best_index_=17, acc=0.8333333333333334, time=0.48121142387390137
05-06-2022 17:55:39|INFO|Is groups None: True 
05-06-2022 17:55:39|INFO|3/10|grid.best_params_={'C': 100.0, 'gamma': 0.001, 'kernel': 'rbf', 'max_iter': 1000}, grid.best_score_=0.7407407407407407, grid.best_index_=17, acc=0.8333333333333334, time=0.4808478355407715
05-06-2022 17:55:39|INFO|Is groups None: True 
05-06-2022 17:55:40|INFO|4/10|grid.best_params_={'C': 100.0, 'gamma': 0.001, 'kernel': 'rbf', 'max_iter': 1000}, grid.best_score_=0.7685185185185186, grid.best_index_=17, acc=0.9166666666666666, time=0.4972825050354004
05-06-2022 17:55:40|INFO|Is groups None: True 
05-06-2022 17:55:40|INFO|5/10|grid.best_params_={'C': 100.0, 'gamma': 0.001, 'kernel': 'rbf', 'max_iter': 1000}, grid.best_score_=0.7314814814814815, grid.best_index_=17, acc=0.8333333333333334, time=0.48958587646484375
05-06-2022 17:55:40|INFO|Is groups None: True 
05-06-2022 17:55:41|INFO|6/10|grid.best_params_={'C': 10000.0, 'gamma': 1e-05, 'kernel': 'rbf', 'max_iter': 1000}, grid.best_score_=0.7777777777777779, grid.best_index_=23, acc=0.75, time=0.47799253463745117
05-06-2022 17:55:41|INFO|Is groups None: True 
05-06-2022 17:55:41|INFO|7/10|grid.best_params_={'C': 100.0, 'gamma': 0.001, 'kernel': 'rbf', 'max_iter': 1000}, grid.best_score_=0.7407407407407407, grid.best_index_=17, acc=0.6666666666666666, time=0.49985313415527344
05-06-2022 17:55:41|INFO|Is groups None: True 
05-06-2022 17:55:42|INFO|8/10|grid.best_params_={'C': 100.0, 'gamma': 0.001, 'kernel': 'rbf', 'max_iter': 1000}, grid.best_score_=0.7777777777777778, grid.best_index_=17, acc=0.6666666666666666, time=0.49061036109924316
05-06-2022 17:55:42|INFO|Is groups None: True 
05-06-2022 17:55:42|INFO|9/10|grid.best_params_={'C': 100.0, 'gamma': 0.001, 'kernel': 'rbf', 'max_iter': 1000}, grid.best_score_=0.7592592592592593, grid.best_index_=17, acc=0.75, time=0.5140535831451416
05-06-2022 17:55:42|INFO|Is groups None: True 
05-06-2022 17:55:43|INFO|10/10|grid.best_params_={'C': 100.0, 'gamma': 0.001, 'kernel': 'rbf', 'max_iter': 1000}, grid.best_score_=0.787037037037037, grid.best_index_=17, acc=0.75, time=0.5349862575531006
05-06-2022 17:55:43|INFO|s07|10-CV=0.80000|STD=0.10000|Time spend=6.699347257614136
05-06-2022 17:55:44|INFO|Running Split-First
05-06-2022 17:55:44|INFO|X.shape=(120, 496), y.shape=(120,), groups.shape=(120,)
05-06-2022 17:55:44|INFO|Is groups None: True 
05-06-2022 17:55:45|INFO|1/10|grid.best_params_={'C': 1.0, 'gamma': 0.001, 'kernel': 'rbf', 'max_iter': 1000}, grid.best_score_=0.6759259259259259, grid.best_index_=10, acc=0.9166666666666666, time=0.4605543613433838
05-06-2022 17:55:45|INFO|Is groups None: True 
05-06-2022 17:55:45|INFO|2/10|grid.best_params_={'C': 1.0, 'gamma': 0.001, 'kernel': 'rbf', 'max_iter': 1000}, grid.best_score_=0.6944444444444443, grid.best_index_=10, acc=0.75, time=0.48656201362609863
05-06-2022 17:55:45|INFO|Is groups None: True 
05-06-2022 17:55:46|INFO|3/10|grid.best_params_={'C': 10000.0, 'gamma': 1e-05, 'kernel': 'rbf', 'max_iter': 1000}, grid.best_score_=0.6851851851851852, grid.best_index_=23, acc=0.5833333333333334, time=0.4915883541107178
05-06-2022 17:55:46|INFO|Is groups None: True 
05-06-2022 17:55:46|INFO|4/10|grid.best_params_={'C': 1.0, 'gamma': 0.001, 'kernel': 'rbf', 'max_iter': 1000}, grid.best_score_=0.7314814814814814, grid.best_index_=10, acc=0.6666666666666666, time=0.5515532493591309
05-06-2022 17:55:46|INFO|Is groups None: True 
05-06-2022 17:55:47|INFO|5/10|grid.best_params_={'C': 10000.0, 'gamma': 1e-07, 'kernel': 'rbf', 'max_iter': 1000}, grid.best_score_=0.712962962962963, grid.best_index_=22, acc=0.6666666666666666, time=0.5021042823791504
05-06-2022 17:55:47|INFO|Is groups None: True 
05-06-2022 17:55:47|INFO|6/10|grid.best_params_={'C': 100.0, 'gamma': 1e-05, 'kernel': 'rbf', 'max_iter': 1000}, grid.best_score_=0.6944444444444444, grid.best_index_=16, acc=0.75, time=0.488231897354126
05-06-2022 17:55:47|INFO|Is groups None: True 
05-06-2022 17:55:48|INFO|7/10|grid.best_params_={'C': 1.0, 'gamma': 0.001, 'kernel': 'rbf', 'max_iter': 1000}, grid.best_score_=0.7222222222222222, grid.best_index_=10, acc=0.75, time=0.4931621551513672
05-06-2022 17:55:48|INFO|Is groups None: True 
05-06-2022 17:55:48|INFO|8/10|grid.best_params_={'C': 10000000000.0, 'gamma': 1e-09, 'kernel': 'rbf', 'max_iter': 1000}, grid.best_score_=0.712962962962963, grid.best_index_=42, acc=0.6666666666666666, time=0.5117902755737305
05-06-2022 17:55:48|INFO|Is groups None: True 
05-06-2022 17:55:49|INFO|9/10|grid.best_params_={'C': 100.0, 'gamma': 1e-05, 'kernel': 'rbf', 'max_iter': 1000}, grid.best_score_=0.7407407407407408, grid.best_index_=16, acc=0.4166666666666667, time=0.49459075927734375
05-06-2022 17:55:49|INFO|Is groups None: True 
05-06-2022 17:55:49|INFO|10/10|grid.best_params_={'C': 1.0, 'gamma': 0.001, 'kernel': 'rbf', 'max_iter': 1000}, grid.best_score_=0.7314814814814814, grid.best_index_=10, acc=0.5, time=0.4966731071472168
05-06-2022 17:55:49|INFO|s08|10-CV=0.66667|STD=0.13437|Time spend=6.627648830413818
05-06-2022 17:55:51|INFO|Running Split-First
05-06-2022 17:55:51|INFO|X.shape=(120, 496), y.shape=(120,), groups.shape=(120,)
05-06-2022 17:55:51|INFO|Is groups None: True 
05-06-2022 17:55:51|INFO|1/10|grid.best_params_={'C': 1000000.0, 'gamma': 1e-09, 'kernel': 'rbf', 'max_iter': 1000}, grid.best_score_=0.7314814814814815, grid.best_index_=28, acc=0.8333333333333334, time=0.45123291015625
05-06-2022 17:55:51|INFO|Is groups None: True 
05-06-2022 17:55:52|INFO|2/10|grid.best_params_={'C': 100.0, 'gamma': 1e-05, 'kernel': 'rbf', 'max_iter': 1000}, grid.best_score_=0.7407407407407408, grid.best_index_=16, acc=0.8333333333333334, time=0.523557186126709
05-06-2022 17:55:52|INFO|Is groups None: True 
05-06-2022 17:55:52|INFO|3/10|grid.best_params_={'C': 100.0, 'gamma': 1e-05, 'kernel': 'rbf', 'max_iter': 1000}, grid.best_score_=0.7777777777777778, grid.best_index_=16, acc=0.6666666666666666, time=0.5234701633453369
05-06-2022 17:55:52|INFO|Is groups None: True 
05-06-2022 17:55:53|INFO|4/10|grid.best_params_={'C': 100000000.0, 'gamma': 1e-09, 'kernel': 'rbf', 'max_iter': 1000}, grid.best_score_=0.7777777777777778, grid.best_index_=35, acc=0.5, time=0.4759328365325928
05-06-2022 17:55:53|INFO|Is groups None: True 
05-06-2022 17:55:53|INFO|5/10|grid.best_params_={'C': 10000.0, 'gamma': 1e-05, 'kernel': 'rbf', 'max_iter': 1000}, grid.best_score_=0.7500000000000001, grid.best_index_=23, acc=0.8333333333333334, time=0.47145676612854004
05-06-2022 17:55:53|INFO|Is groups None: True 
05-06-2022 17:55:54|INFO|6/10|grid.best_params_={'C': 100.0, 'gamma': 1e-05, 'kernel': 'rbf', 'max_iter': 1000}, grid.best_score_=0.7222222222222222, grid.best_index_=16, acc=0.9166666666666666, time=0.4889397621154785
05-06-2022 17:55:54|INFO|Is groups None: True 
05-06-2022 17:55:54|INFO|7/10|grid.best_params_={'C': 10000.0, 'gamma': 1e-05, 'kernel': 'rbf', 'max_iter': 1000}, grid.best_score_=0.7685185185185186, grid.best_index_=23, acc=0.5, time=0.5526118278503418
05-06-2022 17:55:54|INFO|Is groups None: True 
05-06-2022 17:55:55|INFO|8/10|grid.best_params_={'C': 10000.0, 'gamma': 1e-07, 'kernel': 'rbf', 'max_iter': 1000}, grid.best_score_=0.7407407407407407, grid.best_index_=22, acc=0.6666666666666666, time=0.5387129783630371
05-06-2022 17:55:55|INFO|Is groups None: True 
05-06-2022 17:55:55|INFO|9/10|grid.best_params_={'C': 100.0, 'gamma': 1e-05, 'kernel': 'rbf', 'max_iter': 1000}, grid.best_score_=0.7222222222222222, grid.best_index_=16, acc=1.0, time=0.5174195766448975
05-06-2022 17:55:55|INFO|Is groups None: True 
05-06-2022 17:55:56|INFO|10/10|grid.best_params_={'C': 1000000.0, 'gamma': 1e-07, 'kernel': 'rbf', 'max_iter': 1000}, grid.best_score_=0.7685185185185186, grid.best_index_=29, acc=0.5833333333333334, time=0.5023903846740723
05-06-2022 17:55:56|INFO|s09|10-CV=0.73333|STD=0.16583|Time spend=6.495307683944702
05-06-2022 17:55:57|INFO|Running Split-First
05-06-2022 17:55:57|INFO|X.shape=(120, 496), y.shape=(120,), groups.shape=(120,)
05-06-2022 17:55:57|INFO|Is groups None: True 
05-06-2022 17:55:58|INFO|1/10|grid.best_params_={'C': 100000000.0, 'gamma': 1e-09, 'kernel': 'rbf', 'max_iter': 1000}, grid.best_score_=0.8055555555555556, grid.best_index_=35, acc=0.6666666666666666, time=0.4719386100769043
05-06-2022 17:55:58|INFO|Is groups None: True 
05-06-2022 17:55:58|INFO|2/10|grid.best_params_={'C': 100.0, 'gamma': 1e-05, 'kernel': 'rbf', 'max_iter': 1000}, grid.best_score_=0.7685185185185186, grid.best_index_=16, acc=0.8333333333333334, time=0.4602320194244385
05-06-2022 17:55:58|INFO|Is groups None: True 
05-06-2022 17:55:59|INFO|3/10|grid.best_params_={'C': 100.0, 'gamma': 1e-05, 'kernel': 'rbf', 'max_iter': 1000}, grid.best_score_=0.7962962962962963, grid.best_index_=16, acc=0.5833333333333334, time=0.48343563079833984
05-06-2022 17:55:59|INFO|Is groups None: True 
05-06-2022 17:55:59|INFO|4/10|grid.best_params_={'C': 1.0, 'gamma': 0.001, 'kernel': 'rbf', 'max_iter': 1000}, grid.best_score_=0.787037037037037, grid.best_index_=10, acc=0.6666666666666666, time=0.49318408966064453
05-06-2022 17:55:59|INFO|Is groups None: True 
05-06-2022 17:56:00|INFO|5/10|grid.best_params_={'C': 10000000000.0, 'gamma': 1e-09, 'kernel': 'rbf', 'max_iter': 1000}, grid.best_score_=0.8148148148148148, grid.best_index_=42, acc=0.75, time=0.5436489582061768
05-06-2022 17:56:00|INFO|Is groups None: True 
05-06-2022 17:56:00|INFO|6/10|grid.best_params_={'C': 1000000.0, 'gamma': 1e-09, 'kernel': 'rbf', 'max_iter': 1000}, grid.best_score_=0.7777777777777778, grid.best_index_=28, acc=0.75, time=0.48188281059265137
05-06-2022 17:56:00|INFO|Is groups None: True 
05-06-2022 17:56:01|INFO|7/10|grid.best_params_={'C': 10000000000.0, 'gamma': 1e-09, 'kernel': 'rbf', 'max_iter': 1000}, grid.best_score_=0.7962962962962963, grid.best_index_=42, acc=0.5833333333333334, time=0.5355203151702881
05-06-2022 17:56:01|INFO|Is groups None: True 
05-06-2022 17:56:01|INFO|8/10|grid.best_params_={'C': 1.0, 'gamma': 0.001, 'kernel': 'rbf', 'max_iter': 1000}, grid.best_score_=0.7685185185185186, grid.best_index_=10, acc=0.8333333333333334, time=0.47893261909484863
05-06-2022 17:56:01|INFO|Is groups None: True 
05-06-2022 17:56:02|INFO|9/10|grid.best_params_={'C': 10000000000.0, 'gamma': 1e-09, 'kernel': 'rbf', 'max_iter': 1000}, grid.best_score_=0.8055555555555557, grid.best_index_=42, acc=0.75, time=0.5092413425445557
05-06-2022 17:56:02|INFO|Is groups None: True 
05-06-2022 17:56:02|INFO|10/10|grid.best_params_={'C': 100.0, 'gamma': 1e-05, 'kernel': 'rbf', 'max_iter': 1000}, grid.best_score_=0.7685185185185186, grid.best_index_=16, acc=0.8333333333333334, time=0.49228668212890625
05-06-2022 17:56:02|INFO|s10|10-CV=0.72500|STD=0.09167|Time spend=6.493286848068237
05-06-2022 17:56:04|INFO|Running Split-First
05-06-2022 17:56:04|INFO|X.shape=(120, 496), y.shape=(120,), groups.shape=(120,)
05-06-2022 17:56:04|INFO|Is groups None: True 
05-06-2022 17:56:04|INFO|1/10|grid.best_params_={'C': 1000000.0, 'gamma': 1e-07, 'kernel': 'rbf', 'max_iter': 1000}, grid.best_score_=0.7407407407407408, grid.best_index_=29, acc=0.75, time=0.48193955421447754
05-06-2022 17:56:04|INFO|Is groups None: True 
05-06-2022 17:56:05|INFO|2/10|grid.best_params_={'C': 100.0, 'gamma': 1e-05, 'kernel': 'rbf', 'max_iter': 1000}, grid.best_score_=0.7407407407407408, grid.best_index_=16, acc=0.75, time=0.49152135848999023
05-06-2022 17:56:05|INFO|Is groups None: True 
05-06-2022 17:56:05|INFO|3/10|grid.best_params_={'C': 1.0, 'gamma': 0.001, 'kernel': 'rbf', 'max_iter': 1000}, grid.best_score_=0.7685185185185186, grid.best_index_=10, acc=0.5, time=0.49745965003967285
05-06-2022 17:56:05|INFO|Is groups None: True 
05-06-2022 17:56:06|INFO|4/10|grid.best_params_={'C': 100.0, 'gamma': 0.001, 'kernel': 'rbf', 'max_iter': 1000}, grid.best_score_=0.7592592592592593, grid.best_index_=17, acc=0.8333333333333334, time=0.5279104709625244
05-06-2022 17:56:06|INFO|Is groups None: True 
05-06-2022 17:56:06|INFO|5/10|grid.best_params_={'C': 100.0, 'gamma': 0.001, 'kernel': 'rbf', 'max_iter': 1000}, grid.best_score_=0.75, grid.best_index_=17, acc=0.75, time=0.5272762775421143
05-06-2022 17:56:06|INFO|Is groups None: True 
05-06-2022 17:56:07|INFO|6/10|grid.best_params_={'C': 1.0, 'gamma': 0.001, 'kernel': 'rbf', 'max_iter': 1000}, grid.best_score_=0.7407407407407408, grid.best_index_=10, acc=0.6666666666666666, time=0.4724738597869873
05-06-2022 17:56:07|INFO|Is groups None: True 
05-06-2022 17:56:07|INFO|7/10|grid.best_params_={'C': 100.0, 'gamma': 0.001, 'kernel': 'rbf', 'max_iter': 1000}, grid.best_score_=0.7685185185185186, grid.best_index_=17, acc=0.5, time=0.5110077857971191
05-06-2022 17:56:07|INFO|Is groups None: True 
05-06-2022 17:56:08|INFO|8/10|grid.best_params_={'C': 1.0, 'gamma': 0.001, 'kernel': 'rbf', 'max_iter': 1000}, grid.best_score_=0.75, grid.best_index_=10, acc=0.75, time=0.5153379440307617
05-06-2022 17:56:08|INFO|Is groups None: True 
05-06-2022 17:56:08|INFO|9/10|grid.best_params_={'C': 1.0, 'gamma': 0.001, 'kernel': 'rbf', 'max_iter': 1000}, grid.best_score_=0.7222222222222222, grid.best_index_=10, acc=0.8333333333333334, time=0.4794445037841797
05-06-2022 17:56:08|INFO|Is groups None: True 
05-06-2022 17:56:09|INFO|10/10|grid.best_params_={'C': 10000.0, 'gamma': 1e-07, 'kernel': 'rbf', 'max_iter': 1000}, grid.best_score_=0.7314814814814814, grid.best_index_=22, acc=0.8333333333333334, time=0.48934268951416016
05-06-2022 17:56:09|INFO|s11|10-CV=0.71667|STD=0.11902|Time spend=6.554256916046143
05-06-2022 17:56:10|INFO|Running Split-First
05-06-2022 17:56:10|INFO|X.shape=(120, 496), y.shape=(120,), groups.shape=(120,)
05-06-2022 17:56:10|INFO|Is groups None: True 
05-06-2022 17:56:11|INFO|1/10|grid.best_params_={'C': 10000.0, 'gamma': 0.001, 'kernel': 'rbf', 'max_iter': 1000}, grid.best_score_=0.6481481481481481, grid.best_index_=24, acc=0.4166666666666667, time=0.5142590999603271
05-06-2022 17:56:11|INFO|Is groups None: True 
05-06-2022 17:56:11|INFO|2/10|grid.best_params_={'C': 1.0, 'gamma': 0.001, 'kernel': 'rbf', 'max_iter': 1000}, grid.best_score_=0.7037037037037037, grid.best_index_=10, acc=0.4166666666666667, time=0.48416686058044434
05-06-2022 17:56:11|INFO|Is groups None: True 
05-06-2022 17:56:12|INFO|3/10|grid.best_params_={'C': 1000000.0, 'gamma': 1e-09, 'kernel': 'rbf', 'max_iter': 1000}, grid.best_score_=0.6296296296296297, grid.best_index_=28, acc=0.8333333333333334, time=0.5830717086791992
05-06-2022 17:56:12|INFO|Is groups None: True 
05-06-2022 17:56:12|INFO|4/10|grid.best_params_={'C': 1000000.0, 'gamma': 1e-07, 'kernel': 'rbf', 'max_iter': 1000}, grid.best_score_=0.6759259259259259, grid.best_index_=29, acc=0.5, time=0.4798712730407715
05-06-2022 17:56:12|INFO|Is groups None: True 
05-06-2022 17:56:13|INFO|5/10|grid.best_params_={'C': 10000.0, 'gamma': 1e-07, 'kernel': 'rbf', 'max_iter': 1000}, grid.best_score_=0.6759259259259259, grid.best_index_=22, acc=0.5, time=0.5310726165771484
05-06-2022 17:56:13|INFO|Is groups None: True 
05-06-2022 17:56:14|INFO|6/10|grid.best_params_={'C': 1000000.0, 'gamma': 1e-05, 'kernel': 'rbf', 'max_iter': 1000}, grid.best_score_=0.675925925925926, grid.best_index_=30, acc=0.6666666666666666, time=0.4966886043548584
05-06-2022 17:56:14|INFO|Is groups None: True 
05-06-2022 17:56:14|INFO|7/10|grid.best_params_={'C': 1.0, 'gamma': 0.001, 'kernel': 'rbf', 'max_iter': 1000}, grid.best_score_=0.6851851851851851, grid.best_index_=10, acc=0.6666666666666666, time=0.6299700736999512
05-06-2022 17:56:14|INFO|Is groups None: True 
05-06-2022 17:56:15|INFO|8/10|grid.best_params_={'C': 100000000.0, 'gamma': 1e-07, 'kernel': 'rbf', 'max_iter': 1000}, grid.best_score_=0.6666666666666666, grid.best_index_=36, acc=0.5833333333333334, time=0.48035097122192383
05-06-2022 17:56:15|INFO|Is groups None: True 
05-06-2022 17:56:15|INFO|9/10|grid.best_params_={'C': 10000.0, 'gamma': 1e-05, 'kernel': 'rbf', 'max_iter': 1000}, grid.best_score_=0.6851851851851852, grid.best_index_=23, acc=0.5, time=0.4968109130859375
05-06-2022 17:56:15|INFO|Is groups None: True 
05-06-2022 17:56:16|INFO|10/10|grid.best_params_={'C': 1.0, 'gamma': 0.001, 'kernel': 'rbf', 'max_iter': 1000}, grid.best_score_=0.6574074074074074, grid.best_index_=10, acc=0.8333333333333334, time=0.4942922592163086
05-06-2022 17:56:16|INFO|s12|10-CV=0.59167|STD=0.14649|Time spend=6.7973573207855225
05-06-2022 17:56:17|INFO|Running Split-First
05-06-2022 17:56:17|INFO|X.shape=(120, 496), y.shape=(120,), groups.shape=(120,)
05-06-2022 17:56:17|INFO|Is groups None: True 
05-06-2022 17:56:18|INFO|1/10|grid.best_params_={'C': 1.0, 'gamma': 0.001, 'kernel': 'rbf', 'max_iter': 1000}, grid.best_score_=0.8611111111111112, grid.best_index_=10, acc=0.5833333333333334, time=0.5144169330596924
05-06-2022 17:56:18|INFO|Is groups None: True 
05-06-2022 17:56:18|INFO|2/10|grid.best_params_={'C': 1.0, 'gamma': 0.001, 'kernel': 'rbf', 'max_iter': 1000}, grid.best_score_=0.8333333333333334, grid.best_index_=10, acc=0.75, time=0.5288536548614502
05-06-2022 17:56:18|INFO|Is groups None: True 
05-06-2022 17:56:19|INFO|3/10|grid.best_params_={'C': 1.0, 'gamma': 0.001, 'kernel': 'rbf', 'max_iter': 1000}, grid.best_score_=0.8148148148148148, grid.best_index_=10, acc=0.9166666666666666, time=0.4656829833984375
05-06-2022 17:56:19|INFO|Is groups None: True 
05-06-2022 17:56:19|INFO|4/10|grid.best_params_={'C': 1.0, 'gamma': 0.001, 'kernel': 'rbf', 'max_iter': 1000}, grid.best_score_=0.824074074074074, grid.best_index_=10, acc=0.9166666666666666, time=0.46852993965148926
05-06-2022 17:56:19|INFO|Is groups None: True 
05-06-2022 17:56:20|INFO|5/10|grid.best_params_={'C': 1.0, 'gamma': 0.001, 'kernel': 'rbf', 'max_iter': 1000}, grid.best_score_=0.8148148148148148, grid.best_index_=10, acc=1.0, time=0.5141150951385498
05-06-2022 17:56:20|INFO|Is groups None: True 
05-06-2022 17:56:20|INFO|6/10|grid.best_params_={'C': 1.0, 'gamma': 0.001, 'kernel': 'rbf', 'max_iter': 1000}, grid.best_score_=0.8148148148148148, grid.best_index_=10, acc=0.8333333333333334, time=0.49768662452697754
05-06-2022 17:56:20|INFO|Is groups None: True 
05-06-2022 17:56:21|INFO|7/10|grid.best_params_={'C': 1.0, 'gamma': 0.001, 'kernel': 'rbf', 'max_iter': 1000}, grid.best_score_=0.8055555555555555, grid.best_index_=10, acc=0.8333333333333334, time=0.4617807865142822
05-06-2022 17:56:21|INFO|Is groups None: True 
05-06-2022 17:56:21|INFO|8/10|grid.best_params_={'C': 1.0, 'gamma': 0.001, 'kernel': 'rbf', 'max_iter': 1000}, grid.best_score_=0.8148148148148148, grid.best_index_=10, acc=0.8333333333333334, time=0.4828500747680664
05-06-2022 17:56:21|INFO|Is groups None: True 
05-06-2022 17:56:22|INFO|9/10|grid.best_params_={'C': 1.0, 'gamma': 0.001, 'kernel': 'rbf', 'max_iter': 1000}, grid.best_score_=0.8240740740740741, grid.best_index_=10, acc=0.8333333333333334, time=0.48764944076538086
05-06-2022 17:56:22|INFO|Is groups None: True 
05-06-2022 17:56:22|INFO|10/10|grid.best_params_={'C': 1.0, 'gamma': 0.001, 'kernel': 'rbf', 'max_iter': 1000}, grid.best_score_=0.8148148148148148, grid.best_index_=10, acc=0.8333333333333334, time=0.5704786777496338
05-06-2022 17:56:22|INFO|s13|10-CV=0.83333|STD=0.10541|Time spend=6.573767185211182
05-06-2022 17:56:23|INFO|Running Split-First
05-06-2022 17:56:23|INFO|X.shape=(120, 496), y.shape=(120,), groups.shape=(120,)
05-06-2022 17:56:23|INFO|Is groups None: True 
05-06-2022 17:56:24|INFO|1/10|grid.best_params_={'C': 1.0, 'gamma': 0.001, 'kernel': 'rbf', 'max_iter': 1000}, grid.best_score_=0.7037037037037037, grid.best_index_=10, acc=0.5833333333333334, time=0.504565954208374
05-06-2022 17:56:24|INFO|Is groups None: True 
05-06-2022 17:56:24|INFO|2/10|grid.best_params_={'C': 1.0, 'gamma': 0.001, 'kernel': 'rbf', 'max_iter': 1000}, grid.best_score_=0.7129629629629629, grid.best_index_=10, acc=0.75, time=0.6158297061920166
05-06-2022 17:56:24|INFO|Is groups None: True 
05-06-2022 17:56:25|INFO|3/10|grid.best_params_={'C': 1.0, 'gamma': 0.001, 'kernel': 'rbf', 'max_iter': 1000}, grid.best_score_=0.7222222222222222, grid.best_index_=10, acc=0.4166666666666667, time=0.4525134563446045
05-06-2022 17:56:25|INFO|Is groups None: True 
05-06-2022 17:56:25|INFO|4/10|grid.best_params_={'C': 1.0, 'gamma': 0.001, 'kernel': 'rbf', 'max_iter': 1000}, grid.best_score_=0.7407407407407407, grid.best_index_=10, acc=0.5, time=0.6089587211608887
05-06-2022 17:56:25|INFO|Is groups None: True 
05-06-2022 17:56:26|INFO|5/10|grid.best_params_={'C': 0.01, 'gamma': 0.001, 'kernel': 'rbf', 'max_iter': 1000}, grid.best_score_=0.7037037037037037, grid.best_index_=3, acc=0.6666666666666666, time=0.47844481468200684
05-06-2022 17:56:26|INFO|Is groups None: True 
05-06-2022 17:56:26|INFO|6/10|grid.best_params_={'C': 0.01, 'gamma': 0.001, 'kernel': 'rbf', 'max_iter': 1000}, grid.best_score_=0.7314814814814815, grid.best_index_=3, acc=0.5833333333333334, time=0.48043251037597656
05-06-2022 17:56:26|INFO|Is groups None: True 
05-06-2022 17:56:27|INFO|7/10|grid.best_params_={'C': 1.0, 'gamma': 0.001, 'kernel': 'rbf', 'max_iter': 1000}, grid.best_score_=0.7037037037037037, grid.best_index_=10, acc=0.75, time=0.5219433307647705
05-06-2022 17:56:27|INFO|Is groups None: True 
05-06-2022 17:56:27|INFO|8/10|grid.best_params_={'C': 1.0, 'gamma': 0.001, 'kernel': 'rbf', 'max_iter': 1000}, grid.best_score_=0.7129629629629629, grid.best_index_=10, acc=0.75, time=0.5067634582519531
05-06-2022 17:56:27|INFO|Is groups None: True 
05-06-2022 17:56:28|INFO|9/10|grid.best_params_={'C': 100000000.0, 'gamma': 1e-09, 'kernel': 'rbf', 'max_iter': 1000}, grid.best_score_=0.6944444444444444, grid.best_index_=35, acc=0.8333333333333334, time=0.5363237857818604
05-06-2022 17:56:28|INFO|Is groups None: True 
05-06-2022 17:56:28|INFO|10/10|grid.best_params_={'C': 10000000000.0, 'gamma': 1e-09, 'kernel': 'rbf', 'max_iter': 1000}, grid.best_score_=0.75, grid.best_index_=42, acc=0.6666666666666666, time=0.5085124969482422
05-06-2022 17:56:28|INFO|s14|10-CV=0.65000|STD=0.12247|Time spend=6.2180094718933105
05-06-2022 17:56:30|INFO|Running Split-First
05-06-2022 17:56:30|INFO|X.shape=(120, 496), y.shape=(120,), groups.shape=(120,)
05-06-2022 17:56:30|INFO|Is groups None: True 
05-06-2022 17:56:30|INFO|1/10|grid.best_params_={'C': 10000.0, 'gamma': 1e-05, 'kernel': 'rbf', 'max_iter': 1000}, grid.best_score_=0.8333333333333334, grid.best_index_=23, acc=0.9166666666666666, time=0.45528125762939453
05-06-2022 17:56:30|INFO|Is groups None: True 
05-06-2022 17:56:31|INFO|2/10|grid.best_params_={'C': 10000.0, 'gamma': 1e-05, 'kernel': 'rbf', 'max_iter': 1000}, grid.best_score_=0.8333333333333334, grid.best_index_=23, acc=0.6666666666666666, time=0.4895908832550049
05-06-2022 17:56:31|INFO|Is groups None: True 
05-06-2022 17:56:31|INFO|3/10|grid.best_params_={'C': 1000000.0, 'gamma': 1e-07, 'kernel': 'rbf', 'max_iter': 1000}, grid.best_score_=0.8055555555555555, grid.best_index_=29, acc=0.4166666666666667, time=0.48900580406188965
05-06-2022 17:56:31|INFO|Is groups None: True 
05-06-2022 17:56:32|INFO|4/10|grid.best_params_={'C': 10000.0, 'gamma': 1e-05, 'kernel': 'rbf', 'max_iter': 1000}, grid.best_score_=0.8148148148148148, grid.best_index_=23, acc=0.8333333333333334, time=0.5030176639556885
05-06-2022 17:56:32|INFO|Is groups None: True 
05-06-2022 17:56:32|INFO|5/10|grid.best_params_={'C': 1000000.0, 'gamma': 1e-07, 'kernel': 'rbf', 'max_iter': 1000}, grid.best_score_=0.7777777777777777, grid.best_index_=29, acc=1.0, time=0.4854135513305664
05-06-2022 17:56:32|INFO|Is groups None: True 
05-06-2022 17:56:33|INFO|6/10|grid.best_params_={'C': 1000000.0, 'gamma': 1e-05, 'kernel': 'rbf', 'max_iter': 1000}, grid.best_score_=0.7962962962962963, grid.best_index_=30, acc=0.75, time=0.4950990676879883
05-06-2022 17:56:33|INFO|Is groups None: True 
05-06-2022 17:56:33|INFO|7/10|grid.best_params_={'C': 10000000000.0, 'gamma': 1e-09, 'kernel': 'rbf', 'max_iter': 1000}, grid.best_score_=0.8240740740740741, grid.best_index_=42, acc=0.5, time=0.4967527389526367
05-06-2022 17:56:33|INFO|Is groups None: True 
05-06-2022 17:56:34|INFO|8/10|grid.best_params_={'C': 10000.0, 'gamma': 1e-05, 'kernel': 'rbf', 'max_iter': 1000}, grid.best_score_=0.7592592592592593, grid.best_index_=23, acc=0.9166666666666666, time=0.49897170066833496
05-06-2022 17:56:34|INFO|Is groups None: True 
05-06-2022 17:56:34|INFO|9/10|grid.best_params_={'C': 100.0, 'gamma': 0.001, 'kernel': 'rbf', 'max_iter': 1000}, grid.best_score_=0.7777777777777779, grid.best_index_=17, acc=0.8333333333333334, time=0.4830937385559082
05-06-2022 17:56:34|INFO|Is groups None: True 
05-06-2022 17:56:35|INFO|10/10|grid.best_params_={'C': 10000.0, 'gamma': 1e-05, 'kernel': 'rbf', 'max_iter': 1000}, grid.best_score_=0.824074074074074, grid.best_index_=23, acc=0.6666666666666666, time=0.6578795909881592
05-06-2022 17:56:35|INFO|s15|10-CV=0.75000|STD=0.17873|Time spend=6.64851713180542
05-06-2022 17:56:37|INFO|Running Split-First
05-06-2022 17:56:37|INFO|X.shape=(120, 496), y.shape=(120,), groups.shape=(120,)
05-06-2022 17:56:37|INFO|Is groups None: True 
05-06-2022 17:56:37|INFO|1/10|grid.best_params_={'C': 100000000.0, 'gamma': 1e-09, 'kernel': 'rbf', 'max_iter': 1000}, grid.best_score_=0.6851851851851852, grid.best_index_=35, acc=0.8333333333333334, time=0.6441116333007812
05-06-2022 17:56:37|INFO|Is groups None: True 
05-06-2022 17:56:38|INFO|2/10|grid.best_params_={'C': 100.0, 'gamma': 1e-05, 'kernel': 'rbf', 'max_iter': 1000}, grid.best_score_=0.6851851851851852, grid.best_index_=16, acc=0.6666666666666666, time=0.42452502250671387
05-06-2022 17:56:38|INFO|Is groups None: True 
05-06-2022 17:56:38|INFO|3/10|grid.best_params_={'C': 1000000.0, 'gamma': 1e-07, 'kernel': 'rbf', 'max_iter': 1000}, grid.best_score_=0.7314814814814815, grid.best_index_=29, acc=0.5833333333333334, time=0.6603248119354248
05-06-2022 17:56:38|INFO|Is groups None: True 
05-06-2022 17:56:39|INFO|4/10|grid.best_params_={'C': 100000000.0, 'gamma': 1e-07, 'kernel': 'rbf', 'max_iter': 1000}, grid.best_score_=0.712962962962963, grid.best_index_=36, acc=0.6666666666666666, time=0.46137428283691406
05-06-2022 17:56:39|INFO|Is groups None: True 
05-06-2022 17:56:39|INFO|5/10|grid.best_params_={'C': 1.0, 'gamma': 0.001, 'kernel': 'rbf', 'max_iter': 1000}, grid.best_score_=0.7037037037037037, grid.best_index_=10, acc=0.6666666666666666, time=0.5227611064910889
05-06-2022 17:56:39|INFO|Is groups None: True 
05-06-2022 17:56:40|INFO|6/10|grid.best_params_={'C': 100.0, 'gamma': 0.001, 'kernel': 'rbf', 'max_iter': 1000}, grid.best_score_=0.7222222222222222, grid.best_index_=17, acc=0.6666666666666666, time=0.5427086353302002
05-06-2022 17:56:40|INFO|Is groups None: True 
05-06-2022 17:56:40|INFO|7/10|grid.best_params_={'C': 1.0, 'gamma': 0.001, 'kernel': 'rbf', 'max_iter': 1000}, grid.best_score_=0.712962962962963, grid.best_index_=10, acc=0.5, time=0.47191357612609863
05-06-2022 17:56:40|INFO|Is groups None: True 
05-06-2022 17:56:41|INFO|8/10|grid.best_params_={'C': 100000000.0, 'gamma': 1e-07, 'kernel': 'rbf', 'max_iter': 1000}, grid.best_score_=0.7037037037037037, grid.best_index_=36, acc=0.6666666666666666, time=0.48769617080688477
05-06-2022 17:56:41|INFO|Is groups None: True 
05-06-2022 17:56:41|INFO|9/10|grid.best_params_={'C': 100.0, 'gamma': 0.001, 'kernel': 'rbf', 'max_iter': 1000}, grid.best_score_=0.75, grid.best_index_=17, acc=0.5833333333333334, time=0.5046179294586182
05-06-2022 17:56:41|INFO|Is groups None: True 
05-06-2022 17:56:42|INFO|10/10|grid.best_params_={'C': 1000000.0, 'gamma': 1e-07, 'kernel': 'rbf', 'max_iter': 1000}, grid.best_score_=0.6944444444444445, grid.best_index_=29, acc=0.8333333333333334, time=0.5153489112854004
05-06-2022 17:56:42|INFO|s16|10-CV=0.66667|STD=0.09860|Time spend=6.844131946563721
05-06-2022 17:56:43|INFO|Running Split-First
05-06-2022 17:56:43|INFO|X.shape=(120, 496), y.shape=(120,), groups.shape=(120,)
05-06-2022 17:56:43|INFO|Is groups None: True 
05-06-2022 17:56:43|INFO|1/10|grid.best_params_={'C': 100.0, 'gamma': 0.001, 'kernel': 'rbf', 'max_iter': 1000}, grid.best_score_=0.6296296296296297, grid.best_index_=17, acc=0.5833333333333334, time=0.49387431144714355
05-06-2022 17:56:44|INFO|Is groups None: True 
05-06-2022 17:56:44|INFO|2/10|grid.best_params_={'C': 100.0, 'gamma': 0.001, 'kernel': 'rbf', 'max_iter': 1000}, grid.best_score_=0.6759259259259259, grid.best_index_=17, acc=0.3333333333333333, time=0.5254557132720947
05-06-2022 17:56:44|INFO|Is groups None: True 
05-06-2022 17:56:45|INFO|3/10|grid.best_params_={'C': 100.0, 'gamma': 0.001, 'kernel': 'rbf', 'max_iter': 1000}, grid.best_score_=0.6388888888888888, grid.best_index_=17, acc=0.8333333333333334, time=0.5176773071289062
05-06-2022 17:56:45|INFO|Is groups None: True 
05-06-2022 17:56:45|INFO|4/10|grid.best_params_={'C': 1000000.0, 'gamma': 1e-07, 'kernel': 'rbf', 'max_iter': 1000}, grid.best_score_=0.6851851851851852, grid.best_index_=29, acc=0.5833333333333334, time=0.5020456314086914
05-06-2022 17:56:45|INFO|Is groups None: True 
05-06-2022 17:56:46|INFO|5/10|grid.best_params_={'C': 10000.0, 'gamma': 1e-05, 'kernel': 'rbf', 'max_iter': 1000}, grid.best_score_=0.7407407407407408, grid.best_index_=23, acc=0.3333333333333333, time=0.5083627700805664
05-06-2022 17:56:46|INFO|Is groups None: True 
05-06-2022 17:56:46|INFO|6/10|grid.best_params_={'C': 1000000.0, 'gamma': 1e-05, 'kernel': 'rbf', 'max_iter': 1000}, grid.best_score_=0.638888888888889, grid.best_index_=30, acc=0.4166666666666667, time=0.5084965229034424
05-06-2022 17:56:46|INFO|Is groups None: True 
05-06-2022 17:56:47|INFO|7/10|grid.best_params_={'C': 1000000.0, 'gamma': 1e-09, 'kernel': 'rbf', 'max_iter': 1000}, grid.best_score_=0.6296296296296297, grid.best_index_=28, acc=0.75, time=0.5286870002746582
05-06-2022 17:56:47|INFO|Is groups None: True 
05-06-2022 17:56:47|INFO|8/10|grid.best_params_={'C': 100.0, 'gamma': 0.001, 'kernel': 'rbf', 'max_iter': 1000}, grid.best_score_=0.6574074074074073, grid.best_index_=17, acc=0.5833333333333334, time=0.5104742050170898
05-06-2022 17:56:47|INFO|Is groups None: True 
05-06-2022 17:56:48|INFO|9/10|grid.best_params_={'C': 100.0, 'gamma': 0.001, 'kernel': 'rbf', 'max_iter': 1000}, grid.best_score_=0.6666666666666666, grid.best_index_=17, acc=0.5, time=0.5350208282470703
05-06-2022 17:56:48|INFO|Is groups None: True 
05-06-2022 17:56:48|INFO|10/10|grid.best_params_={'C': 100.0, 'gamma': 0.001, 'kernel': 'rbf', 'max_iter': 1000}, grid.best_score_=0.611111111111111, grid.best_index_=17, acc=0.75, time=0.5172004699707031
05-06-2022 17:56:48|INFO|s17|10-CV=0.56667|STD=0.16583|Time spend=6.30060887336731
05-06-2022 17:56:49|INFO|Running Split-First
05-06-2022 17:56:49|INFO|X.shape=(120, 496), y.shape=(120,), groups.shape=(120,)
05-06-2022 17:56:49|INFO|Is groups None: True 
05-06-2022 17:56:50|INFO|1/10|grid.best_params_={'C': 1000000.0, 'gamma': 1e-05, 'kernel': 'rbf', 'max_iter': 1000}, grid.best_score_=0.7777777777777778, grid.best_index_=30, acc=0.9166666666666666, time=0.6287682056427002
05-06-2022 17:56:50|INFO|Is groups None: True 
05-06-2022 17:56:50|INFO|2/10|grid.best_params_={'C': 1000000.0, 'gamma': 1e-07, 'kernel': 'rbf', 'max_iter': 1000}, grid.best_score_=0.7962962962962963, grid.best_index_=29, acc=0.75, time=0.436068058013916
05-06-2022 17:56:50|INFO|Is groups None: True 
05-06-2022 17:56:51|INFO|3/10|grid.best_params_={'C': 10000000000.0, 'gamma': 1e-09, 'kernel': 'rbf', 'max_iter': 1000}, grid.best_score_=0.8055555555555555, grid.best_index_=42, acc=0.75, time=0.475358247756958
05-06-2022 17:56:51|INFO|Is groups None: True 
05-06-2022 17:56:51|INFO|4/10|grid.best_params_={'C': 1.0, 'gamma': 0.001, 'kernel': 'rbf', 'max_iter': 1000}, grid.best_score_=0.7685185185185186, grid.best_index_=10, acc=0.75, time=0.6432318687438965
05-06-2022 17:56:51|INFO|Is groups None: True 
05-06-2022 17:56:52|INFO|5/10|grid.best_params_={'C': 1000000.0, 'gamma': 1e-07, 'kernel': 'rbf', 'max_iter': 1000}, grid.best_score_=0.7962962962962963, grid.best_index_=29, acc=0.8333333333333334, time=0.44072651863098145
05-06-2022 17:56:52|INFO|Is groups None: True 
05-06-2022 17:56:52|INFO|6/10|grid.best_params_={'C': 1.0, 'gamma': 0.001, 'kernel': 'rbf', 'max_iter': 1000}, grid.best_score_=0.787037037037037, grid.best_index_=10, acc=0.6666666666666666, time=0.5011401176452637
05-06-2022 17:56:52|INFO|Is groups None: True 
05-06-2022 17:56:53|INFO|7/10|grid.best_params_={'C': 10000000000.0, 'gamma': 1e-09, 'kernel': 'rbf', 'max_iter': 1000}, grid.best_score_=0.787037037037037, grid.best_index_=42, acc=0.6666666666666666, time=0.47216796875
05-06-2022 17:56:53|INFO|Is groups None: True 
05-06-2022 17:56:53|INFO|8/10|grid.best_params_={'C': 1000000.0, 'gamma': 1e-05, 'kernel': 'rbf', 'max_iter': 1000}, grid.best_score_=0.7777777777777777, grid.best_index_=30, acc=0.6666666666666666, time=0.6412961483001709
05-06-2022 17:56:53|INFO|Is groups None: True 
05-06-2022 17:56:54|INFO|9/10|grid.best_params_={'C': 1.0, 'gamma': 0.001, 'kernel': 'rbf', 'max_iter': 1000}, grid.best_score_=0.7777777777777779, grid.best_index_=10, acc=0.8333333333333334, time=0.4488489627838135
05-06-2022 17:56:54|INFO|Is groups None: True 
05-06-2022 17:56:54|INFO|10/10|grid.best_params_={'C': 10000.0, 'gamma': 1e-05, 'kernel': 'rbf', 'max_iter': 1000}, grid.best_score_=0.8055555555555556, grid.best_index_=23, acc=0.4166666666666667, time=0.4594535827636719
05-06-2022 17:56:54|INFO|s18|10-CV=0.72500|STD=0.12937|Time spend=6.153949022293091
05-06-2022 17:56:56|INFO|Running Split-First
05-06-2022 17:56:56|INFO|X.shape=(120, 496), y.shape=(120,), groups.shape=(120,)
05-06-2022 17:56:56|INFO|Is groups None: True 
05-06-2022 17:56:56|INFO|1/10|grid.best_params_={'C': 10000.0, 'gamma': 1e-05, 'kernel': 'rbf', 'max_iter': 1000}, grid.best_score_=0.7314814814814814, grid.best_index_=23, acc=0.75, time=0.5136785507202148
05-06-2022 17:56:56|INFO|Is groups None: True 
05-06-2022 17:56:57|INFO|2/10|grid.best_params_={'C': 10000.0, 'gamma': 1e-05, 'kernel': 'rbf', 'max_iter': 1000}, grid.best_score_=0.7685185185185186, grid.best_index_=23, acc=0.5833333333333334, time=0.5450088977813721
05-06-2022 17:56:57|INFO|Is groups None: True 
05-06-2022 17:56:57|INFO|3/10|grid.best_params_={'C': 10000.0, 'gamma': 1e-05, 'kernel': 'rbf', 'max_iter': 1000}, grid.best_score_=0.7314814814814814, grid.best_index_=23, acc=0.5833333333333334, time=0.4864542484283447
05-06-2022 17:56:57|INFO|Is groups None: True 
05-06-2022 17:56:58|INFO|4/10|grid.best_params_={'C': 10000.0, 'gamma': 1e-05, 'kernel': 'rbf', 'max_iter': 1000}, grid.best_score_=0.6944444444444443, grid.best_index_=23, acc=0.8333333333333334, time=0.4933288097381592
05-06-2022 17:56:58|INFO|Is groups None: True 
05-06-2022 17:56:58|INFO|5/10|grid.best_params_={'C': 10000.0, 'gamma': 1e-05, 'kernel': 'rbf', 'max_iter': 1000}, grid.best_score_=0.7037037037037037, grid.best_index_=23, acc=0.75, time=0.6050992012023926
05-06-2022 17:56:58|INFO|Is groups None: True 
05-06-2022 17:56:59|INFO|6/10|grid.best_params_={'C': 1000000.0, 'gamma': 1e-05, 'kernel': 'rbf', 'max_iter': 1000}, grid.best_score_=0.7129629629629629, grid.best_index_=30, acc=0.75, time=0.49527883529663086
05-06-2022 17:56:59|INFO|Is groups None: True 
05-06-2022 17:56:59|INFO|7/10|grid.best_params_={'C': 1000000.0, 'gamma': 1e-05, 'kernel': 'rbf', 'max_iter': 1000}, grid.best_score_=0.7314814814814814, grid.best_index_=30, acc=0.8333333333333334, time=0.502324104309082
05-06-2022 17:56:59|INFO|Is groups None: True 
05-06-2022 17:57:00|INFO|8/10|grid.best_params_={'C': 10000.0, 'gamma': 1e-05, 'kernel': 'rbf', 'max_iter': 1000}, grid.best_score_=0.75, grid.best_index_=23, acc=0.75, time=0.4840679168701172
05-06-2022 17:57:00|INFO|Is groups None: True 
05-06-2022 17:57:00|INFO|9/10|grid.best_params_={'C': 100.0, 'gamma': 0.001, 'kernel': 'rbf', 'max_iter': 1000}, grid.best_score_=0.7222222222222222, grid.best_index_=17, acc=0.9166666666666666, time=0.5400786399841309
05-06-2022 17:57:00|INFO|Is groups None: True 
05-06-2022 17:57:01|INFO|10/10|grid.best_params_={'C': 10000.0, 'gamma': 1e-05, 'kernel': 'rbf', 'max_iter': 1000}, grid.best_score_=0.7777777777777778, grid.best_index_=23, acc=0.5833333333333334, time=0.4971497058868408
05-06-2022 17:57:01|INFO|s19|10-CV=0.73333|STD=0.11055|Time spend=6.586312770843506
05-06-2022 17:57:02|INFO|Running Split-First
05-06-2022 17:57:02|INFO|X.shape=(120, 496), y.shape=(120,), groups.shape=(120,)
05-06-2022 17:57:02|INFO|Is groups None: True 
05-06-2022 17:57:02|INFO|1/10|grid.best_params_={'C': 10000.0, 'gamma': 1e-05, 'kernel': 'rbf', 'max_iter': 1000}, grid.best_score_=0.7222222222222222, grid.best_index_=23, acc=0.5833333333333334, time=0.49596524238586426
05-06-2022 17:57:02|INFO|Is groups None: True 
05-06-2022 17:57:03|INFO|2/10|grid.best_params_={'C': 100.0, 'gamma': 1e-05, 'kernel': 'rbf', 'max_iter': 1000}, grid.best_score_=0.7222222222222221, grid.best_index_=16, acc=0.5833333333333334, time=0.515300989151001
05-06-2022 17:57:03|INFO|Is groups None: True 
05-06-2022 17:57:03|INFO|3/10|grid.best_params_={'C': 10000.0, 'gamma': 1e-07, 'kernel': 'rbf', 'max_iter': 1000}, grid.best_score_=0.712962962962963, grid.best_index_=22, acc=0.75, time=0.5278596878051758
05-06-2022 17:57:03|INFO|Is groups None: True 
05-06-2022 17:57:04|INFO|4/10|grid.best_params_={'C': 100000000.0, 'gamma': 1e-07, 'kernel': 'rbf', 'max_iter': 1000}, grid.best_score_=0.7314814814814814, grid.best_index_=36, acc=0.4166666666666667, time=0.49236249923706055
05-06-2022 17:57:04|INFO|Is groups None: True 
05-06-2022 17:57:04|INFO|5/10|grid.best_params_={'C': 1.0, 'gamma': 0.001, 'kernel': 'rbf', 'max_iter': 1000}, grid.best_score_=0.712962962962963, grid.best_index_=10, acc=0.6666666666666666, time=0.5100424289703369
05-06-2022 17:57:04|INFO|Is groups None: True 
05-06-2022 17:57:05|INFO|6/10|grid.best_params_={'C': 100.0, 'gamma': 1e-05, 'kernel': 'rbf', 'max_iter': 1000}, grid.best_score_=0.7037037037037037, grid.best_index_=16, acc=0.6666666666666666, time=0.5086548328399658
05-06-2022 17:57:05|INFO|Is groups None: True 
05-06-2022 17:57:06|INFO|7/10|grid.best_params_={'C': 1000000.0, 'gamma': 1e-05, 'kernel': 'rbf', 'max_iter': 1000}, grid.best_score_=0.7685185185185186, grid.best_index_=30, acc=0.6666666666666666, time=0.6142768859863281
05-06-2022 17:57:06|INFO|Is groups None: True 
05-06-2022 17:57:06|INFO|8/10|grid.best_params_={'C': 10000.0, 'gamma': 1e-07, 'kernel': 'rbf', 'max_iter': 1000}, grid.best_score_=0.7037037037037037, grid.best_index_=22, acc=0.75, time=0.46054792404174805
05-06-2022 17:57:06|INFO|Is groups None: True 
05-06-2022 17:57:07|INFO|9/10|grid.best_params_={'C': 100000000.0, 'gamma': 1e-09, 'kernel': 'rbf', 'max_iter': 1000}, grid.best_score_=0.6944444444444445, grid.best_index_=35, acc=0.75, time=0.5434155464172363
05-06-2022 17:57:07|INFO|Is groups None: True 
05-06-2022 17:57:07|INFO|10/10|grid.best_params_={'C': 10000.0, 'gamma': 1e-05, 'kernel': 'rbf', 'max_iter': 1000}, grid.best_score_=0.7407407407407408, grid.best_index_=23, acc=0.5833333333333334, time=0.5285499095916748
05-06-2022 17:57:07|INFO|s20|10-CV=0.64167|STD=0.09895|Time spend=6.189774751663208
05-06-2022 17:57:09|INFO|Running Split-First
05-06-2022 17:57:09|INFO|X.shape=(120, 496), y.shape=(120,), groups.shape=(120,)
05-06-2022 17:57:09|INFO|Is groups None: True 
05-06-2022 17:57:09|INFO|1/10|grid.best_params_={'C': 100000000.0, 'gamma': 1e-07, 'kernel': 'rbf', 'max_iter': 1000}, grid.best_score_=0.6388888888888888, grid.best_index_=36, acc=0.5833333333333334, time=0.5425901412963867
05-06-2022 17:57:09|INFO|Is groups None: True 
05-06-2022 17:57:10|INFO|2/10|grid.best_params_={'C': 1000000.0, 'gamma': 1e-05, 'kernel': 'rbf', 'max_iter': 1000}, grid.best_score_=0.6018518518518519, grid.best_index_=30, acc=0.4166666666666667, time=0.550591230392456
05-06-2022 17:57:10|INFO|Is groups None: True 
05-06-2022 17:57:10|INFO|3/10|grid.best_params_={'C': 1000000.0, 'gamma': 1e-09, 'kernel': 'rbf', 'max_iter': 1000}, grid.best_score_=0.6111111111111112, grid.best_index_=28, acc=0.6666666666666666, time=0.4883418083190918
05-06-2022 17:57:10|INFO|Is groups None: True 
05-06-2022 17:57:11|INFO|4/10|grid.best_params_={'C': 100.0, 'gamma': 0.001, 'kernel': 'rbf', 'max_iter': 1000}, grid.best_score_=0.675925925925926, grid.best_index_=17, acc=0.5, time=0.5207350254058838
05-06-2022 17:57:11|INFO|Is groups None: True 
05-06-2022 17:57:12|INFO|5/10|grid.best_params_={'C': 1000000.0, 'gamma': 1e-05, 'kernel': 'rbf', 'max_iter': 1000}, grid.best_score_=0.6481481481481481, grid.best_index_=30, acc=0.4166666666666667, time=0.5550868511199951
05-06-2022 17:57:12|INFO|Is groups None: True 
05-06-2022 17:57:12|INFO|6/10|grid.best_params_={'C': 1000000.0, 'gamma': 1e-05, 'kernel': 'rbf', 'max_iter': 1000}, grid.best_score_=0.6111111111111112, grid.best_index_=30, acc=0.3333333333333333, time=0.5275743007659912
05-06-2022 17:57:12|INFO|Is groups None: True 
05-06-2022 17:57:13|INFO|7/10|grid.best_params_={'C': 100000000.0, 'gamma': 1e-09, 'kernel': 'rbf', 'max_iter': 1000}, grid.best_score_=0.6111111111111112, grid.best_index_=35, acc=0.5, time=0.5257241725921631
05-06-2022 17:57:13|INFO|Is groups None: True 
05-06-2022 17:57:13|INFO|8/10|grid.best_params_={'C': 100.0, 'gamma': 0.001, 'kernel': 'rbf', 'max_iter': 1000}, grid.best_score_=0.6111111111111112, grid.best_index_=17, acc=0.5, time=0.5118186473846436
05-06-2022 17:57:13|INFO|Is groups None: True 
05-06-2022 17:57:14|INFO|9/10|grid.best_params_={'C': 1000000.0, 'gamma': 1e-07, 'kernel': 'rbf', 'max_iter': 1000}, grid.best_score_=0.6018518518518517, grid.best_index_=29, acc=0.5, time=0.5184879302978516
05-06-2022 17:57:14|INFO|Is groups None: True 
05-06-2022 17:57:14|INFO|10/10|grid.best_params_={'C': 100000000.0, 'gamma': 1e-07, 'kernel': 'rbf', 'max_iter': 1000}, grid.best_score_=0.6481481481481481, grid.best_index_=36, acc=0.3333333333333333, time=0.5054035186767578
05-06-2022 17:57:14|INFO|s21|10-CV=0.47500|STD=0.09895|Time spend=6.988649606704712
05-06-2022 17:57:16|INFO|Running Split-First
05-06-2022 17:57:16|INFO|X.shape=(120, 496), y.shape=(120,), groups.shape=(120,)
05-06-2022 17:57:16|INFO|Is groups None: True 
05-06-2022 17:57:16|INFO|1/10|grid.best_params_={'C': 1000000.0, 'gamma': 1e-07, 'kernel': 'rbf', 'max_iter': 1000}, grid.best_score_=0.712962962962963, grid.best_index_=29, acc=0.5, time=0.47754502296447754
05-06-2022 17:57:16|INFO|Is groups None: True 
05-06-2022 17:57:17|INFO|2/10|grid.best_params_={'C': 10000000000.0, 'gamma': 1e-09, 'kernel': 'rbf', 'max_iter': 1000}, grid.best_score_=0.6944444444444444, grid.best_index_=42, acc=0.75, time=0.4958508014678955
05-06-2022 17:57:17|INFO|Is groups None: True 
05-06-2022 17:57:17|INFO|3/10|grid.best_params_={'C': 100000000.0, 'gamma': 1e-09, 'kernel': 'rbf', 'max_iter': 1000}, grid.best_score_=0.6574074074074074, grid.best_index_=35, acc=0.75, time=0.5550830364227295
05-06-2022 17:57:17|INFO|Is groups None: True 
05-06-2022 17:57:18|INFO|4/10|grid.best_params_={'C': 1000000.0, 'gamma': 1e-07, 'kernel': 'rbf', 'max_iter': 1000}, grid.best_score_=0.7500000000000001, grid.best_index_=29, acc=0.3333333333333333, time=0.5279719829559326
05-06-2022 17:57:18|INFO|Is groups None: True 
05-06-2022 17:57:18|INFO|5/10|grid.best_params_={'C': 1000000.0, 'gamma': 1e-09, 'kernel': 'rbf', 'max_iter': 1000}, grid.best_score_=0.675925925925926, grid.best_index_=28, acc=0.75, time=0.5350942611694336
05-06-2022 17:57:18|INFO|Is groups None: True 
05-06-2022 17:57:19|INFO|6/10|grid.best_params_={'C': 100000000.0, 'gamma': 1e-09, 'kernel': 'rbf', 'max_iter': 1000}, grid.best_score_=0.6666666666666666, grid.best_index_=35, acc=0.9166666666666666, time=0.5555629730224609
05-06-2022 17:57:19|INFO|Is groups None: True 
05-06-2022 17:57:19|INFO|7/10|grid.best_params_={'C': 100000000.0, 'gamma': 1e-09, 'kernel': 'rbf', 'max_iter': 1000}, grid.best_score_=0.675925925925926, grid.best_index_=35, acc=0.5833333333333334, time=0.48747873306274414
05-06-2022 17:57:19|INFO|Is groups None: True 
05-06-2022 17:57:20|INFO|8/10|grid.best_params_={'C': 1000000.0, 'gamma': 1e-09, 'kernel': 'rbf', 'max_iter': 1000}, grid.best_score_=0.7222222222222222, grid.best_index_=28, acc=0.6666666666666666, time=0.49654388427734375
05-06-2022 17:57:20|INFO|Is groups None: True 
05-06-2022 17:57:20|INFO|9/10|grid.best_params_={'C': 1000000.0, 'gamma': 1e-09, 'kernel': 'rbf', 'max_iter': 1000}, grid.best_score_=0.675925925925926, grid.best_index_=28, acc=0.75, time=0.5023386478424072
05-06-2022 17:57:20|INFO|Is groups None: True 
05-06-2022 17:57:21|INFO|10/10|grid.best_params_={'C': 1000000.0, 'gamma': 1e-07, 'kernel': 'rbf', 'max_iter': 1000}, grid.best_score_=0.7314814814814814, grid.best_index_=29, acc=0.5833333333333334, time=0.5298209190368652
05-06-2022 17:57:21|INFO|s22|10-CV=0.65833|STD=0.15568|Time spend=6.835811376571655
05-06-2022 17:57:23|INFO|Running Split-First
05-06-2022 17:57:23|INFO|X.shape=(120, 496), y.shape=(120,), groups.shape=(120,)
05-06-2022 17:57:23|INFO|Is groups None: True 
05-06-2022 17:57:23|INFO|1/10|grid.best_params_={'C': 10000.0, 'gamma': 1e-05, 'kernel': 'rbf', 'max_iter': 1000}, grid.best_score_=0.7499999999999999, grid.best_index_=23, acc=0.75, time=0.5200934410095215
05-06-2022 17:57:23|INFO|Is groups None: True 
05-06-2022 17:57:24|INFO|2/10|grid.best_params_={'C': 100000000.0, 'gamma': 1e-07, 'kernel': 'rbf', 'max_iter': 1000}, grid.best_score_=0.712962962962963, grid.best_index_=36, acc=0.6666666666666666, time=0.46880054473876953
05-06-2022 17:57:24|INFO|Is groups None: True 
05-06-2022 17:57:24|INFO|3/10|grid.best_params_={'C': 100.0, 'gamma': 0.001, 'kernel': 'rbf', 'max_iter': 1000}, grid.best_score_=0.7407407407407408, grid.best_index_=17, acc=0.6666666666666666, time=0.48925304412841797
05-06-2022 17:57:24|INFO|Is groups None: True 
05-06-2022 17:57:25|INFO|4/10|grid.best_params_={'C': 100000000.0, 'gamma': 1e-09, 'kernel': 'rbf', 'max_iter': 1000}, grid.best_score_=0.7314814814814815, grid.best_index_=35, acc=0.8333333333333334, time=0.46874547004699707
05-06-2022 17:57:25|INFO|Is groups None: True 
05-06-2022 17:57:25|INFO|5/10|grid.best_params_={'C': 10000.0, 'gamma': 1e-05, 'kernel': 'rbf', 'max_iter': 1000}, grid.best_score_=0.7037037037037037, grid.best_index_=23, acc=0.75, time=0.5247399806976318
05-06-2022 17:57:25|INFO|Is groups None: True 
05-06-2022 17:57:26|INFO|6/10|grid.best_params_={'C': 10000000000.0, 'gamma': 1e-09, 'kernel': 'rbf', 'max_iter': 1000}, grid.best_score_=0.7407407407407407, grid.best_index_=42, acc=0.75, time=0.4676401615142822
05-06-2022 17:57:26|INFO|Is groups None: True 
05-06-2022 17:57:26|INFO|7/10|grid.best_params_={'C': 100000000.0, 'gamma': 1e-07, 'kernel': 'rbf', 'max_iter': 1000}, grid.best_score_=0.7407407407407408, grid.best_index_=36, acc=0.8333333333333334, time=0.5746183395385742
05-06-2022 17:57:26|INFO|Is groups None: True 
05-06-2022 17:57:27|INFO|8/10|grid.best_params_={'C': 10000000000.0, 'gamma': 1e-09, 'kernel': 'rbf', 'max_iter': 1000}, grid.best_score_=0.6944444444444444, grid.best_index_=42, acc=0.8333333333333334, time=0.5304036140441895
05-06-2022 17:57:27|INFO|Is groups None: True 
05-06-2022 17:57:27|INFO|9/10|grid.best_params_={'C': 100000000.0, 'gamma': 1e-09, 'kernel': 'rbf', 'max_iter': 1000}, grid.best_score_=0.6666666666666665, grid.best_index_=35, acc=0.75, time=0.47713422775268555
05-06-2022 17:57:27|INFO|Is groups None: True 
05-06-2022 17:57:28|INFO|10/10|grid.best_params_={'C': 100000000.0, 'gamma': 1e-07, 'kernel': 'rbf', 'max_iter': 1000}, grid.best_score_=0.7407407407407408, grid.best_index_=36, acc=0.4166666666666667, time=0.48713231086730957
05-06-2022 17:57:28|INFO|s23|10-CV=0.72500|STD=0.11815|Time spend=6.709443092346191
05-06-2022 17:57:29|INFO|Running Split-First
05-06-2022 17:57:29|INFO|X.shape=(120, 496), y.shape=(120,), groups.shape=(120,)
05-06-2022 17:57:29|INFO|Is groups None: True 
05-06-2022 17:57:30|INFO|1/10|grid.best_params_={'C': 1000000.0, 'gamma': 1e-07, 'kernel': 'rbf', 'max_iter': 1000}, grid.best_score_=0.6388888888888888, grid.best_index_=29, acc=0.5, time=0.46320509910583496
05-06-2022 17:57:30|INFO|Is groups None: True 
05-06-2022 17:57:30|INFO|2/10|grid.best_params_={'C': 10000000000.0, 'gamma': 1e-09, 'kernel': 'rbf', 'max_iter': 1000}, grid.best_score_=0.6388888888888888, grid.best_index_=42, acc=0.75, time=0.5312321186065674
05-06-2022 17:57:30|INFO|Is groups None: True 
05-06-2022 17:57:31|INFO|3/10|grid.best_params_={'C': 1.0, 'gamma': 0.1, 'kernel': 'rbf', 'max_iter': 1000}, grid.best_score_=0.5833333333333335, grid.best_index_=11, acc=0.5, time=0.5176253318786621
05-06-2022 17:57:31|INFO|Is groups None: True 
05-06-2022 17:57:31|INFO|4/10|grid.best_params_={'C': 100000000.0, 'gamma': 1e-09, 'kernel': 'rbf', 'max_iter': 1000}, grid.best_score_=0.6481481481481481, grid.best_index_=35, acc=0.4166666666666667, time=0.5109829902648926
05-06-2022 17:57:31|INFO|Is groups None: True 
05-06-2022 17:57:32|INFO|5/10|grid.best_params_={'C': 10000.0, 'gamma': 1e-05, 'kernel': 'rbf', 'max_iter': 1000}, grid.best_score_=0.6481481481481481, grid.best_index_=23, acc=0.4166666666666667, time=0.5184760093688965
05-06-2022 17:57:32|INFO|Is groups None: True 
05-06-2022 17:57:32|INFO|6/10|grid.best_params_={'C': 100000000.0, 'gamma': 1e-09, 'kernel': 'rbf', 'max_iter': 1000}, grid.best_score_=0.5833333333333334, grid.best_index_=35, acc=0.6666666666666666, time=0.5211048126220703
05-06-2022 17:57:32|INFO|Is groups None: True 
05-06-2022 17:57:33|INFO|7/10|grid.best_params_={'C': 1000000.0, 'gamma': 1e-09, 'kernel': 'rbf', 'max_iter': 1000}, grid.best_score_=0.6018518518518519, grid.best_index_=28, acc=0.5, time=0.5175149440765381
05-06-2022 17:57:33|INFO|Is groups None: True 
05-06-2022 17:57:33|INFO|8/10|grid.best_params_={'C': 10000000000.0, 'gamma': 1e-09, 'kernel': 'rbf', 'max_iter': 1000}, grid.best_score_=0.6018518518518517, grid.best_index_=42, acc=0.5833333333333334, time=0.5136983394622803
05-06-2022 17:57:33|INFO|Is groups None: True 
05-06-2022 17:57:34|INFO|9/10|grid.best_params_={'C': 1000000.0, 'gamma': 1e-07, 'kernel': 'rbf', 'max_iter': 1000}, grid.best_score_=0.6018518518518517, grid.best_index_=29, acc=0.6666666666666666, time=0.5633544921875
05-06-2022 17:57:34|INFO|Is groups None: True 
05-06-2022 17:57:34|INFO|10/10|grid.best_params_={'C': 10000.0, 'gamma': 1e-07, 'kernel': 'rbf', 'max_iter': 1000}, grid.best_score_=0.6111111111111112, grid.best_index_=22, acc=0.5, time=0.526296854019165
05-06-2022 17:57:34|INFO|s24|10-CV=0.55000|STD=0.10672|Time spend=6.663223743438721
05-06-2022 17:57:36|INFO|Running Split-First
05-06-2022 17:57:36|INFO|X.shape=(120, 496), y.shape=(120,), groups.shape=(120,)
05-06-2022 17:57:36|INFO|Is groups None: True 
05-06-2022 17:57:37|INFO|1/10|grid.best_params_={'C': 10000.0, 'gamma': 1e-05, 'kernel': 'rbf', 'max_iter': 1000}, grid.best_score_=0.5833333333333335, grid.best_index_=23, acc=0.5, time=0.5670332908630371
05-06-2022 17:57:37|INFO|Is groups None: True 
05-06-2022 17:57:37|INFO|2/10|grid.best_params_={'C': 100000000.0, 'gamma': 1e-07, 'kernel': 'rbf', 'max_iter': 1000}, grid.best_score_=0.5925925925925926, grid.best_index_=36, acc=0.5833333333333334, time=0.4880647659301758
05-06-2022 17:57:37|INFO|Is groups None: True 
05-06-2022 17:57:38|INFO|3/10|grid.best_params_={'C': 10000.0, 'gamma': 1e-05, 'kernel': 'rbf', 'max_iter': 1000}, grid.best_score_=0.5833333333333334, grid.best_index_=23, acc=0.5833333333333334, time=0.5305392742156982
05-06-2022 17:57:38|INFO|Is groups None: True 
05-06-2022 17:57:38|INFO|4/10|grid.best_params_={'C': 10000.0, 'gamma': 1e-05, 'kernel': 'rbf', 'max_iter': 1000}, grid.best_score_=0.6574074074074074, grid.best_index_=23, acc=0.4166666666666667, time=0.6943955421447754
05-06-2022 17:57:38|INFO|Is groups None: True 
05-06-2022 17:57:39|INFO|5/10|grid.best_params_={'C': 10000.0, 'gamma': 1e-05, 'kernel': 'rbf', 'max_iter': 1000}, grid.best_score_=0.5925925925925926, grid.best_index_=23, acc=0.75, time=0.5408146381378174
05-06-2022 17:57:39|INFO|Is groups None: True 
05-06-2022 17:57:39|INFO|6/10|grid.best_params_={'C': 10000.0, 'gamma': 1e-05, 'kernel': 'rbf', 'max_iter': 1000}, grid.best_score_=0.5833333333333335, grid.best_index_=23, acc=0.6666666666666666, time=0.5111794471740723
05-06-2022 17:57:39|INFO|Is groups None: True 
05-06-2022 17:57:40|INFO|7/10|grid.best_params_={'C': 1000000.0, 'gamma': 1e-07, 'kernel': 'rbf', 'max_iter': 1000}, grid.best_score_=0.6018518518518517, grid.best_index_=29, acc=0.75, time=0.5301804542541504
05-06-2022 17:57:40|INFO|Is groups None: True 
05-06-2022 17:57:40|INFO|8/10|grid.best_params_={'C': 100.0, 'gamma': 1e-05, 'kernel': 'rbf', 'max_iter': 1000}, grid.best_score_=0.6018518518518517, grid.best_index_=16, acc=0.4166666666666667, time=0.5656938552856445
05-06-2022 17:57:40|INFO|Is groups None: True 
05-06-2022 17:57:41|INFO|9/10|grid.best_params_={'C': 1.0, 'gamma': 0.001, 'kernel': 'rbf', 'max_iter': 1000}, grid.best_score_=0.574074074074074, grid.best_index_=10, acc=0.6666666666666666, time=0.5300366878509521
05-06-2022 17:57:41|INFO|Is groups None: True 
05-06-2022 17:57:42|INFO|10/10|grid.best_params_={'C': 1.0, 'gamma': 0.001, 'kernel': 'rbf', 'max_iter': 1000}, grid.best_score_=0.6018518518518519, grid.best_index_=10, acc=0.5833333333333334, time=0.5321910381317139
05-06-2022 17:57:42|INFO|s25|10-CV=0.59167|STD=0.11456|Time spend=7.151516914367676
05-06-2022 17:57:43|INFO|Running Split-First
05-06-2022 17:57:43|INFO|X.shape=(120, 496), y.shape=(120,), groups.shape=(120,)
05-06-2022 17:57:43|INFO|Is groups None: True 
05-06-2022 17:57:43|INFO|1/10|grid.best_params_={'C': 0.01, 'gamma': 1e-09, 'kernel': 'rbf', 'max_iter': 1000}, grid.best_score_=0.6481481481481481, grid.best_index_=0, acc=0.6666666666666666, time=0.4787180423736572
05-06-2022 17:57:43|INFO|Is groups None: True 
05-06-2022 17:57:43|INFO|2/10|grid.best_params_={'C': 1000000.0, 'gamma': 1e-07, 'kernel': 'rbf', 'max_iter': 1000}, grid.best_score_=0.7314814814814814, grid.best_index_=29, acc=0.5, time=0.48041653633117676
05-06-2022 17:57:44|INFO|Is groups None: True 
05-06-2022 17:57:44|INFO|3/10|grid.best_params_={'C': 1000000.0, 'gamma': 1e-07, 'kernel': 'rbf', 'max_iter': 1000}, grid.best_score_=0.6574074074074074, grid.best_index_=29, acc=0.9166666666666666, time=0.4988517761230469
05-06-2022 17:57:44|INFO|Is groups None: True 
05-06-2022 17:57:45|INFO|4/10|grid.best_params_={'C': 1000000.0, 'gamma': 1e-07, 'kernel': 'rbf', 'max_iter': 1000}, grid.best_score_=0.6944444444444444, grid.best_index_=29, acc=0.6666666666666666, time=0.5019450187683105
05-06-2022 17:57:45|INFO|Is groups None: True 
05-06-2022 17:57:45|INFO|5/10|grid.best_params_={'C': 10000.0, 'gamma': 1e-05, 'kernel': 'rbf', 'max_iter': 1000}, grid.best_score_=0.6851851851851852, grid.best_index_=23, acc=0.6666666666666666, time=0.5416464805603027
05-06-2022 17:57:45|INFO|Is groups None: True 
05-06-2022 17:57:46|INFO|6/10|grid.best_params_={'C': 100.0, 'gamma': 0.001, 'kernel': 'rbf', 'max_iter': 1000}, grid.best_score_=0.6666666666666665, grid.best_index_=17, acc=0.5833333333333334, time=0.5453519821166992
05-06-2022 17:57:46|INFO|Is groups None: True 
05-06-2022 17:57:46|INFO|7/10|grid.best_params_={'C': 0.01, 'gamma': 1e-09, 'kernel': 'rbf', 'max_iter': 1000}, grid.best_score_=0.6481481481481481, grid.best_index_=0, acc=0.6666666666666666, time=0.5104742050170898
05-06-2022 17:57:46|INFO|Is groups None: True 
05-06-2022 17:57:47|INFO|8/10|grid.best_params_={'C': 0.01, 'gamma': 1e-09, 'kernel': 'rbf', 'max_iter': 1000}, grid.best_score_=0.6481481481481481, grid.best_index_=0, acc=0.6666666666666666, time=0.5978779792785645
05-06-2022 17:57:47|INFO|Is groups None: True 
05-06-2022 17:57:47|INFO|9/10|grid.best_params_={'C': 100.0, 'gamma': 0.001, 'kernel': 'rbf', 'max_iter': 1000}, grid.best_score_=0.6944444444444444, grid.best_index_=17, acc=0.5, time=0.4993164539337158
05-06-2022 17:57:47|INFO|Is groups None: True 
05-06-2022 17:57:48|INFO|10/10|grid.best_params_={'C': 10000.0, 'gamma': 1e-05, 'kernel': 'rbf', 'max_iter': 1000}, grid.best_score_=0.7592592592592592, grid.best_index_=23, acc=0.6666666666666666, time=0.5062859058380127
05-06-2022 17:57:48|INFO|s26|10-CV=0.65000|STD=0.11055|Time spend=6.258982419967651
05-06-2022 17:57:49|INFO|Running Split-First
05-06-2022 17:57:49|INFO|X.shape=(120, 496), y.shape=(120,), groups.shape=(120,)
05-06-2022 17:57:49|INFO|Is groups None: True 
05-06-2022 17:57:49|INFO|1/10|grid.best_params_={'C': 0.01, 'gamma': 1e-09, 'kernel': 'rbf', 'max_iter': 1000}, grid.best_score_=0.75, grid.best_index_=0, acc=0.75, time=0.6074762344360352
05-06-2022 17:57:49|INFO|Is groups None: True 
05-06-2022 17:57:50|INFO|2/10|grid.best_params_={'C': 100.0, 'gamma': 0.001, 'kernel': 'rbf', 'max_iter': 1000}, grid.best_score_=0.8055555555555555, grid.best_index_=17, acc=0.6666666666666666, time=0.4218006134033203
05-06-2022 17:57:50|INFO|Is groups None: True 
05-06-2022 17:57:50|INFO|3/10|grid.best_params_={'C': 100.0, 'gamma': 0.001, 'kernel': 'rbf', 'max_iter': 1000}, grid.best_score_=0.7592592592592592, grid.best_index_=17, acc=0.6666666666666666, time=0.45449161529541016
05-06-2022 17:57:50|INFO|Is groups None: True 
05-06-2022 17:57:51|INFO|4/10|grid.best_params_={'C': 1.0, 'gamma': 0.001, 'kernel': 'rbf', 'max_iter': 1000}, grid.best_score_=0.7685185185185186, grid.best_index_=10, acc=0.75, time=0.4833521842956543
05-06-2022 17:57:51|INFO|Is groups None: True 
05-06-2022 17:57:51|INFO|5/10|grid.best_params_={'C': 0.01, 'gamma': 1e-09, 'kernel': 'rbf', 'max_iter': 1000}, grid.best_score_=0.75, grid.best_index_=0, acc=0.75, time=0.5660820007324219
05-06-2022 17:57:51|INFO|Is groups None: True 
05-06-2022 17:57:52|INFO|6/10|grid.best_params_={'C': 100000000.0, 'gamma': 1e-09, 'kernel': 'rbf', 'max_iter': 1000}, grid.best_score_=0.7777777777777778, grid.best_index_=35, acc=0.5833333333333334, time=0.49990296363830566
05-06-2022 17:57:52|INFO|Is groups None: True 
05-06-2022 17:57:52|INFO|7/10|grid.best_params_={'C': 1.0, 'gamma': 0.001, 'kernel': 'rbf', 'max_iter': 1000}, grid.best_score_=0.7777777777777778, grid.best_index_=10, acc=0.6666666666666666, time=0.5409479141235352
05-06-2022 17:57:52|INFO|Is groups None: True 
05-06-2022 17:57:53|INFO|8/10|grid.best_params_={'C': 0.01, 'gamma': 1e-09, 'kernel': 'rbf', 'max_iter': 1000}, grid.best_score_=0.75, grid.best_index_=0, acc=0.75, time=0.4697253704071045
05-06-2022 17:57:53|INFO|Is groups None: True 
05-06-2022 17:57:53|INFO|9/10|grid.best_params_={'C': 10000000000.0, 'gamma': 1e-09, 'kernel': 'rbf', 'max_iter': 1000}, grid.best_score_=0.7777777777777779, grid.best_index_=42, acc=0.5833333333333334, time=0.5688090324401855
05-06-2022 17:57:53|INFO|Is groups None: True 
05-06-2022 17:57:54|INFO|10/10|grid.best_params_={'C': 0.01, 'gamma': 1e-09, 'kernel': 'rbf', 'max_iter': 1000}, grid.best_score_=0.75, grid.best_index_=0, acc=0.75, time=0.530221700668335
05-06-2022 17:57:54|INFO|s27|10-CV=0.69167|STD=0.06509|Time spend=6.190250635147095
05-06-2022 17:57:55|INFO|Running Split-First
05-06-2022 17:57:55|INFO|X.shape=(120, 496), y.shape=(120,), groups.shape=(120,)
05-06-2022 17:57:55|INFO|Is groups None: True 
05-06-2022 17:57:56|INFO|1/10|grid.best_params_={'C': 100000000.0, 'gamma': 1e-09, 'kernel': 'rbf', 'max_iter': 1000}, grid.best_score_=0.6666666666666667, grid.best_index_=35, acc=0.8333333333333334, time=0.5719740390777588
05-06-2022 17:57:56|INFO|Is groups None: True 
05-06-2022 17:57:57|INFO|2/10|grid.best_params_={'C': 100000000.0, 'gamma': 1e-09, 'kernel': 'rbf', 'max_iter': 1000}, grid.best_score_=0.712962962962963, grid.best_index_=35, acc=0.6666666666666666, time=0.5937290191650391
05-06-2022 17:57:57|INFO|Is groups None: True 
05-06-2022 17:57:57|INFO|3/10|grid.best_params_={'C': 100.0, 'gamma': 0.001, 'kernel': 'rbf', 'max_iter': 1000}, grid.best_score_=0.7037037037037037, grid.best_index_=17, acc=0.5833333333333334, time=0.5888619422912598
05-06-2022 17:57:57|INFO|Is groups None: True 
05-06-2022 17:57:58|INFO|4/10|grid.best_params_={'C': 10000000000.0, 'gamma': 1e-09, 'kernel': 'rbf', 'max_iter': 1000}, grid.best_score_=0.7129629629629629, grid.best_index_=42, acc=0.5, time=0.6250829696655273
05-06-2022 17:57:58|INFO|Is groups None: True 
05-06-2022 17:57:58|INFO|5/10|grid.best_params_={'C': 100.0, 'gamma': 0.001, 'kernel': 'rbf', 'max_iter': 1000}, grid.best_score_=0.712962962962963, grid.best_index_=17, acc=0.5, time=0.5807890892028809
05-06-2022 17:57:58|INFO|Is groups None: True 
05-06-2022 17:57:59|INFO|6/10|grid.best_params_={'C': 1000000.0, 'gamma': 1e-07, 'kernel': 'rbf', 'max_iter': 1000}, grid.best_score_=0.712962962962963, grid.best_index_=29, acc=0.5, time=0.5354814529418945
05-06-2022 17:57:59|INFO|Is groups None: True 
05-06-2022 17:58:00|INFO|7/10|grid.best_params_={'C': 10000000000.0, 'gamma': 1e-09, 'kernel': 'rbf', 'max_iter': 1000}, grid.best_score_=0.7407407407407407, grid.best_index_=42, acc=0.6666666666666666, time=0.5611236095428467
05-06-2022 17:58:00|INFO|Is groups None: True 
05-06-2022 17:58:00|INFO|8/10|grid.best_params_={'C': 100.0, 'gamma': 0.001, 'kernel': 'rbf', 'max_iter': 1000}, grid.best_score_=0.7777777777777777, grid.best_index_=17, acc=0.5833333333333334, time=0.5656702518463135
05-06-2022 17:58:00|INFO|Is groups None: True 
05-06-2022 17:58:01|INFO|9/10|grid.best_params_={'C': 100000000.0, 'gamma': 1e-09, 'kernel': 'rbf', 'max_iter': 1000}, grid.best_score_=0.75, grid.best_index_=35, acc=0.5833333333333334, time=0.627732515335083
05-06-2022 17:58:01|INFO|Is groups None: True 
05-06-2022 17:58:01|INFO|10/10|grid.best_params_={'C': 100.0, 'gamma': 0.001, 'kernel': 'rbf', 'max_iter': 1000}, grid.best_score_=0.7407407407407407, grid.best_index_=17, acc=0.4166666666666667, time=0.5256125926971436
05-06-2022 17:58:01|INFO|s28|10-CV=0.58333|STD=0.11180|Time spend=7.352991819381714
05-06-2022 17:58:03|INFO|Running Split-First
05-06-2022 17:58:03|INFO|X.shape=(120, 496), y.shape=(120,), groups.shape=(120,)
05-06-2022 17:58:03|INFO|Is groups None: True 
05-06-2022 17:58:04|INFO|1/10|grid.best_params_={'C': 100.0, 'gamma': 1e-05, 'kernel': 'rbf', 'max_iter': 1000}, grid.best_score_=0.7962962962962963, grid.best_index_=16, acc=0.5833333333333334, time=0.7146475315093994
05-06-2022 17:58:04|INFO|Is groups None: True 
05-06-2022 17:58:04|INFO|2/10|grid.best_params_={'C': 100000000.0, 'gamma': 1e-07, 'kernel': 'rbf', 'max_iter': 1000}, grid.best_score_=0.7499999999999999, grid.best_index_=36, acc=0.5, time=0.5170962810516357
05-06-2022 17:58:04|INFO|Is groups None: True 
05-06-2022 17:58:05|INFO|3/10|grid.best_params_={'C': 1000000.0, 'gamma': 1e-05, 'kernel': 'rbf', 'max_iter': 1000}, grid.best_score_=0.7500000000000001, grid.best_index_=30, acc=0.8333333333333334, time=0.531857967376709
05-06-2022 17:58:05|INFO|Is groups None: True 
05-06-2022 17:58:05|INFO|4/10|grid.best_params_={'C': 100.0, 'gamma': 1e-05, 'kernel': 'rbf', 'max_iter': 1000}, grid.best_score_=0.7685185185185186, grid.best_index_=16, acc=0.8333333333333334, time=0.5020766258239746
05-06-2022 17:58:05|INFO|Is groups None: True 
05-06-2022 17:58:06|INFO|5/10|grid.best_params_={'C': 10000.0, 'gamma': 1e-05, 'kernel': 'rbf', 'max_iter': 1000}, grid.best_score_=0.7870370370370371, grid.best_index_=23, acc=0.8333333333333334, time=0.5380978584289551
05-06-2022 17:58:06|INFO|Is groups None: True 
05-06-2022 17:58:06|INFO|6/10|grid.best_params_={'C': 100.0, 'gamma': 1e-05, 'kernel': 'rbf', 'max_iter': 1000}, grid.best_score_=0.7314814814814814, grid.best_index_=16, acc=0.75, time=0.506648063659668
05-06-2022 17:58:06|INFO|Is groups None: True 
05-06-2022 17:58:07|INFO|7/10|grid.best_params_={'C': 10000.0, 'gamma': 1e-07, 'kernel': 'rbf', 'max_iter': 1000}, grid.best_score_=0.787037037037037, grid.best_index_=22, acc=0.6666666666666666, time=0.49671030044555664
05-06-2022 17:58:07|INFO|Is groups None: True 
05-06-2022 17:58:07|INFO|8/10|grid.best_params_={'C': 100.0, 'gamma': 1e-05, 'kernel': 'rbf', 'max_iter': 1000}, grid.best_score_=0.7222222222222222, grid.best_index_=16, acc=0.75, time=0.5049729347229004
05-06-2022 17:58:07|INFO|Is groups None: True 
05-06-2022 17:58:08|INFO|9/10|grid.best_params_={'C': 100.0, 'gamma': 1e-05, 'kernel': 'rbf', 'max_iter': 1000}, grid.best_score_=0.7222222222222222, grid.best_index_=16, acc=0.8333333333333334, time=0.5243782997131348
05-06-2022 17:58:08|INFO|Is groups None: True 
05-06-2022 17:58:08|INFO|10/10|grid.best_params_={'C': 100.0, 'gamma': 1e-05, 'kernel': 'rbf', 'max_iter': 1000}, grid.best_score_=0.7407407407407407, grid.best_index_=16, acc=0.5833333333333334, time=0.5291094779968262
05-06-2022 17:58:08|INFO|s29|10-CV=0.71667|STD=0.11902|Time spend=6.9483962059021
05-06-2022 17:58:10|INFO|Running Split-First
05-06-2022 17:58:10|INFO|X.shape=(120, 496), y.shape=(120,), groups.shape=(120,)
05-06-2022 17:58:10|INFO|Is groups None: True 
05-06-2022 17:58:11|INFO|1/10|grid.best_params_={'C': 100.0, 'gamma': 0.001, 'kernel': 'rbf', 'max_iter': 1000}, grid.best_score_=0.7314814814814815, grid.best_index_=17, acc=0.5, time=0.6537642478942871
05-06-2022 17:58:11|INFO|Is groups None: True 
05-06-2022 17:58:11|INFO|2/10|grid.best_params_={'C': 0.01, 'gamma': 1e-09, 'kernel': 'rbf', 'max_iter': 1000}, grid.best_score_=0.6759259259259259, grid.best_index_=0, acc=0.6666666666666666, time=0.4349634647369385
05-06-2022 17:58:11|INFO|Is groups None: True 
05-06-2022 17:58:11|INFO|3/10|grid.best_params_={'C': 10000.0, 'gamma': 1e-05, 'kernel': 'rbf', 'max_iter': 1000}, grid.best_score_=0.6944444444444445, grid.best_index_=23, acc=0.6666666666666666, time=0.4760110378265381
05-06-2022 17:58:11|INFO|Is groups None: True 
05-06-2022 17:58:12|INFO|4/10|grid.best_params_={'C': 0.01, 'gamma': 1e-09, 'kernel': 'rbf', 'max_iter': 1000}, grid.best_score_=0.6759259259259259, grid.best_index_=0, acc=0.6666666666666666, time=0.5078709125518799
05-06-2022 17:58:12|INFO|Is groups None: True 
05-06-2022 17:58:13|INFO|5/10|grid.best_params_={'C': 0.01, 'gamma': 1e-09, 'kernel': 'rbf', 'max_iter': 1000}, grid.best_score_=0.6759259259259259, grid.best_index_=0, acc=0.6666666666666666, time=0.5156564712524414
05-06-2022 17:58:13|INFO|Is groups None: True 
05-06-2022 17:58:13|INFO|6/10|grid.best_params_={'C': 100.0, 'gamma': 0.001, 'kernel': 'rbf', 'max_iter': 1000}, grid.best_score_=0.712962962962963, grid.best_index_=17, acc=0.4166666666666667, time=0.5218558311462402
05-06-2022 17:58:13|INFO|Is groups None: True 
05-06-2022 17:58:14|INFO|7/10|grid.best_params_={'C': 1000000.0, 'gamma': 1e-07, 'kernel': 'rbf', 'max_iter': 1000}, grid.best_score_=0.7222222222222222, grid.best_index_=29, acc=0.6666666666666666, time=0.505094051361084
05-06-2022 17:58:14|INFO|Is groups None: True 
05-06-2022 17:58:14|INFO|8/10|grid.best_params_={'C': 100000000.0, 'gamma': 1e-09, 'kernel': 'rbf', 'max_iter': 1000}, grid.best_score_=0.7129629629629629, grid.best_index_=35, acc=0.6666666666666666, time=0.48609209060668945
05-06-2022 17:58:14|INFO|Is groups None: True 
05-06-2022 17:58:15|INFO|9/10|grid.best_params_={'C': 1000000.0, 'gamma': 1e-07, 'kernel': 'rbf', 'max_iter': 1000}, grid.best_score_=0.7407407407407408, grid.best_index_=29, acc=0.5833333333333334, time=0.5980346202850342
05-06-2022 17:58:15|INFO|Is groups None: True 
05-06-2022 17:58:15|INFO|10/10|grid.best_params_={'C': 100000000.0, 'gamma': 1e-09, 'kernel': 'rbf', 'max_iter': 1000}, grid.best_score_=0.6944444444444445, grid.best_index_=35, acc=0.5833333333333334, time=0.4743306636810303
05-06-2022 17:58:15|INFO|s30|10-CV=0.60833|STD=0.08375|Time spend=6.8746113777160645
05-06-2022 17:58:16|INFO|Running Split-First
05-06-2022 17:58:16|INFO|X.shape=(120, 496), y.shape=(120,), groups.shape=(120,)
05-06-2022 17:58:16|INFO|Is groups None: True 
05-06-2022 17:58:17|INFO|1/10|grid.best_params_={'C': 1000000.0, 'gamma': 1e-07, 'kernel': 'rbf', 'max_iter': 1000}, grid.best_score_=0.6018518518518517, grid.best_index_=29, acc=0.3333333333333333, time=0.44509458541870117
05-06-2022 17:58:17|INFO|Is groups None: True 
05-06-2022 17:58:17|INFO|2/10|grid.best_params_={'C': 10000.0, 'gamma': 1e-05, 'kernel': 'rbf', 'max_iter': 1000}, grid.best_score_=0.6666666666666666, grid.best_index_=23, acc=0.5, time=0.5703544616699219
05-06-2022 17:58:17|INFO|Is groups None: True 
05-06-2022 17:58:18|INFO|3/10|grid.best_params_={'C': 10000.0, 'gamma': 1e-05, 'kernel': 'rbf', 'max_iter': 1000}, grid.best_score_=0.6296296296296297, grid.best_index_=23, acc=0.5833333333333334, time=0.4902355670928955
05-06-2022 17:58:18|INFO|Is groups None: True 
05-06-2022 17:58:18|INFO|4/10|grid.best_params_={'C': 1000000.0, 'gamma': 1e-07, 'kernel': 'rbf', 'max_iter': 1000}, grid.best_score_=0.6203703703703703, grid.best_index_=29, acc=0.4166666666666667, time=0.4972045421600342
05-06-2022 17:58:18|INFO|Is groups None: True 
05-06-2022 17:58:19|INFO|5/10|grid.best_params_={'C': 100000000.0, 'gamma': 1e-07, 'kernel': 'rbf', 'max_iter': 1000}, grid.best_score_=0.6481481481481481, grid.best_index_=36, acc=0.6666666666666666, time=0.6092767715454102
05-06-2022 17:58:19|INFO|Is groups None: True 
05-06-2022 17:58:19|INFO|6/10|grid.best_params_={'C': 1000000.0, 'gamma': 1e-05, 'kernel': 'rbf', 'max_iter': 1000}, grid.best_score_=0.6111111111111112, grid.best_index_=30, acc=0.5, time=0.4790377616882324
05-06-2022 17:58:19|INFO|Is groups None: True 
05-06-2022 17:58:20|INFO|7/10|grid.best_params_={'C': 1000000.0, 'gamma': 1e-07, 'kernel': 'rbf', 'max_iter': 1000}, grid.best_score_=0.638888888888889, grid.best_index_=29, acc=0.75, time=0.5069012641906738
05-06-2022 17:58:20|INFO|Is groups None: True 
05-06-2022 17:58:21|INFO|8/10|grid.best_params_={'C': 100.0, 'gamma': 0.001, 'kernel': 'rbf', 'max_iter': 1000}, grid.best_score_=0.5925925925925926, grid.best_index_=17, acc=0.5833333333333334, time=0.591911792755127
05-06-2022 17:58:21|INFO|Is groups None: True 
05-06-2022 17:58:21|INFO|9/10|grid.best_params_={'C': 0.01, 'gamma': 1e-09, 'kernel': 'rbf', 'max_iter': 1000}, grid.best_score_=0.5740740740740741, grid.best_index_=0, acc=0.5833333333333334, time=0.5120859146118164
05-06-2022 17:58:21|INFO|Is groups None: True 
05-06-2022 17:58:22|INFO|10/10|grid.best_params_={'C': 0.01, 'gamma': 1e-09, 'kernel': 'rbf', 'max_iter': 1000}, grid.best_score_=0.5833333333333334, grid.best_index_=0, acc=0.5, time=0.49809956550598145
05-06-2022 17:58:22|INFO|s31|10-CV=0.54167|STD=0.11335|Time spend=6.47196626663208
05-06-2022 17:58:23|INFO|Running Split-First
05-06-2022 17:58:23|INFO|X.shape=(120, 496), y.shape=(120,), groups.shape=(120,)
05-06-2022 17:58:23|INFO|Is groups None: True 
05-06-2022 17:58:23|INFO|1/10|grid.best_params_={'C': 1000000.0, 'gamma': 1e-09, 'kernel': 'rbf', 'max_iter': 1000}, grid.best_score_=0.7685185185185186, grid.best_index_=28, acc=0.5833333333333334, time=0.5014605522155762
05-06-2022 17:58:23|INFO|Is groups None: True 
05-06-2022 17:58:24|INFO|2/10|grid.best_params_={'C': 0.01, 'gamma': 0.001, 'kernel': 'rbf', 'max_iter': 1000}, grid.best_score_=0.7314814814814814, grid.best_index_=3, acc=0.75, time=0.5377335548400879
05-06-2022 17:58:24|INFO|Is groups None: True 
05-06-2022 17:58:24|INFO|3/10|grid.best_params_={'C': 10000000000.0, 'gamma': 1e-09, 'kernel': 'rbf', 'max_iter': 1000}, grid.best_score_=0.7499999999999999, grid.best_index_=42, acc=0.6666666666666666, time=0.49063611030578613
05-06-2022 17:58:24|INFO|Is groups None: True 
05-06-2022 17:58:25|INFO|4/10|grid.best_params_={'C': 10000000000.0, 'gamma': 1e-09, 'kernel': 'rbf', 'max_iter': 1000}, grid.best_score_=0.7592592592592592, grid.best_index_=42, acc=0.75, time=0.48643040657043457
05-06-2022 17:58:25|INFO|Is groups None: True 
05-06-2022 17:58:25|INFO|5/10|grid.best_params_={'C': 1.0, 'gamma': 0.001, 'kernel': 'rbf', 'max_iter': 1000}, grid.best_score_=0.7407407407407408, grid.best_index_=10, acc=0.6666666666666666, time=0.4890859127044678
05-06-2022 17:58:25|INFO|Is groups None: True 
05-06-2022 17:58:26|INFO|6/10|grid.best_params_={'C': 10000000000.0, 'gamma': 1e-09, 'kernel': 'rbf', 'max_iter': 1000}, grid.best_score_=0.7685185185185186, grid.best_index_=42, acc=0.6666666666666666, time=0.518834114074707
05-06-2022 17:58:26|INFO|Is groups None: True 
05-06-2022 17:58:26|INFO|7/10|grid.best_params_={'C': 100000000.0, 'gamma': 1e-09, 'kernel': 'rbf', 'max_iter': 1000}, grid.best_score_=0.7500000000000001, grid.best_index_=35, acc=0.6666666666666666, time=0.5251610279083252
05-06-2022 17:58:26|INFO|Is groups None: True 
05-06-2022 17:58:27|INFO|8/10|grid.best_params_={'C': 100.0, 'gamma': 1e-05, 'kernel': 'rbf', 'max_iter': 1000}, grid.best_score_=0.7592592592592592, grid.best_index_=16, acc=0.75, time=0.48470640182495117
05-06-2022 17:58:27|INFO|Is groups None: True 
05-06-2022 17:58:27|INFO|9/10|grid.best_params_={'C': 0.01, 'gamma': 0.001, 'kernel': 'rbf', 'max_iter': 1000}, grid.best_score_=0.7407407407407408, grid.best_index_=3, acc=0.6666666666666666, time=0.5255188941955566
05-06-2022 17:58:27|INFO|Is groups None: True 
05-06-2022 17:58:28|INFO|10/10|grid.best_params_={'C': 1.0, 'gamma': 0.001, 'kernel': 'rbf', 'max_iter': 1000}, grid.best_score_=0.7314814814814815, grid.best_index_=10, acc=0.8333333333333334, time=0.49868106842041016
05-06-2022 17:58:28|INFO|s32|10-CV=0.70000|STD=0.06667|Time spend=6.12278413772583
05-06-2022 17:58:28|INFO|final|10-CV=0.65078|STD=0.03309
