07-06-2022 18:26:17|INFO|
    Running Command: 
        python3 main-ml.py --subject_setup dependent --experimental_setup trial --stimuli_class valence --preprocessing PCC_TIME --segment_lenght 1 --output_log ./output/dependent-trial-valence-PCC_TIME-1.log
    Starting training:
        segment_lenght:  1
        output_log:      ./output/dependent-trial-valence-PCC_TIME-1.log
        stimuli_class:   valence
        preprocessing:   PCC_TIME
        subject_setup:   dependent
        experimental_setup: trial
    
07-06-2022 18:26:23|INFO|Running Segment-First
07-06-2022 18:26:23|INFO|X.shape=(2400, 496), y.shape=(2400,), groups.shape=(2400,)
07-06-2022 18:26:23|INFO|Is groups None: False 
07-06-2022 18:30:31|INFO|grid.best_params_={'C': 1.0, 'gamma': 0.1, 'kernel': 'rbf', 'max_iter': 1000}, grid.best_score_=0.5300925925925926, grid.best_index_=11, acc=0.48333333333333334, time=248.5178565979004
07-06-2022 18:30:31|INFO|Is groups None: False 
07-06-2022 18:34:23|INFO|grid.best_params_={'C': 1.0, 'gamma': 0.1, 'kernel': 'rbf', 'max_iter': 1000}, grid.best_score_=0.5277777777777778, grid.best_index_=11, acc=0.5416666666666666, time=231.97210049629211
07-06-2022 18:34:23|INFO|Is groups None: False 
07-06-2022 18:38:13|INFO|grid.best_params_={'C': 1000000.0, 'gamma': 1e-07, 'kernel': 'rbf', 'max_iter': 1000}, grid.best_score_=0.5162037037037037, grid.best_index_=29, acc=0.525, time=229.99523091316223
07-06-2022 18:38:13|INFO|Is groups None: False 
07-06-2022 18:42:05|INFO|grid.best_params_={'C': 1.0, 'gamma': 0.1, 'kernel': 'rbf', 'max_iter': 1000}, grid.best_score_=0.5291666666666667, grid.best_index_=11, acc=0.49583333333333335, time=231.8147156238556
07-06-2022 18:42:05|INFO|Is groups None: False 
07-06-2022 18:45:57|INFO|grid.best_params_={'C': 0.01, 'gamma': 0.1, 'kernel': 'rbf', 'max_iter': 1000}, grid.best_score_=0.5310185185185186, grid.best_index_=4, acc=0.4875, time=232.14787888526917
07-06-2022 18:45:57|INFO|Is groups None: False 
07-06-2022 18:49:47|INFO|grid.best_params_={'C': 100.0, 'gamma': 0.001, 'kernel': 'rbf', 'max_iter': 1000}, grid.best_score_=0.5240740740740741, grid.best_index_=17, acc=0.44166666666666665, time=230.08428978919983
07-06-2022 18:49:47|INFO|Is groups None: False 
07-06-2022 18:53:39|INFO|grid.best_params_={'C': 10000.0, 'gamma': 1e-05, 'kernel': 'rbf', 'max_iter': 1000}, grid.best_score_=0.5175925925925926, grid.best_index_=23, acc=0.5375, time=231.67339777946472
07-06-2022 18:53:39|INFO|Is groups None: False 
07-06-2022 18:57:34|INFO|grid.best_params_={'C': 100.0, 'gamma': 1e-05, 'kernel': 'rbf', 'max_iter': 1000}, grid.best_score_=0.5643518518518519, grid.best_index_=16, acc=0.36666666666666664, time=234.75386834144592
07-06-2022 18:57:34|INFO|Is groups None: False 
07-06-2022 19:01:23|INFO|grid.best_params_={'C': 1.0, 'gamma': 0.001, 'kernel': 'rbf', 'max_iter': 1000}, grid.best_score_=0.5226851851851851, grid.best_index_=10, acc=0.375, time=229.83685159683228
07-06-2022 19:01:23|INFO|Is groups None: False 
07-06-2022 19:05:15|INFO|grid.best_params_={'C': 1.0, 'gamma': 0.1, 'kernel': 'rbf', 'max_iter': 1000}, grid.best_score_=0.5337962962962962, grid.best_index_=11, acc=0.475, time=231.72079992294312
07-06-2022 19:05:15|INFO|s01|10-CV=0.47292|STD=0.05858|Time spend=2337.7019827365875
07-06-2022 19:05:21|INFO|Running Segment-First
07-06-2022 19:05:21|INFO|X.shape=(2400, 496), y.shape=(2400,), groups.shape=(2400,)
07-06-2022 19:05:21|INFO|Is groups None: False 
07-06-2022 19:08:42|INFO|grid.best_params_={'C': 1000000.0, 'gamma': 1e-07, 'kernel': 'rbf', 'max_iter': 1000}, grid.best_score_=0.574537037037037, grid.best_index_=29, acc=0.4166666666666667, time=200.80038404464722
07-06-2022 19:08:42|INFO|Is groups None: False 
07-06-2022 19:12:01|INFO|grid.best_params_={'C': 0.01, 'gamma': 10.0, 'kernel': 'rbf', 'max_iter': 1000}, grid.best_score_=0.5555555555555556, grid.best_index_=5, acc=0.5, time=199.40344738960266
07-06-2022 19:12:01|INFO|Is groups None: False 
07-06-2022 19:15:21|INFO|grid.best_params_={'C': 10000000000.0, 'gamma': 1e-09, 'kernel': 'rbf', 'max_iter': 1000}, grid.best_score_=0.5587962962962963, grid.best_index_=42, acc=0.5166666666666667, time=200.37889218330383
07-06-2022 19:15:21|INFO|Is groups None: False 
07-06-2022 19:18:39|INFO|grid.best_params_={'C': 100000000.0, 'gamma': 1e-09, 'kernel': 'rbf', 'max_iter': 1000}, grid.best_score_=0.5925925925925926, grid.best_index_=35, acc=0.5333333333333333, time=197.74549388885498
07-06-2022 19:18:39|INFO|Is groups None: False 
07-06-2022 19:22:00|INFO|grid.best_params_={'C': 10000000000.0, 'gamma': 1e-09, 'kernel': 'rbf', 'max_iter': 1000}, grid.best_score_=0.5722222222222222, grid.best_index_=42, acc=0.6333333333333333, time=201.01155495643616
07-06-2022 19:22:00|INFO|Is groups None: False 
07-06-2022 19:25:22|INFO|grid.best_params_={'C': 1000000.0, 'gamma': 1e-09, 'kernel': 'rbf', 'max_iter': 1000}, grid.best_score_=0.561141975308642, grid.best_index_=28, acc=0.7208333333333333, time=201.37320065498352
07-06-2022 19:25:22|INFO|Is groups None: False 
07-06-2022 19:28:39|INFO|grid.best_params_={'C': 1000000.0, 'gamma': 1e-07, 'kernel': 'rbf', 'max_iter': 1000}, grid.best_score_=0.5634259259259259, grid.best_index_=29, acc=0.5, time=197.85095047950745
07-06-2022 19:28:39|INFO|Is groups None: False 
07-06-2022 19:31:57|INFO|grid.best_params_={'C': 10000000000.0, 'gamma': 1e-09, 'kernel': 'rbf', 'max_iter': 1000}, grid.best_score_=0.5694444444444444, grid.best_index_=42, acc=0.55, time=197.7546730041504
07-06-2022 19:31:57|INFO|Is groups None: False 
07-06-2022 19:35:21|INFO|grid.best_params_={'C': 100.0, 'gamma': 1e-05, 'kernel': 'rbf', 'max_iter': 1000}, grid.best_score_=0.5578703703703703, grid.best_index_=16, acc=0.6583333333333333, time=204.01079750061035
07-06-2022 19:35:21|INFO|Is groups None: False 
07-06-2022 19:38:38|INFO|grid.best_params_={'C': 1000000.0, 'gamma': 1e-09, 'kernel': 'rbf', 'max_iter': 1000}, grid.best_score_=0.6296296296296297, grid.best_index_=28, acc=0.44166666666666665, time=197.22832036018372
07-06-2022 19:38:39|INFO|s02|10-CV=0.54708|STD=0.09148|Time spend=2003.3409297466278
07-06-2022 19:38:44|INFO|Running Segment-First
07-06-2022 19:38:44|INFO|X.shape=(2400, 496), y.shape=(2400,), groups.shape=(2400,)
07-06-2022 19:38:44|INFO|Is groups None: False 
07-06-2022 19:42:18|INFO|grid.best_params_={'C': 1000000.0, 'gamma': 1e-07, 'kernel': 'rbf', 'max_iter': 1000}, grid.best_score_=0.5587962962962963, grid.best_index_=29, acc=0.5333333333333333, time=213.9821994304657
07-06-2022 19:42:18|INFO|Is groups None: False 
07-06-2022 19:45:53|INFO|grid.best_params_={'C': 100000000.0, 'gamma': 1e-07, 'kernel': 'rbf', 'max_iter': 1000}, grid.best_score_=0.5796296296296296, grid.best_index_=36, acc=0.4583333333333333, time=214.54204773902893
07-06-2022 19:45:53|INFO|Is groups None: False 
07-06-2022 19:49:27|INFO|grid.best_params_={'C': 0.01, 'gamma': 1e-09, 'kernel': 'rbf', 'max_iter': 1000}, grid.best_score_=0.5555555555555556, grid.best_index_=0, acc=0.5, time=214.47976875305176
07-06-2022 19:49:27|INFO|Is groups None: False 
07-06-2022 19:53:05|INFO|grid.best_params_={'C': 10000000000.0, 'gamma': 1e-07, 'kernel': 'rbf', 'max_iter': 1000}, grid.best_score_=0.5462345679012346, grid.best_index_=43, acc=0.5875, time=217.4895532131195
07-06-2022 19:53:05|INFO|Is groups None: False 
07-06-2022 19:56:39|INFO|grid.best_params_={'C': 0.01, 'gamma': 1e-09, 'kernel': 'rbf', 'max_iter': 1000}, grid.best_score_=0.5555555555555556, grid.best_index_=0, acc=0.5, time=214.6133120059967
07-06-2022 19:56:39|INFO|Is groups None: False 
07-06-2022 20:00:11|INFO|grid.best_params_={'C': 1000000.0, 'gamma': 1e-07, 'kernel': 'rbf', 'max_iter': 1000}, grid.best_score_=0.5666666666666667, grid.best_index_=29, acc=0.5208333333333334, time=212.2225570678711
07-06-2022 20:00:11|INFO|Is groups None: False 
07-06-2022 20:03:45|INFO|grid.best_params_={'C': 100000000.0, 'gamma': 1e-09, 'kernel': 'rbf', 'max_iter': 1000}, grid.best_score_=0.5569444444444445, grid.best_index_=35, acc=0.45416666666666666, time=213.53258061408997
07-06-2022 20:03:45|INFO|Is groups None: False 
07-06-2022 20:07:20|INFO|grid.best_params_={'C': 0.01, 'gamma': 1000.0, 'kernel': 'rbf', 'max_iter': 1000}, grid.best_score_=0.5550925925925926, grid.best_index_=6, acc=0.5, time=215.23112058639526
07-06-2022 20:07:20|INFO|Is groups None: False 
07-06-2022 20:11:01|INFO|grid.best_params_={'C': 100000000.0, 'gamma': 1e-09, 'kernel': 'rbf', 'max_iter': 1000}, grid.best_score_=0.5614197530864198, grid.best_index_=35, acc=0.5708333333333333, time=220.28891611099243
07-06-2022 20:11:01|INFO|Is groups None: False 
07-06-2022 20:14:32|INFO|grid.best_params_={'C': 10000000000.0, 'gamma': 1e-09, 'kernel': 'rbf', 'max_iter': 1000}, grid.best_score_=0.5583333333333333, grid.best_index_=42, acc=0.42916666666666664, time=211.77428770065308
07-06-2022 20:14:32|INFO|s03|10-CV=0.50542|STD=0.04773|Time spend=2153.813645839691
07-06-2022 20:14:38|INFO|Running Segment-First
07-06-2022 20:14:38|INFO|X.shape=(2400, 496), y.shape=(2400,), groups.shape=(2400,)
07-06-2022 20:14:38|INFO|Is groups None: False 
07-06-2022 20:17:46|INFO|grid.best_params_={'C': 1.0, 'gamma': 10.0, 'kernel': 'rbf', 'max_iter': 1000}, grid.best_score_=0.6120370370370369, grid.best_index_=12, acc=0.5, time=187.53188157081604
07-06-2022 20:17:46|INFO|Is groups None: False 
07-06-2022 20:20:55|INFO|grid.best_params_={'C': 10000000000.0, 'gamma': 1e-09, 'kernel': 'rbf', 'max_iter': 1000}, grid.best_score_=0.6189814814814815, grid.best_index_=42, acc=0.4625, time=189.2315263748169
07-06-2022 20:20:55|INFO|Is groups None: False 
07-06-2022 20:24:01|INFO|grid.best_params_={'C': 1.0, 'gamma': 10.0, 'kernel': 'rbf', 'max_iter': 1000}, grid.best_score_=0.6120370370370369, grid.best_index_=12, acc=0.5, time=186.30084204673767
07-06-2022 20:24:01|INFO|Is groups None: False 
07-06-2022 20:27:11|INFO|grid.best_params_={'C': 100.0, 'gamma': 10.0, 'kernel': 'rbf', 'max_iter': 1000}, grid.best_score_=0.6124999999999999, grid.best_index_=19, acc=0.5, time=189.9557385444641
07-06-2022 20:27:11|INFO|Is groups None: False 
07-06-2022 20:30:28|INFO|grid.best_params_={'C': 1.0, 'gamma': 10.0, 'kernel': 'rbf', 'max_iter': 1000}, grid.best_score_=0.5842592592592593, grid.best_index_=12, acc=0.75, time=196.67432856559753
07-06-2022 20:30:28|INFO|Is groups None: False 
07-06-2022 20:33:42|INFO|grid.best_params_={'C': 1.0, 'gamma': 10.0, 'kernel': 'rbf', 'max_iter': 1000}, grid.best_score_=0.5842592592592593, grid.best_index_=12, acc=0.75, time=193.69826436042786
07-06-2022 20:33:42|INFO|Is groups None: False 
07-06-2022 20:36:55|INFO|grid.best_params_={'C': 1.0, 'gamma': 10.0, 'kernel': 'rbf', 'max_iter': 1000}, grid.best_score_=0.5842592592592593, grid.best_index_=12, acc=0.75, time=193.82660627365112
07-06-2022 20:36:55|INFO|Is groups None: False 
07-06-2022 20:40:03|INFO|grid.best_params_={'C': 1.0, 'gamma': 10.0, 'kernel': 'rbf', 'max_iter': 1000}, grid.best_score_=0.6120370370370369, grid.best_index_=12, acc=0.5, time=188.00170731544495
07-06-2022 20:40:03|INFO|Is groups None: False 
07-06-2022 20:43:11|INFO|grid.best_params_={'C': 1.0, 'gamma': 10.0, 'kernel': 'rbf', 'max_iter': 1000}, grid.best_score_=0.6120370370370369, grid.best_index_=12, acc=0.5, time=187.861882686615
07-06-2022 20:43:11|INFO|Is groups None: False 
07-06-2022 20:46:28|INFO|grid.best_params_={'C': 0.01, 'gamma': 1e-09, 'kernel': 'rbf', 'max_iter': 1000}, grid.best_score_=0.5833333333333334, grid.best_index_=0, acc=0.75, time=197.08951926231384
07-06-2022 20:46:28|INFO|s04|10-CV=0.59625|STD=0.12600|Time spend=1916.0765419006348
07-06-2022 20:46:34|INFO|Running Segment-First
07-06-2022 20:46:34|INFO|X.shape=(2400, 496), y.shape=(2400,), groups.shape=(2400,)
07-06-2022 20:46:34|INFO|Is groups None: False 
07-06-2022 20:50:02|INFO|grid.best_params_={'C': 0.01, 'gamma': 1e-09, 'kernel': 'rbf', 'max_iter': 1000}, grid.best_score_=0.5833333333333334, grid.best_index_=0, acc=0.75, time=207.90362882614136
07-06-2022 20:50:02|INFO|Is groups None: False 
07-06-2022 20:53:24|INFO|grid.best_params_={'C': 0.01, 'gamma': 1e-09, 'kernel': 'rbf', 'max_iter': 1000}, grid.best_score_=0.6111111111111112, grid.best_index_=0, acc=0.5, time=201.77193665504456
07-06-2022 20:53:24|INFO|Is groups None: False 
07-06-2022 20:56:54|INFO|grid.best_params_={'C': 0.01, 'gamma': 1e-09, 'kernel': 'rbf', 'max_iter': 1000}, grid.best_score_=0.5833333333333334, grid.best_index_=0, acc=0.75, time=210.52745723724365
07-06-2022 20:56:54|INFO|Is groups None: False 
07-06-2022 21:00:17|INFO|grid.best_params_={'C': 0.01, 'gamma': 1e-09, 'kernel': 'rbf', 'max_iter': 1000}, grid.best_score_=0.6111111111111112, grid.best_index_=0, acc=0.5, time=202.89051127433777
07-06-2022 21:00:17|INFO|Is groups None: False 
07-06-2022 21:03:40|INFO|grid.best_params_={'C': 0.01, 'gamma': 1e-09, 'kernel': 'rbf', 'max_iter': 1000}, grid.best_score_=0.6111111111111112, grid.best_index_=0, acc=0.5, time=202.4108350276947
07-06-2022 21:03:40|INFO|Is groups None: False 
07-06-2022 21:07:03|INFO|grid.best_params_={'C': 10000000000.0, 'gamma': 1e-09, 'kernel': 'rbf', 'max_iter': 1000}, grid.best_score_=0.6171296296296295, grid.best_index_=42, acc=0.55, time=203.05938124656677
07-06-2022 21:07:03|INFO|Is groups None: False 
07-06-2022 21:10:35|INFO|grid.best_params_={'C': 10000000000.0, 'gamma': 1e-09, 'kernel': 'rbf', 'max_iter': 1000}, grid.best_score_=0.5875, grid.best_index_=42, acc=0.7291666666666666, time=212.15610694885254
07-06-2022 21:10:35|INFO|Is groups None: False 
07-06-2022 21:13:58|INFO|grid.best_params_={'C': 0.01, 'gamma': 1e-09, 'kernel': 'rbf', 'max_iter': 1000}, grid.best_score_=0.6111111111111112, grid.best_index_=0, acc=0.5, time=202.85428261756897
07-06-2022 21:13:58|INFO|Is groups None: False 
07-06-2022 21:17:22|INFO|grid.best_params_={'C': 0.01, 'gamma': 1e-09, 'kernel': 'rbf', 'max_iter': 1000}, grid.best_score_=0.6111111111111112, grid.best_index_=0, acc=0.5, time=204.3874580860138
07-06-2022 21:17:22|INFO|Is groups None: False 
07-06-2022 21:20:52|INFO|grid.best_params_={'C': 0.01, 'gamma': 1e-09, 'kernel': 'rbf', 'max_iter': 1000}, grid.best_score_=0.5833333333333334, grid.best_index_=0, acc=0.75, time=210.34931588172913
07-06-2022 21:20:52|INFO|s05|10-CV=0.60292|STD=0.11688|Time spend=2064.0417449474335
07-06-2022 21:20:58|INFO|Running Segment-First
07-06-2022 21:20:58|INFO|X.shape=(2400, 496), y.shape=(2400,), groups.shape=(2400,)
07-06-2022 21:20:58|INFO|Is groups None: False 
07-06-2022 21:23:34|INFO|grid.best_params_={'C': 0.01, 'gamma': 1e-09, 'kernel': 'rbf', 'max_iter': 1000}, grid.best_score_=0.75, grid.best_index_=0, acc=0.75, time=156.30993795394897
07-06-2022 21:23:34|INFO|Is groups None: False 
07-06-2022 21:26:13|INFO|grid.best_params_={'C': 0.01, 'gamma': 1e-09, 'kernel': 'rbf', 'max_iter': 1000}, grid.best_score_=0.75, grid.best_index_=0, acc=0.75, time=158.06491088867188
07-06-2022 21:26:13|INFO|Is groups None: False 
07-06-2022 21:28:50|INFO|grid.best_params_={'C': 0.01, 'gamma': 1e-09, 'kernel': 'rbf', 'max_iter': 1000}, grid.best_score_=0.75, grid.best_index_=0, acc=0.75, time=157.73159742355347
07-06-2022 21:28:50|INFO|Is groups None: False 
07-06-2022 21:31:27|INFO|grid.best_params_={'C': 0.01, 'gamma': 1e-09, 'kernel': 'rbf', 'max_iter': 1000}, grid.best_score_=0.75, grid.best_index_=0, acc=0.75, time=156.31283020973206
07-06-2022 21:31:27|INFO|Is groups None: False 
07-06-2022 21:34:03|INFO|grid.best_params_={'C': 0.01, 'gamma': 1e-09, 'kernel': 'rbf', 'max_iter': 1000}, grid.best_score_=0.75, grid.best_index_=0, acc=0.75, time=156.0153510570526
07-06-2022 21:34:03|INFO|Is groups None: False 
07-06-2022 21:36:39|INFO|grid.best_params_={'C': 0.01, 'gamma': 1e-09, 'kernel': 'rbf', 'max_iter': 1000}, grid.best_score_=0.75, grid.best_index_=0, acc=0.75, time=156.7524230480194
07-06-2022 21:36:39|INFO|Is groups None: False 
07-06-2022 21:39:16|INFO|grid.best_params_={'C': 0.01, 'gamma': 1e-09, 'kernel': 'rbf', 'max_iter': 1000}, grid.best_score_=0.75, grid.best_index_=0, acc=0.75, time=156.8646023273468
07-06-2022 21:39:16|INFO|Is groups None: False 
07-06-2022 21:41:53|INFO|grid.best_params_={'C': 0.01, 'gamma': 1e-09, 'kernel': 'rbf', 'max_iter': 1000}, grid.best_score_=0.75, grid.best_index_=0, acc=0.75, time=156.36627864837646
07-06-2022 21:41:53|INFO|Is groups None: False 
07-06-2022 21:44:29|INFO|grid.best_params_={'C': 0.01, 'gamma': 1e-09, 'kernel': 'rbf', 'max_iter': 1000}, grid.best_score_=0.75, grid.best_index_=0, acc=0.75, time=155.97574663162231
07-06-2022 21:44:29|INFO|Is groups None: False 
07-06-2022 21:47:05|INFO|grid.best_params_={'C': 0.01, 'gamma': 1e-09, 'kernel': 'rbf', 'max_iter': 1000}, grid.best_score_=0.75, grid.best_index_=0, acc=0.75, time=156.87954998016357
07-06-2022 21:47:05|INFO|s06|10-CV=0.75000|STD=0.00000|Time spend=1573.0571029186249
07-06-2022 21:47:11|INFO|Running Segment-First
07-06-2022 21:47:11|INFO|X.shape=(2400, 496), y.shape=(2400,), groups.shape=(2400,)
07-06-2022 21:47:11|INFO|Is groups None: False 
07-06-2022 21:50:03|INFO|grid.best_params_={'C': 0.01, 'gamma': 1e-09, 'kernel': 'rbf', 'max_iter': 1000}, grid.best_score_=0.6944444444444444, grid.best_index_=0, acc=0.75, time=172.13869643211365
07-06-2022 21:50:03|INFO|Is groups None: False 
07-06-2022 21:52:47|INFO|grid.best_params_={'C': 0.01, 'gamma': 1e-09, 'kernel': 'rbf', 'max_iter': 1000}, grid.best_score_=0.7222222222222222, grid.best_index_=0, acc=0.5, time=163.45443296432495
07-06-2022 21:52:47|INFO|Is groups None: False 
07-06-2022 21:55:37|INFO|grid.best_params_={'C': 0.01, 'gamma': 1e-09, 'kernel': 'rbf', 'max_iter': 1000}, grid.best_score_=0.6944444444444444, grid.best_index_=0, acc=0.75, time=169.86296248435974
07-06-2022 21:55:37|INFO|Is groups None: False 
07-06-2022 21:58:19|INFO|grid.best_params_={'C': 0.01, 'gamma': 1e-09, 'kernel': 'rbf', 'max_iter': 1000}, grid.best_score_=0.7222222222222222, grid.best_index_=0, acc=0.5, time=162.2176833152771
07-06-2022 21:58:19|INFO|Is groups None: False 
07-06-2022 22:01:10|INFO|grid.best_params_={'C': 0.01, 'gamma': 1e-09, 'kernel': 'rbf', 'max_iter': 1000}, grid.best_score_=0.6944444444444444, grid.best_index_=0, acc=0.75, time=171.534099817276
07-06-2022 22:01:10|INFO|Is groups None: False 
07-06-2022 22:04:06|INFO|grid.best_params_={'C': 0.01, 'gamma': 1e-09, 'kernel': 'rbf', 'max_iter': 1000}, grid.best_score_=0.6944444444444444, grid.best_index_=0, acc=0.75, time=175.0290768146515
07-06-2022 22:04:06|INFO|Is groups None: False 
07-06-2022 22:06:58|INFO|grid.best_params_={'C': 0.01, 'gamma': 1e-09, 'kernel': 'rbf', 'max_iter': 1000}, grid.best_score_=0.6944444444444444, grid.best_index_=0, acc=0.75, time=172.9034240245819
07-06-2022 22:06:58|INFO|Is groups None: False 
07-06-2022 22:09:50|INFO|grid.best_params_={'C': 0.01, 'gamma': 1e-09, 'kernel': 'rbf', 'max_iter': 1000}, grid.best_score_=0.6944444444444444, grid.best_index_=0, acc=0.75, time=171.68171572685242
07-06-2022 22:09:50|INFO|Is groups None: False 
07-06-2022 22:12:43|INFO|grid.best_params_={'C': 0.01, 'gamma': 1e-09, 'kernel': 'rbf', 'max_iter': 1000}, grid.best_score_=0.6944444444444444, grid.best_index_=0, acc=0.75, time=172.9332411289215
07-06-2022 22:12:43|INFO|Is groups None: False 
07-06-2022 22:15:33|INFO|grid.best_params_={'C': 0.01, 'gamma': 1e-09, 'kernel': 'rbf', 'max_iter': 1000}, grid.best_score_=0.6944444444444444, grid.best_index_=0, acc=0.75, time=170.05574226379395
07-06-2022 22:15:33|INFO|s07|10-CV=0.70000|STD=0.10000|Time spend=1707.624984741211
07-06-2022 22:15:39|INFO|Running Segment-First
07-06-2022 22:15:39|INFO|X.shape=(2400, 496), y.shape=(2400,), groups.shape=(2400,)
07-06-2022 22:15:39|INFO|Is groups None: False 
07-06-2022 22:19:22|INFO|grid.best_params_={'C': 100000000.0, 'gamma': 1e-09, 'kernel': 'rbf', 'max_iter': 1000}, grid.best_score_=0.5675925925925925, grid.best_index_=35, acc=0.4791666666666667, time=223.27806878089905
07-06-2022 22:19:22|INFO|Is groups None: False 
07-06-2022 22:23:05|INFO|grid.best_params_={'C': 1.0, 'gamma': 0.1, 'kernel': 'rbf', 'max_iter': 1000}, grid.best_score_=0.5578703703703703, grid.best_index_=11, acc=0.5125, time=222.95820474624634
07-06-2022 22:23:05|INFO|Is groups None: False 
07-06-2022 22:26:49|INFO|grid.best_params_={'C': 100.0, 'gamma': 0.1, 'kernel': 'rbf', 'max_iter': 1000}, grid.best_score_=0.5611111111111112, grid.best_index_=18, acc=0.525, time=223.80041980743408
07-06-2022 22:26:49|INFO|Is groups None: False 
07-06-2022 22:30:29|INFO|grid.best_params_={'C': 10000000000.0, 'gamma': 1e-09, 'kernel': 'rbf', 'max_iter': 1000}, grid.best_score_=0.5824074074074075, grid.best_index_=42, acc=0.4708333333333333, time=220.33100080490112
07-06-2022 22:30:29|INFO|Is groups None: False 
07-06-2022 22:34:11|INFO|grid.best_params_={'C': 100000000.0, 'gamma': 1e-07, 'kernel': 'rbf', 'max_iter': 1000}, grid.best_score_=0.5606481481481481, grid.best_index_=36, acc=0.44166666666666665, time=221.43351125717163
07-06-2022 22:34:11|INFO|Is groups None: False 
07-06-2022 22:37:58|INFO|grid.best_params_={'C': 10000000000.0, 'gamma': 1e-09, 'kernel': 'rbf', 'max_iter': 1000}, grid.best_score_=0.5412654320987654, grid.best_index_=42, acc=0.48333333333333334, time=227.6914484500885
07-06-2022 22:37:58|INFO|Is groups None: False 
07-06-2022 22:41:41|INFO|grid.best_params_={'C': 100.0, 'gamma': 0.1, 'kernel': 'rbf', 'max_iter': 1000}, grid.best_score_=0.5606481481481481, grid.best_index_=18, acc=0.5083333333333333, time=222.36064767837524
07-06-2022 22:41:41|INFO|Is groups None: False 
07-06-2022 22:45:28|INFO|grid.best_params_={'C': 100000000.0, 'gamma': 1e-09, 'kernel': 'rbf', 'max_iter': 1000}, grid.best_score_=0.5361111111111111, grid.best_index_=35, acc=0.6, time=227.46922373771667
07-06-2022 22:45:28|INFO|Is groups None: False 
07-06-2022 22:49:12|INFO|grid.best_params_={'C': 0.01, 'gamma': 1000.0, 'kernel': 'rbf', 'max_iter': 1000}, grid.best_score_=0.5555555555555556, grid.best_index_=6, acc=0.5, time=223.73025178909302
07-06-2022 22:49:12|INFO|Is groups None: False 
07-06-2022 22:52:52|INFO|grid.best_params_={'C': 100000000.0, 'gamma': 1e-09, 'kernel': 'rbf', 'max_iter': 1000}, grid.best_score_=0.5828703703703704, grid.best_index_=35, acc=0.49166666666666664, time=219.97319340705872
07-06-2022 22:52:52|INFO|s08|10-CV=0.50125|STD=0.03984|Time spend=2238.8910920619965
07-06-2022 22:52:58|INFO|Running Segment-First
07-06-2022 22:52:58|INFO|X.shape=(2400, 496), y.shape=(2400,), groups.shape=(2400,)
07-06-2022 22:52:58|INFO|Is groups None: False 
07-06-2022 22:56:30|INFO|grid.best_params_={'C': 10000000000.0, 'gamma': 1e-09, 'kernel': 'rbf', 'max_iter': 1000}, grid.best_score_=0.6388888888888888, grid.best_index_=42, acc=0.7458333333333333, time=212.3779489994049
07-06-2022 22:56:30|INFO|Is groups None: False 
07-06-2022 23:00:02|INFO|grid.best_params_={'C': 1.0, 'gamma': 0.001, 'kernel': 'rbf', 'max_iter': 1000}, grid.best_score_=0.6166666666666667, grid.best_index_=10, acc=0.6208333333333333, time=211.4687647819519
07-06-2022 23:00:02|INFO|Is groups None: False 
07-06-2022 23:03:32|INFO|grid.best_params_={'C': 100000000.0, 'gamma': 1e-09, 'kernel': 'rbf', 'max_iter': 1000}, grid.best_score_=0.6694444444444444, grid.best_index_=35, acc=0.5416666666666666, time=210.2515139579773
07-06-2022 23:03:32|INFO|Is groups None: False 
07-06-2022 23:07:03|INFO|grid.best_params_={'C': 10000000000.0, 'gamma': 1e-09, 'kernel': 'rbf', 'max_iter': 1000}, grid.best_score_=0.6305555555555555, grid.best_index_=42, acc=0.7375, time=211.1431667804718
07-06-2022 23:07:03|INFO|Is groups None: False 
07-06-2022 23:10:32|INFO|grid.best_params_={'C': 100000000.0, 'gamma': 1e-09, 'kernel': 'rbf', 'max_iter': 1000}, grid.best_score_=0.6337962962962963, grid.best_index_=35, acc=0.7416666666666667, time=208.78644371032715
07-06-2022 23:10:32|INFO|Is groups None: False 
07-06-2022 23:14:02|INFO|grid.best_params_={'C': 100000000.0, 'gamma': 1e-09, 'kernel': 'rbf', 'max_iter': 1000}, grid.best_score_=0.6083333333333333, grid.best_index_=35, acc=0.7041666666666667, time=210.076012134552
07-06-2022 23:14:02|INFO|Is groups None: False 
07-06-2022 23:17:30|INFO|grid.best_params_={'C': 10000000000.0, 'gamma': 1e-09, 'kernel': 'rbf', 'max_iter': 1000}, grid.best_score_=0.6486111111111111, grid.best_index_=42, acc=0.4875, time=208.0372543334961
07-06-2022 23:17:30|INFO|Is groups None: False 
07-06-2022 23:21:01|INFO|grid.best_params_={'C': 10000000000.0, 'gamma': 1e-09, 'kernel': 'rbf', 'max_iter': 1000}, grid.best_score_=0.6416666666666667, grid.best_index_=42, acc=0.675, time=210.55385947227478
07-06-2022 23:21:01|INFO|Is groups None: False 
07-06-2022 23:24:28|INFO|grid.best_params_={'C': 10000000000.0, 'gamma': 1e-09, 'kernel': 'rbf', 'max_iter': 1000}, grid.best_score_=0.626851851851852, grid.best_index_=42, acc=0.6, time=207.49479866027832
07-06-2022 23:24:28|INFO|Is groups None: False 
07-06-2022 23:27:56|INFO|grid.best_params_={'C': 1000000.0, 'gamma': 1e-09, 'kernel': 'rbf', 'max_iter': 1000}, grid.best_score_=0.6666666666666666, grid.best_index_=28, acc=0.425, time=207.5007631778717
07-06-2022 23:27:56|INFO|s09|10-CV=0.62792|STD=0.10772|Time spend=2103.604841709137
07-06-2022 23:28:01|INFO|Running Segment-First
07-06-2022 23:28:01|INFO|X.shape=(2400, 496), y.shape=(2400,), groups.shape=(2400,)
07-06-2022 23:28:01|INFO|Is groups None: False 
07-06-2022 23:31:25|INFO|grid.best_params_={'C': 1000000.0, 'gamma': 1e-09, 'kernel': 'rbf', 'max_iter': 1000}, grid.best_score_=0.7787037037037038, grid.best_index_=28, acc=0.6916666666666667, time=203.8121955394745
07-06-2022 23:31:25|INFO|Is groups None: False 
07-06-2022 23:34:51|INFO|grid.best_params_={'C': 10000000000.0, 'gamma': 1e-09, 'kernel': 'rbf', 'max_iter': 1000}, grid.best_score_=0.7504629629629629, grid.best_index_=42, acc=0.9083333333333333, time=205.78617572784424
07-06-2022 23:34:51|INFO|Is groups None: False 
07-06-2022 23:38:12|INFO|grid.best_params_={'C': 100.0, 'gamma': 1e-05, 'kernel': 'rbf', 'max_iter': 1000}, grid.best_score_=0.7856481481481482, grid.best_index_=16, acc=0.5625, time=200.99738574028015
07-06-2022 23:38:12|INFO|Is groups None: False 
07-06-2022 23:41:37|INFO|grid.best_params_={'C': 100000000.0, 'gamma': 1e-09, 'kernel': 'rbf', 'max_iter': 1000}, grid.best_score_=0.7787037037037038, grid.best_index_=35, acc=0.7125, time=204.9145302772522
07-06-2022 23:41:37|INFO|Is groups None: False 
07-06-2022 23:45:05|INFO|grid.best_params_={'C': 10000000000.0, 'gamma': 1e-09, 'kernel': 'rbf', 'max_iter': 1000}, grid.best_score_=0.734722222222222, grid.best_index_=42, acc=0.9625, time=208.06266570091248
07-06-2022 23:45:05|INFO|Is groups None: False 
07-06-2022 23:48:31|INFO|grid.best_params_={'C': 100000000.0, 'gamma': 1e-09, 'kernel': 'rbf', 'max_iter': 1000}, grid.best_score_=0.75, grid.best_index_=35, acc=0.9, time=206.61783623695374
07-06-2022 23:48:31|INFO|Is groups None: False 
07-06-2022 23:51:58|INFO|grid.best_params_={'C': 100.0, 'gamma': 1e-05, 'kernel': 'rbf', 'max_iter': 1000}, grid.best_score_=0.7759259259259259, grid.best_index_=16, acc=0.8166666666666667, time=206.71604466438293
07-06-2022 23:51:58|INFO|Is groups None: False 
07-06-2022 23:55:24|INFO|grid.best_params_={'C': 100000000.0, 'gamma': 1e-09, 'kernel': 'rbf', 'max_iter': 1000}, grid.best_score_=0.7699074074074075, grid.best_index_=35, acc=0.7916666666666666, time=205.80533075332642
07-06-2022 23:55:24|INFO|Is groups None: False 
07-06-2022 23:58:50|INFO|grid.best_params_={'C': 1000000.0, 'gamma': 1e-09, 'kernel': 'rbf', 'max_iter': 1000}, grid.best_score_=0.7541666666666667, grid.best_index_=28, acc=0.85, time=205.68180394172668
07-06-2022 23:58:50|INFO|Is groups None: False 
08-06-2022 00:02:12|INFO|grid.best_params_={'C': 10000.0, 'gamma': 1e-07, 'kernel': 'rbf', 'max_iter': 1000}, grid.best_score_=0.8050925925925926, grid.best_index_=22, acc=0.5208333333333334, time=201.90459156036377
08-06-2022 00:02:12|INFO|s10|10-CV=0.77167|STD=0.14025|Time spend=2055.966465950012
08-06-2022 00:02:17|INFO|Running Segment-First
08-06-2022 00:02:17|INFO|X.shape=(2400, 496), y.shape=(2400,), groups.shape=(2400,)
08-06-2022 00:02:17|INFO|Is groups None: False 
08-06-2022 00:05:37|INFO|grid.best_params_={'C': 10000.0, 'gamma': 1e-07, 'kernel': 'rbf', 'max_iter': 1000}, grid.best_score_=0.6162037037037038, grid.best_index_=22, acc=0.6791666666666667, time=199.5074806213379
08-06-2022 00:05:37|INFO|Is groups None: False 
08-06-2022 00:08:48|INFO|grid.best_params_={'C': 1000000.0, 'gamma': 1e-09, 'kernel': 'rbf', 'max_iter': 1000}, grid.best_score_=0.6273148148148149, grid.best_index_=28, acc=0.5125, time=191.42230772972107
08-06-2022 00:08:48|INFO|Is groups None: False 
08-06-2022 00:11:55|INFO|grid.best_params_={'C': 100000000.0, 'gamma': 1e-09, 'kernel': 'rbf', 'max_iter': 1000}, grid.best_score_=0.6523148148148148, grid.best_index_=35, acc=0.475, time=186.62894797325134
08-06-2022 00:11:55|INFO|Is groups None: False 
08-06-2022 00:15:07|INFO|grid.best_params_={'C': 1000000.0, 'gamma': 1e-07, 'kernel': 'rbf', 'max_iter': 1000}, grid.best_score_=0.6356481481481481, grid.best_index_=29, acc=0.4166666666666667, time=191.99624490737915
08-06-2022 00:15:07|INFO|Is groups None: False 
08-06-2022 00:18:25|INFO|grid.best_params_={'C': 100.0, 'gamma': 1e-05, 'kernel': 'rbf', 'max_iter': 1000}, grid.best_score_=0.6240740740740741, grid.best_index_=16, acc=0.6041666666666666, time=197.92842531204224
08-06-2022 00:18:25|INFO|Is groups None: False 
08-06-2022 00:21:44|INFO|grid.best_params_={'C': 100.0, 'gamma': 1e-05, 'kernel': 'rbf', 'max_iter': 1000}, grid.best_score_=0.6375, grid.best_index_=16, acc=0.575, time=198.78991961479187
08-06-2022 00:21:44|INFO|Is groups None: False 
08-06-2022 00:25:05|INFO|grid.best_params_={'C': 100000000.0, 'gamma': 1e-07, 'kernel': 'rbf', 'max_iter': 1000}, grid.best_score_=0.5972222222222223, grid.best_index_=36, acc=0.6208333333333333, time=200.89979815483093
08-06-2022 00:25:05|INFO|Is groups None: False 
08-06-2022 00:28:17|INFO|grid.best_params_={'C': 100000000.0, 'gamma': 1e-09, 'kernel': 'rbf', 'max_iter': 1000}, grid.best_score_=0.6185185185185185, grid.best_index_=35, acc=0.5541666666666667, time=192.15806674957275
08-06-2022 00:28:17|INFO|Is groups None: False 
08-06-2022 00:31:29|INFO|grid.best_params_={'C': 0.01, 'gamma': 1e-09, 'kernel': 'rbf', 'max_iter': 1000}, grid.best_score_=0.6111111111111112, grid.best_index_=0, acc=0.5, time=192.550963640213
08-06-2022 00:31:29|INFO|Is groups None: False 
08-06-2022 00:34:42|INFO|grid.best_params_={'C': 10000.0, 'gamma': 1e-09, 'kernel': 'rbf', 'max_iter': 1000}, grid.best_score_=0.611574074074074, grid.best_index_=21, acc=0.5, time=193.03766894340515
08-06-2022 00:34:42|INFO|s11|10-CV=0.54375|STD=0.07396|Time spend=1950.8408353328705
08-06-2022 00:34:48|INFO|Running Segment-First
08-06-2022 00:34:48|INFO|X.shape=(2400, 496), y.shape=(2400,), groups.shape=(2400,)
08-06-2022 00:34:48|INFO|Is groups None: False 
08-06-2022 00:38:31|INFO|grid.best_params_={'C': 100000000.0, 'gamma': 1e-09, 'kernel': 'rbf', 'max_iter': 1000}, grid.best_score_=0.5459876543209876, grid.best_index_=35, acc=0.7333333333333333, time=223.19237875938416
08-06-2022 00:38:32|INFO|Is groups None: False 
08-06-2022 00:42:11|INFO|grid.best_params_={'C': 1000000.0, 'gamma': 1e-09, 'kernel': 'rbf', 'max_iter': 1000}, grid.best_score_=0.6252160493827161, grid.best_index_=28, acc=0.2625, time=219.9901990890503
08-06-2022 00:42:11|INFO|Is groups None: False 
08-06-2022 00:45:53|INFO|grid.best_params_={'C': 100000000.0, 'gamma': 1e-09, 'kernel': 'rbf', 'max_iter': 1000}, grid.best_score_=0.6011111111111112, grid.best_index_=35, acc=0.4375, time=221.9286322593689
08-06-2022 00:45:53|INFO|Is groups None: False 
08-06-2022 00:49:36|INFO|grid.best_params_={'C': 10000000000.0, 'gamma': 1e-09, 'kernel': 'rbf', 'max_iter': 1000}, grid.best_score_=0.5375, grid.best_index_=42, acc=0.6291666666666667, time=222.6923804283142
08-06-2022 00:49:36|INFO|Is groups None: False 
08-06-2022 00:53:20|INFO|grid.best_params_={'C': 10000000000.0, 'gamma': 1e-09, 'kernel': 'rbf', 'max_iter': 1000}, grid.best_score_=0.567253086419753, grid.best_index_=42, acc=0.7166666666666667, time=223.60243678092957
08-06-2022 00:53:20|INFO|Is groups None: False 
08-06-2022 00:57:03|INFO|grid.best_params_={'C': 1000000.0, 'gamma': 1e-09, 'kernel': 'rbf', 'max_iter': 1000}, grid.best_score_=0.5944444444444446, grid.best_index_=28, acc=0.6, time=223.36459827423096
08-06-2022 00:57:03|INFO|Is groups None: False 
08-06-2022 01:00:46|INFO|grid.best_params_={'C': 10000.0, 'gamma': 1e-07, 'kernel': 'rbf', 'max_iter': 1000}, grid.best_score_=0.600462962962963, grid.best_index_=22, acc=0.5666666666666667, time=222.9756956100464
08-06-2022 01:00:46|INFO|Is groups None: False 
08-06-2022 01:04:29|INFO|grid.best_params_={'C': 1000000.0, 'gamma': 1e-09, 'kernel': 'rbf', 'max_iter': 1000}, grid.best_score_=0.5406172839506173, grid.best_index_=28, acc=0.7291666666666666, time=222.80450320243835
08-06-2022 01:04:29|INFO|Is groups None: False 
08-06-2022 01:08:11|INFO|grid.best_params_={'C': 100.0, 'gamma': 1e-05, 'kernel': 'rbf', 'max_iter': 1000}, grid.best_score_=0.6157407407407407, grid.best_index_=16, acc=0.49583333333333335, time=221.70332431793213
08-06-2022 01:08:11|INFO|Is groups None: False 
08-06-2022 01:11:54|INFO|grid.best_params_={'C': 10000.0, 'gamma': 1e-07, 'kernel': 'rbf', 'max_iter': 1000}, grid.best_score_=0.6212962962962963, grid.best_index_=22, acc=0.4375, time=222.9428973197937
08-06-2022 01:11:54|INFO|s12|10-CV=0.56083|STD=0.14569|Time spend=2231.138580560684
08-06-2022 01:11:59|INFO|Running Segment-First
08-06-2022 01:11:59|INFO|X.shape=(2400, 496), y.shape=(2400,), groups.shape=(2400,)
08-06-2022 01:11:59|INFO|Is groups None: False 
08-06-2022 01:15:26|INFO|grid.best_params_={'C': 1.0, 'gamma': 0.001, 'kernel': 'rbf', 'max_iter': 1000}, grid.best_score_=0.6680555555555556, grid.best_index_=10, acc=0.45416666666666666, time=206.78693175315857
08-06-2022 01:15:26|INFO|Is groups None: False 
08-06-2022 01:18:54|INFO|grid.best_params_={'C': 1.0, 'gamma': 0.001, 'kernel': 'rbf', 'max_iter': 1000}, grid.best_score_=0.6449074074074075, grid.best_index_=10, acc=0.5791666666666667, time=207.98415446281433
08-06-2022 01:18:54|INFO|Is groups None: False 
08-06-2022 01:22:23|INFO|grid.best_params_={'C': 1.0, 'gamma': 0.001, 'kernel': 'rbf', 'max_iter': 1000}, grid.best_score_=0.6476851851851851, grid.best_index_=10, acc=0.6041666666666666, time=209.13757014274597
08-06-2022 01:22:23|INFO|Is groups None: False 
08-06-2022 01:25:53|INFO|grid.best_params_={'C': 1.0, 'gamma': 0.001, 'kernel': 'rbf', 'max_iter': 1000}, grid.best_score_=0.6111111111111112, grid.best_index_=10, acc=0.7041666666666667, time=210.10701084136963
08-06-2022 01:25:53|INFO|Is groups None: False 
08-06-2022 01:29:23|INFO|grid.best_params_={'C': 1.0, 'gamma': 0.001, 'kernel': 'rbf', 'max_iter': 1000}, grid.best_score_=0.6162037037037037, grid.best_index_=10, acc=0.6875, time=209.8656051158905
08-06-2022 01:29:23|INFO|Is groups None: False 
08-06-2022 01:33:01|INFO|grid.best_params_={'C': 1.0, 'gamma': 0.001, 'kernel': 'rbf', 'max_iter': 1000}, grid.best_score_=0.6222222222222222, grid.best_index_=10, acc=0.6958333333333333, time=217.2805414199829
08-06-2022 01:33:01|INFO|Is groups None: False 
08-06-2022 01:36:37|INFO|grid.best_params_={'C': 1.0, 'gamma': 0.001, 'kernel': 'rbf', 'max_iter': 1000}, grid.best_score_=0.6347222222222223, grid.best_index_=10, acc=0.65, time=216.74036145210266
08-06-2022 01:36:37|INFO|Is groups None: False 
08-06-2022 01:40:08|INFO|grid.best_params_={'C': 1.0, 'gamma': 0.001, 'kernel': 'rbf', 'max_iter': 1000}, grid.best_score_=0.5981481481481481, grid.best_index_=10, acc=0.7208333333333333, time=210.73029017448425
08-06-2022 01:40:08|INFO|Is groups None: False 
08-06-2022 01:43:37|INFO|grid.best_params_={'C': 1.0, 'gamma': 0.001, 'kernel': 'rbf', 'max_iter': 1000}, grid.best_score_=0.6305555555555555, grid.best_index_=10, acc=0.6666666666666666, time=209.10303568840027
08-06-2022 01:43:37|INFO|Is groups None: False 
08-06-2022 01:47:13|INFO|grid.best_params_={'C': 1.0, 'gamma': 0.001, 'kernel': 'rbf', 'max_iter': 1000}, grid.best_score_=0.6083333333333333, grid.best_index_=10, acc=0.7166666666666667, time=216.23438572883606
08-06-2022 01:47:13|INFO|s13|10-CV=0.64792|STD=0.07849|Time spend=2119.786191701889
08-06-2022 01:47:19|INFO|Running Segment-First
08-06-2022 01:47:19|INFO|X.shape=(2400, 496), y.shape=(2400,), groups.shape=(2400,)
08-06-2022 01:47:19|INFO|Is groups None: False 
