05-06-2022 17:07:02|INFO|
    Running Command: 
        python3 main-ml.py --subject_setup independent --experimental_setup trial --stimuli_class arousal --preprocessing PCC_TIME --segment_lenght 60 --output_log ./output/independent-trial-arousal-PCC_TIME-60.log
    Starting training:
        segment_lenght:  60
        output_log:      ./output/independent-trial-arousal-PCC_TIME-60.log
        stimuli_class:   arousal
        preprocessing:   PCC_TIME
        subject_setup:   independent
        experimental_setup: trial
    
05-06-2022 17:07:19|INFO|Running Segment-First
05-06-2022 17:07:19|INFO|X.shape=(1280, 496), y.shape=(1280,), groups.shape=(1280,)
05-06-2022 17:07:19|INFO|Is groups None: False 
05-06-2022 17:08:27|INFO|grid.best_params_={'C': 100.0, 'gamma': 0.001, 'kernel': 'rbf', 'max_iter': 1000}, grid.best_score_=0.6163194444444444, grid.best_index_=17, acc=0.6171875, time=67.78837084770203
05-06-2022 17:08:27|INFO|Is groups None: False 
05-06-2022 17:09:23|INFO|grid.best_params_={'C': 100.0, 'gamma': 0.001, 'kernel': 'rbf', 'max_iter': 1000}, grid.best_score_=0.6284722222222222, grid.best_index_=17, acc=0.6484375, time=55.4763240814209
05-06-2022 17:09:23|INFO|Is groups None: False 
05-06-2022 17:10:14|INFO|grid.best_params_={'C': 1000000.0, 'gamma': 1e-09, 'kernel': 'rbf', 'max_iter': 1000}, grid.best_score_=0.6189236111111112, grid.best_index_=28, acc=0.65625, time=51.09842658042908
05-06-2022 17:10:14|INFO|Is groups None: False 
05-06-2022 17:11:03|INFO|grid.best_params_={'C': 100.0, 'gamma': 0.001, 'kernel': 'rbf', 'max_iter': 1000}, grid.best_score_=0.6414930555555556, grid.best_index_=17, acc=0.6171875, time=48.814353227615356
05-06-2022 17:11:03|INFO|Is groups None: False 
05-06-2022 17:11:50|INFO|grid.best_params_={'C': 1000000.0, 'gamma': 1e-07, 'kernel': 'rbf', 'max_iter': 1000}, grid.best_score_=0.6276041666666666, grid.best_index_=29, acc=0.6328125, time=47.10998296737671
05-06-2022 17:11:50|INFO|Is groups None: False 
05-06-2022 17:12:38|INFO|grid.best_params_={'C': 100.0, 'gamma': 0.001, 'kernel': 'rbf', 'max_iter': 1000}, grid.best_score_=0.6380208333333334, grid.best_index_=17, acc=0.609375, time=48.04587125778198
05-06-2022 17:12:38|INFO|Is groups None: False 
05-06-2022 17:13:25|INFO|grid.best_params_={'C': 100.0, 'gamma': 0.001, 'kernel': 'rbf', 'max_iter': 1000}, grid.best_score_=0.625, grid.best_index_=17, acc=0.625, time=47.468905210494995
05-06-2022 17:13:25|INFO|Is groups None: False 
05-06-2022 17:14:13|INFO|grid.best_params_={'C': 100.0, 'gamma': 0.001, 'kernel': 'rbf', 'max_iter': 1000}, grid.best_score_=0.6380208333333334, grid.best_index_=17, acc=0.671875, time=47.42573118209839
05-06-2022 17:14:13|INFO|Is groups None: False 
05-06-2022 17:15:01|INFO|grid.best_params_={'C': 10000.0, 'gamma': 1e-07, 'kernel': 'rbf', 'max_iter': 1000}, grid.best_score_=0.6128472222222222, grid.best_index_=22, acc=0.65625, time=48.02274131774902
05-06-2022 17:15:01|INFO|Is groups None: False 
05-06-2022 17:15:49|INFO|grid.best_params_={'C': 100.0, 'gamma': 0.001, 'kernel': 'rbf', 'max_iter': 1000}, grid.best_score_=0.6310763888888888, grid.best_index_=17, acc=0.65625, time=48.23689126968384
05-06-2022 17:15:49|INFO|all|10-CV=0.63906|STD=0.02031|Time spend=526.6144819259644
05-06-2022 17:15:49|INFO|final|10-CV=0.63906|STD=0.00000
