05-06-2022 17:24:36|INFO|
    Running Command: 
        python3 main-ml.py --subject_setup independent --experimental_setup trial --stimuli_class valence --preprocessing PCC_TIME --segment_lenght 60 --output_log ./output/independent-trial-valence-PCC_TIME-60.log
    Starting training:
        segment_lenght:  60
        output_log:      ./output/independent-trial-valence-PCC_TIME-60.log
        stimuli_class:   valence
        preprocessing:   PCC_TIME
        subject_setup:   independent
        experimental_setup: trial
    
05-06-2022 17:24:51|INFO|Running Segment-First
05-06-2022 17:24:51|INFO|X.shape=(1280, 496), y.shape=(1280,), groups.shape=(1280,)
05-06-2022 17:24:52|INFO|Is groups None: False 
05-06-2022 17:26:00|INFO|grid.best_params_={'C': 1.0, 'gamma': 0.1, 'kernel': 'rbf', 'max_iter': 1000}, grid.best_score_=0.6553819444444444, grid.best_index_=11, acc=0.6640625, time=68.65885901451111
05-06-2022 17:26:01|INFO|Is groups None: False 
05-06-2022 17:26:48|INFO|grid.best_params_={'C': 1.0, 'gamma': 0.1, 'kernel': 'rbf', 'max_iter': 1000}, grid.best_score_=0.6397569444444444, grid.best_index_=11, acc=0.6484375, time=47.089863538742065
05-06-2022 17:26:48|INFO|Is groups None: False 
05-06-2022 17:27:35|INFO|grid.best_params_={'C': 1.0, 'gamma': 0.1, 'kernel': 'rbf', 'max_iter': 1000}, grid.best_score_=0.6345486111111112, grid.best_index_=11, acc=0.625, time=47.44219923019409
05-06-2022 17:27:35|INFO|Is groups None: False 
05-06-2022 17:28:22|INFO|grid.best_params_={'C': 100.0, 'gamma': 0.001, 'kernel': 'rbf', 'max_iter': 1000}, grid.best_score_=0.6467013888888888, grid.best_index_=17, acc=0.625, time=46.97196555137634
05-06-2022 17:28:22|INFO|Is groups None: False 
05-06-2022 17:29:09|INFO|grid.best_params_={'C': 1.0, 'gamma': 0.1, 'kernel': 'rbf', 'max_iter': 1000}, grid.best_score_=0.6241319444444444, grid.best_index_=11, acc=0.625, time=47.329922676086426
05-06-2022 17:29:09|INFO|Is groups None: False 
05-06-2022 17:29:56|INFO|grid.best_params_={'C': 1.0, 'gamma': 0.1, 'kernel': 'rbf', 'max_iter': 1000}, grid.best_score_=0.6380208333333334, grid.best_index_=11, acc=0.71875, time=46.99505639076233
05-06-2022 17:29:56|INFO|Is groups None: False 
05-06-2022 17:30:43|INFO|grid.best_params_={'C': 1.0, 'gamma': 0.1, 'kernel': 'rbf', 'max_iter': 1000}, grid.best_score_=0.6388888888888888, grid.best_index_=11, acc=0.65625, time=46.86631107330322
05-06-2022 17:30:43|INFO|Is groups None: False 
05-06-2022 17:31:30|INFO|grid.best_params_={'C': 100.0, 'gamma': 0.001, 'kernel': 'rbf', 'max_iter': 1000}, grid.best_score_=0.6440972222222222, grid.best_index_=17, acc=0.6484375, time=47.19749665260315
05-06-2022 17:31:30|INFO|Is groups None: False 
05-06-2022 17:32:18|INFO|grid.best_params_={'C': 100.0, 'gamma': 0.001, 'kernel': 'rbf', 'max_iter': 1000}, grid.best_score_=0.6501736111111112, grid.best_index_=17, acc=0.640625, time=47.19826650619507
05-06-2022 17:32:18|INFO|Is groups None: False 
05-06-2022 17:33:05|INFO|grid.best_params_={'C': 100.0, 'gamma': 0.001, 'kernel': 'rbf', 'max_iter': 1000}, grid.best_score_=0.6449652777777778, grid.best_index_=17, acc=0.625, time=46.98066473007202
05-06-2022 17:33:05|INFO|all|10-CV=0.64766|STD=0.02739|Time spend=508.3111057281494
05-06-2022 17:33:05|INFO|final|10-CV=0.64766|STD=0.00000
