17-06-2022 16:21:03|INFO|
    Running Command: 
        python3 main-ml.py --subject_setup independent --experimental_setup segment --stimuli_class valence --preprocessing PCC_TIME --segment_lenght 1 --output_log ./output/independent-segment-valence-PCC_TIME-1.log
    Starting training:
        segment_lenght:  1
        output_log:      ./output/independent-segment-valence-PCC_TIME-1.log
        stimuli_class:   valence
        preprocessing:   PCC_TIME
        subject_setup:   independent
        experimental_setup: segment
    
17-06-2022 16:24:42|INFO|Running Split-First
17-06-2022 16:24:42|INFO|X.shape=(76800, 496), y.shape=(76800,), groups.shape=(76800,)
17-06-2022 16:24:42|INFO|Is groups None: True 
17-06-2022 18:52:21|INFO|1/10|grid.best_params_={'C': 100000000.0, 'gamma': 1e-09, 'kernel': 'rbf', 'max_iter': 1000}, grid.best_score_=0.5550491898148148, grid.best_index_=35, acc=0.553125, time=8859.12789773941
17-06-2022 18:52:21|INFO|Is groups None: True 
17-06-2022 21:20:23|INFO|2/10|grid.best_params_={'C': 1.0, 'gamma': 1e-09, 'kernel': 'rbf', 'max_iter': 1000}, grid.best_score_=0.5558159722222222, grid.best_index_=7, acc=0.553125, time=8882.445575475693
17-06-2022 21:20:23|INFO|Is groups None: True 
17-06-2022 23:47:41|INFO|3/10|grid.best_params_={'C': 0.01, 'gamma': 0.1, 'kernel': 'rbf', 'max_iter': 1000}, grid.best_score_=0.555859375, grid.best_index_=4, acc=0.553125, time=8837.577700138092
17-06-2022 23:47:41|INFO|Is groups None: True 
18-06-2022 02:14:43|INFO|4/10|grid.best_params_={'C': 1000000.0, 'gamma': 1e-09, 'kernel': 'rbf', 'max_iter': 1000}, grid.best_score_=0.5552372685185185, grid.best_index_=28, acc=0.553125, time=8822.0014026165
18-06-2022 02:14:43|INFO|Is groups None: True 
18-06-2022 04:44:41|INFO|5/10|grid.best_params_={'C': 10000.0, 'gamma': 1e-09, 'kernel': 'rbf', 'max_iter': 1000}, grid.best_score_=0.5551793981481481, grid.best_index_=21, acc=0.553125, time=8998.200508117676
18-06-2022 04:44:41|INFO|Is groups None: True 
18-06-2022 11:50:47|INFO|
    Running Command: 
        python3 main-ml.py --subject_setup independent --experimental_setup segment --stimuli_class valence --preprocessing PCC_TIME --segment_lenght 1 --output_log ./output/independent-segment-valence-PCC_TIME-1.log
    Starting training:
        segment_lenght:  1
        output_log:      ./output/independent-segment-valence-PCC_TIME-1.log
        stimuli_class:   valence
        preprocessing:   PCC_TIME
        subject_setup:   independent
        experimental_setup: segment
    
18-06-2022 11:54:16|INFO|Running Split-First
18-06-2022 11:54:16|INFO|X.shape=(76800, 496), y.shape=(76800,), groups.shape=(76800,)
18-06-2022 11:54:17|INFO|Is groups None: True 
18-06-2022 14:28:45|INFO|6/10|grid.best_params_={'C': 0.01, 'gamma': 1e-09, 'kernel': 'rbf', 'max_iter': 1000}, grid.best_score_=0.5575231481481482, grid.best_index_=0, acc=0.47291666666666665, time=9268.976828336716
18-06-2022 14:28:46|INFO|Is groups None: True 
18-06-2022 17:02:15|INFO|7/10|grid.best_params_={'C': 0.01, 'gamma': 1e-09, 'kernel': 'rbf', 'max_iter': 1000}, grid.best_score_=0.5551793981481481, grid.best_index_=0, acc=0.553125, time=9209.434755325317
18-06-2022 17:02:15|INFO|Is groups None: True 
18-06-2022 19:28:31|INFO|8/10|grid.best_params_={'C': 100000000.0, 'gamma': 1e-09, 'kernel': 'rbf', 'max_iter': 1000}, grid.best_score_=0.5553096064814815, grid.best_index_=35, acc=0.46484375, time=8775.586988210678
18-06-2022 19:28:31|INFO|Is groups None: True 
18-06-2022 21:54:55|INFO|9/10|grid.best_params_={'C': 100000000.0, 'gamma': 1e-09, 'kernel': 'rbf', 'max_iter': 1000}, grid.best_score_=0.5546151620370371, grid.best_index_=35, acc=0.553125, time=8784.074162483215
18-06-2022 21:54:55|INFO|Is groups None: True 
19-06-2022 00:27:09|INFO|10/10|grid.best_params_={'C': 1.0, 'gamma': 1e-09, 'kernel': 'rbf', 'max_iter': 1000}, grid.best_score_=0.5546006944444444, grid.best_index_=7, acc=0.553125, time=9134.601124048233
19-06-2022 00:27:09|INFO|all|10-CV=0.51943|STD=0.04135|Time spend=45382.50903701782
19-06-2022 00:27:09|INFO|final|10-CV=0.51943|STD=0.00000
