26-05-2022 16:18:51|INFO|
    Running Command: 
        python3 main-ml.py --subject_setup dependent --experimental_setup trial --stimuli_class valence --preprocessing DE --segment_lenght 20 --output_log ./output/dependent_trial_valence_DE_20.log
    Starting training:
        segment_lenght:  20
        output_log:      ./output/dependent_trial_valence_DE_20.log
        stimuli_class:   valence
        preprocessing:   DE
        subject_setup:   dependent
        experimental_setup: trial
    
26-05-2022 16:19:30|INFO|s01|10-CV=0.55833|STD=0.14930|Time spend=39.112048864364624
26-05-2022 16:19:45|INFO|s02|10-CV=0.72500|STD=0.18276|Time spend=14.320749521255493
26-05-2022 16:19:56|INFO|s03|10-CV=0.74167|STD=0.12047|Time spend=11.071284532546997
26-05-2022 16:20:17|INFO|s04|10-CV=0.65833|STD=0.11456|Time spend=20.852824926376343
26-05-2022 16:20:30|INFO|s05|10-CV=0.57500|STD=0.12611|Time spend=13.20093846321106
26-05-2022 16:20:41|INFO|s06|10-CV=0.75000|STD=0.00000|Time spend=10.734968662261963
26-05-2022 16:20:51|INFO|s07|10-CV=0.61667|STD=0.14530|Time spend=10.112419605255127
26-05-2022 16:21:03|INFO|s08|10-CV=0.64167|STD=0.14930|Time spend=11.952194452285767
26-05-2022 16:21:13|INFO|s09|10-CV=0.67500|STD=0.12047|Time spend=10.627064943313599
26-05-2022 16:21:24|INFO|s10|10-CV=0.77500|STD=0.15833|Time spend=10.996806621551514
26-05-2022 16:21:43|INFO|s11|10-CV=0.66667|STD=0.14434|Time spend=18.442034244537354
26-05-2022 16:21:54|INFO|s12|10-CV=0.55833|STD=0.14930|Time spend=11.222743034362793
26-05-2022 16:22:04|INFO|s13|10-CV=0.78333|STD=0.12472|Time spend=10.126060485839844
26-05-2022 16:22:16|INFO|s14|10-CV=0.71667|STD=0.11902|Time spend=11.430766820907593
26-05-2022 16:22:25|INFO|s15|10-CV=0.80000|STD=0.12472|Time spend=9.694255352020264
26-05-2022 16:22:36|INFO|s16|10-CV=0.70000|STD=0.16330|Time spend=10.6414053440094
26-05-2022 16:22:48|INFO|s17|10-CV=0.52500|STD=0.09895|Time spend=12.470396757125854
26-05-2022 16:22:58|INFO|s18|10-CV=0.78333|STD=0.13540|Time spend=10.051035165786743
26-05-2022 16:23:10|INFO|s19|10-CV=0.55833|STD=0.17500|Time spend=11.333221912384033
26-05-2022 16:23:20|INFO|s20|10-CV=0.76667|STD=0.11055|Time spend=10.427494764328003
26-05-2022 16:23:33|INFO|s21|10-CV=0.53333|STD=0.14530|Time spend=13.200409889221191
26-05-2022 16:24:18|INFO|s22|10-CV=0.70833|STD=0.15478|Time spend=44.367451667785645
26-05-2022 16:24:27|INFO|s23|10-CV=0.64167|STD=0.15388|Time spend=9.529331684112549
26-05-2022 16:24:39|INFO|s24|10-CV=0.67500|STD=0.13150|Time spend=12.037999868392944
26-05-2022 16:25:02|INFO|s25|10-CV=0.62500|STD=0.15921|Time spend=22.711625576019287
26-05-2022 16:25:14|INFO|s26|10-CV=0.61667|STD=0.17159|Time spend=11.952011823654175
26-05-2022 16:25:24|INFO|s27|10-CV=0.70833|STD=0.08539|Time spend=9.931439399719238
26-05-2022 16:25:36|INFO|s28|10-CV=0.55000|STD=0.17159|Time spend=12.204246282577515
26-05-2022 16:25:47|INFO|s29|10-CV=0.53333|STD=0.12472|Time spend=10.37163519859314
26-05-2022 16:25:57|INFO|s30|10-CV=0.64167|STD=0.13463|Time spend=10.655391693115234
26-05-2022 16:26:08|INFO|s31|10-CV=0.52500|STD=0.17099|Time spend=10.76494550704956
26-05-2022 16:26:19|INFO|s32|10-CV=0.65000|STD=0.11667|Time spend=10.820085287094116
26-05-2022 16:26:19|INFO|final|10-CV=0.65573|STD=0.03348
