20-06-2022 00:25:58|INFO|
    Running Command: 
        python3 main-ml.py --subject_setup dependent --experimental_setup segment --stimuli_class valence --preprocessing PCC_FREQ --segment_lenght 20 --output_log ./output/dependent-segment-valence-PCC_FREQ-20.log
    Starting training:
        segment_lenght:  20
        output_log:      ./output/dependent-segment-valence-PCC_FREQ-20.log
        stimuli_class:   valence
        preprocessing:   PCC_FREQ
        subject_setup:   dependent
        experimental_setup: segment
    
20-06-2022 00:25:59|INFO|Running Split-First
20-06-2022 00:25:59|INFO|X.shape=(120, 496), y.shape=(120,), groups.shape=(120,)
20-06-2022 00:25:59|INFO|Is groups None: True 
20-06-2022 00:26:20|INFO|1/10|grid.best_params_={'C': 100000000.0, 'gamma': 1e-09, 'kernel': 'rbf', 'max_iter': 1000}, grid.best_score_=0.574074074074074, grid.best_index_=35, acc=0.75, time=20.97991108894348
20-06-2022 00:26:20|INFO|Is groups None: True 
20-06-2022 00:26:20|INFO|2/10|grid.best_params_={'C': 0.01, 'gamma': 1e-09, 'kernel': 'rbf', 'max_iter': 1000}, grid.best_score_=0.5277777777777778, grid.best_index_=0, acc=0.5, time=0.7367992401123047
20-06-2022 00:26:20|INFO|Is groups None: True 
20-06-2022 00:26:21|INFO|3/10|grid.best_params_={'C': 1.0, 'gamma': 0.001, 'kernel': 'rbf', 'max_iter': 1000}, grid.best_score_=0.5462962962962963, grid.best_index_=10, acc=0.5, time=0.7033700942993164
20-06-2022 00:26:21|INFO|Is groups None: True 
20-06-2022 00:26:22|INFO|4/10|grid.best_params_={'C': 1000000.0, 'gamma': 1e-09, 'kernel': 'rbf', 'max_iter': 1000}, grid.best_score_=0.6203703703703703, grid.best_index_=28, acc=0.3333333333333333, time=0.7358608245849609
20-06-2022 00:26:22|INFO|Is groups None: True 
20-06-2022 00:26:23|INFO|5/10|grid.best_params_={'C': 1.0, 'gamma': 0.001, 'kernel': 'rbf', 'max_iter': 1000}, grid.best_score_=0.537037037037037, grid.best_index_=10, acc=0.6666666666666666, time=0.7082962989807129
20-06-2022 00:26:23|INFO|Is groups None: True 
20-06-2022 00:26:23|INFO|6/10|grid.best_params_={'C': 10000.0, 'gamma': 1e-05, 'kernel': 'rbf', 'max_iter': 1000}, grid.best_score_=0.6018518518518519, grid.best_index_=23, acc=0.5833333333333334, time=0.6546552181243896
20-06-2022 00:26:23|INFO|Is groups None: True 
20-06-2022 00:26:24|INFO|7/10|grid.best_params_={'C': 10000.0, 'gamma': 1e-05, 'kernel': 'rbf', 'max_iter': 1000}, grid.best_score_=0.5833333333333334, grid.best_index_=23, acc=0.25, time=0.6768772602081299
20-06-2022 00:26:24|INFO|Is groups None: True 
20-06-2022 00:26:25|INFO|8/10|grid.best_params_={'C': 100.0, 'gamma': 1e-05, 'kernel': 'rbf', 'max_iter': 1000}, grid.best_score_=0.6018518518518519, grid.best_index_=16, acc=0.3333333333333333, time=0.6615447998046875
20-06-2022 00:26:25|INFO|Is groups None: True 
20-06-2022 00:26:25|INFO|9/10|grid.best_params_={'C': 1.0, 'gamma': 0.001, 'kernel': 'rbf', 'max_iter': 1000}, grid.best_score_=0.537037037037037, grid.best_index_=10, acc=0.6666666666666666, time=0.6881594657897949
20-06-2022 00:26:25|INFO|Is groups None: True 
20-06-2022 00:26:26|INFO|10/10|grid.best_params_={'C': 100000000.0, 'gamma': 1e-09, 'kernel': 'rbf', 'max_iter': 1000}, grid.best_score_=0.5648148148148149, grid.best_index_=35, acc=0.6666666666666666, time=0.7212522029876709
20-06-2022 00:26:26|INFO|s01|10-CV=0.52500|STD=0.16266|Time spend=28.423834562301636
20-06-2022 00:26:27|INFO|Running Split-First
20-06-2022 00:26:27|INFO|X.shape=(120, 496), y.shape=(120,), groups.shape=(120,)
20-06-2022 00:26:27|INFO|Is groups None: True 
20-06-2022 00:26:28|INFO|1/10|grid.best_params_={'C': 0.01, 'gamma': 1e-09, 'kernel': 'rbf', 'max_iter': 1000}, grid.best_score_=0.5462962962962963, grid.best_index_=0, acc=0.5833333333333334, time=0.6970193386077881
20-06-2022 00:26:28|INFO|Is groups None: True 
20-06-2022 00:26:29|INFO|2/10|grid.best_params_={'C': 1.0, 'gamma': 0.001, 'kernel': 'rbf', 'max_iter': 1000}, grid.best_score_=0.5648148148148148, grid.best_index_=10, acc=0.5, time=0.7151434421539307
20-06-2022 00:26:29|INFO|Is groups None: True 
20-06-2022 00:26:30|INFO|3/10|grid.best_params_={'C': 1000000.0, 'gamma': 1e-07, 'kernel': 'rbf', 'max_iter': 1000}, grid.best_score_=0.5925925925925926, grid.best_index_=29, acc=0.5833333333333334, time=0.6773746013641357
20-06-2022 00:26:30|INFO|Is groups None: True 
20-06-2022 00:26:30|INFO|4/10|grid.best_params_={'C': 1000000.0, 'gamma': 1e-07, 'kernel': 'rbf', 'max_iter': 1000}, grid.best_score_=0.5555555555555557, grid.best_index_=29, acc=0.4166666666666667, time=0.6324548721313477
20-06-2022 00:26:30|INFO|Is groups None: True 
20-06-2022 00:26:31|INFO|5/10|grid.best_params_={'C': 10000.0, 'gamma': 1e-05, 'kernel': 'rbf', 'max_iter': 1000}, grid.best_score_=0.5740740740740741, grid.best_index_=23, acc=0.6666666666666666, time=0.6965732574462891
20-06-2022 00:26:31|INFO|Is groups None: True 
20-06-2022 00:26:45|INFO|6/10|grid.best_params_={'C': 1.0, 'gamma': 0.1, 'kernel': 'rbf', 'max_iter': 1000}, grid.best_score_=0.6018518518518517, grid.best_index_=11, acc=0.25, time=14.125022888183594
20-06-2022 00:26:45|INFO|Is groups None: True 
20-06-2022 00:26:46|INFO|7/10|grid.best_params_={'C': 1000000.0, 'gamma': 1e-05, 'kernel': 'rbf', 'max_iter': 1000}, grid.best_score_=0.6296296296296295, grid.best_index_=30, acc=0.16666666666666666, time=0.6040112972259521
20-06-2022 00:26:46|INFO|Is groups None: True 
20-06-2022 00:26:46|INFO|8/10|grid.best_params_={'C': 10000000000.0, 'gamma': 1e-09, 'kernel': 'rbf', 'max_iter': 1000}, grid.best_score_=0.5648148148148149, grid.best_index_=42, acc=0.5833333333333334, time=0.6465201377868652
20-06-2022 00:26:46|INFO|Is groups None: True 
20-06-2022 00:26:47|INFO|9/10|grid.best_params_={'C': 1.0, 'gamma': 0.1, 'kernel': 'rbf', 'max_iter': 1000}, grid.best_score_=0.5648148148148148, grid.best_index_=11, acc=0.5, time=0.6613039970397949
20-06-2022 00:26:47|INFO|Is groups None: True 
20-06-2022 00:27:45|INFO|10/10|grid.best_params_={'C': 0.01, 'gamma': 1e-09, 'kernel': 'rbf', 'max_iter': 1000}, grid.best_score_=0.5555555555555556, grid.best_index_=0, acc=0.5, time=58.03289246559143
20-06-2022 00:27:45|INFO|s02|10-CV=0.47500|STD=0.14930|Time spend=78.94650769233704
20-06-2022 00:27:46|INFO|Running Split-First
20-06-2022 00:27:46|INFO|X.shape=(120, 496), y.shape=(120,), groups.shape=(120,)
20-06-2022 00:27:46|INFO|Is groups None: True 
20-06-2022 00:27:47|INFO|1/10|grid.best_params_={'C': 10000000000.0, 'gamma': 1e-09, 'kernel': 'rbf', 'max_iter': 1000}, grid.best_score_=0.5833333333333334, grid.best_index_=42, acc=0.5, time=0.5865139961242676
20-06-2022 00:27:47|INFO|Is groups None: True 
20-06-2022 00:27:47|INFO|2/10|grid.best_params_={'C': 0.01, 'gamma': 1e-09, 'kernel': 'rbf', 'max_iter': 1000}, grid.best_score_=0.5462962962962963, grid.best_index_=0, acc=0.5833333333333334, time=0.6005041599273682
20-06-2022 00:27:47|INFO|Is groups None: True 
20-06-2022 00:27:48|INFO|3/10|grid.best_params_={'C': 100000000.0, 'gamma': 1e-07, 'kernel': 'rbf', 'max_iter': 1000}, grid.best_score_=0.5833333333333333, grid.best_index_=36, acc=0.75, time=0.6905887126922607
20-06-2022 00:27:48|INFO|Is groups None: True 
20-06-2022 00:27:49|INFO|4/10|grid.best_params_={'C': 1000000.0, 'gamma': 1e-09, 'kernel': 'rbf', 'max_iter': 1000}, grid.best_score_=0.5648148148148148, grid.best_index_=28, acc=0.6666666666666666, time=0.6422863006591797
20-06-2022 00:27:49|INFO|Is groups None: True 
20-06-2022 00:27:49|INFO|5/10|grid.best_params_={'C': 0.01, 'gamma': 1e-09, 'kernel': 'rbf', 'max_iter': 1000}, grid.best_score_=0.5462962962962963, grid.best_index_=0, acc=0.5833333333333334, time=0.5900075435638428
20-06-2022 00:27:49|INFO|Is groups None: True 
20-06-2022 00:27:50|INFO|6/10|grid.best_params_={'C': 0.01, 'gamma': 1e-09, 'kernel': 'rbf', 'max_iter': 1000}, grid.best_score_=0.5462962962962963, grid.best_index_=0, acc=0.5833333333333334, time=0.5919680595397949
20-06-2022 00:27:50|INFO|Is groups None: True 
20-06-2022 00:27:50|INFO|7/10|grid.best_params_={'C': 100000000.0, 'gamma': 1e-09, 'kernel': 'rbf', 'max_iter': 1000}, grid.best_score_=0.5925925925925926, grid.best_index_=35, acc=0.3333333333333333, time=0.5739777088165283
20-06-2022 00:27:50|INFO|Is groups None: True 
20-06-2022 00:27:51|INFO|8/10|grid.best_params_={'C': 0.01, 'gamma': 1e-09, 'kernel': 'rbf', 'max_iter': 1000}, grid.best_score_=0.5555555555555556, grid.best_index_=0, acc=0.5, time=0.5967018604278564
20-06-2022 00:27:51|INFO|Is groups None: True 
20-06-2022 00:27:52|INFO|9/10|grid.best_params_={'C': 0.01, 'gamma': 1e-09, 'kernel': 'rbf', 'max_iter': 1000}, grid.best_score_=0.5555555555555556, grid.best_index_=0, acc=0.5, time=0.5829663276672363
20-06-2022 00:27:52|INFO|Is groups None: True 
20-06-2022 00:27:52|INFO|10/10|grid.best_params_={'C': 100000000.0, 'gamma': 1e-07, 'kernel': 'rbf', 'max_iter': 1000}, grid.best_score_=0.5648148148148149, grid.best_index_=36, acc=0.4166666666666667, time=0.6002302169799805
20-06-2022 00:27:52|INFO|s03|10-CV=0.54167|STD=0.11335|Time spend=7.149099826812744
20-06-2022 00:27:54|INFO|Running Split-First
20-06-2022 00:27:54|INFO|X.shape=(120, 496), y.shape=(120,), groups.shape=(120,)
20-06-2022 00:27:54|INFO|Is groups None: True 
20-06-2022 00:27:54|INFO|1/10|grid.best_params_={'C': 10000000000.0, 'gamma': 1e-09, 'kernel': 'rbf', 'max_iter': 1000}, grid.best_score_=0.638888888888889, grid.best_index_=42, acc=0.4166666666666667, time=0.5894336700439453
20-06-2022 00:27:54|INFO|Is groups None: True 
20-06-2022 00:27:55|INFO|2/10|grid.best_params_={'C': 1000000.0, 'gamma': 1e-07, 'kernel': 'rbf', 'max_iter': 1000}, grid.best_score_=0.6203703703703703, grid.best_index_=29, acc=0.4166666666666667, time=0.6000597476959229
20-06-2022 00:27:55|INFO|Is groups None: True 
20-06-2022 00:27:56|INFO|3/10|grid.best_params_={'C': 10000.0, 'gamma': 1e-05, 'kernel': 'rbf', 'max_iter': 1000}, grid.best_score_=0.6574074074074074, grid.best_index_=23, acc=0.5, time=0.6026022434234619
20-06-2022 00:27:56|INFO|Is groups None: True 
20-06-2022 00:27:56|INFO|4/10|grid.best_params_={'C': 10000000000.0, 'gamma': 1e-07, 'kernel': 'rbf', 'max_iter': 1000}, grid.best_score_=0.6203703703703705, grid.best_index_=43, acc=0.75, time=0.5847249031066895
20-06-2022 00:27:56|INFO|Is groups None: True 
20-06-2022 00:27:57|INFO|5/10|grid.best_params_={'C': 0.01, 'gamma': 1e-09, 'kernel': 'rbf', 'max_iter': 1000}, grid.best_score_=0.6018518518518519, grid.best_index_=0, acc=0.5833333333333334, time=0.5874354839324951
20-06-2022 00:27:57|INFO|Is groups None: True 
20-06-2022 00:27:57|INFO|6/10|grid.best_params_={'C': 1.0, 'gamma': 0.1, 'kernel': 'rbf', 'max_iter': 1000}, grid.best_score_=0.6203703703703705, grid.best_index_=11, acc=0.5833333333333334, time=0.6135728359222412
20-06-2022 00:27:57|INFO|Is groups None: True 
20-06-2022 00:27:58|INFO|7/10|grid.best_params_={'C': 1.0, 'gamma': 0.1, 'kernel': 'rbf', 'max_iter': 1000}, grid.best_score_=0.6203703703703705, grid.best_index_=11, acc=0.5833333333333334, time=0.7044458389282227
20-06-2022 00:27:58|INFO|Is groups None: True 
20-06-2022 00:27:59|INFO|8/10|grid.best_params_={'C': 1.0, 'gamma': 0.1, 'kernel': 'rbf', 'max_iter': 1000}, grid.best_score_=0.6203703703703705, grid.best_index_=11, acc=0.5833333333333334, time=0.665398359298706
20-06-2022 00:27:59|INFO|Is groups None: True 
20-06-2022 00:27:59|INFO|9/10|grid.best_params_={'C': 1.0, 'gamma': 0.1, 'kernel': 'rbf', 'max_iter': 1000}, grid.best_score_=0.6111111111111112, grid.best_index_=11, acc=0.6666666666666666, time=0.6289477348327637
20-06-2022 00:27:59|INFO|Is groups None: True 
20-06-2022 00:28:00|INFO|10/10|grid.best_params_={'C': 1.0, 'gamma': 0.1, 'kernel': 'rbf', 'max_iter': 1000}, grid.best_score_=0.6111111111111112, grid.best_index_=11, acc=0.6666666666666666, time=0.6670212745666504
20-06-2022 00:28:00|INFO|s04|10-CV=0.57500|STD=0.10172|Time spend=7.915579795837402
20-06-2022 00:28:01|INFO|Running Split-First
20-06-2022 00:28:01|INFO|X.shape=(120, 496), y.shape=(120,), groups.shape=(120,)
20-06-2022 00:28:01|INFO|Is groups None: True 
20-06-2022 00:28:02|INFO|1/10|grid.best_params_={'C': 1000000.0, 'gamma': 1e-07, 'kernel': 'rbf', 'max_iter': 1000}, grid.best_score_=0.6111111111111112, grid.best_index_=29, acc=0.4166666666666667, time=0.6016509532928467
20-06-2022 00:28:02|INFO|Is groups None: True 
20-06-2022 00:28:02|INFO|2/10|grid.best_params_={'C': 0.01, 'gamma': 1e-09, 'kernel': 'rbf', 'max_iter': 1000}, grid.best_score_=0.5925925925925926, grid.best_index_=0, acc=0.6666666666666666, time=0.6345276832580566
20-06-2022 00:28:02|INFO|Is groups None: True 
20-06-2022 00:28:03|INFO|3/10|grid.best_params_={'C': 0.01, 'gamma': 1e-09, 'kernel': 'rbf', 'max_iter': 1000}, grid.best_score_=0.6018518518518519, grid.best_index_=0, acc=0.5833333333333334, time=0.7332007884979248
20-06-2022 00:28:03|INFO|Is groups None: True 
20-06-2022 00:28:04|INFO|4/10|grid.best_params_={'C': 10000.0, 'gamma': 0.001, 'kernel': 'rbf', 'max_iter': 1000}, grid.best_score_=0.6481481481481481, grid.best_index_=24, acc=0.25, time=0.6774337291717529
20-06-2022 00:28:04|INFO|Is groups None: True 
20-06-2022 00:28:04|INFO|5/10|grid.best_params_={'C': 0.01, 'gamma': 1e-09, 'kernel': 'rbf', 'max_iter': 1000}, grid.best_score_=0.6018518518518519, grid.best_index_=0, acc=0.5833333333333334, time=0.6636369228363037
20-06-2022 00:28:04|INFO|Is groups None: True 
20-06-2022 00:28:05|INFO|6/10|grid.best_params_={'C': 0.01, 'gamma': 1e-09, 'kernel': 'rbf', 'max_iter': 1000}, grid.best_score_=0.6018518518518519, grid.best_index_=0, acc=0.5833333333333334, time=0.6338019371032715
20-06-2022 00:28:05|INFO|Is groups None: True 
20-06-2022 00:28:06|INFO|7/10|grid.best_params_={'C': 0.01, 'gamma': 1e-09, 'kernel': 'rbf', 'max_iter': 1000}, grid.best_score_=0.6018518518518519, grid.best_index_=0, acc=0.5833333333333334, time=0.6247882843017578
20-06-2022 00:28:06|INFO|Is groups None: True 
20-06-2022 00:28:06|INFO|8/10|grid.best_params_={'C': 100000000.0, 'gamma': 1e-07, 'kernel': 'rbf', 'max_iter': 1000}, grid.best_score_=0.6203703703703703, grid.best_index_=36, acc=0.5, time=0.6306471824645996
20-06-2022 00:28:06|INFO|Is groups None: True 
20-06-2022 00:28:07|INFO|9/10|grid.best_params_={'C': 0.01, 'gamma': 1e-09, 'kernel': 'rbf', 'max_iter': 1000}, grid.best_score_=0.6018518518518519, grid.best_index_=0, acc=0.5833333333333334, time=0.685798168182373
20-06-2022 00:28:07|INFO|Is groups None: True 
20-06-2022 00:28:08|INFO|10/10|grid.best_params_={'C': 0.01, 'gamma': 1e-09, 'kernel': 'rbf', 'max_iter': 1000}, grid.best_score_=0.6018518518518519, grid.best_index_=0, acc=0.5833333333333334, time=0.6817150115966797
20-06-2022 00:28:08|INFO|s05|10-CV=0.53333|STD=0.11304|Time spend=7.654926061630249
20-06-2022 00:28:10|INFO|Running Split-First
20-06-2022 00:28:10|INFO|X.shape=(120, 496), y.shape=(120,), groups.shape=(120,)
20-06-2022 00:28:10|INFO|Is groups None: True 
20-06-2022 00:28:10|INFO|1/10|grid.best_params_={'C': 0.01, 'gamma': 1e-09, 'kernel': 'rbf', 'max_iter': 1000}, grid.best_score_=0.75, grid.best_index_=0, acc=0.75, time=0.620201826095581
20-06-2022 00:28:10|INFO|Is groups None: True 
20-06-2022 00:28:11|INFO|2/10|grid.best_params_={'C': 0.01, 'gamma': 1e-09, 'kernel': 'rbf', 'max_iter': 1000}, grid.best_score_=0.75, grid.best_index_=0, acc=0.75, time=0.5966911315917969
20-06-2022 00:28:11|INFO|Is groups None: True 
20-06-2022 00:28:11|INFO|3/10|grid.best_params_={'C': 0.01, 'gamma': 1e-09, 'kernel': 'rbf', 'max_iter': 1000}, grid.best_score_=0.75, grid.best_index_=0, acc=0.75, time=0.6149518489837646
20-06-2022 00:28:11|INFO|Is groups None: True 
20-06-2022 00:28:12|INFO|4/10|grid.best_params_={'C': 0.01, 'gamma': 1e-09, 'kernel': 'rbf', 'max_iter': 1000}, grid.best_score_=0.75, grid.best_index_=0, acc=0.75, time=0.5983541011810303
20-06-2022 00:28:12|INFO|Is groups None: True 
20-06-2022 00:28:13|INFO|5/10|grid.best_params_={'C': 0.01, 'gamma': 1e-09, 'kernel': 'rbf', 'max_iter': 1000}, grid.best_score_=0.75, grid.best_index_=0, acc=0.75, time=0.6174201965332031
20-06-2022 00:28:13|INFO|Is groups None: True 
20-06-2022 00:28:13|INFO|6/10|grid.best_params_={'C': 0.01, 'gamma': 1e-09, 'kernel': 'rbf', 'max_iter': 1000}, grid.best_score_=0.75, grid.best_index_=0, acc=0.75, time=0.6231179237365723
20-06-2022 00:28:13|INFO|Is groups None: True 
20-06-2022 00:28:14|INFO|7/10|grid.best_params_={'C': 0.01, 'gamma': 1e-09, 'kernel': 'rbf', 'max_iter': 1000}, grid.best_score_=0.75, grid.best_index_=0, acc=0.75, time=0.6547877788543701
20-06-2022 00:28:14|INFO|Is groups None: True 
20-06-2022 00:28:15|INFO|8/10|grid.best_params_={'C': 0.01, 'gamma': 1e-09, 'kernel': 'rbf', 'max_iter': 1000}, grid.best_score_=0.75, grid.best_index_=0, acc=0.75, time=0.654341459274292
20-06-2022 00:28:15|INFO|Is groups None: True 
20-06-2022 00:28:15|INFO|9/10|grid.best_params_={'C': 0.01, 'gamma': 1e-09, 'kernel': 'rbf', 'max_iter': 1000}, grid.best_score_=0.75, grid.best_index_=0, acc=0.75, time=0.6167526245117188
20-06-2022 00:28:15|INFO|Is groups None: True 
20-06-2022 00:28:16|INFO|10/10|grid.best_params_={'C': 0.01, 'gamma': 1e-09, 'kernel': 'rbf', 'max_iter': 1000}, grid.best_score_=0.75, grid.best_index_=0, acc=0.75, time=0.605921745300293
20-06-2022 00:28:16|INFO|s06|10-CV=0.75000|STD=0.00000|Time spend=8.104363918304443
20-06-2022 00:28:17|INFO|Running Split-First
20-06-2022 00:28:17|INFO|X.shape=(120, 496), y.shape=(120,), groups.shape=(120,)
20-06-2022 00:28:17|INFO|Is groups None: True 
20-06-2022 00:28:17|INFO|1/10|grid.best_params_={'C': 100.0, 'gamma': 1e-05, 'kernel': 'rbf', 'max_iter': 1000}, grid.best_score_=0.7222222222222223, grid.best_index_=16, acc=0.75, time=0.6121363639831543
20-06-2022 00:28:17|INFO|Is groups None: True 
20-06-2022 00:28:18|INFO|2/10|grid.best_params_={'C': 100.0, 'gamma': 1e-05, 'kernel': 'rbf', 'max_iter': 1000}, grid.best_score_=0.7222222222222222, grid.best_index_=16, acc=0.6666666666666666, time=0.7476406097412109
20-06-2022 00:28:18|INFO|Is groups None: True 
20-06-2022 00:28:19|INFO|3/10|grid.best_params_={'C': 100.0, 'gamma': 1e-05, 'kernel': 'rbf', 'max_iter': 1000}, grid.best_score_=0.7037037037037037, grid.best_index_=16, acc=0.75, time=0.7646486759185791
20-06-2022 00:28:19|INFO|Is groups None: True 
20-06-2022 00:28:20|INFO|4/10|grid.best_params_={'C': 100.0, 'gamma': 1e-05, 'kernel': 'rbf', 'max_iter': 1000}, grid.best_score_=0.7037037037037037, grid.best_index_=16, acc=0.75, time=0.7113111019134521
20-06-2022 00:28:20|INFO|Is groups None: True 
20-06-2022 00:28:20|INFO|5/10|grid.best_params_={'C': 0.01, 'gamma': 1e-09, 'kernel': 'rbf', 'max_iter': 1000}, grid.best_score_=0.7037037037037037, grid.best_index_=0, acc=0.6666666666666666, time=0.6558787822723389
20-06-2022 00:28:20|INFO|Is groups None: True 
20-06-2022 00:28:21|INFO|6/10|grid.best_params_={'C': 1000000.0, 'gamma': 1e-09, 'kernel': 'rbf', 'max_iter': 1000}, grid.best_score_=0.712962962962963, grid.best_index_=28, acc=0.6666666666666666, time=0.6269059181213379
20-06-2022 00:28:21|INFO|Is groups None: True 
20-06-2022 00:28:22|INFO|7/10|grid.best_params_={'C': 100.0, 'gamma': 1e-05, 'kernel': 'rbf', 'max_iter': 1000}, grid.best_score_=0.7222222222222222, grid.best_index_=16, acc=0.6666666666666666, time=0.608210563659668
20-06-2022 00:28:22|INFO|Is groups None: True 
20-06-2022 00:28:22|INFO|8/10|grid.best_params_={'C': 100.0, 'gamma': 1e-05, 'kernel': 'rbf', 'max_iter': 1000}, grid.best_score_=0.712962962962963, grid.best_index_=16, acc=0.6666666666666666, time=0.6194007396697998
20-06-2022 00:28:22|INFO|Is groups None: True 
20-06-2022 00:28:23|INFO|9/10|grid.best_params_={'C': 100.0, 'gamma': 1e-05, 'kernel': 'rbf', 'max_iter': 1000}, grid.best_score_=0.712962962962963, grid.best_index_=16, acc=0.6666666666666666, time=0.6534740924835205
20-06-2022 00:28:23|INFO|Is groups None: True 
20-06-2022 00:28:23|INFO|10/10|grid.best_params_={'C': 100.0, 'gamma': 1e-05, 'kernel': 'rbf', 'max_iter': 1000}, grid.best_score_=0.7222222222222223, grid.best_index_=16, acc=0.75, time=0.6492648124694824
20-06-2022 00:28:23|INFO|s07|10-CV=0.70000|STD=0.04082|Time spend=7.695820569992065
20-06-2022 00:28:25|INFO|Running Split-First
20-06-2022 00:28:25|INFO|X.shape=(120, 496), y.shape=(120,), groups.shape=(120,)
20-06-2022 00:28:25|INFO|Is groups None: True 
20-06-2022 00:28:26|INFO|1/10|grid.best_params_={'C': 100.0, 'gamma': 0.001, 'kernel': 'rbf', 'max_iter': 1000}, grid.best_score_=0.6851851851851852, grid.best_index_=17, acc=0.75, time=0.6645748615264893
20-06-2022 00:28:26|INFO|Is groups None: True 
20-06-2022 00:28:27|INFO|2/10|grid.best_params_={'C': 10000.0, 'gamma': 1e-05, 'kernel': 'rbf', 'max_iter': 1000}, grid.best_score_=0.6666666666666665, grid.best_index_=23, acc=0.6666666666666666, time=0.6549351215362549
20-06-2022 00:28:27|INFO|Is groups None: True 
20-06-2022 00:28:27|INFO|3/10|grid.best_params_={'C': 100000000.0, 'gamma': 1e-09, 'kernel': 'rbf', 'max_iter': 1000}, grid.best_score_=0.6574074074074074, grid.best_index_=35, acc=0.5833333333333334, time=0.6746566295623779
20-06-2022 00:28:27|INFO|Is groups None: True 
20-06-2022 00:28:28|INFO|4/10|grid.best_params_={'C': 100000000.0, 'gamma': 1e-07, 'kernel': 'rbf', 'max_iter': 1000}, grid.best_score_=0.6666666666666666, grid.best_index_=36, acc=0.6666666666666666, time=0.7051935195922852
20-06-2022 00:28:28|INFO|Is groups None: True 
20-06-2022 00:28:29|INFO|5/10|grid.best_params_={'C': 100.0, 'gamma': 1e-05, 'kernel': 'rbf', 'max_iter': 1000}, grid.best_score_=0.6759259259259259, grid.best_index_=16, acc=0.75, time=0.679316520690918
20-06-2022 00:28:29|INFO|Is groups None: True 
20-06-2022 00:28:29|INFO|6/10|grid.best_params_={'C': 100.0, 'gamma': 1e-05, 'kernel': 'rbf', 'max_iter': 1000}, grid.best_score_=0.675925925925926, grid.best_index_=16, acc=0.5833333333333334, time=0.7441341876983643
20-06-2022 00:28:29|INFO|Is groups None: True 
20-06-2022 00:28:30|INFO|7/10|grid.best_params_={'C': 100000000.0, 'gamma': 1e-09, 'kernel': 'rbf', 'max_iter': 1000}, grid.best_score_=0.6944444444444444, grid.best_index_=35, acc=0.4166666666666667, time=0.7143208980560303
20-06-2022 00:28:30|INFO|Is groups None: True 
20-06-2022 00:28:31|INFO|8/10|grid.best_params_={'C': 10000.0, 'gamma': 1e-05, 'kernel': 'rbf', 'max_iter': 1000}, grid.best_score_=0.6851851851851851, grid.best_index_=23, acc=0.5, time=0.6809000968933105
20-06-2022 00:28:31|INFO|Is groups None: True 
20-06-2022 00:28:31|INFO|9/10|grid.best_params_={'C': 100.0, 'gamma': 1e-05, 'kernel': 'rbf', 'max_iter': 1000}, grid.best_score_=0.6851851851851852, grid.best_index_=16, acc=0.5, time=0.6432914733886719
20-06-2022 00:28:31|INFO|Is groups None: True 
20-06-2022 00:28:32|INFO|10/10|grid.best_params_={'C': 10000.0, 'gamma': 1e-05, 'kernel': 'rbf', 'max_iter': 1000}, grid.best_score_=0.7037037037037037, grid.best_index_=23, acc=0.6666666666666666, time=0.6336174011230469
20-06-2022 00:28:32|INFO|s08|10-CV=0.60833|STD=0.10574|Time spend=8.622195482254028
20-06-2022 00:28:33|INFO|Running Split-First
20-06-2022 00:28:33|INFO|X.shape=(120, 496), y.shape=(120,), groups.shape=(120,)
20-06-2022 00:28:33|INFO|Is groups None: True 
20-06-2022 00:28:34|INFO|1/10|grid.best_params_={'C': 100.0, 'gamma': 0.1, 'kernel': 'rbf', 'max_iter': 1000}, grid.best_score_=0.6018518518518519, grid.best_index_=18, acc=0.5, time=0.7125821113586426
20-06-2022 00:28:34|INFO|Is groups None: True 
20-06-2022 00:28:35|INFO|2/10|grid.best_params_={'C': 1.0, 'gamma': 0.001, 'kernel': 'rbf', 'max_iter': 1000}, grid.best_score_=0.6018518518518519, grid.best_index_=10, acc=0.25, time=0.7372391223907471
20-06-2022 00:28:35|INFO|Is groups None: True 
20-06-2022 00:28:35|INFO|3/10|grid.best_params_={'C': 100.0, 'gamma': 1e-05, 'kernel': 'rbf', 'max_iter': 1000}, grid.best_score_=0.5925925925925927, grid.best_index_=16, acc=0.5, time=0.7229762077331543
20-06-2022 00:28:35|INFO|Is groups None: True 
20-06-2022 00:28:36|INFO|4/10|grid.best_params_={'C': 100000000.0, 'gamma': 1e-09, 'kernel': 'rbf', 'max_iter': 1000}, grid.best_score_=0.6296296296296297, grid.best_index_=35, acc=0.4166666666666667, time=0.7051711082458496
20-06-2022 00:28:36|INFO|Is groups None: True 
20-06-2022 00:28:37|INFO|5/10|grid.best_params_={'C': 1000000.0, 'gamma': 1e-09, 'kernel': 'rbf', 'max_iter': 1000}, grid.best_score_=0.5925925925925927, grid.best_index_=28, acc=0.8333333333333334, time=0.6929340362548828
20-06-2022 00:28:37|INFO|Is groups None: True 
20-06-2022 00:28:37|INFO|6/10|grid.best_params_={'C': 10000.0, 'gamma': 1e-07, 'kernel': 'rbf', 'max_iter': 1000}, grid.best_score_=0.6203703703703705, grid.best_index_=22, acc=0.5833333333333334, time=0.7007598876953125
20-06-2022 00:28:37|INFO|Is groups None: True 
20-06-2022 00:28:38|INFO|7/10|grid.best_params_={'C': 1000000.0, 'gamma': 1e-09, 'kernel': 'rbf', 'max_iter': 1000}, grid.best_score_=0.6388888888888888, grid.best_index_=28, acc=0.5, time=0.7048823833465576
20-06-2022 00:28:38|INFO|Is groups None: True 
20-06-2022 00:28:39|INFO|8/10|grid.best_params_={'C': 10000000000.0, 'gamma': 1e-09, 'kernel': 'rbf', 'max_iter': 1000}, grid.best_score_=0.638888888888889, grid.best_index_=42, acc=0.5, time=0.721367359161377
20-06-2022 00:28:39|INFO|Is groups None: True 
20-06-2022 00:28:40|INFO|9/10|grid.best_params_={'C': 1000000.0, 'gamma': 1e-07, 'kernel': 'rbf', 'max_iter': 1000}, grid.best_score_=0.6018518518518517, grid.best_index_=29, acc=0.75, time=0.7785847187042236
20-06-2022 00:28:40|INFO|Is groups None: True 
20-06-2022 00:28:40|INFO|10/10|grid.best_params_={'C': 10000.0, 'gamma': 1e-05, 'kernel': 'rbf', 'max_iter': 1000}, grid.best_score_=0.6388888888888888, grid.best_index_=23, acc=0.5, time=0.7918777465820312
20-06-2022 00:28:41|INFO|s09|10-CV=0.53333|STD=0.15456|Time spend=8.390246391296387
20-06-2022 00:28:42|INFO|Running Split-First
20-06-2022 00:28:42|INFO|X.shape=(120, 496), y.shape=(120,), groups.shape=(120,)
20-06-2022 00:28:42|INFO|Is groups None: True 
20-06-2022 00:28:42|INFO|1/10|grid.best_params_={'C': 100.0, 'gamma': 1e-05, 'kernel': 'rbf', 'max_iter': 1000}, grid.best_score_=0.7314814814814814, grid.best_index_=16, acc=0.5833333333333334, time=0.7374978065490723
20-06-2022 00:28:42|INFO|Is groups None: True 
20-06-2022 00:28:43|INFO|2/10|grid.best_params_={'C': 1000000.0, 'gamma': 1e-09, 'kernel': 'rbf', 'max_iter': 1000}, grid.best_score_=0.7222222222222221, grid.best_index_=28, acc=0.5, time=0.710364818572998
20-06-2022 00:28:43|INFO|Is groups None: True 
20-06-2022 00:28:44|INFO|3/10|grid.best_params_={'C': 100.0, 'gamma': 1e-05, 'kernel': 'rbf', 'max_iter': 1000}, grid.best_score_=0.7407407407407408, grid.best_index_=16, acc=0.5, time=0.6701605319976807
20-06-2022 00:28:44|INFO|Is groups None: True 
20-06-2022 00:28:45|INFO|4/10|grid.best_params_={'C': 100.0, 'gamma': 1e-05, 'kernel': 'rbf', 'max_iter': 1000}, grid.best_score_=0.7037037037037037, grid.best_index_=16, acc=0.5833333333333334, time=0.7325789928436279
20-06-2022 00:28:45|INFO|Is groups None: True 
20-06-2022 00:28:45|INFO|5/10|grid.best_params_={'C': 100.0, 'gamma': 1e-05, 'kernel': 'rbf', 'max_iter': 1000}, grid.best_score_=0.6666666666666666, grid.best_index_=16, acc=0.9166666666666666, time=0.7340049743652344
20-06-2022 00:28:45|INFO|Is groups None: True 
20-06-2022 00:28:46|INFO|6/10|grid.best_params_={'C': 1000000.0, 'gamma': 1e-09, 'kernel': 'rbf', 'max_iter': 1000}, grid.best_score_=0.712962962962963, grid.best_index_=28, acc=0.5833333333333334, time=0.8030521869659424
20-06-2022 00:28:46|INFO|Is groups None: True 
20-06-2022 00:28:47|INFO|7/10|grid.best_params_={'C': 100.0, 'gamma': 1e-05, 'kernel': 'rbf', 'max_iter': 1000}, grid.best_score_=0.7037037037037037, grid.best_index_=16, acc=0.6666666666666666, time=0.6713690757751465
20-06-2022 00:28:47|INFO|Is groups None: True 
20-06-2022 00:28:48|INFO|8/10|grid.best_params_={'C': 100.0, 'gamma': 0.001, 'kernel': 'rbf', 'max_iter': 1000}, grid.best_score_=0.7407407407407408, grid.best_index_=17, acc=0.75, time=0.6948544979095459
20-06-2022 00:28:48|INFO|Is groups None: True 
20-06-2022 00:28:48|INFO|9/10|grid.best_params_={'C': 100.0, 'gamma': 0.001, 'kernel': 'rbf', 'max_iter': 1000}, grid.best_score_=0.6944444444444444, grid.best_index_=17, acc=0.75, time=0.681117057800293
20-06-2022 00:28:48|INFO|Is groups None: True 
20-06-2022 00:28:49|INFO|10/10|grid.best_params_={'C': 100.0, 'gamma': 1e-05, 'kernel': 'rbf', 'max_iter': 1000}, grid.best_score_=0.675925925925926, grid.best_index_=16, acc=0.8333333333333334, time=0.7016103267669678
20-06-2022 00:28:49|INFO|s10|10-CV=0.66667|STD=0.13437|Time spend=8.452861309051514
20-06-2022 00:28:51|INFO|Running Split-First
20-06-2022 00:28:51|INFO|X.shape=(120, 496), y.shape=(120,), groups.shape=(120,)
20-06-2022 00:28:51|INFO|Is groups None: True 
20-06-2022 00:28:51|INFO|1/10|grid.best_params_={'C': 1.0, 'gamma': 0.1, 'kernel': 'rbf', 'max_iter': 1000}, grid.best_score_=0.6111111111111112, grid.best_index_=11, acc=0.6666666666666666, time=0.7114682197570801
20-06-2022 00:28:51|INFO|Is groups None: True 
20-06-2022 00:28:52|INFO|2/10|grid.best_params_={'C': 10000000000.0, 'gamma': 1e-09, 'kernel': 'rbf', 'max_iter': 1000}, grid.best_score_=0.6666666666666667, grid.best_index_=42, acc=0.5833333333333334, time=0.6812167167663574
20-06-2022 00:28:52|INFO|Is groups None: True 
20-06-2022 00:28:53|INFO|3/10|grid.best_params_={'C': 100000000.0, 'gamma': 1e-09, 'kernel': 'rbf', 'max_iter': 1000}, grid.best_score_=0.6944444444444444, grid.best_index_=35, acc=0.3333333333333333, time=0.6780807971954346
20-06-2022 00:28:53|INFO|Is groups None: True 
20-06-2022 00:28:54|INFO|4/10|grid.best_params_={'C': 100000000.0, 'gamma': 1e-09, 'kernel': 'rbf', 'max_iter': 1000}, grid.best_score_=0.6574074074074073, grid.best_index_=35, acc=0.5833333333333334, time=0.7058792114257812
20-06-2022 00:28:54|INFO|Is groups None: True 
20-06-2022 00:28:54|INFO|5/10|grid.best_params_={'C': 10000000000.0, 'gamma': 1e-09, 'kernel': 'rbf', 'max_iter': 1000}, grid.best_score_=0.6296296296296297, grid.best_index_=42, acc=0.5833333333333334, time=0.6881048679351807
20-06-2022 00:28:54|INFO|Is groups None: True 
20-06-2022 00:28:55|INFO|6/10|grid.best_params_={'C': 100000000.0, 'gamma': 1e-07, 'kernel': 'rbf', 'max_iter': 1000}, grid.best_score_=0.6388888888888888, grid.best_index_=36, acc=0.4166666666666667, time=0.7314121723175049
20-06-2022 00:28:55|INFO|Is groups None: True 
20-06-2022 00:28:56|INFO|7/10|grid.best_params_={'C': 100000000.0, 'gamma': 1e-07, 'kernel': 'rbf', 'max_iter': 1000}, grid.best_score_=0.6388888888888888, grid.best_index_=36, acc=0.4166666666666667, time=0.7431416511535645
20-06-2022 00:28:56|INFO|Is groups None: True 
20-06-2022 00:28:56|INFO|8/10|grid.best_params_={'C': 10000.0, 'gamma': 1e-05, 'kernel': 'rbf', 'max_iter': 1000}, grid.best_score_=0.6203703703703703, grid.best_index_=23, acc=0.6666666666666666, time=0.7476582527160645
20-06-2022 00:28:56|INFO|Is groups None: True 
20-06-2022 00:28:57|INFO|9/10|grid.best_params_={'C': 100.0, 'gamma': 0.1, 'kernel': 'rbf', 'max_iter': 1000}, grid.best_score_=0.6203703703703703, grid.best_index_=18, acc=0.5833333333333334, time=0.6804647445678711
20-06-2022 00:28:57|INFO|Is groups None: True 
20-06-2022 00:28:58|INFO|10/10|grid.best_params_={'C': 100.0, 'gamma': 0.1, 'kernel': 'rbf', 'max_iter': 1000}, grid.best_score_=0.6203703703703703, grid.best_index_=18, acc=0.5833333333333334, time=0.7287871837615967
20-06-2022 00:28:58|INFO|s11|10-CV=0.54167|STD=0.10704|Time spend=8.929574012756348
20-06-2022 00:28:59|INFO|Running Split-First
20-06-2022 00:28:59|INFO|X.shape=(120, 496), y.shape=(120,), groups.shape=(120,)
20-06-2022 00:28:59|INFO|Is groups None: True 
20-06-2022 00:29:00|INFO|1/10|grid.best_params_={'C': 100.0, 'gamma': 0.001, 'kernel': 'rbf', 'max_iter': 1000}, grid.best_score_=0.537037037037037, grid.best_index_=17, acc=0.5833333333333334, time=0.6958491802215576
20-06-2022 00:29:00|INFO|Is groups None: True 
20-06-2022 00:29:00|INFO|2/10|grid.best_params_={'C': 10000000000.0, 'gamma': 1e-09, 'kernel': 'rbf', 'max_iter': 1000}, grid.best_score_=0.6018518518518517, grid.best_index_=42, acc=0.16666666666666666, time=0.7697038650512695
20-06-2022 00:29:00|INFO|Is groups None: True 
20-06-2022 00:29:01|INFO|3/10|grid.best_params_={'C': 1.0, 'gamma': 0.001, 'kernel': 'rbf', 'max_iter': 1000}, grid.best_score_=0.5370370370370371, grid.best_index_=10, acc=0.4166666666666667, time=0.7414507865905762
20-06-2022 00:29:01|INFO|Is groups None: True 
20-06-2022 00:29:02|INFO|4/10|grid.best_params_={'C': 100000000.0, 'gamma': 1e-09, 'kernel': 'rbf', 'max_iter': 1000}, grid.best_score_=0.5648148148148148, grid.best_index_=35, acc=0.5, time=0.694774866104126
20-06-2022 00:29:02|INFO|Is groups None: True 
20-06-2022 00:29:03|INFO|5/10|grid.best_params_={'C': 1.0, 'gamma': 0.001, 'kernel': 'rbf', 'max_iter': 1000}, grid.best_score_=0.5555555555555555, grid.best_index_=10, acc=0.5, time=0.7169785499572754
20-06-2022 00:29:03|INFO|Is groups None: True 
20-06-2022 00:29:03|INFO|6/10|grid.best_params_={'C': 1000000.0, 'gamma': 1e-07, 'kernel': 'rbf', 'max_iter': 1000}, grid.best_score_=0.5370370370370371, grid.best_index_=29, acc=0.3333333333333333, time=0.6957430839538574
20-06-2022 00:29:03|INFO|Is groups None: True 
20-06-2022 00:29:04|INFO|7/10|grid.best_params_={'C': 0.01, 'gamma': 1e-09, 'kernel': 'rbf', 'max_iter': 1000}, grid.best_score_=0.5277777777777778, grid.best_index_=0, acc=0.5, time=0.6975693702697754
20-06-2022 00:29:04|INFO|Is groups None: True 
20-06-2022 00:29:05|INFO|8/10|grid.best_params_={'C': 10000.0, 'gamma': 1e-05, 'kernel': 'rbf', 'max_iter': 1000}, grid.best_score_=0.5555555555555556, grid.best_index_=23, acc=0.4166666666666667, time=0.6830503940582275
20-06-2022 00:29:05|INFO|Is groups None: True 
20-06-2022 00:29:05|INFO|9/10|grid.best_params_={'C': 100.0, 'gamma': 0.001, 'kernel': 'rbf', 'max_iter': 1000}, grid.best_score_=0.5925925925925927, grid.best_index_=17, acc=0.3333333333333333, time=0.761570930480957
20-06-2022 00:29:05|INFO|Is groups None: True 
20-06-2022 00:29:06|INFO|10/10|grid.best_params_={'C': 0.01, 'gamma': 1e-09, 'kernel': 'rbf', 'max_iter': 1000}, grid.best_score_=0.5277777777777778, grid.best_index_=0, acc=0.5, time=0.7453160285949707
20-06-2022 00:29:06|INFO|s12|10-CV=0.42500|STD=0.11456|Time spend=8.303882122039795
20-06-2022 00:29:07|INFO|Running Split-First
20-06-2022 00:29:07|INFO|X.shape=(120, 496), y.shape=(120,), groups.shape=(120,)
20-06-2022 00:29:07|INFO|Is groups None: True 
20-06-2022 00:29:08|INFO|1/10|grid.best_params_={'C': 1.0, 'gamma': 0.001, 'kernel': 'rbf', 'max_iter': 1000}, grid.best_score_=0.6574074074074074, grid.best_index_=10, acc=0.4166666666666667, time=0.6970541477203369
20-06-2022 00:29:08|INFO|Is groups None: True 
20-06-2022 00:29:09|INFO|2/10|grid.best_params_={'C': 1000000.0, 'gamma': 1e-09, 'kernel': 'rbf', 'max_iter': 1000}, grid.best_score_=0.611111111111111, grid.best_index_=28, acc=0.75, time=0.7002019882202148
20-06-2022 00:29:09|INFO|Is groups None: True 
20-06-2022 00:29:10|INFO|3/10|grid.best_params_={'C': 100.0, 'gamma': 1e-05, 'kernel': 'rbf', 'max_iter': 1000}, grid.best_score_=0.6481481481481481, grid.best_index_=16, acc=0.5833333333333334, time=0.7127602100372314
20-06-2022 00:29:10|INFO|Is groups None: True 
20-06-2022 00:29:10|INFO|4/10|grid.best_params_={'C': 100.0, 'gamma': 1e-05, 'kernel': 'rbf', 'max_iter': 1000}, grid.best_score_=0.6574074074074074, grid.best_index_=16, acc=0.3333333333333333, time=0.6938884258270264
20-06-2022 00:29:10|INFO|Is groups None: True 
20-06-2022 00:29:11|INFO|5/10|grid.best_params_={'C': 100.0, 'gamma': 0.001, 'kernel': 'rbf', 'max_iter': 1000}, grid.best_score_=0.6481481481481483, grid.best_index_=17, acc=0.5, time=0.7808222770690918
20-06-2022 00:29:11|INFO|Is groups None: True 
20-06-2022 00:29:12|INFO|6/10|grid.best_params_={'C': 100.0, 'gamma': 0.001, 'kernel': 'rbf', 'max_iter': 1000}, grid.best_score_=0.6111111111111112, grid.best_index_=17, acc=0.5833333333333334, time=0.7359187602996826
20-06-2022 00:29:12|INFO|Is groups None: True 
20-06-2022 00:29:12|INFO|7/10|grid.best_params_={'C': 1.0, 'gamma': 0.001, 'kernel': 'rbf', 'max_iter': 1000}, grid.best_score_=0.6296296296296297, grid.best_index_=10, acc=0.5, time=0.7088415622711182
20-06-2022 00:29:13|INFO|Is groups None: True 
20-06-2022 00:29:13|INFO|8/10|grid.best_params_={'C': 100.0, 'gamma': 0.001, 'kernel': 'rbf', 'max_iter': 1000}, grid.best_score_=0.6018518518518519, grid.best_index_=17, acc=0.5, time=0.6799027919769287
20-06-2022 00:29:13|INFO|Is groups None: True 
20-06-2022 00:29:14|INFO|9/10|grid.best_params_={'C': 1000000.0, 'gamma': 1e-09, 'kernel': 'rbf', 'max_iter': 1000}, grid.best_score_=0.6111111111111112, grid.best_index_=28, acc=0.6666666666666666, time=0.6794047355651855
20-06-2022 00:29:14|INFO|Is groups None: True 
20-06-2022 00:29:15|INFO|10/10|grid.best_params_={'C': 100.0, 'gamma': 0.001, 'kernel': 'rbf', 'max_iter': 1000}, grid.best_score_=0.6203703703703703, grid.best_index_=17, acc=0.6666666666666666, time=0.690000057220459
20-06-2022 00:29:15|INFO|s13|10-CV=0.55000|STD=0.11902|Time spend=8.381487369537354
20-06-2022 00:29:16|INFO|Running Split-First
20-06-2022 00:29:16|INFO|X.shape=(120, 496), y.shape=(120,), groups.shape=(120,)
20-06-2022 00:29:16|INFO|Is groups None: True 
20-06-2022 00:29:17|INFO|1/10|grid.best_params_={'C': 100.0, 'gamma': 0.001, 'kernel': 'rbf', 'max_iter': 1000}, grid.best_score_=0.6666666666666666, grid.best_index_=17, acc=0.8333333333333334, time=0.7619781494140625
20-06-2022 00:29:17|INFO|Is groups None: True 
20-06-2022 00:29:17|INFO|2/10|grid.best_params_={'C': 10000.0, 'gamma': 1e-05, 'kernel': 'rbf', 'max_iter': 1000}, grid.best_score_=0.7037037037037037, grid.best_index_=23, acc=0.5833333333333334, time=0.7249066829681396
20-06-2022 00:29:17|INFO|Is groups None: True 
20-06-2022 00:29:18|INFO|3/10|grid.best_params_={'C': 1000000.0, 'gamma': 1e-07, 'kernel': 'rbf', 'max_iter': 1000}, grid.best_score_=0.6759259259259259, grid.best_index_=29, acc=0.5, time=0.7117435932159424
20-06-2022 00:29:18|INFO|Is groups None: True 
20-06-2022 00:29:19|INFO|4/10|grid.best_params_={'C': 100.0, 'gamma': 1e-05, 'kernel': 'rbf', 'max_iter': 1000}, grid.best_score_=0.6203703703703703, grid.best_index_=16, acc=0.5833333333333334, time=0.699284553527832
20-06-2022 00:29:19|INFO|Is groups None: True 
20-06-2022 00:29:19|INFO|5/10|grid.best_params_={'C': 100.0, 'gamma': 0.001, 'kernel': 'rbf', 'max_iter': 1000}, grid.best_score_=0.6296296296296295, grid.best_index_=17, acc=0.75, time=0.6942851543426514
20-06-2022 00:29:19|INFO|Is groups None: True 
20-06-2022 00:29:20|INFO|6/10|grid.best_params_={'C': 1000000.0, 'gamma': 1e-07, 'kernel': 'rbf', 'max_iter': 1000}, grid.best_score_=0.6388888888888888, grid.best_index_=29, acc=0.3333333333333333, time=0.6813857555389404
20-06-2022 00:29:20|INFO|Is groups None: True 
20-06-2022 00:29:21|INFO|7/10|grid.best_params_={'C': 100.0, 'gamma': 0.001, 'kernel': 'rbf', 'max_iter': 1000}, grid.best_score_=0.6203703703703705, grid.best_index_=17, acc=0.5833333333333334, time=0.7396965026855469
20-06-2022 00:29:21|INFO|Is groups None: True 
20-06-2022 00:29:22|INFO|8/10|grid.best_params_={'C': 100000000.0, 'gamma': 1e-07, 'kernel': 'rbf', 'max_iter': 1000}, grid.best_score_=0.6203703703703703, grid.best_index_=36, acc=0.6666666666666666, time=0.8215148448944092
20-06-2022 00:29:22|INFO|Is groups None: True 
20-06-2022 00:29:22|INFO|9/10|grid.best_params_={'C': 10000.0, 'gamma': 1e-05, 'kernel': 'rbf', 'max_iter': 1000}, grid.best_score_=0.6296296296296297, grid.best_index_=23, acc=0.6666666666666666, time=0.806800127029419
20-06-2022 00:29:22|INFO|Is groups None: True 
20-06-2022 00:29:23|INFO|10/10|grid.best_params_={'C': 1000000.0, 'gamma': 1e-07, 'kernel': 'rbf', 'max_iter': 1000}, grid.best_score_=0.6574074074074074, grid.best_index_=29, acc=0.5, time=0.7287144660949707
20-06-2022 00:29:23|INFO|s14|10-CV=0.60000|STD=0.13333|Time spend=8.624789714813232
20-06-2022 00:29:24|INFO|Running Split-First
20-06-2022 00:29:24|INFO|X.shape=(120, 496), y.shape=(120,), groups.shape=(120,)
20-06-2022 00:29:24|INFO|Is groups None: True 
20-06-2022 00:29:25|INFO|1/10|grid.best_params_={'C': 100.0, 'gamma': 0.001, 'kernel': 'rbf', 'max_iter': 1000}, grid.best_score_=0.6296296296296297, grid.best_index_=17, acc=0.75, time=0.6799733638763428
20-06-2022 00:29:25|INFO|Is groups None: True 
20-06-2022 00:29:26|INFO|2/10|grid.best_params_={'C': 100.0, 'gamma': 0.001, 'kernel': 'rbf', 'max_iter': 1000}, grid.best_score_=0.5925925925925926, grid.best_index_=17, acc=0.5, time=0.7015547752380371
20-06-2022 00:29:26|INFO|Is groups None: True 
20-06-2022 00:29:26|INFO|3/10|grid.best_params_={'C': 100.0, 'gamma': 0.001, 'kernel': 'rbf', 'max_iter': 1000}, grid.best_score_=0.7037037037037037, grid.best_index_=17, acc=0.5, time=0.7485368251800537
20-06-2022 00:29:26|INFO|Is groups None: True 
20-06-2022 00:29:27|INFO|4/10|grid.best_params_={'C': 100.0, 'gamma': 0.001, 'kernel': 'rbf', 'max_iter': 1000}, grid.best_score_=0.7129629629629629, grid.best_index_=17, acc=0.5833333333333334, time=0.7466254234313965
20-06-2022 00:29:27|INFO|Is groups None: True 
20-06-2022 00:29:28|INFO|5/10|grid.best_params_={'C': 100.0, 'gamma': 0.001, 'kernel': 'rbf', 'max_iter': 1000}, grid.best_score_=0.6018518518518519, grid.best_index_=17, acc=0.8333333333333334, time=0.766028642654419
20-06-2022 00:29:28|INFO|Is groups None: True 
20-06-2022 00:29:29|INFO|6/10|grid.best_params_={'C': 100.0, 'gamma': 0.001, 'kernel': 'rbf', 'max_iter': 1000}, grid.best_score_=0.6203703703703705, grid.best_index_=17, acc=0.8333333333333334, time=0.6905567646026611
20-06-2022 00:29:29|INFO|Is groups None: True 
20-06-2022 00:29:29|INFO|7/10|grid.best_params_={'C': 100.0, 'gamma': 0.001, 'kernel': 'rbf', 'max_iter': 1000}, grid.best_score_=0.6018518518518519, grid.best_index_=17, acc=0.6666666666666666, time=0.6817636489868164
20-06-2022 00:29:29|INFO|Is groups None: True 
20-06-2022 00:29:30|INFO|8/10|grid.best_params_={'C': 100.0, 'gamma': 0.001, 'kernel': 'rbf', 'max_iter': 1000}, grid.best_score_=0.574074074074074, grid.best_index_=17, acc=0.8333333333333334, time=0.699897289276123
20-06-2022 00:29:30|INFO|Is groups None: True 
20-06-2022 00:29:31|INFO|9/10|grid.best_params_={'C': 1000000.0, 'gamma': 1e-09, 'kernel': 'rbf', 'max_iter': 1000}, grid.best_score_=0.5925925925925927, grid.best_index_=28, acc=0.5, time=0.698725700378418
20-06-2022 00:29:31|INFO|Is groups None: True 
20-06-2022 00:29:31|INFO|10/10|grid.best_params_={'C': 100.0, 'gamma': 0.001, 'kernel': 'rbf', 'max_iter': 1000}, grid.best_score_=0.6759259259259259, grid.best_index_=17, acc=0.3333333333333333, time=0.7468788623809814
20-06-2022 00:29:31|INFO|s15|10-CV=0.63333|STD=0.16750|Time spend=8.22462272644043
20-06-2022 00:29:33|INFO|Running Split-First
20-06-2022 00:29:33|INFO|X.shape=(120, 496), y.shape=(120,), groups.shape=(120,)
20-06-2022 00:29:33|INFO|Is groups None: True 
20-06-2022 00:29:34|INFO|1/10|grid.best_params_={'C': 0.01, 'gamma': 1e-09, 'kernel': 'rbf', 'max_iter': 1000}, grid.best_score_=0.6203703703703703, grid.best_index_=0, acc=0.6666666666666666, time=0.6894052028656006
20-06-2022 00:29:34|INFO|Is groups None: True 
20-06-2022 00:29:34|INFO|2/10|grid.best_params_={'C': 0.01, 'gamma': 1e-09, 'kernel': 'rbf', 'max_iter': 1000}, grid.best_score_=0.6203703703703703, grid.best_index_=0, acc=0.6666666666666666, time=0.6545495986938477
20-06-2022 00:29:34|INFO|Is groups None: True 
20-06-2022 00:29:35|INFO|3/10|grid.best_params_={'C': 0.01, 'gamma': 1e-09, 'kernel': 'rbf', 'max_iter': 1000}, grid.best_score_=0.6203703703703703, grid.best_index_=0, acc=0.6666666666666666, time=0.6819112300872803
20-06-2022 00:29:35|INFO|Is groups None: True 
20-06-2022 00:29:36|INFO|4/10|grid.best_params_={'C': 0.01, 'gamma': 1e-09, 'kernel': 'rbf', 'max_iter': 1000}, grid.best_score_=0.6203703703703703, grid.best_index_=0, acc=0.6666666666666666, time=0.675919771194458
20-06-2022 00:29:36|INFO|Is groups None: True 
20-06-2022 00:29:36|INFO|5/10|grid.best_params_={'C': 0.01, 'gamma': 1e-09, 'kernel': 'rbf', 'max_iter': 1000}, grid.best_score_=0.6203703703703703, grid.best_index_=0, acc=0.6666666666666666, time=0.7580170631408691
20-06-2022 00:29:36|INFO|Is groups None: True 
20-06-2022 00:29:37|INFO|6/10|grid.best_params_={'C': 0.01, 'gamma': 1e-09, 'kernel': 'rbf', 'max_iter': 1000}, grid.best_score_=0.6296296296296297, grid.best_index_=0, acc=0.5833333333333334, time=0.7223269939422607
20-06-2022 00:29:37|INFO|Is groups None: True 
20-06-2022 00:29:38|INFO|7/10|grid.best_params_={'C': 0.01, 'gamma': 1e-09, 'kernel': 'rbf', 'max_iter': 1000}, grid.best_score_=0.6296296296296297, grid.best_index_=0, acc=0.5833333333333334, time=0.7615823745727539
20-06-2022 00:29:38|INFO|Is groups None: True 
20-06-2022 00:29:39|INFO|8/10|grid.best_params_={'C': 0.01, 'gamma': 1e-09, 'kernel': 'rbf', 'max_iter': 1000}, grid.best_score_=0.6296296296296297, grid.best_index_=0, acc=0.5833333333333334, time=0.6678388118743896
20-06-2022 00:29:39|INFO|Is groups None: True 
20-06-2022 00:29:39|INFO|9/10|grid.best_params_={'C': 0.01, 'gamma': 1e-09, 'kernel': 'rbf', 'max_iter': 1000}, grid.best_score_=0.6296296296296297, grid.best_index_=0, acc=0.5833333333333334, time=0.6721808910369873
20-06-2022 00:29:39|INFO|Is groups None: True 
20-06-2022 00:29:40|INFO|10/10|grid.best_params_={'C': 0.01, 'gamma': 1e-09, 'kernel': 'rbf', 'max_iter': 1000}, grid.best_score_=0.6296296296296297, grid.best_index_=0, acc=0.5833333333333334, time=0.6942400932312012
20-06-2022 00:29:40|INFO|s16|10-CV=0.62500|STD=0.04167|Time spend=8.588539123535156
20-06-2022 00:29:41|INFO|Running Split-First
20-06-2022 00:29:41|INFO|X.shape=(120, 496), y.shape=(120,), groups.shape=(120,)
20-06-2022 00:29:41|INFO|Is groups None: True 
20-06-2022 00:29:42|INFO|1/10|grid.best_params_={'C': 0.01, 'gamma': 1e-09, 'kernel': 'rbf', 'max_iter': 1000}, grid.best_score_=0.5555555555555556, grid.best_index_=0, acc=0.5, time=0.7777831554412842
20-06-2022 00:29:42|INFO|Is groups None: True 
20-06-2022 00:29:43|INFO|2/10|grid.best_params_={'C': 0.01, 'gamma': 1e-09, 'kernel': 'rbf', 'max_iter': 1000}, grid.best_score_=0.5555555555555556, grid.best_index_=0, acc=0.5, time=0.9419927597045898
20-06-2022 00:29:43|INFO|Is groups None: True 
20-06-2022 00:29:44|INFO|3/10|grid.best_params_={'C': 0.01, 'gamma': 1e-09, 'kernel': 'rbf', 'max_iter': 1000}, grid.best_score_=0.5555555555555556, grid.best_index_=0, acc=0.5, time=0.7532021999359131
20-06-2022 00:29:44|INFO|Is groups None: True 
20-06-2022 00:29:44|INFO|4/10|grid.best_params_={'C': 0.01, 'gamma': 1e-09, 'kernel': 'rbf', 'max_iter': 1000}, grid.best_score_=0.5555555555555556, grid.best_index_=0, acc=0.5, time=0.6874282360076904
20-06-2022 00:29:44|INFO|Is groups None: True 
20-06-2022 00:29:45|INFO|5/10|grid.best_params_={'C': 0.01, 'gamma': 1e-09, 'kernel': 'rbf', 'max_iter': 1000}, grid.best_score_=0.5462962962962963, grid.best_index_=0, acc=0.5833333333333334, time=0.7816107273101807
20-06-2022 00:29:45|INFO|Is groups None: True 
20-06-2022 00:29:46|INFO|6/10|grid.best_params_={'C': 100.0, 'gamma': 1e-05, 'kernel': 'rbf', 'max_iter': 1000}, grid.best_score_=0.5648148148148148, grid.best_index_=16, acc=0.5833333333333334, time=0.7021291255950928
20-06-2022 00:29:46|INFO|Is groups None: True 
20-06-2022 00:29:46|INFO|7/10|grid.best_params_={'C': 100.0, 'gamma': 1e-05, 'kernel': 'rbf', 'max_iter': 1000}, grid.best_score_=0.5648148148148148, grid.best_index_=16, acc=0.5, time=0.7461421489715576
20-06-2022 00:29:47|INFO|Is groups None: True 
20-06-2022 00:29:47|INFO|8/10|grid.best_params_={'C': 0.01, 'gamma': 1e-09, 'kernel': 'rbf', 'max_iter': 1000}, grid.best_score_=0.5462962962962963, grid.best_index_=0, acc=0.5833333333333334, time=0.7659778594970703
20-06-2022 00:29:47|INFO|Is groups None: True 
20-06-2022 00:29:48|INFO|9/10|grid.best_params_={'C': 10000.0, 'gamma': 1e-07, 'kernel': 'rbf', 'max_iter': 1000}, grid.best_score_=0.5925925925925926, grid.best_index_=22, acc=0.25, time=0.7895736694335938
20-06-2022 00:29:48|INFO|Is groups None: True 
20-06-2022 00:29:49|INFO|10/10|grid.best_params_={'C': 0.01, 'gamma': 1e-09, 'kernel': 'rbf', 'max_iter': 1000}, grid.best_score_=0.5462962962962963, grid.best_index_=0, acc=0.5833333333333334, time=0.7097067832946777
20-06-2022 00:29:49|INFO|s17|10-CV=0.50833|STD=0.09465|Time spend=8.776816368103027
20-06-2022 00:29:50|INFO|Running Split-First
20-06-2022 00:29:50|INFO|X.shape=(120, 496), y.shape=(120,), groups.shape=(120,)
20-06-2022 00:29:50|INFO|Is groups None: True 
20-06-2022 00:29:51|INFO|1/10|grid.best_params_={'C': 1000000.0, 'gamma': 1e-09, 'kernel': 'rbf', 'max_iter': 1000}, grid.best_score_=0.75, grid.best_index_=28, acc=0.4166666666666667, time=0.6663839817047119
20-06-2022 00:29:51|INFO|Is groups None: True 
20-06-2022 00:29:51|INFO|2/10|grid.best_params_={'C': 1000000.0, 'gamma': 1e-09, 'kernel': 'rbf', 'max_iter': 1000}, grid.best_score_=0.7037037037037037, grid.best_index_=28, acc=0.5, time=0.6870126724243164
20-06-2022 00:29:51|INFO|Is groups None: True 
20-06-2022 00:29:52|INFO|3/10|grid.best_params_={'C': 100000000.0, 'gamma': 1e-09, 'kernel': 'rbf', 'max_iter': 1000}, grid.best_score_=0.6666666666666666, grid.best_index_=35, acc=0.6666666666666666, time=0.7305762767791748
20-06-2022 00:29:52|INFO|Is groups None: True 
20-06-2022 00:29:53|INFO|4/10|grid.best_params_={'C': 100.0, 'gamma': 1e-05, 'kernel': 'rbf', 'max_iter': 1000}, grid.best_score_=0.638888888888889, grid.best_index_=16, acc=0.6666666666666666, time=0.7534427642822266
20-06-2022 00:29:53|INFO|Is groups None: True 
20-06-2022 00:29:53|INFO|5/10|grid.best_params_={'C': 10000.0, 'gamma': 1e-07, 'kernel': 'rbf', 'max_iter': 1000}, grid.best_score_=0.6759259259259259, grid.best_index_=22, acc=0.5833333333333334, time=0.7385869026184082
20-06-2022 00:29:53|INFO|Is groups None: True 
20-06-2022 00:29:54|INFO|6/10|grid.best_params_={'C': 100.0, 'gamma': 0.001, 'kernel': 'rbf', 'max_iter': 1000}, grid.best_score_=0.6666666666666666, grid.best_index_=17, acc=0.5, time=0.6858503818511963
20-06-2022 00:29:54|INFO|Is groups None: True 
20-06-2022 00:29:55|INFO|7/10|grid.best_params_={'C': 100.0, 'gamma': 1e-05, 'kernel': 'rbf', 'max_iter': 1000}, grid.best_score_=0.6481481481481481, grid.best_index_=16, acc=0.5833333333333334, time=0.6812019348144531
20-06-2022 00:29:55|INFO|Is groups None: True 
20-06-2022 00:29:56|INFO|8/10|grid.best_params_={'C': 1.0, 'gamma': 0.001, 'kernel': 'rbf', 'max_iter': 1000}, grid.best_score_=0.6203703703703703, grid.best_index_=10, acc=0.5833333333333334, time=0.6641457080841064
20-06-2022 00:29:56|INFO|Is groups None: True 
20-06-2022 00:29:56|INFO|9/10|grid.best_params_={'C': 100.0, 'gamma': 0.001, 'kernel': 'rbf', 'max_iter': 1000}, grid.best_score_=0.6203703703703703, grid.best_index_=17, acc=0.5833333333333334, time=0.6920876502990723
20-06-2022 00:29:56|INFO|Is groups None: True 
20-06-2022 00:29:57|INFO|10/10|grid.best_params_={'C': 1.0, 'gamma': 0.001, 'kernel': 'rbf', 'max_iter': 1000}, grid.best_score_=0.6851851851851852, grid.best_index_=10, acc=0.5833333333333334, time=0.7234139442443848
20-06-2022 00:29:57|INFO|s18|10-CV=0.56667|STD=0.07265|Time spend=8.156699895858765
20-06-2022 00:29:59|INFO|Running Split-First
20-06-2022 00:29:59|INFO|X.shape=(120, 496), y.shape=(120,), groups.shape=(120,)
20-06-2022 00:29:59|INFO|Is groups None: True 
20-06-2022 00:30:00|INFO|1/10|grid.best_params_={'C': 0.01, 'gamma': 1e-09, 'kernel': 'rbf', 'max_iter': 1000}, grid.best_score_=0.5740740740740741, grid.best_index_=0, acc=0.5833333333333334, time=0.7257661819458008
20-06-2022 00:30:00|INFO|Is groups None: True 
20-06-2022 00:30:00|INFO|2/10|grid.best_params_={'C': 1000000.0, 'gamma': 1e-09, 'kernel': 'rbf', 'max_iter': 1000}, grid.best_score_=0.5925925925925926, grid.best_index_=28, acc=0.4166666666666667, time=0.6704251766204834
20-06-2022 00:30:00|INFO|Is groups None: True 
20-06-2022 00:30:01|INFO|3/10|grid.best_params_={'C': 100.0, 'gamma': 1e-05, 'kernel': 'rbf', 'max_iter': 1000}, grid.best_score_=0.6296296296296295, grid.best_index_=16, acc=0.4166666666666667, time=0.685314416885376
20-06-2022 00:30:01|INFO|Is groups None: True 
20-06-2022 00:30:02|INFO|4/10|grid.best_params_={'C': 1000000.0, 'gamma': 1e-09, 'kernel': 'rbf', 'max_iter': 1000}, grid.best_score_=0.5925925925925927, grid.best_index_=28, acc=0.5, time=0.6712799072265625
20-06-2022 00:30:02|INFO|Is groups None: True 
20-06-2022 00:30:02|INFO|5/10|grid.best_params_={'C': 1000000.0, 'gamma': 1e-09, 'kernel': 'rbf', 'max_iter': 1000}, grid.best_score_=0.5833333333333334, grid.best_index_=28, acc=0.5833333333333334, time=0.771712064743042
20-06-2022 00:30:02|INFO|Is groups None: True 
20-06-2022 00:30:03|INFO|6/10|grid.best_params_={'C': 0.01, 'gamma': 1e-09, 'kernel': 'rbf', 'max_iter': 1000}, grid.best_score_=0.5740740740740741, grid.best_index_=0, acc=0.5833333333333334, time=0.778710126876831
20-06-2022 00:30:03|INFO|Is groups None: True 
20-06-2022 00:30:04|INFO|7/10|grid.best_params_={'C': 0.01, 'gamma': 1e-09, 'kernel': 'rbf', 'max_iter': 1000}, grid.best_score_=0.5740740740740741, grid.best_index_=0, acc=0.5833333333333334, time=0.7335724830627441
20-06-2022 00:30:04|INFO|Is groups None: True 
20-06-2022 00:30:05|INFO|8/10|grid.best_params_={'C': 10000.0, 'gamma': 1e-07, 'kernel': 'rbf', 'max_iter': 1000}, grid.best_score_=0.5925925925925926, grid.best_index_=22, acc=0.5833333333333334, time=0.6670989990234375
20-06-2022 00:30:05|INFO|Is groups None: True 
20-06-2022 00:30:05|INFO|9/10|grid.best_params_={'C': 0.01, 'gamma': 1e-09, 'kernel': 'rbf', 'max_iter': 1000}, grid.best_score_=0.5740740740740741, grid.best_index_=0, acc=0.5833333333333334, time=0.6901297569274902
20-06-2022 00:30:05|INFO|Is groups None: True 
20-06-2022 00:30:06|INFO|10/10|grid.best_params_={'C': 0.01, 'gamma': 1e-09, 'kernel': 'rbf', 'max_iter': 1000}, grid.best_score_=0.5833333333333334, grid.best_index_=0, acc=0.5, time=0.7085325717926025
20-06-2022 00:30:06|INFO|s19|10-CV=0.53333|STD=0.06667|Time spend=9.142396926879883
20-06-2022 00:30:07|INFO|Running Split-First
20-06-2022 00:30:07|INFO|X.shape=(120, 496), y.shape=(120,), groups.shape=(120,)
20-06-2022 00:30:07|INFO|Is groups None: True 
20-06-2022 00:30:08|INFO|1/10|grid.best_params_={'C': 100000000.0, 'gamma': 1e-09, 'kernel': 'rbf', 'max_iter': 1000}, grid.best_score_=0.6574074074074074, grid.best_index_=35, acc=0.6666666666666666, time=0.7753567695617676
20-06-2022 00:30:08|INFO|Is groups None: True 
20-06-2022 00:30:09|INFO|2/10|grid.best_params_={'C': 10000000000.0, 'gamma': 1e-09, 'kernel': 'rbf', 'max_iter': 1000}, grid.best_score_=0.6388888888888888, grid.best_index_=42, acc=0.5833333333333334, time=0.7261877059936523
20-06-2022 00:30:09|INFO|Is groups None: True 
20-06-2022 00:30:09|INFO|3/10|grid.best_params_={'C': 1000000.0, 'gamma': 1e-09, 'kernel': 'rbf', 'max_iter': 1000}, grid.best_score_=0.7037037037037037, grid.best_index_=28, acc=0.5, time=0.7079648971557617
20-06-2022 00:30:09|INFO|Is groups None: True 
20-06-2022 00:30:10|INFO|4/10|grid.best_params_={'C': 100.0, 'gamma': 0.001, 'kernel': 'rbf', 'max_iter': 1000}, grid.best_score_=0.6111111111111112, grid.best_index_=17, acc=0.5833333333333334, time=0.6921415328979492
20-06-2022 00:30:10|INFO|Is groups None: True 
20-06-2022 00:30:11|INFO|5/10|grid.best_params_={'C': 10000.0, 'gamma': 1e-05, 'kernel': 'rbf', 'max_iter': 1000}, grid.best_score_=0.6388888888888888, grid.best_index_=23, acc=0.6666666666666666, time=0.6504964828491211
20-06-2022 00:30:11|INFO|Is groups None: True 
20-06-2022 00:30:11|INFO|6/10|grid.best_params_={'C': 1000000.0, 'gamma': 1e-07, 'kernel': 'rbf', 'max_iter': 1000}, grid.best_score_=0.6296296296296297, grid.best_index_=29, acc=0.5833333333333334, time=0.6896712779998779
20-06-2022 00:30:12|INFO|Is groups None: True 
20-06-2022 00:30:12|INFO|7/10|grid.best_params_={'C': 10000.0, 'gamma': 1e-05, 'kernel': 'rbf', 'max_iter': 1000}, grid.best_score_=0.6296296296296297, grid.best_index_=23, acc=0.6666666666666666, time=0.6945271492004395
20-06-2022 00:30:12|INFO|Is groups None: True 
20-06-2022 00:30:13|INFO|8/10|grid.best_params_={'C': 10000.0, 'gamma': 1e-05, 'kernel': 'rbf', 'max_iter': 1000}, grid.best_score_=0.6296296296296295, grid.best_index_=23, acc=0.4166666666666667, time=0.8197200298309326
20-06-2022 00:30:13|INFO|Is groups None: True 
20-06-2022 00:30:14|INFO|9/10|grid.best_params_={'C': 10000.0, 'gamma': 1e-07, 'kernel': 'rbf', 'max_iter': 1000}, grid.best_score_=0.638888888888889, grid.best_index_=22, acc=0.5833333333333334, time=0.7099883556365967
20-06-2022 00:30:14|INFO|Is groups None: True 
20-06-2022 00:30:15|INFO|10/10|grid.best_params_={'C': 100.0, 'gamma': 0.001, 'kernel': 'rbf', 'max_iter': 1000}, grid.best_score_=0.6296296296296297, grid.best_index_=17, acc=0.8333333333333334, time=0.7809290885925293
20-06-2022 00:30:15|INFO|s20|10-CV=0.60833|STD=0.10574|Time spend=8.45182180404663
20-06-2022 00:30:16|INFO|Running Split-First
20-06-2022 00:30:16|INFO|X.shape=(120, 496), y.shape=(120,), groups.shape=(120,)
20-06-2022 00:30:16|INFO|Is groups None: True 
20-06-2022 00:30:17|INFO|1/10|grid.best_params_={'C': 100.0, 'gamma': 0.001, 'kernel': 'rbf', 'max_iter': 1000}, grid.best_score_=0.5370370370370371, grid.best_index_=17, acc=0.5, time=0.6877496242523193
20-06-2022 00:30:17|INFO|Is groups None: True 
20-06-2022 00:30:17|INFO|2/10|grid.best_params_={'C': 0.01, 'gamma': 1e-09, 'kernel': 'rbf', 'max_iter': 1000}, grid.best_score_=0.5185185185185186, grid.best_index_=0, acc=0.5833333333333334, time=0.7129390239715576
20-06-2022 00:30:17|INFO|Is groups None: True 
20-06-2022 00:30:18|INFO|3/10|grid.best_params_={'C': 10000.0, 'gamma': 1e-05, 'kernel': 'rbf', 'max_iter': 1000}, grid.best_score_=0.5277777777777778, grid.best_index_=23, acc=0.5833333333333334, time=0.8045206069946289
20-06-2022 00:30:18|INFO|Is groups None: True 
20-06-2022 00:30:19|INFO|4/10|grid.best_params_={'C': 0.01, 'gamma': 1e-09, 'kernel': 'rbf', 'max_iter': 1000}, grid.best_score_=0.5277777777777778, grid.best_index_=0, acc=0.5, time=0.7464067935943604
20-06-2022 00:30:19|INFO|Is groups None: True 
20-06-2022 00:30:20|INFO|5/10|grid.best_params_={'C': 100000000.0, 'gamma': 1e-09, 'kernel': 'rbf', 'max_iter': 1000}, grid.best_score_=0.5555555555555556, grid.best_index_=35, acc=0.4166666666666667, time=0.7706093788146973
20-06-2022 00:30:20|INFO|Is groups None: True 
20-06-2022 00:30:20|INFO|6/10|grid.best_params_={'C': 0.01, 'gamma': 1e-09, 'kernel': 'rbf', 'max_iter': 1000}, grid.best_score_=0.5277777777777778, grid.best_index_=0, acc=0.5, time=0.7033042907714844
20-06-2022 00:30:20|INFO|Is groups None: True 
20-06-2022 00:30:21|INFO|7/10|grid.best_params_={'C': 0.01, 'gamma': 1e-09, 'kernel': 'rbf', 'max_iter': 1000}, grid.best_score_=0.5277777777777778, grid.best_index_=0, acc=0.5, time=0.6840205192565918
20-06-2022 00:30:21|INFO|Is groups None: True 
20-06-2022 00:30:22|INFO|8/10|grid.best_params_={'C': 1000000.0, 'gamma': 1e-05, 'kernel': 'rbf', 'max_iter': 1000}, grid.best_score_=0.5925925925925927, grid.best_index_=30, acc=0.16666666666666666, time=0.6836063861846924
20-06-2022 00:30:22|INFO|Is groups None: True 
20-06-2022 00:30:22|INFO|9/10|grid.best_params_={'C': 100000000.0, 'gamma': 1e-09, 'kernel': 'rbf', 'max_iter': 1000}, grid.best_score_=0.5370370370370371, grid.best_index_=35, acc=0.4166666666666667, time=0.7127206325531006
20-06-2022 00:30:22|INFO|Is groups None: True 
20-06-2022 00:30:23|INFO|10/10|grid.best_params_={'C': 0.01, 'gamma': 1e-09, 'kernel': 'rbf', 'max_iter': 1000}, grid.best_score_=0.5277777777777778, grid.best_index_=0, acc=0.5, time=0.8106272220611572
20-06-2022 00:30:23|INFO|s21|10-CV=0.46667|STD=0.11304|Time spend=8.703561067581177
20-06-2022 00:30:25|INFO|Running Split-First
20-06-2022 00:30:25|INFO|X.shape=(120, 496), y.shape=(120,), groups.shape=(120,)
20-06-2022 00:30:25|INFO|Is groups None: True 
20-06-2022 00:30:26|INFO|1/10|grid.best_params_={'C': 1000000.0, 'gamma': 1e-07, 'kernel': 'rbf', 'max_iter': 1000}, grid.best_score_=0.6574074074074074, grid.best_index_=29, acc=0.25, time=0.6763989925384521
20-06-2022 00:30:26|INFO|Is groups None: True 
20-06-2022 00:30:27|INFO|2/10|grid.best_params_={'C': 100.0, 'gamma': 0.001, 'kernel': 'rbf', 'max_iter': 1000}, grid.best_score_=0.6851851851851852, grid.best_index_=17, acc=0.6666666666666666, time=0.6724531650543213
20-06-2022 00:30:27|INFO|Is groups None: True 
20-06-2022 00:30:27|INFO|3/10|grid.best_params_={'C': 1000000.0, 'gamma': 1e-09, 'kernel': 'rbf', 'max_iter': 1000}, grid.best_score_=0.6574074074074073, grid.best_index_=28, acc=0.5833333333333334, time=0.6921703815460205
20-06-2022 00:30:27|INFO|Is groups None: True 
20-06-2022 00:30:28|INFO|4/10|grid.best_params_={'C': 1000000.0, 'gamma': 1e-09, 'kernel': 'rbf', 'max_iter': 1000}, grid.best_score_=0.6296296296296295, grid.best_index_=28, acc=0.75, time=0.7452554702758789
20-06-2022 00:30:28|INFO|Is groups None: True 
20-06-2022 00:30:29|INFO|5/10|grid.best_params_={'C': 1000000.0, 'gamma': 1e-09, 'kernel': 'rbf', 'max_iter': 1000}, grid.best_score_=0.6574074074074074, grid.best_index_=28, acc=0.75, time=0.7630653381347656
20-06-2022 00:30:29|INFO|Is groups None: True 
20-06-2022 00:30:30|INFO|6/10|grid.best_params_={'C': 1.0, 'gamma': 0.001, 'kernel': 'rbf', 'max_iter': 1000}, grid.best_score_=0.6296296296296297, grid.best_index_=10, acc=0.75, time=0.741607666015625
20-06-2022 00:30:30|INFO|Is groups None: True 
20-06-2022 00:30:30|INFO|7/10|grid.best_params_={'C': 100.0, 'gamma': 1e-05, 'kernel': 'rbf', 'max_iter': 1000}, grid.best_score_=0.6296296296296297, grid.best_index_=16, acc=0.75, time=0.6986165046691895
20-06-2022 00:30:30|INFO|Is groups None: True 
20-06-2022 00:30:31|INFO|8/10|grid.best_params_={'C': 100.0, 'gamma': 1e-05, 'kernel': 'rbf', 'max_iter': 1000}, grid.best_score_=0.638888888888889, grid.best_index_=16, acc=0.5833333333333334, time=0.6557044982910156
20-06-2022 00:30:31|INFO|Is groups None: True 
20-06-2022 00:30:32|INFO|9/10|grid.best_params_={'C': 1000000.0, 'gamma': 1e-09, 'kernel': 'rbf', 'max_iter': 1000}, grid.best_score_=0.6481481481481481, grid.best_index_=28, acc=0.5833333333333334, time=0.6964144706726074
20-06-2022 00:30:32|INFO|Is groups None: True 
20-06-2022 00:30:32|INFO|10/10|grid.best_params_={'C': 100.0, 'gamma': 0.001, 'kernel': 'rbf', 'max_iter': 1000}, grid.best_score_=0.6574074074074073, grid.best_index_=17, acc=0.5, time=0.6713643074035645
20-06-2022 00:30:32|INFO|s22|10-CV=0.61667|STD=0.15000|Time spend=9.200000762939453
20-06-2022 00:30:34|INFO|Running Split-First
20-06-2022 00:30:34|INFO|X.shape=(120, 496), y.shape=(120,), groups.shape=(120,)
20-06-2022 00:30:34|INFO|Is groups None: True 
20-06-2022 00:30:34|INFO|1/10|grid.best_params_={'C': 100.0, 'gamma': 0.001, 'kernel': 'rbf', 'max_iter': 1000}, grid.best_score_=0.6944444444444443, grid.best_index_=17, acc=0.25, time=0.7362241744995117
20-06-2022 00:30:34|INFO|Is groups None: True 
20-06-2022 00:30:35|INFO|2/10|grid.best_params_={'C': 0.01, 'gamma': 1e-09, 'kernel': 'rbf', 'max_iter': 1000}, grid.best_score_=0.6481481481481481, grid.best_index_=0, acc=0.6666666666666666, time=0.6778926849365234
20-06-2022 00:30:35|INFO|Is groups None: True 
20-06-2022 00:30:36|INFO|3/10|grid.best_params_={'C': 100.0, 'gamma': 0.001, 'kernel': 'rbf', 'max_iter': 1000}, grid.best_score_=0.6666666666666665, grid.best_index_=17, acc=0.75, time=0.6570966243743896
20-06-2022 00:30:36|INFO|Is groups None: True 
20-06-2022 00:30:36|INFO|4/10|grid.best_params_={'C': 100.0, 'gamma': 0.001, 'kernel': 'rbf', 'max_iter': 1000}, grid.best_score_=0.6481481481481483, grid.best_index_=17, acc=0.4166666666666667, time=0.6629319190979004
20-06-2022 00:30:36|INFO|Is groups None: True 
20-06-2022 00:30:37|INFO|5/10|grid.best_params_={'C': 0.01, 'gamma': 1e-09, 'kernel': 'rbf', 'max_iter': 1000}, grid.best_score_=0.6481481481481481, grid.best_index_=0, acc=0.6666666666666666, time=0.6754045486450195
20-06-2022 00:30:37|INFO|Is groups None: True 
20-06-2022 00:30:38|INFO|6/10|grid.best_params_={'C': 100.0, 'gamma': 1e-05, 'kernel': 'rbf', 'max_iter': 1000}, grid.best_score_=0.6574074074074073, grid.best_index_=16, acc=0.6666666666666666, time=0.6770257949829102
20-06-2022 00:30:38|INFO|Is groups None: True 
20-06-2022 00:30:38|INFO|7/10|grid.best_params_={'C': 0.01, 'gamma': 1e-09, 'kernel': 'rbf', 'max_iter': 1000}, grid.best_score_=0.6481481481481481, grid.best_index_=0, acc=0.6666666666666666, time=0.6969020366668701
20-06-2022 00:30:39|INFO|Is groups None: True 
20-06-2022 00:30:39|INFO|8/10|grid.best_params_={'C': 0.01, 'gamma': 1e-09, 'kernel': 'rbf', 'max_iter': 1000}, grid.best_score_=0.6481481481481481, grid.best_index_=0, acc=0.6666666666666666, time=0.7166848182678223
20-06-2022 00:30:39|INFO|Is groups None: True 
20-06-2022 00:30:40|INFO|9/10|grid.best_params_={'C': 0.01, 'gamma': 1e-09, 'kernel': 'rbf', 'max_iter': 1000}, grid.best_score_=0.6574074074074073, grid.best_index_=0, acc=0.5833333333333334, time=0.7078042030334473
20-06-2022 00:30:40|INFO|Is groups None: True 
20-06-2022 00:30:41|INFO|10/10|grid.best_params_={'C': 100.0, 'gamma': 0.001, 'kernel': 'rbf', 'max_iter': 1000}, grid.best_score_=0.6574074074074074, grid.best_index_=17, acc=0.5, time=0.6727337837219238
20-06-2022 00:30:41|INFO|s23|10-CV=0.58333|STD=0.14434|Time spend=8.175235271453857
20-06-2022 00:30:42|INFO|Running Split-First
20-06-2022 00:30:42|INFO|X.shape=(120, 496), y.shape=(120,), groups.shape=(120,)
20-06-2022 00:30:42|INFO|Is groups None: True 
20-06-2022 00:30:42|INFO|1/10|grid.best_params_={'C': 10000.0, 'gamma': 1e-07, 'kernel': 'rbf', 'max_iter': 1000}, grid.best_score_=0.5648148148148149, grid.best_index_=22, acc=0.3333333333333333, time=0.687640905380249
20-06-2022 00:30:42|INFO|Is groups None: True 
20-06-2022 00:30:43|INFO|2/10|grid.best_params_={'C': 0.01, 'gamma': 1e-09, 'kernel': 'rbf', 'max_iter': 1000}, grid.best_score_=0.5555555555555556, grid.best_index_=0, acc=0.5, time=0.7154653072357178
20-06-2022 00:30:43|INFO|Is groups None: True 
20-06-2022 00:30:44|INFO|3/10|grid.best_params_={'C': 0.01, 'gamma': 1e-09, 'kernel': 'rbf', 'max_iter': 1000}, grid.best_score_=0.5555555555555556, grid.best_index_=0, acc=0.5, time=0.7676818370819092
20-06-2022 00:30:44|INFO|Is groups None: True 
20-06-2022 00:30:45|INFO|4/10|grid.best_params_={'C': 0.01, 'gamma': 1e-09, 'kernel': 'rbf', 'max_iter': 1000}, grid.best_score_=0.5555555555555556, grid.best_index_=0, acc=0.5, time=0.7718653678894043
20-06-2022 00:30:45|INFO|Is groups None: True 
20-06-2022 00:30:45|INFO|5/10|grid.best_params_={'C': 0.01, 'gamma': 1e-09, 'kernel': 'rbf', 'max_iter': 1000}, grid.best_score_=0.5462962962962963, grid.best_index_=0, acc=0.5833333333333334, time=0.7815656661987305
20-06-2022 00:30:45|INFO|Is groups None: True 
20-06-2022 00:30:46|INFO|6/10|grid.best_params_={'C': 10000.0, 'gamma': 1e-05, 'kernel': 'rbf', 'max_iter': 1000}, grid.best_score_=0.5740740740740741, grid.best_index_=23, acc=0.16666666666666666, time=0.7372138500213623
20-06-2022 00:30:46|INFO|Is groups None: True 
20-06-2022 00:30:47|INFO|7/10|grid.best_params_={'C': 1.0, 'gamma': 0.1, 'kernel': 'rbf', 'max_iter': 1000}, grid.best_score_=0.5555555555555556, grid.best_index_=11, acc=0.4166666666666667, time=0.7142746448516846
20-06-2022 00:30:47|INFO|Is groups None: True 
20-06-2022 00:30:48|INFO|8/10|grid.best_params_={'C': 0.01, 'gamma': 1e-09, 'kernel': 'rbf', 'max_iter': 1000}, grid.best_score_=0.5462962962962963, grid.best_index_=0, acc=0.5833333333333334, time=0.7424015998840332
20-06-2022 00:30:48|INFO|Is groups None: True 
20-06-2022 00:30:48|INFO|9/10|grid.best_params_={'C': 10000000000.0, 'gamma': 1e-09, 'kernel': 'rbf', 'max_iter': 1000}, grid.best_score_=0.5925925925925927, grid.best_index_=42, acc=0.3333333333333333, time=0.7356963157653809
20-06-2022 00:30:48|INFO|Is groups None: True 
20-06-2022 00:30:49|INFO|10/10|grid.best_params_={'C': 0.01, 'gamma': 1e-09, 'kernel': 'rbf', 'max_iter': 1000}, grid.best_score_=0.5462962962962963, grid.best_index_=0, acc=0.5833333333333334, time=0.798255443572998
20-06-2022 00:30:49|INFO|s24|10-CV=0.45000|STD=0.13017|Time spend=8.629548788070679
20-06-2022 00:30:51|INFO|Running Split-First
20-06-2022 00:30:51|INFO|X.shape=(120, 496), y.shape=(120,), groups.shape=(120,)
20-06-2022 00:30:51|INFO|Is groups None: True 
20-06-2022 00:30:52|INFO|1/10|grid.best_params_={'C': 0.01, 'gamma': 1e-09, 'kernel': 'rbf', 'max_iter': 1000}, grid.best_score_=0.5277777777777778, grid.best_index_=0, acc=0.5, time=0.7130947113037109
20-06-2022 00:30:52|INFO|Is groups None: True 
20-06-2022 00:30:52|INFO|2/10|grid.best_params_={'C': 1.0, 'gamma': 0.001, 'kernel': 'rbf', 'max_iter': 1000}, grid.best_score_=0.5648148148148148, grid.best_index_=10, acc=0.5, time=0.7077419757843018
20-06-2022 00:30:52|INFO|Is groups None: True 
20-06-2022 00:30:53|INFO|3/10|grid.best_params_={'C': 10000000000.0, 'gamma': 1e-09, 'kernel': 'rbf', 'max_iter': 1000}, grid.best_score_=0.5555555555555557, grid.best_index_=42, acc=0.5, time=0.7224729061126709
20-06-2022 00:30:53|INFO|Is groups None: True 
20-06-2022 00:30:54|INFO|4/10|grid.best_params_={'C': 1000000.0, 'gamma': 1e-09, 'kernel': 'rbf', 'max_iter': 1000}, grid.best_score_=0.5648148148148149, grid.best_index_=28, acc=0.5, time=0.7314975261688232
20-06-2022 00:30:54|INFO|Is groups None: True 
20-06-2022 00:30:55|INFO|5/10|grid.best_params_={'C': 100000000.0, 'gamma': 1e-09, 'kernel': 'rbf', 'max_iter': 1000}, grid.best_score_=0.5370370370370371, grid.best_index_=35, acc=0.4166666666666667, time=0.7736432552337646
20-06-2022 00:30:55|INFO|Is groups None: True 
20-06-2022 00:30:55|INFO|6/10|grid.best_params_={'C': 100.0, 'gamma': 1e-05, 'kernel': 'rbf', 'max_iter': 1000}, grid.best_score_=0.5648148148148148, grid.best_index_=16, acc=0.5833333333333334, time=0.7456169128417969
20-06-2022 00:30:55|INFO|Is groups None: True 
20-06-2022 00:30:56|INFO|7/10|grid.best_params_={'C': 1.0, 'gamma': 0.001, 'kernel': 'rbf', 'max_iter': 1000}, grid.best_score_=0.6203703703703705, grid.best_index_=10, acc=0.4166666666666667, time=0.747774600982666
20-06-2022 00:30:56|INFO|Is groups None: True 
20-06-2022 00:30:57|INFO|8/10|grid.best_params_={'C': 100.0, 'gamma': 1e-05, 'kernel': 'rbf', 'max_iter': 1000}, grid.best_score_=0.5833333333333334, grid.best_index_=16, acc=0.6666666666666666, time=0.7469398975372314
20-06-2022 00:30:57|INFO|Is groups None: True 
20-06-2022 00:30:58|INFO|9/10|grid.best_params_={'C': 1.0, 'gamma': 0.001, 'kernel': 'rbf', 'max_iter': 1000}, grid.best_score_=0.5555555555555556, grid.best_index_=10, acc=0.5833333333333334, time=0.7356617450714111
20-06-2022 00:30:58|INFO|Is groups None: True 
20-06-2022 00:30:58|INFO|10/10|grid.best_params_={'C': 1.0, 'gamma': 0.001, 'kernel': 'rbf', 'max_iter': 1000}, grid.best_score_=0.5925925925925927, grid.best_index_=10, acc=0.4166666666666667, time=0.7129790782928467
20-06-2022 00:30:58|INFO|s25|10-CV=0.50833|STD=0.07862|Time spend=8.983846426010132
20-06-2022 00:30:59|INFO|Running Split-First
20-06-2022 00:30:59|INFO|X.shape=(120, 496), y.shape=(120,), groups.shape=(120,)
20-06-2022 00:30:59|INFO|Is groups None: True 
20-06-2022 00:31:00|INFO|1/10|grid.best_params_={'C': 0.01, 'gamma': 1e-09, 'kernel': 'rbf', 'max_iter': 1000}, grid.best_score_=0.6481481481481481, grid.best_index_=0, acc=0.6666666666666666, time=0.7501132488250732
20-06-2022 00:31:00|INFO|Is groups None: True 
20-06-2022 00:31:01|INFO|2/10|grid.best_params_={'C': 0.01, 'gamma': 1e-09, 'kernel': 'rbf', 'max_iter': 1000}, grid.best_score_=0.6481481481481481, grid.best_index_=0, acc=0.6666666666666666, time=0.719141960144043
20-06-2022 00:31:01|INFO|Is groups None: True 
20-06-2022 00:31:02|INFO|3/10|grid.best_params_={'C': 0.01, 'gamma': 1e-09, 'kernel': 'rbf', 'max_iter': 1000}, grid.best_score_=0.6481481481481481, grid.best_index_=0, acc=0.6666666666666666, time=0.6897134780883789
20-06-2022 00:31:02|INFO|Is groups None: True 
20-06-2022 00:31:02|INFO|4/10|grid.best_params_={'C': 0.01, 'gamma': 1e-09, 'kernel': 'rbf', 'max_iter': 1000}, grid.best_score_=0.6481481481481481, grid.best_index_=0, acc=0.6666666666666666, time=0.671715497970581
20-06-2022 00:31:02|INFO|Is groups None: True 
20-06-2022 00:31:03|INFO|5/10|grid.best_params_={'C': 0.01, 'gamma': 1e-09, 'kernel': 'rbf', 'max_iter': 1000}, grid.best_score_=0.6481481481481481, grid.best_index_=0, acc=0.6666666666666666, time=0.6987631320953369
20-06-2022 00:31:03|INFO|Is groups None: True 
20-06-2022 00:31:04|INFO|6/10|grid.best_params_={'C': 0.01, 'gamma': 1e-09, 'kernel': 'rbf', 'max_iter': 1000}, grid.best_score_=0.6481481481481481, grid.best_index_=0, acc=0.6666666666666666, time=0.6823632717132568
20-06-2022 00:31:04|INFO|Is groups None: True 
20-06-2022 00:31:04|INFO|7/10|grid.best_params_={'C': 1.0, 'gamma': 0.001, 'kernel': 'rbf', 'max_iter': 1000}, grid.best_score_=0.6666666666666666, grid.best_index_=10, acc=0.5, time=0.7007617950439453
20-06-2022 00:31:04|INFO|Is groups None: True 
20-06-2022 00:31:05|INFO|8/10|grid.best_params_={'C': 0.01, 'gamma': 1e-09, 'kernel': 'rbf', 'max_iter': 1000}, grid.best_score_=0.6481481481481481, grid.best_index_=0, acc=0.6666666666666666, time=0.7454509735107422
20-06-2022 00:31:05|INFO|Is groups None: True 
20-06-2022 00:31:06|INFO|9/10|grid.best_params_={'C': 0.01, 'gamma': 1e-09, 'kernel': 'rbf', 'max_iter': 1000}, grid.best_score_=0.6574074074074073, grid.best_index_=0, acc=0.5833333333333334, time=0.7462217807769775
20-06-2022 00:31:06|INFO|Is groups None: True 
20-06-2022 00:31:07|INFO|10/10|grid.best_params_={'C': 0.01, 'gamma': 1e-09, 'kernel': 'rbf', 'max_iter': 1000}, grid.best_score_=0.6574074074074073, grid.best_index_=0, acc=0.5833333333333334, time=0.6652460098266602
20-06-2022 00:31:07|INFO|s26|10-CV=0.63333|STD=0.05528|Time spend=8.315539360046387
20-06-2022 00:31:08|INFO|Running Split-First
20-06-2022 00:31:08|INFO|X.shape=(120, 496), y.shape=(120,), groups.shape=(120,)
20-06-2022 00:31:08|INFO|Is groups None: True 
20-06-2022 00:31:08|INFO|1/10|grid.best_params_={'C': 0.01, 'gamma': 1e-09, 'kernel': 'rbf', 'max_iter': 1000}, grid.best_score_=0.75, grid.best_index_=0, acc=0.75, time=0.6121609210968018
20-06-2022 00:31:08|INFO|Is groups None: True 
20-06-2022 00:31:09|INFO|2/10|grid.best_params_={'C': 100.0, 'gamma': 1e-05, 'kernel': 'rbf', 'max_iter': 1000}, grid.best_score_=0.7685185185185186, grid.best_index_=16, acc=0.75, time=0.6202564239501953
20-06-2022 00:31:09|INFO|Is groups None: True 
20-06-2022 00:31:10|INFO|3/10|grid.best_params_={'C': 10000.0, 'gamma': 1e-07, 'kernel': 'rbf', 'max_iter': 1000}, grid.best_score_=0.7592592592592593, grid.best_index_=22, acc=0.75, time=0.6693339347839355
20-06-2022 00:31:10|INFO|Is groups None: True 
20-06-2022 00:31:10|INFO|4/10|grid.best_params_={'C': 100.0, 'gamma': 1e-05, 'kernel': 'rbf', 'max_iter': 1000}, grid.best_score_=0.7592592592592593, grid.best_index_=16, acc=0.75, time=0.6874234676361084
20-06-2022 00:31:10|INFO|Is groups None: True 
20-06-2022 00:31:11|INFO|5/10|grid.best_params_={'C': 100.0, 'gamma': 1e-05, 'kernel': 'rbf', 'max_iter': 1000}, grid.best_score_=0.7685185185185186, grid.best_index_=16, acc=0.75, time=0.686981201171875
20-06-2022 00:31:11|INFO|Is groups None: True 
20-06-2022 00:31:12|INFO|6/10|grid.best_params_={'C': 100.0, 'gamma': 1e-05, 'kernel': 'rbf', 'max_iter': 1000}, grid.best_score_=0.7685185185185186, grid.best_index_=16, acc=0.75, time=0.6269857883453369
20-06-2022 00:31:12|INFO|Is groups None: True 
20-06-2022 00:31:12|INFO|7/10|grid.best_params_={'C': 100.0, 'gamma': 1e-05, 'kernel': 'rbf', 'max_iter': 1000}, grid.best_score_=0.7685185185185186, grid.best_index_=16, acc=0.75, time=0.6166446208953857
20-06-2022 00:31:12|INFO|Is groups None: True 
20-06-2022 00:31:13|INFO|8/10|grid.best_params_={'C': 0.01, 'gamma': 1e-09, 'kernel': 'rbf', 'max_iter': 1000}, grid.best_score_=0.75, grid.best_index_=0, acc=0.75, time=0.7391417026519775
20-06-2022 00:31:13|INFO|Is groups None: True 
20-06-2022 00:31:14|INFO|9/10|grid.best_params_={'C': 100.0, 'gamma': 1e-05, 'kernel': 'rbf', 'max_iter': 1000}, grid.best_score_=0.7685185185185186, grid.best_index_=16, acc=0.75, time=0.6322455406188965
20-06-2022 00:31:14|INFO|Is groups None: True 
20-06-2022 00:31:14|INFO|10/10|grid.best_params_={'C': 100.0, 'gamma': 1e-05, 'kernel': 'rbf', 'max_iter': 1000}, grid.best_score_=0.7685185185185186, grid.best_index_=16, acc=0.75, time=0.6121034622192383
20-06-2022 00:31:14|INFO|s27|10-CV=0.75000|STD=0.00000|Time spend=7.722103118896484
20-06-2022 00:31:16|INFO|Running Split-First
20-06-2022 00:31:16|INFO|X.shape=(120, 496), y.shape=(120,), groups.shape=(120,)
20-06-2022 00:31:16|INFO|Is groups None: True 
20-06-2022 00:31:17|INFO|1/10|grid.best_params_={'C': 100.0, 'gamma': 1e-05, 'kernel': 'rbf', 'max_iter': 1000}, grid.best_score_=0.6296296296296295, grid.best_index_=16, acc=0.6666666666666666, time=0.7247610092163086
20-06-2022 00:31:17|INFO|Is groups None: True 
20-06-2022 00:31:18|INFO|2/10|grid.best_params_={'C': 0.01, 'gamma': 1e-09, 'kernel': 'rbf', 'max_iter': 1000}, grid.best_score_=0.6203703703703703, grid.best_index_=0, acc=0.6666666666666666, time=0.6698629856109619
20-06-2022 00:31:18|INFO|Is groups None: True 
20-06-2022 00:31:18|INFO|3/10|grid.best_params_={'C': 1000000.0, 'gamma': 1e-09, 'kernel': 'rbf', 'max_iter': 1000}, grid.best_score_=0.6296296296296295, grid.best_index_=28, acc=0.6666666666666666, time=0.6859006881713867
20-06-2022 00:31:18|INFO|Is groups None: True 
20-06-2022 00:31:19|INFO|4/10|grid.best_params_={'C': 1000000.0, 'gamma': 1e-09, 'kernel': 'rbf', 'max_iter': 1000}, grid.best_score_=0.6481481481481481, grid.best_index_=28, acc=0.5833333333333334, time=0.6885793209075928
20-06-2022 00:31:19|INFO|Is groups None: True 
20-06-2022 00:31:20|INFO|5/10|grid.best_params_={'C': 100000000.0, 'gamma': 1e-09, 'kernel': 'rbf', 'max_iter': 1000}, grid.best_score_=0.6481481481481483, grid.best_index_=35, acc=0.5, time=0.6651158332824707
20-06-2022 00:31:20|INFO|Is groups None: True 
20-06-2022 00:31:20|INFO|6/10|grid.best_params_={'C': 0.01, 'gamma': 1e-09, 'kernel': 'rbf', 'max_iter': 1000}, grid.best_score_=0.6296296296296297, grid.best_index_=0, acc=0.5833333333333334, time=0.7397961616516113
20-06-2022 00:31:20|INFO|Is groups None: True 
20-06-2022 00:31:21|INFO|7/10|grid.best_params_={'C': 0.01, 'gamma': 1e-09, 'kernel': 'rbf', 'max_iter': 1000}, grid.best_score_=0.6296296296296297, grid.best_index_=0, acc=0.5833333333333334, time=0.7402021884918213
20-06-2022 00:31:21|INFO|Is groups None: True 
20-06-2022 00:31:22|INFO|8/10|grid.best_params_={'C': 0.01, 'gamma': 1e-09, 'kernel': 'rbf', 'max_iter': 1000}, grid.best_score_=0.6296296296296297, grid.best_index_=0, acc=0.5833333333333334, time=0.7108948230743408
20-06-2022 00:31:22|INFO|Is groups None: True 
20-06-2022 00:31:22|INFO|9/10|grid.best_params_={'C': 10000.0, 'gamma': 1e-05, 'kernel': 'rbf', 'max_iter': 1000}, grid.best_score_=0.6481481481481481, grid.best_index_=23, acc=0.16666666666666666, time=0.6813795566558838
20-06-2022 00:31:22|INFO|Is groups None: True 
20-06-2022 00:31:23|INFO|10/10|grid.best_params_={'C': 0.01, 'gamma': 1e-09, 'kernel': 'rbf', 'max_iter': 1000}, grid.best_score_=0.6296296296296297, grid.best_index_=0, acc=0.5833333333333334, time=0.7569668292999268
20-06-2022 00:31:23|INFO|s28|10-CV=0.55833|STD=0.13969|Time spend=8.96027684211731
20-06-2022 00:31:24|INFO|Running Split-First
20-06-2022 00:31:24|INFO|X.shape=(120, 496), y.shape=(120,), groups.shape=(120,)
20-06-2022 00:31:24|INFO|Is groups None: True 
20-06-2022 00:31:25|INFO|1/10|grid.best_params_={'C': 100.0, 'gamma': 0.001, 'kernel': 'rbf', 'max_iter': 1000}, grid.best_score_=0.6574074074074074, grid.best_index_=17, acc=0.4166666666666667, time=0.7060694694519043
20-06-2022 00:31:25|INFO|Is groups None: True 
20-06-2022 00:31:26|INFO|2/10|grid.best_params_={'C': 100.0, 'gamma': 1e-05, 'kernel': 'rbf', 'max_iter': 1000}, grid.best_score_=0.6388888888888888, grid.best_index_=16, acc=0.5, time=0.7715163230895996
20-06-2022 00:31:26|INFO|Is groups None: True 
20-06-2022 00:31:27|INFO|3/10|grid.best_params_={'C': 100.0, 'gamma': 0.001, 'kernel': 'rbf', 'max_iter': 1000}, grid.best_score_=0.6203703703703703, grid.best_index_=17, acc=0.6666666666666666, time=0.8021669387817383
20-06-2022 00:31:27|INFO|Is groups None: True 
20-06-2022 00:31:27|INFO|4/10|grid.best_params_={'C': 1.0, 'gamma': 0.001, 'kernel': 'rbf', 'max_iter': 1000}, grid.best_score_=0.6111111111111112, grid.best_index_=10, acc=0.5833333333333334, time=0.803621768951416
20-06-2022 00:31:27|INFO|Is groups None: True 
20-06-2022 00:31:28|INFO|5/10|grid.best_params_={'C': 1000000.0, 'gamma': 1e-09, 'kernel': 'rbf', 'max_iter': 1000}, grid.best_score_=0.6296296296296297, grid.best_index_=28, acc=0.75, time=0.7225704193115234
20-06-2022 00:31:28|INFO|Is groups None: True 
20-06-2022 00:31:29|INFO|6/10|grid.best_params_={'C': 1000000.0, 'gamma': 1e-09, 'kernel': 'rbf', 'max_iter': 1000}, grid.best_score_=0.6944444444444444, grid.best_index_=28, acc=0.5, time=0.7022495269775391
20-06-2022 00:31:29|INFO|Is groups None: True 
20-06-2022 00:31:30|INFO|7/10|grid.best_params_={'C': 100.0, 'gamma': 1e-05, 'kernel': 'rbf', 'max_iter': 1000}, grid.best_score_=0.6666666666666666, grid.best_index_=16, acc=0.4166666666666667, time=0.6800973415374756
20-06-2022 00:31:30|INFO|Is groups None: True 
20-06-2022 00:31:30|INFO|8/10|grid.best_params_={'C': 1.0, 'gamma': 0.001, 'kernel': 'rbf', 'max_iter': 1000}, grid.best_score_=0.6851851851851852, grid.best_index_=10, acc=0.5833333333333334, time=0.7347407341003418
20-06-2022 00:31:30|INFO|Is groups None: True 
20-06-2022 00:31:31|INFO|9/10|grid.best_params_={'C': 1000000.0, 'gamma': 1e-09, 'kernel': 'rbf', 'max_iter': 1000}, grid.best_score_=0.6296296296296297, grid.best_index_=28, acc=0.6666666666666666, time=0.7618989944458008
20-06-2022 00:31:31|INFO|Is groups None: True 
20-06-2022 00:31:32|INFO|10/10|grid.best_params_={'C': 100.0, 'gamma': 0.001, 'kernel': 'rbf', 'max_iter': 1000}, grid.best_score_=0.7037037037037037, grid.best_index_=17, acc=0.5, time=0.7314329147338867
20-06-2022 00:31:32|INFO|s29|10-CV=0.55833|STD=0.10574|Time spend=8.596338033676147
20-06-2022 00:31:33|INFO|Running Split-First
20-06-2022 00:31:33|INFO|X.shape=(120, 496), y.shape=(120,), groups.shape=(120,)
20-06-2022 00:31:33|INFO|Is groups None: True 
20-06-2022 00:31:34|INFO|1/10|grid.best_params_={'C': 100.0, 'gamma': 1e-05, 'kernel': 'rbf', 'max_iter': 1000}, grid.best_score_=0.6944444444444444, grid.best_index_=16, acc=0.75, time=0.6536099910736084
20-06-2022 00:31:34|INFO|Is groups None: True 
20-06-2022 00:31:34|INFO|2/10|grid.best_params_={'C': 100.0, 'gamma': 1e-05, 'kernel': 'rbf', 'max_iter': 1000}, grid.best_score_=0.6944444444444443, grid.best_index_=16, acc=0.75, time=0.6694927215576172
20-06-2022 00:31:34|INFO|Is groups None: True 
20-06-2022 00:31:35|INFO|3/10|grid.best_params_={'C': 1.0, 'gamma': 0.001, 'kernel': 'rbf', 'max_iter': 1000}, grid.best_score_=0.6851851851851852, grid.best_index_=10, acc=0.5833333333333334, time=0.6675064563751221
20-06-2022 00:31:35|INFO|Is groups None: True 
20-06-2022 00:31:36|INFO|4/10|grid.best_params_={'C': 0.01, 'gamma': 1e-09, 'kernel': 'rbf', 'max_iter': 1000}, grid.best_score_=0.6759259259259259, grid.best_index_=0, acc=0.6666666666666666, time=0.7321956157684326
20-06-2022 00:31:36|INFO|Is groups None: True 
20-06-2022 00:31:36|INFO|5/10|grid.best_params_={'C': 100.0, 'gamma': 1e-05, 'kernel': 'rbf', 'max_iter': 1000}, grid.best_score_=0.6944444444444443, grid.best_index_=16, acc=0.6666666666666666, time=0.7264397144317627
20-06-2022 00:31:37|INFO|Is groups None: True 
20-06-2022 00:31:37|INFO|6/10|grid.best_params_={'C': 1000000.0, 'gamma': 1e-09, 'kernel': 'rbf', 'max_iter': 1000}, grid.best_score_=0.7129629629629629, grid.best_index_=28, acc=0.6666666666666666, time=0.7561779022216797
20-06-2022 00:31:37|INFO|Is groups None: True 
20-06-2022 00:31:38|INFO|7/10|grid.best_params_={'C': 100.0, 'gamma': 1e-05, 'kernel': 'rbf', 'max_iter': 1000}, grid.best_score_=0.7037037037037037, grid.best_index_=16, acc=0.6666666666666666, time=0.7030112743377686
20-06-2022 00:31:38|INFO|Is groups None: True 
20-06-2022 00:31:39|INFO|8/10|grid.best_params_={'C': 1000000.0, 'gamma': 1e-09, 'kernel': 'rbf', 'max_iter': 1000}, grid.best_score_=0.6851851851851851, grid.best_index_=28, acc=0.6666666666666666, time=0.6556777954101562
20-06-2022 00:31:39|INFO|Is groups None: True 
20-06-2022 00:31:39|INFO|9/10|grid.best_params_={'C': 100.0, 'gamma': 1e-05, 'kernel': 'rbf', 'max_iter': 1000}, grid.best_score_=0.6851851851851851, grid.best_index_=16, acc=0.6666666666666666, time=0.7130496501922607
20-06-2022 00:31:39|INFO|Is groups None: True 
20-06-2022 00:31:40|INFO|10/10|grid.best_params_={'C': 1000000.0, 'gamma': 1e-09, 'kernel': 'rbf', 'max_iter': 1000}, grid.best_score_=0.6944444444444444, grid.best_index_=28, acc=0.6666666666666666, time=0.6705529689788818
20-06-2022 00:31:40|INFO|s30|10-CV=0.67500|STD=0.04488|Time spend=8.201147079467773
20-06-2022 00:31:41|INFO|Running Split-First
20-06-2022 00:31:41|INFO|X.shape=(120, 496), y.shape=(120,), groups.shape=(120,)
20-06-2022 00:31:41|INFO|Is groups None: True 
20-06-2022 00:31:42|INFO|1/10|grid.best_params_={'C': 0.01, 'gamma': 1e-09, 'kernel': 'rbf', 'max_iter': 1000}, grid.best_score_=0.5740740740740741, grid.best_index_=0, acc=0.5833333333333334, time=0.7785208225250244
20-06-2022 00:31:42|INFO|Is groups None: True 
20-06-2022 00:31:43|INFO|2/10|grid.best_params_={'C': 0.01, 'gamma': 1e-09, 'kernel': 'rbf', 'max_iter': 1000}, grid.best_score_=0.5740740740740741, grid.best_index_=0, acc=0.5833333333333334, time=0.7566978931427002
20-06-2022 00:31:43|INFO|Is groups None: True 
20-06-2022 00:31:43|INFO|3/10|grid.best_params_={'C': 0.01, 'gamma': 1e-09, 'kernel': 'rbf', 'max_iter': 1000}, grid.best_score_=0.5740740740740741, grid.best_index_=0, acc=0.5833333333333334, time=0.7117178440093994
20-06-2022 00:31:43|INFO|Is groups None: True 
20-06-2022 00:31:44|INFO|4/10|grid.best_params_={'C': 0.01, 'gamma': 1e-09, 'kernel': 'rbf', 'max_iter': 1000}, grid.best_score_=0.5740740740740741, grid.best_index_=0, acc=0.5833333333333334, time=0.7111501693725586
20-06-2022 00:31:44|INFO|Is groups None: True 
20-06-2022 00:31:45|INFO|5/10|grid.best_params_={'C': 0.01, 'gamma': 1e-09, 'kernel': 'rbf', 'max_iter': 1000}, grid.best_score_=0.5740740740740741, grid.best_index_=0, acc=0.5833333333333334, time=0.7204432487487793
20-06-2022 00:31:45|INFO|Is groups None: True 
20-06-2022 00:31:46|INFO|6/10|grid.best_params_={'C': 0.01, 'gamma': 1e-09, 'kernel': 'rbf', 'max_iter': 1000}, grid.best_score_=0.5740740740740741, grid.best_index_=0, acc=0.5833333333333334, time=0.7257978916168213
20-06-2022 00:31:46|INFO|Is groups None: True 
20-06-2022 00:31:46|INFO|7/10|grid.best_params_={'C': 0.01, 'gamma': 1e-09, 'kernel': 'rbf', 'max_iter': 1000}, grid.best_score_=0.5740740740740741, grid.best_index_=0, acc=0.5833333333333334, time=0.8216590881347656
20-06-2022 00:31:47|INFO|Is groups None: True 
20-06-2022 00:31:47|INFO|8/10|grid.best_params_={'C': 0.01, 'gamma': 1e-09, 'kernel': 'rbf', 'max_iter': 1000}, grid.best_score_=0.5740740740740741, grid.best_index_=0, acc=0.5833333333333334, time=0.8501176834106445
20-06-2022 00:31:47|INFO|Is groups None: True 
20-06-2022 00:31:48|INFO|9/10|grid.best_params_={'C': 0.01, 'gamma': 1e-09, 'kernel': 'rbf', 'max_iter': 1000}, grid.best_score_=0.5740740740740741, grid.best_index_=0, acc=0.5833333333333334, time=0.8079769611358643
20-06-2022 00:31:48|INFO|Is groups None: True 
20-06-2022 00:31:49|INFO|10/10|grid.best_params_={'C': 0.01, 'gamma': 1e-09, 'kernel': 'rbf', 'max_iter': 1000}, grid.best_score_=0.5833333333333334, grid.best_index_=0, acc=0.5, time=0.7659282684326172
20-06-2022 00:31:49|INFO|s31|10-CV=0.57500|STD=0.02500|Time spend=8.915584802627563
20-06-2022 00:31:50|INFO|Running Split-First
20-06-2022 00:31:50|INFO|X.shape=(120, 496), y.shape=(120,), groups.shape=(120,)
20-06-2022 00:31:50|INFO|Is groups None: True 
20-06-2022 00:31:51|INFO|1/10|grid.best_params_={'C': 0.01, 'gamma': 0.001, 'kernel': 'rbf', 'max_iter': 1000}, grid.best_score_=0.5833333333333334, grid.best_index_=3, acc=0.6666666666666666, time=0.690101146697998
20-06-2022 00:31:51|INFO|Is groups None: True 
20-06-2022 00:31:52|INFO|2/10|grid.best_params_={'C': 1.0, 'gamma': 0.1, 'kernel': 'rbf', 'max_iter': 1000}, grid.best_score_=0.5833333333333333, grid.best_index_=11, acc=0.5, time=0.7814536094665527
20-06-2022 00:31:52|INFO|Is groups None: True 
20-06-2022 00:31:52|INFO|3/10|grid.best_params_={'C': 100.0, 'gamma': 1e-05, 'kernel': 'rbf', 'max_iter': 1000}, grid.best_score_=0.6203703703703703, grid.best_index_=16, acc=0.25, time=0.7372066974639893
20-06-2022 00:31:52|INFO|Is groups None: True 
20-06-2022 00:31:53|INFO|4/10|grid.best_params_={'C': 0.01, 'gamma': 1e-09, 'kernel': 'rbf', 'max_iter': 1000}, grid.best_score_=0.5740740740740741, grid.best_index_=0, acc=0.5833333333333334, time=0.7611792087554932
20-06-2022 00:31:53|INFO|Is groups None: True 
20-06-2022 00:31:54|INFO|5/10|grid.best_params_={'C': 0.01, 'gamma': 0.001, 'kernel': 'rbf', 'max_iter': 1000}, grid.best_score_=0.5925925925925926, grid.best_index_=3, acc=0.5, time=0.6953122615814209
20-06-2022 00:31:54|INFO|Is groups None: True 
20-06-2022 00:31:55|INFO|6/10|grid.best_params_={'C': 0.01, 'gamma': 0.001, 'kernel': 'rbf', 'max_iter': 1000}, grid.best_score_=0.5925925925925926, grid.best_index_=3, acc=0.5, time=0.7094457149505615
20-06-2022 00:31:55|INFO|Is groups None: True 
20-06-2022 00:31:55|INFO|7/10|grid.best_params_={'C': 100000000.0, 'gamma': 1e-09, 'kernel': 'rbf', 'max_iter': 1000}, grid.best_score_=0.6018518518518519, grid.best_index_=35, acc=0.4166666666666667, time=0.6813509464263916
20-06-2022 00:31:55|INFO|Is groups None: True 
20-06-2022 00:31:56|INFO|8/10|grid.best_params_={'C': 0.01, 'gamma': 1e-09, 'kernel': 'rbf', 'max_iter': 1000}, grid.best_score_=0.6111111111111112, grid.best_index_=0, acc=0.3333333333333333, time=0.7005889415740967
20-06-2022 00:31:56|INFO|Is groups None: True 
20-06-2022 00:31:57|INFO|9/10|grid.best_params_={'C': 100.0, 'gamma': 0.001, 'kernel': 'rbf', 'max_iter': 1000}, grid.best_score_=0.5833333333333334, grid.best_index_=17, acc=0.5833333333333334, time=0.780311107635498
20-06-2022 00:31:57|INFO|Is groups None: True 
20-06-2022 00:31:57|INFO|10/10|grid.best_params_={'C': 100.0, 'gamma': 0.001, 'kernel': 'rbf', 'max_iter': 1000}, grid.best_score_=0.5740740740740741, grid.best_index_=17, acc=0.5, time=0.7792115211486816
20-06-2022 00:31:58|INFO|s32|10-CV=0.48333|STD=0.11667|Time spend=8.554421186447144
20-06-2022 00:31:58|INFO|final|10-CV=0.57370|STD=0.04492
20-06-2022 08:32:38|INFO|
    Running Command: 
        python3 main-ml.py --subject_setup dependent --experimental_setup segment --stimuli_class valence --preprocessing PCC_FREQ --segment_lenght 20 --output_log ./output/dependent-segment-valence-PCC_FREQ-20.log
    Starting training:
        segment_lenght:  20
        output_log:      ./output/dependent-segment-valence-PCC_FREQ-20.log
        stimuli_class:   valence
        preprocessing:   PCC_FREQ
        subject_setup:   dependent
        experimental_setup: segment
    
20-06-2022 08:32:39|INFO|final|10-CV=nan|STD=nan
