20-06-2022 07:12:23|INFO|
    Running Command: 
        python3 main-ml.py --subject_setup dependent --experimental_setup trial --stimuli_class valence --preprocessing PCC_FREQ --segment_lenght 12 --output_log ./output/dependent-trial-valence-PCC_FREQ-12.log
    Starting training:
        segment_lenght:  12
        output_log:      ./output/dependent-trial-valence-PCC_FREQ-12.log
        stimuli_class:   valence
        preprocessing:   PCC_FREQ
        subject_setup:   dependent
        experimental_setup: trial
    
20-06-2022 07:12:25|INFO|Running Segment-First
20-06-2022 07:12:25|INFO|X.shape=(200, 496), y.shape=(200,), groups.shape=(200,)
20-06-2022 07:12:25|INFO|Is groups None: False 
20-06-2022 07:12:47|INFO|1/10|grid.best_params_={'C': 100.0, 'gamma': 0.1, 'kernel': 'rbf', 'max_iter': 1000}, grid.best_score_=0.5259259259259259, grid.best_index_=18, acc=0.5, time=22.014294147491455
20-06-2022 07:12:47|INFO|Is groups None: False 
20-06-2022 07:12:48|INFO|2/10|grid.best_params_={'C': 10000.0, 'gamma': 1e-05, 'kernel': 'rbf', 'max_iter': 1000}, grid.best_score_=0.5655555555555556, grid.best_index_=23, acc=0.35, time=1.533026933670044
20-06-2022 07:12:48|INFO|Is groups None: False 
20-06-2022 07:12:50|INFO|3/10|grid.best_params_={'C': 1.0, 'gamma': 0.1, 'kernel': 'rbf', 'max_iter': 1000}, grid.best_score_=0.5277777777777778, grid.best_index_=11, acc=0.5, time=1.4913599491119385
20-06-2022 07:12:50|INFO|Is groups None: False 
20-06-2022 07:12:51|INFO|4/10|grid.best_params_={'C': 100.0, 'gamma': 0.1, 'kernel': 'rbf', 'max_iter': 1000}, grid.best_score_=0.537037037037037, grid.best_index_=18, acc=0.5, time=1.438737392425537
20-06-2022 07:12:51|INFO|Is groups None: False 
20-06-2022 07:12:53|INFO|5/10|grid.best_params_={'C': 100.0, 'gamma': 0.1, 'kernel': 'rbf', 'max_iter': 1000}, grid.best_score_=0.5314814814814814, grid.best_index_=18, acc=0.5, time=1.5405077934265137
20-06-2022 07:12:53|INFO|Is groups None: False 
20-06-2022 07:12:55|INFO|6/10|grid.best_params_={'C': 10000.0, 'gamma': 1e-05, 'kernel': 'rbf', 'max_iter': 1000}, grid.best_score_=0.5388888888888889, grid.best_index_=23, acc=0.45, time=1.7365217208862305
20-06-2022 07:12:55|INFO|Is groups None: False 
20-06-2022 07:12:56|INFO|7/10|grid.best_params_={'C': 1000000.0, 'gamma': 1e-09, 'kernel': 'rbf', 'max_iter': 1000}, grid.best_score_=0.5555555555555556, grid.best_index_=28, acc=0.55, time=1.4314448833465576
20-06-2022 07:12:56|INFO|Is groups None: False 
20-06-2022 07:12:58|INFO|8/10|grid.best_params_={'C': 100000000.0, 'gamma': 1e-09, 'kernel': 'rbf', 'max_iter': 1000}, grid.best_score_=0.5777777777777778, grid.best_index_=35, acc=0.65, time=1.4627630710601807
20-06-2022 07:12:58|INFO|Is groups None: False 
20-06-2022 07:12:59|INFO|9/10|grid.best_params_={'C': 100.0, 'gamma': 0.1, 'kernel': 'rbf', 'max_iter': 1000}, grid.best_score_=0.5222222222222223, grid.best_index_=18, acc=0.5, time=1.5881438255310059
20-06-2022 07:12:59|INFO|Is groups None: False 
20-06-2022 07:13:01|INFO|10/10|grid.best_params_={'C': 10000000000.0, 'gamma': 1e-09, 'kernel': 'rbf', 'max_iter': 1000}, grid.best_score_=0.5677777777777777, grid.best_index_=42, acc=0.4, time=1.5080146789550781
20-06-2022 07:13:01|INFO|s01|10-CV=0.49000|STD=0.07681|Time spend=37.28658747673035
20-06-2022 07:13:02|INFO|Running Segment-First
20-06-2022 07:13:02|INFO|X.shape=(200, 496), y.shape=(200,), groups.shape=(200,)
20-06-2022 07:13:02|INFO|Is groups None: False 
20-06-2022 07:13:04|INFO|1/10|grid.best_params_={'C': 0.01, 'gamma': 1000.0, 'kernel': 'rbf', 'max_iter': 1000}, grid.best_score_=0.5555555555555556, grid.best_index_=6, acc=0.5, time=1.5196137428283691
20-06-2022 07:13:04|INFO|Is groups None: False 
20-06-2022 07:13:05|INFO|2/10|grid.best_params_={'C': 0.01, 'gamma': 10.0, 'kernel': 'rbf', 'max_iter': 1000}, grid.best_score_=0.5555555555555556, grid.best_index_=5, acc=0.5, time=1.5293059349060059
20-06-2022 07:13:05|INFO|Is groups None: False 
20-06-2022 07:13:07|INFO|3/10|grid.best_params_={'C': 0.01, 'gamma': 10.0, 'kernel': 'rbf', 'max_iter': 1000}, grid.best_score_=0.5555555555555556, grid.best_index_=5, acc=0.5, time=1.4345438480377197
20-06-2022 07:13:07|INFO|Is groups None: False 
20-06-2022 07:13:08|INFO|4/10|grid.best_params_={'C': 1000000.0, 'gamma': 1e-07, 'kernel': 'rbf', 'max_iter': 1000}, grid.best_score_=0.6000000000000001, grid.best_index_=29, acc=0.45, time=1.42811918258667
20-06-2022 07:13:08|INFO|Is groups None: False 
20-06-2022 07:13:10|INFO|5/10|grid.best_params_={'C': 100.0, 'gamma': 0.1, 'kernel': 'rbf', 'max_iter': 1000}, grid.best_score_=0.5611111111111111, grid.best_index_=18, acc=0.45, time=1.5504448413848877
20-06-2022 07:13:10|INFO|Is groups None: False 
20-06-2022 07:13:11|INFO|6/10|grid.best_params_={'C': 1000000.0, 'gamma': 1e-05, 'kernel': 'rbf', 'max_iter': 1000}, grid.best_score_=0.5455555555555556, grid.best_index_=30, acc=0.35, time=1.4645946025848389
20-06-2022 07:13:11|INFO|Is groups None: False 
20-06-2022 07:13:13|INFO|7/10|grid.best_params_={'C': 0.01, 'gamma': 10.0, 'kernel': 'rbf', 'max_iter': 1000}, grid.best_score_=0.5555555555555556, grid.best_index_=5, acc=0.5, time=1.4266226291656494
20-06-2022 07:13:13|INFO|Is groups None: False 
20-06-2022 07:13:14|INFO|8/10|grid.best_params_={'C': 0.01, 'gamma': 1e-09, 'kernel': 'rbf', 'max_iter': 1000}, grid.best_score_=0.5555555555555556, grid.best_index_=0, acc=0.5, time=1.510263204574585
20-06-2022 07:13:14|INFO|Is groups None: False 
20-06-2022 07:13:16|INFO|9/10|grid.best_params_={'C': 10000.0, 'gamma': 1e-05, 'kernel': 'rbf', 'max_iter': 1000}, grid.best_score_=0.5444444444444445, grid.best_index_=23, acc=0.4, time=1.602555274963379
20-06-2022 07:13:16|INFO|Is groups None: False 
20-06-2022 07:13:17|INFO|10/10|grid.best_params_={'C': 0.01, 'gamma': 1e-09, 'kernel': 'rbf', 'max_iter': 1000}, grid.best_score_=0.5555555555555556, grid.best_index_=0, acc=0.5, time=1.4162802696228027
20-06-2022 07:13:17|INFO|s02|10-CV=0.46500|STD=0.05025|Time spend=16.45151424407959
20-06-2022 07:13:19|INFO|Running Segment-First
20-06-2022 07:13:19|INFO|X.shape=(200, 496), y.shape=(200,), groups.shape=(200,)
20-06-2022 07:13:19|INFO|Is groups None: False 
20-06-2022 07:13:20|INFO|1/10|grid.best_params_={'C': 10000000000.0, 'gamma': 1e-09, 'kernel': 'rbf', 'max_iter': 1000}, grid.best_score_=0.6000000000000001, grid.best_index_=42, acc=0.25, time=1.489626407623291
20-06-2022 07:13:20|INFO|Is groups None: False 
20-06-2022 07:13:22|INFO|2/10|grid.best_params_={'C': 1.0, 'gamma': 0.001, 'kernel': 'rbf', 'max_iter': 1000}, grid.best_score_=0.5888888888888888, grid.best_index_=10, acc=0.6, time=1.420612096786499
20-06-2022 07:13:22|INFO|Is groups None: False 
20-06-2022 07:13:23|INFO|3/10|grid.best_params_={'C': 100000000.0, 'gamma': 1e-09, 'kernel': 'rbf', 'max_iter': 1000}, grid.best_score_=0.588888888888889, grid.best_index_=35, acc=0.5, time=1.3991096019744873
20-06-2022 07:13:23|INFO|Is groups None: False 
20-06-2022 07:13:25|INFO|4/10|grid.best_params_={'C': 1000000.0, 'gamma': 1e-09, 'kernel': 'rbf', 'max_iter': 1000}, grid.best_score_=0.5711111111111111, grid.best_index_=28, acc=0.6, time=1.517338752746582
20-06-2022 07:13:25|INFO|Is groups None: False 
20-06-2022 07:13:26|INFO|5/10|grid.best_params_={'C': 1.0, 'gamma': 0.001, 'kernel': 'rbf', 'max_iter': 1000}, grid.best_score_=0.5833333333333334, grid.best_index_=10, acc=0.35, time=1.4890708923339844
20-06-2022 07:13:26|INFO|Is groups None: False 
20-06-2022 07:13:28|INFO|6/10|grid.best_params_={'C': 1000000.0, 'gamma': 1e-07, 'kernel': 'rbf', 'max_iter': 1000}, grid.best_score_=0.6222222222222222, grid.best_index_=29, acc=0.25, time=1.4069113731384277
20-06-2022 07:13:28|INFO|Is groups None: False 
20-06-2022 07:13:29|INFO|7/10|grid.best_params_={'C': 100.0, 'gamma': 0.001, 'kernel': 'rbf', 'max_iter': 1000}, grid.best_score_=0.5777777777777778, grid.best_index_=17, acc=0.55, time=1.4188811779022217
20-06-2022 07:13:29|INFO|Is groups None: False 
20-06-2022 07:13:31|INFO|8/10|grid.best_params_={'C': 0.01, 'gamma': 1000.0, 'kernel': 'rbf', 'max_iter': 1000}, grid.best_score_=0.5555555555555556, grid.best_index_=6, acc=0.5, time=1.5315403938293457
20-06-2022 07:13:31|INFO|Is groups None: False 
20-06-2022 07:13:32|INFO|9/10|grid.best_params_={'C': 10000000000.0, 'gamma': 1e-07, 'kernel': 'rbf', 'max_iter': 1000}, grid.best_score_=0.5596296296296297, grid.best_index_=43, acc=0.4, time=1.4239962100982666
20-06-2022 07:13:32|INFO|Is groups None: False 
20-06-2022 07:13:34|INFO|10/10|grid.best_params_={'C': 1000000.0, 'gamma': 1e-07, 'kernel': 'rbf', 'max_iter': 1000}, grid.best_score_=0.5777777777777778, grid.best_index_=29, acc=0.45, time=1.407928466796875
20-06-2022 07:13:34|INFO|s03|10-CV=0.44500|STD=0.12339|Time spend=16.42940926551819
20-06-2022 07:13:35|INFO|Running Segment-First
20-06-2022 07:13:35|INFO|X.shape=(200, 496), y.shape=(200,), groups.shape=(200,)
20-06-2022 07:13:35|INFO|Is groups None: False 
20-06-2022 07:13:37|INFO|1/10|grid.best_params_={'C': 1.0, 'gamma': 0.1, 'kernel': 'rbf', 'max_iter': 1000}, grid.best_score_=0.6166666666666667, grid.best_index_=11, acc=0.5, time=1.4273631572723389
20-06-2022 07:13:37|INFO|Is groups None: False 
20-06-2022 07:13:38|INFO|2/10|grid.best_params_={'C': 0.01, 'gamma': 1e-09, 'kernel': 'rbf', 'max_iter': 1000}, grid.best_score_=0.6111111111111112, grid.best_index_=0, acc=0.5, time=1.4277198314666748
20-06-2022 07:13:38|INFO|Is groups None: False 
20-06-2022 07:13:39|INFO|3/10|grid.best_params_={'C': 0.01, 'gamma': 1e-09, 'kernel': 'rbf', 'max_iter': 1000}, grid.best_score_=0.6111111111111112, grid.best_index_=0, acc=0.5, time=1.3692550659179688
20-06-2022 07:13:39|INFO|Is groups None: False 
20-06-2022 07:13:41|INFO|4/10|grid.best_params_={'C': 0.01, 'gamma': 1e-09, 'kernel': 'rbf', 'max_iter': 1000}, grid.best_score_=0.6111111111111112, grid.best_index_=0, acc=0.5, time=1.594494342803955
20-06-2022 07:13:41|INFO|Is groups None: False 
20-06-2022 07:13:42|INFO|5/10|grid.best_params_={'C': 0.01, 'gamma': 1e-09, 'kernel': 'rbf', 'max_iter': 1000}, grid.best_score_=0.5833333333333334, grid.best_index_=0, acc=0.75, time=1.487030029296875
20-06-2022 07:13:42|INFO|Is groups None: False 
20-06-2022 07:13:44|INFO|6/10|grid.best_params_={'C': 100.0, 'gamma': 0.1, 'kernel': 'rbf', 'max_iter': 1000}, grid.best_score_=0.588888888888889, grid.best_index_=18, acc=0.7, time=1.3955276012420654
20-06-2022 07:13:44|INFO|Is groups None: False 
20-06-2022 07:13:45|INFO|7/10|grid.best_params_={'C': 100.0, 'gamma': 0.1, 'kernel': 'rbf', 'max_iter': 1000}, grid.best_score_=0.588888888888889, grid.best_index_=18, acc=0.75, time=1.4568171501159668
20-06-2022 07:13:45|INFO|Is groups None: False 
20-06-2022 07:13:47|INFO|8/10|grid.best_params_={'C': 1.0, 'gamma': 0.1, 'kernel': 'rbf', 'max_iter': 1000}, grid.best_score_=0.6388888888888888, grid.best_index_=11, acc=0.5, time=1.4690320491790771
20-06-2022 07:13:47|INFO|Is groups None: False 
20-06-2022 07:13:48|INFO|9/10|grid.best_params_={'C': 100.0, 'gamma': 0.001, 'kernel': 'rbf', 'max_iter': 1000}, grid.best_score_=0.6444444444444444, grid.best_index_=17, acc=0.6, time=1.4028441905975342
20-06-2022 07:13:48|INFO|Is groups None: False 
20-06-2022 07:13:50|INFO|10/10|grid.best_params_={'C': 1.0, 'gamma': 0.1, 'kernel': 'rbf', 'max_iter': 1000}, grid.best_score_=0.6000000000000001, grid.best_index_=11, acc=0.75, time=1.3613207340240479
20-06-2022 07:13:50|INFO|s04|10-CV=0.60500|STD=0.11281|Time spend=16.076566696166992
20-06-2022 07:13:52|INFO|Running Segment-First
20-06-2022 07:13:52|INFO|X.shape=(200, 496), y.shape=(200,), groups.shape=(200,)
20-06-2022 07:13:52|INFO|Is groups None: False 
20-06-2022 07:13:53|INFO|1/10|grid.best_params_={'C': 0.01, 'gamma': 1e-09, 'kernel': 'rbf', 'max_iter': 1000}, grid.best_score_=0.5833333333333334, grid.best_index_=0, acc=0.75, time=1.472933053970337
20-06-2022 07:13:53|INFO|Is groups None: False 
20-06-2022 07:13:55|INFO|2/10|grid.best_params_={'C': 1.0, 'gamma': 0.001, 'kernel': 'rbf', 'max_iter': 1000}, grid.best_score_=0.6222222222222222, grid.best_index_=10, acc=0.5, time=1.4204769134521484
20-06-2022 07:13:55|INFO|Is groups None: False 
20-06-2022 07:13:56|INFO|3/10|grid.best_params_={'C': 0.01, 'gamma': 1e-09, 'kernel': 'rbf', 'max_iter': 1000}, grid.best_score_=0.5833333333333334, grid.best_index_=0, acc=0.75, time=1.5730223655700684
20-06-2022 07:13:56|INFO|Is groups None: False 
20-06-2022 07:13:58|INFO|4/10|grid.best_params_={'C': 0.01, 'gamma': 1e-09, 'kernel': 'rbf', 'max_iter': 1000}, grid.best_score_=0.6111111111111112, grid.best_index_=0, acc=0.5, time=1.652048110961914
20-06-2022 07:13:58|INFO|Is groups None: False 
20-06-2022 07:13:59|INFO|5/10|grid.best_params_={'C': 0.01, 'gamma': 1e-09, 'kernel': 'rbf', 'max_iter': 1000}, grid.best_score_=0.6111111111111112, grid.best_index_=0, acc=0.5, time=1.4508707523345947
20-06-2022 07:13:59|INFO|Is groups None: False 
20-06-2022 07:14:01|INFO|6/10|grid.best_params_={'C': 0.01, 'gamma': 1e-09, 'kernel': 'rbf', 'max_iter': 1000}, grid.best_score_=0.6111111111111112, grid.best_index_=0, acc=0.5, time=1.5145342350006104
20-06-2022 07:14:01|INFO|Is groups None: False 
20-06-2022 07:14:03|INFO|7/10|grid.best_params_={'C': 0.01, 'gamma': 1e-09, 'kernel': 'rbf', 'max_iter': 1000}, grid.best_score_=0.5833333333333334, grid.best_index_=0, acc=0.75, time=1.5805866718292236
20-06-2022 07:14:03|INFO|Is groups None: False 
20-06-2022 07:14:04|INFO|8/10|grid.best_params_={'C': 0.01, 'gamma': 1e-09, 'kernel': 'rbf', 'max_iter': 1000}, grid.best_score_=0.6111111111111112, grid.best_index_=0, acc=0.5, time=1.4471139907836914
20-06-2022 07:14:04|INFO|Is groups None: False 
20-06-2022 07:14:05|INFO|9/10|grid.best_params_={'C': 0.01, 'gamma': 1e-09, 'kernel': 'rbf', 'max_iter': 1000}, grid.best_score_=0.6111111111111112, grid.best_index_=0, acc=0.5, time=1.4644432067871094
20-06-2022 07:14:05|INFO|Is groups None: False 
20-06-2022 07:14:07|INFO|10/10|grid.best_params_={'C': 0.01, 'gamma': 1e-09, 'kernel': 'rbf', 'max_iter': 1000}, grid.best_score_=0.5833333333333334, grid.best_index_=0, acc=0.75, time=1.5783474445343018
20-06-2022 07:14:07|INFO|s05|10-CV=0.60000|STD=0.12247|Time spend=17.413543939590454
20-06-2022 07:14:09|INFO|Running Segment-First
20-06-2022 07:14:09|INFO|X.shape=(200, 496), y.shape=(200,), groups.shape=(200,)
20-06-2022 07:14:09|INFO|Is groups None: False 
20-06-2022 07:14:10|INFO|1/10|grid.best_params_={'C': 0.01, 'gamma': 1e-09, 'kernel': 'rbf', 'max_iter': 1000}, grid.best_score_=0.75, grid.best_index_=0, acc=0.75, time=1.3222074508666992
20-06-2022 07:14:10|INFO|Is groups None: False 
20-06-2022 07:14:12|INFO|2/10|grid.best_params_={'C': 0.01, 'gamma': 1e-09, 'kernel': 'rbf', 'max_iter': 1000}, grid.best_score_=0.75, grid.best_index_=0, acc=0.75, time=1.4127094745635986
20-06-2022 07:14:12|INFO|Is groups None: False 
20-06-2022 07:14:13|INFO|3/10|grid.best_params_={'C': 0.01, 'gamma': 1e-09, 'kernel': 'rbf', 'max_iter': 1000}, grid.best_score_=0.75, grid.best_index_=0, acc=0.75, time=1.5099289417266846
20-06-2022 07:14:13|INFO|Is groups None: False 
20-06-2022 07:14:14|INFO|4/10|grid.best_params_={'C': 0.01, 'gamma': 1e-09, 'kernel': 'rbf', 'max_iter': 1000}, grid.best_score_=0.75, grid.best_index_=0, acc=0.75, time=1.2912065982818604
20-06-2022 07:14:14|INFO|Is groups None: False 
20-06-2022 07:14:16|INFO|5/10|grid.best_params_={'C': 0.01, 'gamma': 1e-09, 'kernel': 'rbf', 'max_iter': 1000}, grid.best_score_=0.75, grid.best_index_=0, acc=0.75, time=1.3078837394714355
20-06-2022 07:14:16|INFO|Is groups None: False 
20-06-2022 07:14:17|INFO|6/10|grid.best_params_={'C': 0.01, 'gamma': 1e-09, 'kernel': 'rbf', 'max_iter': 1000}, grid.best_score_=0.75, grid.best_index_=0, acc=0.75, time=1.41929030418396
20-06-2022 07:14:17|INFO|Is groups None: False 
20-06-2022 07:14:19|INFO|7/10|grid.best_params_={'C': 0.01, 'gamma': 1e-09, 'kernel': 'rbf', 'max_iter': 1000}, grid.best_score_=0.75, grid.best_index_=0, acc=0.75, time=1.365114688873291
20-06-2022 07:14:19|INFO|Is groups None: False 
20-06-2022 07:14:20|INFO|8/10|grid.best_params_={'C': 0.01, 'gamma': 1e-09, 'kernel': 'rbf', 'max_iter': 1000}, grid.best_score_=0.75, grid.best_index_=0, acc=0.75, time=1.2856342792510986
20-06-2022 07:14:20|INFO|Is groups None: False 
20-06-2022 07:14:21|INFO|9/10|grid.best_params_={'C': 0.01, 'gamma': 1e-09, 'kernel': 'rbf', 'max_iter': 1000}, grid.best_score_=0.75, grid.best_index_=0, acc=0.75, time=1.3632986545562744
20-06-2022 07:14:21|INFO|Is groups None: False 
20-06-2022 07:14:23|INFO|10/10|grid.best_params_={'C': 0.01, 'gamma': 1e-09, 'kernel': 'rbf', 'max_iter': 1000}, grid.best_score_=0.75, grid.best_index_=0, acc=0.75, time=1.4388434886932373
20-06-2022 07:14:23|INFO|s06|10-CV=0.75000|STD=0.00000|Time spend=15.6495680809021
20-06-2022 07:14:24|INFO|Running Segment-First
20-06-2022 07:14:24|INFO|X.shape=(200, 496), y.shape=(200,), groups.shape=(200,)
20-06-2022 07:14:24|INFO|Is groups None: False 
20-06-2022 07:14:26|INFO|1/10|grid.best_params_={'C': 0.01, 'gamma': 1e-09, 'kernel': 'rbf', 'max_iter': 1000}, grid.best_score_=0.6944444444444444, grid.best_index_=0, acc=0.75, time=1.3683502674102783
20-06-2022 07:14:26|INFO|Is groups None: False 
20-06-2022 07:14:27|INFO|2/10|grid.best_params_={'C': 0.01, 'gamma': 1e-09, 'kernel': 'rbf', 'max_iter': 1000}, grid.best_score_=0.7222222222222222, grid.best_index_=0, acc=0.5, time=1.4226584434509277
20-06-2022 07:14:27|INFO|Is groups None: False 
20-06-2022 07:14:29|INFO|3/10|grid.best_params_={'C': 0.01, 'gamma': 1e-09, 'kernel': 'rbf', 'max_iter': 1000}, grid.best_score_=0.6944444444444444, grid.best_index_=0, acc=0.75, time=1.5172100067138672
20-06-2022 07:14:29|INFO|Is groups None: False 
20-06-2022 07:14:30|INFO|4/10|grid.best_params_={'C': 0.01, 'gamma': 1e-09, 'kernel': 'rbf', 'max_iter': 1000}, grid.best_score_=0.7222222222222222, grid.best_index_=0, acc=0.5, time=1.3372647762298584
20-06-2022 07:14:30|INFO|Is groups None: False 
20-06-2022 07:14:31|INFO|5/10|grid.best_params_={'C': 0.01, 'gamma': 1e-09, 'kernel': 'rbf', 'max_iter': 1000}, grid.best_score_=0.6944444444444444, grid.best_index_=0, acc=0.75, time=1.338409185409546
20-06-2022 07:14:31|INFO|Is groups None: False 
20-06-2022 07:14:33|INFO|6/10|grid.best_params_={'C': 0.01, 'gamma': 1e-09, 'kernel': 'rbf', 'max_iter': 1000}, grid.best_score_=0.6944444444444444, grid.best_index_=0, acc=0.75, time=1.4964287281036377
20-06-2022 07:14:33|INFO|Is groups None: False 
20-06-2022 07:14:34|INFO|7/10|grid.best_params_={'C': 0.01, 'gamma': 1e-09, 'kernel': 'rbf', 'max_iter': 1000}, grid.best_score_=0.6944444444444444, grid.best_index_=0, acc=0.75, time=1.414133071899414
20-06-2022 07:14:34|INFO|Is groups None: False 
20-06-2022 07:14:36|INFO|8/10|grid.best_params_={'C': 0.01, 'gamma': 1e-09, 'kernel': 'rbf', 'max_iter': 1000}, grid.best_score_=0.6944444444444444, grid.best_index_=0, acc=0.75, time=1.3309123516082764
20-06-2022 07:14:36|INFO|Is groups None: False 
20-06-2022 07:14:37|INFO|9/10|grid.best_params_={'C': 0.01, 'gamma': 1e-09, 'kernel': 'rbf', 'max_iter': 1000}, grid.best_score_=0.6944444444444444, grid.best_index_=0, acc=0.75, time=1.4209742546081543
20-06-2022 07:14:37|INFO|Is groups None: False 
20-06-2022 07:14:39|INFO|10/10|grid.best_params_={'C': 0.01, 'gamma': 1e-09, 'kernel': 'rbf', 'max_iter': 1000}, grid.best_score_=0.6944444444444444, grid.best_index_=0, acc=0.75, time=1.5028879642486572
20-06-2022 07:14:39|INFO|s07|10-CV=0.70000|STD=0.10000|Time spend=15.826817989349365
20-06-2022 07:14:40|INFO|Running Segment-First
20-06-2022 07:14:40|INFO|X.shape=(200, 496), y.shape=(200,), groups.shape=(200,)
20-06-2022 07:14:40|INFO|Is groups None: False 
20-06-2022 07:14:41|INFO|1/10|grid.best_params_={'C': 100.0, 'gamma': 0.001, 'kernel': 'rbf', 'max_iter': 1000}, grid.best_score_=0.5666666666666667, grid.best_index_=17, acc=0.45, time=1.4278266429901123
20-06-2022 07:14:41|INFO|Is groups None: False 
20-06-2022 07:14:43|INFO|2/10|grid.best_params_={'C': 1.0, 'gamma': 0.001, 'kernel': 'rbf', 'max_iter': 1000}, grid.best_score_=0.5777777777777777, grid.best_index_=10, acc=0.5, time=1.5309076309204102
20-06-2022 07:14:43|INFO|Is groups None: False 
20-06-2022 07:14:45|INFO|3/10|grid.best_params_={'C': 1.0, 'gamma': 0.001, 'kernel': 'rbf', 'max_iter': 1000}, grid.best_score_=0.5888888888888889, grid.best_index_=10, acc=0.75, time=1.6055784225463867
20-06-2022 07:14:45|INFO|Is groups None: False 
20-06-2022 07:14:46|INFO|4/10|grid.best_params_={'C': 100.0, 'gamma': 1e-05, 'kernel': 'rbf', 'max_iter': 1000}, grid.best_score_=0.5666666666666668, grid.best_index_=16, acc=0.6, time=1.4700827598571777
20-06-2022 07:14:46|INFO|Is groups None: False 
20-06-2022 07:14:48|INFO|5/10|grid.best_params_={'C': 1.0, 'gamma': 0.001, 'kernel': 'rbf', 'max_iter': 1000}, grid.best_score_=0.5666666666666667, grid.best_index_=10, acc=0.65, time=1.4981646537780762
20-06-2022 07:14:48|INFO|Is groups None: False 
20-06-2022 07:14:49|INFO|6/10|grid.best_params_={'C': 1.0, 'gamma': 0.001, 'kernel': 'rbf', 'max_iter': 1000}, grid.best_score_=0.6118518518518519, grid.best_index_=10, acc=0.45, time=1.5786082744598389
20-06-2022 07:14:49|INFO|Is groups None: False 
20-06-2022 07:14:51|INFO|7/10|grid.best_params_={'C': 100.0, 'gamma': 1e-05, 'kernel': 'rbf', 'max_iter': 1000}, grid.best_score_=0.5666666666666668, grid.best_index_=16, acc=0.6, time=1.3949379920959473
20-06-2022 07:14:51|INFO|Is groups None: False 
20-06-2022 07:14:52|INFO|8/10|grid.best_params_={'C': 1.0, 'gamma': 0.001, 'kernel': 'rbf', 'max_iter': 1000}, grid.best_score_=0.5555555555555556, grid.best_index_=10, acc=0.65, time=1.4143486022949219
20-06-2022 07:14:52|INFO|Is groups None: False 
20-06-2022 07:14:54|INFO|9/10|grid.best_params_={'C': 1.0, 'gamma': 0.001, 'kernel': 'rbf', 'max_iter': 1000}, grid.best_score_=0.5777777777777778, grid.best_index_=10, acc=0.6, time=1.5854620933532715
20-06-2022 07:14:54|INFO|Is groups None: False 
20-06-2022 07:14:55|INFO|10/10|grid.best_params_={'C': 1.0, 'gamma': 0.001, 'kernel': 'rbf', 'max_iter': 1000}, grid.best_score_=0.6166666666666667, grid.best_index_=10, acc=0.45, time=1.4804396629333496
20-06-2022 07:14:55|INFO|s08|10-CV=0.57000|STD=0.09798|Time spend=16.557427167892456
20-06-2022 07:14:57|INFO|Running Segment-First
20-06-2022 07:14:57|INFO|X.shape=(200, 496), y.shape=(200,), groups.shape=(200,)
20-06-2022 07:14:57|INFO|Is groups None: False 
20-06-2022 07:14:58|INFO|1/10|grid.best_params_={'C': 1000000.0, 'gamma': 1e-07, 'kernel': 'rbf', 'max_iter': 1000}, grid.best_score_=0.6166666666666667, grid.best_index_=29, acc=0.5, time=1.5430538654327393
20-06-2022 07:14:58|INFO|Is groups None: False 
20-06-2022 07:15:00|INFO|2/10|grid.best_params_={'C': 10000.0, 'gamma': 1e-05, 'kernel': 'rbf', 'max_iter': 1000}, grid.best_score_=0.6222222222222222, grid.best_index_=23, acc=0.6, time=1.529573678970337
20-06-2022 07:15:00|INFO|Is groups None: False 
20-06-2022 07:15:01|INFO|3/10|grid.best_params_={'C': 100000000.0, 'gamma': 1e-09, 'kernel': 'rbf', 'max_iter': 1000}, grid.best_score_=0.6555555555555556, grid.best_index_=35, acc=0.5, time=1.460907220840454
20-06-2022 07:15:01|INFO|Is groups None: False 
20-06-2022 07:15:03|INFO|4/10|grid.best_params_={'C': 10000.0, 'gamma': 1e-05, 'kernel': 'rbf', 'max_iter': 1000}, grid.best_score_=0.6166666666666667, grid.best_index_=23, acc=0.7, time=1.5491821765899658
20-06-2022 07:15:03|INFO|Is groups None: False 
20-06-2022 07:15:04|INFO|5/10|grid.best_params_={'C': 10000.0, 'gamma': 1e-05, 'kernel': 'rbf', 'max_iter': 1000}, grid.best_score_=0.6611111111111111, grid.best_index_=23, acc=0.7, time=1.5866870880126953
20-06-2022 07:15:04|INFO|Is groups None: False 
20-06-2022 07:15:06|INFO|6/10|grid.best_params_={'C': 10000.0, 'gamma': 1e-05, 'kernel': 'rbf', 'max_iter': 1000}, grid.best_score_=0.6055555555555556, grid.best_index_=23, acc=0.65, time=1.4722583293914795
20-06-2022 07:15:06|INFO|Is groups None: False 
20-06-2022 07:15:07|INFO|7/10|grid.best_params_={'C': 10000.0, 'gamma': 1e-05, 'kernel': 'rbf', 'max_iter': 1000}, grid.best_score_=0.6055555555555555, grid.best_index_=23, acc=0.45, time=1.4219846725463867
20-06-2022 07:15:07|INFO|Is groups None: False 
20-06-2022 07:15:09|INFO|8/10|grid.best_params_={'C': 10000.0, 'gamma': 1e-05, 'kernel': 'rbf', 'max_iter': 1000}, grid.best_score_=0.6222222222222222, grid.best_index_=23, acc=0.8, time=1.5373899936676025
20-06-2022 07:15:09|INFO|Is groups None: False 
20-06-2022 07:15:10|INFO|9/10|grid.best_params_={'C': 10000.0, 'gamma': 1e-05, 'kernel': 'rbf', 'max_iter': 1000}, grid.best_score_=0.6555555555555556, grid.best_index_=23, acc=0.7, time=1.5381715297698975
20-06-2022 07:15:10|INFO|Is groups None: False 
20-06-2022 07:15:12|INFO|10/10|grid.best_params_={'C': 1000000.0, 'gamma': 1e-07, 'kernel': 'rbf', 'max_iter': 1000}, grid.best_score_=0.6222222222222222, grid.best_index_=29, acc=0.65, time=1.4053606986999512
20-06-2022 07:15:12|INFO|s09|10-CV=0.62500|STD=0.10548|Time spend=16.607563257217407
20-06-2022 07:15:13|INFO|Running Segment-First
20-06-2022 07:15:13|INFO|X.shape=(200, 496), y.shape=(200,), groups.shape=(200,)
20-06-2022 07:15:13|INFO|Is groups None: False 
20-06-2022 07:15:15|INFO|1/10|grid.best_params_={'C': 100000000.0, 'gamma': 1e-09, 'kernel': 'rbf', 'max_iter': 1000}, grid.best_score_=0.7222222222222222, grid.best_index_=35, acc=0.7, time=1.4819731712341309
20-06-2022 07:15:15|INFO|Is groups None: False 
20-06-2022 07:15:16|INFO|2/10|grid.best_params_={'C': 10000.0, 'gamma': 1e-05, 'kernel': 'rbf', 'max_iter': 1000}, grid.best_score_=0.7000000000000001, grid.best_index_=23, acc=0.8, time=1.3941335678100586
20-06-2022 07:15:16|INFO|Is groups None: False 
20-06-2022 07:15:18|INFO|3/10|grid.best_params_={'C': 100.0, 'gamma': 0.001, 'kernel': 'rbf', 'max_iter': 1000}, grid.best_score_=0.7277777777777777, grid.best_index_=17, acc=0.45, time=1.3764142990112305
20-06-2022 07:15:18|INFO|Is groups None: False 
20-06-2022 07:15:19|INFO|4/10|grid.best_params_={'C': 10000.0, 'gamma': 1e-05, 'kernel': 'rbf', 'max_iter': 1000}, grid.best_score_=0.7111111111111111, grid.best_index_=23, acc=0.65, time=1.4800848960876465
20-06-2022 07:15:19|INFO|Is groups None: False 
20-06-2022 07:15:21|INFO|5/10|grid.best_params_={'C': 10000.0, 'gamma': 1e-05, 'kernel': 'rbf', 'max_iter': 1000}, grid.best_score_=0.6722222222222222, grid.best_index_=23, acc=0.7, time=1.4887981414794922
20-06-2022 07:15:21|INFO|Is groups None: False 
20-06-2022 07:15:22|INFO|6/10|grid.best_params_={'C': 1000000.0, 'gamma': 1e-05, 'kernel': 'rbf', 'max_iter': 1000}, grid.best_score_=0.7166666666666666, grid.best_index_=30, acc=0.7, time=1.397087812423706
20-06-2022 07:15:22|INFO|Is groups None: False 
20-06-2022 07:15:23|INFO|7/10|grid.best_params_={'C': 1000000.0, 'gamma': 1e-07, 'kernel': 'rbf', 'max_iter': 1000}, grid.best_score_=0.7222222222222222, grid.best_index_=29, acc=0.65, time=1.3970506191253662
20-06-2022 07:15:23|INFO|Is groups None: False 
20-06-2022 07:15:25|INFO|8/10|grid.best_params_={'C': 10000.0, 'gamma': 1e-05, 'kernel': 'rbf', 'max_iter': 1000}, grid.best_score_=0.7333333333333333, grid.best_index_=23, acc=0.65, time=1.4809751510620117
20-06-2022 07:15:25|INFO|Is groups None: False 
20-06-2022 07:15:26|INFO|9/10|grid.best_params_={'C': 10000.0, 'gamma': 1e-05, 'kernel': 'rbf', 'max_iter': 1000}, grid.best_score_=0.7111111111111111, grid.best_index_=23, acc=0.8, time=1.4623527526855469
20-06-2022 07:15:26|INFO|Is groups None: False 
20-06-2022 07:15:28|INFO|10/10|grid.best_params_={'C': 100.0, 'gamma': 1e-05, 'kernel': 'rbf', 'max_iter': 1000}, grid.best_score_=0.7444444444444444, grid.best_index_=16, acc=0.55, time=1.4118573665618896
20-06-2022 07:15:28|INFO|s10|10-CV=0.66500|STD=0.10012|Time spend=16.04154372215271
20-06-2022 07:15:29|INFO|Running Segment-First
20-06-2022 07:15:29|INFO|X.shape=(200, 496), y.shape=(200,), groups.shape=(200,)
20-06-2022 07:15:29|INFO|Is groups None: False 
20-06-2022 07:15:31|INFO|1/10|grid.best_params_={'C': 1000000.0, 'gamma': 1e-09, 'kernel': 'rbf', 'max_iter': 1000}, grid.best_score_=0.6388888888888888, grid.best_index_=28, acc=0.65, time=1.524660587310791
20-06-2022 07:15:31|INFO|Is groups None: False 
20-06-2022 07:15:32|INFO|2/10|grid.best_params_={'C': 100000000.0, 'gamma': 1e-09, 'kernel': 'rbf', 'max_iter': 1000}, grid.best_score_=0.6555555555555554, grid.best_index_=35, acc=0.55, time=1.3632521629333496
20-06-2022 07:15:32|INFO|Is groups None: False 
20-06-2022 07:15:34|INFO|3/10|grid.best_params_={'C': 1000000.0, 'gamma': 1e-07, 'kernel': 'rbf', 'max_iter': 1000}, grid.best_score_=0.65, grid.best_index_=29, acc=0.55, time=1.4006030559539795
20-06-2022 07:15:34|INFO|Is groups None: False 
20-06-2022 07:15:35|INFO|4/10|grid.best_params_={'C': 1.0, 'gamma': 0.001, 'kernel': 'rbf', 'max_iter': 1000}, grid.best_score_=0.65, grid.best_index_=10, acc=0.5, time=1.5042724609375
20-06-2022 07:15:35|INFO|Is groups None: False 
20-06-2022 07:15:37|INFO|5/10|grid.best_params_={'C': 1000000.0, 'gamma': 1e-09, 'kernel': 'rbf', 'max_iter': 1000}, grid.best_score_=0.6222222222222222, grid.best_index_=28, acc=0.7, time=1.4791390895843506
20-06-2022 07:15:37|INFO|Is groups None: False 
20-06-2022 07:15:38|INFO|6/10|grid.best_params_={'C': 100.0, 'gamma': 1e-05, 'kernel': 'rbf', 'max_iter': 1000}, grid.best_score_=0.6222222222222222, grid.best_index_=16, acc=0.7, time=1.435793399810791
20-06-2022 07:15:38|INFO|Is groups None: False 
20-06-2022 07:15:40|INFO|7/10|grid.best_params_={'C': 1000000.0, 'gamma': 1e-07, 'kernel': 'rbf', 'max_iter': 1000}, grid.best_score_=0.6222222222222222, grid.best_index_=29, acc=0.65, time=1.4529378414154053
20-06-2022 07:15:40|INFO|Is groups None: False 
20-06-2022 07:15:41|INFO|8/10|grid.best_params_={'C': 0.01, 'gamma': 1e-09, 'kernel': 'rbf', 'max_iter': 1000}, grid.best_score_=0.6111111111111112, grid.best_index_=0, acc=0.5, time=1.5206642150878906
20-06-2022 07:15:41|INFO|Is groups None: False 
20-06-2022 07:15:43|INFO|9/10|grid.best_params_={'C': 10000.0, 'gamma': 1e-07, 'kernel': 'rbf', 'max_iter': 1000}, grid.best_score_=0.6333333333333333, grid.best_index_=22, acc=0.65, time=1.3958194255828857
20-06-2022 07:15:43|INFO|Is groups None: False 
20-06-2022 07:15:44|INFO|10/10|grid.best_params_={'C': 100.0, 'gamma': 0.001, 'kernel': 'rbf', 'max_iter': 1000}, grid.best_score_=0.661111111111111, grid.best_index_=17, acc=0.45, time=1.367997169494629
20-06-2022 07:15:44|INFO|s11|10-CV=0.59000|STD=0.08602|Time spend=16.25423836708069
20-06-2022 07:15:46|INFO|Running Segment-First
20-06-2022 07:15:46|INFO|X.shape=(200, 496), y.shape=(200,), groups.shape=(200,)
20-06-2022 07:15:46|INFO|Is groups None: False 
20-06-2022 07:15:47|INFO|1/10|grid.best_params_={'C': 10000.0, 'gamma': 1e-07, 'kernel': 'rbf', 'max_iter': 1000}, grid.best_score_=0.5592592592592593, grid.best_index_=22, acc=0.55, time=1.5841400623321533
20-06-2022 07:15:47|INFO|Is groups None: False 
20-06-2022 07:15:49|INFO|2/10|grid.best_params_={'C': 10000.0, 'gamma': 1e-05, 'kernel': 'rbf', 'max_iter': 1000}, grid.best_score_=0.5811111111111111, grid.best_index_=23, acc=0.4, time=1.509568691253662
20-06-2022 07:15:49|INFO|Is groups None: False 
20-06-2022 07:15:50|INFO|3/10|grid.best_params_={'C': 1000000.0, 'gamma': 1e-07, 'kernel': 'rbf', 'max_iter': 1000}, grid.best_score_=0.5848148148148149, grid.best_index_=29, acc=0.55, time=1.5032110214233398
20-06-2022 07:15:50|INFO|Is groups None: False 
20-06-2022 07:15:52|INFO|4/10|grid.best_params_={'C': 100000000.0, 'gamma': 1e-09, 'kernel': 'rbf', 'max_iter': 1000}, grid.best_score_=0.5833333333333334, grid.best_index_=35, acc=0.7, time=1.5123064517974854
20-06-2022 07:15:52|INFO|Is groups None: False 
20-06-2022 07:15:53|INFO|5/10|grid.best_params_={'C': 1000000.0, 'gamma': 1e-05, 'kernel': 'rbf', 'max_iter': 1000}, grid.best_score_=0.5603703703703704, grid.best_index_=30, acc=0.7, time=1.4825451374053955
20-06-2022 07:15:53|INFO|Is groups None: False 
20-06-2022 07:15:55|INFO|6/10|grid.best_params_={'C': 100000000.0, 'gamma': 1e-09, 'kernel': 'rbf', 'max_iter': 1000}, grid.best_score_=0.5944444444444444, grid.best_index_=35, acc=0.45, time=1.4217255115509033
20-06-2022 07:15:55|INFO|Is groups None: False 
20-06-2022 07:15:56|INFO|7/10|grid.best_params_={'C': 100.0, 'gamma': 0.001, 'kernel': 'rbf', 'max_iter': 1000}, grid.best_score_=0.55, grid.best_index_=17, acc=0.55, time=1.562056303024292
20-06-2022 07:15:56|INFO|Is groups None: False 
20-06-2022 07:15:58|INFO|8/10|grid.best_params_={'C': 100000000.0, 'gamma': 1e-09, 'kernel': 'rbf', 'max_iter': 1000}, grid.best_score_=0.5748148148148148, grid.best_index_=35, acc=0.45, time=1.4969823360443115
20-06-2022 07:15:58|INFO|Is groups None: False 
20-06-2022 07:15:59|INFO|9/10|grid.best_params_={'C': 100000000.0, 'gamma': 1e-09, 'kernel': 'rbf', 'max_iter': 1000}, grid.best_score_=0.5611111111111111, grid.best_index_=35, acc=0.6, time=1.4381394386291504
20-06-2022 07:15:59|INFO|Is groups None: False 
20-06-2022 07:16:01|INFO|10/10|grid.best_params_={'C': 10000.0, 'gamma': 1e-05, 'kernel': 'rbf', 'max_iter': 1000}, grid.best_score_=0.6055555555555556, grid.best_index_=23, acc=0.5, time=1.5094478130340576
20-06-2022 07:16:01|INFO|s12|10-CV=0.54500|STD=0.09605|Time spend=16.86883783340454
20-06-2022 07:16:03|INFO|Running Segment-First
20-06-2022 07:16:03|INFO|X.shape=(200, 496), y.shape=(200,), groups.shape=(200,)
20-06-2022 07:16:03|INFO|Is groups None: False 
20-06-2022 07:16:04|INFO|1/10|grid.best_params_={'C': 1.0, 'gamma': 0.001, 'kernel': 'rbf', 'max_iter': 1000}, grid.best_score_=0.5944444444444446, grid.best_index_=10, acc=0.35, time=1.4351115226745605
20-06-2022 07:16:04|INFO|Is groups None: False 
20-06-2022 07:16:06|INFO|2/10|grid.best_params_={'C': 0.01, 'gamma': 1e-09, 'kernel': 'rbf', 'max_iter': 1000}, grid.best_score_=0.5833333333333334, grid.best_index_=0, acc=0.5, time=1.5664982795715332
20-06-2022 07:16:06|INFO|Is groups None: False 
20-06-2022 07:16:07|INFO|3/10|grid.best_params_={'C': 10000.0, 'gamma': 1e-05, 'kernel': 'rbf', 'max_iter': 1000}, grid.best_score_=0.6055555555555556, grid.best_index_=23, acc=0.5, time=1.6055490970611572
20-06-2022 07:16:07|INFO|Is groups None: False 
20-06-2022 07:16:09|INFO|4/10|grid.best_params_={'C': 0.01, 'gamma': 1e-09, 'kernel': 'rbf', 'max_iter': 1000}, grid.best_score_=0.5833333333333334, grid.best_index_=0, acc=0.5, time=1.414729118347168
20-06-2022 07:16:09|INFO|Is groups None: False 
20-06-2022 07:16:10|INFO|5/10|grid.best_params_={'C': 0.01, 'gamma': 1e-09, 'kernel': 'rbf', 'max_iter': 1000}, grid.best_score_=0.5833333333333334, grid.best_index_=0, acc=0.5, time=1.4051377773284912
20-06-2022 07:16:10|INFO|Is groups None: False 
20-06-2022 07:16:12|INFO|6/10|grid.best_params_={'C': 0.01, 'gamma': 1e-09, 'kernel': 'rbf', 'max_iter': 1000}, grid.best_score_=0.5555555555555556, grid.best_index_=0, acc=0.75, time=1.5322906970977783
20-06-2022 07:16:12|INFO|Is groups None: False 
20-06-2022 07:16:13|INFO|7/10|grid.best_params_={'C': 10000.0, 'gamma': 1e-05, 'kernel': 'rbf', 'max_iter': 1000}, grid.best_score_=0.5666666666666667, grid.best_index_=23, acc=0.45, time=1.51741623878479
20-06-2022 07:16:13|INFO|Is groups None: False 
20-06-2022 07:16:15|INFO|8/10|grid.best_params_={'C': 1000000.0, 'gamma': 1e-07, 'kernel': 'rbf', 'max_iter': 1000}, grid.best_score_=0.588888888888889, grid.best_index_=29, acc=0.4, time=1.3724133968353271
20-06-2022 07:16:15|INFO|Is groups None: False 
20-06-2022 07:16:16|INFO|9/10|grid.best_params_={'C': 0.01, 'gamma': 1e-09, 'kernel': 'rbf', 'max_iter': 1000}, grid.best_score_=0.5833333333333334, grid.best_index_=0, acc=0.5, time=1.504676342010498
20-06-2022 07:16:16|INFO|Is groups None: False 
20-06-2022 07:16:18|INFO|10/10|grid.best_params_={'C': 0.01, 'gamma': 1e-09, 'kernel': 'rbf', 'max_iter': 1000}, grid.best_score_=0.5555555555555556, grid.best_index_=0, acc=0.75, time=1.6240229606628418
20-06-2022 07:16:18|INFO|s13|10-CV=0.52000|STD=0.12490|Time spend=17.067481994628906
20-06-2022 07:16:20|INFO|Running Segment-First
20-06-2022 07:16:20|INFO|X.shape=(200, 496), y.shape=(200,), groups.shape=(200,)
20-06-2022 07:16:20|INFO|Is groups None: False 
20-06-2022 07:16:21|INFO|1/10|grid.best_params_={'C': 1000000.0, 'gamma': 1e-07, 'kernel': 'rbf', 'max_iter': 1000}, grid.best_score_=0.4833333333333334, grid.best_index_=29, acc=0.7, time=1.5033011436462402
20-06-2022 07:16:21|INFO|Is groups None: False 
20-06-2022 07:16:23|INFO|2/10|grid.best_params_={'C': 1.0, 'gamma': 0.001, 'kernel': 'rbf', 'max_iter': 1000}, grid.best_score_=0.5277777777777779, grid.best_index_=10, acc=0.35, time=1.6338858604431152
20-06-2022 07:16:23|INFO|Is groups None: False 
20-06-2022 07:16:24|INFO|3/10|grid.best_params_={'C': 1.0, 'gamma': 0.001, 'kernel': 'rbf', 'max_iter': 1000}, grid.best_score_=0.49444444444444446, grid.best_index_=10, acc=0.5, time=1.4634816646575928
20-06-2022 07:16:24|INFO|Is groups None: False 
20-06-2022 07:16:26|INFO|4/10|grid.best_params_={'C': 100.0, 'gamma': 0.001, 'kernel': 'rbf', 'max_iter': 1000}, grid.best_score_=0.5388888888888889, grid.best_index_=17, acc=0.25, time=1.422935962677002
20-06-2022 07:16:26|INFO|Is groups None: False 
20-06-2022 07:16:27|INFO|5/10|grid.best_params_={'C': 1000000.0, 'gamma': 1e-07, 'kernel': 'rbf', 'max_iter': 1000}, grid.best_score_=0.5555555555555557, grid.best_index_=29, acc=0.55, time=1.5465433597564697
20-06-2022 07:16:27|INFO|Is groups None: False 
20-06-2022 07:16:29|INFO|6/10|grid.best_params_={'C': 10000.0, 'gamma': 1e-05, 'kernel': 'rbf', 'max_iter': 1000}, grid.best_score_=0.5166666666666667, grid.best_index_=23, acc=0.45, time=1.6006276607513428
20-06-2022 07:16:29|INFO|Is groups None: False 
20-06-2022 07:16:30|INFO|7/10|grid.best_params_={'C': 100.0, 'gamma': 1e-05, 'kernel': 'rbf', 'max_iter': 1000}, grid.best_score_=0.5555555555555556, grid.best_index_=16, acc=0.3, time=1.3945248126983643
20-06-2022 07:16:30|INFO|Is groups None: False 
20-06-2022 07:16:32|INFO|8/10|grid.best_params_={'C': 100000000.0, 'gamma': 1e-07, 'kernel': 'rbf', 'max_iter': 1000}, grid.best_score_=0.5, grid.best_index_=36, acc=0.6, time=1.5301203727722168
20-06-2022 07:16:32|INFO|Is groups None: False 
20-06-2022 07:16:33|INFO|9/10|grid.best_params_={'C': 1000000.0, 'gamma': 1e-05, 'kernel': 'rbf', 'max_iter': 1000}, grid.best_score_=0.5277777777777778, grid.best_index_=30, acc=0.5, time=1.5625932216644287
20-06-2022 07:16:33|INFO|Is groups None: False 
20-06-2022 07:16:35|INFO|10/10|grid.best_params_={'C': 1.0, 'gamma': 0.001, 'kernel': 'rbf', 'max_iter': 1000}, grid.best_score_=0.5611111111111111, grid.best_index_=10, acc=0.35, time=1.472132921218872
20-06-2022 07:16:35|INFO|s14|10-CV=0.45500|STD=0.13500|Time spend=17.01655101776123
20-06-2022 07:16:36|INFO|Running Segment-First
20-06-2022 07:16:36|INFO|X.shape=(200, 496), y.shape=(200,), groups.shape=(200,)
20-06-2022 07:16:36|INFO|Is groups None: False 
20-06-2022 07:16:38|INFO|1/10|grid.best_params_={'C': 100.0, 'gamma': 0.001, 'kernel': 'rbf', 'max_iter': 1000}, grid.best_score_=0.5833333333333334, grid.best_index_=17, acc=0.9, time=1.6199116706848145
20-06-2022 07:16:38|INFO|Is groups None: False 
20-06-2022 07:16:39|INFO|2/10|grid.best_params_={'C': 100.0, 'gamma': 0.001, 'kernel': 'rbf', 'max_iter': 1000}, grid.best_score_=0.5944444444444444, grid.best_index_=17, acc=0.65, time=1.4348416328430176
20-06-2022 07:16:39|INFO|Is groups None: False 
20-06-2022 07:16:41|INFO|3/10|grid.best_params_={'C': 100.0, 'gamma': 0.001, 'kernel': 'rbf', 'max_iter': 1000}, grid.best_score_=0.6277777777777778, grid.best_index_=17, acc=0.65, time=1.40791916847229
20-06-2022 07:16:41|INFO|Is groups None: False 
20-06-2022 07:16:42|INFO|4/10|grid.best_params_={'C': 10000000000.0, 'gamma': 1e-09, 'kernel': 'rbf', 'max_iter': 1000}, grid.best_score_=0.6499999999999999, grid.best_index_=42, acc=0.35, time=1.4557409286499023
20-06-2022 07:16:42|INFO|Is groups None: False 
20-06-2022 07:16:44|INFO|5/10|grid.best_params_={'C': 1000000.0, 'gamma': 1e-09, 'kernel': 'rbf', 'max_iter': 1000}, grid.best_score_=0.5666666666666667, grid.best_index_=28, acc=0.8, time=1.5739870071411133
20-06-2022 07:16:44|INFO|Is groups None: False 
20-06-2022 07:16:45|INFO|6/10|grid.best_params_={'C': 100.0, 'gamma': 0.001, 'kernel': 'rbf', 'max_iter': 1000}, grid.best_score_=0.5944444444444446, grid.best_index_=17, acc=0.6, time=1.3820431232452393
20-06-2022 07:16:45|INFO|Is groups None: False 
20-06-2022 07:16:47|INFO|7/10|grid.best_params_={'C': 100.0, 'gamma': 0.001, 'kernel': 'rbf', 'max_iter': 1000}, grid.best_score_=0.6888888888888889, grid.best_index_=17, acc=0.65, time=1.4018373489379883
20-06-2022 07:16:47|INFO|Is groups None: False 
20-06-2022 07:16:48|INFO|8/10|grid.best_params_={'C': 100.0, 'gamma': 1e-05, 'kernel': 'rbf', 'max_iter': 1000}, grid.best_score_=0.5833333333333335, grid.best_index_=16, acc=0.6, time=1.553375005722046
20-06-2022 07:16:48|INFO|Is groups None: False 
20-06-2022 07:16:50|INFO|9/10|grid.best_params_={'C': 100.0, 'gamma': 0.001, 'kernel': 'rbf', 'max_iter': 1000}, grid.best_score_=0.5777777777777777, grid.best_index_=17, acc=0.8, time=1.4526338577270508
20-06-2022 07:16:50|INFO|Is groups None: False 
20-06-2022 07:16:51|INFO|10/10|grid.best_params_={'C': 100.0, 'gamma': 0.001, 'kernel': 'rbf', 'max_iter': 1000}, grid.best_score_=0.6388888888888888, grid.best_index_=17, acc=0.55, time=1.4826414585113525
20-06-2022 07:16:51|INFO|s15|10-CV=0.65500|STD=0.14569|Time spend=16.330475330352783
20-06-2022 07:16:53|INFO|Running Segment-First
20-06-2022 07:16:53|INFO|X.shape=(200, 496), y.shape=(200,), groups.shape=(200,)
20-06-2022 07:16:53|INFO|Is groups None: False 
20-06-2022 07:16:55|INFO|1/10|grid.best_params_={'C': 0.01, 'gamma': 1e-09, 'kernel': 'rbf', 'max_iter': 1000}, grid.best_score_=0.6111111111111112, grid.best_index_=0, acc=0.75, time=1.527256965637207
20-06-2022 07:16:55|INFO|Is groups None: False 
20-06-2022 07:16:56|INFO|2/10|grid.best_params_={'C': 100.0, 'gamma': 1e-05, 'kernel': 'rbf', 'max_iter': 1000}, grid.best_score_=0.6555555555555554, grid.best_index_=16, acc=0.6, time=1.3807711601257324
20-06-2022 07:16:56|INFO|Is groups None: False 
20-06-2022 07:16:58|INFO|3/10|grid.best_params_={'C': 0.01, 'gamma': 1e-09, 'kernel': 'rbf', 'max_iter': 1000}, grid.best_score_=0.6111111111111112, grid.best_index_=0, acc=0.75, time=1.5358619689941406
20-06-2022 07:16:58|INFO|Is groups None: False 
20-06-2022 07:16:59|INFO|4/10|grid.best_params_={'C': 0.01, 'gamma': 1e-09, 'kernel': 'rbf', 'max_iter': 1000}, grid.best_score_=0.6388888888888888, grid.best_index_=0, acc=0.5, time=1.4490809440612793
20-06-2022 07:16:59|INFO|Is groups None: False 
20-06-2022 07:17:01|INFO|5/10|grid.best_params_={'C': 0.01, 'gamma': 1e-09, 'kernel': 'rbf', 'max_iter': 1000}, grid.best_score_=0.6388888888888888, grid.best_index_=0, acc=0.5, time=1.374772310256958
20-06-2022 07:17:01|INFO|Is groups None: False 
20-06-2022 07:17:02|INFO|6/10|grid.best_params_={'C': 0.01, 'gamma': 1e-09, 'kernel': 'rbf', 'max_iter': 1000}, grid.best_score_=0.6111111111111112, grid.best_index_=0, acc=0.75, time=1.3630046844482422
20-06-2022 07:17:02|INFO|Is groups None: False 
20-06-2022 07:17:04|INFO|7/10|grid.best_params_={'C': 0.01, 'gamma': 1e-09, 'kernel': 'rbf', 'max_iter': 1000}, grid.best_score_=0.6388888888888888, grid.best_index_=0, acc=0.5, time=1.5170702934265137
20-06-2022 07:17:04|INFO|Is groups None: False 
20-06-2022 07:17:05|INFO|8/10|grid.best_params_={'C': 0.01, 'gamma': 1e-09, 'kernel': 'rbf', 'max_iter': 1000}, grid.best_score_=0.6388888888888888, grid.best_index_=0, acc=0.5, time=1.4584381580352783
20-06-2022 07:17:05|INFO|Is groups None: False 
20-06-2022 07:17:06|INFO|9/10|grid.best_params_={'C': 0.01, 'gamma': 1e-09, 'kernel': 'rbf', 'max_iter': 1000}, grid.best_score_=0.6111111111111112, grid.best_index_=0, acc=0.75, time=1.3754868507385254
20-06-2022 07:17:06|INFO|Is groups None: False 
20-06-2022 07:17:08|INFO|10/10|grid.best_params_={'C': 0.01, 'gamma': 1e-09, 'kernel': 'rbf', 'max_iter': 1000}, grid.best_score_=0.6388888888888888, grid.best_index_=0, acc=0.5, time=1.4422855377197266
20-06-2022 07:17:08|INFO|s16|10-CV=0.61000|STD=0.11790|Time spend=16.680604219436646
20-06-2022 07:17:11|INFO|Running Segment-First
20-06-2022 07:17:11|INFO|X.shape=(200, 496), y.shape=(200,), groups.shape=(200,)
20-06-2022 07:17:11|INFO|Is groups None: False 
20-06-2022 07:17:13|INFO|1/10|grid.best_params_={'C': 0.01, 'gamma': 1000.0, 'kernel': 'rbf', 'max_iter': 1000}, grid.best_score_=0.5555555555555556, grid.best_index_=6, acc=0.5, time=1.4797172546386719
20-06-2022 07:17:13|INFO|Is groups None: False 
20-06-2022 07:17:14|INFO|2/10|grid.best_params_={'C': 0.01, 'gamma': 1000.0, 'kernel': 'rbf', 'max_iter': 1000}, grid.best_score_=0.5555555555555556, grid.best_index_=6, acc=0.5, time=1.5488793849945068
20-06-2022 07:17:14|INFO|Is groups None: False 
20-06-2022 07:17:16|INFO|3/10|grid.best_params_={'C': 0.01, 'gamma': 1000.0, 'kernel': 'rbf', 'max_iter': 1000}, grid.best_score_=0.5555555555555556, grid.best_index_=6, acc=0.5, time=1.5374512672424316
20-06-2022 07:17:16|INFO|Is groups None: False 
20-06-2022 07:17:17|INFO|4/10|grid.best_params_={'C': 0.01, 'gamma': 1000.0, 'kernel': 'rbf', 'max_iter': 1000}, grid.best_score_=0.5555555555555556, grid.best_index_=6, acc=0.5, time=1.4438095092773438
20-06-2022 07:17:17|INFO|Is groups None: False 
20-06-2022 07:17:19|INFO|5/10|grid.best_params_={'C': 0.01, 'gamma': 1000.0, 'kernel': 'rbf', 'max_iter': 1000}, grid.best_score_=0.5555555555555556, grid.best_index_=6, acc=0.5, time=1.5275444984436035
20-06-2022 07:17:19|INFO|Is groups None: False 
20-06-2022 07:17:20|INFO|6/10|grid.best_params_={'C': 0.01, 'gamma': 1e-09, 'kernel': 'rbf', 'max_iter': 1000}, grid.best_score_=0.5555555555555556, grid.best_index_=0, acc=0.5, time=1.553835391998291
20-06-2022 07:17:20|INFO|Is groups None: False 
20-06-2022 07:17:22|INFO|7/10|grid.best_params_={'C': 0.01, 'gamma': 1e-09, 'kernel': 'rbf', 'max_iter': 1000}, grid.best_score_=0.5555555555555556, grid.best_index_=0, acc=0.5, time=1.4459705352783203
20-06-2022 07:17:22|INFO|Is groups None: False 
20-06-2022 07:17:23|INFO|8/10|grid.best_params_={'C': 0.01, 'gamma': 1000.0, 'kernel': 'rbf', 'max_iter': 1000}, grid.best_score_=0.5555555555555556, grid.best_index_=6, acc=0.5, time=1.4461233615875244
20-06-2022 07:17:23|INFO|Is groups None: False 
20-06-2022 07:17:25|INFO|9/10|grid.best_params_={'C': 0.01, 'gamma': 1000.0, 'kernel': 'rbf', 'max_iter': 1000}, grid.best_score_=0.5462962962962963, grid.best_index_=6, acc=0.75, time=1.5475599765777588
20-06-2022 07:17:25|INFO|Is groups None: False 
20-06-2022 07:17:26|INFO|10/10|grid.best_params_={'C': 100.0, 'gamma': 0.1, 'kernel': 'rbf', 'max_iter': 1000}, grid.best_score_=0.5648148148148148, grid.best_index_=18, acc=0.5, time=1.520728349685669
20-06-2022 07:17:26|INFO|s17|10-CV=0.52500|STD=0.07500|Time spend=18.270087718963623
20-06-2022 07:17:28|INFO|Running Segment-First
20-06-2022 07:17:28|INFO|X.shape=(200, 496), y.shape=(200,), groups.shape=(200,)
20-06-2022 07:17:28|INFO|Is groups None: False 
20-06-2022 07:17:29|INFO|1/10|grid.best_params_={'C': 1000000.0, 'gamma': 1e-09, 'kernel': 'rbf', 'max_iter': 1000}, grid.best_score_=0.6833333333333333, grid.best_index_=28, acc=0.6, time=1.3955168724060059
20-06-2022 07:17:29|INFO|Is groups None: False 
20-06-2022 07:17:31|INFO|2/10|grid.best_params_={'C': 100000000.0, 'gamma': 1e-09, 'kernel': 'rbf', 'max_iter': 1000}, grid.best_score_=0.6777777777777777, grid.best_index_=35, acc=0.6, time=1.4484901428222656
20-06-2022 07:17:31|INFO|Is groups None: False 
20-06-2022 07:17:32|INFO|3/10|grid.best_params_={'C': 1.0, 'gamma': 0.001, 'kernel': 'rbf', 'max_iter': 1000}, grid.best_score_=0.6777777777777777, grid.best_index_=10, acc=0.7, time=1.3818247318267822
20-06-2022 07:17:32|INFO|Is groups None: False 
20-06-2022 07:17:33|INFO|4/10|grid.best_params_={'C': 1.0, 'gamma': 0.001, 'kernel': 'rbf', 'max_iter': 1000}, grid.best_score_=0.6833333333333333, grid.best_index_=10, acc=0.6, time=1.3719909191131592
20-06-2022 07:17:33|INFO|Is groups None: False 
20-06-2022 07:17:35|INFO|5/10|grid.best_params_={'C': 1.0, 'gamma': 0.001, 'kernel': 'rbf', 'max_iter': 1000}, grid.best_score_=0.6999999999999998, grid.best_index_=10, acc=0.5, time=1.4540143013000488
20-06-2022 07:17:35|INFO|Is groups None: False 
20-06-2022 07:17:36|INFO|6/10|grid.best_params_={'C': 1.0, 'gamma': 0.001, 'kernel': 'rbf', 'max_iter': 1000}, grid.best_score_=0.6611111111111111, grid.best_index_=10, acc=0.7, time=1.4994189739227295
20-06-2022 07:17:36|INFO|Is groups None: False 
20-06-2022 07:17:38|INFO|7/10|grid.best_params_={'C': 1.0, 'gamma': 0.001, 'kernel': 'rbf', 'max_iter': 1000}, grid.best_score_=0.6777777777777777, grid.best_index_=10, acc=0.65, time=1.388638973236084
20-06-2022 07:17:38|INFO|Is groups None: False 
20-06-2022 07:17:39|INFO|8/10|grid.best_params_={'C': 1.0, 'gamma': 0.001, 'kernel': 'rbf', 'max_iter': 1000}, grid.best_score_=0.6722222222222223, grid.best_index_=10, acc=0.7, time=1.330911636352539
20-06-2022 07:17:39|INFO|Is groups None: False 
20-06-2022 07:17:41|INFO|9/10|grid.best_params_={'C': 1000000.0, 'gamma': 1e-09, 'kernel': 'rbf', 'max_iter': 1000}, grid.best_score_=0.6722222222222222, grid.best_index_=28, acc=0.75, time=1.4608004093170166
20-06-2022 07:17:41|INFO|Is groups None: False 
20-06-2022 07:17:42|INFO|10/10|grid.best_params_={'C': 1.0, 'gamma': 0.001, 'kernel': 'rbf', 'max_iter': 1000}, grid.best_score_=0.6277777777777778, grid.best_index_=10, acc=0.75, time=1.4066762924194336
20-06-2022 07:17:42|INFO|s18|10-CV=0.65500|STD=0.07566|Time spend=15.826515436172485
20-06-2022 07:17:44|INFO|Running Segment-First
20-06-2022 07:17:44|INFO|X.shape=(200, 496), y.shape=(200,), groups.shape=(200,)
20-06-2022 07:17:44|INFO|Is groups None: False 
20-06-2022 07:17:45|INFO|1/10|grid.best_params_={'C': 0.01, 'gamma': 1e-09, 'kernel': 'rbf', 'max_iter': 1000}, grid.best_score_=0.5555555555555556, grid.best_index_=0, acc=0.75, time=1.524244785308838
20-06-2022 07:17:45|INFO|Is groups None: False 
20-06-2022 07:17:47|INFO|2/10|grid.best_params_={'C': 0.01, 'gamma': 1e-09, 'kernel': 'rbf', 'max_iter': 1000}, grid.best_score_=0.5833333333333334, grid.best_index_=0, acc=0.5, time=1.5953316688537598
20-06-2022 07:17:47|INFO|Is groups None: False 
20-06-2022 07:17:48|INFO|3/10|grid.best_params_={'C': 0.01, 'gamma': 1e-09, 'kernel': 'rbf', 'max_iter': 1000}, grid.best_score_=0.5833333333333334, grid.best_index_=0, acc=0.5, time=1.4560205936431885
20-06-2022 07:17:48|INFO|Is groups None: False 
20-06-2022 07:17:50|INFO|4/10|grid.best_params_={'C': 0.01, 'gamma': 1e-09, 'kernel': 'rbf', 'max_iter': 1000}, grid.best_score_=0.5833333333333334, grid.best_index_=0, acc=0.5, time=1.4539780616760254
20-06-2022 07:17:50|INFO|Is groups None: False 
20-06-2022 07:17:51|INFO|5/10|grid.best_params_={'C': 0.01, 'gamma': 1e-09, 'kernel': 'rbf', 'max_iter': 1000}, grid.best_score_=0.5833333333333334, grid.best_index_=0, acc=0.5, time=1.7159082889556885
20-06-2022 07:17:51|INFO|Is groups None: False 
20-06-2022 07:17:53|INFO|6/10|grid.best_params_={'C': 0.01, 'gamma': 1e-09, 'kernel': 'rbf', 'max_iter': 1000}, grid.best_score_=0.5833333333333334, grid.best_index_=0, acc=0.5, time=1.6864607334136963
20-06-2022 07:17:53|INFO|Is groups None: False 
20-06-2022 07:17:55|INFO|7/10|grid.best_params_={'C': 1000000.0, 'gamma': 1e-09, 'kernel': 'rbf', 'max_iter': 1000}, grid.best_score_=0.588888888888889, grid.best_index_=28, acc=0.45, time=1.7126803398132324
20-06-2022 07:17:55|INFO|Is groups None: False 
20-06-2022 07:17:57|INFO|8/10|grid.best_params_={'C': 0.01, 'gamma': 1000.0, 'kernel': 'rbf', 'max_iter': 1000}, grid.best_score_=0.5555555555555556, grid.best_index_=6, acc=0.75, time=1.7457077503204346
20-06-2022 07:17:57|INFO|Is groups None: False 
20-06-2022 07:17:58|INFO|9/10|grid.best_params_={'C': 1.0, 'gamma': 0.001, 'kernel': 'rbf', 'max_iter': 1000}, grid.best_score_=0.5666666666666667, grid.best_index_=10, acc=0.6, time=1.509796142578125
20-06-2022 07:17:58|INFO|Is groups None: False 
20-06-2022 07:18:00|INFO|10/10|grid.best_params_={'C': 0.01, 'gamma': 1e-09, 'kernel': 'rbf', 'max_iter': 1000}, grid.best_score_=0.5833333333333334, grid.best_index_=0, acc=0.5, time=1.4292209148406982
20-06-2022 07:18:00|INFO|s19|10-CV=0.55500|STD=0.10356|Time spend=17.493444204330444
20-06-2022 07:18:01|INFO|Running Segment-First
20-06-2022 07:18:01|INFO|X.shape=(200, 496), y.shape=(200,), groups.shape=(200,)
20-06-2022 07:18:01|INFO|Is groups None: False 
20-06-2022 07:18:03|INFO|1/10|grid.best_params_={'C': 10000000000.0, 'gamma': 1e-09, 'kernel': 'rbf', 'max_iter': 1000}, grid.best_score_=0.5833333333333334, grid.best_index_=42, acc=0.5, time=1.4747169017791748
20-06-2022 07:18:03|INFO|Is groups None: False 
20-06-2022 07:18:04|INFO|2/10|grid.best_params_={'C': 0.01, 'gamma': 1e-09, 'kernel': 'rbf', 'max_iter': 1000}, grid.best_score_=0.5833333333333334, grid.best_index_=0, acc=0.5, time=1.4015605449676514
20-06-2022 07:18:04|INFO|Is groups None: False 
20-06-2022 07:18:05|INFO|3/10|grid.best_params_={'C': 0.01, 'gamma': 1e-09, 'kernel': 'rbf', 'max_iter': 1000}, grid.best_score_=0.5833333333333334, grid.best_index_=0, acc=0.5, time=1.3892207145690918
20-06-2022 07:18:05|INFO|Is groups None: False 
20-06-2022 07:18:07|INFO|4/10|grid.best_params_={'C': 0.01, 'gamma': 1e-09, 'kernel': 'rbf', 'max_iter': 1000}, grid.best_score_=0.5833333333333334, grid.best_index_=0, acc=0.5, time=1.5093493461608887
20-06-2022 07:18:07|INFO|Is groups None: False 
20-06-2022 07:18:08|INFO|5/10|grid.best_params_={'C': 0.01, 'gamma': 1e-09, 'kernel': 'rbf', 'max_iter': 1000}, grid.best_score_=0.5833333333333334, grid.best_index_=0, acc=0.5, time=1.4551494121551514
20-06-2022 07:18:08|INFO|Is groups None: False 
20-06-2022 07:18:10|INFO|6/10|grid.best_params_={'C': 0.01, 'gamma': 1e-09, 'kernel': 'rbf', 'max_iter': 1000}, grid.best_score_=0.5833333333333334, grid.best_index_=0, acc=0.5, time=1.429657220840454
20-06-2022 07:18:10|INFO|Is groups None: False 
20-06-2022 07:18:11|INFO|7/10|grid.best_params_={'C': 10000.0, 'gamma': 1e-05, 'kernel': 'rbf', 'max_iter': 1000}, grid.best_score_=0.5722222222222223, grid.best_index_=23, acc=0.45, time=1.516530990600586
20-06-2022 07:18:11|INFO|Is groups None: False 
20-06-2022 07:18:13|INFO|8/10|grid.best_params_={'C': 0.01, 'gamma': 1e-09, 'kernel': 'rbf', 'max_iter': 1000}, grid.best_score_=0.5555555555555556, grid.best_index_=0, acc=0.75, time=1.540747880935669
20-06-2022 07:18:13|INFO|Is groups None: False 
20-06-2022 07:18:14|INFO|9/10|grid.best_params_={'C': 0.01, 'gamma': 1e-09, 'kernel': 'rbf', 'max_iter': 1000}, grid.best_score_=0.5833333333333334, grid.best_index_=0, acc=0.5, time=1.5207629203796387
20-06-2022 07:18:14|INFO|Is groups None: False 
20-06-2022 07:18:16|INFO|10/10|grid.best_params_={'C': 100000000.0, 'gamma': 1e-09, 'kernel': 'rbf', 'max_iter': 1000}, grid.best_score_=0.5888888888888889, grid.best_index_=35, acc=0.3, time=1.460899829864502
20-06-2022 07:18:16|INFO|s20|10-CV=0.50000|STD=0.10247|Time spend=16.431935787200928
20-06-2022 07:18:18|INFO|Running Segment-First
20-06-2022 07:18:18|INFO|X.shape=(200, 496), y.shape=(200,), groups.shape=(200,)
20-06-2022 07:18:18|INFO|Is groups None: False 
20-06-2022 07:18:20|INFO|1/10|grid.best_params_={'C': 1000000.0, 'gamma': 1e-09, 'kernel': 'rbf', 'max_iter': 1000}, grid.best_score_=0.5444444444444445, grid.best_index_=28, acc=0.35, time=1.459169626235962
20-06-2022 07:18:20|INFO|Is groups None: False 
20-06-2022 07:18:21|INFO|2/10|grid.best_params_={'C': 0.01, 'gamma': 0.1, 'kernel': 'rbf', 'max_iter': 1000}, grid.best_score_=0.5296296296296297, grid.best_index_=4, acc=0.5, time=1.456310749053955
20-06-2022 07:18:21|INFO|Is groups None: False 
20-06-2022 07:18:23|INFO|3/10|grid.best_params_={'C': 100000000.0, 'gamma': 1e-07, 'kernel': 'rbf', 'max_iter': 1000}, grid.best_score_=0.5333333333333333, grid.best_index_=36, acc=0.7, time=1.6239211559295654
20-06-2022 07:18:23|INFO|Is groups None: False 
20-06-2022 07:18:24|INFO|4/10|grid.best_params_={'C': 100000000.0, 'gamma': 1e-07, 'kernel': 'rbf', 'max_iter': 1000}, grid.best_score_=0.5333333333333334, grid.best_index_=36, acc=0.55, time=1.418111801147461
20-06-2022 07:18:24|INFO|Is groups None: False 
20-06-2022 07:18:26|INFO|5/10|grid.best_params_={'C': 100000000.0, 'gamma': 1e-07, 'kernel': 'rbf', 'max_iter': 1000}, grid.best_score_=0.5555555555555556, grid.best_index_=36, acc=0.65, time=1.4232604503631592
20-06-2022 07:18:26|INFO|Is groups None: False 
20-06-2022 07:18:27|INFO|6/10|grid.best_params_={'C': 100000000.0, 'gamma': 1e-09, 'kernel': 'rbf', 'max_iter': 1000}, grid.best_score_=0.5666666666666667, grid.best_index_=35, acc=0.4, time=1.5554232597351074
20-06-2022 07:18:27|INFO|Is groups None: False 
20-06-2022 07:18:29|INFO|7/10|grid.best_params_={'C': 0.01, 'gamma': 1000.0, 'kernel': 'rbf', 'max_iter': 1000}, grid.best_score_=0.5277777777777778, grid.best_index_=6, acc=0.5, time=1.516291618347168
20-06-2022 07:18:29|INFO|Is groups None: False 
20-06-2022 07:18:30|INFO|8/10|grid.best_params_={'C': 1000000.0, 'gamma': 1e-05, 'kernel': 'rbf', 'max_iter': 1000}, grid.best_score_=0.5381481481481482, grid.best_index_=30, acc=0.45, time=1.4004251956939697
20-06-2022 07:18:30|INFO|Is groups None: False 
20-06-2022 07:18:32|INFO|9/10|grid.best_params_={'C': 100000000.0, 'gamma': 1e-09, 'kernel': 'rbf', 'max_iter': 1000}, grid.best_score_=0.5611111111111111, grid.best_index_=35, acc=0.55, time=1.4944736957550049
20-06-2022 07:18:32|INFO|Is groups None: False 
20-06-2022 07:18:33|INFO|10/10|grid.best_params_={'C': 100000000.0, 'gamma': 1e-07, 'kernel': 'rbf', 'max_iter': 1000}, grid.best_score_=0.55, grid.best_index_=36, acc=0.4, time=1.55478835105896
20-06-2022 07:18:33|INFO|s21|10-CV=0.50500|STD=0.10595|Time spend=17.438610553741455
20-06-2022 07:18:35|INFO|Running Segment-First
20-06-2022 07:18:35|INFO|X.shape=(200, 496), y.shape=(200,), groups.shape=(200,)
20-06-2022 07:18:35|INFO|Is groups None: False 
20-06-2022 07:18:36|INFO|1/10|grid.best_params_={'C': 100.0, 'gamma': 1e-05, 'kernel': 'rbf', 'max_iter': 1000}, grid.best_score_=0.6166666666666667, grid.best_index_=16, acc=0.5, time=1.3609538078308105
20-06-2022 07:18:36|INFO|Is groups None: False 
20-06-2022 07:18:38|INFO|2/10|grid.best_params_={'C': 100.0, 'gamma': 1e-05, 'kernel': 'rbf', 'max_iter': 1000}, grid.best_score_=0.5888888888888889, grid.best_index_=16, acc=0.65, time=1.5668399333953857
20-06-2022 07:18:38|INFO|Is groups None: False 
20-06-2022 07:18:39|INFO|3/10|grid.best_params_={'C': 1000000.0, 'gamma': 1e-09, 'kernel': 'rbf', 'max_iter': 1000}, grid.best_score_=0.6333333333333333, grid.best_index_=28, acc=0.5, time=1.5307137966156006
20-06-2022 07:18:39|INFO|Is groups None: False 
20-06-2022 07:18:41|INFO|4/10|grid.best_params_={'C': 10000.0, 'gamma': 1e-07, 'kernel': 'rbf', 'max_iter': 1000}, grid.best_score_=0.6277777777777778, grid.best_index_=22, acc=0.4, time=1.377063274383545
20-06-2022 07:18:41|INFO|Is groups None: False 
20-06-2022 07:18:42|INFO|5/10|grid.best_params_={'C': 100.0, 'gamma': 1e-05, 'kernel': 'rbf', 'max_iter': 1000}, grid.best_score_=0.5940740740740741, grid.best_index_=16, acc=0.65, time=1.4916212558746338
20-06-2022 07:18:42|INFO|Is groups None: False 
20-06-2022 07:18:44|INFO|6/10|grid.best_params_={'C': 10000.0, 'gamma': 1e-07, 'kernel': 'rbf', 'max_iter': 1000}, grid.best_score_=0.6000000000000001, grid.best_index_=22, acc=0.7, time=1.5783936977386475
20-06-2022 07:18:44|INFO|Is groups None: False 
20-06-2022 07:18:45|INFO|7/10|grid.best_params_={'C': 100.0, 'gamma': 1e-05, 'kernel': 'rbf', 'max_iter': 1000}, grid.best_score_=0.6000000000000001, grid.best_index_=16, acc=0.7, time=1.4019813537597656
20-06-2022 07:18:45|INFO|Is groups None: False 
20-06-2022 07:18:47|INFO|8/10|grid.best_params_={'C': 1000000.0, 'gamma': 1e-09, 'kernel': 'rbf', 'max_iter': 1000}, grid.best_score_=0.611111111111111, grid.best_index_=28, acc=0.55, time=1.4055378437042236
20-06-2022 07:18:47|INFO|Is groups None: False 
20-06-2022 07:18:48|INFO|9/10|grid.best_params_={'C': 100.0, 'gamma': 1e-05, 'kernel': 'rbf', 'max_iter': 1000}, grid.best_score_=0.6055555555555556, grid.best_index_=16, acc=0.7, time=1.583261251449585
20-06-2022 07:18:48|INFO|Is groups None: False 
20-06-2022 07:18:50|INFO|10/10|grid.best_params_={'C': 10000.0, 'gamma': 1e-07, 'kernel': 'rbf', 'max_iter': 1000}, grid.best_score_=0.5833333333333335, grid.best_index_=22, acc=0.75, time=1.5425376892089844
20-06-2022 07:18:50|INFO|s22|10-CV=0.61000|STD=0.10909|Time spend=16.471516132354736
20-06-2022 07:18:51|INFO|Running Segment-First
20-06-2022 07:18:51|INFO|X.shape=(200, 496), y.shape=(200,), groups.shape=(200,)
20-06-2022 07:18:51|INFO|Is groups None: False 
20-06-2022 07:18:53|INFO|1/10|grid.best_params_={'C': 0.01, 'gamma': 1e-09, 'kernel': 'rbf', 'max_iter': 1000}, grid.best_score_=0.6388888888888888, grid.best_index_=0, acc=0.75, time=1.4780149459838867
20-06-2022 07:18:53|INFO|Is groups None: False 
20-06-2022 07:18:54|INFO|2/10|grid.best_params_={'C': 1.0, 'gamma': 0.001, 'kernel': 'rbf', 'max_iter': 1000}, grid.best_score_=0.6555555555555556, grid.best_index_=10, acc=0.65, time=1.4974009990692139
20-06-2022 07:18:54|INFO|Is groups None: False 
20-06-2022 07:18:56|INFO|3/10|grid.best_params_={'C': 0.01, 'gamma': 1e-09, 'kernel': 'rbf', 'max_iter': 1000}, grid.best_score_=0.6388888888888888, grid.best_index_=0, acc=0.75, time=1.3508493900299072
20-06-2022 07:18:56|INFO|Is groups None: False 
20-06-2022 07:18:57|INFO|4/10|grid.best_params_={'C': 0.01, 'gamma': 1e-09, 'kernel': 'rbf', 'max_iter': 1000}, grid.best_score_=0.6388888888888888, grid.best_index_=0, acc=0.75, time=1.3401265144348145
20-06-2022 07:18:57|INFO|Is groups None: False 
20-06-2022 07:18:59|INFO|5/10|grid.best_params_={'C': 0.01, 'gamma': 1e-09, 'kernel': 'rbf', 'max_iter': 1000}, grid.best_score_=0.6388888888888888, grid.best_index_=0, acc=0.75, time=1.7120609283447266
20-06-2022 07:18:59|INFO|Is groups None: False 
20-06-2022 07:19:00|INFO|6/10|grid.best_params_={'C': 1.0, 'gamma': 0.001, 'kernel': 'rbf', 'max_iter': 1000}, grid.best_score_=0.6499999999999999, grid.best_index_=10, acc=0.65, time=1.6400818824768066
20-06-2022 07:19:00|INFO|Is groups None: False 
20-06-2022 07:19:02|INFO|7/10|grid.best_params_={'C': 0.01, 'gamma': 1e-09, 'kernel': 'rbf', 'max_iter': 1000}, grid.best_score_=0.6666666666666666, grid.best_index_=0, acc=0.5, time=1.477219581604004
20-06-2022 07:19:02|INFO|Is groups None: False 
20-06-2022 07:19:04|INFO|8/10|grid.best_params_={'C': 0.01, 'gamma': 1e-09, 'kernel': 'rbf', 'max_iter': 1000}, grid.best_score_=0.6666666666666666, grid.best_index_=0, acc=0.5, time=1.636514663696289
20-06-2022 07:19:04|INFO|Is groups None: False 
20-06-2022 07:19:05|INFO|9/10|grid.best_params_={'C': 0.01, 'gamma': 1e-09, 'kernel': 'rbf', 'max_iter': 1000}, grid.best_score_=0.6666666666666666, grid.best_index_=0, acc=0.5, time=1.4726543426513672
20-06-2022 07:19:05|INFO|Is groups None: False 
20-06-2022 07:19:06|INFO|10/10|grid.best_params_={'C': 0.01, 'gamma': 1e-09, 'kernel': 'rbf', 'max_iter': 1000}, grid.best_score_=0.6666666666666666, grid.best_index_=0, acc=0.5, time=1.3493163585662842
20-06-2022 07:19:06|INFO|s23|10-CV=0.63000|STD=0.11225|Time spend=16.541728019714355
20-06-2022 07:19:08|INFO|Running Segment-First
20-06-2022 07:19:08|INFO|X.shape=(200, 496), y.shape=(200,), groups.shape=(200,)
20-06-2022 07:19:08|INFO|Is groups None: False 
20-06-2022 07:19:10|INFO|1/10|grid.best_params_={'C': 10000000000.0, 'gamma': 1e-09, 'kernel': 'rbf', 'max_iter': 1000}, grid.best_score_=0.5, grid.best_index_=42, acc=0.4, time=1.5615730285644531
20-06-2022 07:19:10|INFO|Is groups None: False 
20-06-2022 07:19:11|INFO|2/10|grid.best_params_={'C': 100.0, 'gamma': 10.0, 'kernel': 'rbf', 'max_iter': 1000}, grid.best_score_=0.5555555555555556, grid.best_index_=19, acc=0.5, time=1.4760310649871826
20-06-2022 07:19:11|INFO|Is groups None: False 
20-06-2022 07:19:12|INFO|3/10|grid.best_params_={'C': 0.01, 'gamma': 1e-09, 'kernel': 'rbf', 'max_iter': 1000}, grid.best_score_=0.5555555555555556, grid.best_index_=0, acc=0.5, time=1.4506561756134033
20-06-2022 07:19:12|INFO|Is groups None: False 
20-06-2022 07:19:14|INFO|4/10|grid.best_params_={'C': 0.01, 'gamma': 1e-09, 'kernel': 'rbf', 'max_iter': 1000}, grid.best_score_=0.5555555555555556, grid.best_index_=0, acc=0.5, time=1.4975838661193848
20-06-2022 07:19:14|INFO|Is groups None: False 
20-06-2022 07:19:16|INFO|5/10|grid.best_params_={'C': 100000000.0, 'gamma': 1e-09, 'kernel': 'rbf', 'max_iter': 1000}, grid.best_score_=0.5333333333333333, grid.best_index_=35, acc=0.45, time=1.5493519306182861
20-06-2022 07:19:16|INFO|Is groups None: False 
20-06-2022 07:19:17|INFO|6/10|grid.best_params_={'C': 1000000.0, 'gamma': 1e-09, 'kernel': 'rbf', 'max_iter': 1000}, grid.best_score_=0.5722222222222222, grid.best_index_=28, acc=0.4, time=1.4366645812988281
20-06-2022 07:19:17|INFO|Is groups None: False 
20-06-2022 07:19:19|INFO|7/10|grid.best_params_={'C': 10000000000.0, 'gamma': 1e-09, 'kernel': 'rbf', 'max_iter': 1000}, grid.best_score_=0.5111111111111112, grid.best_index_=42, acc=0.6, time=1.6302902698516846
20-06-2022 07:19:19|INFO|Is groups None: False 
20-06-2022 07:19:20|INFO|8/10|grid.best_params_={'C': 10000000000.0, 'gamma': 1e-09, 'kernel': 'rbf', 'max_iter': 1000}, grid.best_score_=0.5222222222222221, grid.best_index_=42, acc=0.4, time=1.5242269039154053
20-06-2022 07:19:20|INFO|Is groups None: False 
20-06-2022 07:19:22|INFO|9/10|grid.best_params_={'C': 10000000000.0, 'gamma': 1e-07, 'kernel': 'rbf', 'max_iter': 1000}, grid.best_score_=0.5277777777777779, grid.best_index_=43, acc=0.6, time=1.4813518524169922
20-06-2022 07:19:22|INFO|Is groups None: False 
20-06-2022 07:19:23|INFO|10/10|grid.best_params_={'C': 0.01, 'gamma': 0.1, 'kernel': 'rbf', 'max_iter': 1000}, grid.best_score_=0.5222222222222223, grid.best_index_=4, acc=0.75, time=1.488509178161621
20-06-2022 07:19:23|INFO|s24|10-CV=0.51000|STD=0.10677|Time spend=16.73840093612671
20-06-2022 07:19:26|INFO|Running Segment-First
20-06-2022 07:19:26|INFO|X.shape=(200, 496), y.shape=(200,), groups.shape=(200,)
20-06-2022 07:19:26|INFO|Is groups None: False 
20-06-2022 07:19:28|INFO|1/10|grid.best_params_={'C': 1.0, 'gamma': 0.1, 'kernel': 'rbf', 'max_iter': 1000}, grid.best_score_=0.5277777777777779, grid.best_index_=11, acc=0.5, time=1.4694969654083252
20-06-2022 07:19:28|INFO|Is groups None: False 
20-06-2022 07:19:29|INFO|2/10|grid.best_params_={'C': 1.0, 'gamma': 0.001, 'kernel': 'rbf', 'max_iter': 1000}, grid.best_score_=0.538888888888889, grid.best_index_=10, acc=0.3, time=1.509185791015625
20-06-2022 07:19:29|INFO|Is groups None: False 
20-06-2022 07:19:31|INFO|3/10|grid.best_params_={'C': 100.0, 'gamma': 0.001, 'kernel': 'rbf', 'max_iter': 1000}, grid.best_score_=0.5777777777777778, grid.best_index_=17, acc=0.3, time=1.5846943855285645
20-06-2022 07:19:31|INFO|Is groups None: False 
20-06-2022 07:19:32|INFO|4/10|grid.best_params_={'C': 100.0, 'gamma': 0.001, 'kernel': 'rbf', 'max_iter': 1000}, grid.best_score_=0.5388888888888889, grid.best_index_=17, acc=0.55, time=1.5151748657226562
20-06-2022 07:19:32|INFO|Is groups None: False 
20-06-2022 07:19:34|INFO|5/10|grid.best_params_={'C': 100.0, 'gamma': 0.001, 'kernel': 'rbf', 'max_iter': 1000}, grid.best_score_=0.5355555555555556, grid.best_index_=17, acc=0.55, time=1.4849047660827637
20-06-2022 07:19:34|INFO|Is groups None: False 
20-06-2022 07:19:35|INFO|6/10|grid.best_params_={'C': 100.0, 'gamma': 0.001, 'kernel': 'rbf', 'max_iter': 1000}, grid.best_score_=0.5807407407407408, grid.best_index_=17, acc=0.3, time=1.5709614753723145
20-06-2022 07:19:35|INFO|Is groups None: False 
20-06-2022 07:19:37|INFO|7/10|grid.best_params_={'C': 100000000.0, 'gamma': 1e-07, 'kernel': 'rbf', 'max_iter': 1000}, grid.best_score_=0.5292592592592593, grid.best_index_=36, acc=0.55, time=1.547051191329956
20-06-2022 07:19:37|INFO|Is groups None: False 
20-06-2022 07:19:38|INFO|8/10|grid.best_params_={'C': 100.0, 'gamma': 0.001, 'kernel': 'rbf', 'max_iter': 1000}, grid.best_score_=0.5388888888888889, grid.best_index_=17, acc=0.5, time=1.4733102321624756
20-06-2022 07:19:38|INFO|Is groups None: False 
20-06-2022 07:19:40|INFO|9/10|grid.best_params_={'C': 100.0, 'gamma': 0.001, 'kernel': 'rbf', 'max_iter': 1000}, grid.best_score_=0.5277777777777778, grid.best_index_=17, acc=0.6, time=1.4853270053863525
20-06-2022 07:19:40|INFO|Is groups None: False 
20-06-2022 07:19:41|INFO|10/10|grid.best_params_={'C': 100.0, 'gamma': 0.001, 'kernel': 'rbf', 'max_iter': 1000}, grid.best_score_=0.5555555555555556, grid.best_index_=17, acc=0.4, time=1.5423133373260498
20-06-2022 07:19:41|INFO|s25|10-CV=0.45500|STD=0.11281|Time spend=18.138957977294922
20-06-2022 07:19:43|INFO|Running Segment-First
20-06-2022 07:19:43|INFO|X.shape=(200, 496), y.shape=(200,), groups.shape=(200,)
20-06-2022 07:19:43|INFO|Is groups None: False 
20-06-2022 07:19:44|INFO|1/10|grid.best_params_={'C': 0.01, 'gamma': 1e-09, 'kernel': 'rbf', 'max_iter': 1000}, grid.best_score_=0.6666666666666666, grid.best_index_=0, acc=0.5, time=1.3320269584655762
20-06-2022 07:19:44|INFO|Is groups None: False 
20-06-2022 07:19:46|INFO|2/10|grid.best_params_={'C': 100.0, 'gamma': 1e-05, 'kernel': 'rbf', 'max_iter': 1000}, grid.best_score_=0.6499999999999999, grid.best_index_=16, acc=0.7, time=1.488598108291626
20-06-2022 07:19:46|INFO|Is groups None: False 
20-06-2022 07:19:47|INFO|3/10|grid.best_params_={'C': 0.01, 'gamma': 1e-09, 'kernel': 'rbf', 'max_iter': 1000}, grid.best_score_=0.6388888888888888, grid.best_index_=0, acc=0.75, time=1.4281115531921387
20-06-2022 07:19:47|INFO|Is groups None: False 
20-06-2022 07:19:49|INFO|4/10|grid.best_params_={'C': 1000000.0, 'gamma': 1e-09, 'kernel': 'rbf', 'max_iter': 1000}, grid.best_score_=0.6444444444444445, grid.best_index_=28, acc=0.7, time=1.3919756412506104
20-06-2022 07:19:49|INFO|Is groups None: False 
20-06-2022 07:19:50|INFO|5/10|grid.best_params_={'C': 0.01, 'gamma': 1e-09, 'kernel': 'rbf', 'max_iter': 1000}, grid.best_score_=0.6666666666666666, grid.best_index_=0, acc=0.5, time=1.405102252960205
20-06-2022 07:19:50|INFO|Is groups None: False 
20-06-2022 07:19:52|INFO|6/10|grid.best_params_={'C': 0.01, 'gamma': 1e-09, 'kernel': 'rbf', 'max_iter': 1000}, grid.best_score_=0.6388888888888888, grid.best_index_=0, acc=0.75, time=1.4765067100524902
20-06-2022 07:19:52|INFO|Is groups None: False 
20-06-2022 07:19:53|INFO|7/10|grid.best_params_={'C': 0.01, 'gamma': 1e-09, 'kernel': 'rbf', 'max_iter': 1000}, grid.best_score_=0.6388888888888888, grid.best_index_=0, acc=0.75, time=1.4417815208435059
20-06-2022 07:19:53|INFO|Is groups None: False 
20-06-2022 07:19:55|INFO|8/10|grid.best_params_={'C': 1000000.0, 'gamma': 1e-09, 'kernel': 'rbf', 'max_iter': 1000}, grid.best_score_=0.6444444444444445, grid.best_index_=28, acc=0.75, time=1.4161376953125
20-06-2022 07:19:55|INFO|Is groups None: False 
20-06-2022 07:19:56|INFO|9/10|grid.best_params_={'C': 0.01, 'gamma': 1e-09, 'kernel': 'rbf', 'max_iter': 1000}, grid.best_score_=0.6666666666666666, grid.best_index_=0, acc=0.5, time=1.519097089767456
20-06-2022 07:19:56|INFO|Is groups None: False 
20-06-2022 07:19:58|INFO|10/10|grid.best_params_={'C': 0.01, 'gamma': 1e-09, 'kernel': 'rbf', 'max_iter': 1000}, grid.best_score_=0.6666666666666666, grid.best_index_=0, acc=0.5, time=1.4619500637054443
20-06-2022 07:19:58|INFO|s26|10-CV=0.64000|STD=0.11576|Time spend=16.231456995010376
20-06-2022 07:19:59|INFO|Running Segment-First
20-06-2022 07:19:59|INFO|X.shape=(200, 496), y.shape=(200,), groups.shape=(200,)
20-06-2022 07:19:59|INFO|Is groups None: False 
20-06-2022 07:20:01|INFO|1/10|grid.best_params_={'C': 0.01, 'gamma': 1e-09, 'kernel': 'rbf', 'max_iter': 1000}, grid.best_score_=0.75, grid.best_index_=0, acc=0.75, time=1.3173205852508545
20-06-2022 07:20:01|INFO|Is groups None: False 
20-06-2022 07:20:02|INFO|2/10|grid.best_params_={'C': 0.01, 'gamma': 1e-09, 'kernel': 'rbf', 'max_iter': 1000}, grid.best_score_=0.75, grid.best_index_=0, acc=0.75, time=1.5010571479797363
20-06-2022 07:20:02|INFO|Is groups None: False 
20-06-2022 07:20:04|INFO|3/10|grid.best_params_={'C': 0.01, 'gamma': 1e-09, 'kernel': 'rbf', 'max_iter': 1000}, grid.best_score_=0.75, grid.best_index_=0, acc=0.75, time=1.3345696926116943
20-06-2022 07:20:04|INFO|Is groups None: False 
20-06-2022 07:20:05|INFO|4/10|grid.best_params_={'C': 0.01, 'gamma': 1e-09, 'kernel': 'rbf', 'max_iter': 1000}, grid.best_score_=0.75, grid.best_index_=0, acc=0.75, time=1.24361252784729
20-06-2022 07:20:05|INFO|Is groups None: False 
20-06-2022 07:20:06|INFO|5/10|grid.best_params_={'C': 0.01, 'gamma': 1e-09, 'kernel': 'rbf', 'max_iter': 1000}, grid.best_score_=0.75, grid.best_index_=0, acc=0.75, time=1.3631160259246826
20-06-2022 07:20:06|INFO|Is groups None: False 
20-06-2022 07:20:08|INFO|6/10|grid.best_params_={'C': 0.01, 'gamma': 1e-09, 'kernel': 'rbf', 'max_iter': 1000}, grid.best_score_=0.75, grid.best_index_=0, acc=0.75, time=1.3893990516662598
20-06-2022 07:20:08|INFO|Is groups None: False 
20-06-2022 07:20:09|INFO|7/10|grid.best_params_={'C': 0.01, 'gamma': 1e-09, 'kernel': 'rbf', 'max_iter': 1000}, grid.best_score_=0.75, grid.best_index_=0, acc=0.75, time=1.2851579189300537
20-06-2022 07:20:09|INFO|Is groups None: False 
20-06-2022 07:20:10|INFO|8/10|grid.best_params_={'C': 0.01, 'gamma': 1e-09, 'kernel': 'rbf', 'max_iter': 1000}, grid.best_score_=0.75, grid.best_index_=0, acc=0.75, time=1.2724876403808594
20-06-2022 07:20:10|INFO|Is groups None: False 
20-06-2022 07:20:12|INFO|9/10|grid.best_params_={'C': 0.01, 'gamma': 1e-09, 'kernel': 'rbf', 'max_iter': 1000}, grid.best_score_=0.75, grid.best_index_=0, acc=0.75, time=1.4306011199951172
20-06-2022 07:20:12|INFO|Is groups None: False 
20-06-2022 07:20:13|INFO|10/10|grid.best_params_={'C': 0.01, 'gamma': 1e-09, 'kernel': 'rbf', 'max_iter': 1000}, grid.best_score_=0.75, grid.best_index_=0, acc=0.75, time=1.3892302513122559
20-06-2022 07:20:13|INFO|s27|10-CV=0.75000|STD=0.00000|Time spend=15.495426893234253
20-06-2022 07:20:15|INFO|Running Segment-First
20-06-2022 07:20:15|INFO|X.shape=(200, 496), y.shape=(200,), groups.shape=(200,)
20-06-2022 07:20:15|INFO|Is groups None: False 
20-06-2022 07:20:16|INFO|1/10|grid.best_params_={'C': 0.01, 'gamma': 1e-09, 'kernel': 'rbf', 'max_iter': 1000}, grid.best_score_=0.6111111111111112, grid.best_index_=0, acc=0.75, time=1.4175856113433838
20-06-2022 07:20:16|INFO|Is groups None: False 
20-06-2022 07:20:18|INFO|2/10|grid.best_params_={'C': 0.01, 'gamma': 1e-09, 'kernel': 'rbf', 'max_iter': 1000}, grid.best_score_=0.6111111111111112, grid.best_index_=0, acc=0.75, time=1.5527853965759277
20-06-2022 07:20:18|INFO|Is groups None: False 
20-06-2022 07:20:19|INFO|3/10|grid.best_params_={'C': 0.01, 'gamma': 1e-09, 'kernel': 'rbf', 'max_iter': 1000}, grid.best_score_=0.6111111111111112, grid.best_index_=0, acc=0.75, time=1.4260847568511963
20-06-2022 07:20:19|INFO|Is groups None: False 
20-06-2022 07:20:20|INFO|4/10|grid.best_params_={'C': 0.01, 'gamma': 1e-09, 'kernel': 'rbf', 'max_iter': 1000}, grid.best_score_=0.6388888888888888, grid.best_index_=0, acc=0.5, time=1.394068717956543
20-06-2022 07:20:20|INFO|Is groups None: False 
20-06-2022 07:20:22|INFO|5/10|grid.best_params_={'C': 0.01, 'gamma': 1e-09, 'kernel': 'rbf', 'max_iter': 1000}, grid.best_score_=0.6388888888888888, grid.best_index_=0, acc=0.5, time=1.608999490737915
20-06-2022 07:20:22|INFO|Is groups None: False 
20-06-2022 07:20:24|INFO|6/10|grid.best_params_={'C': 0.01, 'gamma': 1e-09, 'kernel': 'rbf', 'max_iter': 1000}, grid.best_score_=0.6388888888888888, grid.best_index_=0, acc=0.5, time=1.5346331596374512
20-06-2022 07:20:24|INFO|Is groups None: False 
20-06-2022 07:20:25|INFO|7/10|grid.best_params_={'C': 0.01, 'gamma': 1e-09, 'kernel': 'rbf', 'max_iter': 1000}, grid.best_score_=0.6111111111111112, grid.best_index_=0, acc=0.75, time=1.4245808124542236
20-06-2022 07:20:25|INFO|Is groups None: False 
20-06-2022 07:20:26|INFO|8/10|grid.best_params_={'C': 0.01, 'gamma': 1e-09, 'kernel': 'rbf', 'max_iter': 1000}, grid.best_score_=0.6388888888888888, grid.best_index_=0, acc=0.5, time=1.4292595386505127
20-06-2022 07:20:26|INFO|Is groups None: False 
20-06-2022 07:20:28|INFO|9/10|grid.best_params_={'C': 0.01, 'gamma': 1e-09, 'kernel': 'rbf', 'max_iter': 1000}, grid.best_score_=0.6388888888888888, grid.best_index_=0, acc=0.5, time=1.5634574890136719
20-06-2022 07:20:28|INFO|Is groups None: False 
20-06-2022 07:20:29|INFO|10/10|grid.best_params_={'C': 0.01, 'gamma': 1e-09, 'kernel': 'rbf', 'max_iter': 1000}, grid.best_score_=0.6111111111111112, grid.best_index_=0, acc=0.75, time=1.4240169525146484
20-06-2022 07:20:29|INFO|s28|10-CV=0.62500|STD=0.12500|Time spend=16.44679832458496
20-06-2022 07:20:31|INFO|Running Segment-First
20-06-2022 07:20:31|INFO|X.shape=(200, 496), y.shape=(200,), groups.shape=(200,)
20-06-2022 07:20:31|INFO|Is groups None: False 
20-06-2022 07:20:33|INFO|1/10|grid.best_params_={'C': 100.0, 'gamma': 1e-05, 'kernel': 'rbf', 'max_iter': 1000}, grid.best_score_=0.6111111111111112, grid.best_index_=16, acc=0.65, time=1.487746238708496
20-06-2022 07:20:33|INFO|Is groups None: False 
20-06-2022 07:20:34|INFO|2/10|grid.best_params_={'C': 1.0, 'gamma': 0.001, 'kernel': 'rbf', 'max_iter': 1000}, grid.best_score_=0.6000000000000001, grid.best_index_=10, acc=0.65, time=1.5456533432006836
20-06-2022 07:20:34|INFO|Is groups None: False 
20-06-2022 07:20:35|INFO|3/10|grid.best_params_={'C': 10000.0, 'gamma': 1e-07, 'kernel': 'rbf', 'max_iter': 1000}, grid.best_score_=0.6000000000000001, grid.best_index_=22, acc=0.7, time=1.3941452503204346
20-06-2022 07:20:35|INFO|Is groups None: False 
20-06-2022 07:20:37|INFO|4/10|grid.best_params_={'C': 1000000.0, 'gamma': 1e-09, 'kernel': 'rbf', 'max_iter': 1000}, grid.best_score_=0.6611111111111111, grid.best_index_=28, acc=0.5, time=1.4087941646575928
20-06-2022 07:20:37|INFO|Is groups None: False 
20-06-2022 07:20:38|INFO|5/10|grid.best_params_={'C': 100.0, 'gamma': 1e-05, 'kernel': 'rbf', 'max_iter': 1000}, grid.best_score_=0.6388888888888888, grid.best_index_=16, acc=0.6, time=1.5532810688018799
20-06-2022 07:20:38|INFO|Is groups None: False 
20-06-2022 07:20:40|INFO|6/10|grid.best_params_={'C': 1000000.0, 'gamma': 1e-09, 'kernel': 'rbf', 'max_iter': 1000}, grid.best_score_=0.6000000000000001, grid.best_index_=28, acc=0.75, time=1.409346580505371
20-06-2022 07:20:40|INFO|Is groups None: False 
20-06-2022 07:20:41|INFO|7/10|grid.best_params_={'C': 100.0, 'gamma': 1e-05, 'kernel': 'rbf', 'max_iter': 1000}, grid.best_score_=0.6111111111111112, grid.best_index_=16, acc=0.6, time=1.4278485774993896
20-06-2022 07:20:41|INFO|Is groups None: False 
20-06-2022 07:20:43|INFO|8/10|grid.best_params_={'C': 10000.0, 'gamma': 1e-07, 'kernel': 'rbf', 'max_iter': 1000}, grid.best_score_=0.6396296296296295, grid.best_index_=22, acc=0.6, time=1.540435791015625
20-06-2022 07:20:43|INFO|Is groups None: False 
20-06-2022 07:20:44|INFO|9/10|grid.best_params_={'C': 1000000.0, 'gamma': 1e-09, 'kernel': 'rbf', 'max_iter': 1000}, grid.best_score_=0.6111111111111112, grid.best_index_=28, acc=0.6, time=1.5338702201843262
20-06-2022 07:20:44|INFO|Is groups None: False 
20-06-2022 07:20:46|INFO|10/10|grid.best_params_={'C': 10000000000.0, 'gamma': 1e-09, 'kernel': 'rbf', 'max_iter': 1000}, grid.best_score_=0.5722222222222223, grid.best_index_=42, acc=0.65, time=1.4152579307556152
20-06-2022 07:20:46|INFO|s29|10-CV=0.63000|STD=0.06403|Time spend=16.33957028388977
20-06-2022 07:20:47|INFO|Running Segment-First
20-06-2022 07:20:47|INFO|X.shape=(200, 496), y.shape=(200,), groups.shape=(200,)
20-06-2022 07:20:47|INFO|Is groups None: False 
20-06-2022 07:20:49|INFO|1/10|grid.best_params_={'C': 0.01, 'gamma': 1e-09, 'kernel': 'rbf', 'max_iter': 1000}, grid.best_score_=0.6666666666666666, grid.best_index_=0, acc=0.75, time=1.51833176612854
20-06-2022 07:20:49|INFO|Is groups None: False 
20-06-2022 07:20:50|INFO|2/10|grid.best_params_={'C': 0.01, 'gamma': 1e-09, 'kernel': 'rbf', 'max_iter': 1000}, grid.best_score_=0.6666666666666666, grid.best_index_=0, acc=0.75, time=1.3805229663848877
20-06-2022 07:20:50|INFO|Is groups None: False 
20-06-2022 07:20:52|INFO|3/10|grid.best_params_={'C': 0.01, 'gamma': 1e-09, 'kernel': 'rbf', 'max_iter': 1000}, grid.best_score_=0.6944444444444444, grid.best_index_=0, acc=0.5, time=1.3252549171447754
20-06-2022 07:20:52|INFO|Is groups None: False 
20-06-2022 07:20:53|INFO|4/10|grid.best_params_={'C': 0.01, 'gamma': 1e-09, 'kernel': 'rbf', 'max_iter': 1000}, grid.best_score_=0.6944444444444444, grid.best_index_=0, acc=0.5, time=1.4241783618927002
20-06-2022 07:20:53|INFO|Is groups None: False 
20-06-2022 07:20:55|INFO|5/10|grid.best_params_={'C': 0.01, 'gamma': 1e-09, 'kernel': 'rbf', 'max_iter': 1000}, grid.best_score_=0.6666666666666666, grid.best_index_=0, acc=0.75, time=1.511267900466919
20-06-2022 07:20:55|INFO|Is groups None: False 
20-06-2022 07:20:56|INFO|6/10|grid.best_params_={'C': 0.01, 'gamma': 1e-09, 'kernel': 'rbf', 'max_iter': 1000}, grid.best_score_=0.6666666666666666, grid.best_index_=0, acc=0.75, time=1.3818280696868896
20-06-2022 07:20:56|INFO|Is groups None: False 
20-06-2022 07:20:57|INFO|7/10|grid.best_params_={'C': 0.01, 'gamma': 1e-09, 'kernel': 'rbf', 'max_iter': 1000}, grid.best_score_=0.6944444444444444, grid.best_index_=0, acc=0.5, time=1.3417181968688965
20-06-2022 07:20:57|INFO|Is groups None: False 
20-06-2022 07:20:59|INFO|8/10|grid.best_params_={'C': 0.01, 'gamma': 1e-09, 'kernel': 'rbf', 'max_iter': 1000}, grid.best_score_=0.6666666666666666, grid.best_index_=0, acc=0.75, time=1.505770206451416
20-06-2022 07:20:59|INFO|Is groups None: False 
20-06-2022 07:21:00|INFO|9/10|grid.best_params_={'C': 1000000.0, 'gamma': 1e-09, 'kernel': 'rbf', 'max_iter': 1000}, grid.best_score_=0.6722222222222222, grid.best_index_=28, acc=0.75, time=1.4204778671264648
20-06-2022 07:21:00|INFO|Is groups None: False 
20-06-2022 07:21:02|INFO|10/10|grid.best_params_={'C': 0.01, 'gamma': 1e-09, 'kernel': 'rbf', 'max_iter': 1000}, grid.best_score_=0.6666666666666666, grid.best_index_=0, acc=0.75, time=1.3964648246765137
20-06-2022 07:21:02|INFO|s30|10-CV=0.67500|STD=0.11456|Time spend=15.833266019821167
20-06-2022 07:21:03|INFO|Running Segment-First
20-06-2022 07:21:03|INFO|X.shape=(200, 496), y.shape=(200,), groups.shape=(200,)
20-06-2022 07:21:03|INFO|Is groups None: False 
20-06-2022 07:21:05|INFO|1/10|grid.best_params_={'C': 0.01, 'gamma': 1e-09, 'kernel': 'rbf', 'max_iter': 1000}, grid.best_score_=0.5833333333333334, grid.best_index_=0, acc=0.5, time=1.5452640056610107
20-06-2022 07:21:05|INFO|Is groups None: False 
20-06-2022 07:21:06|INFO|2/10|grid.best_params_={'C': 0.01, 'gamma': 1e-09, 'kernel': 'rbf', 'max_iter': 1000}, grid.best_score_=0.5833333333333334, grid.best_index_=0, acc=0.5, time=1.5619487762451172
20-06-2022 07:21:06|INFO|Is groups None: False 
20-06-2022 07:21:08|INFO|3/10|grid.best_params_={'C': 0.01, 'gamma': 1e-09, 'kernel': 'rbf', 'max_iter': 1000}, grid.best_score_=0.5833333333333334, grid.best_index_=0, acc=0.5, time=1.4543988704681396
20-06-2022 07:21:08|INFO|Is groups None: False 
20-06-2022 07:21:09|INFO|4/10|grid.best_params_={'C': 0.01, 'gamma': 1e-09, 'kernel': 'rbf', 'max_iter': 1000}, grid.best_score_=0.5555555555555556, grid.best_index_=0, acc=0.75, time=1.544983148574829
20-06-2022 07:21:09|INFO|Is groups None: False 
20-06-2022 07:21:11|INFO|5/10|grid.best_params_={'C': 0.01, 'gamma': 1e-09, 'kernel': 'rbf', 'max_iter': 1000}, grid.best_score_=0.5833333333333334, grid.best_index_=0, acc=0.5, time=1.4761950969696045
20-06-2022 07:21:11|INFO|Is groups None: False 
20-06-2022 07:21:12|INFO|6/10|grid.best_params_={'C': 0.01, 'gamma': 1e-09, 'kernel': 'rbf', 'max_iter': 1000}, grid.best_score_=0.5833333333333334, grid.best_index_=0, acc=0.5, time=1.416050672531128
20-06-2022 07:21:12|INFO|Is groups None: False 
20-06-2022 07:21:14|INFO|7/10|grid.best_params_={'C': 0.01, 'gamma': 1e-09, 'kernel': 'rbf', 'max_iter': 1000}, grid.best_score_=0.5555555555555556, grid.best_index_=0, acc=0.75, time=1.5255613327026367
20-06-2022 07:21:14|INFO|Is groups None: False 
20-06-2022 07:21:15|INFO|8/10|grid.best_params_={'C': 0.01, 'gamma': 1e-09, 'kernel': 'rbf', 'max_iter': 1000}, grid.best_score_=0.5555555555555556, grid.best_index_=0, acc=0.75, time=1.5311274528503418
20-06-2022 07:21:15|INFO|Is groups None: False 
20-06-2022 07:21:17|INFO|9/10|grid.best_params_={'C': 0.01, 'gamma': 1e-09, 'kernel': 'rbf', 'max_iter': 1000}, grid.best_score_=0.5833333333333334, grid.best_index_=0, acc=0.5, time=1.3833322525024414
20-06-2022 07:21:17|INFO|Is groups None: False 
20-06-2022 07:21:18|INFO|10/10|grid.best_params_={'C': 0.01, 'gamma': 1e-09, 'kernel': 'rbf', 'max_iter': 1000}, grid.best_score_=0.5833333333333334, grid.best_index_=0, acc=0.5, time=1.4595911502838135
20-06-2022 07:21:18|INFO|s31|10-CV=0.57500|STD=0.11456|Time spend=16.623284578323364
20-06-2022 07:21:21|INFO|Running Segment-First
20-06-2022 07:21:21|INFO|X.shape=(200, 496), y.shape=(200,), groups.shape=(200,)
20-06-2022 07:21:21|INFO|Is groups None: False 
20-06-2022 07:21:22|INFO|1/10|grid.best_params_={'C': 1.0, 'gamma': 0.001, 'kernel': 'rbf', 'max_iter': 1000}, grid.best_score_=0.5722222222222222, grid.best_index_=10, acc=0.65, time=1.4502222537994385
20-06-2022 07:21:22|INFO|Is groups None: False 
20-06-2022 07:21:24|INFO|2/10|grid.best_params_={'C': 100.0, 'gamma': 1e-05, 'kernel': 'rbf', 'max_iter': 1000}, grid.best_score_=0.6, grid.best_index_=16, acc=0.45, time=1.4817872047424316
20-06-2022 07:21:24|INFO|Is groups None: False 
20-06-2022 07:21:25|INFO|3/10|grid.best_params_={'C': 100.0, 'gamma': 1e-05, 'kernel': 'rbf', 'max_iter': 1000}, grid.best_score_=0.5666666666666668, grid.best_index_=16, acc=0.65, time=1.5909483432769775
20-06-2022 07:21:25|INFO|Is groups None: False 
20-06-2022 07:21:27|INFO|4/10|grid.best_params_={'C': 1.0, 'gamma': 0.001, 'kernel': 'rbf', 'max_iter': 1000}, grid.best_score_=0.5666666666666668, grid.best_index_=10, acc=0.45, time=1.5266108512878418
20-06-2022 07:21:27|INFO|Is groups None: False 
20-06-2022 07:21:28|INFO|5/10|grid.best_params_={'C': 1.0, 'gamma': 0.001, 'kernel': 'rbf', 'max_iter': 1000}, grid.best_score_=0.5277777777777778, grid.best_index_=10, acc=0.55, time=1.4518721103668213
20-06-2022 07:21:28|INFO|Is groups None: False 
20-06-2022 07:21:30|INFO|6/10|grid.best_params_={'C': 1.0, 'gamma': 0.001, 'kernel': 'rbf', 'max_iter': 1000}, grid.best_score_=0.5166666666666667, grid.best_index_=10, acc=0.8, time=1.570880651473999
20-06-2022 07:21:30|INFO|Is groups None: False 
20-06-2022 07:21:31|INFO|7/10|grid.best_params_={'C': 10000.0, 'gamma': 1e-07, 'kernel': 'rbf', 'max_iter': 1000}, grid.best_score_=0.5333333333333333, grid.best_index_=22, acc=0.55, time=1.5039634704589844
20-06-2022 07:21:31|INFO|Is groups None: False 
20-06-2022 07:21:33|INFO|8/10|grid.best_params_={'C': 10000.0, 'gamma': 1e-07, 'kernel': 'rbf', 'max_iter': 1000}, grid.best_score_=0.49444444444444446, grid.best_index_=22, acc=0.65, time=1.458376169204712
20-06-2022 07:21:33|INFO|Is groups None: False 
20-06-2022 07:21:34|INFO|9/10|grid.best_params_={'C': 10000.0, 'gamma': 1e-07, 'kernel': 'rbf', 'max_iter': 1000}, grid.best_score_=0.5444444444444445, grid.best_index_=22, acc=0.55, time=1.4835717678070068
20-06-2022 07:21:34|INFO|Is groups None: False 
20-06-2022 07:21:36|INFO|10/10|grid.best_params_={'C': 100.0, 'gamma': 1e-05, 'kernel': 'rbf', 'max_iter': 1000}, grid.best_score_=0.5722222222222223, grid.best_index_=16, acc=0.55, time=1.516383171081543
20-06-2022 07:21:36|INFO|s32|10-CV=0.58500|STD=0.10012|Time spend=17.479658603668213
20-06-2022 07:21:36|INFO|final|10-CV=0.58484|STD=0.03206
