20-06-2022 03:41:51|INFO|
    Running Command: 
        python3 main-ml.py --subject_setup independent --experimental_setup trial --stimuli_class valence --preprocessing PCC_FREQ --segment_lenght 20 --output_log ./output/independent-trial-valence-PCC_FREQ-20.log
    Starting training:
        segment_lenght:  20
        output_log:      ./output/independent-trial-valence-PCC_FREQ-20.log
        stimuli_class:   valence
        preprocessing:   PCC_FREQ
        subject_setup:   independent
        experimental_setup: trial
    
20-06-2022 03:42:25|INFO|Running Segment-First
20-06-2022 03:42:25|INFO|X.shape=(3840, 496), y.shape=(3840,), groups.shape=(3840,)
20-06-2022 03:42:26|INFO|Is groups None: False 
20-06-2022 03:52:02|INFO|1/10|grid.best_params_={'C': 0.01, 'gamma': 1e-05, 'kernel': 'rbf', 'max_iter': 1000}, grid.best_score_=0.5590277777777779, grid.best_index_=2, acc=0.5234375, time=575.656834602356
20-06-2022 03:52:02|INFO|Is groups None: False 
20-06-2022 04:01:17|INFO|2/10|grid.best_params_={'C': 1.0, 'gamma': 0.001, 'kernel': 'rbf', 'max_iter': 1000}, grid.best_score_=0.5706018518518519, grid.best_index_=10, acc=0.5520833333333334, time=555.3750801086426
20-06-2022 04:01:17|INFO|Is groups None: False 
20-06-2022 04:10:32|INFO|3/10|grid.best_params_={'C': 0.01, 'gamma': 0.001, 'kernel': 'rbf', 'max_iter': 1000}, grid.best_score_=0.566261574074074, grid.best_index_=3, acc=0.5703125, time=554.769036769867
20-06-2022 04:10:32|INFO|Is groups None: False 
20-06-2022 04:19:48|INFO|4/10|grid.best_params_={'C': 1.0, 'gamma': 0.001, 'kernel': 'rbf', 'max_iter': 1000}, grid.best_score_=0.5625, grid.best_index_=10, acc=0.53125, time=556.1904063224792
20-06-2022 04:19:48|INFO|Is groups None: False 
20-06-2022 04:29:05|INFO|5/10|grid.best_params_={'C': 1.0, 'gamma': 0.001, 'kernel': 'rbf', 'max_iter': 1000}, grid.best_score_=0.5616319444444444, grid.best_index_=10, acc=0.5572916666666666, time=556.7186510562897
20-06-2022 04:29:05|INFO|Is groups None: False 
20-06-2022 04:38:24|INFO|6/10|grid.best_params_={'C': 0.01, 'gamma': 1e-05, 'kernel': 'rbf', 'max_iter': 1000}, grid.best_score_=0.5567129629629629, grid.best_index_=2, acc=0.5572916666666666, time=558.6284418106079
20-06-2022 04:38:24|INFO|Is groups None: False 
20-06-2022 04:47:37|INFO|7/10|grid.best_params_={'C': 1.0, 'gamma': 1e-05, 'kernel': 'rbf', 'max_iter': 1000}, grid.best_score_=0.5662615740740741, grid.best_index_=9, acc=0.5546875, time=553.7224304676056
20-06-2022 04:47:37|INFO|Is groups None: False 
20-06-2022 04:56:51|INFO|8/10|grid.best_params_={'C': 1.0, 'gamma': 0.001, 'kernel': 'rbf', 'max_iter': 1000}, grid.best_score_=0.5758101851851852, grid.best_index_=10, acc=0.5677083333333334, time=553.6103007793427
20-06-2022 04:56:51|INFO|Is groups None: False 
20-06-2022 05:06:09|INFO|9/10|grid.best_params_={'C': 1.0, 'gamma': 0.001, 'kernel': 'rbf', 'max_iter': 1000}, grid.best_score_=0.5668402777777779, grid.best_index_=10, acc=0.5442708333333334, time=557.8729207515717
20-06-2022 05:06:09|INFO|Is groups None: False 
20-06-2022 05:15:25|INFO|10/10|grid.best_params_={'C': 1.0, 'gamma': 0.001, 'kernel': 'rbf', 'max_iter': 1000}, grid.best_score_=0.5627893518518519, grid.best_index_=10, acc=0.53125, time=556.0773656368256
20-06-2022 05:15:25|INFO|all|10-CV=0.54896|STD=0.01513|Time spend=5614.208577632904
20-06-2022 05:15:25|INFO|final|10-CV=0.54896|STD=0.00000
20-06-2022 08:34:02|INFO|
    Running Command: 
        python3 main-ml.py --subject_setup independent --experimental_setup trial --stimuli_class valence --preprocessing PCC_FREQ --segment_lenght 20 --output_log ./output/independent-trial-valence-PCC_FREQ-20.log
    Starting training:
        segment_lenght:  20
        output_log:      ./output/independent-trial-valence-PCC_FREQ-20.log
        stimuli_class:   valence
        preprocessing:   PCC_FREQ
        subject_setup:   independent
        experimental_setup: trial
    
20-06-2022 08:34:02|INFO|final|10-CV=nan|STD=nan
