20-06-2022 02:07:21|INFO|
    Running Command: 
        python3 main-ml.py --subject_setup independent --experimental_setup segment --stimuli_class arousal --preprocessing PCC_FREQ --segment_lenght 20 --output_log ./output/independent-segment-arousal-PCC_FREQ-20.log
    Starting training:
        segment_lenght:  20
        output_log:      ./output/independent-segment-arousal-PCC_FREQ-20.log
        stimuli_class:   arousal
        preprocessing:   PCC_FREQ
        subject_setup:   independent
        experimental_setup: segment
    
20-06-2022 02:07:55|INFO|Running Split-First
20-06-2022 02:07:55|INFO|X.shape=(3840, 496), y.shape=(3840,), groups.shape=(3840,)
20-06-2022 02:07:55|INFO|Is groups None: True 
20-06-2022 02:17:29|INFO|1/10|grid.best_params_={'C': 1000000.0, 'gamma': 1e-09, 'kernel': 'rbf', 'max_iter': 1000}, grid.best_score_=0.6142939814814814, grid.best_index_=28, acc=0.53125, time=573.7957699298859
20-06-2022 02:17:29|INFO|Is groups None: True 
20-06-2022 02:26:41|INFO|2/10|grid.best_params_={'C': 10000000000.0, 'gamma': 1e-09, 'kernel': 'rbf', 'max_iter': 1000}, grid.best_score_=0.6388888888888888, grid.best_index_=42, acc=0.3411458333333333, time=552.5804901123047
20-06-2022 02:26:41|INFO|Is groups None: True 
20-06-2022 02:35:51|INFO|3/10|grid.best_params_={'C': 1.0, 'gamma': 0.001, 'kernel': 'rbf', 'max_iter': 1000}, grid.best_score_=0.6539351851851851, grid.best_index_=10, acc=0.3489583333333333, time=550.1436479091644
20-06-2022 02:35:51|INFO|Is groups None: True 
20-06-2022 02:45:04|INFO|4/10|grid.best_params_={'C': 1000000.0, 'gamma': 1e-09, 'kernel': 'rbf', 'max_iter': 1000}, grid.best_score_=0.6116898148148149, grid.best_index_=28, acc=0.4817708333333333, time=552.2117078304291
20-06-2022 02:45:04|INFO|Is groups None: True 
20-06-2022 02:54:28|INFO|5/10|grid.best_params_={'C': 100000000.0, 'gamma': 1e-09, 'kernel': 'rbf', 'max_iter': 1000}, grid.best_score_=0.6281828703703705, grid.best_index_=35, acc=0.3854166666666667, time=564.1940398216248
20-06-2022 02:54:28|INFO|Is groups None: True 
20-06-2022 03:03:52|INFO|6/10|grid.best_params_={'C': 1000000.0, 'gamma': 1e-09, 'kernel': 'rbf', 'max_iter': 1000}, grid.best_score_=0.6140046296296297, grid.best_index_=28, acc=0.5052083333333334, time=564.2752389907837
20-06-2022 03:03:52|INFO|Is groups None: True 
20-06-2022 03:13:23|INFO|7/10|grid.best_params_={'C': 1000000.0, 'gamma': 1e-09, 'kernel': 'rbf', 'max_iter': 1000}, grid.best_score_=0.6021412037037037, grid.best_index_=28, acc=0.5755208333333334, time=571.3779890537262
20-06-2022 03:13:23|INFO|Is groups None: True 
20-06-2022 03:22:47|INFO|8/10|grid.best_params_={'C': 100000000.0, 'gamma': 1e-09, 'kernel': 'rbf', 'max_iter': 1000}, grid.best_score_=0.5969328703703705, grid.best_index_=35, acc=0.5416666666666666, time=563.2410485744476
20-06-2022 03:22:47|INFO|Is groups None: True 
20-06-2022 03:32:02|INFO|9/10|grid.best_params_={'C': 1000000.0, 'gamma': 1e-09, 'kernel': 'rbf', 'max_iter': 1000}, grid.best_score_=0.6174768518518519, grid.best_index_=28, acc=0.4817708333333333, time=555.6685700416565
20-06-2022 03:32:02|INFO|Is groups None: True 
20-06-2022 03:41:19|INFO|10/10|grid.best_params_={'C': 1000000.0, 'gamma': 1e-09, 'kernel': 'rbf', 'max_iter': 1000}, grid.best_score_=0.6137152777777778, grid.best_index_=28, acc=0.5390625, time=556.2189111709595
20-06-2022 03:41:19|INFO|all|10-CV=0.47318|STD=0.08038|Time spend=5637.308631658554
20-06-2022 03:41:19|INFO|final|10-CV=0.47318|STD=0.00000
20-06-2022 08:33:34|INFO|
    Running Command: 
        python3 main-ml.py --subject_setup independent --experimental_setup segment --stimuli_class arousal --preprocessing PCC_FREQ --segment_lenght 20 --output_log ./output/independent-segment-arousal-PCC_FREQ-20.log
    Starting training:
        segment_lenght:  20
        output_log:      ./output/independent-segment-arousal-PCC_FREQ-20.log
        stimuli_class:   arousal
        preprocessing:   PCC_FREQ
        subject_setup:   independent
        experimental_setup: segment
    
20-06-2022 08:33:34|INFO|final|10-CV=nan|STD=nan
