20-06-2022 14:36:07|INFO|
    Running Command: 
        python3 main-ml.py --subject_setup independent --experimental_setup segment --stimuli_class arousal --preprocessing PCC_FREQ --segment_lenght 12 --output_log ./output/independent-segment-arousal-PCC_FREQ-12.log
    Starting training:
        segment_lenght:  12
        output_log:      ./output/independent-segment-arousal-PCC_FREQ-12.log
        stimuli_class:   arousal
        preprocessing:   PCC_FREQ
        subject_setup:   independent
        experimental_setup: segment
    
20-06-2022 14:36:53|INFO|Running Split-First
20-06-2022 14:36:53|INFO|X.shape=(6400, 496), y.shape=(6400,), groups.shape=(6400,)
20-06-2022 14:36:53|INFO|Is groups None: True 
20-06-2022 14:54:13|INFO|1/10|grid.best_params_={'C': 10000000000.0, 'gamma': 1e-09, 'kernel': 'rbf', 'max_iter': 1000}, grid.best_score_=0.6065972222222222, grid.best_index_=42, acc=0.4140625, time=1040.7372465133667
20-06-2022 14:54:13|INFO|Is groups None: True 
20-06-2022 15:11:29|INFO|2/10|grid.best_params_={'C': 10000000000.0, 'gamma': 1e-09, 'kernel': 'rbf', 'max_iter': 1000}, grid.best_score_=0.6217013888888888, grid.best_index_=42, acc=0.3296875, time=1035.6402943134308
20-06-2022 15:11:29|INFO|Is groups None: True 
20-06-2022 15:29:16|INFO|3/10|grid.best_params_={'C': 10000000000.0, 'gamma': 1e-09, 'kernel': 'rbf', 'max_iter': 1000}, grid.best_score_=0.6434027777777778, grid.best_index_=42, acc=0.1046875, time=1067.4061229228973
20-06-2022 15:29:16|INFO|Is groups None: True 
20-06-2022 15:46:20|INFO|4/10|grid.best_params_={'C': 100000000.0, 'gamma': 1e-09, 'kernel': 'rbf', 'max_iter': 1000}, grid.best_score_=0.6017361111111111, grid.best_index_=35, acc=0.5015625, time=1023.4842936992645
20-06-2022 15:46:20|INFO|Is groups None: True 
20-06-2022 16:02:40|INFO|5/10|grid.best_params_={'C': 10000000000.0, 'gamma': 1e-09, 'kernel': 'rbf', 'max_iter': 1000}, grid.best_score_=0.617361111111111, grid.best_index_=42, acc=0.325, time=979.9974522590637
20-06-2022 16:02:40|INFO|Is groups None: True 
20-06-2022 16:19:00|INFO|6/10|grid.best_params_={'C': 100000000.0, 'gamma': 1e-09, 'kernel': 'rbf', 'max_iter': 1000}, grid.best_score_=0.6138888888888889, grid.best_index_=35, acc=0.4078125, time=979.9582321643829
20-06-2022 16:19:00|INFO|Is groups None: True 
20-06-2022 16:35:32|INFO|7/10|grid.best_params_={'C': 100000000.0, 'gamma': 1e-09, 'kernel': 'rbf', 'max_iter': 1000}, grid.best_score_=0.5953124999999999, grid.best_index_=35, acc=0.6390625, time=992.4596245288849
20-06-2022 16:35:32|INFO|Is groups None: True 
20-06-2022 16:51:55|INFO|8/10|grid.best_params_={'C': 100000000.0, 'gamma': 1e-09, 'kernel': 'rbf', 'max_iter': 1000}, grid.best_score_=0.5961805555555556, grid.best_index_=35, acc=0.615625, time=982.3188242912292
20-06-2022 16:51:55|INFO|Is groups None: True 
20-06-2022 17:08:15|INFO|9/10|grid.best_params_={'C': 10000000000.0, 'gamma': 1e-09, 'kernel': 'rbf', 'max_iter': 1000}, grid.best_score_=0.6107638888888888, grid.best_index_=42, acc=0.5015625, time=980.3018033504486
20-06-2022 17:08:15|INFO|Is groups None: True 
20-06-2022 17:24:39|INFO|10/10|grid.best_params_={'C': 10000000000.0, 'gamma': 1e-09, 'kernel': 'rbf', 'max_iter': 1000}, grid.best_score_=0.6133680555555556, grid.best_index_=42, acc=0.425, time=983.7492034435272
20-06-2022 17:24:39|INFO|all|10-CV=0.42641|STD=0.14696|Time spend=10112.1164727211
20-06-2022 17:24:39|INFO|final|10-CV=0.42641|STD=0.00000
