04-09-2022 01:37:22|INFO|
    Running Command: 
        python3 main-ml.py --subject_setup dependent --experimental_setup segment --stimuli_class arousal --preprocessing DCAU --segment_lenght 60 --output_log ./output/dependent-segment-arousal-DCAU-60.log
    Starting training:
        segment_lenght:  60
        output_log:      ./output/dependent-segment-arousal-DCAU-60.log
        stimuli_class:   arousal
        preprocessing:   DCAU
        subject_setup:   dependent
        experimental_setup: segment
    
04-09-2022 01:37:22|INFO|Running Split-First
04-09-2022 01:37:22|INFO|X.shape=(40, 11), y.shape=(40,), groups.shape=(40,)
04-09-2022 01:37:22|INFO|Is groups None: True 
04-09-2022 01:37:42|INFO|1/10|grid.best_params_={'C': 0.01, 'gamma': 1e-09, 'kernel': 'rbf', 'max_iter': 1000}, grid.best_score_=0.5833333333333334, grid.best_index_=0, acc=0.75, time=19.706308841705322
04-09-2022 01:37:42|INFO|Is groups None: True 
04-09-2022 01:37:42|INFO|2/10|grid.best_params_={'C': 1000000.0, 'gamma': 1e-05, 'kernel': 'rbf', 'max_iter': 1000}, grid.best_score_=0.6944444444444444, grid.best_index_=30, acc=0.0, time=0.24776124954223633
04-09-2022 01:37:42|INFO|Is groups None: True 
04-09-2022 01:37:42|INFO|3/10|grid.best_params_={'C': 0.01, 'gamma': 1e-09, 'kernel': 'rbf', 'max_iter': 1000}, grid.best_score_=0.5833333333333334, grid.best_index_=0, acc=0.75, time=0.21431946754455566
04-09-2022 01:37:42|INFO|Is groups None: True 
04-09-2022 01:37:43|INFO|4/10|grid.best_params_={'C': 0.01, 'gamma': 1e-09, 'kernel': 'rbf', 'max_iter': 1000}, grid.best_score_=0.5833333333333334, grid.best_index_=0, acc=0.75, time=0.2175917625427246
04-09-2022 01:37:43|INFO|Is groups None: True 
04-09-2022 01:37:43|INFO|5/10|grid.best_params_={'C': 0.01, 'gamma': 1e-09, 'kernel': 'rbf', 'max_iter': 1000}, grid.best_score_=0.6111111111111112, grid.best_index_=0, acc=0.5, time=0.37999773025512695
04-09-2022 01:37:43|INFO|Is groups None: True 
04-09-2022 01:37:43|INFO|6/10|grid.best_params_={'C': 10000000000.0, 'gamma': 1e-09, 'kernel': 'rbf', 'max_iter': 1000}, grid.best_score_=0.6388888888888888, grid.best_index_=42, acc=0.5, time=0.20253205299377441
04-09-2022 01:37:43|INFO|Is groups None: True 
04-09-2022 01:37:43|INFO|7/10|grid.best_params_={'C': 0.01, 'gamma': 1e-09, 'kernel': 'rbf', 'max_iter': 1000}, grid.best_score_=0.6111111111111112, grid.best_index_=0, acc=0.5, time=0.21038293838500977
04-09-2022 01:37:43|INFO|Is groups None: True 
04-09-2022 01:37:44|INFO|8/10|grid.best_params_={'C': 0.01, 'gamma': 1e-09, 'kernel': 'rbf', 'max_iter': 1000}, grid.best_score_=0.6111111111111112, grid.best_index_=0, acc=0.5, time=0.2124471664428711
04-09-2022 01:37:44|INFO|Is groups None: True 
04-09-2022 01:37:44|INFO|9/10|grid.best_params_={'C': 0.01, 'gamma': 1e-09, 'kernel': 'rbf', 'max_iter': 1000}, grid.best_score_=0.6111111111111112, grid.best_index_=0, acc=0.5, time=0.3368973731994629
04-09-2022 01:37:44|INFO|Is groups None: True 
04-09-2022 01:37:44|INFO|10/10|grid.best_params_={'C': 0.01, 'gamma': 1e-09, 'kernel': 'rbf', 'max_iter': 1000}, grid.best_score_=0.6111111111111112, grid.best_index_=0, acc=0.5, time=0.20719671249389648
04-09-2022 01:37:44|INFO|s01|10-CV=0.52500|STD=0.20767|Time spend=22.427048444747925
04-09-2022 01:37:45|INFO|Running Split-First
04-09-2022 01:37:45|INFO|X.shape=(40, 11), y.shape=(40,), groups.shape=(40,)
04-09-2022 01:37:45|INFO|Is groups None: True 
04-09-2022 01:37:45|INFO|1/10|grid.best_params_={'C': 10000000000.0, 'gamma': 1e-07, 'kernel': 'rbf', 'max_iter': 1000}, grid.best_score_=0.6111111111111112, grid.best_index_=43, acc=0.25, time=0.2148575782775879
04-09-2022 01:37:45|INFO|Is groups None: True 
04-09-2022 01:37:45|INFO|2/10|grid.best_params_={'C': 100000000.0, 'gamma': 1e-05, 'kernel': 'rbf', 'max_iter': 1000}, grid.best_score_=0.6944444444444444, grid.best_index_=37, acc=0.75, time=0.20247411727905273
04-09-2022 01:37:45|INFO|Is groups None: True 
04-09-2022 01:37:45|INFO|3/10|grid.best_params_={'C': 100.0, 'gamma': 0.1, 'kernel': 'rbf', 'max_iter': 1000}, grid.best_score_=0.6944444444444444, grid.best_index_=18, acc=0.75, time=0.19618844985961914
04-09-2022 01:37:45|INFO|Is groups None: True 
04-09-2022 01:37:45|INFO|4/10|grid.best_params_={'C': 100.0, 'gamma': 0.1, 'kernel': 'rbf', 'max_iter': 1000}, grid.best_score_=0.6944444444444444, grid.best_index_=18, acc=0.75, time=0.2760758399963379
04-09-2022 01:37:45|INFO|Is groups None: True 
04-09-2022 01:37:46|INFO|5/10|grid.best_params_={'C': 1000000.0, 'gamma': 0.001, 'kernel': 'rbf', 'max_iter': 1000}, grid.best_score_=0.6666666666666666, grid.best_index_=31, acc=0.25, time=0.2127528190612793
04-09-2022 01:37:46|INFO|Is groups None: True 
04-09-2022 01:37:46|INFO|6/10|grid.best_params_={'C': 0.01, 'gamma': 1e-09, 'kernel': 'rbf', 'max_iter': 1000}, grid.best_score_=0.6111111111111112, grid.best_index_=0, acc=0.5, time=0.20598316192626953
04-09-2022 01:37:46|INFO|Is groups None: True 
04-09-2022 01:37:46|INFO|7/10|grid.best_params_={'C': 0.01, 'gamma': 1e-09, 'kernel': 'rbf', 'max_iter': 1000}, grid.best_score_=0.6111111111111112, grid.best_index_=0, acc=0.5, time=0.379436731338501
04-09-2022 01:37:46|INFO|Is groups None: True 
04-09-2022 01:37:46|INFO|8/10|grid.best_params_={'C': 0.01, 'gamma': 1e-09, 'kernel': 'rbf', 'max_iter': 1000}, grid.best_score_=0.6111111111111112, grid.best_index_=0, acc=0.5, time=0.2404632568359375
04-09-2022 01:37:46|INFO|Is groups None: True 
04-09-2022 01:37:47|INFO|9/10|grid.best_params_={'C': 100.0, 'gamma': 0.1, 'kernel': 'rbf', 'max_iter': 1000}, grid.best_score_=0.6666666666666666, grid.best_index_=18, acc=0.25, time=0.20498442649841309
04-09-2022 01:37:47|INFO|Is groups None: True 
04-09-2022 01:37:47|INFO|10/10|grid.best_params_={'C': 0.01, 'gamma': 1e-09, 'kernel': 'rbf', 'max_iter': 1000}, grid.best_score_=0.6111111111111112, grid.best_index_=0, acc=0.5, time=0.3274509906768799
04-09-2022 01:37:47|INFO|s02|10-CV=0.50000|STD=0.19365|Time spend=2.8479881286621094
04-09-2022 01:37:47|INFO|Running Split-First
04-09-2022 01:37:47|INFO|X.shape=(40, 11), y.shape=(40,), groups.shape=(40,)
04-09-2022 01:37:47|INFO|Is groups None: True 
04-09-2022 01:37:48|INFO|1/10|grid.best_params_={'C': 0.01, 'gamma': 1e-09, 'kernel': 'rbf', 'max_iter': 1000}, grid.best_score_=0.7777777777777778, grid.best_index_=0, acc=1.0, time=0.2996702194213867
04-09-2022 01:37:48|INFO|Is groups None: True 
04-09-2022 01:37:48|INFO|2/10|grid.best_params_={'C': 0.01, 'gamma': 1e-09, 'kernel': 'rbf', 'max_iter': 1000}, grid.best_score_=0.7777777777777778, grid.best_index_=0, acc=1.0, time=0.2142622470855713
04-09-2022 01:37:48|INFO|Is groups None: True 
04-09-2022 01:37:48|INFO|3/10|grid.best_params_={'C': 0.01, 'gamma': 1e-09, 'kernel': 'rbf', 'max_iter': 1000}, grid.best_score_=0.8055555555555556, grid.best_index_=0, acc=0.75, time=0.20038294792175293
04-09-2022 01:37:48|INFO|Is groups None: True 
04-09-2022 01:37:48|INFO|4/10|grid.best_params_={'C': 0.01, 'gamma': 1e-09, 'kernel': 'rbf', 'max_iter': 1000}, grid.best_score_=0.8055555555555556, grid.best_index_=0, acc=0.75, time=0.34799933433532715
04-09-2022 01:37:48|INFO|Is groups None: True 
04-09-2022 01:37:49|INFO|5/10|grid.best_params_={'C': 0.01, 'gamma': 1e-09, 'kernel': 'rbf', 'max_iter': 1000}, grid.best_score_=0.8055555555555556, grid.best_index_=0, acc=0.75, time=0.21225905418395996
04-09-2022 01:37:49|INFO|Is groups None: True 
04-09-2022 01:37:49|INFO|6/10|grid.best_params_={'C': 0.01, 'gamma': 1e-09, 'kernel': 'rbf', 'max_iter': 1000}, grid.best_score_=0.8055555555555556, grid.best_index_=0, acc=0.75, time=0.21695828437805176
04-09-2022 01:37:49|INFO|Is groups None: True 
04-09-2022 01:37:49|INFO|7/10|grid.best_params_={'C': 0.01, 'gamma': 1e-09, 'kernel': 'rbf', 'max_iter': 1000}, grid.best_score_=0.8055555555555556, grid.best_index_=0, acc=0.75, time=0.2048954963684082
04-09-2022 01:37:49|INFO|Is groups None: True 
04-09-2022 01:37:49|INFO|8/10|grid.best_params_={'C': 0.01, 'gamma': 1e-09, 'kernel': 'rbf', 'max_iter': 1000}, grid.best_score_=0.8055555555555556, grid.best_index_=0, acc=0.75, time=0.32390689849853516
04-09-2022 01:37:49|INFO|Is groups None: True 
04-09-2022 01:37:50|INFO|9/10|grid.best_params_={'C': 0.01, 'gamma': 1e-09, 'kernel': 'rbf', 'max_iter': 1000}, grid.best_score_=0.8055555555555556, grid.best_index_=0, acc=0.75, time=0.22115659713745117
04-09-2022 01:37:50|INFO|Is groups None: True 
04-09-2022 01:37:50|INFO|10/10|grid.best_params_={'C': 0.01, 'gamma': 1e-09, 'kernel': 'rbf', 'max_iter': 1000}, grid.best_score_=0.8055555555555556, grid.best_index_=0, acc=0.75, time=0.2356858253479004
04-09-2022 01:37:50|INFO|s03|10-CV=0.80000|STD=0.10000|Time spend=2.843233346939087
04-09-2022 01:37:50|INFO|Running Split-First
04-09-2022 01:37:50|INFO|X.shape=(40, 11), y.shape=(40,), groups.shape=(40,)
04-09-2022 01:37:50|INFO|Is groups None: True 
04-09-2022 01:37:50|INFO|1/10|grid.best_params_={'C': 10000.0, 'gamma': 1e-05, 'kernel': 'rbf', 'max_iter': 1000}, grid.best_score_=0.75, grid.best_index_=23, acc=1.0, time=0.23405957221984863
04-09-2022 01:37:51|INFO|Is groups None: True 
04-09-2022 01:37:51|INFO|2/10|grid.best_params_={'C': 100.0, 'gamma': 0.001, 'kernel': 'rbf', 'max_iter': 1000}, grid.best_score_=0.75, grid.best_index_=17, acc=0.5, time=0.23608779907226562
04-09-2022 01:37:51|INFO|Is groups None: True 
04-09-2022 01:37:51|INFO|3/10|grid.best_params_={'C': 1000000.0, 'gamma': 0.001, 'kernel': 'rbf', 'max_iter': 1000}, grid.best_score_=0.7777777777777778, grid.best_index_=31, acc=0.25, time=0.2392277717590332
04-09-2022 01:37:51|INFO|Is groups None: True 
04-09-2022 01:37:52|INFO|4/10|grid.best_params_={'C': 1000000.0, 'gamma': 1e-05, 'kernel': 'rbf', 'max_iter': 1000}, grid.best_score_=0.75, grid.best_index_=30, acc=0.75, time=0.5380284786224365
04-09-2022 01:37:52|INFO|Is groups None: True 
04-09-2022 01:37:52|INFO|5/10|grid.best_params_={'C': 100000000.0, 'gamma': 1e-07, 'kernel': 'rbf', 'max_iter': 1000}, grid.best_score_=0.7222222222222222, grid.best_index_=36, acc=1.0, time=0.23037266731262207
04-09-2022 01:37:52|INFO|Is groups None: True 
04-09-2022 01:37:52|INFO|6/10|grid.best_params_={'C': 100000000.0, 'gamma': 1e-07, 'kernel': 'rbf', 'max_iter': 1000}, grid.best_score_=0.8055555555555556, grid.best_index_=36, acc=0.5, time=0.23812603950500488
04-09-2022 01:37:52|INFO|Is groups None: True 
04-09-2022 01:37:53|INFO|7/10|grid.best_params_={'C': 1000000.0, 'gamma': 1e-07, 'kernel': 'rbf', 'max_iter': 1000}, grid.best_score_=0.7777777777777778, grid.best_index_=29, acc=0.5, time=0.5732202529907227
04-09-2022 01:37:53|INFO|Is groups None: True 
04-09-2022 01:37:53|INFO|8/10|grid.best_params_={'C': 100.0, 'gamma': 0.001, 'kernel': 'rbf', 'max_iter': 1000}, grid.best_score_=0.75, grid.best_index_=17, acc=0.75, time=0.23480916023254395
04-09-2022 01:37:53|INFO|Is groups None: True 
04-09-2022 01:37:53|INFO|9/10|grid.best_params_={'C': 10000.0, 'gamma': 1e-05, 'kernel': 'rbf', 'max_iter': 1000}, grid.best_score_=0.75, grid.best_index_=23, acc=0.75, time=0.23583054542541504
04-09-2022 01:37:53|INFO|Is groups None: True 
04-09-2022 01:37:54|INFO|10/10|grid.best_params_={'C': 100000000.0, 'gamma': 1e-07, 'kernel': 'rbf', 'max_iter': 1000}, grid.best_score_=0.7777777777777778, grid.best_index_=36, acc=0.75, time=0.469451904296875
04-09-2022 01:37:54|INFO|s04|10-CV=0.67500|STD=0.22500|Time spend=3.695753574371338
04-09-2022 01:37:54|INFO|Running Split-First
04-09-2022 01:37:54|INFO|X.shape=(40, 11), y.shape=(40,), groups.shape=(40,)
04-09-2022 01:37:54|INFO|Is groups None: True 
04-09-2022 01:37:54|INFO|1/10|grid.best_params_={'C': 0.01, 'gamma': 1e-09, 'kernel': 'rbf', 'max_iter': 1000}, grid.best_score_=0.5, grid.best_index_=0, acc=0.0, time=0.23836612701416016
04-09-2022 01:37:54|INFO|Is groups None: True 
04-09-2022 01:37:54|INFO|2/10|grid.best_params_={'C': 10000000000.0, 'gamma': 1e-07, 'kernel': 'rbf', 'max_iter': 1000}, grid.best_score_=0.6111111111111112, grid.best_index_=43, acc=0.5, time=0.22986555099487305
04-09-2022 01:37:54|INFO|Is groups None: True 
04-09-2022 01:37:55|INFO|3/10|grid.best_params_={'C': 0.01, 'gamma': 0.1, 'kernel': 'rbf', 'max_iter': 1000}, grid.best_score_=0.5277777777777778, grid.best_index_=4, acc=0.5, time=0.22590208053588867
04-09-2022 01:37:55|INFO|Is groups None: True 
04-09-2022 01:37:55|INFO|4/10|grid.best_params_={'C': 0.01, 'gamma': 0.1, 'kernel': 'rbf', 'max_iter': 1000}, grid.best_score_=0.5277777777777778, grid.best_index_=4, acc=0.5, time=0.5630154609680176
04-09-2022 01:37:55|INFO|Is groups None: True 
04-09-2022 01:37:55|INFO|5/10|grid.best_params_={'C': 1000000.0, 'gamma': 1e-07, 'kernel': 'rbf', 'max_iter': 1000}, grid.best_score_=0.5555555555555556, grid.best_index_=29, acc=0.0, time=0.2289574146270752
04-09-2022 01:37:55|INFO|Is groups None: True 
04-09-2022 01:37:56|INFO|6/10|grid.best_params_={'C': 0.01, 'gamma': 0.1, 'kernel': 'rbf', 'max_iter': 1000}, grid.best_score_=0.5, grid.best_index_=4, acc=0.5, time=0.22300148010253906
04-09-2022 01:37:56|INFO|Is groups None: True 
04-09-2022 01:37:56|INFO|7/10|grid.best_params_={'C': 1.0, 'gamma': 0.1, 'kernel': 'rbf', 'max_iter': 1000}, grid.best_score_=0.5277777777777778, grid.best_index_=11, acc=0.5, time=0.5189387798309326
04-09-2022 01:37:56|INFO|Is groups None: True 
04-09-2022 01:37:56|INFO|8/10|grid.best_params_={'C': 10000000000.0, 'gamma': 1e-09, 'kernel': 'rbf', 'max_iter': 1000}, grid.best_score_=0.5277777777777778, grid.best_index_=42, acc=0.5, time=0.22973227500915527
04-09-2022 01:37:56|INFO|Is groups None: True 
04-09-2022 01:37:57|INFO|9/10|grid.best_params_={'C': 100.0, 'gamma': 0.001, 'kernel': 'rbf', 'max_iter': 1000}, grid.best_score_=0.5277777777777778, grid.best_index_=17, acc=0.5, time=0.2389528751373291
04-09-2022 01:37:57|INFO|Is groups None: True 
04-09-2022 01:37:57|INFO|10/10|grid.best_params_={'C': 1.0, 'gamma': 0.1, 'kernel': 'rbf', 'max_iter': 1000}, grid.best_score_=0.5555555555555556, grid.best_index_=11, acc=0.5, time=0.5566768646240234
04-09-2022 01:37:57|INFO|s05|10-CV=0.40000|STD=0.20000|Time spend=3.658370018005371
04-09-2022 01:37:58|INFO|Running Split-First
04-09-2022 01:37:58|INFO|X.shape=(40, 11), y.shape=(40,), groups.shape=(40,)
04-09-2022 01:37:58|INFO|Is groups None: True 
04-09-2022 01:37:58|INFO|1/10|grid.best_params_={'C': 100.0, 'gamma': 0.001, 'kernel': 'rbf', 'max_iter': 1000}, grid.best_score_=0.5833333333333334, grid.best_index_=17, acc=0.25, time=0.23853063583374023
04-09-2022 01:37:58|INFO|Is groups None: True 
04-09-2022 01:37:58|INFO|2/10|grid.best_params_={'C': 100000000.0, 'gamma': 1e-09, 'kernel': 'rbf', 'max_iter': 1000}, grid.best_score_=0.5833333333333334, grid.best_index_=35, acc=0.75, time=0.2310638427734375
04-09-2022 01:37:58|INFO|Is groups None: True 
04-09-2022 01:37:58|INFO|3/10|grid.best_params_={'C': 100.0, 'gamma': 0.1, 'kernel': 'rbf', 'max_iter': 1000}, grid.best_score_=0.6111111111111112, grid.best_index_=18, acc=0.5, time=0.23657870292663574
04-09-2022 01:37:58|INFO|Is groups None: True 
04-09-2022 01:37:59|INFO|4/10|grid.best_params_={'C': 0.01, 'gamma': 1e-09, 'kernel': 'rbf', 'max_iter': 1000}, grid.best_score_=0.5833333333333334, grid.best_index_=0, acc=0.5, time=0.5097403526306152
04-09-2022 01:37:59|INFO|Is groups None: True 
04-09-2022 01:37:59|INFO|5/10|grid.best_params_={'C': 0.01, 'gamma': 1e-09, 'kernel': 'rbf', 'max_iter': 1000}, grid.best_score_=0.5833333333333334, grid.best_index_=0, acc=0.5, time=0.23816347122192383
04-09-2022 01:37:59|INFO|Is groups None: True 
04-09-2022 01:38:00|INFO|6/10|grid.best_params_={'C': 0.01, 'gamma': 1e-09, 'kernel': 'rbf', 'max_iter': 1000}, grid.best_score_=0.5833333333333334, grid.best_index_=0, acc=0.5, time=0.6129491329193115
04-09-2022 01:38:00|INFO|Is groups None: True 
04-09-2022 01:38:00|INFO|7/10|grid.best_params_={'C': 1000000.0, 'gamma': 1e-07, 'kernel': 'rbf', 'max_iter': 1000}, grid.best_score_=0.6388888888888888, grid.best_index_=29, acc=0.5, time=0.2525210380554199
04-09-2022 01:38:00|INFO|Is groups None: True 
04-09-2022 01:38:00|INFO|8/10|grid.best_params_={'C': 1.0, 'gamma': 0.1, 'kernel': 'rbf', 'max_iter': 1000}, grid.best_score_=0.6111111111111112, grid.best_index_=11, acc=0.25, time=0.22199153900146484
04-09-2022 01:38:00|INFO|Is groups None: True 
04-09-2022 01:38:01|INFO|9/10|grid.best_params_={'C': 0.01, 'gamma': 1e-09, 'kernel': 'rbf', 'max_iter': 1000}, grid.best_score_=0.5833333333333334, grid.best_index_=0, acc=0.5, time=0.5178494453430176
04-09-2022 01:38:01|INFO|Is groups None: True 
04-09-2022 01:38:01|INFO|10/10|grid.best_params_={'C': 0.01, 'gamma': 1e-09, 'kernel': 'rbf', 'max_iter': 1000}, grid.best_score_=0.5833333333333334, grid.best_index_=0, acc=0.5, time=0.22035622596740723
04-09-2022 01:38:01|INFO|s06|10-CV=0.47500|STD=0.13463|Time spend=3.6599626541137695
04-09-2022 01:38:01|INFO|Running Split-First
04-09-2022 01:38:01|INFO|X.shape=(40, 11), y.shape=(40,), groups.shape=(40,)
04-09-2022 01:38:01|INFO|Is groups None: True 
04-09-2022 01:38:01|INFO|1/10|grid.best_params_={'C': 0.01, 'gamma': 1e-09, 'kernel': 'rbf', 'max_iter': 1000}, grid.best_score_=0.6388888888888888, grid.best_index_=0, acc=0.5, time=0.23714470863342285
04-09-2022 01:38:02|INFO|Is groups None: True 
04-09-2022 01:38:02|INFO|2/10|grid.best_params_={'C': 100000000.0, 'gamma': 1e-09, 'kernel': 'rbf', 'max_iter': 1000}, grid.best_score_=0.6944444444444444, grid.best_index_=35, acc=0.5, time=0.23202180862426758
04-09-2022 01:38:02|INFO|Is groups None: True 
04-09-2022 01:38:02|INFO|3/10|grid.best_params_={'C': 0.01, 'gamma': 1e-09, 'kernel': 'rbf', 'max_iter': 1000}, grid.best_score_=0.6388888888888888, grid.best_index_=0, acc=0.5, time=0.5350472927093506
04-09-2022 01:38:02|INFO|Is groups None: True 
04-09-2022 01:38:03|INFO|4/10|grid.best_params_={'C': 0.01, 'gamma': 1e-09, 'kernel': 'rbf', 'max_iter': 1000}, grid.best_score_=0.6388888888888888, grid.best_index_=0, acc=0.5, time=0.23497629165649414
04-09-2022 01:38:03|INFO|Is groups None: True 
04-09-2022 01:38:03|INFO|5/10|grid.best_params_={'C': 0.01, 'gamma': 1e-09, 'kernel': 'rbf', 'max_iter': 1000}, grid.best_score_=0.6388888888888888, grid.best_index_=0, acc=0.5, time=0.23920679092407227
04-09-2022 01:38:03|INFO|Is groups None: True 
04-09-2022 01:38:03|INFO|6/10|grid.best_params_={'C': 0.01, 'gamma': 1e-09, 'kernel': 'rbf', 'max_iter': 1000}, grid.best_score_=0.6111111111111112, grid.best_index_=0, acc=0.75, time=0.49382734298706055
04-09-2022 01:38:03|INFO|Is groups None: True 
04-09-2022 01:38:03|INFO|7/10|grid.best_params_={'C': 100000000.0, 'gamma': 1e-09, 'kernel': 'rbf', 'max_iter': 1000}, grid.best_score_=0.6388888888888888, grid.best_index_=35, acc=0.75, time=0.22518539428710938
04-09-2022 01:38:04|INFO|Is groups None: True 
04-09-2022 01:38:04|INFO|8/10|grid.best_params_={'C': 0.01, 'gamma': 1e-09, 'kernel': 'rbf', 'max_iter': 1000}, grid.best_score_=0.6111111111111112, grid.best_index_=0, acc=0.75, time=0.2206864356994629
04-09-2022 01:38:04|INFO|Is groups None: True 
04-09-2022 01:38:04|INFO|9/10|grid.best_params_={'C': 100.0, 'gamma': 0.001, 'kernel': 'rbf', 'max_iter': 1000}, grid.best_score_=0.6944444444444444, grid.best_index_=17, acc=0.5, time=0.5438930988311768
04-09-2022 01:38:04|INFO|Is groups None: True 
04-09-2022 01:38:04|INFO|10/10|grid.best_params_={'C': 100.0, 'gamma': 0.1, 'kernel': 'rbf', 'max_iter': 1000}, grid.best_score_=0.6388888888888888, grid.best_index_=18, acc=0.25, time=0.21196436882019043
04-09-2022 01:38:04|INFO|s07|10-CV=0.55000|STD=0.15000|Time spend=3.61924147605896
04-09-2022 01:38:05|INFO|Running Split-First
04-09-2022 01:38:05|INFO|X.shape=(40, 11), y.shape=(40,), groups.shape=(40,)
04-09-2022 01:38:05|INFO|Is groups None: True 
04-09-2022 01:38:05|INFO|1/10|grid.best_params_={'C': 0.01, 'gamma': 1e-09, 'kernel': 'rbf', 'max_iter': 1000}, grid.best_score_=0.5555555555555556, grid.best_index_=0, acc=0.75, time=0.23567676544189453
04-09-2022 01:38:05|INFO|Is groups None: True 
04-09-2022 01:38:05|INFO|2/10|grid.best_params_={'C': 10000.0, 'gamma': 1e-05, 'kernel': 'rbf', 'max_iter': 1000}, grid.best_score_=0.5833333333333334, grid.best_index_=23, acc=0.5, time=0.23273587226867676
04-09-2022 01:38:05|INFO|Is groups None: True 
04-09-2022 01:38:06|INFO|3/10|grid.best_params_={'C': 1000000.0, 'gamma': 1e-05, 'kernel': 'rbf', 'max_iter': 1000}, grid.best_score_=0.6388888888888888, grid.best_index_=30, acc=0.75, time=0.5785503387451172
04-09-2022 01:38:06|INFO|Is groups None: True 
04-09-2022 01:38:06|INFO|4/10|grid.best_params_={'C': 1000000.0, 'gamma': 1e-07, 'kernel': 'rbf', 'max_iter': 1000}, grid.best_score_=0.6111111111111112, grid.best_index_=29, acc=0.5, time=0.2473433017730713
04-09-2022 01:38:06|INFO|Is groups None: True 
04-09-2022 01:38:06|INFO|5/10|grid.best_params_={'C': 100.0, 'gamma': 0.001, 'kernel': 'rbf', 'max_iter': 1000}, grid.best_score_=0.6111111111111112, grid.best_index_=17, acc=0.5, time=0.22305560111999512
04-09-2022 01:38:06|INFO|Is groups None: True 
04-09-2022 01:38:07|INFO|6/10|grid.best_params_={'C': 0.01, 'gamma': 1e-09, 'kernel': 'rbf', 'max_iter': 1000}, grid.best_score_=0.5833333333333334, grid.best_index_=0, acc=0.5, time=0.45438671112060547
04-09-2022 01:38:07|INFO|Is groups None: True 
04-09-2022 01:38:07|INFO|7/10|grid.best_params_={'C': 0.01, 'gamma': 1e-09, 'kernel': 'rbf', 'max_iter': 1000}, grid.best_score_=0.5833333333333334, grid.best_index_=0, acc=0.5, time=0.22781634330749512
04-09-2022 01:38:07|INFO|Is groups None: True 
04-09-2022 01:38:07|INFO|8/10|grid.best_params_={'C': 0.01, 'gamma': 1e-09, 'kernel': 'rbf', 'max_iter': 1000}, grid.best_score_=0.5833333333333334, grid.best_index_=0, acc=0.5, time=0.2299213409423828
04-09-2022 01:38:07|INFO|Is groups None: True 
04-09-2022 01:38:08|INFO|9/10|grid.best_params_={'C': 100000000.0, 'gamma': 1e-07, 'kernel': 'rbf', 'max_iter': 1000}, grid.best_score_=0.6388888888888888, grid.best_index_=36, acc=0.5, time=0.5020105838775635
04-09-2022 01:38:08|INFO|Is groups None: True 
04-09-2022 01:38:08|INFO|10/10|grid.best_params_={'C': 0.01, 'gamma': 1e-09, 'kernel': 'rbf', 'max_iter': 1000}, grid.best_score_=0.5833333333333334, grid.best_index_=0, acc=0.5, time=0.22206878662109375
04-09-2022 01:38:08|INFO|s08|10-CV=0.55000|STD=0.10000|Time spend=3.591895818710327
04-09-2022 01:38:08|INFO|Running Split-First
04-09-2022 01:38:08|INFO|X.shape=(40, 11), y.shape=(40,), groups.shape=(40,)
04-09-2022 01:38:08|INFO|Is groups None: True 
04-09-2022 01:38:09|INFO|1/10|grid.best_params_={'C': 100000000.0, 'gamma': 1e-07, 'kernel': 'rbf', 'max_iter': 1000}, grid.best_score_=0.6944444444444444, grid.best_index_=36, acc=0.0, time=0.2576026916503906
04-09-2022 01:38:09|INFO|Is groups None: True 
04-09-2022 01:38:09|INFO|2/10|grid.best_params_={'C': 100000000.0, 'gamma': 1e-05, 'kernel': 'rbf', 'max_iter': 1000}, grid.best_score_=0.6944444444444444, grid.best_index_=37, acc=0.75, time=0.2343137264251709
04-09-2022 01:38:09|INFO|Is groups None: True 
04-09-2022 01:38:09|INFO|3/10|grid.best_params_={'C': 1000000.0, 'gamma': 1e-05, 'kernel': 'rbf', 'max_iter': 1000}, grid.best_score_=0.6666666666666666, grid.best_index_=30, acc=0.75, time=0.23930048942565918
04-09-2022 01:38:09|INFO|Is groups None: True 
04-09-2022 01:38:10|INFO|4/10|grid.best_params_={'C': 100000000.0, 'gamma': 1e-07, 'kernel': 'rbf', 'max_iter': 1000}, grid.best_score_=0.6944444444444444, grid.best_index_=36, acc=1.0, time=0.5610907077789307
04-09-2022 01:38:10|INFO|Is groups None: True 
04-09-2022 01:38:10|INFO|5/10|grid.best_params_={'C': 10000000000.0, 'gamma': 1e-07, 'kernel': 'rbf', 'max_iter': 1000}, grid.best_score_=0.6666666666666666, grid.best_index_=43, acc=0.75, time=0.2309868335723877
04-09-2022 01:38:10|INFO|Is groups None: True 
04-09-2022 01:38:10|INFO|6/10|grid.best_params_={'C': 1000000.0, 'gamma': 1e-05, 'kernel': 'rbf', 'max_iter': 1000}, grid.best_score_=0.7222222222222222, grid.best_index_=30, acc=0.25, time=0.3885176181793213
04-09-2022 01:38:10|INFO|Is groups None: True 
04-09-2022 01:38:11|INFO|7/10|grid.best_params_={'C': 100.0, 'gamma': 0.1, 'kernel': 'rbf', 'max_iter': 1000}, grid.best_score_=0.6666666666666666, grid.best_index_=18, acc=0.25, time=0.24213051795959473
04-09-2022 01:38:11|INFO|Is groups None: True 
04-09-2022 01:38:11|INFO|8/10|grid.best_params_={'C': 0.01, 'gamma': 1e-09, 'kernel': 'rbf', 'max_iter': 1000}, grid.best_score_=0.5833333333333334, grid.best_index_=0, acc=0.75, time=0.2334890365600586
04-09-2022 01:38:11|INFO|Is groups None: True 
04-09-2022 01:38:11|INFO|9/10|grid.best_params_={'C': 0.01, 'gamma': 1e-09, 'kernel': 'rbf', 'max_iter': 1000}, grid.best_score_=0.5833333333333334, grid.best_index_=0, acc=0.75, time=0.5282776355743408
04-09-2022 01:38:11|INFO|Is groups None: True 
04-09-2022 01:38:12|INFO|10/10|grid.best_params_={'C': 0.01, 'gamma': 1e-09, 'kernel': 'rbf', 'max_iter': 1000}, grid.best_score_=0.5833333333333334, grid.best_index_=0, acc=0.75, time=0.22596526145935059
04-09-2022 01:38:12|INFO|s09|10-CV=0.60000|STD=0.30000|Time spend=3.6103789806365967
04-09-2022 01:38:12|INFO|Running Split-First
04-09-2022 01:38:12|INFO|X.shape=(40, 11), y.shape=(40,), groups.shape=(40,)
04-09-2022 01:38:12|INFO|Is groups None: True 
04-09-2022 01:38:12|INFO|1/10|grid.best_params_={'C': 100000000.0, 'gamma': 1e-09, 'kernel': 'rbf', 'max_iter': 1000}, grid.best_score_=0.6944444444444444, grid.best_index_=35, acc=0.5, time=0.2138526439666748
04-09-2022 01:38:12|INFO|Is groups None: True 
04-09-2022 01:38:13|INFO|2/10|grid.best_params_={'C': 1000000.0, 'gamma': 0.001, 'kernel': 'rbf', 'max_iter': 1000}, grid.best_score_=0.7222222222222222, grid.best_index_=31, acc=0.5, time=0.23428964614868164
04-09-2022 01:38:13|INFO|Is groups None: True 
04-09-2022 01:38:13|INFO|3/10|grid.best_params_={'C': 100000000.0, 'gamma': 1e-09, 'kernel': 'rbf', 'max_iter': 1000}, grid.best_score_=0.7222222222222222, grid.best_index_=35, acc=0.5, time=0.23733067512512207
04-09-2022 01:38:13|INFO|Is groups None: True 
04-09-2022 01:38:13|INFO|4/10|grid.best_params_={'C': 1000000.0, 'gamma': 0.001, 'kernel': 'rbf', 'max_iter': 1000}, grid.best_score_=0.6388888888888888, grid.best_index_=31, acc=1.0, time=0.6136345863342285
04-09-2022 01:38:13|INFO|Is groups None: True 
04-09-2022 01:38:14|INFO|5/10|grid.best_params_={'C': 100000000.0, 'gamma': 1e-09, 'kernel': 'rbf', 'max_iter': 1000}, grid.best_score_=0.6666666666666666, grid.best_index_=35, acc=0.5, time=0.22810029983520508
04-09-2022 01:38:14|INFO|Is groups None: True 
04-09-2022 01:38:14|INFO|6/10|grid.best_params_={'C': 10000.0, 'gamma': 0.001, 'kernel': 'rbf', 'max_iter': 1000}, grid.best_score_=0.7777777777777778, grid.best_index_=24, acc=0.75, time=0.24646306037902832
04-09-2022 01:38:14|INFO|Is groups None: True 
04-09-2022 01:38:14|INFO|7/10|grid.best_params_={'C': 100000000.0, 'gamma': 1e-07, 'kernel': 'rbf', 'max_iter': 1000}, grid.best_score_=0.6944444444444444, grid.best_index_=36, acc=0.5, time=0.5604498386383057
04-09-2022 01:38:14|INFO|Is groups None: True 
04-09-2022 01:38:15|INFO|8/10|grid.best_params_={'C': 10000000000.0, 'gamma': 1e-07, 'kernel': 'rbf', 'max_iter': 1000}, grid.best_score_=0.75, grid.best_index_=43, acc=0.5, time=0.22905302047729492
04-09-2022 01:38:15|INFO|Is groups None: True 
04-09-2022 01:38:15|INFO|9/10|grid.best_params_={'C': 100000000.0, 'gamma': 1e-05, 'kernel': 'rbf', 'max_iter': 1000}, grid.best_score_=0.6388888888888888, grid.best_index_=37, acc=0.5, time=0.23442387580871582
04-09-2022 01:38:15|INFO|Is groups None: True 
04-09-2022 01:38:15|INFO|10/10|grid.best_params_={'C': 100.0, 'gamma': 0.1, 'kernel': 'rbf', 'max_iter': 1000}, grid.best_score_=0.6944444444444444, grid.best_index_=18, acc=0.75, time=0.5084228515625
04-09-2022 01:38:15|INFO|s10|10-CV=0.60000|STD=0.16583|Time spend=3.734034776687622
04-09-2022 01:38:16|INFO|Running Split-First
04-09-2022 01:38:16|INFO|X.shape=(40, 11), y.shape=(40,), groups.shape=(40,)
04-09-2022 01:38:16|INFO|Is groups None: True 
04-09-2022 01:38:16|INFO|1/10|grid.best_params_={'C': 100000000.0, 'gamma': 1e-07, 'kernel': 'rbf', 'max_iter': 1000}, grid.best_score_=0.6666666666666666, grid.best_index_=36, acc=0.0, time=0.2507624626159668
04-09-2022 01:38:16|INFO|Is groups None: True 
04-09-2022 01:38:16|INFO|2/10|grid.best_params_={'C': 1000000.0, 'gamma': 0.001, 'kernel': 'rbf', 'max_iter': 1000}, grid.best_score_=0.6388888888888888, grid.best_index_=31, acc=0.25, time=0.21997880935668945
04-09-2022 01:38:16|INFO|Is groups None: True 
04-09-2022 01:38:17|INFO|3/10|grid.best_params_={'C': 0.01, 'gamma': 1e-09, 'kernel': 'rbf', 'max_iter': 1000}, grid.best_score_=0.6111111111111112, grid.best_index_=0, acc=0.75, time=0.485975980758667
04-09-2022 01:38:17|INFO|Is groups None: True 
04-09-2022 01:38:17|INFO|4/10|grid.best_params_={'C': 100000000.0, 'gamma': 1e-09, 'kernel': 'rbf', 'max_iter': 1000}, grid.best_score_=0.6388888888888888, grid.best_index_=35, acc=0.75, time=0.24293947219848633
04-09-2022 01:38:17|INFO|Is groups None: True 
04-09-2022 01:38:17|INFO|5/10|grid.best_params_={'C': 100000000.0, 'gamma': 1e-09, 'kernel': 'rbf', 'max_iter': 1000}, grid.best_score_=0.6944444444444444, grid.best_index_=35, acc=0.75, time=0.22594809532165527
04-09-2022 01:38:17|INFO|Is groups None: True 
04-09-2022 01:38:18|INFO|6/10|grid.best_params_={'C': 100000000.0, 'gamma': 1e-09, 'kernel': 'rbf', 'max_iter': 1000}, grid.best_score_=0.6944444444444444, grid.best_index_=35, acc=0.5, time=0.5280051231384277
04-09-2022 01:38:18|INFO|Is groups None: True 
04-09-2022 01:38:18|INFO|7/10|grid.best_params_={'C': 0.01, 'gamma': 1e-09, 'kernel': 'rbf', 'max_iter': 1000}, grid.best_score_=0.6388888888888888, grid.best_index_=0, acc=0.5, time=0.2393641471862793
04-09-2022 01:38:18|INFO|Is groups None: True 
04-09-2022 01:38:19|INFO|8/10|grid.best_params_={'C': 0.01, 'gamma': 1e-09, 'kernel': 'rbf', 'max_iter': 1000}, grid.best_score_=0.6388888888888888, grid.best_index_=0, acc=0.5, time=0.5895683765411377
04-09-2022 01:38:19|INFO|Is groups None: True 
04-09-2022 01:38:19|INFO|9/10|grid.best_params_={'C': 1000000.0, 'gamma': 0.001, 'kernel': 'rbf', 'max_iter': 1000}, grid.best_score_=0.6666666666666666, grid.best_index_=31, acc=0.5, time=0.26387786865234375
04-09-2022 01:38:19|INFO|Is groups None: True 
04-09-2022 01:38:19|INFO|10/10|grid.best_params_={'C': 0.01, 'gamma': 1e-09, 'kernel': 'rbf', 'max_iter': 1000}, grid.best_score_=0.6388888888888888, grid.best_index_=0, acc=0.5, time=0.2277970314025879
04-09-2022 01:38:19|INFO|s11|10-CV=0.50000|STD=0.22361|Time spend=3.6691746711730957
04-09-2022 01:38:19|INFO|Running Split-First
04-09-2022 01:38:19|INFO|X.shape=(40, 11), y.shape=(40,), groups.shape=(40,)
04-09-2022 01:38:19|INFO|Is groups None: True 
04-09-2022 01:38:20|INFO|1/10|grid.best_params_={'C': 0.01, 'gamma': 1e-09, 'kernel': 'rbf', 'max_iter': 1000}, grid.best_score_=0.8055555555555556, grid.best_index_=0, acc=1.0, time=0.24365758895874023
04-09-2022 01:38:20|INFO|Is groups None: True 
04-09-2022 01:38:20|INFO|2/10|grid.best_params_={'C': 0.01, 'gamma': 1e-09, 'kernel': 'rbf', 'max_iter': 1000}, grid.best_score_=0.8055555555555556, grid.best_index_=0, acc=1.0, time=0.24014616012573242
04-09-2022 01:38:20|INFO|Is groups None: True 
04-09-2022 01:38:20|INFO|3/10|grid.best_params_={'C': 0.01, 'gamma': 1e-09, 'kernel': 'rbf', 'max_iter': 1000}, grid.best_score_=0.8055555555555556, grid.best_index_=0, acc=1.0, time=0.22801804542541504
04-09-2022 01:38:20|INFO|Is groups None: True 
04-09-2022 01:38:21|INFO|4/10|grid.best_params_={'C': 10000.0, 'gamma': 0.001, 'kernel': 'rbf', 'max_iter': 1000}, grid.best_score_=0.8611111111111112, grid.best_index_=24, acc=0.5, time=0.5478191375732422
04-09-2022 01:38:21|INFO|Is groups None: True 
04-09-2022 01:38:21|INFO|5/10|grid.best_params_={'C': 100.0, 'gamma': 0.1, 'kernel': 'rbf', 'max_iter': 1000}, grid.best_score_=0.8611111111111112, grid.best_index_=18, acc=1.0, time=0.24936771392822266
04-09-2022 01:38:21|INFO|Is groups None: True 
04-09-2022 01:38:21|INFO|6/10|grid.best_params_={'C': 100.0, 'gamma': 0.1, 'kernel': 'rbf', 'max_iter': 1000}, grid.best_score_=0.8611111111111112, grid.best_index_=18, acc=0.5, time=0.2238903045654297
04-09-2022 01:38:21|INFO|Is groups None: True 
04-09-2022 01:38:21|INFO|7/10|grid.best_params_={'C': 100.0, 'gamma': 0.1, 'kernel': 'rbf', 'max_iter': 1000}, grid.best_score_=0.8611111111111112, grid.best_index_=18, acc=0.75, time=0.23280549049377441
04-09-2022 01:38:21|INFO|Is groups None: True 
04-09-2022 01:38:22|INFO|8/10|grid.best_params_={'C': 100.0, 'gamma': 0.1, 'kernel': 'rbf', 'max_iter': 1000}, grid.best_score_=0.8888888888888888, grid.best_index_=18, acc=0.5, time=0.23790216445922852
04-09-2022 01:38:22|INFO|Is groups None: True 
04-09-2022 01:38:22|INFO|9/10|grid.best_params_={'C': 0.01, 'gamma': 1e-09, 'kernel': 'rbf', 'max_iter': 1000}, grid.best_score_=0.8333333333333334, grid.best_index_=0, acc=0.75, time=0.5684573650360107
04-09-2022 01:38:22|INFO|Is groups None: True 
04-09-2022 01:38:23|INFO|10/10|grid.best_params_={'C': 0.01, 'gamma': 1e-09, 'kernel': 'rbf', 'max_iter': 1000}, grid.best_score_=0.8333333333333334, grid.best_index_=0, acc=0.75, time=0.23214387893676758
04-09-2022 01:38:23|INFO|s12|10-CV=0.77500|STD=0.20767|Time spend=3.439364194869995
04-09-2022 01:38:23|INFO|Running Split-First
04-09-2022 01:38:23|INFO|X.shape=(40, 11), y.shape=(40,), groups.shape=(40,)
04-09-2022 01:38:23|INFO|Is groups None: True 
04-09-2022 01:38:23|INFO|1/10|grid.best_params_={'C': 0.01, 'gamma': 1e-09, 'kernel': 'rbf', 'max_iter': 1000}, grid.best_score_=0.8333333333333334, grid.best_index_=0, acc=1.0, time=0.24207782745361328
04-09-2022 01:38:23|INFO|Is groups None: True 
04-09-2022 01:38:23|INFO|2/10|grid.best_params_={'C': 0.01, 'gamma': 1e-09, 'kernel': 'rbf', 'max_iter': 1000}, grid.best_score_=0.8333333333333334, grid.best_index_=0, acc=1.0, time=0.2151024341583252
04-09-2022 01:38:23|INFO|Is groups None: True 
04-09-2022 01:38:24|INFO|3/10|grid.best_params_={'C': 0.01, 'gamma': 1e-09, 'kernel': 'rbf', 'max_iter': 1000}, grid.best_score_=0.8333333333333334, grid.best_index_=0, acc=1.0, time=0.2200314998626709
04-09-2022 01:38:24|INFO|Is groups None: True 
04-09-2022 01:38:24|INFO|4/10|grid.best_params_={'C': 0.01, 'gamma': 1e-09, 'kernel': 'rbf', 'max_iter': 1000}, grid.best_score_=0.8333333333333334, grid.best_index_=0, acc=1.0, time=0.6499550342559814
04-09-2022 01:38:24|INFO|Is groups None: True 
04-09-2022 01:38:24|INFO|5/10|grid.best_params_={'C': 0.01, 'gamma': 1e-09, 'kernel': 'rbf', 'max_iter': 1000}, grid.best_score_=0.8611111111111112, grid.best_index_=0, acc=0.75, time=0.22988510131835938
04-09-2022 01:38:24|INFO|Is groups None: True 
04-09-2022 01:38:25|INFO|6/10|grid.best_params_={'C': 0.01, 'gamma': 1e-09, 'kernel': 'rbf', 'max_iter': 1000}, grid.best_score_=0.8611111111111112, grid.best_index_=0, acc=0.75, time=0.22867393493652344
04-09-2022 01:38:25|INFO|Is groups None: True 
04-09-2022 01:38:25|INFO|7/10|grid.best_params_={'C': 0.01, 'gamma': 1e-09, 'kernel': 'rbf', 'max_iter': 1000}, grid.best_score_=0.8611111111111112, grid.best_index_=0, acc=0.75, time=0.5265302658081055
04-09-2022 01:38:25|INFO|Is groups None: True 
04-09-2022 01:38:25|INFO|8/10|grid.best_params_={'C': 0.01, 'gamma': 1e-09, 'kernel': 'rbf', 'max_iter': 1000}, grid.best_score_=0.8611111111111112, grid.best_index_=0, acc=0.75, time=0.23135614395141602
04-09-2022 01:38:26|INFO|Is groups None: True 
04-09-2022 01:38:26|INFO|9/10|grid.best_params_={'C': 0.01, 'gamma': 1e-09, 'kernel': 'rbf', 'max_iter': 1000}, grid.best_score_=0.8611111111111112, grid.best_index_=0, acc=0.75, time=0.563502311706543
04-09-2022 01:38:26|INFO|Is groups None: True 
04-09-2022 01:38:26|INFO|10/10|grid.best_params_={'C': 100000000.0, 'gamma': 1e-07, 'kernel': 'rbf', 'max_iter': 1000}, grid.best_score_=0.8888888888888888, grid.best_index_=36, acc=0.5, time=0.23197150230407715
04-09-2022 01:38:26|INFO|s13|10-CV=0.82500|STD=0.16008|Time spend=3.7623729705810547
04-09-2022 01:38:27|INFO|Running Split-First
04-09-2022 01:38:27|INFO|X.shape=(40, 11), y.shape=(40,), groups.shape=(40,)
04-09-2022 01:38:27|INFO|Is groups None: True 
04-09-2022 01:38:27|INFO|1/10|grid.best_params_={'C': 1.0, 'gamma': 0.1, 'kernel': 'rbf', 'max_iter': 1000}, grid.best_score_=0.75, grid.best_index_=11, acc=1.0, time=0.22083258628845215
04-09-2022 01:38:27|INFO|Is groups None: True 
04-09-2022 01:38:27|INFO|2/10|grid.best_params_={'C': 1000000.0, 'gamma': 1e-05, 'kernel': 'rbf', 'max_iter': 1000}, grid.best_score_=0.6944444444444444, grid.best_index_=30, acc=0.75, time=0.22862505912780762
04-09-2022 01:38:27|INFO|Is groups None: True 
04-09-2022 01:38:27|INFO|3/10|grid.best_params_={'C': 1.0, 'gamma': 0.1, 'kernel': 'rbf', 'max_iter': 1000}, grid.best_score_=0.6944444444444444, grid.best_index_=11, acc=0.75, time=0.22523713111877441
04-09-2022 01:38:27|INFO|Is groups None: True 
04-09-2022 01:38:28|INFO|4/10|grid.best_params_={'C': 1.0, 'gamma': 0.1, 'kernel': 'rbf', 'max_iter': 1000}, grid.best_score_=0.75, grid.best_index_=11, acc=0.5, time=0.6275677680969238
04-09-2022 01:38:28|INFO|Is groups None: True 
04-09-2022 01:38:28|INFO|5/10|grid.best_params_={'C': 100000000.0, 'gamma': 1e-07, 'kernel': 'rbf', 'max_iter': 1000}, grid.best_score_=0.75, grid.best_index_=36, acc=0.25, time=0.22964239120483398
04-09-2022 01:38:28|INFO|Is groups None: True 
04-09-2022 01:38:29|INFO|6/10|grid.best_params_={'C': 1.0, 'gamma': 0.1, 'kernel': 'rbf', 'max_iter': 1000}, grid.best_score_=0.7222222222222222, grid.best_index_=11, acc=0.75, time=0.3522508144378662
04-09-2022 01:38:29|INFO|Is groups None: True 
04-09-2022 01:38:29|INFO|7/10|grid.best_params_={'C': 100.0, 'gamma': 0.1, 'kernel': 'rbf', 'max_iter': 1000}, grid.best_score_=0.6944444444444444, grid.best_index_=18, acc=0.75, time=0.25049591064453125
04-09-2022 01:38:29|INFO|Is groups None: True 
04-09-2022 01:38:29|INFO|8/10|grid.best_params_={'C': 1.0, 'gamma': 0.1, 'kernel': 'rbf', 'max_iter': 1000}, grid.best_score_=0.7222222222222222, grid.best_index_=11, acc=0.75, time=0.24293780326843262
04-09-2022 01:38:29|INFO|Is groups None: True 
04-09-2022 01:38:30|INFO|9/10|grid.best_params_={'C': 1.0, 'gamma': 0.1, 'kernel': 'rbf', 'max_iter': 1000}, grid.best_score_=0.7222222222222222, grid.best_index_=11, acc=0.75, time=0.49206972122192383
04-09-2022 01:38:30|INFO|Is groups None: True 
04-09-2022 01:38:30|INFO|10/10|grid.best_params_={'C': 1.0, 'gamma': 0.1, 'kernel': 'rbf', 'max_iter': 1000}, grid.best_score_=0.8055555555555556, grid.best_index_=11, acc=0.25, time=0.23363780975341797
04-09-2022 01:38:30|INFO|s14|10-CV=0.65000|STD=0.22913|Time spend=3.511331558227539
04-09-2022 01:38:30|INFO|Running Split-First
04-09-2022 01:38:30|INFO|X.shape=(40, 11), y.shape=(40,), groups.shape=(40,)
04-09-2022 01:38:30|INFO|Is groups None: True 
04-09-2022 01:38:30|INFO|1/10|grid.best_params_={'C': 1000000.0, 'gamma': 1e-07, 'kernel': 'rbf', 'max_iter': 1000}, grid.best_score_=0.6111111111111112, grid.best_index_=29, acc=0.25, time=0.2154231071472168
04-09-2022 01:38:30|INFO|Is groups None: True 
04-09-2022 01:38:31|INFO|2/10|grid.best_params_={'C': 1.0, 'gamma': 0.1, 'kernel': 'rbf', 'max_iter': 1000}, grid.best_score_=0.7222222222222222, grid.best_index_=11, acc=0.5, time=0.2239856719970703
04-09-2022 01:38:31|INFO|Is groups None: True 
04-09-2022 01:38:31|INFO|3/10|grid.best_params_={'C': 1.0, 'gamma': 0.1, 'kernel': 'rbf', 'max_iter': 1000}, grid.best_score_=0.6388888888888888, grid.best_index_=11, acc=0.75, time=0.23735618591308594
04-09-2022 01:38:31|INFO|Is groups None: True 
04-09-2022 01:38:31|INFO|4/10|grid.best_params_={'C': 1.0, 'gamma': 0.1, 'kernel': 'rbf', 'max_iter': 1000}, grid.best_score_=0.6111111111111112, grid.best_index_=11, acc=0.5, time=0.5109162330627441
04-09-2022 01:38:31|INFO|Is groups None: True 
04-09-2022 01:38:32|INFO|5/10|grid.best_params_={'C': 1.0, 'gamma': 0.1, 'kernel': 'rbf', 'max_iter': 1000}, grid.best_score_=0.6388888888888888, grid.best_index_=11, acc=0.75, time=0.3138563632965088
04-09-2022 01:38:32|INFO|Is groups None: True 
04-09-2022 01:38:32|INFO|6/10|grid.best_params_={'C': 1.0, 'gamma': 0.1, 'kernel': 'rbf', 'max_iter': 1000}, grid.best_score_=0.5833333333333334, grid.best_index_=11, acc=0.75, time=0.2404160499572754
04-09-2022 01:38:32|INFO|Is groups None: True 
04-09-2022 01:38:32|INFO|7/10|grid.best_params_={'C': 1.0, 'gamma': 0.1, 'kernel': 'rbf', 'max_iter': 1000}, grid.best_score_=0.5555555555555556, grid.best_index_=11, acc=0.5, time=0.23779058456420898
04-09-2022 01:38:32|INFO|Is groups None: True 
04-09-2022 01:38:33|INFO|8/10|grid.best_params_={'C': 1.0, 'gamma': 0.1, 'kernel': 'rbf', 'max_iter': 1000}, grid.best_score_=0.5833333333333334, grid.best_index_=11, acc=0.5, time=0.6211400032043457
04-09-2022 01:38:33|INFO|Is groups None: True 
04-09-2022 01:38:33|INFO|9/10|grid.best_params_={'C': 100.0, 'gamma': 0.1, 'kernel': 'rbf', 'max_iter': 1000}, grid.best_score_=0.6388888888888888, grid.best_index_=18, acc=0.25, time=0.2178809642791748
04-09-2022 01:38:33|INFO|Is groups None: True 
04-09-2022 01:38:33|INFO|10/10|grid.best_params_={'C': 0.01, 'gamma': 1e-07, 'kernel': 'rbf', 'max_iter': 1000}, grid.best_score_=0.6944444444444444, grid.best_index_=1, acc=0.75, time=0.39182448387145996
04-09-2022 01:38:33|INFO|s15|10-CV=0.55000|STD=0.18708|Time spend=3.6200947761535645
04-09-2022 01:38:34|INFO|Running Split-First
04-09-2022 01:38:34|INFO|X.shape=(40, 11), y.shape=(40,), groups.shape=(40,)
04-09-2022 01:38:34|INFO|Is groups None: True 
04-09-2022 01:38:34|INFO|1/10|grid.best_params_={'C': 0.01, 'gamma': 0.001, 'kernel': 'rbf', 'max_iter': 1000}, grid.best_score_=0.7222222222222222, grid.best_index_=3, acc=0.25, time=0.22909140586853027
04-09-2022 01:38:34|INFO|Is groups None: True 
04-09-2022 01:38:34|INFO|2/10|grid.best_params_={'C': 0.01, 'gamma': 1e-09, 'kernel': 'rbf', 'max_iter': 1000}, grid.best_score_=0.6944444444444444, grid.best_index_=0, acc=0.5, time=0.22604632377624512
04-09-2022 01:38:34|INFO|Is groups None: True 
04-09-2022 01:38:34|INFO|3/10|grid.best_params_={'C': 0.01, 'gamma': 1e-09, 'kernel': 'rbf', 'max_iter': 1000}, grid.best_score_=0.6388888888888888, grid.best_index_=0, acc=1.0, time=0.22059917449951172
04-09-2022 01:38:34|INFO|Is groups None: True 
04-09-2022 01:38:35|INFO|4/10|grid.best_params_={'C': 0.01, 'gamma': 1e-09, 'kernel': 'rbf', 'max_iter': 1000}, grid.best_score_=0.7222222222222222, grid.best_index_=0, acc=0.5, time=0.5754961967468262
04-09-2022 01:38:35|INFO|Is groups None: True 
04-09-2022 01:38:35|INFO|5/10|grid.best_params_={'C': 100000000.0, 'gamma': 1e-09, 'kernel': 'rbf', 'max_iter': 1000}, grid.best_score_=0.6944444444444444, grid.best_index_=35, acc=1.0, time=0.217332124710083
04-09-2022 01:38:35|INFO|Is groups None: True 
04-09-2022 01:38:36|INFO|6/10|grid.best_params_={'C': 0.01, 'gamma': 1e-07, 'kernel': 'rbf', 'max_iter': 1000}, grid.best_score_=0.6944444444444444, grid.best_index_=1, acc=0.75, time=0.4039573669433594
04-09-2022 01:38:36|INFO|Is groups None: True 
04-09-2022 01:38:36|INFO|7/10|grid.best_params_={'C': 100000000.0, 'gamma': 1e-07, 'kernel': 'rbf', 'max_iter': 1000}, grid.best_score_=0.6944444444444444, grid.best_index_=36, acc=0.75, time=0.22432398796081543
04-09-2022 01:38:36|INFO|Is groups None: True 
04-09-2022 01:38:36|INFO|8/10|grid.best_params_={'C': 0.01, 'gamma': 0.1, 'kernel': 'rbf', 'max_iter': 1000}, grid.best_score_=0.75, grid.best_index_=4, acc=0.25, time=0.23642849922180176
04-09-2022 01:38:36|INFO|Is groups None: True 
04-09-2022 01:38:36|INFO|9/10|grid.best_params_={'C': 0.01, 'gamma': 1e-09, 'kernel': 'rbf', 'max_iter': 1000}, grid.best_score_=0.6666666666666666, grid.best_index_=0, acc=1.0, time=0.23534178733825684
04-09-2022 01:38:36|INFO|Is groups None: True 
04-09-2022 01:38:37|INFO|10/10|grid.best_params_={'C': 0.01, 'gamma': 1e-09, 'kernel': 'rbf', 'max_iter': 1000}, grid.best_score_=0.6944444444444444, grid.best_index_=0, acc=0.5, time=0.6127362251281738
04-09-2022 01:38:37|INFO|s16|10-CV=0.65000|STD=0.27839|Time spend=3.5785677433013916
04-09-2022 01:38:37|INFO|Running Split-First
04-09-2022 01:38:37|INFO|X.shape=(40, 11), y.shape=(40,), groups.shape=(40,)
04-09-2022 01:38:37|INFO|Is groups None: True 
04-09-2022 01:38:38|INFO|1/10|grid.best_params_={'C': 10000000000.0, 'gamma': 1e-09, 'kernel': 'rbf', 'max_iter': 1000}, grid.best_score_=0.7222222222222222, grid.best_index_=42, acc=0.75, time=0.23115062713623047
04-09-2022 01:38:38|INFO|Is groups None: True 
04-09-2022 01:38:38|INFO|2/10|grid.best_params_={'C': 10000000000.0, 'gamma': 1e-07, 'kernel': 'rbf', 'max_iter': 1000}, grid.best_score_=0.75, grid.best_index_=43, acc=0.75, time=0.2270371913909912
04-09-2022 01:38:38|INFO|Is groups None: True 
04-09-2022 01:38:38|INFO|3/10|grid.best_params_={'C': 1000000.0, 'gamma': 1e-07, 'kernel': 'rbf', 'max_iter': 1000}, grid.best_score_=0.75, grid.best_index_=29, acc=0.5, time=0.24969267845153809
04-09-2022 01:38:38|INFO|Is groups None: True 
04-09-2022 01:38:38|INFO|4/10|grid.best_params_={'C': 100.0, 'gamma': 0.001, 'kernel': 'rbf', 'max_iter': 1000}, grid.best_score_=0.6944444444444444, grid.best_index_=17, acc=0.5, time=0.3773972988128662
04-09-2022 01:38:38|INFO|Is groups None: True 
04-09-2022 01:38:39|INFO|5/10|grid.best_params_={'C': 10000000000.0, 'gamma': 1e-07, 'kernel': 'rbf', 'max_iter': 1000}, grid.best_score_=0.6666666666666666, grid.best_index_=43, acc=1.0, time=0.24689769744873047
04-09-2022 01:38:39|INFO|Is groups None: True 
04-09-2022 01:38:39|INFO|6/10|grid.best_params_={'C': 100000000.0, 'gamma': 1e-09, 'kernel': 'rbf', 'max_iter': 1000}, grid.best_score_=0.75, grid.best_index_=35, acc=0.5, time=0.2341291904449463
04-09-2022 01:38:39|INFO|Is groups None: True 
04-09-2022 01:38:39|INFO|7/10|grid.best_params_={'C': 100000000.0, 'gamma': 1e-09, 'kernel': 'rbf', 'max_iter': 1000}, grid.best_score_=0.6944444444444444, grid.best_index_=35, acc=0.5, time=0.5103332996368408
04-09-2022 01:38:39|INFO|Is groups None: True 
04-09-2022 01:38:40|INFO|8/10|grid.best_params_={'C': 100000000.0, 'gamma': 1e-07, 'kernel': 'rbf', 'max_iter': 1000}, grid.best_score_=0.7222222222222222, grid.best_index_=36, acc=0.75, time=0.2324516773223877
04-09-2022 01:38:40|INFO|Is groups None: True 
04-09-2022 01:38:40|INFO|9/10|grid.best_params_={'C': 10000000000.0, 'gamma': 1e-07, 'kernel': 'rbf', 'max_iter': 1000}, grid.best_score_=0.8055555555555556, grid.best_index_=43, acc=0.25, time=0.23159384727478027
04-09-2022 01:38:40|INFO|Is groups None: True 
04-09-2022 01:38:40|INFO|10/10|grid.best_params_={'C': 1000000.0, 'gamma': 1e-07, 'kernel': 'rbf', 'max_iter': 1000}, grid.best_score_=0.7222222222222222, grid.best_index_=29, acc=0.75, time=0.5407314300537109
04-09-2022 01:38:41|INFO|s17|10-CV=0.62500|STD=0.20156|Time spend=3.4869163036346436
04-09-2022 01:38:41|INFO|Running Split-First
04-09-2022 01:38:41|INFO|X.shape=(40, 11), y.shape=(40,), groups.shape=(40,)
04-09-2022 01:38:41|INFO|Is groups None: True 
04-09-2022 01:38:41|INFO|1/10|grid.best_params_={'C': 0.01, 'gamma': 1e-09, 'kernel': 'rbf', 'max_iter': 1000}, grid.best_score_=0.6111111111111112, grid.best_index_=0, acc=0.75, time=0.23854422569274902
04-09-2022 01:38:41|INFO|Is groups None: True 
04-09-2022 01:38:41|INFO|2/10|grid.best_params_={'C': 0.01, 'gamma': 1e-09, 'kernel': 'rbf', 'max_iter': 1000}, grid.best_score_=0.6111111111111112, grid.best_index_=0, acc=0.75, time=0.21201133728027344
04-09-2022 01:38:41|INFO|Is groups None: True 
04-09-2022 01:38:42|INFO|3/10|grid.best_params_={'C': 0.01, 'gamma': 1e-09, 'kernel': 'rbf', 'max_iter': 1000}, grid.best_score_=0.6111111111111112, grid.best_index_=0, acc=0.75, time=0.2312769889831543
04-09-2022 01:38:42|INFO|Is groups None: True 
04-09-2022 01:38:42|INFO|4/10|grid.best_params_={'C': 0.01, 'gamma': 1e-09, 'kernel': 'rbf', 'max_iter': 1000}, grid.best_score_=0.6111111111111112, grid.best_index_=0, acc=0.75, time=0.4579963684082031
04-09-2022 01:38:42|INFO|Is groups None: True 
04-09-2022 01:38:42|INFO|5/10|grid.best_params_={'C': 100000000.0, 'gamma': 1e-05, 'kernel': 'rbf', 'max_iter': 1000}, grid.best_score_=0.6944444444444444, grid.best_index_=37, acc=0.75, time=0.23993778228759766
04-09-2022 01:38:42|INFO|Is groups None: True 
04-09-2022 01:38:42|INFO|6/10|grid.best_params_={'C': 100000000.0, 'gamma': 1e-09, 'kernel': 'rbf', 'max_iter': 1000}, grid.best_score_=0.6944444444444444, grid.best_index_=35, acc=0.75, time=0.23844122886657715
04-09-2022 01:38:42|INFO|Is groups None: True 
04-09-2022 01:38:43|INFO|7/10|grid.best_params_={'C': 1000000.0, 'gamma': 1e-05, 'kernel': 'rbf', 'max_iter': 1000}, grid.best_score_=0.7222222222222222, grid.best_index_=30, acc=0.25, time=0.5562038421630859
04-09-2022 01:38:43|INFO|Is groups None: True 
04-09-2022 01:38:43|INFO|8/10|grid.best_params_={'C': 0.01, 'gamma': 1e-09, 'kernel': 'rbf', 'max_iter': 1000}, grid.best_score_=0.6388888888888888, grid.best_index_=0, acc=0.5, time=0.23165607452392578
04-09-2022 01:38:43|INFO|Is groups None: True 
04-09-2022 01:38:44|INFO|9/10|grid.best_params_={'C': 0.01, 'gamma': 1e-09, 'kernel': 'rbf', 'max_iter': 1000}, grid.best_score_=0.6388888888888888, grid.best_index_=0, acc=0.5, time=0.5989675521850586
04-09-2022 01:38:44|INFO|Is groups None: True 
04-09-2022 01:38:44|INFO|10/10|grid.best_params_={'C': 100000000.0, 'gamma': 1e-09, 'kernel': 'rbf', 'max_iter': 1000}, grid.best_score_=0.6666666666666666, grid.best_index_=35, acc=0.5, time=0.239821195602417
04-09-2022 01:38:44|INFO|s18|10-CV=0.62500|STD=0.16771|Time spend=3.6401896476745605
04-09-2022 01:38:44|INFO|Running Split-First
04-09-2022 01:38:44|INFO|X.shape=(40, 11), y.shape=(40,), groups.shape=(40,)
04-09-2022 01:38:44|INFO|Is groups None: True 
04-09-2022 01:38:45|INFO|1/10|grid.best_params_={'C': 0.01, 'gamma': 1e-09, 'kernel': 'rbf', 'max_iter': 1000}, grid.best_score_=0.6666666666666666, grid.best_index_=0, acc=0.75, time=0.23691272735595703
04-09-2022 01:38:45|INFO|Is groups None: True 
04-09-2022 01:38:45|INFO|2/10|grid.best_params_={'C': 0.01, 'gamma': 1e-09, 'kernel': 'rbf', 'max_iter': 1000}, grid.best_score_=0.6666666666666666, grid.best_index_=0, acc=0.75, time=0.2361893653869629
04-09-2022 01:38:45|INFO|Is groups None: True 
04-09-2022 01:38:45|INFO|3/10|grid.best_params_={'C': 0.01, 'gamma': 1e-09, 'kernel': 'rbf', 'max_iter': 1000}, grid.best_score_=0.6666666666666666, grid.best_index_=0, acc=0.75, time=0.23208379745483398
04-09-2022 01:38:45|INFO|Is groups None: True 
04-09-2022 01:38:46|INFO|4/10|grid.best_params_={'C': 0.01, 'gamma': 1e-09, 'kernel': 'rbf', 'max_iter': 1000}, grid.best_score_=0.6666666666666666, grid.best_index_=0, acc=0.75, time=0.5068111419677734
04-09-2022 01:38:46|INFO|Is groups None: True 
04-09-2022 01:38:46|INFO|5/10|grid.best_params_={'C': 0.01, 'gamma': 1e-09, 'kernel': 'rbf', 'max_iter': 1000}, grid.best_score_=0.6666666666666666, grid.best_index_=0, acc=0.75, time=0.22219014167785645
04-09-2022 01:38:46|INFO|Is groups None: True 
04-09-2022 01:38:46|INFO|6/10|grid.best_params_={'C': 0.01, 'gamma': 1e-09, 'kernel': 'rbf', 'max_iter': 1000}, grid.best_score_=0.6666666666666666, grid.best_index_=0, acc=0.75, time=0.23273706436157227
04-09-2022 01:38:46|INFO|Is groups None: True 
04-09-2022 01:38:47|INFO|7/10|grid.best_params_={'C': 100000000.0, 'gamma': 1e-05, 'kernel': 'rbf', 'max_iter': 1000}, grid.best_score_=0.6944444444444444, grid.best_index_=37, acc=0.25, time=0.5285177230834961
04-09-2022 01:38:47|INFO|Is groups None: True 
04-09-2022 01:38:47|INFO|8/10|grid.best_params_={'C': 0.01, 'gamma': 1e-09, 'kernel': 'rbf', 'max_iter': 1000}, grid.best_score_=0.6944444444444444, grid.best_index_=0, acc=0.5, time=0.22915220260620117
04-09-2022 01:38:47|INFO|Is groups None: True 
04-09-2022 01:38:47|INFO|9/10|grid.best_params_={'C': 0.01, 'gamma': 1e-09, 'kernel': 'rbf', 'max_iter': 1000}, grid.best_score_=0.6944444444444444, grid.best_index_=0, acc=0.5, time=0.23972749710083008
04-09-2022 01:38:47|INFO|Is groups None: True 
04-09-2022 01:38:48|INFO|10/10|grid.best_params_={'C': 0.01, 'gamma': 1e-09, 'kernel': 'rbf', 'max_iter': 1000}, grid.best_score_=0.6944444444444444, grid.best_index_=0, acc=0.5, time=0.5842018127441406
04-09-2022 01:38:48|INFO|s19|10-CV=0.62500|STD=0.16771|Time spend=3.6652731895446777
04-09-2022 01:38:48|INFO|Running Split-First
04-09-2022 01:38:48|INFO|X.shape=(40, 11), y.shape=(40,), groups.shape=(40,)
04-09-2022 01:38:48|INFO|Is groups None: True 
04-09-2022 01:38:48|INFO|1/10|grid.best_params_={'C': 0.01, 'gamma': 1e-09, 'kernel': 'rbf', 'max_iter': 1000}, grid.best_score_=0.7777777777777778, grid.best_index_=0, acc=0.75, time=0.2670414447784424
04-09-2022 01:38:48|INFO|Is groups None: True 
04-09-2022 01:38:49|INFO|2/10|grid.best_params_={'C': 0.01, 'gamma': 1e-09, 'kernel': 'rbf', 'max_iter': 1000}, grid.best_score_=0.7777777777777778, grid.best_index_=0, acc=0.75, time=0.2377777099609375
04-09-2022 01:38:49|INFO|Is groups None: True 
04-09-2022 01:38:49|INFO|3/10|grid.best_params_={'C': 0.01, 'gamma': 1e-09, 'kernel': 'rbf', 'max_iter': 1000}, grid.best_score_=0.7777777777777778, grid.best_index_=0, acc=0.75, time=0.2232215404510498
04-09-2022 01:38:49|INFO|Is groups None: True 
04-09-2022 01:38:49|INFO|4/10|grid.best_params_={'C': 0.01, 'gamma': 1e-09, 'kernel': 'rbf', 'max_iter': 1000}, grid.best_score_=0.7777777777777778, grid.best_index_=0, acc=0.75, time=0.5757296085357666
04-09-2022 01:38:49|INFO|Is groups None: True 
04-09-2022 01:38:50|INFO|5/10|grid.best_params_={'C': 0.01, 'gamma': 1e-09, 'kernel': 'rbf', 'max_iter': 1000}, grid.best_score_=0.7777777777777778, grid.best_index_=0, acc=0.75, time=0.22943568229675293
04-09-2022 01:38:50|INFO|Is groups None: True 
04-09-2022 01:38:50|INFO|6/10|grid.best_params_={'C': 0.01, 'gamma': 1e-09, 'kernel': 'rbf', 'max_iter': 1000}, grid.best_score_=0.7777777777777778, grid.best_index_=0, acc=0.75, time=0.23394513130187988
04-09-2022 01:38:50|INFO|Is groups None: True 
04-09-2022 01:38:51|INFO|7/10|grid.best_params_={'C': 100.0, 'gamma': 0.1, 'kernel': 'rbf', 'max_iter': 1000}, grid.best_score_=0.8055555555555556, grid.best_index_=18, acc=0.25, time=0.6424248218536377
04-09-2022 01:38:51|INFO|Is groups None: True 
04-09-2022 01:38:51|INFO|8/10|grid.best_params_={'C': 0.01, 'gamma': 1e-09, 'kernel': 'rbf', 'max_iter': 1000}, grid.best_score_=0.7777777777777778, grid.best_index_=0, acc=0.75, time=0.23618507385253906
04-09-2022 01:38:51|INFO|Is groups None: True 
04-09-2022 01:38:51|INFO|9/10|grid.best_params_={'C': 0.01, 'gamma': 1e-09, 'kernel': 'rbf', 'max_iter': 1000}, grid.best_score_=0.7777777777777778, grid.best_index_=0, acc=0.75, time=0.24564123153686523
04-09-2022 01:38:51|INFO|Is groups None: True 
04-09-2022 01:38:52|INFO|10/10|grid.best_params_={'C': 0.01, 'gamma': 1e-09, 'kernel': 'rbf', 'max_iter': 1000}, grid.best_score_=0.75, grid.best_index_=0, acc=1.0, time=0.5468006134033203
04-09-2022 01:38:52|INFO|s20|10-CV=0.72500|STD=0.17500|Time spend=3.834760904312134
04-09-2022 01:38:52|INFO|Running Split-First
04-09-2022 01:38:52|INFO|X.shape=(40, 11), y.shape=(40,), groups.shape=(40,)
04-09-2022 01:38:52|INFO|Is groups None: True 
04-09-2022 01:38:52|INFO|1/10|grid.best_params_={'C': 0.01, 'gamma': 1e-09, 'kernel': 'rbf', 'max_iter': 1000}, grid.best_score_=0.8055555555555556, grid.best_index_=0, acc=0.75, time=0.2574496269226074
04-09-2022 01:38:52|INFO|Is groups None: True 
04-09-2022 01:38:52|INFO|2/10|grid.best_params_={'C': 0.01, 'gamma': 1e-09, 'kernel': 'rbf', 'max_iter': 1000}, grid.best_score_=0.8055555555555556, grid.best_index_=0, acc=0.75, time=0.21913957595825195
04-09-2022 01:38:52|INFO|Is groups None: True 
04-09-2022 01:38:53|INFO|3/10|grid.best_params_={'C': 0.01, 'gamma': 1e-09, 'kernel': 'rbf', 'max_iter': 1000}, grid.best_score_=0.8055555555555556, grid.best_index_=0, acc=0.75, time=0.23926711082458496
04-09-2022 01:38:53|INFO|Is groups None: True 
04-09-2022 01:38:53|INFO|4/10|grid.best_params_={'C': 0.01, 'gamma': 1e-09, 'kernel': 'rbf', 'max_iter': 1000}, grid.best_score_=0.8055555555555556, grid.best_index_=0, acc=0.75, time=0.49182891845703125
04-09-2022 01:38:53|INFO|Is groups None: True 
04-09-2022 01:38:53|INFO|5/10|grid.best_params_={'C': 0.01, 'gamma': 1e-09, 'kernel': 'rbf', 'max_iter': 1000}, grid.best_score_=0.8055555555555556, grid.best_index_=0, acc=0.75, time=0.23305416107177734
04-09-2022 01:38:53|INFO|Is groups None: True 
04-09-2022 01:38:54|INFO|6/10|grid.best_params_={'C': 0.01, 'gamma': 1e-09, 'kernel': 'rbf', 'max_iter': 1000}, grid.best_score_=0.8055555555555556, grid.best_index_=0, acc=0.75, time=0.23278498649597168
04-09-2022 01:38:54|INFO|Is groups None: True 
04-09-2022 01:38:54|INFO|7/10|grid.best_params_={'C': 0.01, 'gamma': 1e-09, 'kernel': 'rbf', 'max_iter': 1000}, grid.best_score_=0.8055555555555556, grid.best_index_=0, acc=0.75, time=0.5063660144805908
04-09-2022 01:38:54|INFO|Is groups None: True 
04-09-2022 01:38:54|INFO|8/10|grid.best_params_={'C': 0.01, 'gamma': 1e-09, 'kernel': 'rbf', 'max_iter': 1000}, grid.best_score_=0.8055555555555556, grid.best_index_=0, acc=0.75, time=0.23736333847045898
04-09-2022 01:38:54|INFO|Is groups None: True 
04-09-2022 01:38:55|INFO|9/10|grid.best_params_={'C': 0.01, 'gamma': 1e-09, 'kernel': 'rbf', 'max_iter': 1000}, grid.best_score_=0.7777777777777778, grid.best_index_=0, acc=1.0, time=0.24032068252563477
04-09-2022 01:38:55|INFO|Is groups None: True 
04-09-2022 01:38:55|INFO|10/10|grid.best_params_={'C': 0.01, 'gamma': 1e-09, 'kernel': 'rbf', 'max_iter': 1000}, grid.best_score_=0.7777777777777778, grid.best_index_=0, acc=1.0, time=0.5512135028839111
04-09-2022 01:38:55|INFO|s21|10-CV=0.80000|STD=0.10000|Time spend=3.5853636264801025
04-09-2022 01:38:56|INFO|Running Split-First
04-09-2022 01:38:56|INFO|X.shape=(40, 11), y.shape=(40,), groups.shape=(40,)
04-09-2022 01:38:56|INFO|Is groups None: True 
04-09-2022 01:38:56|INFO|1/10|grid.best_params_={'C': 10000.0, 'gamma': 0.001, 'kernel': 'rbf', 'max_iter': 1000}, grid.best_score_=0.7777777777777778, grid.best_index_=24, acc=0.5, time=0.23494625091552734
04-09-2022 01:38:56|INFO|Is groups None: True 
04-09-2022 01:38:56|INFO|2/10|grid.best_params_={'C': 10000.0, 'gamma': 0.001, 'kernel': 'rbf', 'max_iter': 1000}, grid.best_score_=0.75, grid.best_index_=24, acc=0.75, time=0.22126317024230957
04-09-2022 01:38:56|INFO|Is groups None: True 
04-09-2022 01:38:56|INFO|3/10|grid.best_params_={'C': 10000.0, 'gamma': 0.001, 'kernel': 'rbf', 'max_iter': 1000}, grid.best_score_=0.7222222222222222, grid.best_index_=24, acc=1.0, time=0.4203372001647949
04-09-2022 01:38:56|INFO|Is groups None: True 
04-09-2022 01:38:57|INFO|4/10|grid.best_params_={'C': 1000000.0, 'gamma': 1e-05, 'kernel': 'rbf', 'max_iter': 1000}, grid.best_score_=0.8055555555555556, grid.best_index_=30, acc=0.25, time=0.22317862510681152
04-09-2022 01:38:57|INFO|Is groups None: True 
04-09-2022 01:38:57|INFO|5/10|grid.best_params_={'C': 100.0, 'gamma': 0.001, 'kernel': 'rbf', 'max_iter': 1000}, grid.best_score_=0.6666666666666666, grid.best_index_=17, acc=0.75, time=0.25510406494140625
04-09-2022 01:38:57|INFO|Is groups None: True 
04-09-2022 01:38:57|INFO|6/10|grid.best_params_={'C': 1000000.0, 'gamma': 1e-05, 'kernel': 'rbf', 'max_iter': 1000}, grid.best_score_=0.75, grid.best_index_=30, acc=0.5, time=0.5316269397735596
04-09-2022 01:38:57|INFO|Is groups None: True 
04-09-2022 01:38:58|INFO|7/10|grid.best_params_={'C': 10000.0, 'gamma': 0.001, 'kernel': 'rbf', 'max_iter': 1000}, grid.best_score_=0.8055555555555556, grid.best_index_=24, acc=0.75, time=0.2410438060760498
04-09-2022 01:38:58|INFO|Is groups None: True 
04-09-2022 01:38:58|INFO|8/10|grid.best_params_={'C': 10000.0, 'gamma': 0.001, 'kernel': 'rbf', 'max_iter': 1000}, grid.best_score_=0.7777777777777778, grid.best_index_=24, acc=1.0, time=0.23531508445739746
04-09-2022 01:38:58|INFO|Is groups None: True 
04-09-2022 01:38:59|INFO|9/10|grid.best_params_={'C': 10000.0, 'gamma': 1e-05, 'kernel': 'rbf', 'max_iter': 1000}, grid.best_score_=0.8055555555555556, grid.best_index_=23, acc=0.5, time=0.56125807762146
04-09-2022 01:38:59|INFO|Is groups None: True 
04-09-2022 01:38:59|INFO|10/10|grid.best_params_={'C': 1.0, 'gamma': 0.1, 'kernel': 'rbf', 'max_iter': 1000}, grid.best_score_=0.7222222222222222, grid.best_index_=11, acc=0.5, time=0.2418074607849121
04-09-2022 01:38:59|INFO|s22|10-CV=0.65000|STD=0.22913|Time spend=3.5563228130340576
04-09-2022 01:38:59|INFO|Running Split-First
04-09-2022 01:38:59|INFO|X.shape=(40, 11), y.shape=(40,), groups.shape=(40,)
04-09-2022 01:38:59|INFO|Is groups None: True 
04-09-2022 01:38:59|INFO|1/10|grid.best_params_={'C': 10000.0, 'gamma': 0.001, 'kernel': 'rbf', 'max_iter': 1000}, grid.best_score_=0.8055555555555556, grid.best_index_=24, acc=1.0, time=0.23951172828674316
04-09-2022 01:38:59|INFO|Is groups None: True 
04-09-2022 01:39:00|INFO|2/10|grid.best_params_={'C': 10000.0, 'gamma': 0.001, 'kernel': 'rbf', 'max_iter': 1000}, grid.best_score_=0.8055555555555556, grid.best_index_=24, acc=1.0, time=0.22359395027160645
04-09-2022 01:39:00|INFO|Is groups None: True 
04-09-2022 01:39:00|INFO|3/10|grid.best_params_={'C': 100.0, 'gamma': 0.001, 'kernel': 'rbf', 'max_iter': 1000}, grid.best_score_=0.7777777777777778, grid.best_index_=17, acc=0.75, time=0.23763203620910645
04-09-2022 01:39:00|INFO|Is groups None: True 
04-09-2022 01:39:00|INFO|4/10|grid.best_params_={'C': 100000000.0, 'gamma': 1e-05, 'kernel': 'rbf', 'max_iter': 1000}, grid.best_score_=0.7777777777777778, grid.best_index_=37, acc=0.5, time=0.4754922389984131
04-09-2022 01:39:00|INFO|Is groups None: True 
04-09-2022 01:39:01|INFO|5/10|grid.best_params_={'C': 0.01, 'gamma': 1e-09, 'kernel': 'rbf', 'max_iter': 1000}, grid.best_score_=0.75, grid.best_index_=0, acc=0.75, time=0.2275099754333496
04-09-2022 01:39:01|INFO|Is groups None: True 
04-09-2022 01:39:01|INFO|6/10|grid.best_params_={'C': 10000.0, 'gamma': 1e-05, 'kernel': 'rbf', 'max_iter': 1000}, grid.best_score_=0.8055555555555556, grid.best_index_=23, acc=0.75, time=0.5688881874084473
04-09-2022 01:39:01|INFO|Is groups None: True 
04-09-2022 01:39:01|INFO|7/10|grid.best_params_={'C': 10000.0, 'gamma': 0.001, 'kernel': 'rbf', 'max_iter': 1000}, grid.best_score_=0.7777777777777778, grid.best_index_=24, acc=1.0, time=0.23513031005859375
04-09-2022 01:39:01|INFO|Is groups None: True 
04-09-2022 01:39:02|INFO|8/10|grid.best_params_={'C': 100.0, 'gamma': 0.001, 'kernel': 'rbf', 'max_iter': 1000}, grid.best_score_=0.7777777777777778, grid.best_index_=17, acc=0.75, time=0.22208094596862793
04-09-2022 01:39:02|INFO|Is groups None: True 
04-09-2022 01:39:02|INFO|9/10|grid.best_params_={'C': 10000.0, 'gamma': 0.001, 'kernel': 'rbf', 'max_iter': 1000}, grid.best_score_=0.8055555555555556, grid.best_index_=24, acc=0.5, time=0.22618579864501953
04-09-2022 01:39:02|INFO|Is groups None: True 
04-09-2022 01:39:02|INFO|10/10|grid.best_params_={'C': 1000000.0, 'gamma': 1e-05, 'kernel': 'rbf', 'max_iter': 1000}, grid.best_score_=0.8333333333333334, grid.best_index_=30, acc=0.75, time=0.6055045127868652
04-09-2022 01:39:03|INFO|s23|10-CV=0.77500|STD=0.17500|Time spend=3.711212396621704
04-09-2022 01:39:03|INFO|Running Split-First
04-09-2022 01:39:03|INFO|X.shape=(40, 11), y.shape=(40,), groups.shape=(40,)
04-09-2022 01:39:03|INFO|Is groups None: True 
04-09-2022 01:39:03|INFO|1/10|grid.best_params_={'C': 100.0, 'gamma': 0.001, 'kernel': 'rbf', 'max_iter': 1000}, grid.best_score_=0.8611111111111112, grid.best_index_=17, acc=1.0, time=0.2364053726196289
04-09-2022 01:39:03|INFO|Is groups None: True 
04-09-2022 01:39:03|INFO|2/10|grid.best_params_={'C': 100.0, 'gamma': 0.001, 'kernel': 'rbf', 'max_iter': 1000}, grid.best_score_=0.8611111111111112, grid.best_index_=17, acc=1.0, time=0.22933340072631836
04-09-2022 01:39:03|INFO|Is groups None: True 
04-09-2022 01:39:04|INFO|3/10|grid.best_params_={'C': 100.0, 'gamma': 0.001, 'kernel': 'rbf', 'max_iter': 1000}, grid.best_score_=0.8611111111111112, grid.best_index_=17, acc=1.0, time=0.23137378692626953
04-09-2022 01:39:04|INFO|Is groups None: True 
04-09-2022 01:39:04|INFO|4/10|grid.best_params_={'C': 0.01, 'gamma': 1e-09, 'kernel': 'rbf', 'max_iter': 1000}, grid.best_score_=0.8333333333333334, grid.best_index_=0, acc=0.75, time=0.5909974575042725
04-09-2022 01:39:04|INFO|Is groups None: True 
04-09-2022 01:39:04|INFO|5/10|grid.best_params_={'C': 100.0, 'gamma': 0.001, 'kernel': 'rbf', 'max_iter': 1000}, grid.best_score_=0.8611111111111112, grid.best_index_=17, acc=0.75, time=0.2365880012512207
04-09-2022 01:39:04|INFO|Is groups None: True 
04-09-2022 01:39:05|INFO|6/10|grid.best_params_={'C': 100.0, 'gamma': 0.001, 'kernel': 'rbf', 'max_iter': 1000}, grid.best_score_=0.8888888888888888, grid.best_index_=17, acc=0.75, time=0.23035192489624023
04-09-2022 01:39:05|INFO|Is groups None: True 
04-09-2022 01:39:05|INFO|7/10|grid.best_params_={'C': 100.0, 'gamma': 0.001, 'kernel': 'rbf', 'max_iter': 1000}, grid.best_score_=0.8888888888888888, grid.best_index_=17, acc=0.75, time=0.2556600570678711
04-09-2022 01:39:05|INFO|Is groups None: True 
04-09-2022 01:39:06|INFO|8/10|grid.best_params_={'C': 100.0, 'gamma': 0.001, 'kernel': 'rbf', 'max_iter': 1000}, grid.best_score_=0.8888888888888888, grid.best_index_=17, acc=0.75, time=0.6110072135925293
04-09-2022 01:39:06|INFO|Is groups None: True 
04-09-2022 01:39:06|INFO|9/10|grid.best_params_={'C': 0.01, 'gamma': 1e-09, 'kernel': 'rbf', 'max_iter': 1000}, grid.best_score_=0.8333333333333334, grid.best_index_=0, acc=0.75, time=0.24470186233520508
04-09-2022 01:39:06|INFO|Is groups None: True 
04-09-2022 01:39:06|INFO|10/10|grid.best_params_={'C': 100.0, 'gamma': 0.001, 'kernel': 'rbf', 'max_iter': 1000}, grid.best_score_=0.8888888888888888, grid.best_index_=17, acc=0.75, time=0.21653413772583008
04-09-2022 01:39:06|INFO|s24|10-CV=0.82500|STD=0.11456|Time spend=3.5276970863342285
04-09-2022 01:39:06|INFO|Running Split-First
04-09-2022 01:39:06|INFO|X.shape=(40, 11), y.shape=(40,), groups.shape=(40,)
04-09-2022 01:39:06|INFO|Is groups None: True 
04-09-2022 01:39:07|INFO|1/10|grid.best_params_={'C': 10000.0, 'gamma': 0.001, 'kernel': 'rbf', 'max_iter': 1000}, grid.best_score_=0.75, grid.best_index_=24, acc=0.75, time=0.27974772453308105
04-09-2022 01:39:07|INFO|Is groups None: True 
04-09-2022 01:39:07|INFO|2/10|grid.best_params_={'C': 10000000000.0, 'gamma': 1e-09, 'kernel': 'rbf', 'max_iter': 1000}, grid.best_score_=0.7777777777777778, grid.best_index_=42, acc=0.75, time=0.22440648078918457
04-09-2022 01:39:07|INFO|Is groups None: True 
04-09-2022 01:39:07|INFO|3/10|grid.best_params_={'C': 100000000.0, 'gamma': 1e-09, 'kernel': 'rbf', 'max_iter': 1000}, grid.best_score_=0.75, grid.best_index_=35, acc=0.75, time=0.23136043548583984
04-09-2022 01:39:07|INFO|Is groups None: True 
04-09-2022 01:39:08|INFO|4/10|grid.best_params_={'C': 0.01, 'gamma': 1e-09, 'kernel': 'rbf', 'max_iter': 1000}, grid.best_score_=0.7222222222222222, grid.best_index_=0, acc=0.75, time=0.5909824371337891
04-09-2022 01:39:08|INFO|Is groups None: True 
04-09-2022 01:39:08|INFO|5/10|grid.best_params_={'C': 100.0, 'gamma': 0.001, 'kernel': 'rbf', 'max_iter': 1000}, grid.best_score_=0.7777777777777778, grid.best_index_=17, acc=0.5, time=0.22443032264709473
04-09-2022 01:39:08|INFO|Is groups None: True 
04-09-2022 01:39:08|INFO|6/10|grid.best_params_={'C': 0.01, 'gamma': 1e-09, 'kernel': 'rbf', 'max_iter': 1000}, grid.best_score_=0.7222222222222222, grid.best_index_=0, acc=0.75, time=0.2321302890777588
04-09-2022 01:39:08|INFO|Is groups None: True 
04-09-2022 01:39:09|INFO|7/10|grid.best_params_={'C': 10000000000.0, 'gamma': 1e-09, 'kernel': 'rbf', 'max_iter': 1000}, grid.best_score_=0.7777777777777778, grid.best_index_=42, acc=0.5, time=0.45981287956237793
04-09-2022 01:39:09|INFO|Is groups None: True 
04-09-2022 01:39:09|INFO|8/10|grid.best_params_={'C': 0.01, 'gamma': 1e-09, 'kernel': 'rbf', 'max_iter': 1000}, grid.best_score_=0.7222222222222222, grid.best_index_=0, acc=0.75, time=0.24040913581848145
04-09-2022 01:39:09|INFO|Is groups None: True 
04-09-2022 01:39:09|INFO|9/10|grid.best_params_={'C': 0.01, 'gamma': 1e-09, 'kernel': 'rbf', 'max_iter': 1000}, grid.best_score_=0.7222222222222222, grid.best_index_=0, acc=0.75, time=0.23826980590820312
04-09-2022 01:39:09|INFO|Is groups None: True 
04-09-2022 01:39:10|INFO|10/10|grid.best_params_={'C': 10000000000.0, 'gamma': 1e-09, 'kernel': 'rbf', 'max_iter': 1000}, grid.best_score_=0.7777777777777778, grid.best_index_=42, acc=0.5, time=0.5182878971099854
04-09-2022 01:39:10|INFO|s25|10-CV=0.67500|STD=0.11456|Time spend=3.7065751552581787
04-09-2022 01:39:10|INFO|Running Split-First
04-09-2022 01:39:10|INFO|X.shape=(40, 11), y.shape=(40,), groups.shape=(40,)
04-09-2022 01:39:10|INFO|Is groups None: True 
04-09-2022 01:39:10|INFO|1/10|grid.best_params_={'C': 100000000.0, 'gamma': 1e-07, 'kernel': 'rbf', 'max_iter': 1000}, grid.best_score_=0.6666666666666666, grid.best_index_=36, acc=0.75, time=0.2523653507232666
04-09-2022 01:39:10|INFO|Is groups None: True 
04-09-2022 01:39:11|INFO|2/10|grid.best_params_={'C': 100000000.0, 'gamma': 1e-07, 'kernel': 'rbf', 'max_iter': 1000}, grid.best_score_=0.6944444444444444, grid.best_index_=36, acc=0.5, time=0.2262561321258545
04-09-2022 01:39:11|INFO|Is groups None: True 
04-09-2022 01:39:11|INFO|3/10|grid.best_params_={'C': 1000000.0, 'gamma': 1e-05, 'kernel': 'rbf', 'max_iter': 1000}, grid.best_score_=0.7222222222222222, grid.best_index_=30, acc=0.5, time=0.3684682846069336
04-09-2022 01:39:11|INFO|Is groups None: True 
04-09-2022 01:39:11|INFO|4/10|grid.best_params_={'C': 1000000.0, 'gamma': 1e-05, 'kernel': 'rbf', 'max_iter': 1000}, grid.best_score_=0.7222222222222222, grid.best_index_=30, acc=0.5, time=0.24155330657958984
04-09-2022 01:39:11|INFO|Is groups None: True 
04-09-2022 01:39:11|INFO|5/10|grid.best_params_={'C': 1000000.0, 'gamma': 1e-05, 'kernel': 'rbf', 'max_iter': 1000}, grid.best_score_=0.6666666666666666, grid.best_index_=30, acc=0.25, time=0.23550152778625488
04-09-2022 01:39:11|INFO|Is groups None: True 
04-09-2022 01:39:12|INFO|6/10|grid.best_params_={'C': 100000000.0, 'gamma': 1e-07, 'kernel': 'rbf', 'max_iter': 1000}, grid.best_score_=0.6111111111111112, grid.best_index_=36, acc=0.5, time=0.6160106658935547
04-09-2022 01:39:12|INFO|Is groups None: True 
04-09-2022 01:39:12|INFO|7/10|grid.best_params_={'C': 1000000.0, 'gamma': 1e-05, 'kernel': 'rbf', 'max_iter': 1000}, grid.best_score_=0.6944444444444444, grid.best_index_=30, acc=0.75, time=0.23285579681396484
04-09-2022 01:39:12|INFO|Is groups None: True 
04-09-2022 01:39:13|INFO|8/10|grid.best_params_={'C': 10000.0, 'gamma': 1e-05, 'kernel': 'rbf', 'max_iter': 1000}, grid.best_score_=0.6388888888888888, grid.best_index_=23, acc=0.5, time=0.2410571575164795
04-09-2022 01:39:13|INFO|Is groups None: True 
04-09-2022 01:39:13|INFO|9/10|grid.best_params_={'C': 1000000.0, 'gamma': 1e-05, 'kernel': 'rbf', 'max_iter': 1000}, grid.best_score_=0.6944444444444444, grid.best_index_=30, acc=0.5, time=0.6063764095306396
04-09-2022 01:39:13|INFO|Is groups None: True 
04-09-2022 01:39:13|INFO|10/10|grid.best_params_={'C': 100000000.0, 'gamma': 1e-07, 'kernel': 'rbf', 'max_iter': 1000}, grid.best_score_=0.6111111111111112, grid.best_index_=36, acc=0.75, time=0.23981308937072754
04-09-2022 01:39:13|INFO|s26|10-CV=0.55000|STD=0.15000|Time spend=3.662088394165039
04-09-2022 01:39:14|INFO|Running Split-First
04-09-2022 01:39:14|INFO|X.shape=(40, 11), y.shape=(40,), groups.shape=(40,)
04-09-2022 01:39:14|INFO|Is groups None: True 
04-09-2022 01:39:14|INFO|1/10|grid.best_params_={'C': 1.0, 'gamma': 0.1, 'kernel': 'rbf', 'max_iter': 1000}, grid.best_score_=0.7222222222222222, grid.best_index_=11, acc=0.5, time=0.2265331745147705
04-09-2022 01:39:14|INFO|Is groups None: True 
04-09-2022 01:39:14|INFO|2/10|grid.best_params_={'C': 100.0, 'gamma': 0.001, 'kernel': 'rbf', 'max_iter': 1000}, grid.best_score_=0.6944444444444444, grid.best_index_=17, acc=0.5, time=0.22972393035888672
04-09-2022 01:39:14|INFO|Is groups None: True 
04-09-2022 01:39:15|INFO|3/10|grid.best_params_={'C': 1.0, 'gamma': 0.1, 'kernel': 'rbf', 'max_iter': 1000}, grid.best_score_=0.6944444444444444, grid.best_index_=11, acc=0.75, time=0.5169117450714111
04-09-2022 01:39:15|INFO|Is groups None: True 
04-09-2022 01:39:15|INFO|4/10|grid.best_params_={'C': 0.01, 'gamma': 1e-09, 'kernel': 'rbf', 'max_iter': 1000}, grid.best_score_=0.6666666666666666, grid.best_index_=0, acc=0.75, time=0.22729134559631348
04-09-2022 01:39:15|INFO|Is groups None: True 
04-09-2022 01:39:15|INFO|5/10|grid.best_params_={'C': 0.01, 'gamma': 1e-09, 'kernel': 'rbf', 'max_iter': 1000}, grid.best_score_=0.6666666666666666, grid.best_index_=0, acc=0.75, time=0.21877145767211914
04-09-2022 01:39:15|INFO|Is groups None: True 
04-09-2022 01:39:15|INFO|6/10|grid.best_params_={'C': 1.0, 'gamma': 0.1, 'kernel': 'rbf', 'max_iter': 1000}, grid.best_score_=0.7777777777777778, grid.best_index_=11, acc=0.5, time=0.26044416427612305
04-09-2022 01:39:15|INFO|Is groups None: True 
04-09-2022 01:39:16|INFO|7/10|grid.best_params_={'C': 100000000.0, 'gamma': 1e-07, 'kernel': 'rbf', 'max_iter': 1000}, grid.best_score_=0.7222222222222222, grid.best_index_=36, acc=0.5, time=0.508777379989624
04-09-2022 01:39:16|INFO|Is groups None: True 
04-09-2022 01:39:16|INFO|8/10|grid.best_params_={'C': 100000000.0, 'gamma': 1e-09, 'kernel': 'rbf', 'max_iter': 1000}, grid.best_score_=0.7222222222222222, grid.best_index_=35, acc=0.5, time=0.3173048496246338
04-09-2022 01:39:16|INFO|Is groups None: True 
04-09-2022 01:39:17|INFO|9/10|grid.best_params_={'C': 100000000.0, 'gamma': 1e-05, 'kernel': 'rbf', 'max_iter': 1000}, grid.best_score_=0.7222222222222222, grid.best_index_=37, acc=0.5, time=0.23951435089111328
04-09-2022 01:39:17|INFO|Is groups None: True 
04-09-2022 01:39:17|INFO|10/10|grid.best_params_={'C': 10000000000.0, 'gamma': 1e-09, 'kernel': 'rbf', 'max_iter': 1000}, grid.best_score_=0.75, grid.best_index_=42, acc=0.75, time=0.24985623359680176
04-09-2022 01:39:17|INFO|s27|10-CV=0.60000|STD=0.12247|Time spend=3.42819881439209
04-09-2022 01:39:17|INFO|Running Split-First
04-09-2022 01:39:17|INFO|X.shape=(40, 11), y.shape=(40,), groups.shape=(40,)
04-09-2022 01:39:17|INFO|Is groups None: True 
04-09-2022 01:39:18|INFO|1/10|grid.best_params_={'C': 0.01, 'gamma': 1e-09, 'kernel': 'rbf', 'max_iter': 1000}, grid.best_score_=0.5555555555555556, grid.best_index_=0, acc=0.5, time=0.3234105110168457
04-09-2022 01:39:18|INFO|Is groups None: True 
04-09-2022 01:39:18|INFO|2/10|grid.best_params_={'C': 100000000.0, 'gamma': 1e-07, 'kernel': 'rbf', 'max_iter': 1000}, grid.best_score_=0.5833333333333334, grid.best_index_=36, acc=0.5, time=0.22356963157653809
04-09-2022 01:39:18|INFO|Is groups None: True 
04-09-2022 01:39:18|INFO|3/10|grid.best_params_={'C': 0.01, 'gamma': 1e-09, 'kernel': 'rbf', 'max_iter': 1000}, grid.best_score_=0.5555555555555556, grid.best_index_=0, acc=0.5, time=0.2332751750946045
04-09-2022 01:39:18|INFO|Is groups None: True 
04-09-2022 01:39:19|INFO|4/10|grid.best_params_={'C': 0.01, 'gamma': 1e-09, 'kernel': 'rbf', 'max_iter': 1000}, grid.best_score_=0.5555555555555556, grid.best_index_=0, acc=0.5, time=0.4859645366668701
04-09-2022 01:39:19|INFO|Is groups None: True 
04-09-2022 01:39:19|INFO|5/10|grid.best_params_={'C': 10000.0, 'gamma': 1e-05, 'kernel': 'rbf', 'max_iter': 1000}, grid.best_score_=0.6111111111111112, grid.best_index_=23, acc=0.25, time=0.2563612461090088
04-09-2022 01:39:19|INFO|Is groups None: True 
04-09-2022 01:39:19|INFO|6/10|grid.best_params_={'C': 10000.0, 'gamma': 0.001, 'kernel': 'rbf', 'max_iter': 1000}, grid.best_score_=0.7222222222222222, grid.best_index_=24, acc=0.0, time=0.23295140266418457
04-09-2022 01:39:19|INFO|Is groups None: True 
04-09-2022 01:39:20|INFO|7/10|grid.best_params_={'C': 100000000.0, 'gamma': 1e-05, 'kernel': 'rbf', 'max_iter': 1000}, grid.best_score_=0.6388888888888888, grid.best_index_=37, acc=0.5, time=0.5869777202606201
04-09-2022 01:39:20|INFO|Is groups None: True 
04-09-2022 01:39:20|INFO|8/10|grid.best_params_={'C': 100000000.0, 'gamma': 1e-07, 'kernel': 'rbf', 'max_iter': 1000}, grid.best_score_=0.6111111111111112, grid.best_index_=36, acc=0.5, time=0.23973679542541504
04-09-2022 01:39:20|INFO|Is groups None: True 
04-09-2022 01:39:20|INFO|9/10|grid.best_params_={'C': 100000000.0, 'gamma': 1e-05, 'kernel': 'rbf', 'max_iter': 1000}, grid.best_score_=0.5555555555555556, grid.best_index_=37, acc=1.0, time=0.581256628036499
04-09-2022 01:39:20|INFO|Is groups None: True 
04-09-2022 01:39:21|INFO|10/10|grid.best_params_={'C': 1000000.0, 'gamma': 0.001, 'kernel': 'rbf', 'max_iter': 1000}, grid.best_score_=0.6388888888888888, grid.best_index_=31, acc=0.5, time=0.22893500328063965
04-09-2022 01:39:21|INFO|s28|10-CV=0.47500|STD=0.23585|Time spend=3.8556203842163086
04-09-2022 01:39:21|INFO|Running Split-First
04-09-2022 01:39:21|INFO|X.shape=(40, 11), y.shape=(40,), groups.shape=(40,)
04-09-2022 01:39:21|INFO|Is groups None: True 
04-09-2022 01:39:21|INFO|1/10|grid.best_params_={'C': 100.0, 'gamma': 0.1, 'kernel': 'rbf', 'max_iter': 1000}, grid.best_score_=0.7222222222222222, grid.best_index_=18, acc=0.5, time=0.26224422454833984
04-09-2022 01:39:21|INFO|Is groups None: True 
04-09-2022 01:39:22|INFO|2/10|grid.best_params_={'C': 100.0, 'gamma': 0.001, 'kernel': 'rbf', 'max_iter': 1000}, grid.best_score_=0.7222222222222222, grid.best_index_=17, acc=0.5, time=0.24939274787902832
04-09-2022 01:39:22|INFO|Is groups None: True 
04-09-2022 01:39:22|INFO|3/10|grid.best_params_={'C': 1.0, 'gamma': 0.1, 'kernel': 'rbf', 'max_iter': 1000}, grid.best_score_=0.6666666666666666, grid.best_index_=11, acc=0.5, time=0.22220420837402344
04-09-2022 01:39:22|INFO|Is groups None: True 
04-09-2022 01:39:22|INFO|4/10|grid.best_params_={'C': 1.0, 'gamma': 0.1, 'kernel': 'rbf', 'max_iter': 1000}, grid.best_score_=0.7222222222222222, grid.best_index_=11, acc=0.5, time=0.4701097011566162
04-09-2022 01:39:22|INFO|Is groups None: True 
04-09-2022 01:39:22|INFO|5/10|grid.best_params_={'C': 0.01, 'gamma': 1e-09, 'kernel': 'rbf', 'max_iter': 1000}, grid.best_score_=0.6111111111111112, grid.best_index_=0, acc=0.75, time=0.2362971305847168
04-09-2022 01:39:23|INFO|Is groups None: True 
04-09-2022 01:39:23|INFO|6/10|grid.best_params_={'C': 100000000.0, 'gamma': 1e-09, 'kernel': 'rbf', 'max_iter': 1000}, grid.best_score_=0.6666666666666666, grid.best_index_=35, acc=0.75, time=0.24805212020874023
04-09-2022 01:39:23|INFO|Is groups None: True 
04-09-2022 01:39:23|INFO|7/10|grid.best_params_={'C': 100.0, 'gamma': 0.1, 'kernel': 'rbf', 'max_iter': 1000}, grid.best_score_=0.6666666666666666, grid.best_index_=18, acc=0.5, time=0.47574615478515625
04-09-2022 01:39:23|INFO|Is groups None: True 
04-09-2022 01:39:23|INFO|8/10|grid.best_params_={'C': 100000000.0, 'gamma': 1e-05, 'kernel': 'rbf', 'max_iter': 1000}, grid.best_score_=0.6666666666666666, grid.best_index_=37, acc=0.5, time=0.23061466217041016
04-09-2022 01:39:23|INFO|Is groups None: True 
04-09-2022 01:39:24|INFO|9/10|grid.best_params_={'C': 100.0, 'gamma': 0.1, 'kernel': 'rbf', 'max_iter': 1000}, grid.best_score_=0.6944444444444444, grid.best_index_=18, acc=0.5, time=0.6677687168121338
04-09-2022 01:39:24|INFO|Is groups None: True 
04-09-2022 01:39:24|INFO|10/10|grid.best_params_={'C': 1.0, 'gamma': 0.1, 'kernel': 'rbf', 'max_iter': 1000}, grid.best_score_=0.6944444444444444, grid.best_index_=11, acc=0.25, time=0.2352902889251709
04-09-2022 01:39:24|INFO|s29|10-CV=0.52500|STD=0.13463|Time spend=3.709923028945923
04-09-2022 01:39:25|INFO|Running Split-First
04-09-2022 01:39:25|INFO|X.shape=(40, 11), y.shape=(40,), groups.shape=(40,)
04-09-2022 01:39:25|INFO|Is groups None: True 
04-09-2022 01:39:25|INFO|1/10|grid.best_params_={'C': 1000000.0, 'gamma': 0.001, 'kernel': 'rbf', 'max_iter': 1000}, grid.best_score_=0.6944444444444444, grid.best_index_=31, acc=0.5, time=0.26047205924987793
04-09-2022 01:39:25|INFO|Is groups None: True 
04-09-2022 01:39:25|INFO|2/10|grid.best_params_={'C': 10000000000.0, 'gamma': 1e-07, 'kernel': 'rbf', 'max_iter': 1000}, grid.best_score_=0.6388888888888888, grid.best_index_=43, acc=0.75, time=0.23250722885131836
04-09-2022 01:39:25|INFO|Is groups None: True 
04-09-2022 01:39:25|INFO|3/10|grid.best_params_={'C': 100000000.0, 'gamma': 1e-05, 'kernel': 'rbf', 'max_iter': 1000}, grid.best_score_=0.6388888888888888, grid.best_index_=37, acc=0.5, time=0.23283886909484863
04-09-2022 01:39:25|INFO|Is groups None: True 
04-09-2022 01:39:26|INFO|4/10|grid.best_params_={'C': 1000000.0, 'gamma': 0.001, 'kernel': 'rbf', 'max_iter': 1000}, grid.best_score_=0.6666666666666666, grid.best_index_=31, acc=0.5, time=0.5899264812469482
04-09-2022 01:39:26|INFO|Is groups None: True 
04-09-2022 01:39:26|INFO|5/10|grid.best_params_={'C': 1000000.0, 'gamma': 1e-07, 'kernel': 'rbf', 'max_iter': 1000}, grid.best_score_=0.6944444444444444, grid.best_index_=29, acc=0.5, time=0.22748994827270508
04-09-2022 01:39:26|INFO|Is groups None: True 
04-09-2022 01:39:27|INFO|6/10|grid.best_params_={'C': 10000.0, 'gamma': 0.001, 'kernel': 'rbf', 'max_iter': 1000}, grid.best_score_=0.6666666666666666, grid.best_index_=24, acc=0.75, time=0.24193787574768066
04-09-2022 01:39:27|INFO|Is groups None: True 
04-09-2022 01:39:27|INFO|7/10|grid.best_params_={'C': 100.0, 'gamma': 0.001, 'kernel': 'rbf', 'max_iter': 1000}, grid.best_score_=0.6666666666666666, grid.best_index_=17, acc=0.5, time=0.5807232856750488
04-09-2022 01:39:27|INFO|Is groups None: True 
04-09-2022 01:39:27|INFO|8/10|grid.best_params_={'C': 100.0, 'gamma': 0.001, 'kernel': 'rbf', 'max_iter': 1000}, grid.best_score_=0.6388888888888888, grid.best_index_=17, acc=0.25, time=0.22328758239746094
04-09-2022 01:39:27|INFO|Is groups None: True 
04-09-2022 01:39:28|INFO|9/10|grid.best_params_={'C': 10000000000.0, 'gamma': 1e-07, 'kernel': 'rbf', 'max_iter': 1000}, grid.best_score_=0.6388888888888888, grid.best_index_=43, acc=0.25, time=0.24974918365478516
04-09-2022 01:39:28|INFO|Is groups None: True 
04-09-2022 01:39:28|INFO|10/10|grid.best_params_={'C': 0.01, 'gamma': 1e-09, 'kernel': 'rbf', 'max_iter': 1000}, grid.best_score_=0.7222222222222222, grid.best_index_=0, acc=0.25, time=0.696281909942627
04-09-2022 01:39:28|INFO|s30|10-CV=0.47500|STD=0.17500|Time spend=3.950162649154663
04-09-2022 01:39:29|INFO|Running Split-First
04-09-2022 01:39:29|INFO|X.shape=(40, 11), y.shape=(40,), groups.shape=(40,)
04-09-2022 01:39:29|INFO|Is groups None: True 
04-09-2022 01:39:29|INFO|1/10|grid.best_params_={'C': 10000000000.0, 'gamma': 1e-09, 'kernel': 'rbf', 'max_iter': 1000}, grid.best_score_=0.6944444444444444, grid.best_index_=42, acc=1.0, time=0.30740880966186523
04-09-2022 01:39:29|INFO|Is groups None: True 
04-09-2022 01:39:29|INFO|2/10|grid.best_params_={'C': 10000.0, 'gamma': 0.001, 'kernel': 'rbf', 'max_iter': 1000}, grid.best_score_=0.6944444444444444, grid.best_index_=24, acc=0.5, time=0.20986557006835938
04-09-2022 01:39:29|INFO|Is groups None: True 
04-09-2022 01:39:29|INFO|3/10|grid.best_params_={'C': 100.0, 'gamma': 0.001, 'kernel': 'rbf', 'max_iter': 1000}, grid.best_score_=0.6944444444444444, grid.best_index_=17, acc=0.5, time=0.22163987159729004
04-09-2022 01:39:29|INFO|Is groups None: True 
04-09-2022 01:39:30|INFO|4/10|grid.best_params_={'C': 10000000000.0, 'gamma': 1e-07, 'kernel': 'rbf', 'max_iter': 1000}, grid.best_score_=0.7777777777777778, grid.best_index_=43, acc=0.5, time=0.6372668743133545
04-09-2022 01:39:30|INFO|Is groups None: True 
04-09-2022 01:39:30|INFO|5/10|grid.best_params_={'C': 10000.0, 'gamma': 1e-05, 'kernel': 'rbf', 'max_iter': 1000}, grid.best_score_=0.5833333333333334, grid.best_index_=23, acc=0.75, time=0.2470560073852539
04-09-2022 01:39:30|INFO|Is groups None: True 
04-09-2022 01:39:31|INFO|6/10|grid.best_params_={'C': 100000000.0, 'gamma': 1e-05, 'kernel': 'rbf', 'max_iter': 1000}, grid.best_score_=0.6388888888888888, grid.best_index_=37, acc=0.75, time=0.23112797737121582
04-09-2022 01:39:31|INFO|Is groups None: True 
04-09-2022 01:39:31|INFO|7/10|grid.best_params_={'C': 100000000.0, 'gamma': 1e-07, 'kernel': 'rbf', 'max_iter': 1000}, grid.best_score_=0.7777777777777778, grid.best_index_=36, acc=0.75, time=0.46529221534729004
04-09-2022 01:39:31|INFO|Is groups None: True 
04-09-2022 01:39:31|INFO|8/10|grid.best_params_={'C': 100.0, 'gamma': 0.001, 'kernel': 'rbf', 'max_iter': 1000}, grid.best_score_=0.6944444444444444, grid.best_index_=17, acc=0.25, time=0.23346257209777832
04-09-2022 01:39:31|INFO|Is groups None: True 
04-09-2022 01:39:31|INFO|9/10|grid.best_params_={'C': 10000000000.0, 'gamma': 1e-07, 'kernel': 'rbf', 'max_iter': 1000}, grid.best_score_=0.6666666666666666, grid.best_index_=43, acc=0.75, time=0.23245906829833984
04-09-2022 01:39:31|INFO|Is groups None: True 
04-09-2022 01:39:32|INFO|10/10|grid.best_params_={'C': 1.0, 'gamma': 0.1, 'kernel': 'rbf', 'max_iter': 1000}, grid.best_score_=0.6944444444444444, grid.best_index_=11, acc=0.5, time=0.4805409908294678
04-09-2022 01:39:32|INFO|s31|10-CV=0.62500|STD=0.20156|Time spend=3.611013412475586
04-09-2022 01:39:32|INFO|Running Split-First
04-09-2022 01:39:32|INFO|X.shape=(40, 11), y.shape=(40,), groups.shape=(40,)
04-09-2022 01:39:32|INFO|Is groups None: True 
04-09-2022 01:39:32|INFO|1/10|grid.best_params_={'C': 0.01, 'gamma': 1e-09, 'kernel': 'rbf', 'max_iter': 1000}, grid.best_score_=0.6944444444444444, grid.best_index_=0, acc=0.5, time=0.21612024307250977
04-09-2022 01:39:33|INFO|Is groups None: True 
04-09-2022 01:39:33|INFO|2/10|grid.best_params_={'C': 1.0, 'gamma': 0.1, 'kernel': 'rbf', 'max_iter': 1000}, grid.best_score_=0.75, grid.best_index_=11, acc=0.5, time=0.23474526405334473
04-09-2022 01:39:33|INFO|Is groups None: True 
04-09-2022 01:39:33|INFO|3/10|grid.best_params_={'C': 0.01, 'gamma': 1e-09, 'kernel': 'rbf', 'max_iter': 1000}, grid.best_score_=0.6944444444444444, grid.best_index_=0, acc=0.5, time=0.4731018543243408
04-09-2022 01:39:33|INFO|Is groups None: True 
04-09-2022 01:39:33|INFO|4/10|grid.best_params_={'C': 100.0, 'gamma': 0.001, 'kernel': 'rbf', 'max_iter': 1000}, grid.best_score_=0.6944444444444444, grid.best_index_=17, acc=0.5, time=0.22304463386535645
04-09-2022 01:39:33|INFO|Is groups None: True 
04-09-2022 01:39:34|INFO|5/10|grid.best_params_={'C': 0.01, 'gamma': 1e-09, 'kernel': 'rbf', 'max_iter': 1000}, grid.best_score_=0.6666666666666666, grid.best_index_=0, acc=0.75, time=0.2794039249420166
04-09-2022 01:39:34|INFO|Is groups None: True 
04-09-2022 01:39:34|INFO|6/10|grid.best_params_={'C': 0.01, 'gamma': 1e-09, 'kernel': 'rbf', 'max_iter': 1000}, grid.best_score_=0.6666666666666666, grid.best_index_=0, acc=0.75, time=0.5815913677215576
04-09-2022 01:39:34|INFO|Is groups None: True 
04-09-2022 01:39:35|INFO|7/10|grid.best_params_={'C': 100000000.0, 'gamma': 1e-07, 'kernel': 'rbf', 'max_iter': 1000}, grid.best_score_=0.6944444444444444, grid.best_index_=36, acc=0.75, time=0.24053001403808594
04-09-2022 01:39:35|INFO|Is groups None: True 
04-09-2022 01:39:35|INFO|8/10|grid.best_params_={'C': 1.0, 'gamma': 0.1, 'kernel': 'rbf', 'max_iter': 1000}, grid.best_score_=0.75, grid.best_index_=11, acc=0.5, time=0.6200160980224609
04-09-2022 01:39:35|INFO|Is groups None: True 
04-09-2022 01:39:35|INFO|9/10|grid.best_params_={'C': 100.0, 'gamma': 0.1, 'kernel': 'rbf', 'max_iter': 1000}, grid.best_score_=0.6944444444444444, grid.best_index_=18, acc=0.75, time=0.23046398162841797
04-09-2022 01:39:35|INFO|Is groups None: True 
04-09-2022 01:39:36|INFO|10/10|grid.best_params_={'C': 100000000.0, 'gamma': 1e-09, 'kernel': 'rbf', 'max_iter': 1000}, grid.best_score_=0.7222222222222222, grid.best_index_=35, acc=0.75, time=0.22441673278808594
04-09-2022 01:39:36|INFO|s32|10-CV=0.62500|STD=0.12500|Time spend=3.714590549468994
04-09-2022 01:39:36|INFO|final|10-CV=0.61953|STD=0.04990
