04-09-2022 04:13:44|INFO|
    Running Command: 
        python3 main-ml.py --subject_setup dependent --experimental_setup segment --stimuli_class valence --preprocessing PLV --segment_lenght 60 --output_log ./output/dependent-segment-valence-PLV-60.log
    Starting training:
        segment_lenght:  60
        output_log:      ./output/dependent-segment-valence-PLV-60.log
        stimuli_class:   valence
        preprocessing:   PLV
        subject_setup:   dependent
        experimental_setup: segment
    
04-09-2022 04:13:54|INFO|Running Split-First
04-09-2022 04:13:54|INFO|X.shape=(40, 2480), y.shape=(40,), groups.shape=(40,)
04-09-2022 04:13:54|INFO|Is groups None: True 
04-09-2022 04:14:17|INFO|1/10|grid.best_params_={'C': 100.0, 'gamma': 0.001, 'kernel': 'rbf', 'max_iter': 1000}, grid.best_score_=0.5833333333333334, grid.best_index_=17, acc=1.0, time=23.343724489212036
04-09-2022 04:14:17|INFO|Is groups None: True 
04-09-2022 04:14:17|INFO|2/10|grid.best_params_={'C': 100.0, 'gamma': 1e-05, 'kernel': 'rbf', 'max_iter': 1000}, grid.best_score_=0.6111111111111112, grid.best_index_=16, acc=0.75, time=0.47891712188720703
04-09-2022 04:14:17|INFO|Is groups None: True 
04-09-2022 04:14:18|INFO|3/10|grid.best_params_={'C': 1000000.0, 'gamma': 1e-09, 'kernel': 'rbf', 'max_iter': 1000}, grid.best_score_=0.6666666666666666, grid.best_index_=28, acc=0.5, time=0.4912738800048828
04-09-2022 04:14:18|INFO|Is groups None: True 
04-09-2022 04:14:18|INFO|4/10|grid.best_params_={'C': 100.0, 'gamma': 1e-05, 'kernel': 'rbf', 'max_iter': 1000}, grid.best_score_=0.6388888888888888, grid.best_index_=16, acc=1.0, time=0.49698519706726074
04-09-2022 04:14:18|INFO|Is groups None: True 
04-09-2022 04:14:20|INFO|5/10|grid.best_params_={'C': 100.0, 'gamma': 0.001, 'kernel': 'rbf', 'max_iter': 1000}, grid.best_score_=0.6944444444444444, grid.best_index_=17, acc=0.25, time=1.1376590728759766
04-09-2022 04:14:20|INFO|Is groups None: True 
04-09-2022 04:14:20|INFO|6/10|grid.best_params_={'C': 100.0, 'gamma': 0.001, 'kernel': 'rbf', 'max_iter': 1000}, grid.best_score_=0.6944444444444444, grid.best_index_=17, acc=0.5, time=0.4822726249694824
04-09-2022 04:14:20|INFO|Is groups None: True 
04-09-2022 04:14:21|INFO|7/10|grid.best_params_={'C': 100.0, 'gamma': 1e-05, 'kernel': 'rbf', 'max_iter': 1000}, grid.best_score_=0.6666666666666666, grid.best_index_=16, acc=0.0, time=0.5138137340545654
04-09-2022 04:14:21|INFO|Is groups None: True 
04-09-2022 04:14:21|INFO|8/10|grid.best_params_={'C': 0.01, 'gamma': 0.001, 'kernel': 'rbf', 'max_iter': 1000}, grid.best_score_=0.5277777777777778, grid.best_index_=3, acc=0.5, time=0.5022404193878174
04-09-2022 04:14:21|INFO|Is groups None: True 
04-09-2022 04:14:22|INFO|9/10|grid.best_params_={'C': 100.0, 'gamma': 1e-05, 'kernel': 'rbf', 'max_iter': 1000}, grid.best_score_=0.6388888888888888, grid.best_index_=16, acc=0.5, time=1.1755762100219727
04-09-2022 04:14:22|INFO|Is groups None: True 
04-09-2022 04:14:23|INFO|10/10|grid.best_params_={'C': 1.0, 'gamma': 0.001, 'kernel': 'rbf', 'max_iter': 1000}, grid.best_score_=0.75, grid.best_index_=10, acc=0.25, time=0.4860846996307373
04-09-2022 04:14:23|INFO|s01|10-CV=0.52500|STD=0.30516|Time spend=38.33976435661316
04-09-2022 04:14:33|INFO|Running Split-First
04-09-2022 04:14:33|INFO|X.shape=(40, 2480), y.shape=(40,), groups.shape=(40,)
04-09-2022 04:14:33|INFO|Is groups None: True 
04-09-2022 04:14:33|INFO|1/10|grid.best_params_={'C': 100.0, 'gamma': 0.001, 'kernel': 'rbf', 'max_iter': 1000}, grid.best_score_=0.6388888888888888, grid.best_index_=17, acc=0.75, time=0.48982787132263184
04-09-2022 04:14:33|INFO|Is groups None: True 
04-09-2022 04:14:34|INFO|2/10|grid.best_params_={'C': 100.0, 'gamma': 1e-05, 'kernel': 'rbf', 'max_iter': 1000}, grid.best_score_=0.6111111111111112, grid.best_index_=16, acc=0.75, time=0.5252277851104736
04-09-2022 04:14:34|INFO|Is groups None: True 
04-09-2022 04:14:34|INFO|3/10|grid.best_params_={'C': 1.0, 'gamma': 0.001, 'kernel': 'rbf', 'max_iter': 1000}, grid.best_score_=0.6944444444444444, grid.best_index_=10, acc=0.5, time=0.4964485168457031
04-09-2022 04:14:34|INFO|Is groups None: True 
04-09-2022 04:14:35|INFO|4/10|grid.best_params_={'C': 10000.0, 'gamma': 1e-07, 'kernel': 'rbf', 'max_iter': 1000}, grid.best_score_=0.6944444444444444, grid.best_index_=22, acc=0.5, time=1.1005957126617432
04-09-2022 04:14:36|INFO|Is groups None: True 
04-09-2022 04:14:36|INFO|5/10|grid.best_params_={'C': 100.0, 'gamma': 1e-05, 'kernel': 'rbf', 'max_iter': 1000}, grid.best_score_=0.6944444444444444, grid.best_index_=16, acc=0.5, time=0.46181392669677734
04-09-2022 04:14:36|INFO|Is groups None: True 
04-09-2022 04:14:36|INFO|6/10|grid.best_params_={'C': 100.0, 'gamma': 0.001, 'kernel': 'rbf', 'max_iter': 1000}, grid.best_score_=0.6111111111111112, grid.best_index_=17, acc=0.25, time=0.49524664878845215
04-09-2022 04:14:36|INFO|Is groups None: True 
04-09-2022 04:14:37|INFO|7/10|grid.best_params_={'C': 1.0, 'gamma': 0.001, 'kernel': 'rbf', 'max_iter': 1000}, grid.best_score_=0.5833333333333334, grid.best_index_=10, acc=0.5, time=0.5077824592590332
04-09-2022 04:14:37|INFO|Is groups None: True 
04-09-2022 04:14:38|INFO|8/10|grid.best_params_={'C': 1.0, 'gamma': 0.001, 'kernel': 'rbf', 'max_iter': 1000}, grid.best_score_=0.6944444444444444, grid.best_index_=10, acc=0.25, time=1.1635031700134277
04-09-2022 04:14:38|INFO|Is groups None: True 
04-09-2022 04:14:39|INFO|9/10|grid.best_params_={'C': 10000.0, 'gamma': 1e-07, 'kernel': 'rbf', 'max_iter': 1000}, grid.best_score_=0.6944444444444444, grid.best_index_=22, acc=0.5, time=0.47019505500793457
04-09-2022 04:14:39|INFO|Is groups None: True 
04-09-2022 04:14:39|INFO|10/10|grid.best_params_={'C': 100.0, 'gamma': 1e-05, 'kernel': 'rbf', 'max_iter': 1000}, grid.best_score_=0.7222222222222222, grid.best_index_=16, acc=0.5, time=0.5098509788513184
04-09-2022 04:14:39|INFO|s02|10-CV=0.50000|STD=0.15811|Time spend=16.3271484375
04-09-2022 04:14:49|INFO|Running Split-First
04-09-2022 04:14:49|INFO|X.shape=(40, 2480), y.shape=(40,), groups.shape=(40,)
04-09-2022 04:14:49|INFO|Is groups None: True 
04-09-2022 04:14:50|INFO|1/10|grid.best_params_={'C': 1.0, 'gamma': 0.001, 'kernel': 'rbf', 'max_iter': 1000}, grid.best_score_=0.75, grid.best_index_=10, acc=0.5, time=0.58028244972229
04-09-2022 04:14:50|INFO|Is groups None: True 
04-09-2022 04:14:50|INFO|2/10|grid.best_params_={'C': 1.0, 'gamma': 0.001, 'kernel': 'rbf', 'max_iter': 1000}, grid.best_score_=0.7222222222222222, grid.best_index_=10, acc=0.75, time=0.49612855911254883
04-09-2022 04:14:50|INFO|Is groups None: True 
04-09-2022 04:14:51|INFO|3/10|grid.best_params_={'C': 100000000.0, 'gamma': 1e-09, 'kernel': 'rbf', 'max_iter': 1000}, grid.best_score_=0.7222222222222222, grid.best_index_=35, acc=0.25, time=0.4928779602050781
04-09-2022 04:14:51|INFO|Is groups None: True 
04-09-2022 04:14:51|INFO|4/10|grid.best_params_={'C': 1.0, 'gamma': 0.001, 'kernel': 'rbf', 'max_iter': 1000}, grid.best_score_=0.7222222222222222, grid.best_index_=10, acc=0.5, time=0.501218318939209
04-09-2022 04:14:51|INFO|Is groups None: True 
04-09-2022 04:14:53|INFO|5/10|grid.best_params_={'C': 1.0, 'gamma': 0.001, 'kernel': 'rbf', 'max_iter': 1000}, grid.best_score_=0.6666666666666666, grid.best_index_=10, acc=0.5, time=1.0364267826080322
04-09-2022 04:14:53|INFO|Is groups None: True 
04-09-2022 04:14:53|INFO|6/10|grid.best_params_={'C': 100.0, 'gamma': 0.001, 'kernel': 'rbf', 'max_iter': 1000}, grid.best_score_=0.6944444444444444, grid.best_index_=17, acc=0.5, time=0.4625422954559326
04-09-2022 04:14:53|INFO|Is groups None: True 
04-09-2022 04:14:54|INFO|7/10|grid.best_params_={'C': 100.0, 'gamma': 1e-05, 'kernel': 'rbf', 'max_iter': 1000}, grid.best_score_=0.7777777777777778, grid.best_index_=16, acc=0.75, time=0.544548511505127
04-09-2022 04:14:54|INFO|Is groups None: True 
04-09-2022 04:14:54|INFO|8/10|grid.best_params_={'C': 100.0, 'gamma': 1e-05, 'kernel': 'rbf', 'max_iter': 1000}, grid.best_score_=0.6944444444444444, grid.best_index_=16, acc=1.0, time=0.5158219337463379
04-09-2022 04:14:54|INFO|Is groups None: True 
04-09-2022 04:14:55|INFO|9/10|grid.best_params_={'C': 100.0, 'gamma': 0.001, 'kernel': 'rbf', 'max_iter': 1000}, grid.best_score_=0.75, grid.best_index_=17, acc=0.75, time=1.0641770362854004
04-09-2022 04:14:55|INFO|Is groups None: True 
04-09-2022 04:14:56|INFO|10/10|grid.best_params_={'C': 100.0, 'gamma': 1e-05, 'kernel': 'rbf', 'max_iter': 1000}, grid.best_score_=0.8333333333333334, grid.best_index_=16, acc=0.5, time=0.48880720138549805
04-09-2022 04:14:56|INFO|s03|10-CV=0.60000|STD=0.20000|Time spend=16.47995352745056
04-09-2022 04:15:06|INFO|Running Split-First
04-09-2022 04:15:06|INFO|X.shape=(40, 2480), y.shape=(40,), groups.shape=(40,)
04-09-2022 04:15:06|INFO|Is groups None: True 
04-09-2022 04:15:06|INFO|1/10|grid.best_params_={'C': 100.0, 'gamma': 1e-05, 'kernel': 'rbf', 'max_iter': 1000}, grid.best_score_=0.6944444444444444, grid.best_index_=16, acc=0.5, time=0.49414730072021484
04-09-2022 04:15:06|INFO|Is groups None: True 
04-09-2022 04:15:07|INFO|2/10|grid.best_params_={'C': 100.0, 'gamma': 1e-05, 'kernel': 'rbf', 'max_iter': 1000}, grid.best_score_=0.75, grid.best_index_=16, acc=1.0, time=0.5040068626403809
04-09-2022 04:15:07|INFO|Is groups None: True 
04-09-2022 04:15:07|INFO|3/10|grid.best_params_={'C': 1000000.0, 'gamma': 1e-09, 'kernel': 'rbf', 'max_iter': 1000}, grid.best_score_=0.75, grid.best_index_=28, acc=0.5, time=0.5360612869262695
04-09-2022 04:15:07|INFO|Is groups None: True 
04-09-2022 04:15:08|INFO|4/10|grid.best_params_={'C': 1.0, 'gamma': 0.001, 'kernel': 'rbf', 'max_iter': 1000}, grid.best_score_=0.6388888888888888, grid.best_index_=10, acc=0.5, time=0.5127246379852295
04-09-2022 04:15:08|INFO|Is groups None: True 
04-09-2022 04:15:09|INFO|5/10|grid.best_params_={'C': 1.0, 'gamma': 0.001, 'kernel': 'rbf', 'max_iter': 1000}, grid.best_score_=0.6388888888888888, grid.best_index_=10, acc=0.5, time=1.1199867725372314
04-09-2022 04:15:09|INFO|Is groups None: True 
04-09-2022 04:15:09|INFO|6/10|grid.best_params_={'C': 10000.0, 'gamma': 1e-07, 'kernel': 'rbf', 'max_iter': 1000}, grid.best_score_=0.6666666666666666, grid.best_index_=22, acc=0.75, time=0.4567534923553467
04-09-2022 04:15:09|INFO|Is groups None: True 
04-09-2022 04:15:10|INFO|7/10|grid.best_params_={'C': 1.0, 'gamma': 0.001, 'kernel': 'rbf', 'max_iter': 1000}, grid.best_score_=0.7222222222222222, grid.best_index_=10, acc=0.5, time=0.5331099033355713
04-09-2022 04:15:10|INFO|Is groups None: True 
04-09-2022 04:15:11|INFO|8/10|grid.best_params_={'C': 1.0, 'gamma': 0.001, 'kernel': 'rbf', 'max_iter': 1000}, grid.best_score_=0.6944444444444444, grid.best_index_=10, acc=0.75, time=0.5264153480529785
04-09-2022 04:15:11|INFO|Is groups None: True 
04-09-2022 04:15:12|INFO|9/10|grid.best_params_={'C': 1.0, 'gamma': 0.001, 'kernel': 'rbf', 'max_iter': 1000}, grid.best_score_=0.6388888888888888, grid.best_index_=10, acc=1.0, time=1.2119922637939453
04-09-2022 04:15:12|INFO|Is groups None: True 
04-09-2022 04:15:12|INFO|10/10|grid.best_params_={'C': 10000.0, 'gamma': 1e-05, 'kernel': 'rbf', 'max_iter': 1000}, grid.best_score_=0.6388888888888888, grid.best_index_=23, acc=0.5, time=0.49601125717163086
04-09-2022 04:15:12|INFO|s04|10-CV=0.65000|STD=0.20000|Time spend=16.60339903831482
04-09-2022 04:15:23|INFO|Running Split-First
04-09-2022 04:15:23|INFO|X.shape=(40, 2480), y.shape=(40,), groups.shape=(40,)
04-09-2022 04:15:23|INFO|Is groups None: True 
04-09-2022 04:15:23|INFO|1/10|grid.best_params_={'C': 10000.0, 'gamma': 1e-05, 'kernel': 'rbf', 'max_iter': 1000}, grid.best_score_=0.8055555555555556, grid.best_index_=23, acc=0.25, time=0.47948646545410156
04-09-2022 04:15:23|INFO|Is groups None: True 
04-09-2022 04:15:24|INFO|2/10|grid.best_params_={'C': 100000000.0, 'gamma': 1e-09, 'kernel': 'rbf', 'max_iter': 1000}, grid.best_score_=0.7222222222222222, grid.best_index_=35, acc=0.75, time=0.49649930000305176
04-09-2022 04:15:24|INFO|Is groups None: True 
04-09-2022 04:15:24|INFO|3/10|grid.best_params_={'C': 100000000.0, 'gamma': 1e-09, 'kernel': 'rbf', 'max_iter': 1000}, grid.best_score_=0.6111111111111112, grid.best_index_=35, acc=1.0, time=0.5415196418762207
04-09-2022 04:15:24|INFO|Is groups None: True 
04-09-2022 04:15:25|INFO|4/10|grid.best_params_={'C': 100000000.0, 'gamma': 1e-09, 'kernel': 'rbf', 'max_iter': 1000}, grid.best_score_=0.6388888888888888, grid.best_index_=35, acc=0.75, time=0.9865987300872803
04-09-2022 04:15:25|INFO|Is groups None: True 
04-09-2022 04:15:26|INFO|5/10|grid.best_params_={'C': 10000.0, 'gamma': 1e-07, 'kernel': 'rbf', 'max_iter': 1000}, grid.best_score_=0.6666666666666666, grid.best_index_=22, acc=1.0, time=0.47081851959228516
04-09-2022 04:15:26|INFO|Is groups None: True 
04-09-2022 04:15:26|INFO|6/10|grid.best_params_={'C': 100.0, 'gamma': 1e-05, 'kernel': 'rbf', 'max_iter': 1000}, grid.best_score_=0.75, grid.best_index_=16, acc=0.75, time=0.4944729804992676
04-09-2022 04:15:26|INFO|Is groups None: True 
04-09-2022 04:15:27|INFO|7/10|grid.best_params_={'C': 10000.0, 'gamma': 1e-05, 'kernel': 'rbf', 'max_iter': 1000}, grid.best_score_=0.6666666666666666, grid.best_index_=23, acc=0.75, time=0.5280230045318604
04-09-2022 04:15:27|INFO|Is groups None: True 
04-09-2022 04:15:27|INFO|8/10|grid.best_params_={'C': 10000.0, 'gamma': 1e-05, 'kernel': 'rbf', 'max_iter': 1000}, grid.best_score_=0.75, grid.best_index_=23, acc=0.75, time=0.49689459800720215
04-09-2022 04:15:27|INFO|Is groups None: True 
04-09-2022 04:15:28|INFO|9/10|grid.best_params_={'C': 100.0, 'gamma': 1e-05, 'kernel': 'rbf', 'max_iter': 1000}, grid.best_score_=0.75, grid.best_index_=16, acc=0.25, time=1.1516826152801514
04-09-2022 04:15:28|INFO|Is groups None: True 
04-09-2022 04:15:29|INFO|10/10|grid.best_params_={'C': 100.0, 'gamma': 1e-05, 'kernel': 'rbf', 'max_iter': 1000}, grid.best_score_=0.7777777777777778, grid.best_index_=16, acc=0.5, time=0.46454334259033203
04-09-2022 04:15:29|INFO|s05|10-CV=0.67500|STD=0.25125|Time spend=16.46875262260437
04-09-2022 04:15:39|INFO|Running Split-First
04-09-2022 04:15:39|INFO|X.shape=(40, 2480), y.shape=(40,), groups.shape=(40,)
04-09-2022 04:15:39|INFO|Is groups None: True 
04-09-2022 04:15:39|INFO|1/10|grid.best_params_={'C': 0.01, 'gamma': 1e-09, 'kernel': 'rbf', 'max_iter': 1000}, grid.best_score_=0.75, grid.best_index_=0, acc=0.75, time=0.5044386386871338
04-09-2022 04:15:39|INFO|Is groups None: True 
04-09-2022 04:15:40|INFO|2/10|grid.best_params_={'C': 0.01, 'gamma': 1e-09, 'kernel': 'rbf', 'max_iter': 1000}, grid.best_score_=0.75, grid.best_index_=0, acc=0.75, time=0.4936668872833252
04-09-2022 04:15:40|INFO|Is groups None: True 
04-09-2022 04:15:40|INFO|3/10|grid.best_params_={'C': 0.01, 'gamma': 1e-09, 'kernel': 'rbf', 'max_iter': 1000}, grid.best_score_=0.75, grid.best_index_=0, acc=0.75, time=0.5069828033447266
04-09-2022 04:15:40|INFO|Is groups None: True 
04-09-2022 04:15:41|INFO|4/10|grid.best_params_={'C': 0.01, 'gamma': 1e-09, 'kernel': 'rbf', 'max_iter': 1000}, grid.best_score_=0.75, grid.best_index_=0, acc=0.75, time=1.080580234527588
04-09-2022 04:15:41|INFO|Is groups None: True 
04-09-2022 04:15:42|INFO|5/10|grid.best_params_={'C': 0.01, 'gamma': 1e-09, 'kernel': 'rbf', 'max_iter': 1000}, grid.best_score_=0.75, grid.best_index_=0, acc=0.75, time=0.45722103118896484
04-09-2022 04:15:42|INFO|Is groups None: True 
04-09-2022 04:15:42|INFO|6/10|grid.best_params_={'C': 0.01, 'gamma': 1e-09, 'kernel': 'rbf', 'max_iter': 1000}, grid.best_score_=0.75, grid.best_index_=0, acc=0.75, time=0.503685712814331
04-09-2022 04:15:42|INFO|Is groups None: True 
04-09-2022 04:15:43|INFO|7/10|grid.best_params_={'C': 0.01, 'gamma': 1e-09, 'kernel': 'rbf', 'max_iter': 1000}, grid.best_score_=0.75, grid.best_index_=0, acc=0.75, time=0.5247793197631836
04-09-2022 04:15:43|INFO|Is groups None: True 
04-09-2022 04:15:43|INFO|8/10|grid.best_params_={'C': 0.01, 'gamma': 1e-09, 'kernel': 'rbf', 'max_iter': 1000}, grid.best_score_=0.75, grid.best_index_=0, acc=0.75, time=0.501725435256958
04-09-2022 04:15:43|INFO|Is groups None: True 
04-09-2022 04:15:45|INFO|9/10|grid.best_params_={'C': 0.01, 'gamma': 1e-09, 'kernel': 'rbf', 'max_iter': 1000}, grid.best_score_=0.75, grid.best_index_=0, acc=0.75, time=1.2603864669799805
04-09-2022 04:15:45|INFO|Is groups None: True 
04-09-2022 04:15:45|INFO|10/10|grid.best_params_={'C': 0.01, 'gamma': 1e-09, 'kernel': 'rbf', 'max_iter': 1000}, grid.best_score_=0.75, grid.best_index_=0, acc=0.75, time=0.48052287101745605
04-09-2022 04:15:45|INFO|s06|10-CV=0.75000|STD=0.00000|Time spend=16.421630144119263
04-09-2022 04:15:56|INFO|Running Split-First
04-09-2022 04:15:56|INFO|X.shape=(40, 2480), y.shape=(40,), groups.shape=(40,)
04-09-2022 04:15:56|INFO|Is groups None: True 
04-09-2022 04:15:56|INFO|1/10|grid.best_params_={'C': 100.0, 'gamma': 0.001, 'kernel': 'rbf', 'max_iter': 1000}, grid.best_score_=0.7222222222222222, grid.best_index_=17, acc=0.75, time=0.48617053031921387
04-09-2022 04:15:56|INFO|Is groups None: True 
04-09-2022 04:15:57|INFO|2/10|grid.best_params_={'C': 100.0, 'gamma': 0.001, 'kernel': 'rbf', 'max_iter': 1000}, grid.best_score_=0.75, grid.best_index_=17, acc=0.75, time=0.48514747619628906
04-09-2022 04:15:57|INFO|Is groups None: True 
04-09-2022 04:15:57|INFO|3/10|grid.best_params_={'C': 0.01, 'gamma': 1e-09, 'kernel': 'rbf', 'max_iter': 1000}, grid.best_score_=0.6944444444444444, grid.best_index_=0, acc=0.75, time=0.534841775894165
04-09-2022 04:15:57|INFO|Is groups None: True 
04-09-2022 04:15:58|INFO|4/10|grid.best_params_={'C': 10000.0, 'gamma': 1e-05, 'kernel': 'rbf', 'max_iter': 1000}, grid.best_score_=0.7222222222222222, grid.best_index_=23, acc=0.5, time=1.1256351470947266
04-09-2022 04:15:58|INFO|Is groups None: True 
04-09-2022 04:15:59|INFO|5/10|grid.best_params_={'C': 0.01, 'gamma': 1e-09, 'kernel': 'rbf', 'max_iter': 1000}, grid.best_score_=0.6944444444444444, grid.best_index_=0, acc=0.75, time=0.48102760314941406
04-09-2022 04:15:59|INFO|Is groups None: True 
04-09-2022 04:15:59|INFO|6/10|grid.best_params_={'C': 100.0, 'gamma': 0.001, 'kernel': 'rbf', 'max_iter': 1000}, grid.best_score_=0.7222222222222222, grid.best_index_=17, acc=0.75, time=0.5209417343139648
04-09-2022 04:15:59|INFO|Is groups None: True 
04-09-2022 04:16:00|INFO|7/10|grid.best_params_={'C': 0.01, 'gamma': 1e-09, 'kernel': 'rbf', 'max_iter': 1000}, grid.best_score_=0.6944444444444444, grid.best_index_=0, acc=0.75, time=0.5075266361236572
04-09-2022 04:16:00|INFO|Is groups None: True 
04-09-2022 04:16:01|INFO|8/10|grid.best_params_={'C': 100.0, 'gamma': 0.001, 'kernel': 'rbf', 'max_iter': 1000}, grid.best_score_=0.7222222222222222, grid.best_index_=17, acc=0.75, time=1.1090357303619385
04-09-2022 04:16:01|INFO|Is groups None: True 
04-09-2022 04:16:01|INFO|9/10|grid.best_params_={'C': 0.01, 'gamma': 1e-09, 'kernel': 'rbf', 'max_iter': 1000}, grid.best_score_=0.7222222222222222, grid.best_index_=0, acc=0.5, time=0.5115084648132324
04-09-2022 04:16:01|INFO|Is groups None: True 
04-09-2022 04:16:02|INFO|10/10|grid.best_params_={'C': 0.01, 'gamma': 1e-09, 'kernel': 'rbf', 'max_iter': 1000}, grid.best_score_=0.7222222222222222, grid.best_index_=0, acc=0.5, time=0.5527222156524658
04-09-2022 04:16:02|INFO|s07|10-CV=0.67500|STD=0.11456|Time spend=16.832438468933105
04-09-2022 04:16:12|INFO|Running Split-First
04-09-2022 04:16:12|INFO|X.shape=(40, 2480), y.shape=(40,), groups.shape=(40,)
04-09-2022 04:16:12|INFO|Is groups None: True 
04-09-2022 04:16:13|INFO|1/10|grid.best_params_={'C': 1.0, 'gamma': 0.001, 'kernel': 'rbf', 'max_iter': 1000}, grid.best_score_=0.6944444444444444, grid.best_index_=10, acc=0.75, time=0.5082001686096191
04-09-2022 04:16:13|INFO|Is groups None: True 
04-09-2022 04:16:13|INFO|2/10|grid.best_params_={'C': 1000000.0, 'gamma': 1e-07, 'kernel': 'rbf', 'max_iter': 1000}, grid.best_score_=0.6944444444444444, grid.best_index_=29, acc=0.5, time=0.5250680446624756
04-09-2022 04:16:13|INFO|Is groups None: True 
04-09-2022 04:16:14|INFO|3/10|grid.best_params_={'C': 10000.0, 'gamma': 1e-07, 'kernel': 'rbf', 'max_iter': 1000}, grid.best_score_=0.6944444444444444, grid.best_index_=22, acc=0.75, time=0.5161490440368652
04-09-2022 04:16:14|INFO|Is groups None: True 
04-09-2022 04:16:14|INFO|4/10|grid.best_params_={'C': 0.01, 'gamma': 1e-09, 'kernel': 'rbf', 'max_iter': 1000}, grid.best_score_=0.5555555555555556, grid.best_index_=0, acc=0.5, time=0.49156785011291504
04-09-2022 04:16:14|INFO|Is groups None: True 
04-09-2022 04:16:15|INFO|5/10|grid.best_params_={'C': 100.0, 'gamma': 1e-05, 'kernel': 'rbf', 'max_iter': 1000}, grid.best_score_=0.6944444444444444, grid.best_index_=16, acc=0.75, time=1.2176423072814941
04-09-2022 04:16:15|INFO|Is groups None: True 
04-09-2022 04:16:16|INFO|6/10|grid.best_params_={'C': 100.0, 'gamma': 1e-05, 'kernel': 'rbf', 'max_iter': 1000}, grid.best_score_=0.75, grid.best_index_=16, acc=0.0, time=0.5118179321289062
04-09-2022 04:16:16|INFO|Is groups None: True 
04-09-2022 04:16:16|INFO|7/10|grid.best_params_={'C': 1.0, 'gamma': 0.001, 'kernel': 'rbf', 'max_iter': 1000}, grid.best_score_=0.7222222222222222, grid.best_index_=10, acc=0.75, time=0.48926782608032227
04-09-2022 04:16:16|INFO|Is groups None: True 
04-09-2022 04:16:18|INFO|8/10|grid.best_params_={'C': 1.0, 'gamma': 0.001, 'kernel': 'rbf', 'max_iter': 1000}, grid.best_score_=0.8055555555555556, grid.best_index_=10, acc=0.5, time=1.1829438209533691
04-09-2022 04:16:18|INFO|Is groups None: True 
04-09-2022 04:16:18|INFO|9/10|grid.best_params_={'C': 100000000.0, 'gamma': 1e-09, 'kernel': 'rbf', 'max_iter': 1000}, grid.best_score_=0.8055555555555556, grid.best_index_=35, acc=0.5, time=0.4611363410949707
04-09-2022 04:16:18|INFO|Is groups None: True 
04-09-2022 04:16:19|INFO|10/10|grid.best_params_={'C': 1.0, 'gamma': 0.001, 'kernel': 'rbf', 'max_iter': 1000}, grid.best_score_=0.7222222222222222, grid.best_index_=10, acc=0.75, time=0.5242538452148438
04-09-2022 04:16:19|INFO|s08|10-CV=0.57500|STD=0.22500|Time spend=16.683911323547363
04-09-2022 04:16:29|INFO|Running Split-First
04-09-2022 04:16:29|INFO|X.shape=(40, 2480), y.shape=(40,), groups.shape=(40,)
04-09-2022 04:16:29|INFO|Is groups None: True 
04-09-2022 04:16:29|INFO|1/10|grid.best_params_={'C': 0.01, 'gamma': 1e-09, 'kernel': 'rbf', 'max_iter': 1000}, grid.best_score_=0.7777777777777778, grid.best_index_=0, acc=0.75, time=0.5068690776824951
04-09-2022 04:16:29|INFO|Is groups None: True 
04-09-2022 04:16:30|INFO|2/10|grid.best_params_={'C': 10000.0, 'gamma': 1e-07, 'kernel': 'rbf', 'max_iter': 1000}, grid.best_score_=0.8055555555555556, grid.best_index_=22, acc=0.5, time=0.5259101390838623
04-09-2022 04:16:30|INFO|Is groups None: True 
04-09-2022 04:16:30|INFO|3/10|grid.best_params_={'C': 100.0, 'gamma': 1e-05, 'kernel': 'rbf', 'max_iter': 1000}, grid.best_score_=0.75, grid.best_index_=16, acc=1.0, time=0.5238795280456543
04-09-2022 04:16:30|INFO|Is groups None: True 
04-09-2022 04:16:31|INFO|4/10|grid.best_params_={'C': 10000.0, 'gamma': 1e-07, 'kernel': 'rbf', 'max_iter': 1000}, grid.best_score_=0.7777777777777778, grid.best_index_=22, acc=0.75, time=1.190478801727295
04-09-2022 04:16:31|INFO|Is groups None: True 
04-09-2022 04:16:32|INFO|5/10|grid.best_params_={'C': 10000.0, 'gamma': 1e-07, 'kernel': 'rbf', 'max_iter': 1000}, grid.best_score_=0.7777777777777778, grid.best_index_=22, acc=1.0, time=0.5666897296905518
04-09-2022 04:16:32|INFO|Is groups None: True 
04-09-2022 04:16:32|INFO|6/10|grid.best_params_={'C': 1000000.0, 'gamma': 1e-09, 'kernel': 'rbf', 'max_iter': 1000}, grid.best_score_=0.7777777777777778, grid.best_index_=28, acc=1.0, time=0.5402934551239014
04-09-2022 04:16:32|INFO|Is groups None: True 
04-09-2022 04:16:34|INFO|7/10|grid.best_params_={'C': 100.0, 'gamma': 1e-05, 'kernel': 'rbf', 'max_iter': 1000}, grid.best_score_=0.7777777777777778, grid.best_index_=16, acc=0.75, time=1.133850336074829
04-09-2022 04:16:34|INFO|Is groups None: True 
04-09-2022 04:16:34|INFO|8/10|grid.best_params_={'C': 100.0, 'gamma': 1e-05, 'kernel': 'rbf', 'max_iter': 1000}, grid.best_score_=0.8055555555555556, grid.best_index_=16, acc=0.75, time=0.4949665069580078
04-09-2022 04:16:34|INFO|Is groups None: True 
04-09-2022 04:16:35|INFO|9/10|grid.best_params_={'C': 1000000.0, 'gamma': 1e-09, 'kernel': 'rbf', 'max_iter': 1000}, grid.best_score_=0.8611111111111112, grid.best_index_=28, acc=0.75, time=0.48490166664123535
04-09-2022 04:16:35|INFO|Is groups None: True 
04-09-2022 04:16:35|INFO|10/10|grid.best_params_={'C': 10000.0, 'gamma': 1e-05, 'kernel': 'rbf', 'max_iter': 1000}, grid.best_score_=0.8611111111111112, grid.best_index_=23, acc=0.25, time=0.5142896175384521
04-09-2022 04:16:35|INFO|s09|10-CV=0.75000|STD=0.22361|Time spend=16.479554891586304
04-09-2022 04:16:46|INFO|Running Split-First
04-09-2022 04:16:46|INFO|X.shape=(40, 2480), y.shape=(40,), groups.shape=(40,)
04-09-2022 04:16:46|INFO|Is groups None: True 
04-09-2022 04:16:46|INFO|1/10|grid.best_params_={'C': 10000.0, 'gamma': 1e-05, 'kernel': 'rbf', 'max_iter': 1000}, grid.best_score_=0.9166666666666666, grid.best_index_=23, acc=0.75, time=0.5121240615844727
04-09-2022 04:16:46|INFO|Is groups None: True 
04-09-2022 04:16:47|INFO|2/10|grid.best_params_={'C': 0.01, 'gamma': 0.001, 'kernel': 'rbf', 'max_iter': 1000}, grid.best_score_=0.8055555555555556, grid.best_index_=3, acc=1.0, time=0.4868903160095215
04-09-2022 04:16:47|INFO|Is groups None: True 
04-09-2022 04:16:47|INFO|3/10|grid.best_params_={'C': 0.01, 'gamma': 0.1, 'kernel': 'rbf', 'max_iter': 1000}, grid.best_score_=0.8333333333333334, grid.best_index_=4, acc=1.0, time=0.5360491275787354
04-09-2022 04:16:47|INFO|Is groups None: True 
04-09-2022 04:16:48|INFO|4/10|grid.best_params_={'C': 0.01, 'gamma': 0.1, 'kernel': 'rbf', 'max_iter': 1000}, grid.best_score_=0.8055555555555556, grid.best_index_=4, acc=1.0, time=0.5230426788330078
04-09-2022 04:16:48|INFO|Is groups None: True 
04-09-2022 04:16:49|INFO|5/10|grid.best_params_={'C': 1000000.0, 'gamma': 1e-07, 'kernel': 'rbf', 'max_iter': 1000}, grid.best_score_=0.8333333333333334, grid.best_index_=29, acc=1.0, time=1.0384063720703125
04-09-2022 04:16:49|INFO|Is groups None: True 
04-09-2022 04:16:49|INFO|6/10|grid.best_params_={'C': 0.01, 'gamma': 0.1, 'kernel': 'rbf', 'max_iter': 1000}, grid.best_score_=0.8333333333333334, grid.best_index_=4, acc=0.75, time=0.4799172878265381
04-09-2022 04:16:49|INFO|Is groups None: True 
04-09-2022 04:16:50|INFO|7/10|grid.best_params_={'C': 0.01, 'gamma': 0.1, 'kernel': 'rbf', 'max_iter': 1000}, grid.best_score_=0.8611111111111112, grid.best_index_=4, acc=0.75, time=0.5479485988616943
04-09-2022 04:16:50|INFO|Is groups None: True 
04-09-2022 04:16:50|INFO|8/10|grid.best_params_={'C': 10000.0, 'gamma': 1e-05, 'kernel': 'rbf', 'max_iter': 1000}, grid.best_score_=0.8611111111111112, grid.best_index_=23, acc=0.75, time=0.5011591911315918
04-09-2022 04:16:50|INFO|Is groups None: True 
04-09-2022 04:16:51|INFO|9/10|grid.best_params_={'C': 0.01, 'gamma': 0.1, 'kernel': 'rbf', 'max_iter': 1000}, grid.best_score_=0.8888888888888888, grid.best_index_=4, acc=0.5, time=1.035536527633667
04-09-2022 04:16:51|INFO|Is groups None: True 
04-09-2022 04:16:52|INFO|10/10|grid.best_params_={'C': 1000000.0, 'gamma': 1e-07, 'kernel': 'rbf', 'max_iter': 1000}, grid.best_score_=0.8888888888888888, grid.best_index_=29, acc=0.75, time=0.4531514644622803
04-09-2022 04:16:52|INFO|s10|10-CV=0.82500|STD=0.16008|Time spend=16.651793718338013
04-09-2022 04:17:02|INFO|Running Split-First
04-09-2022 04:17:02|INFO|X.shape=(40, 2480), y.shape=(40,), groups.shape=(40,)
04-09-2022 04:17:02|INFO|Is groups None: True 
04-09-2022 04:17:02|INFO|1/10|grid.best_params_={'C': 100000000.0, 'gamma': 1e-09, 'kernel': 'rbf', 'max_iter': 1000}, grid.best_score_=0.75, grid.best_index_=35, acc=0.75, time=0.5092341899871826
04-09-2022 04:17:02|INFO|Is groups None: True 
04-09-2022 04:17:03|INFO|2/10|grid.best_params_={'C': 10000.0, 'gamma': 1e-07, 'kernel': 'rbf', 'max_iter': 1000}, grid.best_score_=0.7777777777777778, grid.best_index_=22, acc=0.75, time=0.597567081451416
04-09-2022 04:17:03|INFO|Is groups None: True 
04-09-2022 04:17:03|INFO|3/10|grid.best_params_={'C': 100.0, 'gamma': 1e-05, 'kernel': 'rbf', 'max_iter': 1000}, grid.best_score_=0.7777777777777778, grid.best_index_=16, acc=0.5, time=0.5106022357940674
04-09-2022 04:17:03|INFO|Is groups None: True 
04-09-2022 04:17:05|INFO|4/10|grid.best_params_={'C': 1000000.0, 'gamma': 1e-09, 'kernel': 'rbf', 'max_iter': 1000}, grid.best_score_=0.8055555555555556, grid.best_index_=28, acc=1.0, time=1.139702558517456
04-09-2022 04:17:05|INFO|Is groups None: True 
04-09-2022 04:17:05|INFO|5/10|grid.best_params_={'C': 100.0, 'gamma': 1e-05, 'kernel': 'rbf', 'max_iter': 1000}, grid.best_score_=0.7777777777777778, grid.best_index_=16, acc=1.0, time=0.46539831161499023
04-09-2022 04:17:05|INFO|Is groups None: True 
04-09-2022 04:17:06|INFO|6/10|grid.best_params_={'C': 10000.0, 'gamma': 1e-07, 'kernel': 'rbf', 'max_iter': 1000}, grid.best_score_=0.8055555555555556, grid.best_index_=22, acc=1.0, time=0.5053849220275879
04-09-2022 04:17:06|INFO|Is groups None: True 
04-09-2022 04:17:06|INFO|7/10|grid.best_params_={'C': 10000.0, 'gamma': 1e-07, 'kernel': 'rbf', 'max_iter': 1000}, grid.best_score_=0.8333333333333334, grid.best_index_=22, acc=0.75, time=0.48610591888427734
04-09-2022 04:17:06|INFO|Is groups None: True 
04-09-2022 04:17:07|INFO|8/10|grid.best_params_={'C': 10000.0, 'gamma': 1e-05, 'kernel': 'rbf', 'max_iter': 1000}, grid.best_score_=0.8888888888888888, grid.best_index_=23, acc=0.5, time=1.099776268005371
04-09-2022 04:17:07|INFO|Is groups None: True 
04-09-2022 04:17:08|INFO|9/10|grid.best_params_={'C': 100.0, 'gamma': 1e-05, 'kernel': 'rbf', 'max_iter': 1000}, grid.best_score_=0.75, grid.best_index_=16, acc=0.75, time=0.4570631980895996
04-09-2022 04:17:08|INFO|Is groups None: True 
04-09-2022 04:17:08|INFO|10/10|grid.best_params_={'C': 10000.0, 'gamma': 1e-07, 'kernel': 'rbf', 'max_iter': 1000}, grid.best_score_=0.8055555555555556, grid.best_index_=22, acc=0.25, time=0.5449819564819336
04-09-2022 04:17:08|INFO|s11|10-CV=0.72500|STD=0.23585|Time spend=16.465545177459717
04-09-2022 04:17:19|INFO|Running Split-First
04-09-2022 04:17:19|INFO|X.shape=(40, 2480), y.shape=(40,), groups.shape=(40,)
04-09-2022 04:17:19|INFO|Is groups None: True 
04-09-2022 04:17:19|INFO|1/10|grid.best_params_={'C': 0.01, 'gamma': 1e-09, 'kernel': 'rbf', 'max_iter': 1000}, grid.best_score_=0.6388888888888888, grid.best_index_=0, acc=0.5, time=0.5463967323303223
04-09-2022 04:17:19|INFO|Is groups None: True 
04-09-2022 04:17:20|INFO|2/10|grid.best_params_={'C': 1000000.0, 'gamma': 1e-07, 'kernel': 'rbf', 'max_iter': 1000}, grid.best_score_=0.6111111111111112, grid.best_index_=29, acc=0.5, time=0.4890716075897217
04-09-2022 04:17:20|INFO|Is groups None: True 
04-09-2022 04:17:20|INFO|3/10|grid.best_params_={'C': 10000.0, 'gamma': 1e-07, 'kernel': 'rbf', 'max_iter': 1000}, grid.best_score_=0.5833333333333334, grid.best_index_=22, acc=0.75, time=0.5418825149536133
04-09-2022 04:17:20|INFO|Is groups None: True 
04-09-2022 04:17:21|INFO|4/10|grid.best_params_={'C': 10000.0, 'gamma': 1e-05, 'kernel': 'rbf', 'max_iter': 1000}, grid.best_score_=0.7222222222222222, grid.best_index_=23, acc=0.25, time=1.034424066543579
04-09-2022 04:17:21|INFO|Is groups None: True 
04-09-2022 04:17:22|INFO|5/10|grid.best_params_={'C': 10000.0, 'gamma': 1e-07, 'kernel': 'rbf', 'max_iter': 1000}, grid.best_score_=0.5555555555555556, grid.best_index_=22, acc=0.75, time=0.46367931365966797
04-09-2022 04:17:22|INFO|Is groups None: True 
04-09-2022 04:17:22|INFO|6/10|grid.best_params_={'C': 100000000.0, 'gamma': 1e-09, 'kernel': 'rbf', 'max_iter': 1000}, grid.best_score_=0.6944444444444444, grid.best_index_=35, acc=0.5, time=0.5174095630645752
04-09-2022 04:17:22|INFO|Is groups None: True 
04-09-2022 04:17:24|INFO|7/10|grid.best_params_={'C': 100.0, 'gamma': 1e-05, 'kernel': 'rbf', 'max_iter': 1000}, grid.best_score_=0.6388888888888888, grid.best_index_=16, acc=0.5, time=1.2718441486358643
04-09-2022 04:17:24|INFO|Is groups None: True 
04-09-2022 04:17:24|INFO|8/10|grid.best_params_={'C': 100.0, 'gamma': 1e-05, 'kernel': 'rbf', 'max_iter': 1000}, grid.best_score_=0.5833333333333334, grid.best_index_=16, acc=0.5, time=0.4720940589904785
04-09-2022 04:17:24|INFO|Is groups None: True 
04-09-2022 04:17:25|INFO|9/10|grid.best_params_={'C': 0.01, 'gamma': 0.1, 'kernel': 'rbf', 'max_iter': 1000}, grid.best_score_=0.5277777777777778, grid.best_index_=4, acc=0.5, time=0.4942622184753418
04-09-2022 04:17:25|INFO|Is groups None: True 
04-09-2022 04:17:25|INFO|10/10|grid.best_params_={'C': 0.01, 'gamma': 0.001, 'kernel': 'rbf', 'max_iter': 1000}, grid.best_score_=0.5277777777777778, grid.best_index_=3, acc=0.5, time=0.5034399032592773
04-09-2022 04:17:25|INFO|s12|10-CV=0.52500|STD=0.13463|Time spend=16.845384120941162
04-09-2022 04:17:36|INFO|Running Split-First
04-09-2022 04:17:36|INFO|X.shape=(40, 2480), y.shape=(40,), groups.shape=(40,)
04-09-2022 04:17:36|INFO|Is groups None: True 
04-09-2022 04:17:37|INFO|1/10|grid.best_params_={'C': 1.0, 'gamma': 0.001, 'kernel': 'rbf', 'max_iter': 1000}, grid.best_score_=0.8055555555555556, grid.best_index_=10, acc=0.75, time=0.45768308639526367
04-09-2022 04:17:37|INFO|Is groups None: True 
04-09-2022 04:17:37|INFO|2/10|grid.best_params_={'C': 100.0, 'gamma': 0.001, 'kernel': 'rbf', 'max_iter': 1000}, grid.best_score_=0.8055555555555556, grid.best_index_=17, acc=0.75, time=0.4895503520965576
04-09-2022 04:17:37|INFO|Is groups None: True 
04-09-2022 04:17:38|INFO|3/10|grid.best_params_={'C': 100.0, 'gamma': 0.001, 'kernel': 'rbf', 'max_iter': 1000}, grid.best_score_=0.9166666666666666, grid.best_index_=17, acc=0.5, time=0.5473203659057617
04-09-2022 04:17:38|INFO|Is groups None: True 
04-09-2022 04:17:38|INFO|4/10|grid.best_params_={'C': 100.0, 'gamma': 0.001, 'kernel': 'rbf', 'max_iter': 1000}, grid.best_score_=0.8055555555555556, grid.best_index_=17, acc=1.0, time=0.4841470718383789
04-09-2022 04:17:38|INFO|Is groups None: True 
04-09-2022 04:17:39|INFO|5/10|grid.best_params_={'C': 100.0, 'gamma': 0.001, 'kernel': 'rbf', 'max_iter': 1000}, grid.best_score_=0.7777777777777778, grid.best_index_=17, acc=1.0, time=1.148360013961792
04-09-2022 04:17:39|INFO|Is groups None: True 
04-09-2022 04:17:40|INFO|6/10|grid.best_params_={'C': 1.0, 'gamma': 0.001, 'kernel': 'rbf', 'max_iter': 1000}, grid.best_score_=0.8055555555555556, grid.best_index_=10, acc=0.75, time=0.4851648807525635
04-09-2022 04:17:40|INFO|Is groups None: True 
04-09-2022 04:17:40|INFO|7/10|grid.best_params_={'C': 100.0, 'gamma': 0.001, 'kernel': 'rbf', 'max_iter': 1000}, grid.best_score_=0.8055555555555556, grid.best_index_=17, acc=1.0, time=0.4969305992126465
04-09-2022 04:17:40|INFO|Is groups None: True 
04-09-2022 04:17:41|INFO|8/10|grid.best_params_={'C': 100.0, 'gamma': 0.001, 'kernel': 'rbf', 'max_iter': 1000}, grid.best_score_=0.8611111111111112, grid.best_index_=17, acc=0.75, time=0.48734450340270996
04-09-2022 04:17:41|INFO|Is groups None: True 
04-09-2022 04:17:42|INFO|9/10|grid.best_params_={'C': 1.0, 'gamma': 0.001, 'kernel': 'rbf', 'max_iter': 1000}, grid.best_score_=0.8055555555555556, grid.best_index_=10, acc=0.75, time=1.0101943016052246
04-09-2022 04:17:42|INFO|Is groups None: True 
04-09-2022 04:17:42|INFO|10/10|grid.best_params_={'C': 100.0, 'gamma': 0.001, 'kernel': 'rbf', 'max_iter': 1000}, grid.best_score_=0.8611111111111112, grid.best_index_=17, acc=0.75, time=0.46444153785705566
04-09-2022 04:17:42|INFO|s13|10-CV=0.80000|STD=0.15000|Time spend=17.14202332496643
04-09-2022 04:17:53|INFO|Running Split-First
04-09-2022 04:17:53|INFO|X.shape=(40, 2480), y.shape=(40,), groups.shape=(40,)
04-09-2022 04:17:53|INFO|Is groups None: True 
04-09-2022 04:17:53|INFO|1/10|grid.best_params_={'C': 0.01, 'gamma': 1e-09, 'kernel': 'rbf', 'max_iter': 1000}, grid.best_score_=0.7777777777777778, grid.best_index_=0, acc=0.5, time=0.5686256885528564
04-09-2022 04:17:53|INFO|Is groups None: True 
04-09-2022 04:17:54|INFO|2/10|grid.best_params_={'C': 0.01, 'gamma': 1e-09, 'kernel': 'rbf', 'max_iter': 1000}, grid.best_score_=0.7777777777777778, grid.best_index_=0, acc=0.75, time=0.5245914459228516
04-09-2022 04:17:54|INFO|Is groups None: True 
04-09-2022 04:17:54|INFO|3/10|grid.best_params_={'C': 0.01, 'gamma': 1e-09, 'kernel': 'rbf', 'max_iter': 1000}, grid.best_score_=0.7777777777777778, grid.best_index_=0, acc=0.75, time=0.529320478439331
04-09-2022 04:17:54|INFO|Is groups None: True 
04-09-2022 04:17:55|INFO|4/10|grid.best_params_={'C': 0.01, 'gamma': 1e-09, 'kernel': 'rbf', 'max_iter': 1000}, grid.best_score_=0.7222222222222222, grid.best_index_=0, acc=0.75, time=0.5478155612945557
04-09-2022 04:17:55|INFO|Is groups None: True 
04-09-2022 04:17:57|INFO|5/10|grid.best_params_={'C': 100.0, 'gamma': 1e-05, 'kernel': 'rbf', 'max_iter': 1000}, grid.best_score_=0.7222222222222222, grid.best_index_=16, acc=0.5, time=1.7771165370941162
04-09-2022 04:17:57|INFO|Is groups None: True 
04-09-2022 04:17:57|INFO|6/10|grid.best_params_={'C': 0.01, 'gamma': 1e-09, 'kernel': 'rbf', 'max_iter': 1000}, grid.best_score_=0.75, grid.best_index_=0, acc=0.5, time=0.5373892784118652
04-09-2022 04:17:57|INFO|Is groups None: True 
04-09-2022 04:17:58|INFO|7/10|grid.best_params_={'C': 0.01, 'gamma': 1e-09, 'kernel': 'rbf', 'max_iter': 1000}, grid.best_score_=0.7777777777777778, grid.best_index_=0, acc=0.5, time=0.5699887275695801
04-09-2022 04:17:58|INFO|Is groups None: True 
04-09-2022 04:17:58|INFO|8/10|grid.best_params_={'C': 0.01, 'gamma': 1e-05, 'kernel': 'rbf', 'max_iter': 1000}, grid.best_score_=0.7222222222222222, grid.best_index_=2, acc=0.75, time=0.5775125026702881
04-09-2022 04:17:58|INFO|Is groups None: True 
04-09-2022 04:18:00|INFO|9/10|grid.best_params_={'C': 0.01, 'gamma': 1e-09, 'kernel': 'rbf', 'max_iter': 1000}, grid.best_score_=0.75, grid.best_index_=0, acc=0.5, time=1.3284642696380615
04-09-2022 04:18:00|INFO|Is groups None: True 
04-09-2022 04:18:00|INFO|10/10|grid.best_params_={'C': 0.01, 'gamma': 1e-09, 'kernel': 'rbf', 'max_iter': 1000}, grid.best_score_=0.75, grid.best_index_=0, acc=1.0, time=0.5843474864959717
04-09-2022 04:18:00|INFO|s14|10-CV=0.65000|STD=0.16583|Time spend=17.938995122909546
04-09-2022 04:18:11|INFO|Running Split-First
04-09-2022 04:18:11|INFO|X.shape=(40, 2480), y.shape=(40,), groups.shape=(40,)
04-09-2022 04:18:11|INFO|Is groups None: True 
04-09-2022 04:18:11|INFO|1/10|grid.best_params_={'C': 1000000.0, 'gamma': 1e-09, 'kernel': 'rbf', 'max_iter': 1000}, grid.best_score_=0.8888888888888888, grid.best_index_=28, acc=0.75, time=0.48946332931518555
04-09-2022 04:18:11|INFO|Is groups None: True 
04-09-2022 04:18:12|INFO|2/10|grid.best_params_={'C': 100.0, 'gamma': 1e-05, 'kernel': 'rbf', 'max_iter': 1000}, grid.best_score_=0.8888888888888888, grid.best_index_=16, acc=0.75, time=0.5364458560943604
04-09-2022 04:18:12|INFO|Is groups None: True 
04-09-2022 04:18:12|INFO|3/10|grid.best_params_={'C': 1000000.0, 'gamma': 1e-09, 'kernel': 'rbf', 'max_iter': 1000}, grid.best_score_=0.8888888888888888, grid.best_index_=28, acc=1.0, time=0.5099351406097412
04-09-2022 04:18:12|INFO|Is groups None: True 
04-09-2022 04:18:13|INFO|4/10|grid.best_params_={'C': 100.0, 'gamma': 1e-05, 'kernel': 'rbf', 'max_iter': 1000}, grid.best_score_=0.8055555555555556, grid.best_index_=16, acc=1.0, time=1.3009228706359863
04-09-2022 04:18:13|INFO|Is groups None: True 
04-09-2022 04:18:14|INFO|5/10|grid.best_params_={'C': 10000.0, 'gamma': 1e-05, 'kernel': 'rbf', 'max_iter': 1000}, grid.best_score_=0.9166666666666666, grid.best_index_=23, acc=0.5, time=0.4886786937713623
04-09-2022 04:18:14|INFO|Is groups None: True 
04-09-2022 04:18:14|INFO|6/10|grid.best_params_={'C': 10000.0, 'gamma': 1e-07, 'kernel': 'rbf', 'max_iter': 1000}, grid.best_score_=0.8055555555555556, grid.best_index_=22, acc=1.0, time=0.4996356964111328
04-09-2022 04:18:14|INFO|Is groups None: True 
04-09-2022 04:18:15|INFO|7/10|grid.best_params_={'C': 10000.0, 'gamma': 1e-05, 'kernel': 'rbf', 'max_iter': 1000}, grid.best_score_=0.8333333333333334, grid.best_index_=23, acc=0.5, time=0.5017709732055664
04-09-2022 04:18:15|INFO|Is groups None: True 
04-09-2022 04:18:16|INFO|8/10|grid.best_params_={'C': 100000000.0, 'gamma': 1e-09, 'kernel': 'rbf', 'max_iter': 1000}, grid.best_score_=0.8333333333333334, grid.best_index_=35, acc=0.5, time=1.0597431659698486
04-09-2022 04:18:16|INFO|Is groups None: True 
04-09-2022 04:18:16|INFO|9/10|grid.best_params_={'C': 0.01, 'gamma': 0.001, 'kernel': 'rbf', 'max_iter': 1000}, grid.best_score_=0.7777777777777778, grid.best_index_=3, acc=0.5, time=0.4522831439971924
04-09-2022 04:18:17|INFO|Is groups None: True 
04-09-2022 04:18:17|INFO|10/10|grid.best_params_={'C': 100.0, 'gamma': 1e-05, 'kernel': 'rbf', 'max_iter': 1000}, grid.best_score_=0.9166666666666666, grid.best_index_=16, acc=0.75, time=0.48571348190307617
04-09-2022 04:18:17|INFO|s15|10-CV=0.72500|STD=0.20767|Time spend=16.818979501724243
04-09-2022 04:18:27|INFO|Running Split-First
04-09-2022 04:18:27|INFO|X.shape=(40, 2480), y.shape=(40,), groups.shape=(40,)
04-09-2022 04:18:27|INFO|Is groups None: True 
04-09-2022 04:18:28|INFO|1/10|grid.best_params_={'C': 100.0, 'gamma': 1e-05, 'kernel': 'rbf', 'max_iter': 1000}, grid.best_score_=0.6666666666666666, grid.best_index_=16, acc=0.75, time=0.4918196201324463
04-09-2022 04:18:28|INFO|Is groups None: True 
04-09-2022 04:18:28|INFO|2/10|grid.best_params_={'C': 100.0, 'gamma': 1e-05, 'kernel': 'rbf', 'max_iter': 1000}, grid.best_score_=0.6666666666666666, grid.best_index_=16, acc=0.75, time=0.5745832920074463
04-09-2022 04:18:28|INFO|Is groups None: True 
04-09-2022 04:18:29|INFO|3/10|grid.best_params_={'C': 0.01, 'gamma': 1e-09, 'kernel': 'rbf', 'max_iter': 1000}, grid.best_score_=0.6111111111111112, grid.best_index_=0, acc=0.75, time=0.5645785331726074
04-09-2022 04:18:29|INFO|Is groups None: True 
04-09-2022 04:18:30|INFO|4/10|grid.best_params_={'C': 0.01, 'gamma': 1e-09, 'kernel': 'rbf', 'max_iter': 1000}, grid.best_score_=0.6111111111111112, grid.best_index_=0, acc=0.75, time=1.485513687133789
04-09-2022 04:18:30|INFO|Is groups None: True 
04-09-2022 04:18:31|INFO|5/10|grid.best_params_={'C': 1.0, 'gamma': 0.001, 'kernel': 'rbf', 'max_iter': 1000}, grid.best_score_=0.6388888888888888, grid.best_index_=10, acc=0.75, time=0.5175337791442871
04-09-2022 04:18:31|INFO|Is groups None: True 
04-09-2022 04:18:31|INFO|6/10|grid.best_params_={'C': 0.01, 'gamma': 1e-09, 'kernel': 'rbf', 'max_iter': 1000}, grid.best_score_=0.6388888888888888, grid.best_index_=0, acc=0.5, time=0.5629453659057617
04-09-2022 04:18:31|INFO|Is groups None: True 
04-09-2022 04:18:33|INFO|7/10|grid.best_params_={'C': 100.0, 'gamma': 1e-05, 'kernel': 'rbf', 'max_iter': 1000}, grid.best_score_=0.6944444444444444, grid.best_index_=16, acc=0.5, time=1.607440710067749
04-09-2022 04:18:33|INFO|Is groups None: True 
04-09-2022 04:18:34|INFO|8/10|grid.best_params_={'C': 100.0, 'gamma': 0.001, 'kernel': 'rbf', 'max_iter': 1000}, grid.best_score_=0.6666666666666666, grid.best_index_=17, acc=0.5, time=0.5427234172821045
04-09-2022 04:18:34|INFO|Is groups None: True 
04-09-2022 04:18:34|INFO|9/10|grid.best_params_={'C': 0.01, 'gamma': 1e-09, 'kernel': 'rbf', 'max_iter': 1000}, grid.best_score_=0.6388888888888888, grid.best_index_=0, acc=0.5, time=0.5818650722503662
04-09-2022 04:18:34|INFO|Is groups None: True 
04-09-2022 04:18:35|INFO|10/10|grid.best_params_={'C': 0.01, 'gamma': 1e-09, 'kernel': 'rbf', 'max_iter': 1000}, grid.best_score_=0.6388888888888888, grid.best_index_=0, acc=0.5, time=0.5224161148071289
04-09-2022 04:18:35|INFO|s16|10-CV=0.62500|STD=0.12500|Time spend=17.763694763183594
04-09-2022 04:18:45|INFO|Running Split-First
04-09-2022 04:18:45|INFO|X.shape=(40, 2480), y.shape=(40,), groups.shape=(40,)
04-09-2022 04:18:45|INFO|Is groups None: True 
04-09-2022 04:18:46|INFO|1/10|grid.best_params_={'C': 0.01, 'gamma': 1e-09, 'kernel': 'rbf', 'max_iter': 1000}, grid.best_score_=0.5555555555555556, grid.best_index_=0, acc=0.5, time=0.5529165267944336
04-09-2022 04:18:46|INFO|Is groups None: True 
04-09-2022 04:18:46|INFO|2/10|grid.best_params_={'C': 10000.0, 'gamma': 1e-05, 'kernel': 'rbf', 'max_iter': 1000}, grid.best_score_=0.7222222222222222, grid.best_index_=23, acc=0.5, time=0.48467421531677246
04-09-2022 04:18:46|INFO|Is groups None: True 
04-09-2022 04:18:47|INFO|3/10|grid.best_params_={'C': 10000.0, 'gamma': 1e-05, 'kernel': 'rbf', 'max_iter': 1000}, grid.best_score_=0.6666666666666666, grid.best_index_=23, acc=0.75, time=0.5147175788879395
04-09-2022 04:18:47|INFO|Is groups None: True 
04-09-2022 04:18:47|INFO|4/10|grid.best_params_={'C': 1000000.0, 'gamma': 1e-07, 'kernel': 'rbf', 'max_iter': 1000}, grid.best_score_=0.6666666666666666, grid.best_index_=29, acc=0.5, time=0.5178356170654297
04-09-2022 04:18:48|INFO|Is groups None: True 
04-09-2022 04:18:49|INFO|5/10|grid.best_params_={'C': 1000000.0, 'gamma': 1e-07, 'kernel': 'rbf', 'max_iter': 1000}, grid.best_score_=0.6944444444444444, grid.best_index_=29, acc=0.5, time=1.1867098808288574
04-09-2022 04:18:49|INFO|Is groups None: True 
04-09-2022 04:18:49|INFO|6/10|grid.best_params_={'C': 100.0, 'gamma': 1e-05, 'kernel': 'rbf', 'max_iter': 1000}, grid.best_score_=0.6666666666666666, grid.best_index_=16, acc=0.25, time=0.48211026191711426
04-09-2022 04:18:49|INFO|Is groups None: True 
04-09-2022 04:18:50|INFO|7/10|grid.best_params_={'C': 100.0, 'gamma': 0.001, 'kernel': 'rbf', 'max_iter': 1000}, grid.best_score_=0.6666666666666666, grid.best_index_=17, acc=0.25, time=0.5023610591888428
04-09-2022 04:18:50|INFO|Is groups None: True 
04-09-2022 04:18:50|INFO|8/10|grid.best_params_={'C': 100.0, 'gamma': 0.001, 'kernel': 'rbf', 'max_iter': 1000}, grid.best_score_=0.6666666666666666, grid.best_index_=17, acc=0.25, time=0.5147600173950195
04-09-2022 04:18:50|INFO|Is groups None: True 
04-09-2022 04:18:51|INFO|9/10|grid.best_params_={'C': 100.0, 'gamma': 1e-05, 'kernel': 'rbf', 'max_iter': 1000}, grid.best_score_=0.6111111111111112, grid.best_index_=16, acc=0.5, time=1.164283275604248
04-09-2022 04:18:51|INFO|Is groups None: True 
04-09-2022 04:18:52|INFO|10/10|grid.best_params_={'C': 10000.0, 'gamma': 1e-05, 'kernel': 'rbf', 'max_iter': 1000}, grid.best_score_=0.6388888888888888, grid.best_index_=23, acc=0.75, time=0.47684216499328613
04-09-2022 04:18:52|INFO|s17|10-CV=0.47500|STD=0.17500|Time spend=17.11963987350464
04-09-2022 04:19:03|INFO|Running Split-First
04-09-2022 04:19:03|INFO|X.shape=(40, 2480), y.shape=(40,), groups.shape=(40,)
04-09-2022 04:19:03|INFO|Is groups None: True 
04-09-2022 04:19:03|INFO|1/10|grid.best_params_={'C': 100.0, 'gamma': 1e-05, 'kernel': 'rbf', 'max_iter': 1000}, grid.best_score_=0.8055555555555556, grid.best_index_=16, acc=1.0, time=0.5436728000640869
04-09-2022 04:19:03|INFO|Is groups None: True 
04-09-2022 04:19:04|INFO|2/10|grid.best_params_={'C': 100.0, 'gamma': 1e-05, 'kernel': 'rbf', 'max_iter': 1000}, grid.best_score_=0.8055555555555556, grid.best_index_=16, acc=1.0, time=0.622262716293335
04-09-2022 04:19:04|INFO|Is groups None: True 
04-09-2022 04:19:05|INFO|3/10|grid.best_params_={'C': 1000000.0, 'gamma': 1e-07, 'kernel': 'rbf', 'max_iter': 1000}, grid.best_score_=0.8055555555555556, grid.best_index_=29, acc=0.75, time=0.5260086059570312
04-09-2022 04:19:05|INFO|Is groups None: True 
04-09-2022 04:19:06|INFO|4/10|grid.best_params_={'C': 1.0, 'gamma': 0.001, 'kernel': 'rbf', 'max_iter': 1000}, grid.best_score_=0.8055555555555556, grid.best_index_=10, acc=0.75, time=1.2130169868469238
04-09-2022 04:19:06|INFO|Is groups None: True 
04-09-2022 04:19:06|INFO|5/10|grid.best_params_={'C': 100.0, 'gamma': 0.001, 'kernel': 'rbf', 'max_iter': 1000}, grid.best_score_=0.7777777777777778, grid.best_index_=17, acc=0.75, time=0.4494500160217285
04-09-2022 04:19:06|INFO|Is groups None: True 
04-09-2022 04:19:07|INFO|6/10|grid.best_params_={'C': 10000.0, 'gamma': 1e-05, 'kernel': 'rbf', 'max_iter': 1000}, grid.best_score_=0.7777777777777778, grid.best_index_=23, acc=0.75, time=0.5352597236633301
04-09-2022 04:19:07|INFO|Is groups None: True 
04-09-2022 04:19:07|INFO|7/10|grid.best_params_={'C': 100.0, 'gamma': 1e-05, 'kernel': 'rbf', 'max_iter': 1000}, grid.best_score_=0.8055555555555556, grid.best_index_=16, acc=0.75, time=0.48711562156677246
04-09-2022 04:19:07|INFO|Is groups None: True 
04-09-2022 04:19:08|INFO|8/10|grid.best_params_={'C': 100.0, 'gamma': 1e-05, 'kernel': 'rbf', 'max_iter': 1000}, grid.best_score_=0.8611111111111112, grid.best_index_=16, acc=0.75, time=1.2161667346954346
04-09-2022 04:19:08|INFO|Is groups None: True 
04-09-2022 04:19:09|INFO|9/10|grid.best_params_={'C': 100.0, 'gamma': 1e-05, 'kernel': 'rbf', 'max_iter': 1000}, grid.best_score_=0.8333333333333334, grid.best_index_=16, acc=0.75, time=0.4818284511566162
04-09-2022 04:19:09|INFO|Is groups None: True 
04-09-2022 04:19:09|INFO|10/10|grid.best_params_={'C': 100.0, 'gamma': 1e-05, 'kernel': 'rbf', 'max_iter': 1000}, grid.best_score_=0.8888888888888888, grid.best_index_=16, acc=0.5, time=0.5232400894165039
04-09-2022 04:19:09|INFO|s18|10-CV=0.77500|STD=0.13463|Time spend=17.602692127227783
04-09-2022 04:19:20|INFO|Running Split-First
04-09-2022 04:19:20|INFO|X.shape=(40, 2480), y.shape=(40,), groups.shape=(40,)
04-09-2022 04:19:20|INFO|Is groups None: True 
04-09-2022 04:19:21|INFO|1/10|grid.best_params_={'C': 100.0, 'gamma': 0.001, 'kernel': 'rbf', 'max_iter': 1000}, grid.best_score_=0.7222222222222222, grid.best_index_=17, acc=0.75, time=0.5857088565826416
04-09-2022 04:19:21|INFO|Is groups None: True 
04-09-2022 04:19:21|INFO|2/10|grid.best_params_={'C': 1.0, 'gamma': 0.001, 'kernel': 'rbf', 'max_iter': 1000}, grid.best_score_=0.6944444444444444, grid.best_index_=10, acc=1.0, time=0.5061180591583252
04-09-2022 04:19:21|INFO|Is groups None: True 
04-09-2022 04:19:22|INFO|3/10|grid.best_params_={'C': 1.0, 'gamma': 0.001, 'kernel': 'rbf', 'max_iter': 1000}, grid.best_score_=0.7777777777777778, grid.best_index_=10, acc=0.5, time=0.5389153957366943
04-09-2022 04:19:22|INFO|Is groups None: True 
04-09-2022 04:19:23|INFO|4/10|grid.best_params_={'C': 100.0, 'gamma': 0.001, 'kernel': 'rbf', 'max_iter': 1000}, grid.best_score_=0.6388888888888888, grid.best_index_=17, acc=0.75, time=1.230437994003296
04-09-2022 04:19:23|INFO|Is groups None: True 
04-09-2022 04:19:24|INFO|5/10|grid.best_params_={'C': 100.0, 'gamma': 0.001, 'kernel': 'rbf', 'max_iter': 1000}, grid.best_score_=0.75, grid.best_index_=17, acc=0.5, time=0.4500312805175781
04-09-2022 04:19:24|INFO|Is groups None: True 
04-09-2022 04:19:24|INFO|6/10|grid.best_params_={'C': 100.0, 'gamma': 0.001, 'kernel': 'rbf', 'max_iter': 1000}, grid.best_score_=0.75, grid.best_index_=17, acc=0.75, time=0.5382785797119141
04-09-2022 04:19:24|INFO|Is groups None: True 
04-09-2022 04:19:25|INFO|7/10|grid.best_params_={'C': 100.0, 'gamma': 0.001, 'kernel': 'rbf', 'max_iter': 1000}, grid.best_score_=0.6388888888888888, grid.best_index_=17, acc=1.0, time=0.5034084320068359
04-09-2022 04:19:25|INFO|Is groups None: True 
04-09-2022 04:19:26|INFO|8/10|grid.best_params_={'C': 1.0, 'gamma': 0.001, 'kernel': 'rbf', 'max_iter': 1000}, grid.best_score_=0.6666666666666666, grid.best_index_=10, acc=0.75, time=1.1540637016296387
04-09-2022 04:19:26|INFO|Is groups None: True 
04-09-2022 04:19:26|INFO|9/10|grid.best_params_={'C': 1000000.0, 'gamma': 1e-09, 'kernel': 'rbf', 'max_iter': 1000}, grid.best_score_=0.6666666666666666, grid.best_index_=28, acc=0.5, time=0.4747312068939209
04-09-2022 04:19:26|INFO|Is groups None: True 
04-09-2022 04:19:27|INFO|10/10|grid.best_params_={'C': 100.0, 'gamma': 0.001, 'kernel': 'rbf', 'max_iter': 1000}, grid.best_score_=0.8055555555555556, grid.best_index_=17, acc=0.25, time=0.5717759132385254
04-09-2022 04:19:27|INFO|s19|10-CV=0.67500|STD=0.22500|Time spend=17.429742336273193
04-09-2022 04:19:38|INFO|Running Split-First
04-09-2022 04:19:38|INFO|X.shape=(40, 2480), y.shape=(40,), groups.shape=(40,)
04-09-2022 04:19:38|INFO|Is groups None: True 
04-09-2022 04:19:38|INFO|1/10|grid.best_params_={'C': 100.0, 'gamma': 1e-05, 'kernel': 'rbf', 'max_iter': 1000}, grid.best_score_=0.8055555555555556, grid.best_index_=16, acc=1.0, time=0.4963545799255371
04-09-2022 04:19:38|INFO|Is groups None: True 
04-09-2022 04:19:39|INFO|2/10|grid.best_params_={'C': 10000.0, 'gamma': 1e-05, 'kernel': 'rbf', 'max_iter': 1000}, grid.best_score_=0.8333333333333334, grid.best_index_=23, acc=0.75, time=0.5111520290374756
04-09-2022 04:19:39|INFO|Is groups None: True 
04-09-2022 04:19:39|INFO|3/10|grid.best_params_={'C': 100.0, 'gamma': 1e-05, 'kernel': 'rbf', 'max_iter': 1000}, grid.best_score_=0.7777777777777778, grid.best_index_=16, acc=1.0, time=0.5569822788238525
04-09-2022 04:19:39|INFO|Is groups None: True 
04-09-2022 04:19:40|INFO|4/10|grid.best_params_={'C': 1.0, 'gamma': 0.001, 'kernel': 'rbf', 'max_iter': 1000}, grid.best_score_=0.7777777777777778, grid.best_index_=10, acc=0.75, time=0.5035467147827148
04-09-2022 04:19:40|INFO|Is groups None: True 
04-09-2022 04:19:41|INFO|5/10|grid.best_params_={'C': 10000.0, 'gamma': 1e-05, 'kernel': 'rbf', 'max_iter': 1000}, grid.best_score_=0.8333333333333334, grid.best_index_=23, acc=0.75, time=1.1515100002288818
04-09-2022 04:19:41|INFO|Is groups None: True 
04-09-2022 04:19:42|INFO|6/10|grid.best_params_={'C': 1.0, 'gamma': 0.001, 'kernel': 'rbf', 'max_iter': 1000}, grid.best_score_=0.8333333333333334, grid.best_index_=10, acc=0.5, time=0.4593050479888916
04-09-2022 04:19:42|INFO|Is groups None: True 
04-09-2022 04:19:42|INFO|7/10|grid.best_params_={'C': 1.0, 'gamma': 0.001, 'kernel': 'rbf', 'max_iter': 1000}, grid.best_score_=0.8055555555555556, grid.best_index_=10, acc=0.75, time=0.5078465938568115
04-09-2022 04:19:42|INFO|Is groups None: True 
04-09-2022 04:19:43|INFO|8/10|grid.best_params_={'C': 1000000.0, 'gamma': 1e-07, 'kernel': 'rbf', 'max_iter': 1000}, grid.best_score_=0.7777777777777778, grid.best_index_=29, acc=0.75, time=0.5259203910827637
04-09-2022 04:19:43|INFO|Is groups None: True 
04-09-2022 04:19:44|INFO|9/10|grid.best_params_={'C': 10000.0, 'gamma': 1e-05, 'kernel': 'rbf', 'max_iter': 1000}, grid.best_score_=0.8888888888888888, grid.best_index_=23, acc=0.25, time=1.2437529563903809
04-09-2022 04:19:44|INFO|Is groups None: True 
04-09-2022 04:19:44|INFO|10/10|grid.best_params_={'C': 10000.0, 'gamma': 1e-05, 'kernel': 'rbf', 'max_iter': 1000}, grid.best_score_=0.8611111111111112, grid.best_index_=23, acc=0.5, time=0.47156286239624023
04-09-2022 04:19:44|INFO|s20|10-CV=0.70000|STD=0.21794|Time spend=17.502983331680298
04-09-2022 04:19:55|INFO|Running Split-First
04-09-2022 04:19:55|INFO|X.shape=(40, 2480), y.shape=(40,), groups.shape=(40,)
04-09-2022 04:19:55|INFO|Is groups None: True 
04-09-2022 04:19:56|INFO|1/10|grid.best_params_={'C': 100.0, 'gamma': 1e-05, 'kernel': 'rbf', 'max_iter': 1000}, grid.best_score_=0.6388888888888888, grid.best_index_=16, acc=0.25, time=0.5274138450622559
04-09-2022 04:19:56|INFO|Is groups None: True 
04-09-2022 04:19:56|INFO|2/10|grid.best_params_={'C': 10000.0, 'gamma': 1e-07, 'kernel': 'rbf', 'max_iter': 1000}, grid.best_score_=0.6111111111111112, grid.best_index_=22, acc=0.5, time=0.538081169128418
04-09-2022 04:19:56|INFO|Is groups None: True 
04-09-2022 04:19:57|INFO|3/10|grid.best_params_={'C': 0.01, 'gamma': 0.1, 'kernel': 'rbf', 'max_iter': 1000}, grid.best_score_=0.5277777777777778, grid.best_index_=4, acc=0.5, time=0.5770015716552734
04-09-2022 04:19:57|INFO|Is groups None: True 
04-09-2022 04:19:58|INFO|4/10|grid.best_params_={'C': 0.01, 'gamma': 1e-09, 'kernel': 'rbf', 'max_iter': 1000}, grid.best_score_=0.5277777777777778, grid.best_index_=0, acc=0.5, time=1.5968644618988037
04-09-2022 04:19:58|INFO|Is groups None: True 
04-09-2022 04:19:59|INFO|5/10|grid.best_params_={'C': 1000000.0, 'gamma': 1e-09, 'kernel': 'rbf', 'max_iter': 1000}, grid.best_score_=0.5833333333333334, grid.best_index_=28, acc=0.5, time=0.5629777908325195
04-09-2022 04:19:59|INFO|Is groups None: True 
04-09-2022 04:20:00|INFO|6/10|grid.best_params_={'C': 0.01, 'gamma': 10.0, 'kernel': 'rbf', 'max_iter': 1000}, grid.best_score_=0.5277777777777778, grid.best_index_=5, acc=0.5, time=0.5936887264251709
04-09-2022 04:20:00|INFO|Is groups None: True 
04-09-2022 04:20:00|INFO|7/10|grid.best_params_={'C': 0.01, 'gamma': 10.0, 'kernel': 'rbf', 'max_iter': 1000}, grid.best_score_=0.5277777777777778, grid.best_index_=5, acc=0.5, time=0.5653865337371826
04-09-2022 04:20:00|INFO|Is groups None: True 
04-09-2022 04:20:02|INFO|8/10|grid.best_params_={'C': 1000000.0, 'gamma': 1e-09, 'kernel': 'rbf', 'max_iter': 1000}, grid.best_score_=0.6111111111111112, grid.best_index_=28, acc=0.5, time=1.454871416091919
04-09-2022 04:20:02|INFO|Is groups None: True 
04-09-2022 04:20:02|INFO|9/10|grid.best_params_={'C': 100.0, 'gamma': 1e-05, 'kernel': 'rbf', 'max_iter': 1000}, grid.best_score_=0.6111111111111112, grid.best_index_=16, acc=0.5, time=0.4919588565826416
04-09-2022 04:20:02|INFO|Is groups None: True 
04-09-2022 04:20:03|INFO|10/10|grid.best_params_={'C': 0.01, 'gamma': 10.0, 'kernel': 'rbf', 'max_iter': 1000}, grid.best_score_=0.5277777777777778, grid.best_index_=5, acc=0.5, time=0.5666501522064209
04-09-2022 04:20:03|INFO|s21|10-CV=0.47500|STD=0.07500|Time spend=18.362008333206177
04-09-2022 04:20:14|INFO|Running Split-First
04-09-2022 04:20:14|INFO|X.shape=(40, 2480), y.shape=(40,), groups.shape=(40,)
04-09-2022 04:20:14|INFO|Is groups None: True 
04-09-2022 04:20:14|INFO|1/10|grid.best_params_={'C': 1000000.0, 'gamma': 1e-07, 'kernel': 'rbf', 'max_iter': 1000}, grid.best_score_=0.8055555555555556, grid.best_index_=29, acc=0.5, time=0.5504426956176758
04-09-2022 04:20:14|INFO|Is groups None: True 
04-09-2022 04:20:15|INFO|2/10|grid.best_params_={'C': 100000000.0, 'gamma': 1e-09, 'kernel': 'rbf', 'max_iter': 1000}, grid.best_score_=0.75, grid.best_index_=35, acc=0.75, time=0.4961111545562744
04-09-2022 04:20:15|INFO|Is groups None: True 
04-09-2022 04:20:15|INFO|3/10|grid.best_params_={'C': 10000.0, 'gamma': 1e-07, 'kernel': 'rbf', 'max_iter': 1000}, grid.best_score_=0.8055555555555556, grid.best_index_=22, acc=0.5, time=0.5051932334899902
04-09-2022 04:20:15|INFO|Is groups None: True 
04-09-2022 04:20:16|INFO|4/10|grid.best_params_={'C': 100000000.0, 'gamma': 1e-09, 'kernel': 'rbf', 'max_iter': 1000}, grid.best_score_=0.7777777777777778, grid.best_index_=35, acc=1.0, time=1.111356258392334
04-09-2022 04:20:16|INFO|Is groups None: True 
04-09-2022 04:20:17|INFO|5/10|grid.best_params_={'C': 100000000.0, 'gamma': 1e-09, 'kernel': 'rbf', 'max_iter': 1000}, grid.best_score_=0.75, grid.best_index_=35, acc=0.75, time=0.49379682540893555
04-09-2022 04:20:17|INFO|Is groups None: True 
04-09-2022 04:20:17|INFO|6/10|grid.best_params_={'C': 100000000.0, 'gamma': 1e-09, 'kernel': 'rbf', 'max_iter': 1000}, grid.best_score_=0.8055555555555556, grid.best_index_=35, acc=0.75, time=0.4660220146179199
04-09-2022 04:20:17|INFO|Is groups None: True 
04-09-2022 04:20:18|INFO|7/10|grid.best_params_={'C': 100.0, 'gamma': 1e-05, 'kernel': 'rbf', 'max_iter': 1000}, grid.best_score_=0.6944444444444444, grid.best_index_=16, acc=1.0, time=0.52604079246521
04-09-2022 04:20:18|INFO|Is groups None: True 
04-09-2022 04:20:18|INFO|8/10|grid.best_params_={'C': 1000000.0, 'gamma': 1e-07, 'kernel': 'rbf', 'max_iter': 1000}, grid.best_score_=0.7222222222222222, grid.best_index_=29, acc=1.0, time=0.4968092441558838
04-09-2022 04:20:18|INFO|Is groups None: True 
04-09-2022 04:20:20|INFO|9/10|grid.best_params_={'C': 100000000.0, 'gamma': 1e-09, 'kernel': 'rbf', 'max_iter': 1000}, grid.best_score_=0.8055555555555556, grid.best_index_=35, acc=0.5, time=1.2333276271820068
04-09-2022 04:20:20|INFO|Is groups None: True 
04-09-2022 04:20:20|INFO|10/10|grid.best_params_={'C': 10000.0, 'gamma': 1e-05, 'kernel': 'rbf', 'max_iter': 1000}, grid.best_score_=0.75, grid.best_index_=23, acc=0.75, time=0.4774940013885498
04-09-2022 04:20:20|INFO|s22|10-CV=0.75000|STD=0.19365|Time spend=17.44678544998169
04-09-2022 04:20:31|INFO|Running Split-First
04-09-2022 04:20:31|INFO|X.shape=(40, 2480), y.shape=(40,), groups.shape=(40,)
04-09-2022 04:20:31|INFO|Is groups None: True 
04-09-2022 04:20:31|INFO|1/10|grid.best_params_={'C': 100000000.0, 'gamma': 1e-09, 'kernel': 'rbf', 'max_iter': 1000}, grid.best_score_=0.7222222222222222, grid.best_index_=35, acc=0.75, time=0.5620181560516357
04-09-2022 04:20:32|INFO|Is groups None: True 
04-09-2022 04:20:32|INFO|2/10|grid.best_params_={'C': 100.0, 'gamma': 1e-05, 'kernel': 'rbf', 'max_iter': 1000}, grid.best_score_=0.7222222222222222, grid.best_index_=16, acc=0.75, time=0.5519382953643799
04-09-2022 04:20:32|INFO|Is groups None: True 
04-09-2022 04:20:33|INFO|3/10|grid.best_params_={'C': 0.01, 'gamma': 1e-09, 'kernel': 'rbf', 'max_iter': 1000}, grid.best_score_=0.6388888888888888, grid.best_index_=0, acc=0.75, time=0.5502824783325195
04-09-2022 04:20:33|INFO|Is groups None: True 
04-09-2022 04:20:34|INFO|4/10|grid.best_params_={'C': 100.0, 'gamma': 0.001, 'kernel': 'rbf', 'max_iter': 1000}, grid.best_score_=0.6666666666666666, grid.best_index_=17, acc=0.75, time=1.0980570316314697
04-09-2022 04:20:34|INFO|Is groups None: True 
04-09-2022 04:20:34|INFO|5/10|grid.best_params_={'C': 0.01, 'gamma': 1e-09, 'kernel': 'rbf', 'max_iter': 1000}, grid.best_score_=0.6388888888888888, grid.best_index_=0, acc=0.75, time=0.4619898796081543
04-09-2022 04:20:34|INFO|Is groups None: True 
04-09-2022 04:20:35|INFO|6/10|grid.best_params_={'C': 100.0, 'gamma': 1e-05, 'kernel': 'rbf', 'max_iter': 1000}, grid.best_score_=0.75, grid.best_index_=16, acc=0.25, time=0.5031850337982178
04-09-2022 04:20:35|INFO|Is groups None: True 
04-09-2022 04:20:35|INFO|7/10|grid.best_params_={'C': 100.0, 'gamma': 0.001, 'kernel': 'rbf', 'max_iter': 1000}, grid.best_score_=0.6944444444444444, grid.best_index_=17, acc=0.5, time=0.5074896812438965
04-09-2022 04:20:35|INFO|Is groups None: True 
04-09-2022 04:20:36|INFO|8/10|grid.best_params_={'C': 100000000.0, 'gamma': 1e-09, 'kernel': 'rbf', 'max_iter': 1000}, grid.best_score_=0.7222222222222222, grid.best_index_=35, acc=0.5, time=1.2430851459503174
04-09-2022 04:20:36|INFO|Is groups None: True 
04-09-2022 04:20:37|INFO|9/10|grid.best_params_={'C': 10000.0, 'gamma': 1e-07, 'kernel': 'rbf', 'max_iter': 1000}, grid.best_score_=0.6944444444444444, grid.best_index_=22, acc=0.5, time=0.48259735107421875
04-09-2022 04:20:37|INFO|Is groups None: True 
04-09-2022 04:20:37|INFO|10/10|grid.best_params_={'C': 100.0, 'gamma': 0.001, 'kernel': 'rbf', 'max_iter': 1000}, grid.best_score_=0.6944444444444444, grid.best_index_=17, acc=0.5, time=0.5174174308776855
04-09-2022 04:20:37|INFO|s23|10-CV=0.60000|STD=0.16583|Time spend=17.26185703277588
04-09-2022 04:20:48|INFO|Running Split-First
04-09-2022 04:20:48|INFO|X.shape=(40, 2480), y.shape=(40,), groups.shape=(40,)
04-09-2022 04:20:48|INFO|Is groups None: True 
04-09-2022 04:20:48|INFO|1/10|grid.best_params_={'C': 100.0, 'gamma': 0.001, 'kernel': 'rbf', 'max_iter': 1000}, grid.best_score_=0.8333333333333334, grid.best_index_=17, acc=0.25, time=0.49593567848205566
04-09-2022 04:20:48|INFO|Is groups None: True 
04-09-2022 04:20:49|INFO|2/10|grid.best_params_={'C': 100.0, 'gamma': 1e-05, 'kernel': 'rbf', 'max_iter': 1000}, grid.best_score_=0.7222222222222222, grid.best_index_=16, acc=0.75, time=0.539870023727417
04-09-2022 04:20:49|INFO|Is groups None: True 
04-09-2022 04:20:49|INFO|3/10|grid.best_params_={'C': 100.0, 'gamma': 1e-05, 'kernel': 'rbf', 'max_iter': 1000}, grid.best_score_=0.7777777777777778, grid.best_index_=16, acc=0.75, time=0.5078878402709961
04-09-2022 04:20:49|INFO|Is groups None: True 
04-09-2022 04:20:50|INFO|4/10|grid.best_params_={'C': 10000.0, 'gamma': 1e-07, 'kernel': 'rbf', 'max_iter': 1000}, grid.best_score_=0.7222222222222222, grid.best_index_=22, acc=1.0, time=0.9976198673248291
04-09-2022 04:20:50|INFO|Is groups None: True 
04-09-2022 04:20:51|INFO|5/10|grid.best_params_={'C': 10000.0, 'gamma': 1e-07, 'kernel': 'rbf', 'max_iter': 1000}, grid.best_score_=0.7777777777777778, grid.best_index_=22, acc=0.5, time=0.448411226272583
04-09-2022 04:20:51|INFO|Is groups None: True 
04-09-2022 04:20:51|INFO|6/10|grid.best_params_={'C': 10000.0, 'gamma': 1e-07, 'kernel': 'rbf', 'max_iter': 1000}, grid.best_score_=0.7222222222222222, grid.best_index_=22, acc=0.75, time=0.5265474319458008
04-09-2022 04:20:51|INFO|Is groups None: True 
04-09-2022 04:20:52|INFO|7/10|grid.best_params_={'C': 100.0, 'gamma': 1e-05, 'kernel': 'rbf', 'max_iter': 1000}, grid.best_score_=0.7222222222222222, grid.best_index_=16, acc=0.75, time=0.49933886528015137
04-09-2022 04:20:52|INFO|Is groups None: True 
04-09-2022 04:20:52|INFO|8/10|grid.best_params_={'C': 100.0, 'gamma': 1e-05, 'kernel': 'rbf', 'max_iter': 1000}, grid.best_score_=0.75, grid.best_index_=16, acc=0.5, time=0.48743534088134766
04-09-2022 04:20:52|INFO|Is groups None: True 
04-09-2022 04:20:53|INFO|9/10|grid.best_params_={'C': 100.0, 'gamma': 1e-05, 'kernel': 'rbf', 'max_iter': 1000}, grid.best_score_=0.6666666666666666, grid.best_index_=16, acc=0.75, time=1.139601230621338
04-09-2022 04:20:53|INFO|Is groups None: True 
04-09-2022 04:20:54|INFO|10/10|grid.best_params_={'C': 10000.0, 'gamma': 1e-05, 'kernel': 'rbf', 'max_iter': 1000}, grid.best_score_=0.8333333333333334, grid.best_index_=23, acc=0.5, time=0.46703267097473145
04-09-2022 04:20:54|INFO|s24|10-CV=0.65000|STD=0.20000|Time spend=16.391507148742676
04-09-2022 04:21:04|INFO|Running Split-First
04-09-2022 04:21:04|INFO|X.shape=(40, 2480), y.shape=(40,), groups.shape=(40,)
04-09-2022 04:21:04|INFO|Is groups None: True 
04-09-2022 04:21:05|INFO|1/10|grid.best_params_={'C': 0.01, 'gamma': 1e-09, 'kernel': 'rbf', 'max_iter': 1000}, grid.best_score_=0.5555555555555556, grid.best_index_=0, acc=0.5, time=0.6178710460662842
04-09-2022 04:21:05|INFO|Is groups None: True 
04-09-2022 04:21:06|INFO|2/10|grid.best_params_={'C': 1.0, 'gamma': 0.001, 'kernel': 'rbf', 'max_iter': 1000}, grid.best_score_=0.6388888888888888, grid.best_index_=10, acc=0.5, time=0.568671703338623
04-09-2022 04:21:06|INFO|Is groups None: True 
04-09-2022 04:21:06|INFO|3/10|grid.best_params_={'C': 1.0, 'gamma': 0.001, 'kernel': 'rbf', 'max_iter': 1000}, grid.best_score_=0.6111111111111112, grid.best_index_=10, acc=0.75, time=0.5780036449432373
04-09-2022 04:21:06|INFO|Is groups None: True 
04-09-2022 04:21:07|INFO|4/10|grid.best_params_={'C': 100.0, 'gamma': 0.001, 'kernel': 'rbf', 'max_iter': 1000}, grid.best_score_=0.6666666666666666, grid.best_index_=17, acc=0.25, time=1.25728440284729
04-09-2022 04:21:07|INFO|Is groups None: True 
04-09-2022 04:21:08|INFO|5/10|grid.best_params_={'C': 0.01, 'gamma': 1e-09, 'kernel': 'rbf', 'max_iter': 1000}, grid.best_score_=0.5555555555555556, grid.best_index_=0, acc=0.5, time=0.4788362979888916
04-09-2022 04:21:08|INFO|Is groups None: True 
04-09-2022 04:21:08|INFO|6/10|grid.best_params_={'C': 100.0, 'gamma': 1e-05, 'kernel': 'rbf', 'max_iter': 1000}, grid.best_score_=0.6111111111111112, grid.best_index_=16, acc=0.5, time=0.5018537044525146
04-09-2022 04:21:08|INFO|Is groups None: True 
04-09-2022 04:21:09|INFO|7/10|grid.best_params_={'C': 1000000.0, 'gamma': 1e-07, 'kernel': 'rbf', 'max_iter': 1000}, grid.best_score_=0.6388888888888888, grid.best_index_=29, acc=0.25, time=0.553847074508667
04-09-2022 04:21:09|INFO|Is groups None: True 
04-09-2022 04:21:10|INFO|8/10|grid.best_params_={'C': 10000.0, 'gamma': 1e-05, 'kernel': 'rbf', 'max_iter': 1000}, grid.best_score_=0.5833333333333334, grid.best_index_=23, acc=0.75, time=1.0642125606536865
04-09-2022 04:21:10|INFO|Is groups None: True 
04-09-2022 04:21:11|INFO|9/10|grid.best_params_={'C': 1000000.0, 'gamma': 1e-07, 'kernel': 'rbf', 'max_iter': 1000}, grid.best_score_=0.6388888888888888, grid.best_index_=29, acc=0.75, time=0.4459187984466553
04-09-2022 04:21:11|INFO|Is groups None: True 
04-09-2022 04:21:11|INFO|10/10|grid.best_params_={'C': 10000.0, 'gamma': 1e-07, 'kernel': 'rbf', 'max_iter': 1000}, grid.best_score_=0.6666666666666666, grid.best_index_=22, acc=0.5, time=0.5144636631011963
04-09-2022 04:21:11|INFO|s25|10-CV=0.52500|STD=0.17500|Time spend=17.223154067993164
04-09-2022 04:21:21|INFO|Running Split-First
04-09-2022 04:21:21|INFO|X.shape=(40, 2480), y.shape=(40,), groups.shape=(40,)
04-09-2022 04:21:21|INFO|Is groups None: True 
04-09-2022 04:21:22|INFO|1/10|grid.best_params_={'C': 10000.0, 'gamma': 1e-07, 'kernel': 'rbf', 'max_iter': 1000}, grid.best_score_=0.7222222222222222, grid.best_index_=22, acc=0.0, time=0.48837804794311523
04-09-2022 04:21:22|INFO|Is groups None: True 
04-09-2022 04:21:22|INFO|2/10|grid.best_params_={'C': 0.01, 'gamma': 1e-09, 'kernel': 'rbf', 'max_iter': 1000}, grid.best_score_=0.6388888888888888, grid.best_index_=0, acc=0.75, time=0.5256819725036621
04-09-2022 04:21:22|INFO|Is groups None: True 
04-09-2022 04:21:23|INFO|3/10|grid.best_params_={'C': 10000.0, 'gamma': 1e-05, 'kernel': 'rbf', 'max_iter': 1000}, grid.best_score_=0.7222222222222222, grid.best_index_=23, acc=0.0, time=0.5362040996551514
04-09-2022 04:21:23|INFO|Is groups None: True 
04-09-2022 04:21:23|INFO|4/10|grid.best_params_={'C': 0.01, 'gamma': 1e-09, 'kernel': 'rbf', 'max_iter': 1000}, grid.best_score_=0.6388888888888888, grid.best_index_=0, acc=0.75, time=0.5239865779876709
04-09-2022 04:21:23|INFO|Is groups None: True 
04-09-2022 04:21:25|INFO|5/10|grid.best_params_={'C': 0.01, 'gamma': 1e-09, 'kernel': 'rbf', 'max_iter': 1000}, grid.best_score_=0.6388888888888888, grid.best_index_=0, acc=0.75, time=1.1522798538208008
04-09-2022 04:21:25|INFO|Is groups None: True 
04-09-2022 04:21:25|INFO|6/10|grid.best_params_={'C': 0.01, 'gamma': 1e-09, 'kernel': 'rbf', 'max_iter': 1000}, grid.best_score_=0.6388888888888888, grid.best_index_=0, acc=0.75, time=0.4659700393676758
04-09-2022 04:21:25|INFO|Is groups None: True 
04-09-2022 04:21:26|INFO|7/10|grid.best_params_={'C': 0.01, 'gamma': 1e-09, 'kernel': 'rbf', 'max_iter': 1000}, grid.best_score_=0.6666666666666666, grid.best_index_=0, acc=0.5, time=0.5308892726898193
04-09-2022 04:21:26|INFO|Is groups None: True 
04-09-2022 04:21:26|INFO|8/10|grid.best_params_={'C': 100.0, 'gamma': 0.001, 'kernel': 'rbf', 'max_iter': 1000}, grid.best_score_=0.6944444444444444, grid.best_index_=17, acc=0.5, time=0.49991488456726074
04-09-2022 04:21:26|INFO|Is groups None: True 
04-09-2022 04:21:27|INFO|9/10|grid.best_params_={'C': 0.01, 'gamma': 1e-09, 'kernel': 'rbf', 'max_iter': 1000}, grid.best_score_=0.6666666666666666, grid.best_index_=0, acc=0.5, time=1.0761072635650635
04-09-2022 04:21:27|INFO|Is groups None: True 
04-09-2022 04:21:28|INFO|10/10|grid.best_params_={'C': 0.01, 'gamma': 1e-09, 'kernel': 'rbf', 'max_iter': 1000}, grid.best_score_=0.6666666666666666, grid.best_index_=0, acc=0.5, time=0.531578540802002
04-09-2022 04:21:28|INFO|s26|10-CV=0.50000|STD=0.27386|Time spend=16.667969465255737
04-09-2022 04:21:38|INFO|Running Split-First
04-09-2022 04:21:38|INFO|X.shape=(40, 2480), y.shape=(40,), groups.shape=(40,)
04-09-2022 04:21:38|INFO|Is groups None: True 
04-09-2022 04:21:39|INFO|1/10|grid.best_params_={'C': 100.0, 'gamma': 1e-05, 'kernel': 'rbf', 'max_iter': 1000}, grid.best_score_=0.7777777777777778, grid.best_index_=16, acc=0.5, time=0.5032632350921631
04-09-2022 04:21:39|INFO|Is groups None: True 
04-09-2022 04:21:39|INFO|2/10|grid.best_params_={'C': 0.01, 'gamma': 1e-09, 'kernel': 'rbf', 'max_iter': 1000}, grid.best_score_=0.75, grid.best_index_=0, acc=0.75, time=0.504986047744751
04-09-2022 04:21:39|INFO|Is groups None: True 
04-09-2022 04:21:40|INFO|3/10|grid.best_params_={'C': 0.01, 'gamma': 1e-09, 'kernel': 'rbf', 'max_iter': 1000}, grid.best_score_=0.75, grid.best_index_=0, acc=0.75, time=0.6505241394042969
04-09-2022 04:21:40|INFO|Is groups None: True 
04-09-2022 04:21:40|INFO|4/10|grid.best_params_={'C': 0.01, 'gamma': 1e-09, 'kernel': 'rbf', 'max_iter': 1000}, grid.best_score_=0.75, grid.best_index_=0, acc=0.75, time=0.5036072731018066
04-09-2022 04:21:40|INFO|Is groups None: True 
04-09-2022 04:21:41|INFO|5/10|grid.best_params_={'C': 0.01, 'gamma': 1e-09, 'kernel': 'rbf', 'max_iter': 1000}, grid.best_score_=0.75, grid.best_index_=0, acc=0.75, time=0.9933257102966309
04-09-2022 04:21:41|INFO|Is groups None: True 
04-09-2022 04:21:42|INFO|6/10|grid.best_params_={'C': 0.01, 'gamma': 1e-09, 'kernel': 'rbf', 'max_iter': 1000}, grid.best_score_=0.75, grid.best_index_=0, acc=0.75, time=0.47530150413513184
04-09-2022 04:21:42|INFO|Is groups None: True 
04-09-2022 04:21:42|INFO|7/10|grid.best_params_={'C': 0.01, 'gamma': 1e-09, 'kernel': 'rbf', 'max_iter': 1000}, grid.best_score_=0.75, grid.best_index_=0, acc=0.75, time=0.5600640773773193
04-09-2022 04:21:42|INFO|Is groups None: True 
04-09-2022 04:21:43|INFO|8/10|grid.best_params_={'C': 0.01, 'gamma': 1e-09, 'kernel': 'rbf', 'max_iter': 1000}, grid.best_score_=0.75, grid.best_index_=0, acc=0.75, time=0.4922921657562256
04-09-2022 04:21:43|INFO|Is groups None: True 
04-09-2022 04:21:44|INFO|9/10|grid.best_params_={'C': 0.01, 'gamma': 1e-09, 'kernel': 'rbf', 'max_iter': 1000}, grid.best_score_=0.75, grid.best_index_=0, acc=0.75, time=1.2631568908691406
04-09-2022 04:21:44|INFO|Is groups None: True 
04-09-2022 04:21:45|INFO|10/10|grid.best_params_={'C': 0.01, 'gamma': 1e-09, 'kernel': 'rbf', 'max_iter': 1000}, grid.best_score_=0.75, grid.best_index_=0, acc=0.75, time=0.4858541488647461
04-09-2022 04:21:45|INFO|s27|10-CV=0.72500|STD=0.07500|Time spend=16.875473260879517
04-09-2022 04:21:55|INFO|Running Split-First
04-09-2022 04:21:55|INFO|X.shape=(40, 2480), y.shape=(40,), groups.shape=(40,)
04-09-2022 04:21:55|INFO|Is groups None: True 
04-09-2022 04:21:56|INFO|1/10|grid.best_params_={'C': 10000.0, 'gamma': 1e-05, 'kernel': 'rbf', 'max_iter': 1000}, grid.best_score_=0.75, grid.best_index_=23, acc=0.75, time=0.5087082386016846
04-09-2022 04:21:56|INFO|Is groups None: True 
04-09-2022 04:21:56|INFO|2/10|grid.best_params_={'C': 10000.0, 'gamma': 1e-05, 'kernel': 'rbf', 'max_iter': 1000}, grid.best_score_=0.7222222222222222, grid.best_index_=23, acc=0.5, time=0.5197796821594238
04-09-2022 04:21:56|INFO|Is groups None: True 
04-09-2022 04:21:57|INFO|3/10|grid.best_params_={'C': 10000.0, 'gamma': 1e-05, 'kernel': 'rbf', 'max_iter': 1000}, grid.best_score_=0.7222222222222222, grid.best_index_=23, acc=0.75, time=0.5008065700531006
04-09-2022 04:21:57|INFO|Is groups None: True 
04-09-2022 04:21:58|INFO|4/10|grid.best_params_={'C': 10000.0, 'gamma': 1e-05, 'kernel': 'rbf', 'max_iter': 1000}, grid.best_score_=0.8055555555555556, grid.best_index_=23, acc=0.25, time=1.3083341121673584
04-09-2022 04:21:58|INFO|Is groups None: True 
04-09-2022 04:21:59|INFO|5/10|grid.best_params_={'C': 100000000.0, 'gamma': 1e-09, 'kernel': 'rbf', 'max_iter': 1000}, grid.best_score_=0.7222222222222222, grid.best_index_=35, acc=0.75, time=0.5363667011260986
04-09-2022 04:21:59|INFO|Is groups None: True 
04-09-2022 04:21:59|INFO|6/10|grid.best_params_={'C': 100000000.0, 'gamma': 1e-09, 'kernel': 'rbf', 'max_iter': 1000}, grid.best_score_=0.6666666666666666, grid.best_index_=35, acc=0.5, time=0.5954990386962891
04-09-2022 04:21:59|INFO|Is groups None: True 
04-09-2022 04:22:00|INFO|7/10|grid.best_params_={'C': 100.0, 'gamma': 1e-05, 'kernel': 'rbf', 'max_iter': 1000}, grid.best_score_=0.6944444444444444, grid.best_index_=16, acc=1.0, time=0.5812087059020996
04-09-2022 04:22:00|INFO|Is groups None: True 
04-09-2022 04:22:02|INFO|8/10|grid.best_params_={'C': 1000000.0, 'gamma': 1e-07, 'kernel': 'rbf', 'max_iter': 1000}, grid.best_score_=0.7222222222222222, grid.best_index_=29, acc=1.0, time=1.8297502994537354
04-09-2022 04:22:02|INFO|Is groups None: True 
04-09-2022 04:22:02|INFO|9/10|grid.best_params_={'C': 10000.0, 'gamma': 1e-05, 'kernel': 'rbf', 'max_iter': 1000}, grid.best_score_=0.7222222222222222, grid.best_index_=23, acc=0.75, time=0.4779331684112549
04-09-2022 04:22:02|INFO|Is groups None: True 
04-09-2022 04:22:03|INFO|10/10|grid.best_params_={'C': 1000000.0, 'gamma': 1e-07, 'kernel': 'rbf', 'max_iter': 1000}, grid.best_score_=0.75, grid.best_index_=29, acc=1.0, time=0.5413527488708496
04-09-2022 04:22:03|INFO|s28|10-CV=0.72500|STD=0.23585|Time spend=18.04223608970642
04-09-2022 04:22:13|INFO|Running Split-First
04-09-2022 04:22:13|INFO|X.shape=(40, 2480), y.shape=(40,), groups.shape=(40,)
04-09-2022 04:22:13|INFO|Is groups None: True 
04-09-2022 04:22:14|INFO|1/10|grid.best_params_={'C': 100.0, 'gamma': 0.001, 'kernel': 'rbf', 'max_iter': 1000}, grid.best_score_=0.6944444444444444, grid.best_index_=17, acc=0.75, time=0.5321123600006104
04-09-2022 04:22:14|INFO|Is groups None: True 
04-09-2022 04:22:15|INFO|2/10|grid.best_params_={'C': 100.0, 'gamma': 1e-05, 'kernel': 'rbf', 'max_iter': 1000}, grid.best_score_=0.6388888888888888, grid.best_index_=16, acc=1.0, time=0.5738797187805176
04-09-2022 04:22:15|INFO|Is groups None: True 
04-09-2022 04:22:15|INFO|3/10|grid.best_params_={'C': 10000.0, 'gamma': 1e-05, 'kernel': 'rbf', 'max_iter': 1000}, grid.best_score_=0.6944444444444444, grid.best_index_=23, acc=0.75, time=0.507636308670044
04-09-2022 04:22:15|INFO|Is groups None: True 
04-09-2022 04:22:16|INFO|4/10|grid.best_params_={'C': 100.0, 'gamma': 0.001, 'kernel': 'rbf', 'max_iter': 1000}, grid.best_score_=0.6666666666666666, grid.best_index_=17, acc=0.5, time=1.169374942779541
04-09-2022 04:22:16|INFO|Is groups None: True 
04-09-2022 04:22:17|INFO|5/10|grid.best_params_={'C': 100.0, 'gamma': 1e-05, 'kernel': 'rbf', 'max_iter': 1000}, grid.best_score_=0.6944444444444444, grid.best_index_=16, acc=0.75, time=0.49039292335510254
04-09-2022 04:22:17|INFO|Is groups None: True 
04-09-2022 04:22:17|INFO|6/10|grid.best_params_={'C': 100.0, 'gamma': 1e-05, 'kernel': 'rbf', 'max_iter': 1000}, grid.best_score_=0.6388888888888888, grid.best_index_=16, acc=1.0, time=0.508502721786499
04-09-2022 04:22:17|INFO|Is groups None: True 
04-09-2022 04:22:18|INFO|7/10|grid.best_params_={'C': 100000000.0, 'gamma': 1e-09, 'kernel': 'rbf', 'max_iter': 1000}, grid.best_score_=0.6944444444444444, grid.best_index_=35, acc=0.5, time=0.5264246463775635
04-09-2022 04:22:18|INFO|Is groups None: True 
04-09-2022 04:22:18|INFO|8/10|grid.best_params_={'C': 100.0, 'gamma': 1e-05, 'kernel': 'rbf', 'max_iter': 1000}, grid.best_score_=0.6944444444444444, grid.best_index_=16, acc=0.5, time=0.5675177574157715
04-09-2022 04:22:18|INFO|Is groups None: True 
04-09-2022 04:22:20|INFO|9/10|grid.best_params_={'C': 10000.0, 'gamma': 1e-05, 'kernel': 'rbf', 'max_iter': 1000}, grid.best_score_=0.8333333333333334, grid.best_index_=23, acc=0.25, time=1.2335498332977295
04-09-2022 04:22:20|INFO|Is groups None: True 
04-09-2022 04:22:20|INFO|10/10|grid.best_params_={'C': 1000000.0, 'gamma': 1e-09, 'kernel': 'rbf', 'max_iter': 1000}, grid.best_score_=0.75, grid.best_index_=28, acc=0.5, time=0.4642014503479004
04-09-2022 04:22:20|INFO|s29|10-CV=0.65000|STD=0.22913|Time spend=17.3982675075531
04-09-2022 04:22:30|INFO|Running Split-First
04-09-2022 04:22:30|INFO|X.shape=(40, 2480), y.shape=(40,), groups.shape=(40,)
04-09-2022 04:22:30|INFO|Is groups None: True 
04-09-2022 04:22:31|INFO|1/10|grid.best_params_={'C': 0.01, 'gamma': 1e-09, 'kernel': 'rbf', 'max_iter': 1000}, grid.best_score_=0.6666666666666666, grid.best_index_=0, acc=0.75, time=0.47519779205322266
04-09-2022 04:22:31|INFO|Is groups None: True 
04-09-2022 04:22:31|INFO|2/10|grid.best_params_={'C': 0.01, 'gamma': 1e-09, 'kernel': 'rbf', 'max_iter': 1000}, grid.best_score_=0.6666666666666666, grid.best_index_=0, acc=0.75, time=0.5128066539764404
04-09-2022 04:22:31|INFO|Is groups None: True 
04-09-2022 04:22:32|INFO|3/10|grid.best_params_={'C': 0.01, 'gamma': 1e-09, 'kernel': 'rbf', 'max_iter': 1000}, grid.best_score_=0.6666666666666666, grid.best_index_=0, acc=0.75, time=0.5443236827850342
04-09-2022 04:22:32|INFO|Is groups None: True 
04-09-2022 04:22:33|INFO|4/10|grid.best_params_={'C': 0.01, 'gamma': 1e-09, 'kernel': 'rbf', 'max_iter': 1000}, grid.best_score_=0.6666666666666666, grid.best_index_=0, acc=0.75, time=1.448335886001587
04-09-2022 04:22:33|INFO|Is groups None: True 
04-09-2022 04:22:34|INFO|5/10|grid.best_params_={'C': 0.01, 'gamma': 1e-09, 'kernel': 'rbf', 'max_iter': 1000}, grid.best_score_=0.6666666666666666, grid.best_index_=0, acc=0.75, time=0.5586390495300293
04-09-2022 04:22:34|INFO|Is groups None: True 
04-09-2022 04:22:35|INFO|6/10|grid.best_params_={'C': 0.01, 'gamma': 1e-09, 'kernel': 'rbf', 'max_iter': 1000}, grid.best_score_=0.6666666666666666, grid.best_index_=0, acc=0.75, time=0.5818822383880615
04-09-2022 04:22:35|INFO|Is groups None: True 
04-09-2022 04:22:35|INFO|7/10|grid.best_params_={'C': 1000000.0, 'gamma': 1e-07, 'kernel': 'rbf', 'max_iter': 1000}, grid.best_score_=0.6944444444444444, grid.best_index_=29, acc=0.25, time=0.592940092086792
04-09-2022 04:22:35|INFO|Is groups None: True 
04-09-2022 04:22:37|INFO|8/10|grid.best_params_={'C': 0.01, 'gamma': 1e-09, 'kernel': 'rbf', 'max_iter': 1000}, grid.best_score_=0.6944444444444444, grid.best_index_=0, acc=0.5, time=1.8014397621154785
04-09-2022 04:22:37|INFO|Is groups None: True 
04-09-2022 04:22:38|INFO|9/10|grid.best_params_={'C': 0.01, 'gamma': 1e-09, 'kernel': 'rbf', 'max_iter': 1000}, grid.best_score_=0.6944444444444444, grid.best_index_=0, acc=0.5, time=0.5451009273529053
04-09-2022 04:22:38|INFO|Is groups None: True 
04-09-2022 04:22:38|INFO|10/10|grid.best_params_={'C': 0.01, 'gamma': 1e-09, 'kernel': 'rbf', 'max_iter': 1000}, grid.best_score_=0.6944444444444444, grid.best_index_=0, acc=0.5, time=0.6361489295959473
04-09-2022 04:22:38|INFO|s30|10-CV=0.62500|STD=0.16771|Time spend=18.09819722175598
04-09-2022 04:22:49|INFO|Running Split-First
04-09-2022 04:22:49|INFO|X.shape=(40, 2480), y.shape=(40,), groups.shape=(40,)
04-09-2022 04:22:49|INFO|Is groups None: True 
04-09-2022 04:22:50|INFO|1/10|grid.best_params_={'C': 100.0, 'gamma': 0.001, 'kernel': 'rbf', 'max_iter': 1000}, grid.best_score_=0.6944444444444444, grid.best_index_=17, acc=0.5, time=0.4888191223144531
04-09-2022 04:22:50|INFO|Is groups None: True 
04-09-2022 04:22:50|INFO|2/10|grid.best_params_={'C': 100.0, 'gamma': 1e-05, 'kernel': 'rbf', 'max_iter': 1000}, grid.best_score_=0.6944444444444444, grid.best_index_=16, acc=0.25, time=0.5229811668395996
04-09-2022 04:22:50|INFO|Is groups None: True 
04-09-2022 04:22:51|INFO|3/10|grid.best_params_={'C': 10000.0, 'gamma': 1e-07, 'kernel': 'rbf', 'max_iter': 1000}, grid.best_score_=0.7222222222222222, grid.best_index_=22, acc=0.25, time=0.5168297290802002
04-09-2022 04:22:51|INFO|Is groups None: True 
04-09-2022 04:22:51|INFO|4/10|grid.best_params_={'C': 1.0, 'gamma': 0.001, 'kernel': 'rbf', 'max_iter': 1000}, grid.best_score_=0.6388888888888888, grid.best_index_=10, acc=0.5, time=0.5066304206848145
04-09-2022 04:22:52|INFO|Is groups None: True 
04-09-2022 04:22:53|INFO|5/10|grid.best_params_={'C': 10000.0, 'gamma': 1e-07, 'kernel': 'rbf', 'max_iter': 1000}, grid.best_score_=0.6944444444444444, grid.best_index_=22, acc=0.75, time=1.1989269256591797
04-09-2022 04:22:53|INFO|Is groups None: True 
04-09-2022 04:22:53|INFO|6/10|grid.best_params_={'C': 10000.0, 'gamma': 1e-05, 'kernel': 'rbf', 'max_iter': 1000}, grid.best_score_=0.6944444444444444, grid.best_index_=23, acc=0.75, time=0.4849231243133545
04-09-2022 04:22:53|INFO|Is groups None: True 
04-09-2022 04:22:54|INFO|7/10|grid.best_params_={'C': 100.0, 'gamma': 1e-05, 'kernel': 'rbf', 'max_iter': 1000}, grid.best_score_=0.6388888888888888, grid.best_index_=16, acc=0.5, time=0.5002224445343018
04-09-2022 04:22:54|INFO|Is groups None: True 
04-09-2022 04:22:55|INFO|8/10|grid.best_params_={'C': 0.01, 'gamma': 1e-09, 'kernel': 'rbf', 'max_iter': 1000}, grid.best_score_=0.5833333333333334, grid.best_index_=0, acc=0.5, time=1.1998980045318604
04-09-2022 04:22:55|INFO|Is groups None: True 
04-09-2022 04:22:55|INFO|9/10|grid.best_params_={'C': 0.01, 'gamma': 1e-09, 'kernel': 'rbf', 'max_iter': 1000}, grid.best_score_=0.5833333333333334, grid.best_index_=0, acc=0.5, time=0.48457860946655273
04-09-2022 04:22:55|INFO|Is groups None: True 
04-09-2022 04:22:56|INFO|10/10|grid.best_params_={'C': 0.01, 'gamma': 1e-09, 'kernel': 'rbf', 'max_iter': 1000}, grid.best_score_=0.5833333333333334, grid.best_index_=0, acc=0.5, time=0.483748197555542
04-09-2022 04:22:56|INFO|s31|10-CV=0.50000|STD=0.15811|Time spend=17.71054458618164
04-09-2022 04:23:07|INFO|Running Split-First
04-09-2022 04:23:07|INFO|X.shape=(40, 2480), y.shape=(40,), groups.shape=(40,)
04-09-2022 04:23:07|INFO|Is groups None: True 
04-09-2022 04:23:08|INFO|1/10|grid.best_params_={'C': 0.01, 'gamma': 1e-09, 'kernel': 'rbf', 'max_iter': 1000}, grid.best_score_=0.75, grid.best_index_=0, acc=1.0, time=0.4935615062713623
04-09-2022 04:23:08|INFO|Is groups None: True 
04-09-2022 04:23:08|INFO|2/10|grid.best_params_={'C': 0.01, 'gamma': 1e-09, 'kernel': 'rbf', 'max_iter': 1000}, grid.best_score_=0.8333333333333334, grid.best_index_=0, acc=0.75, time=0.48616600036621094
04-09-2022 04:23:08|INFO|Is groups None: True 
04-09-2022 04:23:09|INFO|3/10|grid.best_params_={'C': 0.01, 'gamma': 1e-09, 'kernel': 'rbf', 'max_iter': 1000}, grid.best_score_=0.8611111111111112, grid.best_index_=0, acc=0.5, time=0.513505220413208
04-09-2022 04:23:09|INFO|Is groups None: True 
04-09-2022 04:23:10|INFO|4/10|grid.best_params_={'C': 0.01, 'gamma': 1e-09, 'kernel': 'rbf', 'max_iter': 1000}, grid.best_score_=0.8055555555555556, grid.best_index_=0, acc=1.0, time=1.514087200164795
04-09-2022 04:23:10|INFO|Is groups None: True 
04-09-2022 04:23:11|INFO|5/10|grid.best_params_={'C': 0.01, 'gamma': 1e-07, 'kernel': 'rbf', 'max_iter': 1000}, grid.best_score_=0.7777777777777778, grid.best_index_=1, acc=1.0, time=0.4888639450073242
04-09-2022 04:23:11|INFO|Is groups None: True 
04-09-2022 04:23:11|INFO|6/10|grid.best_params_={'C': 0.01, 'gamma': 1e-09, 'kernel': 'rbf', 'max_iter': 1000}, grid.best_score_=0.7777777777777778, grid.best_index_=0, acc=1.0, time=0.5172145366668701
04-09-2022 04:23:11|INFO|Is groups None: True 
04-09-2022 04:23:12|INFO|7/10|grid.best_params_={'C': 0.01, 'gamma': 1e-09, 'kernel': 'rbf', 'max_iter': 1000}, grid.best_score_=0.8055555555555556, grid.best_index_=0, acc=0.5, time=0.4933803081512451
04-09-2022 04:23:12|INFO|Is groups None: True 
04-09-2022 04:23:13|INFO|8/10|grid.best_params_={'C': 100.0, 'gamma': 1e-05, 'kernel': 'rbf', 'max_iter': 1000}, grid.best_score_=0.8888888888888888, grid.best_index_=16, acc=0.75, time=1.3353843688964844
04-09-2022 04:23:13|INFO|Is groups None: True 
04-09-2022 04:23:14|INFO|9/10|grid.best_params_={'C': 0.01, 'gamma': 1e-09, 'kernel': 'rbf', 'max_iter': 1000}, grid.best_score_=0.8055555555555556, grid.best_index_=0, acc=0.75, time=0.45940232276916504
04-09-2022 04:23:14|INFO|Is groups None: True 
04-09-2022 04:23:14|INFO|10/10|grid.best_params_={'C': 0.01, 'gamma': 1e-09, 'kernel': 'rbf', 'max_iter': 1000}, grid.best_score_=0.7777777777777778, grid.best_index_=0, acc=1.0, time=0.5856046676635742
04-09-2022 04:23:14|INFO|s32|10-CV=0.82500|STD=0.19526|Time spend=18.25801992416382
04-09-2022 04:23:14|INFO|final|10-CV=0.64844|STD=0.06039
