04-09-2022 01:07:29|INFO|
    Running Command: 
        python3 main-ml.py --subject_setup dependent --experimental_setup segment --stimuli_class valence --preprocessing DASM --segment_lenght 60 --output_log ./output/dependent-segment-valence-DASM-60.log
    Starting training:
        segment_lenght:  60
        output_log:      ./output/dependent-segment-valence-DASM-60.log
        stimuli_class:   valence
        preprocessing:   DASM
        subject_setup:   dependent
        experimental_setup: segment
    
04-09-2022 01:07:29|INFO|Running Split-First
04-09-2022 01:07:29|INFO|X.shape=(40, 14), y.shape=(40,), groups.shape=(40,)
04-09-2022 01:07:29|INFO|Is groups None: True 
04-09-2022 01:07:50|INFO|1/10|grid.best_params_={'C': 100000000.0, 'gamma': 1e-09, 'kernel': 'rbf', 'max_iter': 1000}, grid.best_score_=0.5555555555555556, grid.best_index_=35, acc=0.5, time=20.183029413223267
04-09-2022 01:07:50|INFO|Is groups None: True 
04-09-2022 01:07:50|INFO|2/10|grid.best_params_={'C': 100.0, 'gamma': 0.001, 'kernel': 'rbf', 'max_iter': 1000}, grid.best_score_=0.5277777777777778, grid.best_index_=17, acc=0.25, time=0.25913357734680176
04-09-2022 01:07:50|INFO|Is groups None: True 
04-09-2022 01:07:50|INFO|3/10|grid.best_params_={'C': 100000000.0, 'gamma': 1e-07, 'kernel': 'rbf', 'max_iter': 1000}, grid.best_score_=0.6111111111111112, grid.best_index_=36, acc=0.75, time=0.2151026725769043
04-09-2022 01:07:50|INFO|Is groups None: True 
04-09-2022 01:07:50|INFO|4/10|grid.best_params_={'C': 1000000.0, 'gamma': 1e-05, 'kernel': 'rbf', 'max_iter': 1000}, grid.best_score_=0.5555555555555556, grid.best_index_=30, acc=0.25, time=0.22774052619934082
04-09-2022 01:07:50|INFO|Is groups None: True 
04-09-2022 01:07:51|INFO|5/10|grid.best_params_={'C': 0.01, 'gamma': 1e-09, 'kernel': 'rbf', 'max_iter': 1000}, grid.best_score_=0.5277777777777778, grid.best_index_=0, acc=0.5, time=0.4794731140136719
04-09-2022 01:07:51|INFO|Is groups None: True 
04-09-2022 01:07:51|INFO|6/10|grid.best_params_={'C': 0.01, 'gamma': 1e-09, 'kernel': 'rbf', 'max_iter': 1000}, grid.best_score_=0.5277777777777778, grid.best_index_=0, acc=0.5, time=0.22261476516723633
04-09-2022 01:07:51|INFO|Is groups None: True 
04-09-2022 01:07:51|INFO|7/10|grid.best_params_={'C': 0.01, 'gamma': 1e-09, 'kernel': 'rbf', 'max_iter': 1000}, grid.best_score_=0.5277777777777778, grid.best_index_=0, acc=0.5, time=0.23356890678405762
04-09-2022 01:07:52|INFO|Is groups None: True 
04-09-2022 01:07:52|INFO|8/10|grid.best_params_={'C': 0.01, 'gamma': 1e-07, 'kernel': 'rbf', 'max_iter': 1000}, grid.best_score_=0.5555555555555556, grid.best_index_=1, acc=0.5, time=0.5589606761932373
04-09-2022 01:07:52|INFO|Is groups None: True 
04-09-2022 01:07:52|INFO|9/10|grid.best_params_={'C': 100.0, 'gamma': 0.001, 'kernel': 'rbf', 'max_iter': 1000}, grid.best_score_=0.5833333333333334, grid.best_index_=17, acc=0.25, time=0.2250821590423584
04-09-2022 01:07:52|INFO|Is groups None: True 
04-09-2022 01:07:53|INFO|10/10|grid.best_params_={'C': 100000000.0, 'gamma': 1e-05, 'kernel': 'rbf', 'max_iter': 1000}, grid.best_score_=0.6388888888888888, grid.best_index_=37, acc=0.75, time=0.5908329486846924
04-09-2022 01:07:53|INFO|s01|10-CV=0.47500|STD=0.17500|Time spend=23.670541763305664
04-09-2022 01:07:53|INFO|Running Split-First
04-09-2022 01:07:53|INFO|X.shape=(40, 14), y.shape=(40,), groups.shape=(40,)
04-09-2022 01:07:53|INFO|Is groups None: True 
04-09-2022 01:07:53|INFO|1/10|grid.best_params_={'C': 10000.0, 'gamma': 1e-05, 'kernel': 'rbf', 'max_iter': 1000}, grid.best_score_=0.6666666666666666, grid.best_index_=23, acc=1.0, time=0.2610199451446533
04-09-2022 01:07:53|INFO|Is groups None: True 
04-09-2022 01:07:54|INFO|2/10|grid.best_params_={'C': 1.0, 'gamma': 0.1, 'kernel': 'rbf', 'max_iter': 1000}, grid.best_score_=0.6944444444444444, grid.best_index_=11, acc=1.0, time=0.22838759422302246
04-09-2022 01:07:54|INFO|Is groups None: True 
04-09-2022 01:07:54|INFO|3/10|grid.best_params_={'C': 10000000000.0, 'gamma': 1e-09, 'kernel': 'rbf', 'max_iter': 1000}, grid.best_score_=0.7777777777777778, grid.best_index_=42, acc=0.5, time=0.6301896572113037
04-09-2022 01:07:54|INFO|Is groups None: True 
04-09-2022 01:07:54|INFO|4/10|grid.best_params_={'C': 100000000.0, 'gamma': 1e-09, 'kernel': 'rbf', 'max_iter': 1000}, grid.best_score_=0.6944444444444444, grid.best_index_=35, acc=0.5, time=0.22381305694580078
04-09-2022 01:07:54|INFO|Is groups None: True 
04-09-2022 01:07:55|INFO|5/10|grid.best_params_={'C': 100000000.0, 'gamma': 1e-09, 'kernel': 'rbf', 'max_iter': 1000}, grid.best_score_=0.7222222222222222, grid.best_index_=35, acc=0.25, time=0.24084901809692383
04-09-2022 01:07:55|INFO|Is groups None: True 
04-09-2022 01:07:55|INFO|6/10|grid.best_params_={'C': 100.0, 'gamma': 0.1, 'kernel': 'rbf', 'max_iter': 1000}, grid.best_score_=0.6944444444444444, grid.best_index_=18, acc=0.0, time=0.25179386138916016
04-09-2022 01:07:55|INFO|Is groups None: True 
04-09-2022 01:07:56|INFO|7/10|grid.best_params_={'C': 100000000.0, 'gamma': 1e-07, 'kernel': 'rbf', 'max_iter': 1000}, grid.best_score_=0.7222222222222222, grid.best_index_=36, acc=1.0, time=0.5549564361572266
04-09-2022 01:07:56|INFO|Is groups None: True 
04-09-2022 01:07:56|INFO|8/10|grid.best_params_={'C': 1000000.0, 'gamma': 1e-05, 'kernel': 'rbf', 'max_iter': 1000}, grid.best_score_=0.7222222222222222, grid.best_index_=30, acc=0.5, time=0.23561573028564453
04-09-2022 01:07:56|INFO|Is groups None: True 
04-09-2022 01:07:56|INFO|9/10|grid.best_params_={'C': 10000.0, 'gamma': 1e-05, 'kernel': 'rbf', 'max_iter': 1000}, grid.best_score_=0.8055555555555556, grid.best_index_=23, acc=0.25, time=0.2291722297668457
04-09-2022 01:07:56|INFO|Is groups None: True 
04-09-2022 01:07:57|INFO|10/10|grid.best_params_={'C': 100.0, 'gamma': 0.001, 'kernel': 'rbf', 'max_iter': 1000}, grid.best_score_=0.75, grid.best_index_=17, acc=0.75, time=0.5243775844573975
04-09-2022 01:07:57|INFO|s02|10-CV=0.57500|STD=0.33634|Time spend=3.7853846549987793
04-09-2022 01:07:57|INFO|Running Split-First
04-09-2022 01:07:57|INFO|X.shape=(40, 14), y.shape=(40,), groups.shape=(40,)
04-09-2022 01:07:57|INFO|Is groups None: True 
04-09-2022 01:07:57|INFO|1/10|grid.best_params_={'C': 1000000.0, 'gamma': 1e-05, 'kernel': 'rbf', 'max_iter': 1000}, grid.best_score_=0.7777777777777778, grid.best_index_=30, acc=0.5, time=0.31593942642211914
04-09-2022 01:07:57|INFO|Is groups None: True 
04-09-2022 01:07:57|INFO|2/10|grid.best_params_={'C': 10000.0, 'gamma': 1e-05, 'kernel': 'rbf', 'max_iter': 1000}, grid.best_score_=0.6111111111111112, grid.best_index_=23, acc=0.75, time=0.22787046432495117
04-09-2022 01:07:57|INFO|Is groups None: True 
04-09-2022 01:07:58|INFO|3/10|grid.best_params_={'C': 1000000.0, 'gamma': 1e-05, 'kernel': 'rbf', 'max_iter': 1000}, grid.best_score_=0.6111111111111112, grid.best_index_=30, acc=0.75, time=0.23064351081848145
04-09-2022 01:07:58|INFO|Is groups None: True 
04-09-2022 01:07:58|INFO|4/10|grid.best_params_={'C': 1000000.0, 'gamma': 1e-05, 'kernel': 'rbf', 'max_iter': 1000}, grid.best_score_=0.6388888888888888, grid.best_index_=30, acc=0.75, time=0.432741641998291
04-09-2022 01:07:58|INFO|Is groups None: True 
04-09-2022 01:07:58|INFO|5/10|grid.best_params_={'C': 1000000.0, 'gamma': 1e-05, 'kernel': 'rbf', 'max_iter': 1000}, grid.best_score_=0.6111111111111112, grid.best_index_=30, acc=0.75, time=0.22857165336608887
04-09-2022 01:07:58|INFO|Is groups None: True 
04-09-2022 01:07:59|INFO|6/10|grid.best_params_={'C': 100.0, 'gamma': 0.001, 'kernel': 'rbf', 'max_iter': 1000}, grid.best_score_=0.6944444444444444, grid.best_index_=17, acc=0.5, time=0.22524476051330566
04-09-2022 01:07:59|INFO|Is groups None: True 
04-09-2022 01:07:59|INFO|7/10|grid.best_params_={'C': 100.0, 'gamma': 0.001, 'kernel': 'rbf', 'max_iter': 1000}, grid.best_score_=0.6111111111111112, grid.best_index_=17, acc=0.5, time=0.6377997398376465
04-09-2022 01:07:59|INFO|Is groups None: True 
04-09-2022 01:07:59|INFO|8/10|grid.best_params_={'C': 1000000.0, 'gamma': 1e-05, 'kernel': 'rbf', 'max_iter': 1000}, grid.best_score_=0.6388888888888888, grid.best_index_=30, acc=1.0, time=0.2598271369934082
04-09-2022 01:07:59|INFO|Is groups None: True 
04-09-2022 01:08:00|INFO|9/10|grid.best_params_={'C': 100.0, 'gamma': 0.001, 'kernel': 'rbf', 'max_iter': 1000}, grid.best_score_=0.6666666666666666, grid.best_index_=17, acc=0.25, time=0.23186159133911133
04-09-2022 01:08:00|INFO|Is groups None: True 
04-09-2022 01:08:00|INFO|10/10|grid.best_params_={'C': 100000000.0, 'gamma': 1e-07, 'kernel': 'rbf', 'max_iter': 1000}, grid.best_score_=0.7777777777777778, grid.best_index_=36, acc=0.25, time=0.4382312297821045
04-09-2022 01:08:00|INFO|s03|10-CV=0.60000|STD=0.22913|Time spend=3.6203157901763916
04-09-2022 01:08:01|INFO|Running Split-First
04-09-2022 01:08:01|INFO|X.shape=(40, 14), y.shape=(40,), groups.shape=(40,)
04-09-2022 01:08:01|INFO|Is groups None: True 
04-09-2022 01:08:01|INFO|1/10|grid.best_params_={'C': 100000000.0, 'gamma': 1e-07, 'kernel': 'rbf', 'max_iter': 1000}, grid.best_score_=0.7777777777777778, grid.best_index_=36, acc=0.75, time=0.2435898780822754
04-09-2022 01:08:01|INFO|Is groups None: True 
04-09-2022 01:08:01|INFO|2/10|grid.best_params_={'C': 100000000.0, 'gamma': 1e-05, 'kernel': 'rbf', 'max_iter': 1000}, grid.best_score_=0.8611111111111112, grid.best_index_=37, acc=0.5, time=0.2209787368774414
04-09-2022 01:08:01|INFO|Is groups None: True 
04-09-2022 01:08:01|INFO|3/10|grid.best_params_={'C': 10000.0, 'gamma': 0.001, 'kernel': 'rbf', 'max_iter': 1000}, grid.best_score_=0.8611111111111112, grid.best_index_=24, acc=0.0, time=0.23044562339782715
04-09-2022 01:08:01|INFO|Is groups None: True 
04-09-2022 01:08:02|INFO|4/10|grid.best_params_={'C': 10000000000.0, 'gamma': 1e-07, 'kernel': 'rbf', 'max_iter': 1000}, grid.best_score_=0.7777777777777778, grid.best_index_=43, acc=0.75, time=0.503565788269043
04-09-2022 01:08:02|INFO|Is groups None: True 
04-09-2022 01:08:02|INFO|5/10|grid.best_params_={'C': 10000.0, 'gamma': 0.001, 'kernel': 'rbf', 'max_iter': 1000}, grid.best_score_=0.6666666666666666, grid.best_index_=24, acc=0.75, time=0.22395992279052734
04-09-2022 01:08:02|INFO|Is groups None: True 
04-09-2022 01:08:02|INFO|6/10|grid.best_params_={'C': 1000000.0, 'gamma': 1e-05, 'kernel': 'rbf', 'max_iter': 1000}, grid.best_score_=0.75, grid.best_index_=30, acc=0.5, time=0.22625494003295898
04-09-2022 01:08:02|INFO|Is groups None: True 
04-09-2022 01:08:03|INFO|7/10|grid.best_params_={'C': 100000000.0, 'gamma': 1e-07, 'kernel': 'rbf', 'max_iter': 1000}, grid.best_score_=0.75, grid.best_index_=36, acc=0.75, time=0.5279998779296875
04-09-2022 01:08:03|INFO|Is groups None: True 
04-09-2022 01:08:03|INFO|8/10|grid.best_params_={'C': 10000000000.0, 'gamma': 1e-07, 'kernel': 'rbf', 'max_iter': 1000}, grid.best_score_=0.75, grid.best_index_=43, acc=0.75, time=0.22583293914794922
04-09-2022 01:08:03|INFO|Is groups None: True 
04-09-2022 01:08:03|INFO|9/10|grid.best_params_={'C': 100000000.0, 'gamma': 1e-07, 'kernel': 'rbf', 'max_iter': 1000}, grid.best_score_=0.8055555555555556, grid.best_index_=36, acc=1.0, time=0.23000359535217285
04-09-2022 01:08:03|INFO|Is groups None: True 
04-09-2022 01:08:04|INFO|10/10|grid.best_params_={'C': 100000000.0, 'gamma': 1e-07, 'kernel': 'rbf', 'max_iter': 1000}, grid.best_score_=0.75, grid.best_index_=36, acc=1.0, time=0.43416428565979004
04-09-2022 01:08:04|INFO|s04|10-CV=0.67500|STD=0.27500|Time spend=3.4847023487091064
04-09-2022 01:08:04|INFO|Running Split-First
04-09-2022 01:08:04|INFO|X.shape=(40, 14), y.shape=(40,), groups.shape=(40,)
04-09-2022 01:08:04|INFO|Is groups None: True 
04-09-2022 01:08:04|INFO|1/10|grid.best_params_={'C': 1000000.0, 'gamma': 1e-07, 'kernel': 'rbf', 'max_iter': 1000}, grid.best_score_=0.6111111111111112, grid.best_index_=29, acc=0.75, time=0.2505335807800293
04-09-2022 01:08:04|INFO|Is groups None: True 
04-09-2022 01:08:04|INFO|2/10|grid.best_params_={'C': 0.01, 'gamma': 1e-09, 'kernel': 'rbf', 'max_iter': 1000}, grid.best_score_=0.5833333333333334, grid.best_index_=0, acc=0.75, time=0.2199115753173828
04-09-2022 01:08:04|INFO|Is groups None: True 
04-09-2022 01:08:05|INFO|3/10|grid.best_params_={'C': 0.01, 'gamma': 1e-09, 'kernel': 'rbf', 'max_iter': 1000}, grid.best_score_=0.5833333333333334, grid.best_index_=0, acc=0.75, time=0.4908173084259033
04-09-2022 01:08:05|INFO|Is groups None: True 
04-09-2022 01:08:05|INFO|4/10|grid.best_params_={'C': 1000000.0, 'gamma': 1e-05, 'kernel': 'rbf', 'max_iter': 1000}, grid.best_score_=0.7777777777777778, grid.best_index_=30, acc=0.25, time=0.2149512767791748
04-09-2022 01:08:05|INFO|Is groups None: True 
04-09-2022 01:08:05|INFO|5/10|grid.best_params_={'C': 1.0, 'gamma': 0.1, 'kernel': 'rbf', 'max_iter': 1000}, grid.best_score_=0.6944444444444444, grid.best_index_=11, acc=0.25, time=0.23663091659545898
04-09-2022 01:08:05|INFO|Is groups None: True 
04-09-2022 01:08:06|INFO|6/10|grid.best_params_={'C': 10000.0, 'gamma': 0.001, 'kernel': 'rbf', 'max_iter': 1000}, grid.best_score_=0.6944444444444444, grid.best_index_=24, acc=0.5, time=0.25104832649230957
04-09-2022 01:08:06|INFO|Is groups None: True 
04-09-2022 01:08:06|INFO|7/10|grid.best_params_={'C': 1.0, 'gamma': 0.1, 'kernel': 'rbf', 'max_iter': 1000}, grid.best_score_=0.6666666666666666, grid.best_index_=11, acc=0.25, time=0.439298152923584
04-09-2022 01:08:06|INFO|Is groups None: True 
04-09-2022 01:08:06|INFO|8/10|grid.best_params_={'C': 10000.0, 'gamma': 0.001, 'kernel': 'rbf', 'max_iter': 1000}, grid.best_score_=0.6944444444444444, grid.best_index_=24, acc=0.5, time=0.219573974609375
04-09-2022 01:08:06|INFO|Is groups None: True 
04-09-2022 01:08:07|INFO|9/10|grid.best_params_={'C': 0.01, 'gamma': 1e-09, 'kernel': 'rbf', 'max_iter': 1000}, grid.best_score_=0.6111111111111112, grid.best_index_=0, acc=0.5, time=0.38182568550109863
04-09-2022 01:08:07|INFO|Is groups None: True 
04-09-2022 01:08:07|INFO|10/10|grid.best_params_={'C': 1000000.0, 'gamma': 1e-07, 'kernel': 'rbf', 'max_iter': 1000}, grid.best_score_=0.6666666666666666, grid.best_index_=29, acc=0.25, time=0.2173175811767578
04-09-2022 01:08:07|INFO|s05|10-CV=0.47500|STD=0.20767|Time spend=3.3041563034057617
04-09-2022 01:08:07|INFO|Running Split-First
04-09-2022 01:08:07|INFO|X.shape=(40, 14), y.shape=(40,), groups.shape=(40,)
04-09-2022 01:08:07|INFO|Is groups None: True 
04-09-2022 01:08:08|INFO|1/10|grid.best_params_={'C': 0.01, 'gamma': 1e-09, 'kernel': 'rbf', 'max_iter': 1000}, grid.best_score_=0.75, grid.best_index_=0, acc=0.75, time=0.2527320384979248
04-09-2022 01:08:08|INFO|Is groups None: True 
04-09-2022 01:08:08|INFO|2/10|grid.best_params_={'C': 0.01, 'gamma': 1e-09, 'kernel': 'rbf', 'max_iter': 1000}, grid.best_score_=0.75, grid.best_index_=0, acc=0.75, time=0.23016619682312012
04-09-2022 01:08:08|INFO|Is groups None: True 
04-09-2022 01:08:08|INFO|3/10|grid.best_params_={'C': 0.01, 'gamma': 1e-09, 'kernel': 'rbf', 'max_iter': 1000}, grid.best_score_=0.75, grid.best_index_=0, acc=0.75, time=0.46778106689453125
04-09-2022 01:08:08|INFO|Is groups None: True 
04-09-2022 01:08:09|INFO|4/10|grid.best_params_={'C': 0.01, 'gamma': 1e-09, 'kernel': 'rbf', 'max_iter': 1000}, grid.best_score_=0.75, grid.best_index_=0, acc=0.75, time=0.22389626502990723
04-09-2022 01:08:09|INFO|Is groups None: True 
04-09-2022 01:08:09|INFO|5/10|grid.best_params_={'C': 0.01, 'gamma': 1e-09, 'kernel': 'rbf', 'max_iter': 1000}, grid.best_score_=0.75, grid.best_index_=0, acc=0.75, time=0.2433183193206787
04-09-2022 01:08:09|INFO|Is groups None: True 
04-09-2022 01:08:09|INFO|6/10|grid.best_params_={'C': 0.01, 'gamma': 1e-09, 'kernel': 'rbf', 'max_iter': 1000}, grid.best_score_=0.75, grid.best_index_=0, acc=0.75, time=0.6102151870727539
04-09-2022 01:08:09|INFO|Is groups None: True 
04-09-2022 01:08:10|INFO|7/10|grid.best_params_={'C': 0.01, 'gamma': 1e-09, 'kernel': 'rbf', 'max_iter': 1000}, grid.best_score_=0.75, grid.best_index_=0, acc=0.75, time=0.21778082847595215
04-09-2022 01:08:10|INFO|Is groups None: True 
04-09-2022 01:08:10|INFO|8/10|grid.best_params_={'C': 0.01, 'gamma': 1e-09, 'kernel': 'rbf', 'max_iter': 1000}, grid.best_score_=0.75, grid.best_index_=0, acc=0.75, time=0.3862881660461426
04-09-2022 01:08:10|INFO|Is groups None: True 
04-09-2022 01:08:10|INFO|9/10|grid.best_params_={'C': 0.01, 'gamma': 1e-09, 'kernel': 'rbf', 'max_iter': 1000}, grid.best_score_=0.75, grid.best_index_=0, acc=0.75, time=0.2216191291809082
04-09-2022 01:08:10|INFO|Is groups None: True 
04-09-2022 01:08:10|INFO|10/10|grid.best_params_={'C': 0.01, 'gamma': 1e-09, 'kernel': 'rbf', 'max_iter': 1000}, grid.best_score_=0.75, grid.best_index_=0, acc=0.75, time=0.22666716575622559
04-09-2022 01:08:11|INFO|s06|10-CV=0.75000|STD=0.00000|Time spend=3.5366733074188232
04-09-2022 01:08:11|INFO|Running Split-First
04-09-2022 01:08:11|INFO|X.shape=(40, 14), y.shape=(40,), groups.shape=(40,)
04-09-2022 01:08:11|INFO|Is groups None: True 
04-09-2022 01:08:11|INFO|1/10|grid.best_params_={'C': 0.01, 'gamma': 1e-09, 'kernel': 'rbf', 'max_iter': 1000}, grid.best_score_=0.6944444444444444, grid.best_index_=0, acc=0.75, time=0.23088407516479492
04-09-2022 01:08:11|INFO|Is groups None: True 
04-09-2022 01:08:11|INFO|2/10|grid.best_params_={'C': 100000000.0, 'gamma': 1e-09, 'kernel': 'rbf', 'max_iter': 1000}, grid.best_score_=0.7222222222222222, grid.best_index_=35, acc=0.75, time=0.2375478744506836
04-09-2022 01:08:11|INFO|Is groups None: True 
04-09-2022 01:08:12|INFO|3/10|grid.best_params_={'C': 0.01, 'gamma': 1e-09, 'kernel': 'rbf', 'max_iter': 1000}, grid.best_score_=0.6944444444444444, grid.best_index_=0, acc=0.75, time=0.5181567668914795
04-09-2022 01:08:12|INFO|Is groups None: True 
04-09-2022 01:08:12|INFO|4/10|grid.best_params_={'C': 0.01, 'gamma': 1e-09, 'kernel': 'rbf', 'max_iter': 1000}, grid.best_score_=0.6944444444444444, grid.best_index_=0, acc=0.75, time=0.22047686576843262
04-09-2022 01:08:12|INFO|Is groups None: True 
04-09-2022 01:08:12|INFO|5/10|grid.best_params_={'C': 0.01, 'gamma': 1e-09, 'kernel': 'rbf', 'max_iter': 1000}, grid.best_score_=0.6944444444444444, grid.best_index_=0, acc=0.75, time=0.2381587028503418
04-09-2022 01:08:12|INFO|Is groups None: True 
04-09-2022 01:08:13|INFO|6/10|grid.best_params_={'C': 100000000.0, 'gamma': 1e-09, 'kernel': 'rbf', 'max_iter': 1000}, grid.best_score_=0.7777777777777778, grid.best_index_=35, acc=0.75, time=0.23904728889465332
04-09-2022 01:08:13|INFO|Is groups None: True 
04-09-2022 01:08:13|INFO|7/10|grid.best_params_={'C': 0.01, 'gamma': 1e-09, 'kernel': 'rbf', 'max_iter': 1000}, grid.best_score_=0.6944444444444444, grid.best_index_=0, acc=0.75, time=0.552586555480957
04-09-2022 01:08:13|INFO|Is groups None: True 
04-09-2022 01:08:13|INFO|8/10|grid.best_params_={'C': 100000000.0, 'gamma': 1e-09, 'kernel': 'rbf', 'max_iter': 1000}, grid.best_score_=0.75, grid.best_index_=35, acc=0.75, time=0.221602201461792
04-09-2022 01:08:13|INFO|Is groups None: True 
04-09-2022 01:08:14|INFO|9/10|grid.best_params_={'C': 100.0, 'gamma': 0.1, 'kernel': 'rbf', 'max_iter': 1000}, grid.best_score_=0.7777777777777778, grid.best_index_=18, acc=0.5, time=0.23194527626037598
04-09-2022 01:08:14|INFO|Is groups None: True 
04-09-2022 01:08:14|INFO|10/10|grid.best_params_={'C': 0.01, 'gamma': 1e-09, 'kernel': 'rbf', 'max_iter': 1000}, grid.best_score_=0.7222222222222222, grid.best_index_=0, acc=0.5, time=0.45957398414611816
04-09-2022 01:08:14|INFO|s07|10-CV=0.70000|STD=0.10000|Time spend=3.613295078277588
04-09-2022 01:08:14|INFO|Running Split-First
04-09-2022 01:08:14|INFO|X.shape=(40, 14), y.shape=(40,), groups.shape=(40,)
04-09-2022 01:08:14|INFO|Is groups None: True 
04-09-2022 01:08:15|INFO|1/10|grid.best_params_={'C': 100000000.0, 'gamma': 1e-05, 'kernel': 'rbf', 'max_iter': 1000}, grid.best_score_=0.75, grid.best_index_=37, acc=0.5, time=0.2617185115814209
04-09-2022 01:08:15|INFO|Is groups None: True 
04-09-2022 01:08:15|INFO|2/10|grid.best_params_={'C': 1000000.0, 'gamma': 1e-07, 'kernel': 'rbf', 'max_iter': 1000}, grid.best_score_=0.7222222222222222, grid.best_index_=29, acc=0.75, time=0.22002243995666504
04-09-2022 01:08:15|INFO|Is groups None: True 
04-09-2022 01:08:15|INFO|3/10|grid.best_params_={'C': 100.0, 'gamma': 0.001, 'kernel': 'rbf', 'max_iter': 1000}, grid.best_score_=0.8333333333333334, grid.best_index_=17, acc=0.25, time=0.21637582778930664
04-09-2022 01:08:15|INFO|Is groups None: True 
04-09-2022 01:08:15|INFO|4/10|grid.best_params_={'C': 10000.0, 'gamma': 1e-05, 'kernel': 'rbf', 'max_iter': 1000}, grid.best_score_=0.75, grid.best_index_=23, acc=1.0, time=0.233062744140625
04-09-2022 01:08:15|INFO|Is groups None: True 
04-09-2022 01:08:16|INFO|5/10|grid.best_params_={'C': 10000.0, 'gamma': 1e-05, 'kernel': 'rbf', 'max_iter': 1000}, grid.best_score_=0.8055555555555556, grid.best_index_=23, acc=0.75, time=0.5595729351043701
04-09-2022 01:08:16|INFO|Is groups None: True 
04-09-2022 01:08:16|INFO|6/10|grid.best_params_={'C': 1.0, 'gamma': 0.1, 'kernel': 'rbf', 'max_iter': 1000}, grid.best_score_=0.7777777777777778, grid.best_index_=11, acc=0.25, time=0.21592283248901367
04-09-2022 01:08:16|INFO|Is groups None: True 
04-09-2022 01:08:16|INFO|7/10|grid.best_params_={'C': 100000000.0, 'gamma': 1e-05, 'kernel': 'rbf', 'max_iter': 1000}, grid.best_score_=0.75, grid.best_index_=37, acc=1.0, time=0.22968316078186035
04-09-2022 01:08:16|INFO|Is groups None: True 
04-09-2022 01:08:17|INFO|8/10|grid.best_params_={'C': 100000000.0, 'gamma': 1e-05, 'kernel': 'rbf', 'max_iter': 1000}, grid.best_score_=0.7777777777777778, grid.best_index_=37, acc=0.5, time=0.5008156299591064
04-09-2022 01:08:17|INFO|Is groups None: True 
04-09-2022 01:08:17|INFO|9/10|grid.best_params_={'C': 100.0, 'gamma': 0.001, 'kernel': 'rbf', 'max_iter': 1000}, grid.best_score_=0.8055555555555556, grid.best_index_=17, acc=0.5, time=0.2192826271057129
04-09-2022 01:08:17|INFO|Is groups None: True 
04-09-2022 01:08:17|INFO|10/10|grid.best_params_={'C': 1.0, 'gamma': 0.1, 'kernel': 'rbf', 'max_iter': 1000}, grid.best_score_=0.6944444444444444, grid.best_index_=11, acc=1.0, time=0.240447998046875
04-09-2022 01:08:17|INFO|s08|10-CV=0.65000|STD=0.27839|Time spend=3.266423225402832
04-09-2022 01:08:18|INFO|Running Split-First
04-09-2022 01:08:18|INFO|X.shape=(40, 14), y.shape=(40,), groups.shape=(40,)
04-09-2022 01:08:18|INFO|Is groups None: True 
04-09-2022 01:08:18|INFO|1/10|grid.best_params_={'C': 100.0, 'gamma': 0.001, 'kernel': 'rbf', 'max_iter': 1000}, grid.best_score_=0.6944444444444444, grid.best_index_=17, acc=0.5, time=0.2234809398651123
04-09-2022 01:08:18|INFO|Is groups None: True 
04-09-2022 01:08:18|INFO|2/10|grid.best_params_={'C': 100.0, 'gamma': 0.001, 'kernel': 'rbf', 'max_iter': 1000}, grid.best_score_=0.75, grid.best_index_=17, acc=0.0, time=0.2164294719696045
04-09-2022 01:08:18|INFO|Is groups None: True 
04-09-2022 01:08:19|INFO|3/10|grid.best_params_={'C': 0.01, 'gamma': 1e-07, 'kernel': 'rbf', 'max_iter': 1000}, grid.best_score_=0.7222222222222222, grid.best_index_=1, acc=0.75, time=0.6003203392028809
04-09-2022 01:08:19|INFO|Is groups None: True 
04-09-2022 01:08:19|INFO|4/10|grid.best_params_={'C': 0.01, 'gamma': 1e-09, 'kernel': 'rbf', 'max_iter': 1000}, grid.best_score_=0.6388888888888888, grid.best_index_=0, acc=0.5, time=0.23127484321594238
04-09-2022 01:08:19|INFO|Is groups None: True 
04-09-2022 01:08:20|INFO|5/10|grid.best_params_={'C': 10000.0, 'gamma': 0.001, 'kernel': 'rbf', 'max_iter': 1000}, grid.best_score_=0.6666666666666666, grid.best_index_=24, acc=0.25, time=0.4872574806213379
04-09-2022 01:08:20|INFO|Is groups None: True 
04-09-2022 01:08:20|INFO|6/10|grid.best_params_={'C': 1000000.0, 'gamma': 1e-05, 'kernel': 'rbf', 'max_iter': 1000}, grid.best_score_=0.6944444444444444, grid.best_index_=30, acc=0.75, time=0.24170613288879395
04-09-2022 01:08:20|INFO|Is groups None: True 
04-09-2022 01:08:20|INFO|7/10|grid.best_params_={'C': 0.01, 'gamma': 1e-07, 'kernel': 'rbf', 'max_iter': 1000}, grid.best_score_=0.6944444444444444, grid.best_index_=1, acc=0.75, time=0.23598933219909668
04-09-2022 01:08:20|INFO|Is groups None: True 
04-09-2022 01:08:21|INFO|8/10|grid.best_params_={'C': 0.01, 'gamma': 1e-09, 'kernel': 'rbf', 'max_iter': 1000}, grid.best_score_=0.6944444444444444, grid.best_index_=0, acc=1.0, time=0.4917445182800293
04-09-2022 01:08:21|INFO|Is groups None: True 
04-09-2022 01:08:21|INFO|9/10|grid.best_params_={'C': 0.01, 'gamma': 1e-07, 'kernel': 'rbf', 'max_iter': 1000}, grid.best_score_=0.6944444444444444, grid.best_index_=1, acc=0.5, time=0.23360371589660645
04-09-2022 01:08:21|INFO|Is groups None: True 
04-09-2022 01:08:21|INFO|10/10|grid.best_params_={'C': 0.01, 'gamma': 1e-09, 'kernel': 'rbf', 'max_iter': 1000}, grid.best_score_=0.6944444444444444, grid.best_index_=0, acc=0.5, time=0.6067466735839844
04-09-2022 01:08:21|INFO|s09|10-CV=0.55000|STD=0.26926|Time spend=4.024275779724121
04-09-2022 01:08:22|INFO|Running Split-First
04-09-2022 01:08:22|INFO|X.shape=(40, 14), y.shape=(40,), groups.shape=(40,)
04-09-2022 01:08:22|INFO|Is groups None: True 
04-09-2022 01:08:22|INFO|1/10|grid.best_params_={'C': 1.0, 'gamma': 0.1, 'kernel': 'rbf', 'max_iter': 1000}, grid.best_score_=0.7777777777777778, grid.best_index_=11, acc=0.25, time=0.23905491828918457
04-09-2022 01:08:22|INFO|Is groups None: True 
04-09-2022 01:08:22|INFO|2/10|grid.best_params_={'C': 100.0, 'gamma': 0.001, 'kernel': 'rbf', 'max_iter': 1000}, grid.best_score_=0.75, grid.best_index_=17, acc=0.75, time=0.2175767421722412
04-09-2022 01:08:22|INFO|Is groups None: True 
04-09-2022 01:08:22|INFO|3/10|grid.best_params_={'C': 0.01, 'gamma': 1e-09, 'kernel': 'rbf', 'max_iter': 1000}, grid.best_score_=0.6666666666666666, grid.best_index_=0, acc=1.0, time=0.22287416458129883
04-09-2022 01:08:22|INFO|Is groups None: True 
04-09-2022 01:08:23|INFO|4/10|grid.best_params_={'C': 0.01, 'gamma': 1e-07, 'kernel': 'rbf', 'max_iter': 1000}, grid.best_score_=0.7222222222222222, grid.best_index_=1, acc=0.75, time=0.4696364402770996
04-09-2022 01:08:23|INFO|Is groups None: True 
04-09-2022 01:08:23|INFO|5/10|grid.best_params_={'C': 0.01, 'gamma': 0.001, 'kernel': 'rbf', 'max_iter': 1000}, grid.best_score_=0.7222222222222222, grid.best_index_=3, acc=0.75, time=0.22763752937316895
04-09-2022 01:08:23|INFO|Is groups None: True 
04-09-2022 01:08:23|INFO|6/10|grid.best_params_={'C': 100.0, 'gamma': 0.1, 'kernel': 'rbf', 'max_iter': 1000}, grid.best_score_=0.8055555555555556, grid.best_index_=18, acc=0.75, time=0.22942471504211426
04-09-2022 01:08:23|INFO|Is groups None: True 
04-09-2022 01:08:24|INFO|7/10|grid.best_params_={'C': 1.0, 'gamma': 0.1, 'kernel': 'rbf', 'max_iter': 1000}, grid.best_score_=0.8055555555555556, grid.best_index_=11, acc=0.5, time=0.6219894886016846
04-09-2022 01:08:24|INFO|Is groups None: True 
04-09-2022 01:08:24|INFO|8/10|grid.best_params_={'C': 1000000.0, 'gamma': 1e-05, 'kernel': 'rbf', 'max_iter': 1000}, grid.best_score_=0.75, grid.best_index_=30, acc=0.5, time=0.23497319221496582
04-09-2022 01:08:24|INFO|Is groups None: True 
04-09-2022 01:08:24|INFO|9/10|grid.best_params_={'C': 100.0, 'gamma': 0.001, 'kernel': 'rbf', 'max_iter': 1000}, grid.best_score_=0.7777777777777778, grid.best_index_=17, acc=0.75, time=0.23195934295654297
04-09-2022 01:08:24|INFO|Is groups None: True 
04-09-2022 01:08:25|INFO|10/10|grid.best_params_={'C': 0.01, 'gamma': 1e-09, 'kernel': 'rbf', 'max_iter': 1000}, grid.best_score_=0.7222222222222222, grid.best_index_=0, acc=0.75, time=0.5109457969665527
04-09-2022 01:08:25|INFO|s10|10-CV=0.67500|STD=0.19526|Time spend=3.5662496089935303
04-09-2022 01:08:25|INFO|Running Split-First
04-09-2022 01:08:25|INFO|X.shape=(40, 14), y.shape=(40,), groups.shape=(40,)
04-09-2022 01:08:25|INFO|Is groups None: True 
04-09-2022 01:08:26|INFO|1/10|grid.best_params_={'C': 100.0, 'gamma': 0.001, 'kernel': 'rbf', 'max_iter': 1000}, grid.best_score_=0.7222222222222222, grid.best_index_=17, acc=0.5, time=0.27616071701049805
04-09-2022 01:08:26|INFO|Is groups None: True 
04-09-2022 01:08:26|INFO|2/10|grid.best_params_={'C': 10000.0, 'gamma': 0.001, 'kernel': 'rbf', 'max_iter': 1000}, grid.best_score_=0.7777777777777778, grid.best_index_=24, acc=0.75, time=0.2219066619873047
04-09-2022 01:08:26|INFO|Is groups None: True 
04-09-2022 01:08:26|INFO|3/10|grid.best_params_={'C': 100.0, 'gamma': 0.001, 'kernel': 'rbf', 'max_iter': 1000}, grid.best_score_=0.6944444444444444, grid.best_index_=17, acc=0.75, time=0.22736811637878418
04-09-2022 01:08:26|INFO|Is groups None: True 
04-09-2022 01:08:27|INFO|4/10|grid.best_params_={'C': 1000000.0, 'gamma': 1e-05, 'kernel': 'rbf', 'max_iter': 1000}, grid.best_score_=0.7777777777777778, grid.best_index_=30, acc=0.25, time=0.4894864559173584
04-09-2022 01:08:27|INFO|Is groups None: True 
04-09-2022 01:08:27|INFO|5/10|grid.best_params_={'C': 100000000.0, 'gamma': 1e-05, 'kernel': 'rbf', 'max_iter': 1000}, grid.best_score_=0.8611111111111112, grid.best_index_=37, acc=0.5, time=0.23945927619934082
04-09-2022 01:08:27|INFO|Is groups None: True 
04-09-2022 01:08:27|INFO|6/10|grid.best_params_={'C': 1000000.0, 'gamma': 1e-05, 'kernel': 'rbf', 'max_iter': 1000}, grid.best_score_=0.7777777777777778, grid.best_index_=30, acc=1.0, time=0.23303985595703125
04-09-2022 01:08:27|INFO|Is groups None: True 
04-09-2022 01:08:28|INFO|7/10|grid.best_params_={'C': 10000.0, 'gamma': 0.001, 'kernel': 'rbf', 'max_iter': 1000}, grid.best_score_=0.8333333333333334, grid.best_index_=24, acc=0.75, time=0.5254497528076172
04-09-2022 01:08:28|INFO|Is groups None: True 
04-09-2022 01:08:28|INFO|8/10|grid.best_params_={'C': 1000000.0, 'gamma': 1e-05, 'kernel': 'rbf', 'max_iter': 1000}, grid.best_score_=0.8888888888888888, grid.best_index_=30, acc=0.5, time=0.24664926528930664
04-09-2022 01:08:28|INFO|Is groups None: True 
04-09-2022 01:08:28|INFO|9/10|grid.best_params_={'C': 100000000.0, 'gamma': 1e-07, 'kernel': 'rbf', 'max_iter': 1000}, grid.best_score_=0.8055555555555556, grid.best_index_=36, acc=0.75, time=0.2358837127685547
04-09-2022 01:08:28|INFO|Is groups None: True 
04-09-2022 01:08:29|INFO|10/10|grid.best_params_={'C': 1000000.0, 'gamma': 1e-05, 'kernel': 'rbf', 'max_iter': 1000}, grid.best_score_=0.7777777777777778, grid.best_index_=30, acc=1.0, time=0.5553042888641357
04-09-2022 01:08:29|INFO|s11|10-CV=0.67500|STD=0.22500|Time spend=3.6301801204681396
04-09-2022 01:08:29|INFO|Running Split-First
04-09-2022 01:08:29|INFO|X.shape=(40, 14), y.shape=(40,), groups.shape=(40,)
04-09-2022 01:08:29|INFO|Is groups None: True 
04-09-2022 01:08:29|INFO|1/10|grid.best_params_={'C': 0.01, 'gamma': 1e-09, 'kernel': 'rbf', 'max_iter': 1000}, grid.best_score_=0.5833333333333334, grid.best_index_=0, acc=0.25, time=0.2105104923248291
04-09-2022 01:08:29|INFO|Is groups None: True 
04-09-2022 01:08:29|INFO|2/10|grid.best_params_={'C': 10000.0, 'gamma': 1e-05, 'kernel': 'rbf', 'max_iter': 1000}, grid.best_score_=0.7222222222222222, grid.best_index_=23, acc=0.25, time=0.22527170181274414
04-09-2022 01:08:29|INFO|Is groups None: True 
04-09-2022 01:08:30|INFO|3/10|grid.best_params_={'C': 10000000000.0, 'gamma': 1e-09, 'kernel': 'rbf', 'max_iter': 1000}, grid.best_score_=0.7222222222222222, grid.best_index_=42, acc=0.25, time=0.2336440086364746
04-09-2022 01:08:30|INFO|Is groups None: True 
04-09-2022 01:08:30|INFO|4/10|grid.best_params_={'C': 1.0, 'gamma': 0.1, 'kernel': 'rbf', 'max_iter': 1000}, grid.best_score_=0.7222222222222222, grid.best_index_=11, acc=0.5, time=0.5503594875335693
04-09-2022 01:08:30|INFO|Is groups None: True 
04-09-2022 01:08:30|INFO|5/10|grid.best_params_={'C': 100000000.0, 'gamma': 1e-09, 'kernel': 'rbf', 'max_iter': 1000}, grid.best_score_=0.75, grid.best_index_=35, acc=0.25, time=0.23230648040771484
04-09-2022 01:08:30|INFO|Is groups None: True 
04-09-2022 01:08:31|INFO|6/10|grid.best_params_={'C': 100000000.0, 'gamma': 1e-09, 'kernel': 'rbf', 'max_iter': 1000}, grid.best_score_=0.6944444444444444, grid.best_index_=35, acc=0.75, time=0.23438715934753418
04-09-2022 01:08:31|INFO|Is groups None: True 
04-09-2022 01:08:31|INFO|7/10|grid.best_params_={'C': 100000000.0, 'gamma': 1e-09, 'kernel': 'rbf', 'max_iter': 1000}, grid.best_score_=0.75, grid.best_index_=35, acc=0.75, time=0.4594593048095703
04-09-2022 01:08:31|INFO|Is groups None: True 
04-09-2022 01:08:31|INFO|8/10|grid.best_params_={'C': 100000000.0, 'gamma': 1e-09, 'kernel': 'rbf', 'max_iter': 1000}, grid.best_score_=0.5555555555555556, grid.best_index_=35, acc=1.0, time=0.23254728317260742
04-09-2022 01:08:31|INFO|Is groups None: True 
04-09-2022 01:08:32|INFO|9/10|grid.best_params_={'C': 10000.0, 'gamma': 1e-05, 'kernel': 'rbf', 'max_iter': 1000}, grid.best_score_=0.6388888888888888, grid.best_index_=23, acc=0.75, time=0.23914170265197754
04-09-2022 01:08:32|INFO|Is groups None: True 
04-09-2022 01:08:32|INFO|10/10|grid.best_params_={'C': 100000000.0, 'gamma': 1e-09, 'kernel': 'rbf', 'max_iter': 1000}, grid.best_score_=0.6111111111111112, grid.best_index_=35, acc=0.75, time=0.2386791706085205
04-09-2022 01:08:32|INFO|s12|10-CV=0.55000|STD=0.26926|Time spend=3.260498046875
04-09-2022 01:08:32|INFO|Running Split-First
04-09-2022 01:08:32|INFO|X.shape=(40, 14), y.shape=(40,), groups.shape=(40,)
04-09-2022 01:08:32|INFO|Is groups None: True 
04-09-2022 01:08:33|INFO|1/10|grid.best_params_={'C': 1.0, 'gamma': 0.1, 'kernel': 'rbf', 'max_iter': 1000}, grid.best_score_=0.7777777777777778, grid.best_index_=11, acc=0.75, time=0.3208787441253662
04-09-2022 01:08:33|INFO|Is groups None: True 
04-09-2022 01:08:33|INFO|2/10|grid.best_params_={'C': 1.0, 'gamma': 0.1, 'kernel': 'rbf', 'max_iter': 1000}, grid.best_score_=0.7222222222222222, grid.best_index_=11, acc=0.75, time=0.24280500411987305
04-09-2022 01:08:33|INFO|Is groups None: True 
04-09-2022 01:08:33|INFO|3/10|grid.best_params_={'C': 1.0, 'gamma': 0.1, 'kernel': 'rbf', 'max_iter': 1000}, grid.best_score_=0.75, grid.best_index_=11, acc=0.75, time=0.22968482971191406
04-09-2022 01:08:33|INFO|Is groups None: True 
04-09-2022 01:08:34|INFO|4/10|grid.best_params_={'C': 1.0, 'gamma': 0.1, 'kernel': 'rbf', 'max_iter': 1000}, grid.best_score_=0.7777777777777778, grid.best_index_=11, acc=0.75, time=0.5006942749023438
04-09-2022 01:08:34|INFO|Is groups None: True 
04-09-2022 01:08:34|INFO|5/10|grid.best_params_={'C': 100.0, 'gamma': 0.001, 'kernel': 'rbf', 'max_iter': 1000}, grid.best_score_=0.7222222222222222, grid.best_index_=17, acc=1.0, time=0.25528430938720703
04-09-2022 01:08:34|INFO|Is groups None: True 
04-09-2022 01:08:34|INFO|6/10|grid.best_params_={'C': 100.0, 'gamma': 0.001, 'kernel': 'rbf', 'max_iter': 1000}, grid.best_score_=0.8055555555555556, grid.best_index_=17, acc=0.75, time=0.23266315460205078
04-09-2022 01:08:34|INFO|Is groups None: True 
04-09-2022 01:08:35|INFO|7/10|grid.best_params_={'C': 1.0, 'gamma': 0.1, 'kernel': 'rbf', 'max_iter': 1000}, grid.best_score_=0.75, grid.best_index_=11, acc=0.75, time=0.5385444164276123
04-09-2022 01:08:35|INFO|Is groups None: True 
04-09-2022 01:08:35|INFO|8/10|grid.best_params_={'C': 100000000.0, 'gamma': 1e-07, 'kernel': 'rbf', 'max_iter': 1000}, grid.best_score_=0.8055555555555556, grid.best_index_=36, acc=0.75, time=0.24564146995544434
04-09-2022 01:08:35|INFO|Is groups None: True 
04-09-2022 01:08:35|INFO|9/10|grid.best_params_={'C': 1.0, 'gamma': 0.1, 'kernel': 'rbf', 'max_iter': 1000}, grid.best_score_=0.7777777777777778, grid.best_index_=11, acc=0.75, time=0.23270225524902344
04-09-2022 01:08:35|INFO|Is groups None: True 
04-09-2022 01:08:35|INFO|10/10|grid.best_params_={'C': 1000000.0, 'gamma': 1e-07, 'kernel': 'rbf', 'max_iter': 1000}, grid.best_score_=0.7777777777777778, grid.best_index_=29, acc=0.5, time=0.3648374080657959
04-09-2022 01:08:35|INFO|s13|10-CV=0.75000|STD=0.11180|Time spend=3.623131513595581
04-09-2022 01:08:36|INFO|Running Split-First
04-09-2022 01:08:36|INFO|X.shape=(40, 14), y.shape=(40,), groups.shape=(40,)
04-09-2022 01:08:36|INFO|Is groups None: True 
04-09-2022 01:08:36|INFO|1/10|grid.best_params_={'C': 1000000.0, 'gamma': 1e-05, 'kernel': 'rbf', 'max_iter': 1000}, grid.best_score_=0.6944444444444444, grid.best_index_=30, acc=0.75, time=0.2776820659637451
04-09-2022 01:08:36|INFO|Is groups None: True 
04-09-2022 01:08:36|INFO|2/10|grid.best_params_={'C': 100000000.0, 'gamma': 1e-07, 'kernel': 'rbf', 'max_iter': 1000}, grid.best_score_=0.75, grid.best_index_=36, acc=0.75, time=0.21900343894958496
04-09-2022 01:08:36|INFO|Is groups None: True 
04-09-2022 01:08:37|INFO|3/10|grid.best_params_={'C': 100000000.0, 'gamma': 1e-07, 'kernel': 'rbf', 'max_iter': 1000}, grid.best_score_=0.75, grid.best_index_=36, acc=0.5, time=0.2081131935119629
04-09-2022 01:08:37|INFO|Is groups None: True 
04-09-2022 01:08:37|INFO|4/10|grid.best_params_={'C': 100000000.0, 'gamma': 1e-09, 'kernel': 'rbf', 'max_iter': 1000}, grid.best_score_=0.75, grid.best_index_=35, acc=0.75, time=0.4723794460296631
04-09-2022 01:08:37|INFO|Is groups None: True 
04-09-2022 01:08:37|INFO|5/10|grid.best_params_={'C': 0.01, 'gamma': 1e-09, 'kernel': 'rbf', 'max_iter': 1000}, grid.best_score_=0.7222222222222222, grid.best_index_=0, acc=1.0, time=0.23770546913146973
04-09-2022 01:08:37|INFO|Is groups None: True 
04-09-2022 01:08:38|INFO|6/10|grid.best_params_={'C': 10000000000.0, 'gamma': 1e-09, 'kernel': 'rbf', 'max_iter': 1000}, grid.best_score_=0.8055555555555556, grid.best_index_=42, acc=0.5, time=0.2501034736633301
04-09-2022 01:08:38|INFO|Is groups None: True 
04-09-2022 01:08:38|INFO|7/10|grid.best_params_={'C': 0.01, 'gamma': 1e-09, 'kernel': 'rbf', 'max_iter': 1000}, grid.best_score_=0.7222222222222222, grid.best_index_=0, acc=1.0, time=0.4820833206176758
04-09-2022 01:08:38|INFO|Is groups None: True 
04-09-2022 01:08:38|INFO|8/10|grid.best_params_={'C': 100000000.0, 'gamma': 1e-07, 'kernel': 'rbf', 'max_iter': 1000}, grid.best_score_=0.7222222222222222, grid.best_index_=36, acc=0.75, time=0.22038912773132324
04-09-2022 01:08:38|INFO|Is groups None: True 
04-09-2022 01:08:39|INFO|9/10|grid.best_params_={'C': 1000000.0, 'gamma': 1e-05, 'kernel': 'rbf', 'max_iter': 1000}, grid.best_score_=0.7777777777777778, grid.best_index_=30, acc=0.25, time=0.2410125732421875
04-09-2022 01:08:39|INFO|Is groups None: True 
04-09-2022 01:08:39|INFO|10/10|grid.best_params_={'C': 1.0, 'gamma': 0.1, 'kernel': 'rbf', 'max_iter': 1000}, grid.best_score_=0.75, grid.best_index_=11, acc=0.25, time=0.25205302238464355
04-09-2022 01:08:39|INFO|s14|10-CV=0.65000|STD=0.25495|Time spend=3.2833027839660645
04-09-2022 01:08:39|INFO|Running Split-First
04-09-2022 01:08:39|INFO|X.shape=(40, 14), y.shape=(40,), groups.shape=(40,)
04-09-2022 01:08:39|INFO|Is groups None: True 
04-09-2022 01:08:39|INFO|1/10|grid.best_params_={'C': 10000.0, 'gamma': 1e-05, 'kernel': 'rbf', 'max_iter': 1000}, grid.best_score_=0.8333333333333334, grid.best_index_=23, acc=0.5, time=0.3026425838470459
04-09-2022 01:08:39|INFO|Is groups None: True 
04-09-2022 01:08:40|INFO|2/10|grid.best_params_={'C': 1000000.0, 'gamma': 1e-07, 'kernel': 'rbf', 'max_iter': 1000}, grid.best_score_=0.7777777777777778, grid.best_index_=29, acc=0.75, time=0.24223089218139648
04-09-2022 01:08:40|INFO|Is groups None: True 
04-09-2022 01:08:40|INFO|3/10|grid.best_params_={'C': 10000.0, 'gamma': 1e-05, 'kernel': 'rbf', 'max_iter': 1000}, grid.best_score_=0.7777777777777778, grid.best_index_=23, acc=1.0, time=0.5415084362030029
04-09-2022 01:08:40|INFO|Is groups None: True 
04-09-2022 01:08:41|INFO|4/10|grid.best_params_={'C': 10000.0, 'gamma': 1e-05, 'kernel': 'rbf', 'max_iter': 1000}, grid.best_score_=0.7777777777777778, grid.best_index_=23, acc=0.75, time=0.23661422729492188
04-09-2022 01:08:41|INFO|Is groups None: True 
04-09-2022 01:08:41|INFO|5/10|grid.best_params_={'C': 10000.0, 'gamma': 1e-05, 'kernel': 'rbf', 'max_iter': 1000}, grid.best_score_=0.7222222222222222, grid.best_index_=23, acc=1.0, time=0.24125337600708008
04-09-2022 01:08:41|INFO|Is groups None: True 
04-09-2022 01:08:41|INFO|6/10|grid.best_params_={'C': 100.0, 'gamma': 0.001, 'kernel': 'rbf', 'max_iter': 1000}, grid.best_score_=0.75, grid.best_index_=17, acc=0.75, time=0.24048280715942383
04-09-2022 01:08:41|INFO|Is groups None: True 
04-09-2022 01:08:41|INFO|7/10|grid.best_params_={'C': 0.01, 'gamma': 1e-07, 'kernel': 'rbf', 'max_iter': 1000}, grid.best_score_=0.75, grid.best_index_=1, acc=0.5, time=0.4668574333190918
04-09-2022 01:08:42|INFO|Is groups None: True 
04-09-2022 01:08:42|INFO|8/10|grid.best_params_={'C': 10000.0, 'gamma': 1e-05, 'kernel': 'rbf', 'max_iter': 1000}, grid.best_score_=0.7777777777777778, grid.best_index_=23, acc=0.75, time=0.23212409019470215
04-09-2022 01:08:42|INFO|Is groups None: True 
04-09-2022 01:08:42|INFO|9/10|grid.best_params_={'C': 10000.0, 'gamma': 1e-05, 'kernel': 'rbf', 'max_iter': 1000}, grid.best_score_=0.75, grid.best_index_=23, acc=0.75, time=0.25330066680908203
04-09-2022 01:08:42|INFO|Is groups None: True 
04-09-2022 01:08:43|INFO|10/10|grid.best_params_={'C': 100.0, 'gamma': 0.001, 'kernel': 'rbf', 'max_iter': 1000}, grid.best_score_=0.7777777777777778, grid.best_index_=17, acc=0.5, time=0.6025619506835938
04-09-2022 01:08:43|INFO|s15|10-CV=0.72500|STD=0.17500|Time spend=3.8317298889160156
04-09-2022 01:08:43|INFO|Running Split-First
04-09-2022 01:08:43|INFO|X.shape=(40, 14), y.shape=(40,), groups.shape=(40,)
04-09-2022 01:08:43|INFO|Is groups None: True 
04-09-2022 01:08:43|INFO|1/10|grid.best_params_={'C': 10000000000.0, 'gamma': 1e-09, 'kernel': 'rbf', 'max_iter': 1000}, grid.best_score_=0.6944444444444444, grid.best_index_=42, acc=0.75, time=0.24070954322814941
04-09-2022 01:08:43|INFO|Is groups None: True 
04-09-2022 01:08:43|INFO|2/10|grid.best_params_={'C': 100000000.0, 'gamma': 1e-09, 'kernel': 'rbf', 'max_iter': 1000}, grid.best_score_=0.7222222222222222, grid.best_index_=35, acc=1.0, time=0.21696877479553223
04-09-2022 01:08:43|INFO|Is groups None: True 
04-09-2022 01:08:44|INFO|3/10|grid.best_params_={'C': 100000000.0, 'gamma': 1e-07, 'kernel': 'rbf', 'max_iter': 1000}, grid.best_score_=0.6944444444444444, grid.best_index_=36, acc=0.75, time=0.22335362434387207
04-09-2022 01:08:44|INFO|Is groups None: True 
04-09-2022 01:08:44|INFO|4/10|grid.best_params_={'C': 100000000.0, 'gamma': 1e-09, 'kernel': 'rbf', 'max_iter': 1000}, grid.best_score_=0.6666666666666666, grid.best_index_=35, acc=1.0, time=0.6385331153869629
04-09-2022 01:08:44|INFO|Is groups None: True 
04-09-2022 01:08:45|INFO|5/10|grid.best_params_={'C': 1.0, 'gamma': 0.1, 'kernel': 'rbf', 'max_iter': 1000}, grid.best_score_=0.6388888888888888, grid.best_index_=11, acc=0.75, time=0.2302865982055664
04-09-2022 01:08:45|INFO|Is groups None: True 
04-09-2022 01:08:45|INFO|6/10|grid.best_params_={'C': 1000000.0, 'gamma': 1e-07, 'kernel': 'rbf', 'max_iter': 1000}, grid.best_score_=0.7777777777777778, grid.best_index_=29, acc=0.0, time=0.23043251037597656
04-09-2022 01:08:45|INFO|Is groups None: True 
04-09-2022 01:08:45|INFO|7/10|grid.best_params_={'C': 100000000.0, 'gamma': 1e-09, 'kernel': 'rbf', 'max_iter': 1000}, grid.best_score_=0.6944444444444444, grid.best_index_=35, acc=0.5, time=0.4834151268005371
04-09-2022 01:08:45|INFO|Is groups None: True 
04-09-2022 01:08:46|INFO|8/10|grid.best_params_={'C': 100000000.0, 'gamma': 1e-09, 'kernel': 'rbf', 'max_iter': 1000}, grid.best_score_=0.7222222222222222, grid.best_index_=35, acc=0.75, time=0.23820281028747559
04-09-2022 01:08:46|INFO|Is groups None: True 
04-09-2022 01:08:46|INFO|9/10|grid.best_params_={'C': 1.0, 'gamma': 0.1, 'kernel': 'rbf', 'max_iter': 1000}, grid.best_score_=0.75, grid.best_index_=11, acc=0.5, time=0.5210168361663818
04-09-2022 01:08:46|INFO|Is groups None: True 
04-09-2022 01:08:46|INFO|10/10|grid.best_params_={'C': 10000.0, 'gamma': 1e-05, 'kernel': 'rbf', 'max_iter': 1000}, grid.best_score_=0.75, grid.best_index_=23, acc=0.5, time=0.23893284797668457
04-09-2022 01:08:46|INFO|s16|10-CV=0.65000|STD=0.27839|Time spend=3.679396867752075
04-09-2022 01:08:47|INFO|Running Split-First
04-09-2022 01:08:47|INFO|X.shape=(40, 14), y.shape=(40,), groups.shape=(40,)
04-09-2022 01:08:47|INFO|Is groups None: True 
04-09-2022 01:08:47|INFO|1/10|grid.best_params_={'C': 10000.0, 'gamma': 0.001, 'kernel': 'rbf', 'max_iter': 1000}, grid.best_score_=0.7222222222222222, grid.best_index_=24, acc=0.25, time=0.2590036392211914
04-09-2022 01:08:47|INFO|Is groups None: True 
04-09-2022 01:08:47|INFO|2/10|grid.best_params_={'C': 100.0, 'gamma': 0.1, 'kernel': 'rbf', 'max_iter': 1000}, grid.best_score_=0.6111111111111112, grid.best_index_=18, acc=0.5, time=0.239182710647583
04-09-2022 01:08:47|INFO|Is groups None: True 
04-09-2022 01:08:48|INFO|3/10|grid.best_params_={'C': 1.0, 'gamma': 0.1, 'kernel': 'rbf', 'max_iter': 1000}, grid.best_score_=0.6111111111111112, grid.best_index_=11, acc=0.25, time=0.5522184371948242
04-09-2022 01:08:48|INFO|Is groups None: True 
04-09-2022 01:08:48|INFO|4/10|grid.best_params_={'C': 1000000.0, 'gamma': 0.001, 'kernel': 'rbf', 'max_iter': 1000}, grid.best_score_=0.6111111111111112, grid.best_index_=31, acc=0.75, time=0.23944449424743652
04-09-2022 01:08:48|INFO|Is groups None: True 
04-09-2022 01:08:48|INFO|5/10|grid.best_params_={'C': 100000000.0, 'gamma': 1e-05, 'kernel': 'rbf', 'max_iter': 1000}, grid.best_score_=0.6944444444444444, grid.best_index_=37, acc=0.5, time=0.24068832397460938
04-09-2022 01:08:48|INFO|Is groups None: True 
04-09-2022 01:08:49|INFO|6/10|grid.best_params_={'C': 1000000.0, 'gamma': 0.001, 'kernel': 'rbf', 'max_iter': 1000}, grid.best_score_=0.6666666666666666, grid.best_index_=31, acc=0.5, time=0.6392390727996826
04-09-2022 01:08:49|INFO|Is groups None: True 
04-09-2022 01:08:49|INFO|7/10|grid.best_params_={'C': 100.0, 'gamma': 0.001, 'kernel': 'rbf', 'max_iter': 1000}, grid.best_score_=0.6666666666666666, grid.best_index_=17, acc=0.25, time=0.23609042167663574
04-09-2022 01:08:49|INFO|Is groups None: True 
04-09-2022 01:08:49|INFO|8/10|grid.best_params_={'C': 0.01, 'gamma': 1e-09, 'kernel': 'rbf', 'max_iter': 1000}, grid.best_score_=0.5555555555555556, grid.best_index_=0, acc=0.5, time=0.2332470417022705
04-09-2022 01:08:49|INFO|Is groups None: True 
04-09-2022 01:08:50|INFO|9/10|grid.best_params_={'C': 100000000.0, 'gamma': 1e-09, 'kernel': 'rbf', 'max_iter': 1000}, grid.best_score_=0.6944444444444444, grid.best_index_=35, acc=0.75, time=0.23057794570922852
04-09-2022 01:08:50|INFO|Is groups None: True 
04-09-2022 01:08:50|INFO|10/10|grid.best_params_={'C': 10000.0, 'gamma': 0.001, 'kernel': 'rbf', 'max_iter': 1000}, grid.best_score_=0.6944444444444444, grid.best_index_=24, acc=0.25, time=0.546654224395752
04-09-2022 01:08:50|INFO|s17|10-CV=0.45000|STD=0.18708|Time spend=3.8205206394195557
04-09-2022 01:08:50|INFO|Running Split-First
04-09-2022 01:08:50|INFO|X.shape=(40, 14), y.shape=(40,), groups.shape=(40,)
04-09-2022 01:08:50|INFO|Is groups None: True 
04-09-2022 01:08:51|INFO|1/10|grid.best_params_={'C': 10000.0, 'gamma': 1e-05, 'kernel': 'rbf', 'max_iter': 1000}, grid.best_score_=0.8888888888888888, grid.best_index_=23, acc=0.75, time=0.24983954429626465
04-09-2022 01:08:51|INFO|Is groups None: True 
04-09-2022 01:08:51|INFO|2/10|grid.best_params_={'C': 100000000.0, 'gamma': 1e-05, 'kernel': 'rbf', 'max_iter': 1000}, grid.best_score_=0.8611111111111112, grid.best_index_=37, acc=1.0, time=0.21114134788513184
04-09-2022 01:08:51|INFO|Is groups None: True 
04-09-2022 01:08:51|INFO|3/10|grid.best_params_={'C': 10000.0, 'gamma': 1e-05, 'kernel': 'rbf', 'max_iter': 1000}, grid.best_score_=0.7777777777777778, grid.best_index_=23, acc=1.0, time=0.22356843948364258
04-09-2022 01:08:51|INFO|Is groups None: True 
04-09-2022 01:08:51|INFO|4/10|grid.best_params_={'C': 10000.0, 'gamma': 1e-05, 'kernel': 'rbf', 'max_iter': 1000}, grid.best_score_=0.8611111111111112, grid.best_index_=23, acc=0.75, time=0.23537516593933105
04-09-2022 01:08:51|INFO|Is groups None: True 
04-09-2022 01:08:52|INFO|5/10|grid.best_params_={'C': 1.0, 'gamma': 0.1, 'kernel': 'rbf', 'max_iter': 1000}, grid.best_score_=0.7777777777777778, grid.best_index_=11, acc=0.5, time=0.4125685691833496
04-09-2022 01:08:52|INFO|Is groups None: True 
04-09-2022 01:08:52|INFO|6/10|grid.best_params_={'C': 100.0, 'gamma': 0.1, 'kernel': 'rbf', 'max_iter': 1000}, grid.best_score_=0.8055555555555556, grid.best_index_=18, acc=1.0, time=0.2531771659851074
04-09-2022 01:08:52|INFO|Is groups None: True 
04-09-2022 01:08:52|INFO|7/10|grid.best_params_={'C': 10000.0, 'gamma': 1e-05, 'kernel': 'rbf', 'max_iter': 1000}, grid.best_score_=0.8333333333333334, grid.best_index_=23, acc=0.75, time=0.23503684997558594
04-09-2022 01:08:52|INFO|Is groups None: True 
04-09-2022 01:08:53|INFO|8/10|grid.best_params_={'C': 10000.0, 'gamma': 1e-05, 'kernel': 'rbf', 'max_iter': 1000}, grid.best_score_=0.8333333333333334, grid.best_index_=23, acc=1.0, time=0.5840339660644531
04-09-2022 01:08:53|INFO|Is groups None: True 
04-09-2022 01:08:53|INFO|9/10|grid.best_params_={'C': 100.0, 'gamma': 0.001, 'kernel': 'rbf', 'max_iter': 1000}, grid.best_score_=0.8611111111111112, grid.best_index_=17, acc=0.75, time=0.24240469932556152
04-09-2022 01:08:53|INFO|Is groups None: True 
04-09-2022 01:08:53|INFO|10/10|grid.best_params_={'C': 10000.0, 'gamma': 0.001, 'kernel': 'rbf', 'max_iter': 1000}, grid.best_score_=0.8888888888888888, grid.best_index_=24, acc=0.5, time=0.22888565063476562
04-09-2022 01:08:53|INFO|s18|10-CV=0.80000|STD=0.18708|Time spend=3.259615421295166
04-09-2022 01:08:54|INFO|Running Split-First
04-09-2022 01:08:54|INFO|X.shape=(40, 14), y.shape=(40,), groups.shape=(40,)
04-09-2022 01:08:54|INFO|Is groups None: True 
04-09-2022 01:08:54|INFO|1/10|grid.best_params_={'C': 100.0, 'gamma': 0.001, 'kernel': 'rbf', 'max_iter': 1000}, grid.best_score_=0.6666666666666666, grid.best_index_=17, acc=1.0, time=0.22038793563842773
04-09-2022 01:08:54|INFO|Is groups None: True 
04-09-2022 01:08:54|INFO|2/10|grid.best_params_={'C': 10000.0, 'gamma': 1e-05, 'kernel': 'rbf', 'max_iter': 1000}, grid.best_score_=0.6111111111111112, grid.best_index_=23, acc=1.0, time=0.2339482307434082
04-09-2022 01:08:54|INFO|Is groups None: True 
04-09-2022 01:08:55|INFO|3/10|grid.best_params_={'C': 1000000.0, 'gamma': 1e-07, 'kernel': 'rbf', 'max_iter': 1000}, grid.best_score_=0.75, grid.best_index_=29, acc=0.5, time=0.46163225173950195
04-09-2022 01:08:55|INFO|Is groups None: True 
04-09-2022 01:08:55|INFO|4/10|grid.best_params_={'C': 100000000.0, 'gamma': 1e-09, 'kernel': 'rbf', 'max_iter': 1000}, grid.best_score_=0.7222222222222222, grid.best_index_=35, acc=0.75, time=0.23373818397521973
04-09-2022 01:08:55|INFO|Is groups None: True 
04-09-2022 01:08:55|INFO|5/10|grid.best_params_={'C': 100.0, 'gamma': 0.1, 'kernel': 'rbf', 'max_iter': 1000}, grid.best_score_=0.6666666666666666, grid.best_index_=18, acc=0.25, time=0.24819445610046387
04-09-2022 01:08:55|INFO|Is groups None: True 
04-09-2022 01:08:56|INFO|6/10|grid.best_params_={'C': 100.0, 'gamma': 0.001, 'kernel': 'rbf', 'max_iter': 1000}, grid.best_score_=0.6944444444444444, grid.best_index_=17, acc=0.25, time=0.44019055366516113
04-09-2022 01:08:56|INFO|Is groups None: True 
04-09-2022 01:08:56|INFO|7/10|grid.best_params_={'C': 100000000.0, 'gamma': 1e-09, 'kernel': 'rbf', 'max_iter': 1000}, grid.best_score_=0.6666666666666666, grid.best_index_=35, acc=0.75, time=0.22449159622192383
04-09-2022 01:08:56|INFO|Is groups None: True 
04-09-2022 01:08:56|INFO|8/10|grid.best_params_={'C': 1000000.0, 'gamma': 1e-05, 'kernel': 'rbf', 'max_iter': 1000}, grid.best_score_=0.7777777777777778, grid.best_index_=30, acc=0.5, time=0.23968076705932617
04-09-2022 01:08:56|INFO|Is groups None: True 
04-09-2022 01:08:57|INFO|9/10|grid.best_params_={'C': 100000000.0, 'gamma': 1e-09, 'kernel': 'rbf', 'max_iter': 1000}, grid.best_score_=0.6944444444444444, grid.best_index_=35, acc=0.75, time=0.45129847526550293
04-09-2022 01:08:57|INFO|Is groups None: True 
04-09-2022 01:08:57|INFO|10/10|grid.best_params_={'C': 100000000.0, 'gamma': 1e-09, 'kernel': 'rbf', 'max_iter': 1000}, grid.best_score_=0.6666666666666666, grid.best_index_=35, acc=0.5, time=0.22562766075134277
04-09-2022 01:08:57|INFO|s19|10-CV=0.62500|STD=0.25617|Time spend=3.438563108444214
04-09-2022 01:08:57|INFO|Running Split-First
04-09-2022 01:08:57|INFO|X.shape=(40, 14), y.shape=(40,), groups.shape=(40,)
04-09-2022 01:08:57|INFO|Is groups None: True 
04-09-2022 01:08:57|INFO|1/10|grid.best_params_={'C': 100000000.0, 'gamma': 1e-05, 'kernel': 'rbf', 'max_iter': 1000}, grid.best_score_=0.8333333333333334, grid.best_index_=37, acc=0.75, time=0.22901082038879395
04-09-2022 01:08:57|INFO|Is groups None: True 
04-09-2022 01:08:58|INFO|2/10|grid.best_params_={'C': 10000.0, 'gamma': 0.001, 'kernel': 'rbf', 'max_iter': 1000}, grid.best_score_=0.8333333333333334, grid.best_index_=24, acc=0.25, time=0.2374272346496582
04-09-2022 01:08:58|INFO|Is groups None: True 
04-09-2022 01:08:58|INFO|3/10|grid.best_params_={'C': 10000.0, 'gamma': 0.001, 'kernel': 'rbf', 'max_iter': 1000}, grid.best_score_=0.8055555555555556, grid.best_index_=24, acc=0.75, time=0.5943009853363037
04-09-2022 01:08:58|INFO|Is groups None: True 
04-09-2022 01:08:59|INFO|4/10|grid.best_params_={'C': 100.0, 'gamma': 0.001, 'kernel': 'rbf', 'max_iter': 1000}, grid.best_score_=0.7777777777777778, grid.best_index_=17, acc=1.0, time=0.23186850547790527
04-09-2022 01:08:59|INFO|Is groups None: True 
04-09-2022 01:08:59|INFO|5/10|grid.best_params_={'C': 100.0, 'gamma': 0.001, 'kernel': 'rbf', 'max_iter': 1000}, grid.best_score_=0.8611111111111112, grid.best_index_=17, acc=0.5, time=0.23677515983581543
04-09-2022 01:08:59|INFO|Is groups None: True 
04-09-2022 01:08:59|INFO|6/10|grid.best_params_={'C': 1.0, 'gamma': 0.1, 'kernel': 'rbf', 'max_iter': 1000}, grid.best_score_=0.8611111111111112, grid.best_index_=11, acc=0.75, time=0.6030435562133789
04-09-2022 01:08:59|INFO|Is groups None: True 
04-09-2022 01:09:00|INFO|7/10|grid.best_params_={'C': 1.0, 'gamma': 0.1, 'kernel': 'rbf', 'max_iter': 1000}, grid.best_score_=0.8333333333333334, grid.best_index_=11, acc=0.75, time=0.23160934448242188
04-09-2022 01:09:00|INFO|Is groups None: True 
04-09-2022 01:09:00|INFO|8/10|grid.best_params_={'C': 100.0, 'gamma': 0.1, 'kernel': 'rbf', 'max_iter': 1000}, grid.best_score_=0.8611111111111112, grid.best_index_=18, acc=0.5, time=0.22191214561462402
04-09-2022 01:09:00|INFO|Is groups None: True 
04-09-2022 01:09:00|INFO|9/10|grid.best_params_={'C': 1000000.0, 'gamma': 1e-05, 'kernel': 'rbf', 'max_iter': 1000}, grid.best_score_=0.8611111111111112, grid.best_index_=30, acc=0.5, time=0.24519038200378418
04-09-2022 01:09:00|INFO|Is groups None: True 
04-09-2022 01:09:00|INFO|10/10|grid.best_params_={'C': 100.0, 'gamma': 0.001, 'kernel': 'rbf', 'max_iter': 1000}, grid.best_score_=0.8611111111111112, grid.best_index_=17, acc=0.75, time=0.2370455265045166
04-09-2022 01:09:00|INFO|s20|10-CV=0.65000|STD=0.20000|Time spend=3.518871784210205
04-09-2022 01:09:01|INFO|Running Split-First
04-09-2022 01:09:01|INFO|X.shape=(40, 14), y.shape=(40,), groups.shape=(40,)
04-09-2022 01:09:01|INFO|Is groups None: True 
04-09-2022 01:09:01|INFO|1/10|grid.best_params_={'C': 0.01, 'gamma': 1e-09, 'kernel': 'rbf', 'max_iter': 1000}, grid.best_score_=0.5833333333333334, grid.best_index_=0, acc=0.25, time=0.2802460193634033
04-09-2022 01:09:01|INFO|Is groups None: True 
04-09-2022 01:09:01|INFO|2/10|grid.best_params_={'C': 10000.0, 'gamma': 1e-05, 'kernel': 'rbf', 'max_iter': 1000}, grid.best_score_=0.6666666666666666, grid.best_index_=23, acc=0.5, time=0.2344226837158203
04-09-2022 01:09:01|INFO|Is groups None: True 
04-09-2022 01:09:01|INFO|3/10|grid.best_params_={'C': 10000.0, 'gamma': 1e-05, 'kernel': 'rbf', 'max_iter': 1000}, grid.best_score_=0.6111111111111112, grid.best_index_=23, acc=0.75, time=0.22867202758789062
04-09-2022 01:09:01|INFO|Is groups None: True 
04-09-2022 01:09:02|INFO|4/10|grid.best_params_={'C': 100000000.0, 'gamma': 1e-09, 'kernel': 'rbf', 'max_iter': 1000}, grid.best_score_=0.6666666666666666, grid.best_index_=35, acc=0.5, time=0.5006289482116699
04-09-2022 01:09:02|INFO|Is groups None: True 
04-09-2022 01:09:02|INFO|5/10|grid.best_params_={'C': 10000000000.0, 'gamma': 1e-09, 'kernel': 'rbf', 'max_iter': 1000}, grid.best_score_=0.6944444444444444, grid.best_index_=42, acc=0.5, time=0.22977590560913086
04-09-2022 01:09:02|INFO|Is groups None: True 
04-09-2022 01:09:02|INFO|6/10|grid.best_params_={'C': 1000000.0, 'gamma': 1e-07, 'kernel': 'rbf', 'max_iter': 1000}, grid.best_score_=0.6111111111111112, grid.best_index_=29, acc=1.0, time=0.23214435577392578
04-09-2022 01:09:02|INFO|Is groups None: True 
04-09-2022 01:09:03|INFO|7/10|grid.best_params_={'C': 100.0, 'gamma': 0.001, 'kernel': 'rbf', 'max_iter': 1000}, grid.best_score_=0.6944444444444444, grid.best_index_=17, acc=0.5, time=0.5754303932189941
04-09-2022 01:09:03|INFO|Is groups None: True 
04-09-2022 01:09:03|INFO|8/10|grid.best_params_={'C': 1.0, 'gamma': 0.1, 'kernel': 'rbf', 'max_iter': 1000}, grid.best_score_=0.6666666666666666, grid.best_index_=11, acc=0.0, time=0.23054099082946777
04-09-2022 01:09:03|INFO|Is groups None: True 
04-09-2022 01:09:04|INFO|9/10|grid.best_params_={'C': 10000.0, 'gamma': 1e-05, 'kernel': 'rbf', 'max_iter': 1000}, grid.best_score_=0.5555555555555556, grid.best_index_=23, acc=0.5, time=0.4035069942474365
04-09-2022 01:09:04|INFO|Is groups None: True 
04-09-2022 01:09:04|INFO|10/10|grid.best_params_={'C': 100.0, 'gamma': 0.001, 'kernel': 'rbf', 'max_iter': 1000}, grid.best_score_=0.6111111111111112, grid.best_index_=17, acc=1.0, time=0.23923683166503906
04-09-2022 01:09:04|INFO|s21|10-CV=0.55000|STD=0.29155|Time spend=3.6254982948303223
04-09-2022 01:09:04|INFO|Running Split-First
04-09-2022 01:09:04|INFO|X.shape=(40, 14), y.shape=(40,), groups.shape=(40,)
04-09-2022 01:09:04|INFO|Is groups None: True 
04-09-2022 01:09:05|INFO|1/10|grid.best_params_={'C': 10000.0, 'gamma': 1e-05, 'kernel': 'rbf', 'max_iter': 1000}, grid.best_score_=0.6111111111111112, grid.best_index_=23, acc=0.25, time=0.23919248580932617
04-09-2022 01:09:05|INFO|Is groups None: True 
04-09-2022 01:09:05|INFO|2/10|grid.best_params_={'C': 10000.0, 'gamma': 0.001, 'kernel': 'rbf', 'max_iter': 1000}, grid.best_score_=0.6111111111111112, grid.best_index_=24, acc=0.5, time=0.23406314849853516
04-09-2022 01:09:05|INFO|Is groups None: True 
04-09-2022 01:09:05|INFO|3/10|grid.best_params_={'C': 1.0, 'gamma': 0.1, 'kernel': 'rbf', 'max_iter': 1000}, grid.best_score_=0.6944444444444444, grid.best_index_=11, acc=0.0, time=0.6201920509338379
04-09-2022 01:09:05|INFO|Is groups None: True 
04-09-2022 01:09:06|INFO|4/10|grid.best_params_={'C': 100000000.0, 'gamma': 1e-09, 'kernel': 'rbf', 'max_iter': 1000}, grid.best_score_=0.6666666666666666, grid.best_index_=35, acc=0.75, time=0.23329496383666992
04-09-2022 01:09:06|INFO|Is groups None: True 
04-09-2022 01:09:06|INFO|5/10|grid.best_params_={'C': 10000.0, 'gamma': 1e-05, 'kernel': 'rbf', 'max_iter': 1000}, grid.best_score_=0.6944444444444444, grid.best_index_=23, acc=0.5, time=0.2369980812072754
04-09-2022 01:09:06|INFO|Is groups None: True 
04-09-2022 01:09:06|INFO|6/10|grid.best_params_={'C': 100.0, 'gamma': 0.001, 'kernel': 'rbf', 'max_iter': 1000}, grid.best_score_=0.6388888888888888, grid.best_index_=17, acc=0.75, time=0.23581910133361816
04-09-2022 01:09:06|INFO|Is groups None: True 
04-09-2022 01:09:07|INFO|7/10|grid.best_params_={'C': 1.0, 'gamma': 0.1, 'kernel': 'rbf', 'max_iter': 1000}, grid.best_score_=0.6111111111111112, grid.best_index_=11, acc=0.5, time=0.5506620407104492
04-09-2022 01:09:07|INFO|Is groups None: True 
04-09-2022 01:09:07|INFO|8/10|grid.best_params_={'C': 100000000.0, 'gamma': 1e-07, 'kernel': 'rbf', 'max_iter': 1000}, grid.best_score_=0.6666666666666666, grid.best_index_=36, acc=0.25, time=0.234954833984375
04-09-2022 01:09:07|INFO|Is groups None: True 
04-09-2022 01:09:07|INFO|9/10|grid.best_params_={'C': 100000000.0, 'gamma': 1e-09, 'kernel': 'rbf', 'max_iter': 1000}, grid.best_score_=0.5833333333333334, grid.best_index_=35, acc=0.75, time=0.3172430992126465
04-09-2022 01:09:07|INFO|Is groups None: True 
04-09-2022 01:09:08|INFO|10/10|grid.best_params_={'C': 1000000.0, 'gamma': 1e-05, 'kernel': 'rbf', 'max_iter': 1000}, grid.best_score_=0.5833333333333334, grid.best_index_=30, acc=0.25, time=0.5777888298034668
04-09-2022 01:09:08|INFO|s22|10-CV=0.45000|STD=0.24495|Time spend=3.936656951904297
04-09-2022 01:09:08|INFO|Running Split-First
04-09-2022 01:09:08|INFO|X.shape=(40, 14), y.shape=(40,), groups.shape=(40,)
04-09-2022 01:09:08|INFO|Is groups None: True 
04-09-2022 01:09:08|INFO|1/10|grid.best_params_={'C': 1.0, 'gamma': 0.1, 'kernel': 'rbf', 'max_iter': 1000}, grid.best_score_=0.6666666666666666, grid.best_index_=11, acc=0.75, time=0.25498366355895996
04-09-2022 01:09:09|INFO|Is groups None: True 
04-09-2022 01:09:09|INFO|2/10|grid.best_params_={'C': 0.01, 'gamma': 1e-09, 'kernel': 'rbf', 'max_iter': 1000}, grid.best_score_=0.6388888888888888, grid.best_index_=0, acc=0.75, time=0.22992849349975586
04-09-2022 01:09:09|INFO|Is groups None: True 
04-09-2022 01:09:09|INFO|3/10|grid.best_params_={'C': 0.01, 'gamma': 1e-09, 'kernel': 'rbf', 'max_iter': 1000}, grid.best_score_=0.6388888888888888, grid.best_index_=0, acc=0.75, time=0.4641149044036865
04-09-2022 01:09:09|INFO|Is groups None: True 
04-09-2022 01:09:09|INFO|4/10|grid.best_params_={'C': 0.01, 'gamma': 1e-09, 'kernel': 'rbf', 'max_iter': 1000}, grid.best_score_=0.6388888888888888, grid.best_index_=0, acc=0.75, time=0.22502923011779785
04-09-2022 01:09:09|INFO|Is groups None: True 
04-09-2022 01:09:10|INFO|5/10|grid.best_params_={'C': 0.01, 'gamma': 1e-09, 'kernel': 'rbf', 'max_iter': 1000}, grid.best_score_=0.6388888888888888, grid.best_index_=0, acc=0.75, time=0.2300271987915039
04-09-2022 01:09:10|INFO|Is groups None: True 
04-09-2022 01:09:10|INFO|6/10|grid.best_params_={'C': 0.01, 'gamma': 1e-09, 'kernel': 'rbf', 'max_iter': 1000}, grid.best_score_=0.6388888888888888, grid.best_index_=0, acc=0.75, time=0.41492152214050293
04-09-2022 01:09:10|INFO|Is groups None: True 
04-09-2022 01:09:10|INFO|7/10|grid.best_params_={'C': 0.01, 'gamma': 1e-09, 'kernel': 'rbf', 'max_iter': 1000}, grid.best_score_=0.6666666666666666, grid.best_index_=0, acc=0.5, time=0.2457561492919922
04-09-2022 01:09:10|INFO|Is groups None: True 
04-09-2022 01:09:11|INFO|8/10|grid.best_params_={'C': 100.0, 'gamma': 0.001, 'kernel': 'rbf', 'max_iter': 1000}, grid.best_score_=0.7222222222222222, grid.best_index_=17, acc=0.5, time=0.22101879119873047
04-09-2022 01:09:11|INFO|Is groups None: True 
04-09-2022 01:09:11|INFO|9/10|grid.best_params_={'C': 0.01, 'gamma': 1e-09, 'kernel': 'rbf', 'max_iter': 1000}, grid.best_score_=0.6666666666666666, grid.best_index_=0, acc=0.5, time=0.5391666889190674
04-09-2022 01:09:11|INFO|Is groups None: True 
04-09-2022 01:09:11|INFO|10/10|grid.best_params_={'C': 0.01, 'gamma': 1e-09, 'kernel': 'rbf', 'max_iter': 1000}, grid.best_score_=0.6666666666666666, grid.best_index_=0, acc=0.5, time=0.24599337577819824
04-09-2022 01:09:11|INFO|s23|10-CV=0.65000|STD=0.12247|Time spend=3.4878129959106445
04-09-2022 01:09:12|INFO|Running Split-First
04-09-2022 01:09:12|INFO|X.shape=(40, 14), y.shape=(40,), groups.shape=(40,)
04-09-2022 01:09:12|INFO|Is groups None: True 
04-09-2022 01:09:12|INFO|1/10|grid.best_params_={'C': 1000000.0, 'gamma': 1e-05, 'kernel': 'rbf', 'max_iter': 1000}, grid.best_score_=0.7777777777777778, grid.best_index_=30, acc=0.75, time=0.25173497200012207
04-09-2022 01:09:12|INFO|Is groups None: True 
04-09-2022 01:09:12|INFO|2/10|grid.best_params_={'C': 100.0, 'gamma': 0.001, 'kernel': 'rbf', 'max_iter': 1000}, grid.best_score_=0.7222222222222222, grid.best_index_=17, acc=0.25, time=0.21568536758422852
04-09-2022 01:09:12|INFO|Is groups None: True 
04-09-2022 01:09:12|INFO|3/10|grid.best_params_={'C': 100000000.0, 'gamma': 1e-05, 'kernel': 'rbf', 'max_iter': 1000}, grid.best_score_=0.9166666666666666, grid.best_index_=37, acc=0.5, time=0.22669219970703125
04-09-2022 01:09:12|INFO|Is groups None: True 
04-09-2022 01:09:13|INFO|4/10|grid.best_params_={'C': 1000000.0, 'gamma': 1e-05, 'kernel': 'rbf', 'max_iter': 1000}, grid.best_score_=0.8055555555555556, grid.best_index_=30, acc=1.0, time=0.5316860675811768
04-09-2022 01:09:13|INFO|Is groups None: True 
04-09-2022 01:09:13|INFO|5/10|grid.best_params_={'C': 10000.0, 'gamma': 0.001, 'kernel': 'rbf', 'max_iter': 1000}, grid.best_score_=0.8333333333333334, grid.best_index_=24, acc=0.75, time=0.24133539199829102
04-09-2022 01:09:13|INFO|Is groups None: True 
04-09-2022 01:09:13|INFO|6/10|grid.best_params_={'C': 1000000.0, 'gamma': 1e-05, 'kernel': 'rbf', 'max_iter': 1000}, grid.best_score_=0.7777777777777778, grid.best_index_=30, acc=0.75, time=0.2383131980895996
04-09-2022 01:09:13|INFO|Is groups None: True 
04-09-2022 01:09:14|INFO|7/10|grid.best_params_={'C': 1000000.0, 'gamma': 1e-05, 'kernel': 'rbf', 'max_iter': 1000}, grid.best_score_=0.7777777777777778, grid.best_index_=30, acc=1.0, time=0.5586843490600586
04-09-2022 01:09:14|INFO|Is groups None: True 
04-09-2022 01:09:14|INFO|8/10|grid.best_params_={'C': 1000000.0, 'gamma': 1e-05, 'kernel': 'rbf', 'max_iter': 1000}, grid.best_score_=0.8333333333333334, grid.best_index_=30, acc=1.0, time=0.22914528846740723
04-09-2022 01:09:14|INFO|Is groups None: True 
04-09-2022 01:09:14|INFO|9/10|grid.best_params_={'C': 10000.0, 'gamma': 0.001, 'kernel': 'rbf', 'max_iter': 1000}, grid.best_score_=0.75, grid.best_index_=24, acc=1.0, time=0.226029634475708
04-09-2022 01:09:14|INFO|Is groups None: True 
04-09-2022 01:09:15|INFO|10/10|grid.best_params_={'C': 1000000.0, 'gamma': 1e-05, 'kernel': 'rbf', 'max_iter': 1000}, grid.best_score_=0.7777777777777778, grid.best_index_=30, acc=1.0, time=0.48680782318115234
04-09-2022 01:09:15|INFO|s24|10-CV=0.80000|STD=0.24495|Time spend=3.6017539501190186
04-09-2022 01:09:15|INFO|Running Split-First
04-09-2022 01:09:15|INFO|X.shape=(40, 14), y.shape=(40,), groups.shape=(40,)
04-09-2022 01:09:15|INFO|Is groups None: True 
04-09-2022 01:09:16|INFO|1/10|grid.best_params_={'C': 1.0, 'gamma': 0.1, 'kernel': 'rbf', 'max_iter': 1000}, grid.best_score_=0.5555555555555556, grid.best_index_=11, acc=0.25, time=0.2719087600708008
04-09-2022 01:09:16|INFO|Is groups None: True 
04-09-2022 01:09:16|INFO|2/10|grid.best_params_={'C': 1.0, 'gamma': 0.1, 'kernel': 'rbf', 'max_iter': 1000}, grid.best_score_=0.5555555555555556, grid.best_index_=11, acc=0.5, time=0.2174241542816162
04-09-2022 01:09:16|INFO|Is groups None: True 
04-09-2022 01:09:16|INFO|3/10|grid.best_params_={'C': 100.0, 'gamma': 0.1, 'kernel': 'rbf', 'max_iter': 1000}, grid.best_score_=0.6388888888888888, grid.best_index_=18, acc=0.5, time=0.38210248947143555
04-09-2022 01:09:16|INFO|Is groups None: True 
04-09-2022 01:09:16|INFO|4/10|grid.best_params_={'C': 10000.0, 'gamma': 0.001, 'kernel': 'rbf', 'max_iter': 1000}, grid.best_score_=0.5555555555555556, grid.best_index_=24, acc=0.75, time=0.23640727996826172
04-09-2022 01:09:16|INFO|Is groups None: True 
04-09-2022 01:09:17|INFO|5/10|grid.best_params_={'C': 100.0, 'gamma': 0.1, 'kernel': 'rbf', 'max_iter': 1000}, grid.best_score_=0.5555555555555556, grid.best_index_=18, acc=0.5, time=0.22940278053283691
04-09-2022 01:09:17|INFO|Is groups None: True 
04-09-2022 01:09:17|INFO|6/10|grid.best_params_={'C': 100.0, 'gamma': 0.001, 'kernel': 'rbf', 'max_iter': 1000}, grid.best_score_=0.6111111111111112, grid.best_index_=17, acc=0.25, time=0.24641156196594238
04-09-2022 01:09:17|INFO|Is groups None: True 
04-09-2022 01:09:18|INFO|7/10|grid.best_params_={'C': 10000000000.0, 'gamma': 1e-07, 'kernel': 'rbf', 'max_iter': 1000}, grid.best_score_=0.6111111111111112, grid.best_index_=43, acc=0.5, time=0.7066218852996826
04-09-2022 01:09:18|INFO|Is groups None: True 
04-09-2022 01:09:18|INFO|8/10|grid.best_params_={'C': 10000.0, 'gamma': 0.001, 'kernel': 'rbf', 'max_iter': 1000}, grid.best_score_=0.5555555555555556, grid.best_index_=24, acc=0.75, time=0.2443845272064209
04-09-2022 01:09:18|INFO|Is groups None: True 
04-09-2022 01:09:18|INFO|9/10|grid.best_params_={'C': 10000.0, 'gamma': 0.001, 'kernel': 'rbf', 'max_iter': 1000}, grid.best_score_=0.6666666666666666, grid.best_index_=24, acc=0.5, time=0.22998929023742676
04-09-2022 01:09:18|INFO|Is groups None: True 
04-09-2022 01:09:19|INFO|10/10|grid.best_params_={'C': 10000.0, 'gamma': 0.001, 'kernel': 'rbf', 'max_iter': 1000}, grid.best_score_=0.6111111111111112, grid.best_index_=24, acc=0.5, time=0.653404712677002
04-09-2022 01:09:19|INFO|s25|10-CV=0.50000|STD=0.15811|Time spend=3.8064334392547607
04-09-2022 01:09:19|INFO|Running Split-First
04-09-2022 01:09:19|INFO|X.shape=(40, 14), y.shape=(40,), groups.shape=(40,)
04-09-2022 01:09:19|INFO|Is groups None: True 
04-09-2022 01:09:19|INFO|1/10|grid.best_params_={'C': 1.0, 'gamma': 0.1, 'kernel': 'rbf', 'max_iter': 1000}, grid.best_score_=0.8333333333333334, grid.best_index_=11, acc=0.5, time=0.2570476531982422
04-09-2022 01:09:19|INFO|Is groups None: True 
04-09-2022 01:09:20|INFO|2/10|grid.best_params_={'C': 1.0, 'gamma': 0.1, 'kernel': 'rbf', 'max_iter': 1000}, grid.best_score_=0.8611111111111112, grid.best_index_=11, acc=0.5, time=0.22797274589538574
04-09-2022 01:09:20|INFO|Is groups None: True 
04-09-2022 01:09:20|INFO|3/10|grid.best_params_={'C': 1.0, 'gamma': 0.1, 'kernel': 'rbf', 'max_iter': 1000}, grid.best_score_=0.8333333333333334, grid.best_index_=11, acc=0.75, time=0.22430849075317383
04-09-2022 01:09:20|INFO|Is groups None: True 
04-09-2022 01:09:20|INFO|4/10|grid.best_params_={'C': 1.0, 'gamma': 0.1, 'kernel': 'rbf', 'max_iter': 1000}, grid.best_score_=0.7777777777777778, grid.best_index_=11, acc=1.0, time=0.46500110626220703
04-09-2022 01:09:20|INFO|Is groups None: True 
04-09-2022 01:09:21|INFO|5/10|grid.best_params_={'C': 1.0, 'gamma': 0.1, 'kernel': 'rbf', 'max_iter': 1000}, grid.best_score_=0.8055555555555556, grid.best_index_=11, acc=1.0, time=0.24403858184814453
04-09-2022 01:09:21|INFO|Is groups None: True 
04-09-2022 01:09:21|INFO|6/10|grid.best_params_={'C': 100000000.0, 'gamma': 1e-09, 'kernel': 'rbf', 'max_iter': 1000}, grid.best_score_=0.8333333333333334, grid.best_index_=35, acc=0.75, time=0.24001741409301758
04-09-2022 01:09:21|INFO|Is groups None: True 
04-09-2022 01:09:22|INFO|7/10|grid.best_params_={'C': 10000.0, 'gamma': 1e-05, 'kernel': 'rbf', 'max_iter': 1000}, grid.best_score_=0.7777777777777778, grid.best_index_=23, acc=0.75, time=0.7121734619140625
04-09-2022 01:09:22|INFO|Is groups None: True 
04-09-2022 01:09:22|INFO|8/10|grid.best_params_={'C': 10000.0, 'gamma': 1e-05, 'kernel': 'rbf', 'max_iter': 1000}, grid.best_score_=0.7777777777777778, grid.best_index_=23, acc=1.0, time=0.22191977500915527
04-09-2022 01:09:22|INFO|Is groups None: True 
04-09-2022 01:09:22|INFO|9/10|grid.best_params_={'C': 1000000.0, 'gamma': 1e-07, 'kernel': 'rbf', 'max_iter': 1000}, grid.best_score_=0.8055555555555556, grid.best_index_=29, acc=0.75, time=0.46191883087158203
04-09-2022 01:09:22|INFO|Is groups None: True 
04-09-2022 01:09:22|INFO|10/10|grid.best_params_={'C': 1.0, 'gamma': 0.1, 'kernel': 'rbf', 'max_iter': 1000}, grid.best_score_=0.75, grid.best_index_=11, acc=1.0, time=0.24413728713989258
04-09-2022 01:09:22|INFO|s26|10-CV=0.80000|STD=0.18708|Time spend=3.7058990001678467
04-09-2022 01:09:23|INFO|Running Split-First
04-09-2022 01:09:23|INFO|X.shape=(40, 14), y.shape=(40,), groups.shape=(40,)
04-09-2022 01:09:23|INFO|Is groups None: True 
04-09-2022 01:09:23|INFO|1/10|grid.best_params_={'C': 0.01, 'gamma': 1e-09, 'kernel': 'rbf', 'max_iter': 1000}, grid.best_score_=0.75, grid.best_index_=0, acc=0.75, time=0.2371366024017334
04-09-2022 01:09:23|INFO|Is groups None: True 
04-09-2022 01:09:23|INFO|2/10|grid.best_params_={'C': 10000000000.0, 'gamma': 1e-07, 'kernel': 'rbf', 'max_iter': 1000}, grid.best_score_=0.8611111111111112, grid.best_index_=43, acc=0.5, time=0.22902536392211914
04-09-2022 01:09:23|INFO|Is groups None: True 
04-09-2022 01:09:24|INFO|3/10|grid.best_params_={'C': 0.01, 'gamma': 1e-09, 'kernel': 'rbf', 'max_iter': 1000}, grid.best_score_=0.75, grid.best_index_=0, acc=0.75, time=0.5463449954986572
04-09-2022 01:09:24|INFO|Is groups None: True 
04-09-2022 01:09:24|INFO|4/10|grid.best_params_={'C': 0.01, 'gamma': 1e-09, 'kernel': 'rbf', 'max_iter': 1000}, grid.best_score_=0.75, grid.best_index_=0, acc=0.75, time=0.2284984588623047
04-09-2022 01:09:24|INFO|Is groups None: True 
04-09-2022 01:09:24|INFO|5/10|grid.best_params_={'C': 0.01, 'gamma': 1e-09, 'kernel': 'rbf', 'max_iter': 1000}, grid.best_score_=0.75, grid.best_index_=0, acc=0.75, time=0.23353099822998047
04-09-2022 01:09:24|INFO|Is groups None: True 
04-09-2022 01:09:25|INFO|6/10|grid.best_params_={'C': 0.01, 'gamma': 1e-09, 'kernel': 'rbf', 'max_iter': 1000}, grid.best_score_=0.75, grid.best_index_=0, acc=0.75, time=0.3609750270843506
04-09-2022 01:09:25|INFO|Is groups None: True 
04-09-2022 01:09:25|INFO|7/10|grid.best_params_={'C': 100.0, 'gamma': 0.1, 'kernel': 'rbf', 'max_iter': 1000}, grid.best_score_=0.7777777777777778, grid.best_index_=18, acc=0.75, time=0.23586130142211914
04-09-2022 01:09:25|INFO|Is groups None: True 
04-09-2022 01:09:25|INFO|8/10|grid.best_params_={'C': 100000000.0, 'gamma': 1e-07, 'kernel': 'rbf', 'max_iter': 1000}, grid.best_score_=0.7777777777777778, grid.best_index_=36, acc=0.75, time=0.23263263702392578
04-09-2022 01:09:25|INFO|Is groups None: True 
04-09-2022 01:09:26|INFO|9/10|grid.best_params_={'C': 0.01, 'gamma': 1e-09, 'kernel': 'rbf', 'max_iter': 1000}, grid.best_score_=0.75, grid.best_index_=0, acc=0.75, time=0.43340182304382324
04-09-2022 01:09:26|INFO|Is groups None: True 
04-09-2022 01:09:26|INFO|10/10|grid.best_params_={'C': 100000000.0, 'gamma': 1e-09, 'kernel': 'rbf', 'max_iter': 1000}, grid.best_score_=0.7777777777777778, grid.best_index_=35, acc=0.75, time=0.22886395454406738
04-09-2022 01:09:26|INFO|s27|10-CV=0.72500|STD=0.07500|Time spend=3.410759449005127
04-09-2022 01:09:26|INFO|Running Split-First
04-09-2022 01:09:26|INFO|X.shape=(40, 14), y.shape=(40,), groups.shape=(40,)
04-09-2022 01:09:26|INFO|Is groups None: True 
04-09-2022 01:09:27|INFO|1/10|grid.best_params_={'C': 100.0, 'gamma': 0.001, 'kernel': 'rbf', 'max_iter': 1000}, grid.best_score_=0.6944444444444444, grid.best_index_=17, acc=0.75, time=0.23446059226989746
04-09-2022 01:09:27|INFO|Is groups None: True 
04-09-2022 01:09:27|INFO|2/10|grid.best_params_={'C': 100000000.0, 'gamma': 1e-09, 'kernel': 'rbf', 'max_iter': 1000}, grid.best_score_=0.6944444444444444, grid.best_index_=35, acc=0.5, time=0.23471641540527344
04-09-2022 01:09:27|INFO|Is groups None: True 
04-09-2022 01:09:27|INFO|3/10|grid.best_params_={'C': 100.0, 'gamma': 0.001, 'kernel': 'rbf', 'max_iter': 1000}, grid.best_score_=0.6944444444444444, grid.best_index_=17, acc=0.75, time=0.22504353523254395
04-09-2022 01:09:27|INFO|Is groups None: True 
04-09-2022 01:09:28|INFO|4/10|grid.best_params_={'C': 100.0, 'gamma': 0.001, 'kernel': 'rbf', 'max_iter': 1000}, grid.best_score_=0.6944444444444444, grid.best_index_=17, acc=0.75, time=0.5803015232086182
04-09-2022 01:09:28|INFO|Is groups None: True 
04-09-2022 01:09:28|INFO|5/10|grid.best_params_={'C': 100.0, 'gamma': 0.001, 'kernel': 'rbf', 'max_iter': 1000}, grid.best_score_=0.6944444444444444, grid.best_index_=17, acc=0.75, time=0.235490083694458
04-09-2022 01:09:28|INFO|Is groups None: True 
04-09-2022 01:09:28|INFO|6/10|grid.best_params_={'C': 100.0, 'gamma': 0.001, 'kernel': 'rbf', 'max_iter': 1000}, grid.best_score_=0.6666666666666666, grid.best_index_=17, acc=0.75, time=0.2324669361114502
04-09-2022 01:09:28|INFO|Is groups None: True 
04-09-2022 01:09:29|INFO|7/10|grid.best_params_={'C': 1000000.0, 'gamma': 1e-05, 'kernel': 'rbf', 'max_iter': 1000}, grid.best_score_=0.6944444444444444, grid.best_index_=30, acc=0.75, time=0.48838233947753906
04-09-2022 01:09:29|INFO|Is groups None: True 
04-09-2022 01:09:29|INFO|8/10|grid.best_params_={'C': 100000000.0, 'gamma': 1e-07, 'kernel': 'rbf', 'max_iter': 1000}, grid.best_score_=0.7222222222222222, grid.best_index_=36, acc=1.0, time=0.2351682186126709
04-09-2022 01:09:29|INFO|Is groups None: True 
04-09-2022 01:09:29|INFO|9/10|grid.best_params_={'C': 10000000000.0, 'gamma': 1e-07, 'kernel': 'rbf', 'max_iter': 1000}, grid.best_score_=0.8333333333333334, grid.best_index_=43, acc=0.0, time=0.31613993644714355
04-09-2022 01:09:29|INFO|Is groups None: True 
04-09-2022 01:09:30|INFO|10/10|grid.best_params_={'C': 100000000.0, 'gamma': 1e-07, 'kernel': 'rbf', 'max_iter': 1000}, grid.best_score_=0.6944444444444444, grid.best_index_=36, acc=0.5, time=0.6190340518951416
04-09-2022 01:09:30|INFO|s28|10-CV=0.65000|STD=0.25495|Time spend=3.8382537364959717
04-09-2022 01:09:30|INFO|Running Split-First
04-09-2022 01:09:30|INFO|X.shape=(40, 14), y.shape=(40,), groups.shape=(40,)
04-09-2022 01:09:30|INFO|Is groups None: True 
04-09-2022 01:09:30|INFO|1/10|grid.best_params_={'C': 10000000000.0, 'gamma': 1e-09, 'kernel': 'rbf', 'max_iter': 1000}, grid.best_score_=0.7222222222222222, grid.best_index_=42, acc=0.75, time=0.21843719482421875
04-09-2022 01:09:30|INFO|Is groups None: True 
04-09-2022 01:09:31|INFO|2/10|grid.best_params_={'C': 1.0, 'gamma': 0.1, 'kernel': 'rbf', 'max_iter': 1000}, grid.best_score_=0.6388888888888888, grid.best_index_=11, acc=1.0, time=0.22432398796081543
04-09-2022 01:09:31|INFO|Is groups None: True 
04-09-2022 01:09:31|INFO|3/10|grid.best_params_={'C': 100.0, 'gamma': 0.001, 'kernel': 'rbf', 'max_iter': 1000}, grid.best_score_=0.75, grid.best_index_=17, acc=0.5, time=0.2310810089111328
04-09-2022 01:09:31|INFO|Is groups None: True 
04-09-2022 01:09:31|INFO|4/10|grid.best_params_={'C': 100000000.0, 'gamma': 1e-09, 'kernel': 'rbf', 'max_iter': 1000}, grid.best_score_=0.7777777777777778, grid.best_index_=35, acc=0.75, time=0.5346231460571289
04-09-2022 01:09:31|INFO|Is groups None: True 
04-09-2022 01:09:32|INFO|5/10|grid.best_params_={'C': 100.0, 'gamma': 0.001, 'kernel': 'rbf', 'max_iter': 1000}, grid.best_score_=0.6944444444444444, grid.best_index_=17, acc=0.5, time=0.25002098083496094
04-09-2022 01:09:32|INFO|Is groups None: True 
04-09-2022 01:09:32|INFO|6/10|grid.best_params_={'C': 10000000000.0, 'gamma': 1e-09, 'kernel': 'rbf', 'max_iter': 1000}, grid.best_score_=0.6944444444444444, grid.best_index_=42, acc=1.0, time=0.22686219215393066
04-09-2022 01:09:32|INFO|Is groups None: True 
04-09-2022 01:09:32|INFO|7/10|grid.best_params_={'C': 100.0, 'gamma': 0.001, 'kernel': 'rbf', 'max_iter': 1000}, grid.best_score_=0.7222222222222222, grid.best_index_=17, acc=0.75, time=0.5865151882171631
04-09-2022 01:09:32|INFO|Is groups None: True 
04-09-2022 01:09:33|INFO|8/10|grid.best_params_={'C': 100.0, 'gamma': 0.001, 'kernel': 'rbf', 'max_iter': 1000}, grid.best_score_=0.7222222222222222, grid.best_index_=17, acc=0.25, time=0.22734689712524414
04-09-2022 01:09:33|INFO|Is groups None: True 
04-09-2022 01:09:33|INFO|9/10|grid.best_params_={'C': 100000000.0, 'gamma': 1e-07, 'kernel': 'rbf', 'max_iter': 1000}, grid.best_score_=0.75, grid.best_index_=36, acc=0.25, time=0.5420477390289307
04-09-2022 01:09:33|INFO|Is groups None: True 
04-09-2022 01:09:33|INFO|10/10|grid.best_params_={'C': 1000000.0, 'gamma': 1e-07, 'kernel': 'rbf', 'max_iter': 1000}, grid.best_score_=0.6944444444444444, grid.best_index_=29, acc=0.5, time=0.22455382347106934
04-09-2022 01:09:33|INFO|s29|10-CV=0.62500|STD=0.25617|Time spend=3.653505802154541
04-09-2022 01:09:34|INFO|Running Split-First
04-09-2022 01:09:34|INFO|X.shape=(40, 14), y.shape=(40,), groups.shape=(40,)
04-09-2022 01:09:34|INFO|Is groups None: True 
04-09-2022 01:09:34|INFO|1/10|grid.best_params_={'C': 0.01, 'gamma': 1e-09, 'kernel': 'rbf', 'max_iter': 1000}, grid.best_score_=0.6666666666666666, grid.best_index_=0, acc=0.75, time=0.22826313972473145
04-09-2022 01:09:34|INFO|Is groups None: True 
04-09-2022 01:09:34|INFO|2/10|grid.best_params_={'C': 0.01, 'gamma': 1e-09, 'kernel': 'rbf', 'max_iter': 1000}, grid.best_score_=0.6666666666666666, grid.best_index_=0, acc=0.75, time=0.23267769813537598
04-09-2022 01:09:34|INFO|Is groups None: True 
04-09-2022 01:09:35|INFO|3/10|grid.best_params_={'C': 0.01, 'gamma': 1e-09, 'kernel': 'rbf', 'max_iter': 1000}, grid.best_score_=0.6666666666666666, grid.best_index_=0, acc=0.75, time=0.24382305145263672
04-09-2022 01:09:35|INFO|Is groups None: True 
04-09-2022 01:09:35|INFO|4/10|grid.best_params_={'C': 100000000.0, 'gamma': 1e-07, 'kernel': 'rbf', 'max_iter': 1000}, grid.best_score_=0.6944444444444444, grid.best_index_=36, acc=0.75, time=0.2405412197113037
04-09-2022 01:09:35|INFO|Is groups None: True 
04-09-2022 01:09:35|INFO|5/10|grid.best_params_={'C': 1000000.0, 'gamma': 1e-05, 'kernel': 'rbf', 'max_iter': 1000}, grid.best_score_=0.6944444444444444, grid.best_index_=30, acc=0.5, time=0.6005434989929199
04-09-2022 01:09:35|INFO|Is groups None: True 
04-09-2022 01:09:36|INFO|6/10|grid.best_params_={'C': 0.01, 'gamma': 1e-09, 'kernel': 'rbf', 'max_iter': 1000}, grid.best_score_=0.6666666666666666, grid.best_index_=0, acc=0.75, time=0.2445361614227295
04-09-2022 01:09:36|INFO|Is groups None: True 
04-09-2022 01:09:36|INFO|7/10|grid.best_params_={'C': 1000000.0, 'gamma': 1e-05, 'kernel': 'rbf', 'max_iter': 1000}, grid.best_score_=0.6944444444444444, grid.best_index_=30, acc=0.25, time=0.22157025337219238
04-09-2022 01:09:36|INFO|Is groups None: True 
04-09-2022 01:09:36|INFO|8/10|grid.best_params_={'C': 0.01, 'gamma': 1e-09, 'kernel': 'rbf', 'max_iter': 1000}, grid.best_score_=0.6944444444444444, grid.best_index_=0, acc=0.5, time=0.5465488433837891
04-09-2022 01:09:36|INFO|Is groups None: True 
04-09-2022 01:09:37|INFO|9/10|grid.best_params_={'C': 0.01, 'gamma': 1e-09, 'kernel': 'rbf', 'max_iter': 1000}, grid.best_score_=0.6944444444444444, grid.best_index_=0, acc=0.5, time=0.23366451263427734
04-09-2022 01:09:37|INFO|Is groups None: True 
04-09-2022 01:09:37|INFO|10/10|grid.best_params_={'C': 0.01, 'gamma': 1e-09, 'kernel': 'rbf', 'max_iter': 1000}, grid.best_score_=0.6944444444444444, grid.best_index_=0, acc=0.5, time=0.232421875
04-09-2022 01:09:37|INFO|s30|10-CV=0.60000|STD=0.16583|Time spend=3.481574535369873
04-09-2022 01:09:37|INFO|Running Split-First
04-09-2022 01:09:37|INFO|X.shape=(40, 14), y.shape=(40,), groups.shape=(40,)
04-09-2022 01:09:37|INFO|Is groups None: True 
04-09-2022 01:09:38|INFO|1/10|grid.best_params_={'C': 1.0, 'gamma': 0.1, 'kernel': 'rbf', 'max_iter': 1000}, grid.best_score_=0.6944444444444444, grid.best_index_=11, acc=0.5, time=0.27503108978271484
04-09-2022 01:09:38|INFO|Is groups None: True 
04-09-2022 01:09:38|INFO|2/10|grid.best_params_={'C': 1.0, 'gamma': 0.1, 'kernel': 'rbf', 'max_iter': 1000}, grid.best_score_=0.6944444444444444, grid.best_index_=11, acc=0.25, time=0.23857331275939941
04-09-2022 01:09:38|INFO|Is groups None: True 
04-09-2022 01:09:38|INFO|3/10|grid.best_params_={'C': 1.0, 'gamma': 0.1, 'kernel': 'rbf', 'max_iter': 1000}, grid.best_score_=0.6666666666666666, grid.best_index_=11, acc=0.5, time=0.4695460796356201
04-09-2022 01:09:38|INFO|Is groups None: True 
04-09-2022 01:09:39|INFO|4/10|grid.best_params_={'C': 1.0, 'gamma': 0.1, 'kernel': 'rbf', 'max_iter': 1000}, grid.best_score_=0.6388888888888888, grid.best_index_=11, acc=0.75, time=0.24503231048583984
04-09-2022 01:09:39|INFO|Is groups None: True 
04-09-2022 01:09:39|INFO|5/10|grid.best_params_={'C': 100.0, 'gamma': 0.1, 'kernel': 'rbf', 'max_iter': 1000}, grid.best_score_=0.6944444444444444, grid.best_index_=18, acc=0.75, time=0.23748779296875
04-09-2022 01:09:39|INFO|Is groups None: True 
04-09-2022 01:09:39|INFO|6/10|grid.best_params_={'C': 1.0, 'gamma': 0.1, 'kernel': 'rbf', 'max_iter': 1000}, grid.best_score_=0.6666666666666666, grid.best_index_=11, acc=0.5, time=0.5725245475769043
04-09-2022 01:09:39|INFO|Is groups None: True 
04-09-2022 01:09:40|INFO|7/10|grid.best_params_={'C': 0.01, 'gamma': 1e-09, 'kernel': 'rbf', 'max_iter': 1000}, grid.best_score_=0.5833333333333334, grid.best_index_=0, acc=0.5, time=0.24380064010620117
04-09-2022 01:09:40|INFO|Is groups None: True 
04-09-2022 01:09:40|INFO|8/10|grid.best_params_={'C': 1000000.0, 'gamma': 1e-05, 'kernel': 'rbf', 'max_iter': 1000}, grid.best_score_=0.7222222222222222, grid.best_index_=30, acc=0.25, time=0.23426485061645508
04-09-2022 01:09:40|INFO|Is groups None: True 
04-09-2022 01:09:40|INFO|9/10|grid.best_params_={'C': 100.0, 'gamma': 0.1, 'kernel': 'rbf', 'max_iter': 1000}, grid.best_score_=0.6666666666666666, grid.best_index_=18, acc=0.75, time=0.4729335308074951
04-09-2022 01:09:40|INFO|Is groups None: True 
04-09-2022 01:09:41|INFO|10/10|grid.best_params_={'C': 100.0, 'gamma': 0.1, 'kernel': 'rbf', 'max_iter': 1000}, grid.best_score_=0.6111111111111112, grid.best_index_=18, acc=1.0, time=0.2297835350036621
04-09-2022 01:09:41|INFO|s31|10-CV=0.57500|STD=0.22500|Time spend=3.6919596195220947
04-09-2022 01:09:41|INFO|Running Split-First
04-09-2022 01:09:41|INFO|X.shape=(40, 14), y.shape=(40,), groups.shape=(40,)
04-09-2022 01:09:41|INFO|Is groups None: True 
04-09-2022 01:09:41|INFO|1/10|grid.best_params_={'C': 0.01, 'gamma': 1e-09, 'kernel': 'rbf', 'max_iter': 1000}, grid.best_score_=0.7222222222222222, grid.best_index_=0, acc=0.75, time=0.23545169830322266
04-09-2022 01:09:41|INFO|Is groups None: True 
04-09-2022 01:09:41|INFO|2/10|grid.best_params_={'C': 0.01, 'gamma': 0.1, 'kernel': 'rbf', 'max_iter': 1000}, grid.best_score_=0.7777777777777778, grid.best_index_=4, acc=0.5, time=0.23474812507629395
04-09-2022 01:09:41|INFO|Is groups None: True 
04-09-2022 01:09:42|INFO|3/10|grid.best_params_={'C': 0.01, 'gamma': 0.1, 'kernel': 'rbf', 'max_iter': 1000}, grid.best_score_=0.7777777777777778, grid.best_index_=4, acc=0.5, time=0.2584497928619385
04-09-2022 01:09:42|INFO|Is groups None: True 
04-09-2022 01:09:42|INFO|4/10|grid.best_params_={'C': 0.01, 'gamma': 0.1, 'kernel': 'rbf', 'max_iter': 1000}, grid.best_score_=0.7222222222222222, grid.best_index_=4, acc=0.75, time=0.5389330387115479
04-09-2022 01:09:42|INFO|Is groups None: True 
04-09-2022 01:09:42|INFO|5/10|grid.best_params_={'C': 0.01, 'gamma': 0.1, 'kernel': 'rbf', 'max_iter': 1000}, grid.best_score_=0.6666666666666666, grid.best_index_=4, acc=1.0, time=0.2316429615020752
04-09-2022 01:09:43|INFO|Is groups None: True 
04-09-2022 01:09:43|INFO|6/10|grid.best_params_={'C': 0.01, 'gamma': 0.1, 'kernel': 'rbf', 'max_iter': 1000}, grid.best_score_=0.6944444444444444, grid.best_index_=4, acc=0.75, time=0.2437758445739746
04-09-2022 01:09:43|INFO|Is groups None: True 
04-09-2022 01:09:43|INFO|7/10|grid.best_params_={'C': 0.01, 'gamma': 0.1, 'kernel': 'rbf', 'max_iter': 1000}, grid.best_score_=0.7222222222222222, grid.best_index_=4, acc=0.5, time=0.44657325744628906
04-09-2022 01:09:43|INFO|Is groups None: True 
04-09-2022 01:09:43|INFO|8/10|grid.best_params_={'C': 0.01, 'gamma': 0.1, 'kernel': 'rbf', 'max_iter': 1000}, grid.best_score_=0.7777777777777778, grid.best_index_=4, acc=0.5, time=0.24066710472106934
04-09-2022 01:09:43|INFO|Is groups None: True 
04-09-2022 01:09:44|INFO|9/10|grid.best_params_={'C': 100000000.0, 'gamma': 1e-09, 'kernel': 'rbf', 'max_iter': 1000}, grid.best_score_=0.7777777777777778, grid.best_index_=35, acc=1.0, time=0.2347395420074463
04-09-2022 01:09:44|INFO|Is groups None: True 
04-09-2022 01:09:44|INFO|10/10|grid.best_params_={'C': 10000000000.0, 'gamma': 1e-09, 'kernel': 'rbf', 'max_iter': 1000}, grid.best_score_=0.6944444444444444, grid.best_index_=42, acc=0.75, time=0.6430356502532959
04-09-2022 01:09:44|INFO|s32|10-CV=0.70000|STD=0.18708|Time spend=3.7729544639587402
04-09-2022 01:09:44|INFO|final|10-CV=0.63359|STD=0.06976
