04-09-2022 01:15:15|INFO|
    Running Command: 
        python3 main-ml.py --subject_setup independent --experimental_setup segment --stimuli_class valence --preprocessing DASM --segment_lenght 60 --output_log ./output/independent-segment-valence-DASM-60.log
    Starting training:
        segment_lenght:  60
        output_log:      ./output/independent-segment-valence-DASM-60.log
        stimuli_class:   valence
        preprocessing:   DASM
        subject_setup:   independent
        experimental_setup: segment
    
04-09-2022 01:15:25|INFO|Running Split-First
04-09-2022 01:15:25|INFO|X.shape=(1280, 14), y.shape=(1280,), groups.shape=(1280,)
04-09-2022 01:15:25|INFO|Is groups None: True 
04-09-2022 01:15:47|INFO|1/10|grid.best_params_={'C': 1.0, 'gamma': 0.1, 'kernel': 'rbf', 'max_iter': 1000}, grid.best_score_=0.5972222222222222, grid.best_index_=11, acc=0.484375, time=21.762937545776367
04-09-2022 01:15:47|INFO|Is groups None: True 
04-09-2022 01:15:51|INFO|2/10|grid.best_params_={'C': 1.0, 'gamma': 0.1, 'kernel': 'rbf', 'max_iter': 1000}, grid.best_score_=0.578125, grid.best_index_=11, acc=0.5546875, time=4.068006277084351
04-09-2022 01:15:51|INFO|Is groups None: True 
04-09-2022 01:15:56|INFO|3/10|grid.best_params_={'C': 100.0, 'gamma': 0.1, 'kernel': 'rbf', 'max_iter': 1000}, grid.best_score_=0.5789930555555556, grid.best_index_=18, acc=0.4140625, time=4.56971001625061
04-09-2022 01:15:56|INFO|Is groups None: True 
04-09-2022 01:16:00|INFO|4/10|grid.best_params_={'C': 1.0, 'gamma': 0.1, 'kernel': 'rbf', 'max_iter': 1000}, grid.best_score_=0.5876736111111112, grid.best_index_=11, acc=0.53125, time=4.4217610359191895
04-09-2022 01:16:00|INFO|Is groups None: True 
04-09-2022 01:16:05|INFO|5/10|grid.best_params_={'C': 100.0, 'gamma': 0.1, 'kernel': 'rbf', 'max_iter': 1000}, grid.best_score_=0.5868055555555556, grid.best_index_=18, acc=0.53125, time=4.3863654136657715
04-09-2022 01:16:05|INFO|Is groups None: True 
04-09-2022 01:16:09|INFO|6/10|grid.best_params_={'C': 100.0, 'gamma': 0.1, 'kernel': 'rbf', 'max_iter': 1000}, grid.best_score_=0.6059027777777778, grid.best_index_=18, acc=0.34375, time=4.337803363800049
04-09-2022 01:16:09|INFO|Is groups None: True 
04-09-2022 01:16:13|INFO|7/10|grid.best_params_={'C': 100.0, 'gamma': 0.1, 'kernel': 'rbf', 'max_iter': 1000}, grid.best_score_=0.6180555555555556, grid.best_index_=18, acc=0.4296875, time=4.282674312591553
04-09-2022 01:16:13|INFO|Is groups None: True 
04-09-2022 01:16:18|INFO|8/10|grid.best_params_={'C': 100.0, 'gamma': 0.1, 'kernel': 'rbf', 'max_iter': 1000}, grid.best_score_=0.6180555555555556, grid.best_index_=18, acc=0.3125, time=4.3225507736206055
04-09-2022 01:16:18|INFO|Is groups None: True 
04-09-2022 01:16:22|INFO|9/10|grid.best_params_={'C': 100.0, 'gamma': 0.1, 'kernel': 'rbf', 'max_iter': 1000}, grid.best_score_=0.5911458333333334, grid.best_index_=18, acc=0.4296875, time=4.36277961730957
04-09-2022 01:16:22|INFO|Is groups None: True 
04-09-2022 01:16:26|INFO|10/10|grid.best_params_={'C': 100.0, 'gamma': 0.1, 'kernel': 'rbf', 'max_iter': 1000}, grid.best_score_=0.6032986111111112, grid.best_index_=18, acc=0.453125, time=4.326812982559204
04-09-2022 01:16:26|INFO|all|10-CV=0.44844|STD=0.07592|Time spend=71.08631443977356
04-09-2022 01:16:26|INFO|final|10-CV=0.44844|STD=0.00000
