04-09-2022 04:23:41|INFO|
    Running Command: 
        python3 main-ml.py --subject_setup independent --experimental_setup trial --stimuli_class arousal --preprocessing PLV --segment_lenght 60 --output_log ./output/independent-trial-arousal-PLV-60.log
    Starting training:
        segment_lenght:  60
        output_log:      ./output/independent-trial-arousal-PLV-60.log
        stimuli_class:   arousal
        preprocessing:   PLV
        subject_setup:   independent
        experimental_setup: trial
    
04-09-2022 04:28:37|INFO|Running Segment-First
04-09-2022 04:28:37|INFO|X.shape=(1280, 2480), y.shape=(1280,), groups.shape=(1280,)
04-09-2022 04:28:38|INFO|Is groups None: False 
04-09-2022 04:36:17|INFO|1/10|grid.best_params_={'C': 1.0, 'gamma': 0.001, 'kernel': 'rbf', 'max_iter': 1000}, grid.best_score_=0.640625, grid.best_index_=10, acc=0.609375, time=459.4567942619324
04-09-2022 04:36:18|INFO|Is groups None: False 
04-09-2022 04:43:36|INFO|2/10|grid.best_params_={'C': 1.0, 'gamma': 0.001, 'kernel': 'rbf', 'max_iter': 1000}, grid.best_score_=0.6319444444444444, grid.best_index_=10, acc=0.6484375, time=438.72060894966125
04-09-2022 04:43:36|INFO|Is groups None: False 
04-09-2022 04:50:55|INFO|3/10|grid.best_params_={'C': 1.0, 'gamma': 0.001, 'kernel': 'rbf', 'max_iter': 1000}, grid.best_score_=0.6336805555555556, grid.best_index_=10, acc=0.6953125, time=438.92405128479004
04-09-2022 04:50:55|INFO|Is groups None: False 
04-09-2022 04:58:14|INFO|4/10|grid.best_params_={'C': 1000000.0, 'gamma': 1e-09, 'kernel': 'rbf', 'max_iter': 1000}, grid.best_score_=0.6440972222222222, grid.best_index_=28, acc=0.6484375, time=438.7557418346405
04-09-2022 04:58:14|INFO|Is groups None: False 
04-09-2022 05:05:32|INFO|5/10|grid.best_params_={'C': 100000000.0, 'gamma': 1e-09, 'kernel': 'rbf', 'max_iter': 1000}, grid.best_score_=0.640625, grid.best_index_=35, acc=0.6171875, time=438.31275057792664
04-09-2022 05:05:32|INFO|Is groups None: False 
04-09-2022 05:12:51|INFO|6/10|grid.best_params_={'C': 1.0, 'gamma': 0.001, 'kernel': 'rbf', 'max_iter': 1000}, grid.best_score_=0.6414930555555556, grid.best_index_=10, acc=0.640625, time=438.4880964756012
04-09-2022 05:12:51|INFO|Is groups None: False 
04-09-2022 05:20:09|INFO|7/10|grid.best_params_={'C': 100000000.0, 'gamma': 1e-09, 'kernel': 'rbf', 'max_iter': 1000}, grid.best_score_=0.6475694444444444, grid.best_index_=35, acc=0.640625, time=438.06458950042725
04-09-2022 05:20:09|INFO|Is groups None: False 
04-09-2022 05:27:26|INFO|8/10|grid.best_params_={'C': 1.0, 'gamma': 0.001, 'kernel': 'rbf', 'max_iter': 1000}, grid.best_score_=0.6510416666666666, grid.best_index_=10, acc=0.5703125, time=437.4243288040161
04-09-2022 05:27:26|INFO|Is groups None: False 
04-09-2022 05:34:45|INFO|9/10|grid.best_params_={'C': 1000000.0, 'gamma': 1e-09, 'kernel': 'rbf', 'max_iter': 1000}, grid.best_score_=0.6284722222222222, grid.best_index_=28, acc=0.6796875, time=438.55476570129395
04-09-2022 05:34:45|INFO|Is groups None: False 
04-09-2022 05:42:04|INFO|10/10|grid.best_params_={'C': 10000000000.0, 'gamma': 1e-09, 'kernel': 'rbf', 'max_iter': 1000}, grid.best_score_=0.6388888888888888, grid.best_index_=42, acc=0.640625, time=439.4728264808655
04-09-2022 05:42:04|INFO|all|10-CV=0.63906|STD=0.03329|Time spend=4703.717617988586
04-09-2022 05:42:04|INFO|final|10-CV=0.63906|STD=0.00000
