04-09-2022 03:11:14|INFO|
    Running Command: 
        python3 main-ml.py --subject_setup independent --experimental_setup segment --stimuli_class arousal --preprocessing PCC_FREQ --segment_lenght 60 --output_log ./output/independent-segment-arousal-PCC_FREQ-60.log
    Starting training:
        segment_lenght:  60
        output_log:      ./output/independent-segment-arousal-PCC_FREQ-60.log
        stimuli_class:   arousal
        preprocessing:   PCC_FREQ
        subject_setup:   independent
        experimental_setup: segment
    
04-09-2022 03:11:25|INFO|Running Split-First
04-09-2022 03:11:25|INFO|X.shape=(1280, 496), y.shape=(1280,), groups.shape=(1280,)
04-09-2022 03:11:25|INFO|Is groups None: True 
04-09-2022 03:12:45|INFO|1/10|grid.best_params_={'C': 1.0, 'gamma': 0.001, 'kernel': 'rbf', 'max_iter': 1000}, grid.best_score_=0.6223958333333334, grid.best_index_=10, acc=0.5625, time=79.95780897140503
04-09-2022 03:12:45|INFO|Is groups None: True 
04-09-2022 03:13:41|INFO|2/10|grid.best_params_={'C': 1.0, 'gamma': 0.001, 'kernel': 'rbf', 'max_iter': 1000}, grid.best_score_=0.6458333333333334, grid.best_index_=10, acc=0.2265625, time=56.14122247695923
04-09-2022 03:13:41|INFO|Is groups None: True 
04-09-2022 03:14:38|INFO|3/10|grid.best_params_={'C': 1.0, 'gamma': 0.001, 'kernel': 'rbf', 'max_iter': 1000}, grid.best_score_=0.6527777777777778, grid.best_index_=10, acc=0.171875, time=56.224305629730225
04-09-2022 03:14:38|INFO|Is groups None: True 
04-09-2022 03:15:35|INFO|4/10|grid.best_params_={'C': 1.0, 'gamma': 0.001, 'kernel': 'rbf', 'max_iter': 1000}, grid.best_score_=0.6145833333333334, grid.best_index_=10, acc=0.3125, time=57.4234082698822
04-09-2022 03:15:35|INFO|Is groups None: True 
04-09-2022 03:16:33|INFO|5/10|grid.best_params_={'C': 1.0, 'gamma': 0.001, 'kernel': 'rbf', 'max_iter': 1000}, grid.best_score_=0.6536458333333334, grid.best_index_=10, acc=0.3828125, time=57.73950409889221
04-09-2022 03:16:33|INFO|Is groups None: True 
04-09-2022 03:17:31|INFO|6/10|grid.best_params_={'C': 100.0, 'gamma': 1e-05, 'kernel': 'rbf', 'max_iter': 1000}, grid.best_score_=0.6354166666666666, grid.best_index_=16, acc=0.3671875, time=58.18644642829895
04-09-2022 03:17:31|INFO|Is groups None: True 
04-09-2022 03:18:30|INFO|7/10|grid.best_params_={'C': 1.0, 'gamma': 0.001, 'kernel': 'rbf', 'max_iter': 1000}, grid.best_score_=0.6232638888888888, grid.best_index_=10, acc=0.6171875, time=59.043063163757324
04-09-2022 03:18:30|INFO|Is groups None: True 
04-09-2022 03:19:28|INFO|8/10|grid.best_params_={'C': 1.0, 'gamma': 0.001, 'kernel': 'rbf', 'max_iter': 1000}, grid.best_score_=0.6076388888888888, grid.best_index_=10, acc=0.5625, time=58.33608841896057
04-09-2022 03:19:28|INFO|Is groups None: True 
04-09-2022 03:20:27|INFO|9/10|grid.best_params_={'C': 1.0, 'gamma': 0.001, 'kernel': 'rbf', 'max_iter': 1000}, grid.best_score_=0.6388888888888888, grid.best_index_=10, acc=0.609375, time=58.61030316352844
04-09-2022 03:20:27|INFO|Is groups None: True 
04-09-2022 03:21:25|INFO|10/10|grid.best_params_={'C': 1.0, 'gamma': 0.001, 'kernel': 'rbf', 'max_iter': 1000}, grid.best_score_=0.6223958333333334, grid.best_index_=10, acc=0.5703125, time=58.35668420791626
04-09-2022 03:21:25|INFO|all|10-CV=0.43828|STD=0.15790|Time spend=611.0554759502411
04-09-2022 03:21:25|INFO|final|10-CV=0.43828|STD=0.00000
