04-09-2022 01:27:59|INFO|
    Running Command: 
        python3 main-ml.py --subject_setup independent --experimental_setup trial --stimuli_class arousal --preprocessing RASM --segment_lenght 60 --output_log ./output/independent-trial-arousal-RASM-60.log
    Starting training:
        segment_lenght:  60
        output_log:      ./output/independent-trial-arousal-RASM-60.log
        stimuli_class:   arousal
        preprocessing:   RASM
        subject_setup:   independent
        experimental_setup: trial
    
04-09-2022 01:28:09|INFO|Running Segment-First
04-09-2022 01:28:09|INFO|X.shape=(1280, 14), y.shape=(1280,), groups.shape=(1280,)
04-09-2022 01:28:10|INFO|Is groups None: False 
04-09-2022 01:28:34|INFO|1/10|grid.best_params_={'C': 1.0, 'gamma': 0.1, 'kernel': 'rbf', 'max_iter': 1000}, grid.best_score_=0.6154513888888888, grid.best_index_=11, acc=0.6171875, time=23.90709161758423
04-09-2022 01:28:34|INFO|Is groups None: False 
04-09-2022 01:28:39|INFO|2/10|grid.best_params_={'C': 1.0, 'gamma': 0.1, 'kernel': 'rbf', 'max_iter': 1000}, grid.best_score_=0.6163194444444444, grid.best_index_=11, acc=0.6328125, time=5.189009189605713
04-09-2022 01:28:39|INFO|Is groups None: False 
04-09-2022 01:28:44|INFO|3/10|grid.best_params_={'C': 1.0, 'gamma': 0.1, 'kernel': 'rbf', 'max_iter': 1000}, grid.best_score_=0.6154513888888888, grid.best_index_=11, acc=0.671875, time=5.017577171325684
04-09-2022 01:28:44|INFO|Is groups None: False 
04-09-2022 01:28:49|INFO|4/10|grid.best_params_={'C': 1000000.0, 'gamma': 1e-07, 'kernel': 'rbf', 'max_iter': 1000}, grid.best_score_=0.6180555555555556, grid.best_index_=29, acc=0.59375, time=5.056826591491699
04-09-2022 01:28:49|INFO|Is groups None: False 
04-09-2022 01:28:54|INFO|5/10|grid.best_params_={'C': 100.0, 'gamma': 0.1, 'kernel': 'rbf', 'max_iter': 1000}, grid.best_score_=0.6137152777777778, grid.best_index_=18, acc=0.640625, time=4.942883014678955
04-09-2022 01:28:54|INFO|Is groups None: False 
04-09-2022 01:28:59|INFO|6/10|grid.best_params_={'C': 1.0, 'gamma': 0.1, 'kernel': 'rbf', 'max_iter': 1000}, grid.best_score_=0.6171875, grid.best_index_=11, acc=0.5625, time=4.8843042850494385
04-09-2022 01:28:59|INFO|Is groups None: False 
04-09-2022 01:29:04|INFO|7/10|grid.best_params_={'C': 1.0, 'gamma': 0.1, 'kernel': 'rbf', 'max_iter': 1000}, grid.best_score_=0.6111111111111112, grid.best_index_=11, acc=0.625, time=4.821797132492065
04-09-2022 01:29:04|INFO|Is groups None: False 
04-09-2022 01:29:09|INFO|8/10|grid.best_params_={'C': 1.0, 'gamma': 0.1, 'kernel': 'rbf', 'max_iter': 1000}, grid.best_score_=0.6215277777777778, grid.best_index_=11, acc=0.6015625, time=4.8571741580963135
04-09-2022 01:29:09|INFO|Is groups None: False 
04-09-2022 01:29:14|INFO|9/10|grid.best_params_={'C': 1000000.0, 'gamma': 1e-07, 'kernel': 'rbf', 'max_iter': 1000}, grid.best_score_=0.6015625, grid.best_index_=29, acc=0.6171875, time=4.925526142120361
04-09-2022 01:29:14|INFO|Is groups None: False 
04-09-2022 01:29:18|INFO|10/10|grid.best_params_={'C': 1.0, 'gamma': 0.1, 'kernel': 'rbf', 'max_iter': 1000}, grid.best_score_=0.6163194444444444, grid.best_index_=11, acc=0.625, time=4.823256015777588
04-09-2022 01:29:18|INFO|all|10-CV=0.61875|STD=0.02769|Time spend=79.64034032821655
04-09-2022 01:29:18|INFO|final|10-CV=0.61875|STD=0.00000
