02-06-2022 17:06:54|INFO|
    Running Command: 
        python3 main-ml.py --subject_setup dependent --experimental_setup trial --stimuli_class arousal --preprocessing RASM --segment_lenght 60 --output_log ./output/dependent-trial-arousal-RASM-60.log
    Starting training:
        segment_lenght:  60
        output_log:      ./output/dependent-trial-arousal-RASM-60.log
        stimuli_class:   arousal
        preprocessing:   RASM
        subject_setup:   dependent
        experimental_setup: trial
    
02-06-2022 17:06:59|INFO|Running Segment-First
02-06-2022 17:06:59|INFO|X.shape=(40, 14), y.shape=(40,), groups.shape=(40,)
02-06-2022 17:06:59|INFO|Is groups None: False 
02-06-2022 17:07:19|INFO|grid.best_params_={'C': 100000000.0, 'gamma': 1e-07, 'kernel': 'rbf', 'max_iter': 1000}, grid.best_score_=0.6944444444444444, grid.best_index_=36, acc=0.5, time=19.494489669799805
02-06-2022 17:07:19|INFO|Is groups None: False 
02-06-2022 17:07:19|INFO|grid.best_params_={'C': 10000000000.0, 'gamma': 1e-07, 'kernel': 'rbf', 'max_iter': 1000}, grid.best_score_=0.8055555555555556, grid.best_index_=43, acc=0.5, time=0.29111194610595703
02-06-2022 17:07:19|INFO|Is groups None: False 
02-06-2022 17:07:19|INFO|grid.best_params_={'C': 100.0, 'gamma': 0.001, 'kernel': 'rbf', 'max_iter': 1000}, grid.best_score_=0.6944444444444444, grid.best_index_=17, acc=0.75, time=0.2173748016357422
02-06-2022 17:07:19|INFO|Is groups None: False 
02-06-2022 17:07:20|INFO|grid.best_params_={'C': 100000000.0, 'gamma': 1e-07, 'kernel': 'rbf', 'max_iter': 1000}, grid.best_score_=0.75, grid.best_index_=36, acc=0.5, time=0.2139112949371338
02-06-2022 17:07:20|INFO|Is groups None: False 
02-06-2022 17:07:20|INFO|grid.best_params_={'C': 1000000.0, 'gamma': 1e-05, 'kernel': 'rbf', 'max_iter': 1000}, grid.best_score_=0.6666666666666666, grid.best_index_=30, acc=0.75, time=0.1994340419769287
02-06-2022 17:07:20|INFO|Is groups None: False 
02-06-2022 17:07:20|INFO|grid.best_params_={'C': 100000000.0, 'gamma': 1e-05, 'kernel': 'rbf', 'max_iter': 1000}, grid.best_score_=0.6944444444444444, grid.best_index_=37, acc=0.5, time=0.2066802978515625
02-06-2022 17:07:20|INFO|Is groups None: False 
02-06-2022 17:07:20|INFO|grid.best_params_={'C': 100.0, 'gamma': 0.1, 'kernel': 'rbf', 'max_iter': 1000}, grid.best_score_=0.7222222222222222, grid.best_index_=18, acc=0.25, time=0.26285219192504883
02-06-2022 17:07:20|INFO|Is groups None: False 
02-06-2022 17:07:20|INFO|grid.best_params_={'C': 100000000.0, 'gamma': 1e-05, 'kernel': 'rbf', 'max_iter': 1000}, grid.best_score_=0.7222222222222222, grid.best_index_=37, acc=0.75, time=0.21792840957641602
02-06-2022 17:07:20|INFO|Is groups None: False 
02-06-2022 17:07:21|INFO|grid.best_params_={'C': 100000000.0, 'gamma': 1e-07, 'kernel': 'rbf', 'max_iter': 1000}, grid.best_score_=0.6944444444444444, grid.best_index_=36, acc=0.75, time=0.21457815170288086
02-06-2022 17:07:21|INFO|Is groups None: False 
02-06-2022 17:07:21|INFO|grid.best_params_={'C': 1000000.0, 'gamma': 1e-05, 'kernel': 'rbf', 'max_iter': 1000}, grid.best_score_=0.6944444444444444, grid.best_index_=30, acc=1.0, time=0.21774864196777344
02-06-2022 17:07:21|INFO|s01|10-CV=0.62500|STD=0.20156|Time spend=26.56931734085083
02-06-2022 17:07:21|INFO|Running Segment-First
02-06-2022 17:07:21|INFO|X.shape=(40, 14), y.shape=(40,), groups.shape=(40,)
02-06-2022 17:07:21|INFO|Is groups None: False 
02-06-2022 17:07:21|INFO|grid.best_params_={'C': 100000000.0, 'gamma': 1e-09, 'kernel': 'rbf', 'max_iter': 1000}, grid.best_score_=0.6388888888888888, grid.best_index_=35, acc=0.5, time=0.2673170566558838
02-06-2022 17:07:21|INFO|Is groups None: False 
02-06-2022 17:07:22|INFO|grid.best_params_={'C': 1.0, 'gamma': 0.1, 'kernel': 'rbf', 'max_iter': 1000}, grid.best_score_=0.6388888888888888, grid.best_index_=11, acc=0.75, time=0.22485804557800293
02-06-2022 17:07:22|INFO|Is groups None: False 
02-06-2022 17:07:22|INFO|grid.best_params_={'C': 1.0, 'gamma': 0.1, 'kernel': 'rbf', 'max_iter': 1000}, grid.best_score_=0.7222222222222222, grid.best_index_=11, acc=0.25, time=0.21884489059448242
02-06-2022 17:07:22|INFO|Is groups None: False 
02-06-2022 17:07:22|INFO|grid.best_params_={'C': 1.0, 'gamma': 0.1, 'kernel': 'rbf', 'max_iter': 1000}, grid.best_score_=0.6388888888888888, grid.best_index_=11, acc=0.5, time=0.2114732265472412
02-06-2022 17:07:22|INFO|Is groups None: False 
02-06-2022 17:07:22|INFO|grid.best_params_={'C': 0.01, 'gamma': 1e-09, 'kernel': 'rbf', 'max_iter': 1000}, grid.best_score_=0.6111111111111112, grid.best_index_=0, acc=0.5, time=0.21862244606018066
02-06-2022 17:07:22|INFO|Is groups None: False 
02-06-2022 17:07:23|INFO|grid.best_params_={'C': 1.0, 'gamma': 0.1, 'kernel': 'rbf', 'max_iter': 1000}, grid.best_score_=0.6388888888888888, grid.best_index_=11, acc=0.5, time=0.2179429531097412
02-06-2022 17:07:23|INFO|Is groups None: False 
02-06-2022 17:07:23|INFO|grid.best_params_={'C': 1.0, 'gamma': 0.1, 'kernel': 'rbf', 'max_iter': 1000}, grid.best_score_=0.6666666666666666, grid.best_index_=11, acc=0.5, time=0.20555996894836426
02-06-2022 17:07:23|INFO|Is groups None: False 
02-06-2022 17:07:23|INFO|grid.best_params_={'C': 100.0, 'gamma': 0.1, 'kernel': 'rbf', 'max_iter': 1000}, grid.best_score_=0.6944444444444444, grid.best_index_=18, acc=0.75, time=0.3173501491546631
02-06-2022 17:07:23|INFO|Is groups None: False 
02-06-2022 17:07:23|INFO|grid.best_params_={'C': 100.0, 'gamma': 0.1, 'kernel': 'rbf', 'max_iter': 1000}, grid.best_score_=0.6666666666666666, grid.best_index_=18, acc=0.75, time=0.22638249397277832
02-06-2022 17:07:23|INFO|Is groups None: False 
02-06-2022 17:07:24|INFO|grid.best_params_={'C': 0.01, 'gamma': 1e-09, 'kernel': 'rbf', 'max_iter': 1000}, grid.best_score_=0.5833333333333334, grid.best_index_=0, acc=0.75, time=0.21166443824768066
02-06-2022 17:07:24|INFO|s02|10-CV=0.57500|STD=0.16008|Time spend=2.692206382751465
02-06-2022 17:07:24|INFO|Running Segment-First
02-06-2022 17:07:24|INFO|X.shape=(40, 14), y.shape=(40,), groups.shape=(40,)
02-06-2022 17:07:24|INFO|Is groups None: False 
02-06-2022 17:07:24|INFO|grid.best_params_={'C': 0.01, 'gamma': 1e-09, 'kernel': 'rbf', 'max_iter': 1000}, grid.best_score_=0.7777777777777778, grid.best_index_=0, acc=1.0, time=0.22735595703125
02-06-2022 17:07:24|INFO|Is groups None: False 
02-06-2022 17:07:24|INFO|grid.best_params_={'C': 0.01, 'gamma': 1e-09, 'kernel': 'rbf', 'max_iter': 1000}, grid.best_score_=0.8055555555555556, grid.best_index_=0, acc=0.75, time=0.20381689071655273
02-06-2022 17:07:24|INFO|Is groups None: False 
02-06-2022 17:07:25|INFO|grid.best_params_={'C': 0.01, 'gamma': 1e-09, 'kernel': 'rbf', 'max_iter': 1000}, grid.best_score_=0.8055555555555556, grid.best_index_=0, acc=0.75, time=0.2058255672454834
02-06-2022 17:07:25|INFO|Is groups None: False 
02-06-2022 17:07:25|INFO|grid.best_params_={'C': 0.01, 'gamma': 1e-09, 'kernel': 'rbf', 'max_iter': 1000}, grid.best_score_=0.8055555555555556, grid.best_index_=0, acc=0.75, time=0.19944477081298828
02-06-2022 17:07:25|INFO|Is groups None: False 
02-06-2022 17:07:25|INFO|grid.best_params_={'C': 0.01, 'gamma': 1e-09, 'kernel': 'rbf', 'max_iter': 1000}, grid.best_score_=0.8055555555555556, grid.best_index_=0, acc=0.75, time=0.23254728317260742
02-06-2022 17:07:25|INFO|Is groups None: False 
02-06-2022 17:07:25|INFO|grid.best_params_={'C': 0.01, 'gamma': 1e-09, 'kernel': 'rbf', 'max_iter': 1000}, grid.best_score_=0.8055555555555556, grid.best_index_=0, acc=0.75, time=0.21693682670593262
02-06-2022 17:07:25|INFO|Is groups None: False 
02-06-2022 17:07:25|INFO|grid.best_params_={'C': 0.01, 'gamma': 1e-09, 'kernel': 'rbf', 'max_iter': 1000}, grid.best_score_=0.8055555555555556, grid.best_index_=0, acc=0.75, time=0.20267748832702637
02-06-2022 17:07:25|INFO|Is groups None: False 
02-06-2022 17:07:26|INFO|grid.best_params_={'C': 0.01, 'gamma': 1e-09, 'kernel': 'rbf', 'max_iter': 1000}, grid.best_score_=0.8055555555555556, grid.best_index_=0, acc=0.75, time=0.20308518409729004
02-06-2022 17:07:26|INFO|Is groups None: False 
02-06-2022 17:07:26|INFO|grid.best_params_={'C': 0.01, 'gamma': 1e-09, 'kernel': 'rbf', 'max_iter': 1000}, grid.best_score_=0.8055555555555556, grid.best_index_=0, acc=0.75, time=0.20717954635620117
02-06-2022 17:07:26|INFO|Is groups None: False 
02-06-2022 17:07:26|INFO|grid.best_params_={'C': 0.01, 'gamma': 1e-09, 'kernel': 'rbf', 'max_iter': 1000}, grid.best_score_=0.7777777777777778, grid.best_index_=0, acc=1.0, time=0.20137667655944824
02-06-2022 17:07:26|INFO|s03|10-CV=0.80000|STD=0.10000|Time spend=2.490539312362671
02-06-2022 17:07:26|INFO|Running Segment-First
02-06-2022 17:07:26|INFO|X.shape=(40, 14), y.shape=(40,), groups.shape=(40,)
02-06-2022 17:07:26|INFO|Is groups None: False 
02-06-2022 17:07:27|INFO|grid.best_params_={'C': 100.0, 'gamma': 0.001, 'kernel': 'rbf', 'max_iter': 1000}, grid.best_score_=0.6666666666666666, grid.best_index_=17, acc=0.5, time=0.2225034236907959
02-06-2022 17:07:27|INFO|Is groups None: False 
02-06-2022 17:07:27|INFO|grid.best_params_={'C': 100.0, 'gamma': 0.001, 'kernel': 'rbf', 'max_iter': 1000}, grid.best_score_=0.6666666666666666, grid.best_index_=17, acc=0.75, time=0.21504664421081543
02-06-2022 17:07:27|INFO|Is groups None: False 
02-06-2022 17:07:27|INFO|grid.best_params_={'C': 100000000.0, 'gamma': 1e-07, 'kernel': 'rbf', 'max_iter': 1000}, grid.best_score_=0.7222222222222222, grid.best_index_=36, acc=0.25, time=0.2127227783203125
02-06-2022 17:07:27|INFO|Is groups None: False 
02-06-2022 17:07:27|INFO|grid.best_params_={'C': 100.0, 'gamma': 0.1, 'kernel': 'rbf', 'max_iter': 1000}, grid.best_score_=0.6944444444444444, grid.best_index_=18, acc=0.5, time=0.20332598686218262
02-06-2022 17:07:27|INFO|Is groups None: False 
02-06-2022 17:07:27|INFO|grid.best_params_={'C': 100000000.0, 'gamma': 1e-07, 'kernel': 'rbf', 'max_iter': 1000}, grid.best_score_=0.6666666666666666, grid.best_index_=36, acc=0.5, time=0.20944428443908691
02-06-2022 17:07:27|INFO|Is groups None: False 
02-06-2022 17:07:28|INFO|grid.best_params_={'C': 100.0, 'gamma': 0.001, 'kernel': 'rbf', 'max_iter': 1000}, grid.best_score_=0.6111111111111112, grid.best_index_=17, acc=0.75, time=0.2152237892150879
02-06-2022 17:07:28|INFO|Is groups None: False 
02-06-2022 17:07:28|INFO|grid.best_params_={'C': 0.01, 'gamma': 1e-09, 'kernel': 'rbf', 'max_iter': 1000}, grid.best_score_=0.6111111111111112, grid.best_index_=0, acc=0.5, time=0.2082502841949463
02-06-2022 17:07:28|INFO|Is groups None: False 
02-06-2022 17:07:28|INFO|grid.best_params_={'C': 1000000.0, 'gamma': 1e-07, 'kernel': 'rbf', 'max_iter': 1000}, grid.best_score_=0.6666666666666666, grid.best_index_=29, acc=0.5, time=0.2047266960144043
02-06-2022 17:07:28|INFO|Is groups None: False 
02-06-2022 17:07:28|INFO|grid.best_params_={'C': 100000000.0, 'gamma': 1e-07, 'kernel': 'rbf', 'max_iter': 1000}, grid.best_score_=0.75, grid.best_index_=36, acc=0.75, time=0.3204207420349121
02-06-2022 17:07:28|INFO|Is groups None: False 
02-06-2022 17:07:29|INFO|grid.best_params_={'C': 10000000000.0, 'gamma': 1e-07, 'kernel': 'rbf', 'max_iter': 1000}, grid.best_score_=0.6944444444444444, grid.best_index_=43, acc=0.75, time=0.22998690605163574
02-06-2022 17:07:29|INFO|s04|10-CV=0.57500|STD=0.16008|Time spend=2.6165659427642822
02-06-2022 17:07:29|INFO|Running Segment-First
02-06-2022 17:07:29|INFO|X.shape=(40, 14), y.shape=(40,), groups.shape=(40,)
02-06-2022 17:07:29|INFO|Is groups None: False 
02-06-2022 17:07:29|INFO|grid.best_params_={'C': 100000000.0, 'gamma': 1e-05, 'kernel': 'rbf', 'max_iter': 1000}, grid.best_score_=0.5203703703703704, grid.best_index_=37, acc=0.75, time=0.25008201599121094
02-06-2022 17:07:29|INFO|Is groups None: False 
02-06-2022 17:07:30|INFO|grid.best_params_={'C': 1000000.0, 'gamma': 1e-05, 'kernel': 'rbf', 'max_iter': 1000}, grid.best_score_=0.6351851851851852, grid.best_index_=30, acc=0.0, time=0.22847747802734375
02-06-2022 17:07:30|INFO|Is groups None: False 
02-06-2022 17:07:30|INFO|grid.best_params_={'C': 1000000.0, 'gamma': 0.001, 'kernel': 'rbf', 'max_iter': 1000}, grid.best_score_=0.5555555555555556, grid.best_index_=31, acc=0.25, time=0.2120044231414795
02-06-2022 17:07:30|INFO|Is groups None: False 
02-06-2022 17:07:30|INFO|grid.best_params_={'C': 100.0, 'gamma': 0.1, 'kernel': 'rbf', 'max_iter': 1000}, grid.best_score_=0.5944444444444444, grid.best_index_=18, acc=0.5, time=0.22437477111816406
02-06-2022 17:07:30|INFO|Is groups None: False 
02-06-2022 17:07:30|INFO|grid.best_params_={'C': 100000000.0, 'gamma': 1e-05, 'kernel': 'rbf', 'max_iter': 1000}, grid.best_score_=0.5833333333333334, grid.best_index_=37, acc=0.25, time=0.22283601760864258
02-06-2022 17:07:30|INFO|Is groups None: False 
02-06-2022 17:07:30|INFO|grid.best_params_={'C': 1000000.0, 'gamma': 0.001, 'kernel': 'rbf', 'max_iter': 1000}, grid.best_score_=0.5555555555555556, grid.best_index_=31, acc=0.25, time=0.21140122413635254
02-06-2022 17:07:30|INFO|Is groups None: False 
02-06-2022 17:07:31|INFO|grid.best_params_={'C': 10000.0, 'gamma': 0.001, 'kernel': 'rbf', 'max_iter': 1000}, grid.best_score_=0.6111111111111112, grid.best_index_=24, acc=0.75, time=0.21738171577453613
02-06-2022 17:07:31|INFO|Is groups None: False 
02-06-2022 17:07:31|INFO|grid.best_params_={'C': 100.0, 'gamma': 0.1, 'kernel': 'rbf', 'max_iter': 1000}, grid.best_score_=0.6777777777777777, grid.best_index_=18, acc=0.25, time=0.24519920349121094
02-06-2022 17:07:31|INFO|Is groups None: False 
02-06-2022 17:07:31|INFO|grid.best_params_={'C': 100.0, 'gamma': 0.1, 'kernel': 'rbf', 'max_iter': 1000}, grid.best_score_=0.5907407407407407, grid.best_index_=18, acc=0.5, time=0.209228515625
02-06-2022 17:07:31|INFO|Is groups None: False 
02-06-2022 17:07:31|INFO|grid.best_params_={'C': 100.0, 'gamma': 0.1, 'kernel': 'rbf', 'max_iter': 1000}, grid.best_score_=0.5833333333333334, grid.best_index_=18, acc=0.5, time=0.2033383846282959
02-06-2022 17:07:31|INFO|s05|10-CV=0.40000|STD=0.22913|Time spend=2.685567855834961
02-06-2022 17:07:32|INFO|Running Segment-First
02-06-2022 17:07:32|INFO|X.shape=(40, 14), y.shape=(40,), groups.shape=(40,)
02-06-2022 17:07:32|INFO|Is groups None: False 
02-06-2022 17:07:32|INFO|grid.best_params_={'C': 0.01, 'gamma': 10.0, 'kernel': 'rbf', 'max_iter': 1000}, grid.best_score_=0.5555555555555556, grid.best_index_=5, acc=0.75, time=0.2668485641479492
02-06-2022 17:07:32|INFO|Is groups None: False 
02-06-2022 17:07:32|INFO|grid.best_params_={'C': 100000000.0, 'gamma': 1e-05, 'kernel': 'rbf', 'max_iter': 1000}, grid.best_score_=0.6111111111111112, grid.best_index_=37, acc=0.25, time=0.2746086120605469
02-06-2022 17:07:32|INFO|Is groups None: False 
02-06-2022 17:07:32|INFO|grid.best_params_={'C': 1000000.0, 'gamma': 1e-07, 'kernel': 'rbf', 'max_iter': 1000}, grid.best_score_=0.6666666666666666, grid.best_index_=29, acc=0.25, time=0.2176053524017334
02-06-2022 17:07:32|INFO|Is groups None: False 
02-06-2022 17:07:33|INFO|grid.best_params_={'C': 0.01, 'gamma': 1e-09, 'kernel': 'rbf', 'max_iter': 1000}, grid.best_score_=0.5833333333333334, grid.best_index_=0, acc=0.5, time=0.2118840217590332
02-06-2022 17:07:33|INFO|Is groups None: False 
02-06-2022 17:07:33|INFO|grid.best_params_={'C': 100000000.0, 'gamma': 1e-09, 'kernel': 'rbf', 'max_iter': 1000}, grid.best_score_=0.6111111111111112, grid.best_index_=35, acc=0.75, time=0.3142123222351074
02-06-2022 17:07:33|INFO|Is groups None: False 
02-06-2022 17:07:33|INFO|grid.best_params_={'C': 0.01, 'gamma': 1e-09, 'kernel': 'rbf', 'max_iter': 1000}, grid.best_score_=0.5833333333333334, grid.best_index_=0, acc=0.5, time=0.2509958744049072
02-06-2022 17:07:33|INFO|Is groups None: False 
02-06-2022 17:07:33|INFO|grid.best_params_={'C': 0.01, 'gamma': 1e-09, 'kernel': 'rbf', 'max_iter': 1000}, grid.best_score_=0.5833333333333334, grid.best_index_=0, acc=0.5, time=0.22977423667907715
02-06-2022 17:07:33|INFO|Is groups None: False 
02-06-2022 17:07:34|INFO|grid.best_params_={'C': 0.01, 'gamma': 1e-09, 'kernel': 'rbf', 'max_iter': 1000}, grid.best_score_=0.5833333333333334, grid.best_index_=0, acc=0.5, time=0.2412562370300293
02-06-2022 17:07:34|INFO|Is groups None: False 
02-06-2022 17:07:34|INFO|grid.best_params_={'C': 10000000000.0, 'gamma': 1e-09, 'kernel': 'rbf', 'max_iter': 1000}, grid.best_score_=0.6666666666666666, grid.best_index_=42, acc=0.5, time=0.2161557674407959
02-06-2022 17:07:34|INFO|Is groups None: False 
02-06-2022 17:07:34|INFO|grid.best_params_={'C': 0.01, 'gamma': 1e-07, 'kernel': 'rbf', 'max_iter': 1000}, grid.best_score_=0.5555555555555556, grid.best_index_=1, acc=0.75, time=0.2207319736480713
02-06-2022 17:07:34|INFO|s06|10-CV=0.52500|STD=0.17500|Time spend=2.8406624794006348
02-06-2022 17:07:35|INFO|Running Segment-First
02-06-2022 17:07:35|INFO|X.shape=(40, 14), y.shape=(40,), groups.shape=(40,)
02-06-2022 17:07:35|INFO|Is groups None: False 
02-06-2022 17:07:35|INFO|grid.best_params_={'C': 1.0, 'gamma': 0.1, 'kernel': 'rbf', 'max_iter': 1000}, grid.best_score_=0.6944444444444444, grid.best_index_=11, acc=0.75, time=0.25841259956359863
02-06-2022 17:07:35|INFO|Is groups None: False 
02-06-2022 17:07:35|INFO|grid.best_params_={'C': 100.0, 'gamma': 0.1, 'kernel': 'rbf', 'max_iter': 1000}, grid.best_score_=0.6666666666666666, grid.best_index_=18, acc=0.5, time=0.21748113632202148
02-06-2022 17:07:35|INFO|Is groups None: False 
02-06-2022 17:07:35|INFO|grid.best_params_={'C': 1.0, 'gamma': 0.1, 'kernel': 'rbf', 'max_iter': 1000}, grid.best_score_=0.6944444444444444, grid.best_index_=11, acc=0.5, time=0.24702072143554688
02-06-2022 17:07:35|INFO|Is groups None: False 
02-06-2022 17:07:35|INFO|grid.best_params_={'C': 10000.0, 'gamma': 0.001, 'kernel': 'rbf', 'max_iter': 1000}, grid.best_score_=0.6944444444444444, grid.best_index_=24, acc=0.5, time=0.20499014854431152
02-06-2022 17:07:35|INFO|Is groups None: False 
02-06-2022 17:07:36|INFO|grid.best_params_={'C': 1.0, 'gamma': 0.1, 'kernel': 'rbf', 'max_iter': 1000}, grid.best_score_=0.6944444444444444, grid.best_index_=11, acc=0.5, time=0.28416895866394043
02-06-2022 17:07:36|INFO|Is groups None: False 
02-06-2022 17:07:36|INFO|grid.best_params_={'C': 1.0, 'gamma': 0.1, 'kernel': 'rbf', 'max_iter': 1000}, grid.best_score_=0.6944444444444444, grid.best_index_=11, acc=0.25, time=0.22292017936706543
02-06-2022 17:07:36|INFO|Is groups None: False 
02-06-2022 17:07:36|INFO|grid.best_params_={'C': 0.01, 'gamma': 1e-09, 'kernel': 'rbf', 'max_iter': 1000}, grid.best_score_=0.6388888888888888, grid.best_index_=0, acc=0.5, time=0.22803950309753418
02-06-2022 17:07:36|INFO|Is groups None: False 
02-06-2022 17:07:36|INFO|grid.best_params_={'C': 1.0, 'gamma': 0.1, 'kernel': 'rbf', 'max_iter': 1000}, grid.best_score_=0.6944444444444444, grid.best_index_=11, acc=0.75, time=0.22413992881774902
02-06-2022 17:07:36|INFO|Is groups None: False 
02-06-2022 17:07:37|INFO|grid.best_params_={'C': 1.0, 'gamma': 0.1, 'kernel': 'rbf', 'max_iter': 1000}, grid.best_score_=0.6388888888888888, grid.best_index_=11, acc=0.75, time=0.20783662796020508
02-06-2022 17:07:37|INFO|Is groups None: False 
02-06-2022 17:07:37|INFO|grid.best_params_={'C': 0.01, 'gamma': 1e-09, 'kernel': 'rbf', 'max_iter': 1000}, grid.best_score_=0.6111111111111112, grid.best_index_=0, acc=0.75, time=0.2279186248779297
02-06-2022 17:07:37|INFO|s07|10-CV=0.57500|STD=0.16008|Time spend=2.710463047027588
02-06-2022 17:07:37|INFO|Running Segment-First
02-06-2022 17:07:37|INFO|X.shape=(40, 14), y.shape=(40,), groups.shape=(40,)
02-06-2022 17:07:37|INFO|Is groups None: False 
02-06-2022 17:07:38|INFO|grid.best_params_={'C': 0.01, 'gamma': 1e-09, 'kernel': 'rbf', 'max_iter': 1000}, grid.best_score_=0.5555555555555556, grid.best_index_=0, acc=0.75, time=0.29402852058410645
02-06-2022 17:07:38|INFO|Is groups None: False 
02-06-2022 17:07:38|INFO|grid.best_params_={'C': 0.01, 'gamma': 1e-09, 'kernel': 'rbf', 'max_iter': 1000}, grid.best_score_=0.5555555555555556, grid.best_index_=0, acc=0.75, time=0.2234652042388916
02-06-2022 17:07:38|INFO|Is groups None: False 
02-06-2022 17:07:38|INFO|grid.best_params_={'C': 0.01, 'gamma': 1e-09, 'kernel': 'rbf', 'max_iter': 1000}, grid.best_score_=0.5833333333333334, grid.best_index_=0, acc=0.5, time=0.21595358848571777
02-06-2022 17:07:38|INFO|Is groups None: False 
02-06-2022 17:07:38|INFO|grid.best_params_={'C': 0.01, 'gamma': 1e-09, 'kernel': 'rbf', 'max_iter': 1000}, grid.best_score_=0.5833333333333334, grid.best_index_=0, acc=0.5, time=0.20816874504089355
02-06-2022 17:07:38|INFO|Is groups None: False 
02-06-2022 17:07:38|INFO|grid.best_params_={'C': 0.01, 'gamma': 1e-09, 'kernel': 'rbf', 'max_iter': 1000}, grid.best_score_=0.5833333333333334, grid.best_index_=0, acc=0.5, time=0.20711660385131836
02-06-2022 17:07:38|INFO|Is groups None: False 
02-06-2022 17:07:39|INFO|grid.best_params_={'C': 0.01, 'gamma': 1e-09, 'kernel': 'rbf', 'max_iter': 1000}, grid.best_score_=0.5833333333333334, grid.best_index_=0, acc=0.5, time=0.22814393043518066
02-06-2022 17:07:39|INFO|Is groups None: False 
02-06-2022 17:07:39|INFO|grid.best_params_={'C': 0.01, 'gamma': 1e-09, 'kernel': 'rbf', 'max_iter': 1000}, grid.best_score_=0.5833333333333334, grid.best_index_=0, acc=0.5, time=0.21921730041503906
02-06-2022 17:07:39|INFO|Is groups None: False 
02-06-2022 17:07:39|INFO|grid.best_params_={'C': 0.01, 'gamma': 1e-09, 'kernel': 'rbf', 'max_iter': 1000}, grid.best_score_=0.5611111111111111, grid.best_index_=0, acc=0.6666666666666666, time=0.21369075775146484
02-06-2022 17:07:39|INFO|Is groups None: False 
02-06-2022 17:07:39|INFO|grid.best_params_={'C': 0.01, 'gamma': 1e-09, 'kernel': 'rbf', 'max_iter': 1000}, grid.best_score_=0.5833333333333334, grid.best_index_=0, acc=0.5, time=0.2131972312927246
02-06-2022 17:07:39|INFO|Is groups None: False 
02-06-2022 17:07:40|INFO|grid.best_params_={'C': 10000000000.0, 'gamma': 1e-09, 'kernel': 'rbf', 'max_iter': 1000}, grid.best_score_=0.5925925925925926, grid.best_index_=42, acc=0.6, time=0.3614692687988281
02-06-2022 17:07:40|INFO|s08|10-CV=0.57667|STD=0.10198|Time spend=2.7467918395996094
02-06-2022 17:07:40|INFO|Running Segment-First
02-06-2022 17:07:40|INFO|X.shape=(40, 14), y.shape=(40,), groups.shape=(40,)
02-06-2022 17:07:40|INFO|Is groups None: False 
02-06-2022 17:07:40|INFO|grid.best_params_={'C': 10000.0, 'gamma': 0.001, 'kernel': 'rbf', 'max_iter': 1000}, grid.best_score_=0.6666666666666666, grid.best_index_=24, acc=0.25, time=0.2633359432220459
02-06-2022 17:07:40|INFO|Is groups None: False 
02-06-2022 17:07:40|INFO|grid.best_params_={'C': 100.0, 'gamma': 0.001, 'kernel': 'rbf', 'max_iter': 1000}, grid.best_score_=0.7222222222222222, grid.best_index_=17, acc=0.25, time=0.20913410186767578
02-06-2022 17:07:40|INFO|Is groups None: False 
02-06-2022 17:07:41|INFO|grid.best_params_={'C': 10000.0, 'gamma': 0.001, 'kernel': 'rbf', 'max_iter': 1000}, grid.best_score_=0.6388888888888888, grid.best_index_=24, acc=0.75, time=0.1979680061340332
02-06-2022 17:07:41|INFO|Is groups None: False 
02-06-2022 17:07:41|INFO|grid.best_params_={'C': 10000.0, 'gamma': 0.001, 'kernel': 'rbf', 'max_iter': 1000}, grid.best_score_=0.6666666666666666, grid.best_index_=24, acc=0.75, time=0.1982264518737793
02-06-2022 17:07:41|INFO|Is groups None: False 
02-06-2022 17:07:41|INFO|grid.best_params_={'C': 10000.0, 'gamma': 0.001, 'kernel': 'rbf', 'max_iter': 1000}, grid.best_score_=0.6666666666666666, grid.best_index_=24, acc=0.75, time=0.19249224662780762
02-06-2022 17:07:41|INFO|Is groups None: False 
02-06-2022 17:07:41|INFO|grid.best_params_={'C': 100000000.0, 'gamma': 1e-05, 'kernel': 'rbf', 'max_iter': 1000}, grid.best_score_=0.6944444444444444, grid.best_index_=37, acc=0.5, time=0.2198629379272461
02-06-2022 17:07:41|INFO|Is groups None: False 
02-06-2022 17:07:42|INFO|grid.best_params_={'C': 100000000.0, 'gamma': 1e-05, 'kernel': 'rbf', 'max_iter': 1000}, grid.best_score_=0.7222222222222222, grid.best_index_=37, acc=0.5, time=0.26999902725219727
02-06-2022 17:07:42|INFO|Is groups None: False 
02-06-2022 17:07:42|INFO|grid.best_params_={'C': 0.01, 'gamma': 1e-09, 'kernel': 'rbf', 'max_iter': 1000}, grid.best_score_=0.6111111111111112, grid.best_index_=0, acc=0.5, time=0.3095214366912842
02-06-2022 17:07:42|INFO|Is groups None: False 
02-06-2022 17:07:42|INFO|grid.best_params_={'C': 10000.0, 'gamma': 0.001, 'kernel': 'rbf', 'max_iter': 1000}, grid.best_score_=0.7222222222222222, grid.best_index_=24, acc=0.5, time=0.23063158988952637
02-06-2022 17:07:42|INFO|Is groups None: False 
02-06-2022 17:07:42|INFO|grid.best_params_={'C': 0.01, 'gamma': 1e-09, 'kernel': 'rbf', 'max_iter': 1000}, grid.best_score_=0.5833333333333334, grid.best_index_=0, acc=0.75, time=0.2086780071258545
02-06-2022 17:07:42|INFO|s09|10-CV=0.55000|STD=0.18708|Time spend=2.667360544204712
02-06-2022 17:07:43|INFO|Running Segment-First
02-06-2022 17:07:43|INFO|X.shape=(40, 14), y.shape=(40,), groups.shape=(40,)
02-06-2022 17:07:43|INFO|Is groups None: False 
02-06-2022 17:07:43|INFO|grid.best_params_={'C': 100.0, 'gamma': 0.001, 'kernel': 'rbf', 'max_iter': 1000}, grid.best_score_=0.6944444444444444, grid.best_index_=17, acc=0.5, time=0.26631808280944824
02-06-2022 17:07:43|INFO|Is groups None: False 
02-06-2022 17:07:43|INFO|grid.best_params_={'C': 1000000.0, 'gamma': 1e-05, 'kernel': 'rbf', 'max_iter': 1000}, grid.best_score_=0.6944444444444444, grid.best_index_=30, acc=0.5, time=0.22212791442871094
02-06-2022 17:07:43|INFO|Is groups None: False 
02-06-2022 17:07:43|INFO|grid.best_params_={'C': 1000000.0, 'gamma': 1e-07, 'kernel': 'rbf', 'max_iter': 1000}, grid.best_score_=0.7222222222222222, grid.best_index_=29, acc=0.75, time=0.21308469772338867
02-06-2022 17:07:43|INFO|Is groups None: False 
02-06-2022 17:07:44|INFO|grid.best_params_={'C': 10000000000.0, 'gamma': 1e-09, 'kernel': 'rbf', 'max_iter': 1000}, grid.best_score_=0.6944444444444444, grid.best_index_=42, acc=0.75, time=0.21305465698242188
02-06-2022 17:07:44|INFO|Is groups None: False 
02-06-2022 17:07:44|INFO|grid.best_params_={'C': 100.0, 'gamma': 0.001, 'kernel': 'rbf', 'max_iter': 1000}, grid.best_score_=0.7222222222222222, grid.best_index_=17, acc=0.75, time=0.20026612281799316
02-06-2022 17:07:44|INFO|Is groups None: False 
02-06-2022 17:07:44|INFO|grid.best_params_={'C': 10000000000.0, 'gamma': 1e-09, 'kernel': 'rbf', 'max_iter': 1000}, grid.best_score_=0.6388888888888888, grid.best_index_=42, acc=0.75, time=0.2100520133972168
02-06-2022 17:07:44|INFO|Is groups None: False 
02-06-2022 17:07:44|INFO|grid.best_params_={'C': 100.0, 'gamma': 0.001, 'kernel': 'rbf', 'max_iter': 1000}, grid.best_score_=0.6388888888888888, grid.best_index_=17, acc=1.0, time=0.20812320709228516
02-06-2022 17:07:44|INFO|Is groups None: False 
02-06-2022 17:07:44|INFO|grid.best_params_={'C': 10000.0, 'gamma': 1e-05, 'kernel': 'rbf', 'max_iter': 1000}, grid.best_score_=0.7222222222222222, grid.best_index_=23, acc=0.75, time=0.20869755744934082
02-06-2022 17:07:44|INFO|Is groups None: False 
02-06-2022 17:07:45|INFO|grid.best_params_={'C': 100000000.0, 'gamma': 1e-07, 'kernel': 'rbf', 'max_iter': 1000}, grid.best_score_=0.6944444444444444, grid.best_index_=36, acc=0.75, time=0.34789204597473145
02-06-2022 17:07:45|INFO|Is groups None: False 
02-06-2022 17:07:45|INFO|grid.best_params_={'C': 100000000.0, 'gamma': 1e-09, 'kernel': 'rbf', 'max_iter': 1000}, grid.best_score_=0.75, grid.best_index_=35, acc=0.0, time=0.21842694282531738
02-06-2022 17:07:45|INFO|s10|10-CV=0.65000|STD=0.25495|Time spend=2.6826469898223877
02-06-2022 17:07:45|INFO|Running Segment-First
02-06-2022 17:07:45|INFO|X.shape=(40, 14), y.shape=(40,), groups.shape=(40,)
02-06-2022 17:07:45|INFO|Is groups None: False 
02-06-2022 17:07:46|INFO|grid.best_params_={'C': 10000000000.0, 'gamma': 1e-09, 'kernel': 'rbf', 'max_iter': 1000}, grid.best_score_=0.6944444444444444, grid.best_index_=42, acc=0.5, time=0.25679564476013184
02-06-2022 17:07:46|INFO|Is groups None: False 
02-06-2022 17:07:46|INFO|grid.best_params_={'C': 100000000.0, 'gamma': 1e-07, 'kernel': 'rbf', 'max_iter': 1000}, grid.best_score_=0.6944444444444444, grid.best_index_=36, acc=0.5, time=0.21823382377624512
02-06-2022 17:07:46|INFO|Is groups None: False 
02-06-2022 17:07:46|INFO|grid.best_params_={'C': 0.01, 'gamma': 1e-09, 'kernel': 'rbf', 'max_iter': 1000}, grid.best_score_=0.6388888888888888, grid.best_index_=0, acc=0.5, time=0.20564842224121094
02-06-2022 17:07:46|INFO|Is groups None: False 
02-06-2022 17:07:46|INFO|grid.best_params_={'C': 0.01, 'gamma': 1e-09, 'kernel': 'rbf', 'max_iter': 1000}, grid.best_score_=0.6388888888888888, grid.best_index_=0, acc=0.5, time=0.21718072891235352
02-06-2022 17:07:46|INFO|Is groups None: False 
02-06-2022 17:07:46|INFO|grid.best_params_={'C': 0.01, 'gamma': 1e-09, 'kernel': 'rbf', 'max_iter': 1000}, grid.best_score_=0.6388888888888888, grid.best_index_=0, acc=0.5, time=0.20179986953735352
02-06-2022 17:07:46|INFO|Is groups None: False 
02-06-2022 17:07:47|INFO|grid.best_params_={'C': 0.01, 'gamma': 1e-09, 'kernel': 'rbf', 'max_iter': 1000}, grid.best_score_=0.6388888888888888, grid.best_index_=0, acc=0.5, time=0.218414306640625
02-06-2022 17:07:47|INFO|Is groups None: False 
02-06-2022 17:07:47|INFO|grid.best_params_={'C': 10000000000.0, 'gamma': 1e-07, 'kernel': 'rbf', 'max_iter': 1000}, grid.best_score_=0.6666666666666666, grid.best_index_=43, acc=0.5, time=0.21036195755004883
02-06-2022 17:07:47|INFO|Is groups None: False 
02-06-2022 17:07:47|INFO|grid.best_params_={'C': 0.01, 'gamma': 1e-09, 'kernel': 'rbf', 'max_iter': 1000}, grid.best_score_=0.6388888888888888, grid.best_index_=0, acc=0.5, time=0.20743203163146973
02-06-2022 17:07:47|INFO|Is groups None: False 
02-06-2022 17:07:47|INFO|grid.best_params_={'C': 100000000.0, 'gamma': 1e-09, 'kernel': 'rbf', 'max_iter': 1000}, grid.best_score_=0.6944444444444444, grid.best_index_=35, acc=0.75, time=0.20726799964904785
02-06-2022 17:07:47|INFO|Is groups None: False 
02-06-2022 17:07:48|INFO|grid.best_params_={'C': 100000000.0, 'gamma': 1e-09, 'kernel': 'rbf', 'max_iter': 1000}, grid.best_score_=0.6388888888888888, grid.best_index_=35, acc=0.5, time=0.25491976737976074
02-06-2022 17:07:48|INFO|s11|10-CV=0.52500|STD=0.07500|Time spend=2.5698494911193848
02-06-2022 17:07:48|INFO|Running Segment-First
02-06-2022 17:07:48|INFO|X.shape=(40, 14), y.shape=(40,), groups.shape=(40,)
02-06-2022 17:07:48|INFO|Is groups None: False 
02-06-2022 17:07:48|INFO|grid.best_params_={'C': 0.01, 'gamma': 1e-09, 'kernel': 'rbf', 'max_iter': 1000}, grid.best_score_=0.8333333333333334, grid.best_index_=0, acc=0.75, time=0.2930426597595215
02-06-2022 17:07:48|INFO|Is groups None: False 
02-06-2022 17:07:48|INFO|grid.best_params_={'C': 0.01, 'gamma': 1e-09, 'kernel': 'rbf', 'max_iter': 1000}, grid.best_score_=0.8333333333333334, grid.best_index_=0, acc=0.75, time=0.220991849899292
02-06-2022 17:07:48|INFO|Is groups None: False 
02-06-2022 17:07:49|INFO|grid.best_params_={'C': 0.01, 'gamma': 1e-09, 'kernel': 'rbf', 'max_iter': 1000}, grid.best_score_=0.8333333333333334, grid.best_index_=0, acc=0.75, time=0.20763397216796875
02-06-2022 17:07:49|INFO|Is groups None: False 
02-06-2022 17:07:49|INFO|grid.best_params_={'C': 100.0, 'gamma': 0.001, 'kernel': 'rbf', 'max_iter': 1000}, grid.best_score_=0.8611111111111112, grid.best_index_=17, acc=0.75, time=0.19884181022644043
02-06-2022 17:07:49|INFO|Is groups None: False 
02-06-2022 17:07:49|INFO|grid.best_params_={'C': 100.0, 'gamma': 0.001, 'kernel': 'rbf', 'max_iter': 1000}, grid.best_score_=0.8611111111111112, grid.best_index_=17, acc=0.75, time=0.20032191276550293
02-06-2022 17:07:49|INFO|Is groups None: False 
02-06-2022 17:07:49|INFO|grid.best_params_={'C': 100.0, 'gamma': 0.001, 'kernel': 'rbf', 'max_iter': 1000}, grid.best_score_=0.8611111111111112, grid.best_index_=17, acc=0.75, time=0.21168184280395508
02-06-2022 17:07:49|INFO|Is groups None: False 
02-06-2022 17:07:49|INFO|grid.best_params_={'C': 100.0, 'gamma': 0.001, 'kernel': 'rbf', 'max_iter': 1000}, grid.best_score_=0.8333333333333334, grid.best_index_=17, acc=1.0, time=0.2092576026916504
02-06-2022 17:07:49|INFO|Is groups None: False 
02-06-2022 17:07:50|INFO|grid.best_params_={'C': 100.0, 'gamma': 0.001, 'kernel': 'rbf', 'max_iter': 1000}, grid.best_score_=0.8611111111111112, grid.best_index_=17, acc=0.75, time=0.19821882247924805
02-06-2022 17:07:50|INFO|Is groups None: False 
02-06-2022 17:07:50|INFO|grid.best_params_={'C': 100.0, 'gamma': 0.001, 'kernel': 'rbf', 'max_iter': 1000}, grid.best_score_=0.8333333333333334, grid.best_index_=17, acc=1.0, time=0.21577119827270508
02-06-2022 17:07:50|INFO|Is groups None: False 
02-06-2022 17:07:50|INFO|grid.best_params_={'C': 100.0, 'gamma': 0.001, 'kernel': 'rbf', 'max_iter': 1000}, grid.best_score_=0.8333333333333334, grid.best_index_=17, acc=1.0, time=0.202711820602417
02-06-2022 17:07:50|INFO|s12|10-CV=0.82500|STD=0.11456|Time spend=2.5204689502716064
02-06-2022 17:07:50|INFO|Running Segment-First
02-06-2022 17:07:50|INFO|X.shape=(40, 14), y.shape=(40,), groups.shape=(40,)
02-06-2022 17:07:50|INFO|Is groups None: False 
02-06-2022 17:07:51|INFO|grid.best_params_={'C': 0.01, 'gamma': 1e-09, 'kernel': 'rbf', 'max_iter': 1000}, grid.best_score_=0.8611111111111112, grid.best_index_=0, acc=0.75, time=0.2920212745666504
02-06-2022 17:07:51|INFO|Is groups None: False 
02-06-2022 17:07:51|INFO|grid.best_params_={'C': 0.01, 'gamma': 1e-09, 'kernel': 'rbf', 'max_iter': 1000}, grid.best_score_=0.8611111111111112, grid.best_index_=0, acc=0.75, time=0.22684693336486816
02-06-2022 17:07:51|INFO|Is groups None: False 
02-06-2022 17:07:51|INFO|grid.best_params_={'C': 0.01, 'gamma': 1e-09, 'kernel': 'rbf', 'max_iter': 1000}, grid.best_score_=0.8611111111111112, grid.best_index_=0, acc=0.75, time=0.21504497528076172
02-06-2022 17:07:51|INFO|Is groups None: False 
02-06-2022 17:07:51|INFO|grid.best_params_={'C': 0.01, 'gamma': 1e-09, 'kernel': 'rbf', 'max_iter': 1000}, grid.best_score_=0.8611111111111112, grid.best_index_=0, acc=0.75, time=0.1990056037902832
02-06-2022 17:07:51|INFO|Is groups None: False 
02-06-2022 17:07:52|INFO|grid.best_params_={'C': 0.01, 'gamma': 1e-09, 'kernel': 'rbf', 'max_iter': 1000}, grid.best_score_=0.8611111111111112, grid.best_index_=0, acc=0.75, time=0.19691920280456543
02-06-2022 17:07:52|INFO|Is groups None: False 
02-06-2022 17:07:52|INFO|grid.best_params_={'C': 0.01, 'gamma': 1e-09, 'kernel': 'rbf', 'max_iter': 1000}, grid.best_score_=0.8611111111111112, grid.best_index_=0, acc=0.75, time=0.20049595832824707
02-06-2022 17:07:52|INFO|Is groups None: False 
02-06-2022 17:07:52|INFO|grid.best_params_={'C': 0.01, 'gamma': 1e-09, 'kernel': 'rbf', 'max_iter': 1000}, grid.best_score_=0.8333333333333334, grid.best_index_=0, acc=1.0, time=0.23261785507202148
02-06-2022 17:07:52|INFO|Is groups None: False 
02-06-2022 17:07:52|INFO|grid.best_params_={'C': 10000.0, 'gamma': 0.001, 'kernel': 'rbf', 'max_iter': 1000}, grid.best_score_=0.8611111111111112, grid.best_index_=24, acc=0.75, time=0.2254488468170166
02-06-2022 17:07:52|INFO|Is groups None: False 
02-06-2022 17:07:52|INFO|grid.best_params_={'C': 0.01, 'gamma': 1e-09, 'kernel': 'rbf', 'max_iter': 1000}, grid.best_score_=0.8333333333333334, grid.best_index_=0, acc=1.0, time=0.21012663841247559
02-06-2022 17:07:52|INFO|Is groups None: False 
02-06-2022 17:07:53|INFO|grid.best_params_={'C': 0.01, 'gamma': 1e-09, 'kernel': 'rbf', 'max_iter': 1000}, grid.best_score_=0.8333333333333334, grid.best_index_=0, acc=1.0, time=0.20352387428283691
02-06-2022 17:07:53|INFO|s13|10-CV=0.82500|STD=0.11456|Time spend=2.571929454803467
02-06-2022 17:07:53|INFO|Running Segment-First
02-06-2022 17:07:53|INFO|X.shape=(40, 14), y.shape=(40,), groups.shape=(40,)
02-06-2022 17:07:53|INFO|Is groups None: False 
02-06-2022 17:07:53|INFO|grid.best_params_={'C': 1.0, 'gamma': 0.1, 'kernel': 'rbf', 'max_iter': 1000}, grid.best_score_=0.75, grid.best_index_=11, acc=1.0, time=0.24901580810546875
02-06-2022 17:07:53|INFO|Is groups None: False 
02-06-2022 17:07:53|INFO|grid.best_params_={'C': 1.0, 'gamma': 0.1, 'kernel': 'rbf', 'max_iter': 1000}, grid.best_score_=0.8333333333333334, grid.best_index_=11, acc=0.75, time=0.21745920181274414
02-06-2022 17:07:53|INFO|Is groups None: False 
02-06-2022 17:07:54|INFO|grid.best_params_={'C': 1.0, 'gamma': 0.1, 'kernel': 'rbf', 'max_iter': 1000}, grid.best_score_=0.8888888888888888, grid.best_index_=11, acc=0.75, time=0.20627093315124512
02-06-2022 17:07:54|INFO|Is groups None: False 
02-06-2022 17:07:54|INFO|grid.best_params_={'C': 1.0, 'gamma': 0.1, 'kernel': 'rbf', 'max_iter': 1000}, grid.best_score_=0.8055555555555556, grid.best_index_=11, acc=0.75, time=0.20404505729675293
02-06-2022 17:07:54|INFO|Is groups None: False 
02-06-2022 17:07:54|INFO|grid.best_params_={'C': 1.0, 'gamma': 0.1, 'kernel': 'rbf', 'max_iter': 1000}, grid.best_score_=0.8055555555555556, grid.best_index_=11, acc=0.75, time=0.20003795623779297
02-06-2022 17:07:54|INFO|Is groups None: False 
02-06-2022 17:07:54|INFO|grid.best_params_={'C': 1.0, 'gamma': 0.1, 'kernel': 'rbf', 'max_iter': 1000}, grid.best_score_=0.8055555555555556, grid.best_index_=11, acc=0.5, time=0.23261570930480957
02-06-2022 17:07:54|INFO|Is groups None: False 
02-06-2022 17:07:55|INFO|grid.best_params_={'C': 1.0, 'gamma': 0.1, 'kernel': 'rbf', 'max_iter': 1000}, grid.best_score_=0.7222222222222222, grid.best_index_=11, acc=1.0, time=0.20984387397766113
02-06-2022 17:07:55|INFO|Is groups None: False 
02-06-2022 17:07:55|INFO|grid.best_params_={'C': 1.0, 'gamma': 0.1, 'kernel': 'rbf', 'max_iter': 1000}, grid.best_score_=0.7777777777777778, grid.best_index_=11, acc=1.0, time=0.20834612846374512
02-06-2022 17:07:55|INFO|Is groups None: False 
02-06-2022 17:07:55|INFO|grid.best_params_={'C': 1.0, 'gamma': 0.1, 'kernel': 'rbf', 'max_iter': 1000}, grid.best_score_=0.8055555555555556, grid.best_index_=11, acc=0.75, time=0.20784473419189453
02-06-2022 17:07:55|INFO|Is groups None: False 
02-06-2022 17:07:55|INFO|grid.best_params_={'C': 1.0, 'gamma': 0.1, 'kernel': 'rbf', 'max_iter': 1000}, grid.best_score_=0.7777777777777778, grid.best_index_=11, acc=1.0, time=0.21059966087341309
02-06-2022 17:07:55|INFO|s14|10-CV=0.82500|STD=0.16008|Time spend=2.5118041038513184
02-06-2022 17:07:56|INFO|Running Segment-First
02-06-2022 17:07:56|INFO|X.shape=(40, 14), y.shape=(40,), groups.shape=(40,)
02-06-2022 17:07:56|INFO|Is groups None: False 
02-06-2022 17:07:56|INFO|grid.best_params_={'C': 100000000.0, 'gamma': 1e-09, 'kernel': 'rbf', 'max_iter': 1000}, grid.best_score_=0.5555555555555556, grid.best_index_=35, acc=0.0, time=0.2630643844604492
02-06-2022 17:07:56|INFO|Is groups None: False 
02-06-2022 17:07:56|INFO|grid.best_params_={'C': 0.01, 'gamma': 1e-09, 'kernel': 'rbf', 'max_iter': 1000}, grid.best_score_=0.4722222222222222, grid.best_index_=0, acc=0.5, time=0.21480894088745117
02-06-2022 17:07:56|INFO|Is groups None: False 
02-06-2022 17:07:56|INFO|grid.best_params_={'C': 0.01, 'gamma': 1e-07, 'kernel': 'rbf', 'max_iter': 1000}, grid.best_score_=0.5, grid.best_index_=1, acc=0.5, time=0.20978689193725586
02-06-2022 17:07:56|INFO|Is groups None: False 
02-06-2022 17:07:56|INFO|grid.best_params_={'C': 100.0, 'gamma': 0.1, 'kernel': 'rbf', 'max_iter': 1000}, grid.best_score_=0.6111111111111112, grid.best_index_=18, acc=0.0, time=0.20165610313415527
02-06-2022 17:07:56|INFO|Is groups None: False 
02-06-2022 17:07:57|INFO|grid.best_params_={'C': 1000000.0, 'gamma': 0.001, 'kernel': 'rbf', 'max_iter': 1000}, grid.best_score_=0.5, grid.best_index_=31, acc=0.5, time=0.20910191535949707
02-06-2022 17:07:57|INFO|Is groups None: False 
02-06-2022 17:07:57|INFO|grid.best_params_={'C': 1000000.0, 'gamma': 1e-07, 'kernel': 'rbf', 'max_iter': 1000}, grid.best_score_=0.5555555555555556, grid.best_index_=29, acc=0.25, time=0.20851683616638184
02-06-2022 17:07:57|INFO|Is groups None: False 
02-06-2022 17:07:57|INFO|grid.best_params_={'C': 100.0, 'gamma': 0.001, 'kernel': 'rbf', 'max_iter': 1000}, grid.best_score_=0.49259259259259264, grid.best_index_=17, acc=0.25, time=0.20114588737487793
02-06-2022 17:07:57|INFO|Is groups None: False 
02-06-2022 17:07:57|INFO|grid.best_params_={'C': 100.0, 'gamma': 0.001, 'kernel': 'rbf', 'max_iter': 1000}, grid.best_score_=0.5277777777777778, grid.best_index_=17, acc=0.25, time=0.21866369247436523
02-06-2022 17:07:57|INFO|Is groups None: False 
02-06-2022 17:07:58|INFO|grid.best_params_={'C': 1000000.0, 'gamma': 0.001, 'kernel': 'rbf', 'max_iter': 1000}, grid.best_score_=0.5, grid.best_index_=31, acc=0.25, time=0.22610092163085938
02-06-2022 17:07:58|INFO|Is groups None: False 
02-06-2022 17:07:58|INFO|grid.best_params_={'C': 1000000.0, 'gamma': 1e-05, 'kernel': 'rbf', 'max_iter': 1000}, grid.best_score_=0.4444444444444444, grid.best_index_=30, acc=0.25, time=0.20111775398254395
02-06-2022 17:07:58|INFO|s15|10-CV=0.27500|STD=0.17500|Time spend=2.55379581451416
02-06-2022 17:07:58|INFO|Running Segment-First
02-06-2022 17:07:58|INFO|X.shape=(40, 14), y.shape=(40,), groups.shape=(40,)
02-06-2022 17:07:58|INFO|Is groups None: False 
02-06-2022 17:07:58|INFO|grid.best_params_={'C': 100000000.0, 'gamma': 1e-09, 'kernel': 'rbf', 'max_iter': 1000}, grid.best_score_=0.6944444444444444, grid.best_index_=35, acc=0.5, time=0.22991490364074707
02-06-2022 17:07:58|INFO|Is groups None: False 
02-06-2022 17:07:59|INFO|grid.best_params_={'C': 100000000.0, 'gamma': 1e-09, 'kernel': 'rbf', 'max_iter': 1000}, grid.best_score_=0.5833333333333334, grid.best_index_=35, acc=1.0, time=0.21046113967895508
02-06-2022 17:07:59|INFO|Is groups None: False 
02-06-2022 17:07:59|INFO|grid.best_params_={'C': 100000000.0, 'gamma': 1e-09, 'kernel': 'rbf', 'max_iter': 1000}, grid.best_score_=0.6944444444444444, grid.best_index_=35, acc=0.25, time=0.20297765731811523
02-06-2022 17:07:59|INFO|Is groups None: False 
02-06-2022 17:07:59|INFO|grid.best_params_={'C': 1.0, 'gamma': 0.1, 'kernel': 'rbf', 'max_iter': 1000}, grid.best_score_=0.5833333333333334, grid.best_index_=11, acc=1.0, time=0.20614409446716309
02-06-2022 17:07:59|INFO|Is groups None: False 
02-06-2022 17:07:59|INFO|grid.best_params_={'C': 100.0, 'gamma': 0.1, 'kernel': 'rbf', 'max_iter': 1000}, grid.best_score_=0.6944444444444444, grid.best_index_=18, acc=0.25, time=0.20260906219482422
02-06-2022 17:07:59|INFO|Is groups None: False 
02-06-2022 17:07:59|INFO|grid.best_params_={'C': 10000000000.0, 'gamma': 1e-09, 'kernel': 'rbf', 'max_iter': 1000}, grid.best_score_=0.8611111111111112, grid.best_index_=42, acc=0.25, time=0.20737314224243164
02-06-2022 17:07:59|INFO|Is groups None: False 
02-06-2022 17:08:00|INFO|grid.best_params_={'C': 10000000000.0, 'gamma': 1e-07, 'kernel': 'rbf', 'max_iter': 1000}, grid.best_score_=0.6944444444444444, grid.best_index_=43, acc=0.75, time=0.27780866622924805
02-06-2022 17:08:00|INFO|Is groups None: False 
02-06-2022 17:08:00|INFO|grid.best_params_={'C': 1.0, 'gamma': 0.1, 'kernel': 'rbf', 'max_iter': 1000}, grid.best_score_=0.6944444444444444, grid.best_index_=11, acc=0.75, time=0.2030794620513916
02-06-2022 17:08:00|INFO|Is groups None: False 
02-06-2022 17:08:00|INFO|grid.best_params_={'C': 10000000000.0, 'gamma': 1e-07, 'kernel': 'rbf', 'max_iter': 1000}, grid.best_score_=0.6944444444444444, grid.best_index_=43, acc=0.75, time=0.3040037155151367
02-06-2022 17:08:00|INFO|Is groups None: False 
02-06-2022 17:08:00|INFO|grid.best_params_={'C': 100.0, 'gamma': 0.1, 'kernel': 'rbf', 'max_iter': 1000}, grid.best_score_=0.7777777777777778, grid.best_index_=18, acc=0.25, time=0.21641945838928223
02-06-2022 17:08:00|INFO|s16|10-CV=0.57500|STD=0.29686|Time spend=2.6400601863861084
02-06-2022 17:08:01|INFO|Running Segment-First
02-06-2022 17:08:01|INFO|X.shape=(40, 14), y.shape=(40,), groups.shape=(40,)
02-06-2022 17:08:01|INFO|Is groups None: False 
02-06-2022 17:08:01|INFO|grid.best_params_={'C': 1.0, 'gamma': 0.1, 'kernel': 'rbf', 'max_iter': 1000}, grid.best_score_=0.75, grid.best_index_=11, acc=1.0, time=0.28373217582702637
02-06-2022 17:08:01|INFO|Is groups None: False 
02-06-2022 17:08:01|INFO|grid.best_params_={'C': 1.0, 'gamma': 0.1, 'kernel': 'rbf', 'max_iter': 1000}, grid.best_score_=0.7222222222222222, grid.best_index_=11, acc=1.0, time=0.2216205596923828
02-06-2022 17:08:01|INFO|Is groups None: False 
02-06-2022 17:08:01|INFO|grid.best_params_={'C': 100.0, 'gamma': 0.001, 'kernel': 'rbf', 'max_iter': 1000}, grid.best_score_=0.8333333333333334, grid.best_index_=17, acc=0.5, time=0.20189166069030762
02-06-2022 17:08:01|INFO|Is groups None: False 
02-06-2022 17:08:02|INFO|grid.best_params_={'C': 1000000.0, 'gamma': 1e-05, 'kernel': 'rbf', 'max_iter': 1000}, grid.best_score_=0.7777777777777778, grid.best_index_=30, acc=0.25, time=0.2021770477294922
02-06-2022 17:08:02|INFO|Is groups None: False 
02-06-2022 17:08:02|INFO|grid.best_params_={'C': 100.0, 'gamma': 0.001, 'kernel': 'rbf', 'max_iter': 1000}, grid.best_score_=0.8333333333333334, grid.best_index_=17, acc=0.5, time=0.22369742393493652
02-06-2022 17:08:02|INFO|Is groups None: False 
02-06-2022 17:08:02|INFO|grid.best_params_={'C': 1000000.0, 'gamma': 1e-07, 'kernel': 'rbf', 'max_iter': 1000}, grid.best_score_=0.8055555555555556, grid.best_index_=29, acc=0.5, time=0.2109212875366211
02-06-2022 17:08:02|INFO|Is groups None: False 
02-06-2022 17:08:02|INFO|grid.best_params_={'C': 1000000.0, 'gamma': 1e-05, 'kernel': 'rbf', 'max_iter': 1000}, grid.best_score_=0.7222222222222222, grid.best_index_=30, acc=0.5, time=0.20307660102844238
02-06-2022 17:08:02|INFO|Is groups None: False 
02-06-2022 17:08:02|INFO|grid.best_params_={'C': 1.0, 'gamma': 0.1, 'kernel': 'rbf', 'max_iter': 1000}, grid.best_score_=0.6944444444444444, grid.best_index_=11, acc=0.75, time=0.20109224319458008
02-06-2022 17:08:02|INFO|Is groups None: False 
02-06-2022 17:08:03|INFO|grid.best_params_={'C': 1.0, 'gamma': 0.1, 'kernel': 'rbf', 'max_iter': 1000}, grid.best_score_=0.8055555555555556, grid.best_index_=11, acc=0.75, time=0.2080678939819336
02-06-2022 17:08:03|INFO|Is groups None: False 
02-06-2022 17:08:03|INFO|grid.best_params_={'C': 100000000.0, 'gamma': 1e-09, 'kernel': 'rbf', 'max_iter': 1000}, grid.best_score_=0.7222222222222222, grid.best_index_=35, acc=0.75, time=0.21814298629760742
02-06-2022 17:08:03|INFO|s17|10-CV=0.65000|STD=0.22913|Time spend=2.5341053009033203
02-06-2022 17:08:03|INFO|Running Segment-First
02-06-2022 17:08:03|INFO|X.shape=(40, 14), y.shape=(40,), groups.shape=(40,)
02-06-2022 17:08:03|INFO|Is groups None: False 
02-06-2022 17:08:03|INFO|grid.best_params_={'C': 0.01, 'gamma': 1e-09, 'kernel': 'rbf', 'max_iter': 1000}, grid.best_score_=0.6111111111111112, grid.best_index_=0, acc=0.75, time=0.25721192359924316
02-06-2022 17:08:03|INFO|Is groups None: False 
02-06-2022 17:08:04|INFO|grid.best_params_={'C': 0.01, 'gamma': 1e-09, 'kernel': 'rbf', 'max_iter': 1000}, grid.best_score_=0.6388888888888888, grid.best_index_=0, acc=0.5, time=0.2126021385192871
02-06-2022 17:08:04|INFO|Is groups None: False 
02-06-2022 17:08:04|INFO|grid.best_params_={'C': 10000.0, 'gamma': 1e-05, 'kernel': 'rbf', 'max_iter': 1000}, grid.best_score_=0.6666666666666666, grid.best_index_=23, acc=0.25, time=0.20686793327331543
02-06-2022 17:08:04|INFO|Is groups None: False 
02-06-2022 17:08:04|INFO|grid.best_params_={'C': 0.01, 'gamma': 1e-09, 'kernel': 'rbf', 'max_iter': 1000}, grid.best_score_=0.6111111111111112, grid.best_index_=0, acc=0.75, time=0.20828962326049805
02-06-2022 17:08:04|INFO|Is groups None: False 
02-06-2022 17:08:04|INFO|grid.best_params_={'C': 0.01, 'gamma': 1e-09, 'kernel': 'rbf', 'max_iter': 1000}, grid.best_score_=0.6388888888888888, grid.best_index_=0, acc=0.5, time=0.19862651824951172
02-06-2022 17:08:04|INFO|Is groups None: False 
02-06-2022 17:08:05|INFO|grid.best_params_={'C': 0.01, 'gamma': 1e-09, 'kernel': 'rbf', 'max_iter': 1000}, grid.best_score_=0.6111111111111112, grid.best_index_=0, acc=0.75, time=0.23385024070739746
02-06-2022 17:08:05|INFO|Is groups None: False 
02-06-2022 17:08:05|INFO|grid.best_params_={'C': 1000000.0, 'gamma': 1e-05, 'kernel': 'rbf', 'max_iter': 1000}, grid.best_score_=0.6666666666666666, grid.best_index_=30, acc=0.25, time=0.2163231372833252
02-06-2022 17:08:05|INFO|Is groups None: False 
02-06-2022 17:08:05|INFO|grid.best_params_={'C': 0.01, 'gamma': 1e-09, 'kernel': 'rbf', 'max_iter': 1000}, grid.best_score_=0.6388888888888888, grid.best_index_=0, acc=0.5, time=0.21207284927368164
02-06-2022 17:08:05|INFO|Is groups None: False 
02-06-2022 17:08:05|INFO|grid.best_params_={'C': 10000000000.0, 'gamma': 1e-07, 'kernel': 'rbf', 'max_iter': 1000}, grid.best_score_=0.6666666666666666, grid.best_index_=43, acc=1.0, time=0.19993376731872559
02-06-2022 17:08:05|INFO|Is groups None: False 
02-06-2022 17:08:05|INFO|grid.best_params_={'C': 100000000.0, 'gamma': 1e-09, 'kernel': 'rbf', 'max_iter': 1000}, grid.best_score_=0.6388888888888888, grid.best_index_=35, acc=0.75, time=0.21085476875305176
02-06-2022 17:08:05|INFO|s18|10-CV=0.60000|STD=0.22913|Time spend=2.520311117172241
02-06-2022 17:08:06|INFO|Running Segment-First
02-06-2022 17:08:06|INFO|X.shape=(40, 14), y.shape=(40,), groups.shape=(40,)
02-06-2022 17:08:06|INFO|Is groups None: False 
02-06-2022 17:08:06|INFO|grid.best_params_={'C': 100000000.0, 'gamma': 1e-09, 'kernel': 'rbf', 'max_iter': 1000}, grid.best_score_=0.75, grid.best_index_=35, acc=0.75, time=0.30660462379455566
02-06-2022 17:08:06|INFO|Is groups None: False 
02-06-2022 17:08:06|INFO|grid.best_params_={'C': 100.0, 'gamma': 0.001, 'kernel': 'rbf', 'max_iter': 1000}, grid.best_score_=0.6944444444444444, grid.best_index_=17, acc=1.0, time=0.2217874526977539
02-06-2022 17:08:06|INFO|Is groups None: False 
02-06-2022 17:08:06|INFO|grid.best_params_={'C': 100.0, 'gamma': 0.1, 'kernel': 'rbf', 'max_iter': 1000}, grid.best_score_=0.8055555555555556, grid.best_index_=18, acc=0.25, time=0.2090754508972168
02-06-2022 17:08:06|INFO|Is groups None: False 
02-06-2022 17:08:07|INFO|grid.best_params_={'C': 100000000.0, 'gamma': 1e-07, 'kernel': 'rbf', 'max_iter': 1000}, grid.best_score_=0.7222222222222222, grid.best_index_=36, acc=0.5, time=0.20304298400878906
02-06-2022 17:08:07|INFO|Is groups None: False 
02-06-2022 17:08:07|INFO|grid.best_params_={'C': 10000.0, 'gamma': 1e-05, 'kernel': 'rbf', 'max_iter': 1000}, grid.best_score_=0.8611111111111112, grid.best_index_=23, acc=0.75, time=0.2049577236175537
02-06-2022 17:08:07|INFO|Is groups None: False 
02-06-2022 17:08:07|INFO|grid.best_params_={'C': 100.0, 'gamma': 0.001, 'kernel': 'rbf', 'max_iter': 1000}, grid.best_score_=0.7777777777777778, grid.best_index_=17, acc=0.5, time=0.21788787841796875
02-06-2022 17:08:07|INFO|Is groups None: False 
02-06-2022 17:08:07|INFO|grid.best_params_={'C': 0.01, 'gamma': 1e-09, 'kernel': 'rbf', 'max_iter': 1000}, grid.best_score_=0.6944444444444444, grid.best_index_=0, acc=0.5, time=0.28822779655456543
02-06-2022 17:08:07|INFO|Is groups None: False 
02-06-2022 17:08:08|INFO|grid.best_params_={'C': 100.0, 'gamma': 0.001, 'kernel': 'rbf', 'max_iter': 1000}, grid.best_score_=0.6944444444444444, grid.best_index_=17, acc=0.75, time=0.2325599193572998
02-06-2022 17:08:08|INFO|Is groups None: False 
02-06-2022 17:08:08|INFO|grid.best_params_={'C': 100000000.0, 'gamma': 1e-09, 'kernel': 'rbf', 'max_iter': 1000}, grid.best_score_=0.75, grid.best_index_=35, acc=0.5, time=0.22144126892089844
02-06-2022 17:08:08|INFO|Is groups None: False 
02-06-2022 17:08:08|INFO|grid.best_params_={'C': 100.0, 'gamma': 0.1, 'kernel': 'rbf', 'max_iter': 1000}, grid.best_score_=0.6944444444444444, grid.best_index_=18, acc=0.5, time=0.21679925918579102
02-06-2022 17:08:08|INFO|s19|10-CV=0.60000|STD=0.20000|Time spend=2.693679094314575
02-06-2022 17:08:08|INFO|Running Segment-First
02-06-2022 17:08:08|INFO|X.shape=(40, 14), y.shape=(40,), groups.shape=(40,)
02-06-2022 17:08:08|INFO|Is groups None: False 
02-06-2022 17:08:09|INFO|grid.best_params_={'C': 100.0, 'gamma': 0.1, 'kernel': 'rbf', 'max_iter': 1000}, grid.best_score_=0.8333333333333334, grid.best_index_=18, acc=0.5, time=0.24709057807922363
02-06-2022 17:08:09|INFO|Is groups None: False 
02-06-2022 17:08:09|INFO|grid.best_params_={'C': 0.01, 'gamma': 1e-09, 'kernel': 'rbf', 'max_iter': 1000}, grid.best_score_=0.7777777777777778, grid.best_index_=0, acc=0.75, time=0.2190229892730713
02-06-2022 17:08:09|INFO|Is groups None: False 
02-06-2022 17:08:09|INFO|grid.best_params_={'C': 0.01, 'gamma': 1e-09, 'kernel': 'rbf', 'max_iter': 1000}, grid.best_score_=0.7777777777777778, grid.best_index_=0, acc=0.75, time=0.21827149391174316
02-06-2022 17:08:09|INFO|Is groups None: False 
02-06-2022 17:08:09|INFO|grid.best_params_={'C': 0.01, 'gamma': 1e-09, 'kernel': 'rbf', 'max_iter': 1000}, grid.best_score_=0.7777777777777778, grid.best_index_=0, acc=0.75, time=0.2232503890991211
02-06-2022 17:08:09|INFO|Is groups None: False 
02-06-2022 17:08:10|INFO|grid.best_params_={'C': 0.01, 'gamma': 1e-09, 'kernel': 'rbf', 'max_iter': 1000}, grid.best_score_=0.7777777777777778, grid.best_index_=0, acc=0.75, time=0.20949935913085938
02-06-2022 17:08:10|INFO|Is groups None: False 
02-06-2022 17:08:10|INFO|grid.best_params_={'C': 0.01, 'gamma': 1e-09, 'kernel': 'rbf', 'max_iter': 1000}, grid.best_score_=0.7777777777777778, grid.best_index_=0, acc=0.75, time=0.21233749389648438
02-06-2022 17:08:10|INFO|Is groups None: False 
02-06-2022 17:08:10|INFO|grid.best_params_={'C': 0.01, 'gamma': 1e-09, 'kernel': 'rbf', 'max_iter': 1000}, grid.best_score_=0.7777777777777778, grid.best_index_=0, acc=0.75, time=0.2021651268005371
02-06-2022 17:08:10|INFO|Is groups None: False 
02-06-2022 17:08:10|INFO|grid.best_params_={'C': 0.01, 'gamma': 1e-09, 'kernel': 'rbf', 'max_iter': 1000}, grid.best_score_=0.7777777777777778, grid.best_index_=0, acc=0.75, time=0.1995985507965088
02-06-2022 17:08:10|INFO|Is groups None: False 
02-06-2022 17:08:10|INFO|grid.best_params_={'C': 0.01, 'gamma': 1e-09, 'kernel': 'rbf', 'max_iter': 1000}, grid.best_score_=0.75, grid.best_index_=0, acc=1.0, time=0.23493242263793945
02-06-2022 17:08:10|INFO|Is groups None: False 
02-06-2022 17:08:11|INFO|grid.best_params_={'C': 0.01, 'gamma': 1e-09, 'kernel': 'rbf', 'max_iter': 1000}, grid.best_score_=0.7777777777777778, grid.best_index_=0, acc=0.75, time=0.21616196632385254
02-06-2022 17:08:11|INFO|s20|10-CV=0.75000|STD=0.11180|Time spend=2.577676773071289
02-06-2022 17:08:11|INFO|Running Segment-First
02-06-2022 17:08:11|INFO|X.shape=(40, 14), y.shape=(40,), groups.shape=(40,)
02-06-2022 17:08:11|INFO|Is groups None: False 
02-06-2022 17:08:11|INFO|grid.best_params_={'C': 0.01, 'gamma': 1e-09, 'kernel': 'rbf', 'max_iter': 1000}, grid.best_score_=0.8055555555555556, grid.best_index_=0, acc=0.75, time=0.24300575256347656
02-06-2022 17:08:11|INFO|Is groups None: False 
02-06-2022 17:08:12|INFO|grid.best_params_={'C': 0.01, 'gamma': 1e-09, 'kernel': 'rbf', 'max_iter': 1000}, grid.best_score_=0.8055555555555556, grid.best_index_=0, acc=0.75, time=0.21845316886901855
02-06-2022 17:08:12|INFO|Is groups None: False 
02-06-2022 17:08:12|INFO|grid.best_params_={'C': 0.01, 'gamma': 1e-09, 'kernel': 'rbf', 'max_iter': 1000}, grid.best_score_=0.8055555555555556, grid.best_index_=0, acc=0.75, time=0.20265841484069824
02-06-2022 17:08:12|INFO|Is groups None: False 
02-06-2022 17:08:12|INFO|grid.best_params_={'C': 0.01, 'gamma': 1e-09, 'kernel': 'rbf', 'max_iter': 1000}, grid.best_score_=0.8055555555555556, grid.best_index_=0, acc=0.75, time=0.20523810386657715
02-06-2022 17:08:12|INFO|Is groups None: False 
02-06-2022 17:08:12|INFO|grid.best_params_={'C': 0.01, 'gamma': 1e-09, 'kernel': 'rbf', 'max_iter': 1000}, grid.best_score_=0.8055555555555556, grid.best_index_=0, acc=0.75, time=0.2887718677520752
02-06-2022 17:08:12|INFO|Is groups None: False 
02-06-2022 17:08:12|INFO|grid.best_params_={'C': 0.01, 'gamma': 1e-09, 'kernel': 'rbf', 'max_iter': 1000}, grid.best_score_=0.8055555555555556, grid.best_index_=0, acc=0.75, time=0.2254960536956787
02-06-2022 17:08:12|INFO|Is groups None: False 
02-06-2022 17:08:13|INFO|grid.best_params_={'C': 0.01, 'gamma': 1e-09, 'kernel': 'rbf', 'max_iter': 1000}, grid.best_score_=0.8055555555555556, grid.best_index_=0, acc=0.75, time=0.2160053253173828
02-06-2022 17:08:13|INFO|Is groups None: False 
02-06-2022 17:08:13|INFO|grid.best_params_={'C': 0.01, 'gamma': 1e-09, 'kernel': 'rbf', 'max_iter': 1000}, grid.best_score_=0.7777777777777778, grid.best_index_=0, acc=1.0, time=0.20615530014038086
02-06-2022 17:08:13|INFO|Is groups None: False 
02-06-2022 17:08:13|INFO|grid.best_params_={'C': 0.01, 'gamma': 1e-09, 'kernel': 'rbf', 'max_iter': 1000}, grid.best_score_=0.7777777777777778, grid.best_index_=0, acc=1.0, time=0.20333600044250488
02-06-2022 17:08:13|INFO|Is groups None: False 
02-06-2022 17:08:13|INFO|grid.best_params_={'C': 0.01, 'gamma': 1e-09, 'kernel': 'rbf', 'max_iter': 1000}, grid.best_score_=0.8055555555555556, grid.best_index_=0, acc=0.75, time=0.2162187099456787
02-06-2022 17:08:13|INFO|s21|10-CV=0.80000|STD=0.10000|Time spend=2.611598014831543
02-06-2022 17:08:14|INFO|Running Segment-First
02-06-2022 17:08:14|INFO|X.shape=(40, 14), y.shape=(40,), groups.shape=(40,)
02-06-2022 17:08:14|INFO|Is groups None: False 
02-06-2022 17:08:14|INFO|grid.best_params_={'C': 10000000000.0, 'gamma': 1e-09, 'kernel': 'rbf', 'max_iter': 1000}, grid.best_score_=0.7222222222222222, grid.best_index_=42, acc=0.75, time=0.2888646125793457
02-06-2022 17:08:14|INFO|Is groups None: False 
02-06-2022 17:08:14|INFO|grid.best_params_={'C': 10000.0, 'gamma': 0.001, 'kernel': 'rbf', 'max_iter': 1000}, grid.best_score_=0.6944444444444444, grid.best_index_=24, acc=0.25, time=0.22614026069641113
02-06-2022 17:08:14|INFO|Is groups None: False 
02-06-2022 17:08:14|INFO|grid.best_params_={'C': 100.0, 'gamma': 0.1, 'kernel': 'rbf', 'max_iter': 1000}, grid.best_score_=0.6944444444444444, grid.best_index_=18, acc=0.75, time=0.20972704887390137
02-06-2022 17:08:14|INFO|Is groups None: False 
02-06-2022 17:08:15|INFO|grid.best_params_={'C': 10000.0, 'gamma': 1e-05, 'kernel': 'rbf', 'max_iter': 1000}, grid.best_score_=0.6666666666666666, grid.best_index_=23, acc=0.5, time=0.20183396339416504
02-06-2022 17:08:15|INFO|Is groups None: False 
02-06-2022 17:08:15|INFO|grid.best_params_={'C': 10000000000.0, 'gamma': 1e-09, 'kernel': 'rbf', 'max_iter': 1000}, grid.best_score_=0.75, grid.best_index_=42, acc=0.25, time=0.337888240814209
02-06-2022 17:08:15|INFO|Is groups None: False 
02-06-2022 17:08:15|INFO|grid.best_params_={'C': 1000000.0, 'gamma': 0.001, 'kernel': 'rbf', 'max_iter': 1000}, grid.best_score_=0.6944444444444444, grid.best_index_=31, acc=0.75, time=0.21045684814453125
02-06-2022 17:08:15|INFO|Is groups None: False 
02-06-2022 17:08:15|INFO|grid.best_params_={'C': 100.0, 'gamma': 0.001, 'kernel': 'rbf', 'max_iter': 1000}, grid.best_score_=0.6388888888888888, grid.best_index_=17, acc=0.5, time=0.20752835273742676
02-06-2022 17:08:15|INFO|Is groups None: False 
02-06-2022 17:08:16|INFO|grid.best_params_={'C': 1000000.0, 'gamma': 1e-05, 'kernel': 'rbf', 'max_iter': 1000}, grid.best_score_=0.6388888888888888, grid.best_index_=30, acc=0.75, time=0.2041473388671875
02-06-2022 17:08:16|INFO|Is groups None: False 
02-06-2022 17:08:16|INFO|grid.best_params_={'C': 1000000.0, 'gamma': 0.001, 'kernel': 'rbf', 'max_iter': 1000}, grid.best_score_=0.75, grid.best_index_=31, acc=0.5, time=0.19655370712280273
02-06-2022 17:08:16|INFO|Is groups None: False 
02-06-2022 17:08:16|INFO|grid.best_params_={'C': 100.0, 'gamma': 0.1, 'kernel': 'rbf', 'max_iter': 1000}, grid.best_score_=0.7222222222222222, grid.best_index_=18, acc=0.5, time=0.2010660171508789
02-06-2022 17:08:16|INFO|s22|10-CV=0.55000|STD=0.18708|Time spend=2.6520514488220215
02-06-2022 17:08:16|INFO|Running Segment-First
02-06-2022 17:08:16|INFO|X.shape=(40, 14), y.shape=(40,), groups.shape=(40,)
02-06-2022 17:08:16|INFO|Is groups None: False 
02-06-2022 17:08:17|INFO|grid.best_params_={'C': 0.01, 'gamma': 1e-09, 'kernel': 'rbf', 'max_iter': 1000}, grid.best_score_=0.75, grid.best_index_=0, acc=0.75, time=0.27944040298461914
02-06-2022 17:08:17|INFO|Is groups None: False 
02-06-2022 17:08:17|INFO|grid.best_params_={'C': 100.0, 'gamma': 0.1, 'kernel': 'rbf', 'max_iter': 1000}, grid.best_score_=0.7777777777777778, grid.best_index_=18, acc=1.0, time=0.22586941719055176
02-06-2022 17:08:17|INFO|Is groups None: False 
02-06-2022 17:08:17|INFO|grid.best_params_={'C': 0.01, 'gamma': 1e-09, 'kernel': 'rbf', 'max_iter': 1000}, grid.best_score_=0.75, grid.best_index_=0, acc=0.75, time=0.2188582420349121
02-06-2022 17:08:17|INFO|Is groups None: False 
02-06-2022 17:08:17|INFO|grid.best_params_={'C': 10000.0, 'gamma': 0.001, 'kernel': 'rbf', 'max_iter': 1000}, grid.best_score_=0.7777777777777778, grid.best_index_=24, acc=0.5, time=0.1987142562866211
02-06-2022 17:08:17|INFO|Is groups None: False 
02-06-2022 17:08:17|INFO|grid.best_params_={'C': 0.01, 'gamma': 1e-09, 'kernel': 'rbf', 'max_iter': 1000}, grid.best_score_=0.75, grid.best_index_=0, acc=0.75, time=0.20051956176757812
02-06-2022 17:08:17|INFO|Is groups None: False 
02-06-2022 17:08:18|INFO|grid.best_params_={'C': 100.0, 'gamma': 0.1, 'kernel': 'rbf', 'max_iter': 1000}, grid.best_score_=0.7777777777777778, grid.best_index_=18, acc=0.75, time=0.20313334465026855
02-06-2022 17:08:18|INFO|Is groups None: False 
02-06-2022 17:08:18|INFO|grid.best_params_={'C': 0.01, 'gamma': 1e-09, 'kernel': 'rbf', 'max_iter': 1000}, grid.best_score_=0.75, grid.best_index_=0, acc=0.75, time=0.19981145858764648
02-06-2022 17:08:18|INFO|Is groups None: False 
02-06-2022 17:08:18|INFO|grid.best_params_={'C': 0.01, 'gamma': 1e-09, 'kernel': 'rbf', 'max_iter': 1000}, grid.best_score_=0.75, grid.best_index_=0, acc=0.75, time=0.2096109390258789
02-06-2022 17:08:18|INFO|Is groups None: False 
02-06-2022 17:08:18|INFO|grid.best_params_={'C': 0.01, 'gamma': 1e-09, 'kernel': 'rbf', 'max_iter': 1000}, grid.best_score_=0.75, grid.best_index_=0, acc=0.75, time=0.23099112510681152
02-06-2022 17:08:18|INFO|Is groups None: False 
02-06-2022 17:08:19|INFO|grid.best_params_={'C': 0.01, 'gamma': 1e-09, 'kernel': 'rbf', 'max_iter': 1000}, grid.best_score_=0.75, grid.best_index_=0, acc=0.75, time=0.21101760864257812
02-06-2022 17:08:19|INFO|s23|10-CV=0.75000|STD=0.11180|Time spend=2.5491206645965576
02-06-2022 17:08:19|INFO|Running Segment-First
02-06-2022 17:08:19|INFO|X.shape=(40, 14), y.shape=(40,), groups.shape=(40,)
02-06-2022 17:08:19|INFO|Is groups None: False 
02-06-2022 17:08:19|INFO|grid.best_params_={'C': 100.0, 'gamma': 0.001, 'kernel': 'rbf', 'max_iter': 1000}, grid.best_score_=0.8611111111111112, grid.best_index_=17, acc=0.75, time=0.2684004306793213
02-06-2022 17:08:19|INFO|Is groups None: False 
02-06-2022 17:08:19|INFO|grid.best_params_={'C': 0.01, 'gamma': 1e-09, 'kernel': 'rbf', 'max_iter': 1000}, grid.best_score_=0.8333333333333334, grid.best_index_=0, acc=0.75, time=0.2172408103942871
02-06-2022 17:08:19|INFO|Is groups None: False 
02-06-2022 17:08:20|INFO|grid.best_params_={'C': 0.01, 'gamma': 1e-09, 'kernel': 'rbf', 'max_iter': 1000}, grid.best_score_=0.8333333333333334, grid.best_index_=0, acc=0.75, time=0.2131059169769287
02-06-2022 17:08:20|INFO|Is groups None: False 
02-06-2022 17:08:20|INFO|grid.best_params_={'C': 100.0, 'gamma': 0.001, 'kernel': 'rbf', 'max_iter': 1000}, grid.best_score_=0.8611111111111112, grid.best_index_=17, acc=0.75, time=0.2013874053955078
02-06-2022 17:08:20|INFO|Is groups None: False 
02-06-2022 17:08:20|INFO|grid.best_params_={'C': 100.0, 'gamma': 0.001, 'kernel': 'rbf', 'max_iter': 1000}, grid.best_score_=0.8888888888888888, grid.best_index_=17, acc=0.75, time=0.1967480182647705
02-06-2022 17:08:20|INFO|Is groups None: False 
02-06-2022 17:08:20|INFO|grid.best_params_={'C': 0.01, 'gamma': 1e-09, 'kernel': 'rbf', 'max_iter': 1000}, grid.best_score_=0.8055555555555556, grid.best_index_=0, acc=1.0, time=0.24931049346923828
02-06-2022 17:08:20|INFO|Is groups None: False 
02-06-2022 17:08:20|INFO|grid.best_params_={'C': 0.01, 'gamma': 1e-09, 'kernel': 'rbf', 'max_iter': 1000}, grid.best_score_=0.8055555555555556, grid.best_index_=0, acc=1.0, time=0.21071600914001465
02-06-2022 17:08:20|INFO|Is groups None: False 
02-06-2022 17:08:21|INFO|grid.best_params_={'C': 0.01, 'gamma': 1e-09, 'kernel': 'rbf', 'max_iter': 1000}, grid.best_score_=0.8333333333333334, grid.best_index_=0, acc=0.75, time=0.20816636085510254
02-06-2022 17:08:21|INFO|Is groups None: False 
02-06-2022 17:08:21|INFO|grid.best_params_={'C': 0.01, 'gamma': 1e-09, 'kernel': 'rbf', 'max_iter': 1000}, grid.best_score_=0.8055555555555556, grid.best_index_=0, acc=1.0, time=0.2065563201904297
02-06-2022 17:08:21|INFO|Is groups None: False 
02-06-2022 17:08:21|INFO|grid.best_params_={'C': 0.01, 'gamma': 1e-09, 'kernel': 'rbf', 'max_iter': 1000}, grid.best_score_=0.8333333333333334, grid.best_index_=0, acc=0.75, time=0.20081496238708496
02-06-2022 17:08:21|INFO|s24|10-CV=0.82500|STD=0.11456|Time spend=2.5485217571258545
02-06-2022 17:08:21|INFO|Running Segment-First
02-06-2022 17:08:21|INFO|X.shape=(40, 14), y.shape=(40,), groups.shape=(40,)
02-06-2022 17:08:21|INFO|Is groups None: False 
02-06-2022 17:08:22|INFO|grid.best_params_={'C': 1000000.0, 'gamma': 0.001, 'kernel': 'rbf', 'max_iter': 1000}, grid.best_score_=0.7777777777777778, grid.best_index_=31, acc=0.5, time=0.33720827102661133
02-06-2022 17:08:22|INFO|Is groups None: False 
02-06-2022 17:08:22|INFO|grid.best_params_={'C': 0.01, 'gamma': 1e-09, 'kernel': 'rbf', 'max_iter': 1000}, grid.best_score_=0.7222222222222222, grid.best_index_=0, acc=0.75, time=0.22955918312072754
02-06-2022 17:08:22|INFO|Is groups None: False 
02-06-2022 17:08:22|INFO|grid.best_params_={'C': 0.01, 'gamma': 1e-09, 'kernel': 'rbf', 'max_iter': 1000}, grid.best_score_=0.7222222222222222, grid.best_index_=0, acc=0.75, time=0.21644043922424316
02-06-2022 17:08:22|INFO|Is groups None: False 
02-06-2022 17:08:22|INFO|grid.best_params_={'C': 0.01, 'gamma': 1e-09, 'kernel': 'rbf', 'max_iter': 1000}, grid.best_score_=0.7222222222222222, grid.best_index_=0, acc=0.75, time=0.20266008377075195
02-06-2022 17:08:22|INFO|Is groups None: False 
02-06-2022 17:08:23|INFO|grid.best_params_={'C': 100.0, 'gamma': 0.001, 'kernel': 'rbf', 'max_iter': 1000}, grid.best_score_=0.7777777777777778, grid.best_index_=17, acc=0.75, time=0.2173318862915039
02-06-2022 17:08:23|INFO|Is groups None: False 
02-06-2022 17:08:23|INFO|grid.best_params_={'C': 0.01, 'gamma': 1e-09, 'kernel': 'rbf', 'max_iter': 1000}, grid.best_score_=0.7222222222222222, grid.best_index_=0, acc=0.75, time=0.2163839340209961
02-06-2022 17:08:23|INFO|Is groups None: False 
02-06-2022 17:08:23|INFO|grid.best_params_={'C': 0.01, 'gamma': 1e-09, 'kernel': 'rbf', 'max_iter': 1000}, grid.best_score_=0.7222222222222222, grid.best_index_=0, acc=0.75, time=0.25754785537719727
02-06-2022 17:08:23|INFO|Is groups None: False 
02-06-2022 17:08:23|INFO|grid.best_params_={'C': 0.01, 'gamma': 1e-09, 'kernel': 'rbf', 'max_iter': 1000}, grid.best_score_=0.7222222222222222, grid.best_index_=0, acc=0.75, time=0.22365665435791016
02-06-2022 17:08:23|INFO|Is groups None: False 
02-06-2022 17:08:24|INFO|grid.best_params_={'C': 0.01, 'gamma': 1e-09, 'kernel': 'rbf', 'max_iter': 1000}, grid.best_score_=0.7222222222222222, grid.best_index_=0, acc=0.75, time=0.20432305335998535
02-06-2022 17:08:24|INFO|Is groups None: False 
02-06-2022 17:08:24|INFO|grid.best_params_={'C': 1000000.0, 'gamma': 1e-05, 'kernel': 'rbf', 'max_iter': 1000}, grid.best_score_=0.7777777777777778, grid.best_index_=30, acc=0.5, time=0.21214628219604492
02-06-2022 17:08:24|INFO|s25|10-CV=0.70000|STD=0.10000|Time spend=2.690211057662964
02-06-2022 17:08:24|INFO|Running Segment-First
02-06-2022 17:08:24|INFO|X.shape=(40, 14), y.shape=(40,), groups.shape=(40,)
02-06-2022 17:08:24|INFO|Is groups None: False 
02-06-2022 17:08:24|INFO|grid.best_params_={'C': 10000.0, 'gamma': 0.001, 'kernel': 'rbf', 'max_iter': 1000}, grid.best_score_=0.6944444444444444, grid.best_index_=24, acc=0.75, time=0.30176568031311035
02-06-2022 17:08:24|INFO|Is groups None: False 
02-06-2022 17:08:25|INFO|grid.best_params_={'C': 10000000000.0, 'gamma': 1e-09, 'kernel': 'rbf', 'max_iter': 1000}, grid.best_score_=0.6944444444444444, grid.best_index_=42, acc=0.75, time=0.2087876796722412
02-06-2022 17:08:25|INFO|Is groups None: False 
02-06-2022 17:08:25|INFO|grid.best_params_={'C': 100000000.0, 'gamma': 1e-07, 'kernel': 'rbf', 'max_iter': 1000}, grid.best_score_=0.7222222222222222, grid.best_index_=36, acc=0.75, time=0.2162473201751709
02-06-2022 17:08:25|INFO|Is groups None: False 
02-06-2022 17:08:25|INFO|grid.best_params_={'C': 100000000.0, 'gamma': 1e-09, 'kernel': 'rbf', 'max_iter': 1000}, grid.best_score_=0.6666666666666666, grid.best_index_=35, acc=0.5, time=0.19913935661315918
02-06-2022 17:08:25|INFO|Is groups None: False 
02-06-2022 17:08:25|INFO|grid.best_params_={'C': 10000.0, 'gamma': 1e-05, 'kernel': 'rbf', 'max_iter': 1000}, grid.best_score_=0.6111111111111112, grid.best_index_=23, acc=0.5, time=0.2030344009399414
02-06-2022 17:08:25|INFO|Is groups None: False 
02-06-2022 17:08:25|INFO|grid.best_params_={'C': 1000000.0, 'gamma': 0.001, 'kernel': 'rbf', 'max_iter': 1000}, grid.best_score_=0.7777777777777778, grid.best_index_=31, acc=0.5, time=0.22009706497192383
02-06-2022 17:08:25|INFO|Is groups None: False 
02-06-2022 17:08:26|INFO|grid.best_params_={'C': 10000.0, 'gamma': 0.001, 'kernel': 'rbf', 'max_iter': 1000}, grid.best_score_=0.6944444444444444, grid.best_index_=24, acc=0.75, time=0.2052304744720459
02-06-2022 17:08:26|INFO|Is groups None: False 
02-06-2022 17:08:26|INFO|grid.best_params_={'C': 1000000.0, 'gamma': 1e-05, 'kernel': 'rbf', 'max_iter': 1000}, grid.best_score_=0.6388888888888888, grid.best_index_=30, acc=0.75, time=0.21245789527893066
02-06-2022 17:08:26|INFO|Is groups None: False 
02-06-2022 17:08:26|INFO|grid.best_params_={'C': 10000.0, 'gamma': 0.001, 'kernel': 'rbf', 'max_iter': 1000}, grid.best_score_=0.75, grid.best_index_=24, acc=0.0, time=0.20489883422851562
02-06-2022 17:08:26|INFO|Is groups None: False 
02-06-2022 17:08:26|INFO|grid.best_params_={'C': 10000.0, 'gamma': 0.001, 'kernel': 'rbf', 'max_iter': 1000}, grid.best_score_=0.6666666666666666, grid.best_index_=24, acc=0.75, time=0.20826506614685059
02-06-2022 17:08:26|INFO|s26|10-CV=0.60000|STD=0.22913|Time spend=2.5482256412506104
02-06-2022 17:08:27|INFO|Running Segment-First
02-06-2022 17:08:27|INFO|X.shape=(40, 14), y.shape=(40,), groups.shape=(40,)
02-06-2022 17:08:27|INFO|Is groups None: False 
02-06-2022 17:08:27|INFO|grid.best_params_={'C': 100.0, 'gamma': 0.001, 'kernel': 'rbf', 'max_iter': 1000}, grid.best_score_=0.7777777777777778, grid.best_index_=17, acc=0.25, time=0.2559678554534912
02-06-2022 17:08:27|INFO|Is groups None: False 
02-06-2022 17:08:27|INFO|grid.best_params_={'C': 10000.0, 'gamma': 0.001, 'kernel': 'rbf', 'max_iter': 1000}, grid.best_score_=0.7777777777777778, grid.best_index_=24, acc=0.5, time=0.20963597297668457
02-06-2022 17:08:27|INFO|Is groups None: False 
02-06-2022 17:08:27|INFO|grid.best_params_={'C': 10000.0, 'gamma': 0.001, 'kernel': 'rbf', 'max_iter': 1000}, grid.best_score_=0.75, grid.best_index_=24, acc=1.0, time=0.21423053741455078
02-06-2022 17:08:27|INFO|Is groups None: False 
02-06-2022 17:08:28|INFO|grid.best_params_={'C': 100.0, 'gamma': 0.001, 'kernel': 'rbf', 'max_iter': 1000}, grid.best_score_=0.6944444444444444, grid.best_index_=17, acc=0.75, time=0.19654512405395508
02-06-2022 17:08:28|INFO|Is groups None: False 
02-06-2022 17:08:28|INFO|grid.best_params_={'C': 100000000.0, 'gamma': 1e-07, 'kernel': 'rbf', 'max_iter': 1000}, grid.best_score_=0.8055555555555556, grid.best_index_=36, acc=0.75, time=0.20171809196472168
02-06-2022 17:08:28|INFO|Is groups None: False 
02-06-2022 17:08:28|INFO|grid.best_params_={'C': 100000000.0, 'gamma': 1e-09, 'kernel': 'rbf', 'max_iter': 1000}, grid.best_score_=0.8055555555555556, grid.best_index_=35, acc=0.5, time=0.22255229949951172
02-06-2022 17:08:28|INFO|Is groups None: False 
02-06-2022 17:08:28|INFO|grid.best_params_={'C': 10000000000.0, 'gamma': 1e-09, 'kernel': 'rbf', 'max_iter': 1000}, grid.best_score_=0.7222222222222222, grid.best_index_=42, acc=0.5, time=0.20792293548583984
02-06-2022 17:08:28|INFO|Is groups None: False 
02-06-2022 17:08:28|INFO|grid.best_params_={'C': 1000000.0, 'gamma': 1e-05, 'kernel': 'rbf', 'max_iter': 1000}, grid.best_score_=0.75, grid.best_index_=30, acc=0.5, time=0.2116258144378662
02-06-2022 17:08:28|INFO|Is groups None: False 
02-06-2022 17:08:29|INFO|grid.best_params_={'C': 100.0, 'gamma': 0.1, 'kernel': 'rbf', 'max_iter': 1000}, grid.best_score_=0.7222222222222222, grid.best_index_=18, acc=0.5, time=0.20808649063110352
02-06-2022 17:08:29|INFO|Is groups None: False 
02-06-2022 17:08:29|INFO|grid.best_params_={'C': 100000000.0, 'gamma': 1e-07, 'kernel': 'rbf', 'max_iter': 1000}, grid.best_score_=0.7222222222222222, grid.best_index_=36, acc=0.75, time=0.3580811023712158
02-06-2022 17:08:29|INFO|s27|10-CV=0.60000|STD=0.20000|Time spend=2.657825231552124
02-06-2022 17:08:29|INFO|Running Segment-First
02-06-2022 17:08:29|INFO|X.shape=(40, 14), y.shape=(40,), groups.shape=(40,)
02-06-2022 17:08:29|INFO|Is groups None: False 
02-06-2022 17:08:30|INFO|grid.best_params_={'C': 100000000.0, 'gamma': 1e-05, 'kernel': 'rbf', 'max_iter': 1000}, grid.best_score_=0.6388888888888888, grid.best_index_=37, acc=0.5, time=0.28215932846069336
02-06-2022 17:08:30|INFO|Is groups None: False 
02-06-2022 17:08:30|INFO|grid.best_params_={'C': 1000000.0, 'gamma': 1e-07, 'kernel': 'rbf', 'max_iter': 1000}, grid.best_score_=0.5833333333333334, grid.best_index_=29, acc=0.25, time=0.21408605575561523
02-06-2022 17:08:30|INFO|Is groups None: False 
02-06-2022 17:08:30|INFO|grid.best_params_={'C': 100000000.0, 'gamma': 1e-05, 'kernel': 'rbf', 'max_iter': 1000}, grid.best_score_=0.6111111111111112, grid.best_index_=37, acc=0.75, time=0.2075028419494629
02-06-2022 17:08:30|INFO|Is groups None: False 
02-06-2022 17:08:30|INFO|grid.best_params_={'C': 1000000.0, 'gamma': 1e-05, 'kernel': 'rbf', 'max_iter': 1000}, grid.best_score_=0.6111111111111112, grid.best_index_=30, acc=0.5, time=0.23191428184509277
02-06-2022 17:08:30|INFO|Is groups None: False 
02-06-2022 17:08:30|INFO|grid.best_params_={'C': 1000000.0, 'gamma': 0.001, 'kernel': 'rbf', 'max_iter': 1000}, grid.best_score_=0.6111111111111112, grid.best_index_=31, acc=0.5, time=0.26975488662719727
02-06-2022 17:08:30|INFO|Is groups None: False 
02-06-2022 17:08:31|INFO|grid.best_params_={'C': 100000000.0, 'gamma': 1e-05, 'kernel': 'rbf', 'max_iter': 1000}, grid.best_score_=0.5833333333333334, grid.best_index_=37, acc=0.5, time=0.21147656440734863
02-06-2022 17:08:31|INFO|Is groups None: False 
02-06-2022 17:08:31|INFO|grid.best_params_={'C': 1000000.0, 'gamma': 1e-05, 'kernel': 'rbf', 'max_iter': 1000}, grid.best_score_=0.5833333333333334, grid.best_index_=30, acc=1.0, time=0.2051084041595459
02-06-2022 17:08:31|INFO|Is groups None: False 
02-06-2022 17:08:31|INFO|grid.best_params_={'C': 1000000.0, 'gamma': 0.001, 'kernel': 'rbf', 'max_iter': 1000}, grid.best_score_=0.6388888888888888, grid.best_index_=31, acc=0.5, time=0.2085568904876709
02-06-2022 17:08:31|INFO|Is groups None: False 
02-06-2022 17:08:31|INFO|grid.best_params_={'C': 100000000.0, 'gamma': 1e-07, 'kernel': 'rbf', 'max_iter': 1000}, grid.best_score_=0.6462962962962963, grid.best_index_=36, acc=0.0, time=0.21515345573425293
02-06-2022 17:08:31|INFO|Is groups None: False 
02-06-2022 17:08:32|INFO|grid.best_params_={'C': 100000000.0, 'gamma': 1e-05, 'kernel': 'rbf', 'max_iter': 1000}, grid.best_score_=0.6944444444444444, grid.best_index_=37, acc=0.75, time=0.2012484073638916
02-06-2022 17:08:32|INFO|s28|10-CV=0.52500|STD=0.26101|Time spend=2.606722116470337
02-06-2022 17:08:32|INFO|Running Segment-First
02-06-2022 17:08:32|INFO|X.shape=(40, 14), y.shape=(40,), groups.shape=(40,)
02-06-2022 17:08:32|INFO|Is groups None: False 
02-06-2022 17:08:32|INFO|grid.best_params_={'C': 100.0, 'gamma': 0.001, 'kernel': 'rbf', 'max_iter': 1000}, grid.best_score_=0.7222222222222222, grid.best_index_=17, acc=0.25, time=0.23659372329711914
02-06-2022 17:08:32|INFO|Is groups None: False 
02-06-2022 17:08:32|INFO|grid.best_params_={'C': 10000000000.0, 'gamma': 1e-07, 'kernel': 'rbf', 'max_iter': 1000}, grid.best_score_=0.6388888888888888, grid.best_index_=43, acc=1.0, time=0.22404837608337402
02-06-2022 17:08:32|INFO|Is groups None: False 
02-06-2022 17:08:33|INFO|grid.best_params_={'C': 0.01, 'gamma': 1e-09, 'kernel': 'rbf', 'max_iter': 1000}, grid.best_score_=0.6111111111111112, grid.best_index_=0, acc=0.75, time=0.21407055854797363
02-06-2022 17:08:33|INFO|Is groups None: False 
02-06-2022 17:08:33|INFO|grid.best_params_={'C': 1000000.0, 'gamma': 0.001, 'kernel': 'rbf', 'max_iter': 1000}, grid.best_score_=0.6944444444444444, grid.best_index_=31, acc=0.75, time=0.20595955848693848
02-06-2022 17:08:33|INFO|Is groups None: False 
02-06-2022 17:08:33|INFO|grid.best_params_={'C': 100000000.0, 'gamma': 1e-05, 'kernel': 'rbf', 'max_iter': 1000}, grid.best_score_=0.7222222222222222, grid.best_index_=37, acc=0.5, time=0.19833016395568848
02-06-2022 17:08:33|INFO|Is groups None: False 
02-06-2022 17:08:33|INFO|grid.best_params_={'C': 100000000.0, 'gamma': 1e-09, 'kernel': 'rbf', 'max_iter': 1000}, grid.best_score_=0.6944444444444444, grid.best_index_=35, acc=0.5, time=0.20639491081237793
02-06-2022 17:08:33|INFO|Is groups None: False 
02-06-2022 17:08:33|INFO|grid.best_params_={'C': 100.0, 'gamma': 0.001, 'kernel': 'rbf', 'max_iter': 1000}, grid.best_score_=0.7222222222222222, grid.best_index_=17, acc=0.25, time=0.21397042274475098
02-06-2022 17:08:33|INFO|Is groups None: False 
02-06-2022 17:08:34|INFO|grid.best_params_={'C': 1.0, 'gamma': 0.1, 'kernel': 'rbf', 'max_iter': 1000}, grid.best_score_=0.7222222222222222, grid.best_index_=11, acc=0.5, time=0.2990109920501709
02-06-2022 17:08:34|INFO|Is groups None: False 
02-06-2022 17:08:34|INFO|grid.best_params_={'C': 1.0, 'gamma': 0.1, 'kernel': 'rbf', 'max_iter': 1000}, grid.best_score_=0.6388888888888888, grid.best_index_=11, acc=0.75, time=0.21837449073791504
02-06-2022 17:08:34|INFO|Is groups None: False 
02-06-2022 17:08:34|INFO|grid.best_params_={'C': 100000000.0, 'gamma': 1e-07, 'kernel': 'rbf', 'max_iter': 1000}, grid.best_score_=0.6944444444444444, grid.best_index_=36, acc=0.25, time=0.20917248725891113
02-06-2022 17:08:34|INFO|s29|10-CV=0.55000|STD=0.24495|Time spend=2.6103148460388184
02-06-2022 17:08:34|INFO|Running Segment-First
02-06-2022 17:08:34|INFO|X.shape=(40, 14), y.shape=(40,), groups.shape=(40,)
02-06-2022 17:08:34|INFO|Is groups None: False 
02-06-2022 17:08:35|INFO|grid.best_params_={'C': 10000.0, 'gamma': 0.001, 'kernel': 'rbf', 'max_iter': 1000}, grid.best_score_=0.8333333333333334, grid.best_index_=24, acc=0.25, time=0.2511255741119385
02-06-2022 17:08:35|INFO|Is groups None: False 
02-06-2022 17:08:35|INFO|grid.best_params_={'C': 1000000.0, 'gamma': 1e-05, 'kernel': 'rbf', 'max_iter': 1000}, grid.best_score_=0.7222222222222222, grid.best_index_=30, acc=1.0, time=0.21459507942199707
02-06-2022 17:08:35|INFO|Is groups None: False 
02-06-2022 17:08:35|INFO|grid.best_params_={'C': 100000000.0, 'gamma': 1e-07, 'kernel': 'rbf', 'max_iter': 1000}, grid.best_score_=0.7222222222222222, grid.best_index_=36, acc=1.0, time=0.21175026893615723
02-06-2022 17:08:35|INFO|Is groups None: False 
02-06-2022 17:08:35|INFO|grid.best_params_={'C': 100000000.0, 'gamma': 1e-07, 'kernel': 'rbf', 'max_iter': 1000}, grid.best_score_=0.7777777777777778, grid.best_index_=36, acc=0.75, time=0.20557713508605957
02-06-2022 17:08:35|INFO|Is groups None: False 
02-06-2022 17:08:36|INFO|grid.best_params_={'C': 1000000.0, 'gamma': 1e-05, 'kernel': 'rbf', 'max_iter': 1000}, grid.best_score_=0.7222222222222222, grid.best_index_=30, acc=0.75, time=0.1979990005493164
02-06-2022 17:08:36|INFO|Is groups None: False 
02-06-2022 17:08:36|INFO|grid.best_params_={'C': 10000000000.0, 'gamma': 1e-09, 'kernel': 'rbf', 'max_iter': 1000}, grid.best_score_=0.75, grid.best_index_=42, acc=0.5, time=0.22497105598449707
02-06-2022 17:08:36|INFO|Is groups None: False 
02-06-2022 17:08:36|INFO|grid.best_params_={'C': 10000.0, 'gamma': 0.001, 'kernel': 'rbf', 'max_iter': 1000}, grid.best_score_=0.6944444444444444, grid.best_index_=24, acc=0.5, time=0.20473241806030273
02-06-2022 17:08:36|INFO|Is groups None: False 
02-06-2022 17:08:36|INFO|grid.best_params_={'C': 1000000.0, 'gamma': 1e-05, 'kernel': 'rbf', 'max_iter': 1000}, grid.best_score_=0.7222222222222222, grid.best_index_=30, acc=0.75, time=0.20221185684204102
02-06-2022 17:08:36|INFO|Is groups None: False 
02-06-2022 17:08:36|INFO|grid.best_params_={'C': 100000000.0, 'gamma': 1e-05, 'kernel': 'rbf', 'max_iter': 1000}, grid.best_score_=0.7777777777777778, grid.best_index_=37, acc=0.75, time=0.211320161819458
02-06-2022 17:08:36|INFO|Is groups None: False 
02-06-2022 17:08:37|INFO|grid.best_params_={'C': 1000000.0, 'gamma': 1e-07, 'kernel': 'rbf', 'max_iter': 1000}, grid.best_score_=0.7222222222222222, grid.best_index_=29, acc=0.75, time=0.2763524055480957
02-06-2022 17:08:37|INFO|s30|10-CV=0.70000|STD=0.21794|Time spend=2.567431688308716
02-06-2022 17:08:37|INFO|Running Segment-First
02-06-2022 17:08:37|INFO|X.shape=(40, 14), y.shape=(40,), groups.shape=(40,)
02-06-2022 17:08:37|INFO|Is groups None: False 
02-06-2022 17:08:37|INFO|grid.best_params_={'C': 1000000.0, 'gamma': 1e-07, 'kernel': 'rbf', 'max_iter': 1000}, grid.best_score_=0.7222222222222222, grid.best_index_=29, acc=0.5, time=0.28222203254699707
02-06-2022 17:08:37|INFO|Is groups None: False 
02-06-2022 17:08:38|INFO|grid.best_params_={'C': 100.0, 'gamma': 0.001, 'kernel': 'rbf', 'max_iter': 1000}, grid.best_score_=0.8055555555555556, grid.best_index_=17, acc=0.75, time=0.2232813835144043
02-06-2022 17:08:38|INFO|Is groups None: False 
02-06-2022 17:08:38|INFO|grid.best_params_={'C': 10000.0, 'gamma': 1e-05, 'kernel': 'rbf', 'max_iter': 1000}, grid.best_score_=0.7222222222222222, grid.best_index_=23, acc=1.0, time=0.20741009712219238
02-06-2022 17:08:38|INFO|Is groups None: False 
02-06-2022 17:08:38|INFO|grid.best_params_={'C': 100.0, 'gamma': 0.001, 'kernel': 'rbf', 'max_iter': 1000}, grid.best_score_=0.75, grid.best_index_=17, acc=0.5, time=0.2017805576324463
02-06-2022 17:08:38|INFO|Is groups None: False 
02-06-2022 17:08:38|INFO|grid.best_params_={'C': 100.0, 'gamma': 0.001, 'kernel': 'rbf', 'max_iter': 1000}, grid.best_score_=0.7222222222222222, grid.best_index_=17, acc=0.75, time=0.2029416561126709
02-06-2022 17:08:38|INFO|Is groups None: False 
02-06-2022 17:08:38|INFO|grid.best_params_={'C': 10000.0, 'gamma': 1e-05, 'kernel': 'rbf', 'max_iter': 1000}, grid.best_score_=0.7129629629629629, grid.best_index_=23, acc=1.0, time=0.21429681777954102
02-06-2022 17:08:38|INFO|Is groups None: False 
02-06-2022 17:08:39|INFO|grid.best_params_={'C': 100.0, 'gamma': 0.001, 'kernel': 'rbf', 'max_iter': 1000}, grid.best_score_=0.7777777777777778, grid.best_index_=17, acc=0.75, time=0.20422077178955078
02-06-2022 17:08:39|INFO|Is groups None: False 
02-06-2022 17:08:39|INFO|grid.best_params_={'C': 1000000.0, 'gamma': 1e-07, 'kernel': 'rbf', 'max_iter': 1000}, grid.best_score_=0.75, grid.best_index_=29, acc=0.5, time=0.20116424560546875
02-06-2022 17:08:39|INFO|Is groups None: False 
02-06-2022 17:08:39|INFO|grid.best_params_={'C': 100.0, 'gamma': 0.001, 'kernel': 'rbf', 'max_iter': 1000}, grid.best_score_=0.7777777777777778, grid.best_index_=17, acc=0.5, time=0.2365262508392334
02-06-2022 17:08:39|INFO|Is groups None: False 
02-06-2022 17:08:39|INFO|grid.best_params_={'C': 1.0, 'gamma': 0.1, 'kernel': 'rbf', 'max_iter': 1000}, grid.best_score_=0.75, grid.best_index_=11, acc=0.75, time=0.21730637550354004
02-06-2022 17:08:39|INFO|s31|10-CV=0.70000|STD=0.18708|Time spend=2.565220832824707
02-06-2022 17:08:40|INFO|Running Segment-First
02-06-2022 17:08:40|INFO|X.shape=(40, 14), y.shape=(40,), groups.shape=(40,)
02-06-2022 17:08:40|INFO|Is groups None: False 
02-06-2022 17:08:40|INFO|grid.best_params_={'C': 100.0, 'gamma': 0.1, 'kernel': 'rbf', 'max_iter': 1000}, grid.best_score_=0.75, grid.best_index_=18, acc=0.25, time=0.2961142063140869
02-06-2022 17:08:40|INFO|Is groups None: False 
02-06-2022 17:08:40|INFO|grid.best_params_={'C': 0.01, 'gamma': 1e-09, 'kernel': 'rbf', 'max_iter': 1000}, grid.best_score_=0.6944444444444444, grid.best_index_=0, acc=0.5, time=0.21994423866271973
02-06-2022 17:08:40|INFO|Is groups None: False 
02-06-2022 17:08:40|INFO|grid.best_params_={'C': 0.01, 'gamma': 1e-09, 'kernel': 'rbf', 'max_iter': 1000}, grid.best_score_=0.6666666666666666, grid.best_index_=0, acc=0.75, time=0.21266651153564453
02-06-2022 17:08:40|INFO|Is groups None: False 
02-06-2022 17:08:41|INFO|grid.best_params_={'C': 0.01, 'gamma': 1e-09, 'kernel': 'rbf', 'max_iter': 1000}, grid.best_score_=0.6666666666666666, grid.best_index_=0, acc=0.75, time=0.20961546897888184
02-06-2022 17:08:41|INFO|Is groups None: False 
02-06-2022 17:08:41|INFO|grid.best_params_={'C': 0.01, 'gamma': 1e-09, 'kernel': 'rbf', 'max_iter': 1000}, grid.best_score_=0.6666666666666666, grid.best_index_=0, acc=0.75, time=0.20215988159179688
02-06-2022 17:08:41|INFO|Is groups None: False 
02-06-2022 17:08:41|INFO|grid.best_params_={'C': 0.01, 'gamma': 1e-09, 'kernel': 'rbf', 'max_iter': 1000}, grid.best_score_=0.6666666666666666, grid.best_index_=0, acc=0.75, time=0.2084026336669922
02-06-2022 17:08:41|INFO|Is groups None: False 
02-06-2022 17:08:41|INFO|grid.best_params_={'C': 100.0, 'gamma': 0.1, 'kernel': 'rbf', 'max_iter': 1000}, grid.best_score_=0.7222222222222222, grid.best_index_=18, acc=0.5, time=0.21895933151245117
02-06-2022 17:08:41|INFO|Is groups None: False 
02-06-2022 17:08:41|INFO|grid.best_params_={'C': 100.0, 'gamma': 0.1, 'kernel': 'rbf', 'max_iter': 1000}, grid.best_score_=0.6944444444444444, grid.best_index_=18, acc=0.5, time=0.21336627006530762
02-06-2022 17:08:41|INFO|Is groups None: False 
02-06-2022 17:08:42|INFO|grid.best_params_={'C': 0.01, 'gamma': 1e-09, 'kernel': 'rbf', 'max_iter': 1000}, grid.best_score_=0.6666666666666666, grid.best_index_=0, acc=0.75, time=0.20937728881835938
02-06-2022 17:08:42|INFO|Is groups None: False 
02-06-2022 17:08:42|INFO|grid.best_params_={'C': 0.01, 'gamma': 1e-09, 'kernel': 'rbf', 'max_iter': 1000}, grid.best_score_=0.6944444444444444, grid.best_index_=0, acc=0.5, time=0.20632553100585938
02-06-2022 17:08:42|INFO|s32|10-CV=0.60000|STD=0.16583|Time spend=2.580763578414917
02-06-2022 17:08:42|INFO|final|10-CV=0.63130|STD=0.05633
