02-06-2022 18:03:49|INFO|
    Running Command: 
        python3 main-ml.py --subject_setup dependent --experimental_setup trial --stimuli_class valence --preprocessing RASM --segment_lenght 12 --output_log ./output/dependent-trial-valence-RASM-12.log
    Starting training:
        segment_lenght:  12
        output_log:      ./output/dependent-trial-valence-RASM-12.log
        stimuli_class:   valence
        preprocessing:   RASM
        subject_setup:   dependent
        experimental_setup: trial
    
02-06-2022 18:03:55|INFO|Running Segment-First
02-06-2022 18:03:55|INFO|X.shape=(200, 14), y.shape=(200,), groups.shape=(200,)
02-06-2022 18:03:55|INFO|Is groups None: False 
02-06-2022 18:04:16|INFO|grid.best_params_={'C': 10000.0, 'gamma': 0.001, 'kernel': 'rbf', 'max_iter': 1000}, grid.best_score_=0.5555555555555556, grid.best_index_=24, acc=0.4, time=20.32964777946472
02-06-2022 18:04:16|INFO|Is groups None: False 
02-06-2022 18:04:16|INFO|grid.best_params_={'C': 0.01, 'gamma': 10.0, 'kernel': 'rbf', 'max_iter': 1000}, grid.best_score_=0.5314814814814814, grid.best_index_=5, acc=0.5, time=0.396984338760376
02-06-2022 18:04:16|INFO|Is groups None: False 
02-06-2022 18:04:16|INFO|grid.best_params_={'C': 10000.0, 'gamma': 0.001, 'kernel': 'rbf', 'max_iter': 1000}, grid.best_score_=0.5388888888888889, grid.best_index_=24, acc=0.7, time=0.30902695655822754
02-06-2022 18:04:16|INFO|Is groups None: False 
02-06-2022 18:04:17|INFO|grid.best_params_={'C': 0.01, 'gamma': 10.0, 'kernel': 'rbf', 'max_iter': 1000}, grid.best_score_=0.5314814814814814, grid.best_index_=5, acc=0.5, time=0.29407525062561035
02-06-2022 18:04:17|INFO|Is groups None: False 
02-06-2022 18:04:43|INFO|grid.best_params_={'C': 0.01, 'gamma': 10.0, 'kernel': 'rbf', 'max_iter': 1000}, grid.best_score_=0.5314814814814814, grid.best_index_=5, acc=0.5, time=26.028781175613403
02-06-2022 18:04:43|INFO|Is groups None: False 
02-06-2022 18:04:43|INFO|grid.best_params_={'C': 1000000.0, 'gamma': 1e-05, 'kernel': 'rbf', 'max_iter': 1000}, grid.best_score_=0.55, grid.best_index_=30, acc=0.6, time=0.381300687789917
02-06-2022 18:04:43|INFO|Is groups None: False 
02-06-2022 18:04:43|INFO|grid.best_params_={'C': 100000000.0, 'gamma': 1e-05, 'kernel': 'rbf', 'max_iter': 1000}, grid.best_score_=0.5333333333333334, grid.best_index_=37, acc=0.5, time=0.281538724899292
02-06-2022 18:04:43|INFO|Is groups None: False 
02-06-2022 18:04:44|INFO|grid.best_params_={'C': 1000000.0, 'gamma': 0.001, 'kernel': 'rbf', 'max_iter': 1000}, grid.best_score_=0.48888888888888893, grid.best_index_=31, acc=0.45, time=0.3075244426727295
02-06-2022 18:04:44|INFO|Is groups None: False 
02-06-2022 18:04:44|INFO|grid.best_params_={'C': 100.0, 'gamma': 10.0, 'kernel': 'rbf', 'max_iter': 1000}, grid.best_score_=0.5333333333333333, grid.best_index_=19, acc=0.5, time=0.29068589210510254
02-06-2022 18:04:44|INFO|Is groups None: False 
02-06-2022 18:04:44|INFO|grid.best_params_={'C': 1000000.0, 'gamma': 0.001, 'kernel': 'rbf', 'max_iter': 1000}, grid.best_score_=0.5507407407407406, grid.best_index_=31, acc=0.5, time=0.3686642646789551
02-06-2022 18:04:44|INFO|s01|10-CV=0.51500|STD=0.07762|Time spend=55.080578327178955
02-06-2022 18:04:45|INFO|Running Segment-First
02-06-2022 18:04:45|INFO|X.shape=(200, 14), y.shape=(200,), groups.shape=(200,)
02-06-2022 18:04:45|INFO|Is groups None: False 
02-06-2022 18:04:45|INFO|grid.best_params_={'C': 1000000.0, 'gamma': 1e-07, 'kernel': 'rbf', 'max_iter': 1000}, grid.best_score_=0.6888888888888889, grid.best_index_=29, acc=0.65, time=0.3970916271209717
02-06-2022 18:04:45|INFO|Is groups None: False 
02-06-2022 18:04:46|INFO|grid.best_params_={'C': 10000.0, 'gamma': 1e-05, 'kernel': 'rbf', 'max_iter': 1000}, grid.best_score_=0.6666666666666666, grid.best_index_=23, acc=0.75, time=0.29247140884399414
02-06-2022 18:04:46|INFO|Is groups None: False 
02-06-2022 18:04:46|INFO|grid.best_params_={'C': 100.0, 'gamma': 0.001, 'kernel': 'rbf', 'max_iter': 1000}, grid.best_score_=0.6388888888888888, grid.best_index_=17, acc=0.9, time=0.27114415168762207
02-06-2022 18:04:46|INFO|Is groups None: False 
02-06-2022 18:04:46|INFO|grid.best_params_={'C': 10000000000.0, 'gamma': 1e-07, 'kernel': 'rbf', 'max_iter': 1000}, grid.best_score_=0.7222222222222223, grid.best_index_=43, acc=0.5, time=0.4145379066467285
02-06-2022 18:04:46|INFO|Is groups None: False 
02-06-2022 18:04:47|INFO|grid.best_params_={'C': 1000000.0, 'gamma': 1e-07, 'kernel': 'rbf', 'max_iter': 1000}, grid.best_score_=0.6388888888888888, grid.best_index_=29, acc=0.65, time=0.30454039573669434
02-06-2022 18:04:47|INFO|Is groups None: False 
02-06-2022 18:04:47|INFO|grid.best_params_={'C': 1000000.0, 'gamma': 1e-07, 'kernel': 'rbf', 'max_iter': 1000}, grid.best_score_=0.6533333333333334, grid.best_index_=29, acc=0.65, time=0.3646066188812256
02-06-2022 18:04:47|INFO|Is groups None: False 
02-06-2022 18:04:47|INFO|grid.best_params_={'C': 10000.0, 'gamma': 1e-05, 'kernel': 'rbf', 'max_iter': 1000}, grid.best_score_=0.6555555555555554, grid.best_index_=23, acc=0.6, time=0.2899291515350342
02-06-2022 18:04:47|INFO|Is groups None: False 
02-06-2022 18:04:48|INFO|grid.best_params_={'C': 10000000000.0, 'gamma': 1e-07, 'kernel': 'rbf', 'max_iter': 1000}, grid.best_score_=0.6166666666666666, grid.best_index_=43, acc=0.9, time=0.2801361083984375
02-06-2022 18:04:48|INFO|Is groups None: False 
02-06-2022 18:04:48|INFO|grid.best_params_={'C': 100000000.0, 'gamma': 1e-07, 'kernel': 'rbf', 'max_iter': 1000}, grid.best_score_=0.661111111111111, grid.best_index_=36, acc=0.7, time=0.3345818519592285
02-06-2022 18:04:48|INFO|Is groups None: False 
02-06-2022 18:04:48|INFO|grid.best_params_={'C': 100.0, 'gamma': 0.001, 'kernel': 'rbf', 'max_iter': 1000}, grid.best_score_=0.7, grid.best_index_=17, acc=0.35, time=0.27875351905822754
02-06-2022 18:04:48|INFO|s02|10-CV=0.66500|STD=0.15819|Time spend=3.7400736808776855
02-06-2022 18:04:49|INFO|Running Segment-First
02-06-2022 18:04:49|INFO|X.shape=(200, 14), y.shape=(200,), groups.shape=(200,)
02-06-2022 18:04:49|INFO|Is groups None: False 
02-06-2022 18:04:49|INFO|grid.best_params_={'C': 100.0, 'gamma': 0.001, 'kernel': 'rbf', 'max_iter': 1000}, grid.best_score_=0.588888888888889, grid.best_index_=17, acc=0.7, time=0.44281435012817383
02-06-2022 18:04:49|INFO|Is groups None: False 
02-06-2022 18:04:49|INFO|grid.best_params_={'C': 100.0, 'gamma': 0.1, 'kernel': 'rbf', 'max_iter': 1000}, grid.best_score_=0.5833333333333334, grid.best_index_=18, acc=0.85, time=0.2873387336730957
02-06-2022 18:04:49|INFO|Is groups None: False 
02-06-2022 18:04:50|INFO|grid.best_params_={'C': 100.0, 'gamma': 0.1, 'kernel': 'rbf', 'max_iter': 1000}, grid.best_score_=0.6, grid.best_index_=18, acc=0.55, time=0.3334324359893799
02-06-2022 18:04:50|INFO|Is groups None: False 
02-06-2022 18:04:50|INFO|grid.best_params_={'C': 100.0, 'gamma': 0.1, 'kernel': 'rbf', 'max_iter': 1000}, grid.best_score_=0.6207407407407408, grid.best_index_=18, acc=0.35, time=0.30631399154663086
02-06-2022 18:04:50|INFO|Is groups None: False 
02-06-2022 18:04:50|INFO|grid.best_params_={'C': 1000000.0, 'gamma': 1e-05, 'kernel': 'rbf', 'max_iter': 1000}, grid.best_score_=0.6000000000000001, grid.best_index_=30, acc=0.45, time=0.2852823734283447
02-06-2022 18:04:50|INFO|Is groups None: False 
02-06-2022 18:04:51|INFO|grid.best_params_={'C': 100000000.0, 'gamma': 1e-07, 'kernel': 'rbf', 'max_iter': 1000}, grid.best_score_=0.6111111111111112, grid.best_index_=36, acc=0.45, time=0.3311469554901123
02-06-2022 18:04:51|INFO|Is groups None: False 
02-06-2022 18:04:51|INFO|grid.best_params_={'C': 100000000.0, 'gamma': 1e-05, 'kernel': 'rbf', 'max_iter': 1000}, grid.best_score_=0.5833333333333334, grid.best_index_=37, acc=0.65, time=0.28516697883605957
02-06-2022 18:04:51|INFO|Is groups None: False 
02-06-2022 18:04:51|INFO|grid.best_params_={'C': 10000.0, 'gamma': 1e-05, 'kernel': 'rbf', 'max_iter': 1000}, grid.best_score_=0.6055555555555555, grid.best_index_=23, acc=0.55, time=0.3018498420715332
02-06-2022 18:04:51|INFO|Is groups None: False 
02-06-2022 18:04:52|INFO|grid.best_params_={'C': 100.0, 'gamma': 0.1, 'kernel': 'rbf', 'max_iter': 1000}, grid.best_score_=0.6055555555555555, grid.best_index_=18, acc=0.45, time=0.29082798957824707
02-06-2022 18:04:52|INFO|Is groups None: False 
02-06-2022 18:04:52|INFO|grid.best_params_={'C': 100000000.0, 'gamma': 1e-05, 'kernel': 'rbf', 'max_iter': 1000}, grid.best_score_=0.588888888888889, grid.best_index_=37, acc=0.55, time=0.4058496952056885
02-06-2022 18:04:52|INFO|s03|10-CV=0.55500|STD=0.13865|Time spend=3.7715048789978027
02-06-2022 18:04:52|INFO|Running Segment-First
02-06-2022 18:04:52|INFO|X.shape=(200, 14), y.shape=(200,), groups.shape=(200,)
02-06-2022 18:04:52|INFO|Is groups None: False 
02-06-2022 18:04:53|INFO|grid.best_params_={'C': 10000000000.0, 'gamma': 1e-07, 'kernel': 'rbf', 'max_iter': 1000}, grid.best_score_=0.6888888888888888, grid.best_index_=43, acc=0.7, time=0.35790324211120605
02-06-2022 18:04:53|INFO|Is groups None: False 
02-06-2022 18:04:53|INFO|grid.best_params_={'C': 100.0, 'gamma': 0.001, 'kernel': 'rbf', 'max_iter': 1000}, grid.best_score_=0.7222222222222222, grid.best_index_=17, acc=0.55, time=0.2857027053833008
02-06-2022 18:04:53|INFO|Is groups None: False 
02-06-2022 18:04:53|INFO|grid.best_params_={'C': 1000000.0, 'gamma': 1e-07, 'kernel': 'rbf', 'max_iter': 1000}, grid.best_score_=0.6555555555555556, grid.best_index_=29, acc=0.6, time=0.28093719482421875
02-06-2022 18:04:53|INFO|Is groups None: False 
02-06-2022 18:04:54|INFO|grid.best_params_={'C': 10000000000.0, 'gamma': 1e-07, 'kernel': 'rbf', 'max_iter': 1000}, grid.best_score_=0.7055555555555556, grid.best_index_=43, acc=0.6, time=0.3323392868041992
02-06-2022 18:04:54|INFO|Is groups None: False 
02-06-2022 18:04:54|INFO|grid.best_params_={'C': 10000000000.0, 'gamma': 1e-07, 'kernel': 'rbf', 'max_iter': 1000}, grid.best_score_=0.6722222222222222, grid.best_index_=43, acc=0.7, time=0.2937009334564209
02-06-2022 18:04:54|INFO|Is groups None: False 
02-06-2022 18:04:54|INFO|grid.best_params_={'C': 10000.0, 'gamma': 1e-05, 'kernel': 'rbf', 'max_iter': 1000}, grid.best_score_=0.6777777777777777, grid.best_index_=23, acc=0.6, time=0.29114723205566406
02-06-2022 18:04:54|INFO|Is groups None: False 
02-06-2022 18:04:55|INFO|grid.best_params_={'C': 100000000.0, 'gamma': 1e-07, 'kernel': 'rbf', 'max_iter': 1000}, grid.best_score_=0.6555555555555556, grid.best_index_=36, acc=0.75, time=0.3903625011444092
02-06-2022 18:04:55|INFO|Is groups None: False 
02-06-2022 18:04:55|INFO|grid.best_params_={'C': 10000.0, 'gamma': 1e-05, 'kernel': 'rbf', 'max_iter': 1000}, grid.best_score_=0.7000000000000001, grid.best_index_=23, acc=0.55, time=0.28305888175964355
02-06-2022 18:04:55|INFO|Is groups None: False 
02-06-2022 18:04:55|INFO|grid.best_params_={'C': 100.0, 'gamma': 0.001, 'kernel': 'rbf', 'max_iter': 1000}, grid.best_score_=0.7166666666666667, grid.best_index_=17, acc=0.6, time=0.28642940521240234
02-06-2022 18:04:55|INFO|Is groups None: False 
02-06-2022 18:04:56|INFO|grid.best_params_={'C': 100.0, 'gamma': 0.1, 'kernel': 'rbf', 'max_iter': 1000}, grid.best_score_=0.6555555555555556, grid.best_index_=18, acc=0.9, time=0.3119828701019287
02-06-2022 18:04:56|INFO|s04|10-CV=0.65500|STD=0.10356|Time spend=3.6448912620544434
02-06-2022 18:04:56|INFO|Running Segment-First
02-06-2022 18:04:56|INFO|X.shape=(200, 14), y.shape=(200,), groups.shape=(200,)
02-06-2022 18:04:56|INFO|Is groups None: False 
02-06-2022 18:04:57|INFO|grid.best_params_={'C': 1000000.0, 'gamma': 1e-05, 'kernel': 'rbf', 'max_iter': 1000}, grid.best_score_=0.6000000000000001, grid.best_index_=30, acc=0.55, time=0.46431922912597656
02-06-2022 18:04:57|INFO|Is groups None: False 
02-06-2022 18:04:57|INFO|grid.best_params_={'C': 100000000.0, 'gamma': 1e-09, 'kernel': 'rbf', 'max_iter': 1000}, grid.best_score_=0.6499999999999999, grid.best_index_=35, acc=0.5, time=0.29604363441467285
02-06-2022 18:04:57|INFO|Is groups None: False 
02-06-2022 18:04:57|INFO|grid.best_params_={'C': 100.0, 'gamma': 0.1, 'kernel': 'rbf', 'max_iter': 1000}, grid.best_score_=0.588888888888889, grid.best_index_=18, acc=0.4, time=0.2817826271057129
02-06-2022 18:04:57|INFO|Is groups None: False 
02-06-2022 18:04:57|INFO|grid.best_params_={'C': 0.01, 'gamma': 1e-09, 'kernel': 'rbf', 'max_iter': 1000}, grid.best_score_=0.6111111111111112, grid.best_index_=0, acc=0.5, time=0.2907071113586426
02-06-2022 18:04:57|INFO|Is groups None: False 
02-06-2022 18:04:58|INFO|grid.best_params_={'C': 100000000.0, 'gamma': 1e-05, 'kernel': 'rbf', 'max_iter': 1000}, grid.best_score_=0.6611111111111111, grid.best_index_=37, acc=0.5, time=0.31133008003234863
02-06-2022 18:04:58|INFO|Is groups None: False 
02-06-2022 18:04:58|INFO|grid.best_params_={'C': 10000.0, 'gamma': 0.001, 'kernel': 'rbf', 'max_iter': 1000}, grid.best_score_=0.6222222222222222, grid.best_index_=24, acc=0.5, time=0.2955589294433594
02-06-2022 18:04:58|INFO|Is groups None: False 
02-06-2022 18:04:58|INFO|grid.best_params_={'C': 1.0, 'gamma': 0.1, 'kernel': 'rbf', 'max_iter': 1000}, grid.best_score_=0.6000000000000001, grid.best_index_=11, acc=0.55, time=0.31930994987487793
02-06-2022 18:04:58|INFO|Is groups None: False 
02-06-2022 18:04:59|INFO|grid.best_params_={'C': 100000000.0, 'gamma': 1e-09, 'kernel': 'rbf', 'max_iter': 1000}, grid.best_score_=0.6166666666666667, grid.best_index_=35, acc=0.45, time=0.29474306106567383
02-06-2022 18:04:59|INFO|Is groups None: False 
02-06-2022 18:04:59|INFO|grid.best_params_={'C': 0.01, 'gamma': 1e-09, 'kernel': 'rbf', 'max_iter': 1000}, grid.best_score_=0.6111111111111112, grid.best_index_=0, acc=0.5, time=0.3072347640991211
02-06-2022 18:04:59|INFO|Is groups None: False 
02-06-2022 18:04:59|INFO|grid.best_params_={'C': 1000000.0, 'gamma': 1e-07, 'kernel': 'rbf', 'max_iter': 1000}, grid.best_score_=0.6, grid.best_index_=29, acc=0.5, time=0.2960953712463379
02-06-2022 18:04:59|INFO|s05|10-CV=0.49500|STD=0.04153|Time spend=3.718787908554077
02-06-2022 18:05:00|INFO|Running Segment-First
02-06-2022 18:05:00|INFO|X.shape=(200, 14), y.shape=(200,), groups.shape=(200,)
02-06-2022 18:05:00|INFO|Is groups None: False 
02-06-2022 18:05:00|INFO|grid.best_params_={'C': 0.01, 'gamma': 1e-09, 'kernel': 'rbf', 'max_iter': 1000}, grid.best_score_=0.75, grid.best_index_=0, acc=0.75, time=0.36565637588500977
02-06-2022 18:05:00|INFO|Is groups None: False 
02-06-2022 18:05:01|INFO|grid.best_params_={'C': 0.01, 'gamma': 1e-09, 'kernel': 'rbf', 'max_iter': 1000}, grid.best_score_=0.75, grid.best_index_=0, acc=0.75, time=0.2853274345397949
02-06-2022 18:05:01|INFO|Is groups None: False 
02-06-2022 18:05:01|INFO|grid.best_params_={'C': 0.01, 'gamma': 1e-09, 'kernel': 'rbf', 'max_iter': 1000}, grid.best_score_=0.75, grid.best_index_=0, acc=0.75, time=0.30571818351745605
02-06-2022 18:05:01|INFO|Is groups None: False 
02-06-2022 18:05:01|INFO|grid.best_params_={'C': 1000000.0, 'gamma': 1e-07, 'kernel': 'rbf', 'max_iter': 1000}, grid.best_score_=0.7555555555555555, grid.best_index_=29, acc=0.75, time=0.2750227451324463
02-06-2022 18:05:01|INFO|Is groups None: False 
02-06-2022 18:05:01|INFO|grid.best_params_={'C': 0.01, 'gamma': 1e-09, 'kernel': 'rbf', 'max_iter': 1000}, grid.best_score_=0.75, grid.best_index_=0, acc=0.75, time=0.2841644287109375
02-06-2022 18:05:01|INFO|Is groups None: False 
02-06-2022 18:05:02|INFO|grid.best_params_={'C': 0.01, 'gamma': 1e-09, 'kernel': 'rbf', 'max_iter': 1000}, grid.best_score_=0.75, grid.best_index_=0, acc=0.75, time=0.28275561332702637
02-06-2022 18:05:02|INFO|Is groups None: False 
02-06-2022 18:05:02|INFO|grid.best_params_={'C': 0.01, 'gamma': 1e-09, 'kernel': 'rbf', 'max_iter': 1000}, grid.best_score_=0.75, grid.best_index_=0, acc=0.75, time=0.36101317405700684
02-06-2022 18:05:02|INFO|Is groups None: False 
02-06-2022 18:05:02|INFO|grid.best_params_={'C': 0.01, 'gamma': 1e-09, 'kernel': 'rbf', 'max_iter': 1000}, grid.best_score_=0.75, grid.best_index_=0, acc=0.75, time=0.282351016998291
02-06-2022 18:05:02|INFO|Is groups None: False 
02-06-2022 18:05:03|INFO|grid.best_params_={'C': 1.0, 'gamma': 0.1, 'kernel': 'rbf', 'max_iter': 1000}, grid.best_score_=0.7555555555555555, grid.best_index_=11, acc=0.65, time=0.3556668758392334
02-06-2022 18:05:03|INFO|Is groups None: False 
02-06-2022 18:05:03|INFO|grid.best_params_={'C': 0.01, 'gamma': 1e-09, 'kernel': 'rbf', 'max_iter': 1000}, grid.best_score_=0.75, grid.best_index_=0, acc=0.75, time=0.29699063301086426
02-06-2022 18:05:03|INFO|s06|10-CV=0.74000|STD=0.03000|Time spend=3.64740252494812
02-06-2022 18:05:04|INFO|Running Segment-First
02-06-2022 18:05:04|INFO|X.shape=(200, 14), y.shape=(200,), groups.shape=(200,)
02-06-2022 18:05:04|INFO|Is groups None: False 
02-06-2022 18:05:04|INFO|grid.best_params_={'C': 0.01, 'gamma': 1e-09, 'kernel': 'rbf', 'max_iter': 1000}, grid.best_score_=0.6944444444444444, grid.best_index_=0, acc=0.75, time=0.4377124309539795
02-06-2022 18:05:04|INFO|Is groups None: False 
02-06-2022 18:05:04|INFO|grid.best_params_={'C': 0.01, 'gamma': 1e-09, 'kernel': 'rbf', 'max_iter': 1000}, grid.best_score_=0.7222222222222222, grid.best_index_=0, acc=0.5, time=0.28462982177734375
02-06-2022 18:05:04|INFO|Is groups None: False 
02-06-2022 18:05:05|INFO|grid.best_params_={'C': 0.01, 'gamma': 1e-09, 'kernel': 'rbf', 'max_iter': 1000}, grid.best_score_=0.6944444444444444, grid.best_index_=0, acc=0.75, time=0.26897668838500977
02-06-2022 18:05:05|INFO|Is groups None: False 
02-06-2022 18:05:05|INFO|grid.best_params_={'C': 1.0, 'gamma': 0.1, 'kernel': 'rbf', 'max_iter': 1000}, grid.best_score_=0.7277777777777777, grid.best_index_=11, acc=0.45, time=0.29780054092407227
02-06-2022 18:05:05|INFO|Is groups None: False 
02-06-2022 18:05:05|INFO|grid.best_params_={'C': 0.01, 'gamma': 1e-09, 'kernel': 'rbf', 'max_iter': 1000}, grid.best_score_=0.6944444444444444, grid.best_index_=0, acc=0.75, time=0.2968282699584961
02-06-2022 18:05:05|INFO|Is groups None: False 
02-06-2022 18:05:05|INFO|grid.best_params_={'C': 0.01, 'gamma': 1e-09, 'kernel': 'rbf', 'max_iter': 1000}, grid.best_score_=0.6944444444444444, grid.best_index_=0, acc=0.75, time=0.2991759777069092
02-06-2022 18:05:05|INFO|Is groups None: False 
02-06-2022 18:05:06|INFO|grid.best_params_={'C': 0.01, 'gamma': 1e-09, 'kernel': 'rbf', 'max_iter': 1000}, grid.best_score_=0.6944444444444444, grid.best_index_=0, acc=0.75, time=0.2921426296234131
02-06-2022 18:05:06|INFO|Is groups None: False 
02-06-2022 18:05:06|INFO|grid.best_params_={'C': 0.01, 'gamma': 1e-09, 'kernel': 'rbf', 'max_iter': 1000}, grid.best_score_=0.6944444444444444, grid.best_index_=0, acc=0.75, time=0.33410048484802246
02-06-2022 18:05:06|INFO|Is groups None: False 
02-06-2022 18:05:06|INFO|grid.best_params_={'C': 0.01, 'gamma': 1e-09, 'kernel': 'rbf', 'max_iter': 1000}, grid.best_score_=0.6944444444444444, grid.best_index_=0, acc=0.75, time=0.3032207489013672
02-06-2022 18:05:06|INFO|Is groups None: False 
02-06-2022 18:05:07|INFO|grid.best_params_={'C': 0.01, 'gamma': 1e-09, 'kernel': 'rbf', 'max_iter': 1000}, grid.best_score_=0.6944444444444444, grid.best_index_=0, acc=0.75, time=0.2901179790496826
02-06-2022 18:05:07|INFO|s07|10-CV=0.69500|STD=0.11057|Time spend=3.68139910697937
02-06-2022 18:05:07|INFO|Running Segment-First
02-06-2022 18:05:07|INFO|X.shape=(200, 14), y.shape=(200,), groups.shape=(200,)
02-06-2022 18:05:07|INFO|Is groups None: False 
02-06-2022 18:05:08|INFO|grid.best_params_={'C': 1000000.0, 'gamma': 0.001, 'kernel': 'rbf', 'max_iter': 1000}, grid.best_score_=0.6111111111111112, grid.best_index_=31, acc=0.7, time=0.454256534576416
02-06-2022 18:05:08|INFO|Is groups None: False 
02-06-2022 18:05:08|INFO|grid.best_params_={'C': 100000000.0, 'gamma': 1e-05, 'kernel': 'rbf', 'max_iter': 1000}, grid.best_score_=0.5833333333333334, grid.best_index_=37, acc=0.65, time=0.31317782402038574
02-06-2022 18:05:08|INFO|Is groups None: False 
02-06-2022 18:05:08|INFO|grid.best_params_={'C': 1000000.0, 'gamma': 1e-05, 'kernel': 'rbf', 'max_iter': 1000}, grid.best_score_=0.5833333333333335, grid.best_index_=30, acc=0.2, time=0.29555606842041016
02-06-2022 18:05:08|INFO|Is groups None: False 
02-06-2022 18:05:09|INFO|grid.best_params_={'C': 100000000.0, 'gamma': 1e-07, 'kernel': 'rbf', 'max_iter': 1000}, grid.best_score_=0.6111111111111112, grid.best_index_=36, acc=0.6, time=0.35785698890686035
02-06-2022 18:05:09|INFO|Is groups None: False 
02-06-2022 18:05:09|INFO|grid.best_params_={'C': 1000000.0, 'gamma': 1e-05, 'kernel': 'rbf', 'max_iter': 1000}, grid.best_score_=0.5666666666666667, grid.best_index_=30, acc=0.5, time=0.3046698570251465
02-06-2022 18:05:09|INFO|Is groups None: False 
02-06-2022 18:05:09|INFO|grid.best_params_={'C': 100.0, 'gamma': 0.1, 'kernel': 'rbf', 'max_iter': 1000}, grid.best_score_=0.5766666666666667, grid.best_index_=18, acc=0.45, time=0.2915835380554199
02-06-2022 18:05:09|INFO|Is groups None: False 
02-06-2022 18:05:10|INFO|grid.best_params_={'C': 1000000.0, 'gamma': 1e-07, 'kernel': 'rbf', 'max_iter': 1000}, grid.best_score_=0.5944444444444444, grid.best_index_=29, acc=0.55, time=0.3009352684020996
02-06-2022 18:05:10|INFO|Is groups None: False 
02-06-2022 18:05:10|INFO|grid.best_params_={'C': 100000000.0, 'gamma': 1e-05, 'kernel': 'rbf', 'max_iter': 1000}, grid.best_score_=0.5833333333333334, grid.best_index_=37, acc=0.7, time=0.3069603443145752
02-06-2022 18:05:10|INFO|Is groups None: False 
02-06-2022 18:05:10|INFO|grid.best_params_={'C': 10000.0, 'gamma': 0.001, 'kernel': 'rbf', 'max_iter': 1000}, grid.best_score_=0.5666666666666668, grid.best_index_=24, acc=0.3, time=0.34618663787841797
02-06-2022 18:05:10|INFO|Is groups None: False 
02-06-2022 18:05:11|INFO|grid.best_params_={'C': 1000000.0, 'gamma': 1e-05, 'kernel': 'rbf', 'max_iter': 1000}, grid.best_score_=0.5777777777777778, grid.best_index_=30, acc=0.6, time=0.3121225833892822
02-06-2022 18:05:11|INFO|s08|10-CV=0.52500|STD=0.15851|Time spend=3.92121958732605
02-06-2022 18:05:11|INFO|Running Segment-First
02-06-2022 18:05:11|INFO|X.shape=(200, 14), y.shape=(200,), groups.shape=(200,)
02-06-2022 18:05:11|INFO|Is groups None: False 
02-06-2022 18:05:11|INFO|grid.best_params_={'C': 100.0, 'gamma': 0.001, 'kernel': 'rbf', 'max_iter': 1000}, grid.best_score_=0.6722222222222222, grid.best_index_=17, acc=0.85, time=0.36663389205932617
02-06-2022 18:05:11|INFO|Is groups None: False 
02-06-2022 18:05:12|INFO|grid.best_params_={'C': 10000.0, 'gamma': 1e-05, 'kernel': 'rbf', 'max_iter': 1000}, grid.best_score_=0.6888888888888888, grid.best_index_=23, acc=0.85, time=0.2876622676849365
02-06-2022 18:05:12|INFO|Is groups None: False 
02-06-2022 18:05:12|INFO|grid.best_params_={'C': 10000.0, 'gamma': 1e-05, 'kernel': 'rbf', 'max_iter': 1000}, grid.best_score_=0.7333333333333334, grid.best_index_=23, acc=0.65, time=0.35223889350891113
02-06-2022 18:05:12|INFO|Is groups None: False 
02-06-2022 18:05:12|INFO|grid.best_params_={'C': 100000000.0, 'gamma': 1e-07, 'kernel': 'rbf', 'max_iter': 1000}, grid.best_score_=0.6944444444444445, grid.best_index_=36, acc=0.65, time=0.28130197525024414
02-06-2022 18:05:12|INFO|Is groups None: False 
02-06-2022 18:05:13|INFO|grid.best_params_={'C': 100.0, 'gamma': 0.001, 'kernel': 'rbf', 'max_iter': 1000}, grid.best_score_=0.6833333333333333, grid.best_index_=17, acc=0.7, time=0.36785292625427246
02-06-2022 18:05:13|INFO|Is groups None: False 
02-06-2022 18:05:13|INFO|grid.best_params_={'C': 100.0, 'gamma': 0.001, 'kernel': 'rbf', 'max_iter': 1000}, grid.best_score_=0.6666666666666667, grid.best_index_=17, acc=0.8, time=0.30573010444641113
02-06-2022 18:05:13|INFO|Is groups None: False 
02-06-2022 18:05:13|INFO|grid.best_params_={'C': 10000000000.0, 'gamma': 1e-07, 'kernel': 'rbf', 'max_iter': 1000}, grid.best_score_=0.75, grid.best_index_=43, acc=0.45, time=0.28826117515563965
02-06-2022 18:05:13|INFO|Is groups None: False 
02-06-2022 18:05:14|INFO|grid.best_params_={'C': 100.0, 'gamma': 0.001, 'kernel': 'rbf', 'max_iter': 1000}, grid.best_score_=0.7055555555555556, grid.best_index_=17, acc=0.65, time=0.2987849712371826
02-06-2022 18:05:14|INFO|Is groups None: False 
02-06-2022 18:05:14|INFO|grid.best_params_={'C': 10000.0, 'gamma': 1e-05, 'kernel': 'rbf', 'max_iter': 1000}, grid.best_score_=0.6722222222222223, grid.best_index_=23, acc=0.75, time=0.5044469833374023
02-06-2022 18:05:14|INFO|Is groups None: False 
02-06-2022 18:05:14|INFO|grid.best_params_={'C': 100.0, 'gamma': 0.001, 'kernel': 'rbf', 'max_iter': 1000}, grid.best_score_=0.7111111111111111, grid.best_index_=17, acc=0.55, time=0.2942218780517578
02-06-2022 18:05:15|INFO|s09|10-CV=0.69000|STD=0.12207|Time spend=3.896426200866699
02-06-2022 18:05:15|INFO|Running Segment-First
02-06-2022 18:05:15|INFO|X.shape=(200, 14), y.shape=(200,), groups.shape=(200,)
02-06-2022 18:05:15|INFO|Is groups None: False 
02-06-2022 18:05:15|INFO|grid.best_params_={'C': 1000000.0, 'gamma': 1e-07, 'kernel': 'rbf', 'max_iter': 1000}, grid.best_score_=0.7888888888888889, grid.best_index_=29, acc=0.55, time=0.3733179569244385
02-06-2022 18:05:15|INFO|Is groups None: False 
02-06-2022 18:05:16|INFO|grid.best_params_={'C': 1.0, 'gamma': 0.1, 'kernel': 'rbf', 'max_iter': 1000}, grid.best_score_=0.7388888888888889, grid.best_index_=11, acc=0.8, time=0.29938387870788574
02-06-2022 18:05:16|INFO|Is groups None: False 
02-06-2022 18:05:16|INFO|grid.best_params_={'C': 1.0, 'gamma': 0.1, 'kernel': 'rbf', 'max_iter': 1000}, grid.best_score_=0.7777777777777778, grid.best_index_=11, acc=0.55, time=0.29351234436035156
02-06-2022 18:05:16|INFO|Is groups None: False 
02-06-2022 18:05:16|INFO|grid.best_params_={'C': 10000.0, 'gamma': 1e-05, 'kernel': 'rbf', 'max_iter': 1000}, grid.best_score_=0.7777777777777778, grid.best_index_=23, acc=0.7, time=0.2931084632873535
02-06-2022 18:05:16|INFO|Is groups None: False 
02-06-2022 18:05:17|INFO|grid.best_params_={'C': 10000.0, 'gamma': 1e-05, 'kernel': 'rbf', 'max_iter': 1000}, grid.best_score_=0.7277777777777779, grid.best_index_=23, acc=1.0, time=0.2908937931060791
02-06-2022 18:05:17|INFO|Is groups None: False 
02-06-2022 18:05:17|INFO|grid.best_params_={'C': 10000.0, 'gamma': 1e-05, 'kernel': 'rbf', 'max_iter': 1000}, grid.best_score_=0.7500000000000001, grid.best_index_=23, acc=0.95, time=0.3459303379058838
02-06-2022 18:05:17|INFO|Is groups None: False 
02-06-2022 18:05:17|INFO|grid.best_params_={'C': 1000000.0, 'gamma': 1e-07, 'kernel': 'rbf', 'max_iter': 1000}, grid.best_score_=0.7722222222222223, grid.best_index_=29, acc=0.85, time=0.29415273666381836
02-06-2022 18:05:17|INFO|Is groups None: False 
02-06-2022 18:05:18|INFO|grid.best_params_={'C': 100.0, 'gamma': 0.001, 'kernel': 'rbf', 'max_iter': 1000}, grid.best_score_=0.7611111111111111, grid.best_index_=17, acc=0.75, time=0.31419825553894043
02-06-2022 18:05:18|INFO|Is groups None: False 
02-06-2022 18:05:18|INFO|grid.best_params_={'C': 10000.0, 'gamma': 1e-05, 'kernel': 'rbf', 'max_iter': 1000}, grid.best_score_=0.7444444444444444, grid.best_index_=23, acc=0.95, time=0.29633641242980957
02-06-2022 18:05:18|INFO|Is groups None: False 
02-06-2022 18:05:18|INFO|grid.best_params_={'C': 100.0, 'gamma': 0.001, 'kernel': 'rbf', 'max_iter': 1000}, grid.best_score_=0.8111111111111111, grid.best_index_=17, acc=0.5, time=0.2940399646759033
02-06-2022 18:05:18|INFO|s10|10-CV=0.76000|STD=0.17292|Time spend=3.639030933380127
02-06-2022 18:05:19|INFO|Running Segment-First
02-06-2022 18:05:19|INFO|X.shape=(200, 14), y.shape=(200,), groups.shape=(200,)
02-06-2022 18:05:19|INFO|Is groups None: False 
02-06-2022 18:05:19|INFO|grid.best_params_={'C': 100000000.0, 'gamma': 1e-09, 'kernel': 'rbf', 'max_iter': 1000}, grid.best_score_=0.6555555555555554, grid.best_index_=35, acc=0.65, time=0.36736488342285156
02-06-2022 18:05:19|INFO|Is groups None: False 
02-06-2022 18:05:19|INFO|grid.best_params_={'C': 0.01, 'gamma': 1e-09, 'kernel': 'rbf', 'max_iter': 1000}, grid.best_score_=0.6111111111111112, grid.best_index_=0, acc=0.5, time=0.2893357276916504
02-06-2022 18:05:19|INFO|Is groups None: False 
02-06-2022 18:05:20|INFO|grid.best_params_={'C': 10000000000.0, 'gamma': 1e-09, 'kernel': 'rbf', 'max_iter': 1000}, grid.best_score_=0.6388888888888888, grid.best_index_=42, acc=0.55, time=0.33661508560180664
02-06-2022 18:05:20|INFO|Is groups None: False 
02-06-2022 18:05:20|INFO|grid.best_params_={'C': 100000000.0, 'gamma': 1e-09, 'kernel': 'rbf', 'max_iter': 1000}, grid.best_score_=0.6444444444444444, grid.best_index_=35, acc=0.5, time=0.3014688491821289
02-06-2022 18:05:20|INFO|Is groups None: False 
02-06-2022 18:05:20|INFO|grid.best_params_={'C': 100000000.0, 'gamma': 1e-09, 'kernel': 'rbf', 'max_iter': 1000}, grid.best_score_=0.6000000000000001, grid.best_index_=35, acc=0.7, time=0.3057289123535156
02-06-2022 18:05:20|INFO|Is groups None: False 
02-06-2022 18:05:21|INFO|grid.best_params_={'C': 10000.0, 'gamma': 0.1, 'kernel': 'rbf', 'max_iter': 1000}, grid.best_score_=0.6166666666666667, grid.best_index_=25, acc=0.35, time=0.3098945617675781
02-06-2022 18:05:21|INFO|Is groups None: False 
02-06-2022 18:05:21|INFO|grid.best_params_={'C': 100000000.0, 'gamma': 1e-09, 'kernel': 'rbf', 'max_iter': 1000}, grid.best_score_=0.6000000000000001, grid.best_index_=35, acc=0.75, time=0.40256285667419434
02-06-2022 18:05:21|INFO|Is groups None: False 
02-06-2022 18:05:21|INFO|grid.best_params_={'C': 100000000.0, 'gamma': 1e-05, 'kernel': 'rbf', 'max_iter': 1000}, grid.best_score_=0.6222222222222222, grid.best_index_=37, acc=0.6, time=0.2939488887786865
02-06-2022 18:05:21|INFO|Is groups None: False 
02-06-2022 18:05:22|INFO|grid.best_params_={'C': 0.01, 'gamma': 1e-09, 'kernel': 'rbf', 'max_iter': 1000}, grid.best_score_=0.6111111111111112, grid.best_index_=0, acc=0.5, time=0.2885615825653076
02-06-2022 18:05:22|INFO|Is groups None: False 
02-06-2022 18:05:22|INFO|grid.best_params_={'C': 10000000000.0, 'gamma': 1e-09, 'kernel': 'rbf', 'max_iter': 1000}, grid.best_score_=0.6222222222222222, grid.best_index_=42, acc=0.6, time=0.40299248695373535
02-06-2022 18:05:22|INFO|s11|10-CV=0.57000|STD=0.11000|Time spend=3.8352787494659424
02-06-2022 18:05:22|INFO|Running Segment-First
02-06-2022 18:05:22|INFO|X.shape=(200, 14), y.shape=(200,), groups.shape=(200,)
02-06-2022 18:05:22|INFO|Is groups None: False 
02-06-2022 18:05:23|INFO|grid.best_params_={'C': 100000000.0, 'gamma': 1e-05, 'kernel': 'rbf', 'max_iter': 1000}, grid.best_score_=0.5666666666666667, grid.best_index_=37, acc=0.65, time=0.49990415573120117
02-06-2022 18:05:23|INFO|Is groups None: False 
02-06-2022 18:05:23|INFO|grid.best_params_={'C': 10000.0, 'gamma': 0.1, 'kernel': 'rbf', 'max_iter': 1000}, grid.best_score_=0.5418518518518518, grid.best_index_=25, acc=0.8, time=0.2832615375518799
02-06-2022 18:05:23|INFO|Is groups None: False 
02-06-2022 18:05:24|INFO|grid.best_params_={'C': 100.0, 'gamma': 0.1, 'kernel': 'rbf', 'max_iter': 1000}, grid.best_score_=0.5640740740740742, grid.best_index_=18, acc=0.6, time=0.3109266757965088
02-06-2022 18:05:24|INFO|Is groups None: False 
02-06-2022 18:05:24|INFO|grid.best_params_={'C': 100.0, 'gamma': 0.1, 'kernel': 'rbf', 'max_iter': 1000}, grid.best_score_=0.5833333333333335, grid.best_index_=18, acc=0.4, time=0.30213356018066406
02-06-2022 18:05:24|INFO|Is groups None: False 
02-06-2022 18:05:24|INFO|grid.best_params_={'C': 10000000000.0, 'gamma': 1e-07, 'kernel': 'rbf', 'max_iter': 1000}, grid.best_score_=0.5977777777777777, grid.best_index_=43, acc=0.65, time=0.34763622283935547
02-06-2022 18:05:24|INFO|Is groups None: False 
02-06-2022 18:05:25|INFO|grid.best_params_={'C': 1000000.0, 'gamma': 0.001, 'kernel': 'rbf', 'max_iter': 1000}, grid.best_score_=0.6388888888888888, grid.best_index_=31, acc=0.45, time=0.2953786849975586
02-06-2022 18:05:25|INFO|Is groups None: False 
02-06-2022 18:05:25|INFO|grid.best_params_={'C': 10000.0, 'gamma': 0.1, 'kernel': 'rbf', 'max_iter': 1000}, grid.best_score_=0.6111111111111112, grid.best_index_=25, acc=0.45, time=0.33434534072875977
02-06-2022 18:05:25|INFO|Is groups None: False 
02-06-2022 18:05:25|INFO|grid.best_params_={'C': 10000.0, 'gamma': 1e-05, 'kernel': 'rbf', 'max_iter': 1000}, grid.best_score_=0.5514814814814816, grid.best_index_=23, acc=0.45, time=0.3016023635864258
02-06-2022 18:05:25|INFO|Is groups None: False 
02-06-2022 18:05:26|INFO|grid.best_params_={'C': 10000.0, 'gamma': 0.1, 'kernel': 'rbf', 'max_iter': 1000}, grid.best_score_=0.6055555555555556, grid.best_index_=25, acc=0.4, time=0.3020000457763672
02-06-2022 18:05:26|INFO|Is groups None: False 
02-06-2022 18:05:26|INFO|grid.best_params_={'C': 10000.0, 'gamma': 0.1, 'kernel': 'rbf', 'max_iter': 1000}, grid.best_score_=0.588888888888889, grid.best_index_=25, acc=0.5, time=0.32691526412963867
02-06-2022 18:05:26|INFO|s12|10-CV=0.53500|STD=0.12659|Time spend=3.8784284591674805
02-06-2022 18:05:26|INFO|Running Segment-First
02-06-2022 18:05:26|INFO|X.shape=(200, 14), y.shape=(200,), groups.shape=(200,)
02-06-2022 18:05:26|INFO|Is groups None: False 
02-06-2022 18:05:27|INFO|grid.best_params_={'C': 100.0, 'gamma': 0.001, 'kernel': 'rbf', 'max_iter': 1000}, grid.best_score_=0.7277777777777777, grid.best_index_=17, acc=0.55, time=0.3991672992706299
02-06-2022 18:05:27|INFO|Is groups None: False 
02-06-2022 18:05:27|INFO|grid.best_params_={'C': 100.0, 'gamma': 0.001, 'kernel': 'rbf', 'max_iter': 1000}, grid.best_score_=0.6944444444444444, grid.best_index_=17, acc=0.65, time=0.29369068145751953
02-06-2022 18:05:27|INFO|Is groups None: False 
02-06-2022 18:05:27|INFO|grid.best_params_={'C': 10000.0, 'gamma': 1e-05, 'kernel': 'rbf', 'max_iter': 1000}, grid.best_score_=0.7000000000000001, grid.best_index_=23, acc=0.65, time=0.30576610565185547
02-06-2022 18:05:27|INFO|Is groups None: False 
02-06-2022 18:05:28|INFO|grid.best_params_={'C': 10000.0, 'gamma': 1e-05, 'kernel': 'rbf', 'max_iter': 1000}, grid.best_score_=0.6999999999999998, grid.best_index_=23, acc=0.55, time=0.30587077140808105
02-06-2022 18:05:28|INFO|Is groups None: False 
02-06-2022 18:05:28|INFO|grid.best_params_={'C': 1000000.0, 'gamma': 1e-07, 'kernel': 'rbf', 'max_iter': 1000}, grid.best_score_=0.6944444444444444, grid.best_index_=29, acc=0.8, time=0.29853224754333496
02-06-2022 18:05:28|INFO|Is groups None: False 
02-06-2022 18:05:28|INFO|grid.best_params_={'C': 100.0, 'gamma': 0.001, 'kernel': 'rbf', 'max_iter': 1000}, grid.best_score_=0.7055555555555556, grid.best_index_=17, acc=0.8, time=0.38411760330200195
02-06-2022 18:05:28|INFO|Is groups None: False 
02-06-2022 18:05:29|INFO|grid.best_params_={'C': 100.0, 'gamma': 0.001, 'kernel': 'rbf', 'max_iter': 1000}, grid.best_score_=0.7111111111111111, grid.best_index_=17, acc=0.7, time=0.2893490791320801
02-06-2022 18:05:29|INFO|Is groups None: False 
02-06-2022 18:05:29|INFO|grid.best_params_={'C': 100.0, 'gamma': 0.001, 'kernel': 'rbf', 'max_iter': 1000}, grid.best_score_=0.6888888888888888, grid.best_index_=17, acc=0.85, time=0.3076930046081543
02-06-2022 18:05:29|INFO|Is groups None: False 
02-06-2022 18:05:29|INFO|grid.best_params_={'C': 100.0, 'gamma': 0.001, 'kernel': 'rbf', 'max_iter': 1000}, grid.best_score_=0.7111111111111111, grid.best_index_=17, acc=0.75, time=0.3075084686279297
02-06-2022 18:05:29|INFO|Is groups None: False 
02-06-2022 18:05:30|INFO|grid.best_params_={'C': 100.0, 'gamma': 0.001, 'kernel': 'rbf', 'max_iter': 1000}, grid.best_score_=0.6722222222222222, grid.best_index_=17, acc=0.75, time=0.4120659828186035
02-06-2022 18:05:30|INFO|s13|10-CV=0.70500|STD=0.09862|Time spend=3.857222318649292
02-06-2022 18:05:30|INFO|Running Segment-First
02-06-2022 18:05:30|INFO|X.shape=(200, 14), y.shape=(200,), groups.shape=(200,)
02-06-2022 18:05:30|INFO|Is groups None: False 
02-06-2022 18:05:31|INFO|grid.best_params_={'C': 1000000.0, 'gamma': 1e-07, 'kernel': 'rbf', 'max_iter': 1000}, grid.best_score_=0.661111111111111, grid.best_index_=29, acc=0.85, time=0.3567488193511963
02-06-2022 18:05:31|INFO|Is groups None: False 
02-06-2022 18:05:31|INFO|grid.best_params_={'C': 10000000000.0, 'gamma': 1e-07, 'kernel': 'rbf', 'max_iter': 1000}, grid.best_score_=0.7388888888888889, grid.best_index_=43, acc=0.55, time=0.28058815002441406
02-06-2022 18:05:31|INFO|Is groups None: False 
02-06-2022 18:05:31|INFO|grid.best_params_={'C': 1000000.0, 'gamma': 1e-07, 'kernel': 'rbf', 'max_iter': 1000}, grid.best_score_=0.661111111111111, grid.best_index_=29, acc=0.95, time=0.3540196418762207
02-06-2022 18:05:31|INFO|Is groups None: False 
02-06-2022 18:05:32|INFO|grid.best_params_={'C': 100.0, 'gamma': 0.001, 'kernel': 'rbf', 'max_iter': 1000}, grid.best_score_=0.7055555555555555, grid.best_index_=17, acc=0.65, time=0.2967863082885742
02-06-2022 18:05:32|INFO|Is groups None: False 
02-06-2022 18:05:32|INFO|grid.best_params_={'C': 1000000.0, 'gamma': 1e-07, 'kernel': 'rbf', 'max_iter': 1000}, grid.best_score_=0.6666666666666667, grid.best_index_=29, acc=0.85, time=0.3152010440826416
02-06-2022 18:05:32|INFO|Is groups None: False 
02-06-2022 18:05:32|INFO|grid.best_params_={'C': 100.0, 'gamma': 0.001, 'kernel': 'rbf', 'max_iter': 1000}, grid.best_score_=0.6833333333333333, grid.best_index_=17, acc=0.6, time=0.3003101348876953
02-06-2022 18:05:32|INFO|Is groups None: False 
02-06-2022 18:05:32|INFO|grid.best_params_={'C': 100.0, 'gamma': 0.001, 'kernel': 'rbf', 'max_iter': 1000}, grid.best_score_=0.7222222222222222, grid.best_index_=17, acc=0.4, time=0.29253220558166504
02-06-2022 18:05:32|INFO|Is groups None: False 
02-06-2022 18:05:33|INFO|grid.best_params_={'C': 1000000.0, 'gamma': 1e-07, 'kernel': 'rbf', 'max_iter': 1000}, grid.best_score_=0.6611111111111111, grid.best_index_=29, acc=0.9, time=0.3212404251098633
02-06-2022 18:05:33|INFO|Is groups None: False 
02-06-2022 18:05:33|INFO|grid.best_params_={'C': 100.0, 'gamma': 0.001, 'kernel': 'rbf', 'max_iter': 1000}, grid.best_score_=0.7333333333333333, grid.best_index_=17, acc=0.4, time=0.3023850917816162
02-06-2022 18:05:33|INFO|Is groups None: False 
02-06-2022 18:05:33|INFO|grid.best_params_={'C': 1000000.0, 'gamma': 1e-07, 'kernel': 'rbf', 'max_iter': 1000}, grid.best_score_=0.711111111111111, grid.best_index_=29, acc=0.65, time=0.28747081756591797
02-06-2022 18:05:33|INFO|s14|10-CV=0.68000|STD=0.19000|Time spend=3.6781091690063477
02-06-2022 18:05:34|INFO|Running Segment-First
02-06-2022 18:05:34|INFO|X.shape=(200, 14), y.shape=(200,), groups.shape=(200,)
02-06-2022 18:05:34|INFO|Is groups None: False 
02-06-2022 18:05:34|INFO|grid.best_params_={'C': 100000000.0, 'gamma': 1e-07, 'kernel': 'rbf', 'max_iter': 1000}, grid.best_score_=0.7222222222222222, grid.best_index_=36, acc=0.65, time=0.41510796546936035
02-06-2022 18:05:34|INFO|Is groups None: False 
02-06-2022 18:05:35|INFO|grid.best_params_={'C': 1000000.0, 'gamma': 1e-07, 'kernel': 'rbf', 'max_iter': 1000}, grid.best_score_=0.7388888888888889, grid.best_index_=29, acc=0.5, time=0.29669737815856934
02-06-2022 18:05:35|INFO|Is groups None: False 
02-06-2022 18:05:35|INFO|grid.best_params_={'C': 10000.0, 'gamma': 1e-05, 'kernel': 'rbf', 'max_iter': 1000}, grid.best_score_=0.6888888888888889, grid.best_index_=23, acc=0.65, time=0.2905266284942627
02-06-2022 18:05:35|INFO|Is groups None: False 
02-06-2022 18:05:35|INFO|grid.best_params_={'C': 10000.0, 'gamma': 1e-05, 'kernel': 'rbf', 'max_iter': 1000}, grid.best_score_=0.7277777777777779, grid.best_index_=23, acc=0.4, time=0.3998584747314453
02-06-2022 18:05:35|INFO|Is groups None: False 
02-06-2022 18:05:36|INFO|grid.best_params_={'C': 10000.0, 'gamma': 1e-05, 'kernel': 'rbf', 'max_iter': 1000}, grid.best_score_=0.6944444444444444, grid.best_index_=23, acc=1.0, time=0.3053412437438965
02-06-2022 18:05:36|INFO|Is groups None: False 
02-06-2022 18:05:36|INFO|grid.best_params_={'C': 100.0, 'gamma': 0.001, 'kernel': 'rbf', 'max_iter': 1000}, grid.best_score_=0.6888888888888889, grid.best_index_=17, acc=0.75, time=0.2863483428955078
02-06-2022 18:05:36|INFO|Is groups None: False 
02-06-2022 18:05:36|INFO|grid.best_params_={'C': 100.0, 'gamma': 0.001, 'kernel': 'rbf', 'max_iter': 1000}, grid.best_score_=0.7055555555555556, grid.best_index_=17, acc=0.65, time=0.3446824550628662
02-06-2022 18:05:36|INFO|Is groups None: False 
02-06-2022 18:05:37|INFO|grid.best_params_={'C': 100000000.0, 'gamma': 1e-07, 'kernel': 'rbf', 'max_iter': 1000}, grid.best_score_=0.6944444444444445, grid.best_index_=36, acc=0.85, time=0.2997550964355469
02-06-2022 18:05:37|INFO|Is groups None: False 
02-06-2022 18:05:37|INFO|grid.best_params_={'C': 10000000000.0, 'gamma': 1e-07, 'kernel': 'rbf', 'max_iter': 1000}, grid.best_score_=0.7333333333333333, grid.best_index_=43, acc=0.65, time=0.3063170909881592
02-06-2022 18:05:37|INFO|Is groups None: False 
02-06-2022 18:05:37|INFO|grid.best_params_={'C': 100000000.0, 'gamma': 1e-07, 'kernel': 'rbf', 'max_iter': 1000}, grid.best_score_=0.7111111111111111, grid.best_index_=36, acc=0.75, time=0.3416750431060791
02-06-2022 18:05:37|INFO|s15|10-CV=0.68500|STD=0.15977|Time spend=3.8680527210235596
02-06-2022 18:05:38|INFO|Running Segment-First
02-06-2022 18:05:38|INFO|X.shape=(200, 14), y.shape=(200,), groups.shape=(200,)
02-06-2022 18:05:38|INFO|Is groups None: False 
02-06-2022 18:05:38|INFO|grid.best_params_={'C': 100.0, 'gamma': 0.1, 'kernel': 'rbf', 'max_iter': 1000}, grid.best_score_=0.6555555555555556, grid.best_index_=18, acc=0.8, time=0.45491743087768555
02-06-2022 18:05:38|INFO|Is groups None: False 
02-06-2022 18:05:39|INFO|grid.best_params_={'C': 100.0, 'gamma': 0.1, 'kernel': 'rbf', 'max_iter': 1000}, grid.best_score_=0.6444444444444445, grid.best_index_=18, acc=0.7, time=0.3281073570251465
02-06-2022 18:05:39|INFO|Is groups None: False 
02-06-2022 18:05:39|INFO|grid.best_params_={'C': 1.0, 'gamma': 0.1, 'kernel': 'rbf', 'max_iter': 1000}, grid.best_score_=0.6277777777777778, grid.best_index_=11, acc=0.9, time=0.30271220207214355
02-06-2022 18:05:39|INFO|Is groups None: False 
02-06-2022 18:05:39|INFO|grid.best_params_={'C': 100.0, 'gamma': 0.1, 'kernel': 'rbf', 'max_iter': 1000}, grid.best_score_=0.7166666666666667, grid.best_index_=18, acc=0.4, time=0.34406471252441406
02-06-2022 18:05:39|INFO|Is groups None: False 
02-06-2022 18:05:40|INFO|grid.best_params_={'C': 1.0, 'gamma': 0.1, 'kernel': 'rbf', 'max_iter': 1000}, grid.best_score_=0.6833333333333332, grid.best_index_=11, acc=0.6, time=0.30649709701538086
02-06-2022 18:05:40|INFO|Is groups None: False 
02-06-2022 18:05:40|INFO|grid.best_params_={'C': 100.0, 'gamma': 0.1, 'kernel': 'rbf', 'max_iter': 1000}, grid.best_score_=0.6611111111111111, grid.best_index_=18, acc=0.75, time=0.3376905918121338
02-06-2022 18:05:40|INFO|Is groups None: False 
02-06-2022 18:05:40|INFO|grid.best_params_={'C': 1.0, 'gamma': 0.1, 'kernel': 'rbf', 'max_iter': 1000}, grid.best_score_=0.6777777777777777, grid.best_index_=11, acc=0.6, time=0.29731082916259766
02-06-2022 18:05:40|INFO|Is groups None: False 
02-06-2022 18:05:41|INFO|grid.best_params_={'C': 1000000.0, 'gamma': 1e-07, 'kernel': 'rbf', 'max_iter': 1000}, grid.best_score_=0.6666666666666666, grid.best_index_=29, acc=0.45, time=0.29557323455810547
02-06-2022 18:05:41|INFO|Is groups None: False 
02-06-2022 18:05:41|INFO|grid.best_params_={'C': 1.0, 'gamma': 0.1, 'kernel': 'rbf', 'max_iter': 1000}, grid.best_score_=0.6999999999999998, grid.best_index_=11, acc=0.5, time=0.3132326602935791
02-06-2022 18:05:41|INFO|Is groups None: False 
02-06-2022 18:05:41|INFO|grid.best_params_={'C': 10000000000.0, 'gamma': 1e-07, 'kernel': 'rbf', 'max_iter': 1000}, grid.best_score_=0.6499999999999999, grid.best_index_=43, acc=0.6, time=0.291278600692749
02-06-2022 18:05:41|INFO|s16|10-CV=0.63000|STD=0.15033|Time spend=3.8658227920532227
02-06-2022 18:05:42|INFO|Running Segment-First
02-06-2022 18:05:42|INFO|X.shape=(200, 14), y.shape=(200,), groups.shape=(200,)
02-06-2022 18:05:42|INFO|Is groups None: False 
02-06-2022 18:05:42|INFO|grid.best_params_={'C': 0.01, 'gamma': 1000.0, 'kernel': 'rbf', 'max_iter': 1000}, grid.best_score_=0.5555555555555556, grid.best_index_=6, acc=0.5, time=0.43193912506103516
02-06-2022 18:05:42|INFO|Is groups None: False 
02-06-2022 18:05:42|INFO|grid.best_params_={'C': 0.01, 'gamma': 1e-09, 'kernel': 'rbf', 'max_iter': 1000}, grid.best_score_=0.5555555555555556, grid.best_index_=0, acc=0.5, time=0.29436373710632324
02-06-2022 18:05:42|INFO|Is groups None: False 
02-06-2022 18:05:43|INFO|grid.best_params_={'C': 0.01, 'gamma': 1e-09, 'kernel': 'rbf', 'max_iter': 1000}, grid.best_score_=0.5555555555555556, grid.best_index_=0, acc=0.5, time=0.28672289848327637
02-06-2022 18:05:43|INFO|Is groups None: False 
02-06-2022 18:05:43|INFO|grid.best_params_={'C': 1000000.0, 'gamma': 1e-07, 'kernel': 'rbf', 'max_iter': 1000}, grid.best_score_=0.5555555555555557, grid.best_index_=29, acc=0.3, time=0.32236528396606445
02-06-2022 18:05:43|INFO|Is groups None: False 
02-06-2022 18:05:43|INFO|grid.best_params_={'C': 10000.0, 'gamma': 1e-05, 'kernel': 'rbf', 'max_iter': 1000}, grid.best_score_=0.5666666666666667, grid.best_index_=23, acc=0.4, time=0.37107038497924805
02-06-2022 18:05:43|INFO|Is groups None: False 
02-06-2022 18:05:44|INFO|grid.best_params_={'C': 0.01, 'gamma': 1e-09, 'kernel': 'rbf', 'max_iter': 1000}, grid.best_score_=0.5555555555555556, grid.best_index_=0, acc=0.5, time=0.2940371036529541
02-06-2022 18:05:44|INFO|Is groups None: False 
02-06-2022 18:05:44|INFO|grid.best_params_={'C': 0.01, 'gamma': 1e-09, 'kernel': 'rbf', 'max_iter': 1000}, grid.best_score_=0.5555555555555556, grid.best_index_=0, acc=0.5, time=0.315082311630249
02-06-2022 18:05:44|INFO|Is groups None: False 
02-06-2022 18:05:44|INFO|grid.best_params_={'C': 1000000.0, 'gamma': 0.001, 'kernel': 'rbf', 'max_iter': 1000}, grid.best_score_=0.5777777777777777, grid.best_index_=31, acc=0.5, time=0.3067197799682617
02-06-2022 18:05:44|INFO|Is groups None: False 
02-06-2022 18:05:45|INFO|grid.best_params_={'C': 0.01, 'gamma': 1000.0, 'kernel': 'rbf', 'max_iter': 1000}, grid.best_score_=0.5462962962962963, grid.best_index_=6, acc=0.75, time=0.2947201728820801
02-06-2022 18:05:45|INFO|Is groups None: False 
02-06-2022 18:05:45|INFO|grid.best_params_={'C': 100000000.0, 'gamma': 1e-07, 'kernel': 'rbf', 'max_iter': 1000}, grid.best_score_=0.5414814814814815, grid.best_index_=36, acc=0.6, time=0.48398661613464355
02-06-2022 18:05:45|INFO|s17|10-CV=0.50500|STD=0.11057|Time spend=3.9635226726531982
02-06-2022 18:05:46|INFO|Running Segment-First
02-06-2022 18:05:46|INFO|X.shape=(200, 14), y.shape=(200,), groups.shape=(200,)
02-06-2022 18:05:46|INFO|Is groups None: False 
02-06-2022 18:05:46|INFO|grid.best_params_={'C': 1000000.0, 'gamma': 1e-07, 'kernel': 'rbf', 'max_iter': 1000}, grid.best_score_=0.7722222222222223, grid.best_index_=29, acc=0.55, time=0.41364169120788574
02-06-2022 18:05:46|INFO|Is groups None: False 
02-06-2022 18:05:46|INFO|grid.best_params_={'C': 10000.0, 'gamma': 1e-05, 'kernel': 'rbf', 'max_iter': 1000}, grid.best_score_=0.7555555555555555, grid.best_index_=23, acc=0.9, time=0.2928459644317627
02-06-2022 18:05:46|INFO|Is groups None: False 
02-06-2022 18:05:47|INFO|grid.best_params_={'C': 100000000.0, 'gamma': 1e-07, 'kernel': 'rbf', 'max_iter': 1000}, grid.best_score_=0.7388888888888887, grid.best_index_=36, acc=0.85, time=0.31818628311157227
02-06-2022 18:05:47|INFO|Is groups None: False 
02-06-2022 18:05:47|INFO|grid.best_params_={'C': 10000.0, 'gamma': 1e-05, 'kernel': 'rbf', 'max_iter': 1000}, grid.best_score_=0.8, grid.best_index_=23, acc=0.6, time=0.3007352352142334
02-06-2022 18:05:47|INFO|Is groups None: False 
02-06-2022 18:05:47|INFO|grid.best_params_={'C': 10000.0, 'gamma': 1e-05, 'kernel': 'rbf', 'max_iter': 1000}, grid.best_score_=0.7722222222222221, grid.best_index_=23, acc=0.7, time=0.30060768127441406
02-06-2022 18:05:47|INFO|Is groups None: False 
02-06-2022 18:05:48|INFO|grid.best_params_={'C': 10000000000.0, 'gamma': 1e-07, 'kernel': 'rbf', 'max_iter': 1000}, grid.best_score_=0.7444444444444445, grid.best_index_=43, acc=0.9, time=0.36582136154174805
02-06-2022 18:05:48|INFO|Is groups None: False 
02-06-2022 18:05:48|INFO|grid.best_params_={'C': 100.0, 'gamma': 0.001, 'kernel': 'rbf', 'max_iter': 1000}, grid.best_score_=0.7611111111111111, grid.best_index_=17, acc=0.65, time=0.28787922859191895
02-06-2022 18:05:48|INFO|Is groups None: False 
02-06-2022 18:05:48|INFO|grid.best_params_={'C': 100.0, 'gamma': 0.001, 'kernel': 'rbf', 'max_iter': 1000}, grid.best_score_=0.7666666666666667, grid.best_index_=17, acc=0.85, time=0.34615612030029297
02-06-2022 18:05:48|INFO|Is groups None: False 
02-06-2022 18:05:49|INFO|grid.best_params_={'C': 10000.0, 'gamma': 1e-05, 'kernel': 'rbf', 'max_iter': 1000}, grid.best_score_=0.7777777777777778, grid.best_index_=23, acc=0.65, time=0.2865607738494873
02-06-2022 18:05:49|INFO|Is groups None: False 
02-06-2022 18:05:49|INFO|grid.best_params_={'C': 1000000.0, 'gamma': 1e-07, 'kernel': 'rbf', 'max_iter': 1000}, grid.best_score_=0.7611111111111111, grid.best_index_=29, acc=0.9, time=0.28956151008605957
02-06-2022 18:05:49|INFO|s18|10-CV=0.75500|STD=0.13124|Time spend=3.7838010787963867
02-06-2022 18:05:49|INFO|Running Segment-First
02-06-2022 18:05:49|INFO|X.shape=(200, 14), y.shape=(200,), groups.shape=(200,)
02-06-2022 18:05:49|INFO|Is groups None: False 
02-06-2022 18:05:50|INFO|grid.best_params_={'C': 100.0, 'gamma': 0.001, 'kernel': 'rbf', 'max_iter': 1000}, grid.best_score_=0.5944444444444446, grid.best_index_=17, acc=0.65, time=0.38698697090148926
02-06-2022 18:05:50|INFO|Is groups None: False 
02-06-2022 18:05:50|INFO|grid.best_params_={'C': 100000000.0, 'gamma': 1e-07, 'kernel': 'rbf', 'max_iter': 1000}, grid.best_score_=0.6, grid.best_index_=36, acc=0.6, time=0.308276891708374
02-06-2022 18:05:50|INFO|Is groups None: False 
02-06-2022 18:05:50|INFO|grid.best_params_={'C': 10000.0, 'gamma': 0.001, 'kernel': 'rbf', 'max_iter': 1000}, grid.best_score_=0.6166666666666667, grid.best_index_=24, acc=0.45, time=0.3743593692779541
02-06-2022 18:05:50|INFO|Is groups None: False 
02-06-2022 18:05:51|INFO|grid.best_params_={'C': 10000000000.0, 'gamma': 1e-07, 'kernel': 'rbf', 'max_iter': 1000}, grid.best_score_=0.6111111111111112, grid.best_index_=43, acc=0.6, time=0.30547356605529785
02-06-2022 18:05:51|INFO|Is groups None: False 
02-06-2022 18:05:51|INFO|grid.best_params_={'C': 0.01, 'gamma': 1e-09, 'kernel': 'rbf', 'max_iter': 1000}, grid.best_score_=0.5833333333333334, grid.best_index_=0, acc=0.5, time=0.29978418350219727
02-06-2022 18:05:51|INFO|Is groups None: False 
02-06-2022 18:05:51|INFO|grid.best_params_={'C': 10000.0, 'gamma': 0.001, 'kernel': 'rbf', 'max_iter': 1000}, grid.best_score_=0.6222222222222222, grid.best_index_=24, acc=0.35, time=0.31040120124816895
02-06-2022 18:05:51|INFO|Is groups None: False 
02-06-2022 18:05:52|INFO|grid.best_params_={'C': 1000000.0, 'gamma': 1e-05, 'kernel': 'rbf', 'max_iter': 1000}, grid.best_score_=0.65, grid.best_index_=30, acc=0.25, time=0.37148189544677734
02-06-2022 18:05:52|INFO|Is groups None: False 
02-06-2022 18:05:52|INFO|grid.best_params_={'C': 100000000.0, 'gamma': 1e-07, 'kernel': 'rbf', 'max_iter': 1000}, grid.best_score_=0.6444444444444445, grid.best_index_=36, acc=0.7, time=0.30071544647216797
02-06-2022 18:05:52|INFO|Is groups None: False 
02-06-2022 18:05:52|INFO|grid.best_params_={'C': 10000000000.0, 'gamma': 1e-07, 'kernel': 'rbf', 'max_iter': 1000}, grid.best_score_=0.6277777777777778, grid.best_index_=43, acc=0.45, time=0.30902099609375
02-06-2022 18:05:52|INFO|Is groups None: False 
02-06-2022 18:05:53|INFO|grid.best_params_={'C': 1000000.0, 'gamma': 1e-05, 'kernel': 'rbf', 'max_iter': 1000}, grid.best_score_=0.6555555555555556, grid.best_index_=30, acc=0.4, time=0.42548561096191406
02-06-2022 18:05:53|INFO|s19|10-CV=0.49500|STD=0.13500|Time spend=3.9849205017089844
02-06-2022 18:05:53|INFO|Running Segment-First
02-06-2022 18:05:53|INFO|X.shape=(200, 14), y.shape=(200,), groups.shape=(200,)
02-06-2022 18:05:53|INFO|Is groups None: False 
02-06-2022 18:05:54|INFO|grid.best_params_={'C': 1.0, 'gamma': 0.1, 'kernel': 'rbf', 'max_iter': 1000}, grid.best_score_=0.7055555555555555, grid.best_index_=11, acc=0.8, time=0.3779125213623047
02-06-2022 18:05:54|INFO|Is groups None: False 
02-06-2022 18:05:54|INFO|grid.best_params_={'C': 100000000.0, 'gamma': 1e-07, 'kernel': 'rbf', 'max_iter': 1000}, grid.best_score_=0.6944444444444444, grid.best_index_=36, acc=0.8, time=0.27558112144470215
02-06-2022 18:05:54|INFO|Is groups None: False 
02-06-2022 18:05:54|INFO|grid.best_params_={'C': 100.0, 'gamma': 0.001, 'kernel': 'rbf', 'max_iter': 1000}, grid.best_score_=0.7222222222222222, grid.best_index_=17, acc=0.65, time=0.3423933982849121
02-06-2022 18:05:54|INFO|Is groups None: False 
02-06-2022 18:05:55|INFO|grid.best_params_={'C': 1.0, 'gamma': 0.1, 'kernel': 'rbf', 'max_iter': 1000}, grid.best_score_=0.7277777777777777, grid.best_index_=11, acc=0.7, time=0.3150146007537842
02-06-2022 18:05:55|INFO|Is groups None: False 
02-06-2022 18:05:55|INFO|grid.best_params_={'C': 1.0, 'gamma': 0.1, 'kernel': 'rbf', 'max_iter': 1000}, grid.best_score_=0.7, grid.best_index_=11, acc=0.75, time=0.33575940132141113
02-06-2022 18:05:55|INFO|Is groups None: False 
02-06-2022 18:05:55|INFO|grid.best_params_={'C': 1.0, 'gamma': 0.1, 'kernel': 'rbf', 'max_iter': 1000}, grid.best_score_=0.7444444444444444, grid.best_index_=11, acc=0.55, time=0.29194164276123047
02-06-2022 18:05:55|INFO|Is groups None: False 
02-06-2022 18:05:56|INFO|grid.best_params_={'C': 1000000.0, 'gamma': 1e-07, 'kernel': 'rbf', 'max_iter': 1000}, grid.best_score_=0.7222222222222222, grid.best_index_=29, acc=0.55, time=0.3046760559082031
02-06-2022 18:05:56|INFO|Is groups None: False 
02-06-2022 18:05:56|INFO|grid.best_params_={'C': 10000000000.0, 'gamma': 1e-07, 'kernel': 'rbf', 'max_iter': 1000}, grid.best_score_=0.7333333333333333, grid.best_index_=43, acc=0.7, time=0.29290080070495605
02-06-2022 18:05:56|INFO|Is groups None: False 
02-06-2022 18:05:56|INFO|grid.best_params_={'C': 100.0, 'gamma': 0.001, 'kernel': 'rbf', 'max_iter': 1000}, grid.best_score_=0.7166666666666667, grid.best_index_=17, acc=0.7, time=0.293377161026001
02-06-2022 18:05:56|INFO|Is groups None: False 
02-06-2022 18:05:57|INFO|grid.best_params_={'C': 100000000.0, 'gamma': 1e-07, 'kernel': 'rbf', 'max_iter': 1000}, grid.best_score_=0.7166666666666667, grid.best_index_=36, acc=0.75, time=0.3335566520690918
02-06-2022 18:05:57|INFO|s20|10-CV=0.69500|STD=0.08500|Time spend=3.732165575027466
02-06-2022 18:05:57|INFO|Running Segment-First
02-06-2022 18:05:57|INFO|X.shape=(200, 14), y.shape=(200,), groups.shape=(200,)
02-06-2022 18:05:57|INFO|Is groups None: False 
02-06-2022 18:05:57|INFO|grid.best_params_={'C': 0.01, 'gamma': 1000.0, 'kernel': 'rbf', 'max_iter': 1000}, grid.best_score_=0.5277777777777778, grid.best_index_=6, acc=0.5, time=0.42249035835266113
02-06-2022 18:05:57|INFO|Is groups None: False 
02-06-2022 18:05:58|INFO|grid.best_params_={'C': 100000000.0, 'gamma': 1e-07, 'kernel': 'rbf', 'max_iter': 1000}, grid.best_score_=0.5422222222222222, grid.best_index_=36, acc=0.55, time=0.30379152297973633
02-06-2022 18:05:58|INFO|Is groups None: False 
02-06-2022 18:05:58|INFO|grid.best_params_={'C': 100000000.0, 'gamma': 1e-05, 'kernel': 'rbf', 'max_iter': 1000}, grid.best_score_=0.5777777777777778, grid.best_index_=37, acc=0.4, time=0.29032230377197266
02-06-2022 18:05:58|INFO|Is groups None: False 
02-06-2022 18:05:58|INFO|grid.best_params_={'C': 100000000.0, 'gamma': 1e-07, 'kernel': 'rbf', 'max_iter': 1000}, grid.best_score_=0.5444444444444445, grid.best_index_=36, acc=0.35, time=0.33585548400878906
02-06-2022 18:05:58|INFO|Is groups None: False 
02-06-2022 18:05:59|INFO|grid.best_params_={'C': 10000.0, 'gamma': 0.001, 'kernel': 'rbf', 'max_iter': 1000}, grid.best_score_=0.5444444444444444, grid.best_index_=24, acc=0.35, time=0.3095223903656006
02-06-2022 18:05:59|INFO|Is groups None: False 
02-06-2022 18:05:59|INFO|grid.best_params_={'C': 10000.0, 'gamma': 0.001, 'kernel': 'rbf', 'max_iter': 1000}, grid.best_score_=0.5444444444444445, grid.best_index_=24, acc=0.65, time=0.37587952613830566
02-06-2022 18:05:59|INFO|Is groups None: False 
02-06-2022 18:05:59|INFO|grid.best_params_={'C': 100000000.0, 'gamma': 1e-05, 'kernel': 'rbf', 'max_iter': 1000}, grid.best_score_=0.6055555555555556, grid.best_index_=37, acc=0.7, time=0.29697394371032715
02-06-2022 18:05:59|INFO|Is groups None: False 
02-06-2022 18:06:00|INFO|grid.best_params_={'C': 0.01, 'gamma': 1000.0, 'kernel': 'rbf', 'max_iter': 1000}, grid.best_score_=0.5240740740740741, grid.best_index_=6, acc=0.5, time=0.30513763427734375
02-06-2022 18:06:00|INFO|Is groups None: False 
02-06-2022 18:06:00|INFO|grid.best_params_={'C': 10000000000.0, 'gamma': 1e-07, 'kernel': 'rbf', 'max_iter': 1000}, grid.best_score_=0.5833333333333334, grid.best_index_=43, acc=0.4, time=0.3374662399291992
02-06-2022 18:06:00|INFO|Is groups None: False 
02-06-2022 18:06:00|INFO|grid.best_params_={'C': 10000000000.0, 'gamma': 1e-07, 'kernel': 'rbf', 'max_iter': 1000}, grid.best_score_=0.5444444444444445, grid.best_index_=43, acc=0.65, time=0.3114750385284424
02-06-2022 18:06:00|INFO|s21|10-CV=0.50500|STD=0.12339|Time spend=3.8088302612304688
02-06-2022 18:06:01|INFO|Running Segment-First
02-06-2022 18:06:01|INFO|X.shape=(200, 14), y.shape=(200,), groups.shape=(200,)
02-06-2022 18:06:01|INFO|Is groups None: False 
02-06-2022 18:06:01|INFO|grid.best_params_={'C': 100000000.0, 'gamma': 1e-07, 'kernel': 'rbf', 'max_iter': 1000}, grid.best_score_=0.6999999999999998, grid.best_index_=36, acc=0.4, time=0.38465285301208496
02-06-2022 18:06:01|INFO|Is groups None: False 
02-06-2022 18:06:02|INFO|grid.best_params_={'C': 10000.0, 'gamma': 0.001, 'kernel': 'rbf', 'max_iter': 1000}, grid.best_score_=0.6000000000000001, grid.best_index_=24, acc=0.6, time=0.3306241035461426
02-06-2022 18:06:02|INFO|Is groups None: False 
02-06-2022 18:06:02|INFO|grid.best_params_={'C': 10000.0, 'gamma': 0.001, 'kernel': 'rbf', 'max_iter': 1000}, grid.best_score_=0.6722222222222223, grid.best_index_=24, acc=0.6, time=0.29800939559936523
02-06-2022 18:06:02|INFO|Is groups None: False 
02-06-2022 18:06:02|INFO|grid.best_params_={'C': 10000000000.0, 'gamma': 1e-07, 'kernel': 'rbf', 'max_iter': 1000}, grid.best_score_=0.6833333333333333, grid.best_index_=43, acc=0.55, time=0.3192141056060791
02-06-2022 18:06:02|INFO|Is groups None: False 
02-06-2022 18:06:03|INFO|grid.best_params_={'C': 10000000000.0, 'gamma': 1e-07, 'kernel': 'rbf', 'max_iter': 1000}, grid.best_score_=0.6362962962962962, grid.best_index_=43, acc=0.8, time=0.2953372001647949
02-06-2022 18:06:03|INFO|Is groups None: False 
02-06-2022 18:06:03|INFO|grid.best_params_={'C': 10000000000.0, 'gamma': 1e-07, 'kernel': 'rbf', 'max_iter': 1000}, grid.best_score_=0.6499999999999999, grid.best_index_=43, acc=0.6, time=0.3001561164855957
02-06-2022 18:06:03|INFO|Is groups None: False 
02-06-2022 18:06:03|INFO|grid.best_params_={'C': 10000000000.0, 'gamma': 1e-07, 'kernel': 'rbf', 'max_iter': 1000}, grid.best_score_=0.6166666666666667, grid.best_index_=43, acc=0.95, time=0.4250297546386719
02-06-2022 18:06:03|INFO|Is groups None: False 
02-06-2022 18:06:04|INFO|grid.best_params_={'C': 100000000.0, 'gamma': 1e-07, 'kernel': 'rbf', 'max_iter': 1000}, grid.best_score_=0.6666666666666666, grid.best_index_=36, acc=0.7, time=0.30374693870544434
02-06-2022 18:06:04|INFO|Is groups None: False 
02-06-2022 18:06:04|INFO|grid.best_params_={'C': 100000000.0, 'gamma': 1e-07, 'kernel': 'rbf', 'max_iter': 1000}, grid.best_score_=0.6333333333333333, grid.best_index_=36, acc=0.7, time=0.3198575973510742
02-06-2022 18:06:04|INFO|Is groups None: False 
02-06-2022 18:06:04|INFO|grid.best_params_={'C': 10000000000.0, 'gamma': 1e-07, 'kernel': 'rbf', 'max_iter': 1000}, grid.best_score_=0.6222222222222222, grid.best_index_=43, acc=0.55, time=0.30542945861816406
02-06-2022 18:06:04|INFO|s22|10-CV=0.64500|STD=0.14396|Time spend=3.8291893005371094
02-06-2022 18:06:05|INFO|Running Segment-First
02-06-2022 18:06:05|INFO|X.shape=(200, 14), y.shape=(200,), groups.shape=(200,)
02-06-2022 18:06:05|INFO|Is groups None: False 
02-06-2022 18:06:05|INFO|grid.best_params_={'C': 0.01, 'gamma': 1e-09, 'kernel': 'rbf', 'max_iter': 1000}, grid.best_score_=0.6388888888888888, grid.best_index_=0, acc=0.75, time=0.37963008880615234
02-06-2022 18:06:05|INFO|Is groups None: False 
02-06-2022 18:06:05|INFO|grid.best_params_={'C': 100000000.0, 'gamma': 1e-09, 'kernel': 'rbf', 'max_iter': 1000}, grid.best_score_=0.6444444444444444, grid.best_index_=35, acc=0.75, time=0.29995107650756836
02-06-2022 18:06:05|INFO|Is groups None: False 
02-06-2022 18:06:06|INFO|grid.best_params_={'C': 0.01, 'gamma': 1e-09, 'kernel': 'rbf', 'max_iter': 1000}, grid.best_score_=0.6388888888888888, grid.best_index_=0, acc=0.75, time=0.29737114906311035
02-06-2022 18:06:06|INFO|Is groups None: False 
02-06-2022 18:06:06|INFO|grid.best_params_={'C': 1000000.0, 'gamma': 0.001, 'kernel': 'rbf', 'max_iter': 1000}, grid.best_score_=0.638888888888889, grid.best_index_=31, acc=0.6, time=0.3219912052154541
02-06-2022 18:06:06|INFO|Is groups None: False 
02-06-2022 18:06:06|INFO|grid.best_params_={'C': 0.01, 'gamma': 1e-09, 'kernel': 'rbf', 'max_iter': 1000}, grid.best_score_=0.6388888888888888, grid.best_index_=0, acc=0.75, time=0.30402064323425293
02-06-2022 18:06:06|INFO|Is groups None: False 
02-06-2022 18:06:07|INFO|grid.best_params_={'C': 100000000.0, 'gamma': 1e-09, 'kernel': 'rbf', 'max_iter': 1000}, grid.best_score_=0.6499999999999999, grid.best_index_=35, acc=0.75, time=0.47453784942626953
02-06-2022 18:06:07|INFO|Is groups None: False 
02-06-2022 18:06:07|INFO|grid.best_params_={'C': 0.01, 'gamma': 1e-09, 'kernel': 'rbf', 'max_iter': 1000}, grid.best_score_=0.6666666666666666, grid.best_index_=0, acc=0.5, time=0.3023855686187744
02-06-2022 18:06:07|INFO|Is groups None: False 
02-06-2022 18:06:07|INFO|grid.best_params_={'C': 0.01, 'gamma': 1e-09, 'kernel': 'rbf', 'max_iter': 1000}, grid.best_score_=0.6666666666666666, grid.best_index_=0, acc=0.5, time=0.2986440658569336
02-06-2022 18:06:07|INFO|Is groups None: False 
02-06-2022 18:06:08|INFO|grid.best_params_={'C': 0.01, 'gamma': 1e-09, 'kernel': 'rbf', 'max_iter': 1000}, grid.best_score_=0.6666666666666666, grid.best_index_=0, acc=0.5, time=0.4092855453491211
02-06-2022 18:06:08|INFO|Is groups None: False 
02-06-2022 18:06:08|INFO|grid.best_params_={'C': 100000000.0, 'gamma': 1e-09, 'kernel': 'rbf', 'max_iter': 1000}, grid.best_score_=0.6777777777777777, grid.best_index_=35, acc=0.5, time=0.3043217658996582
02-06-2022 18:06:08|INFO|s23|10-CV=0.63500|STD=0.11843|Time spend=3.903183698654175
02-06-2022 18:06:09|INFO|Running Segment-First
02-06-2022 18:06:09|INFO|X.shape=(200, 14), y.shape=(200,), groups.shape=(200,)
02-06-2022 18:06:09|INFO|Is groups None: False 
02-06-2022 18:06:09|INFO|grid.best_params_={'C': 1000000.0, 'gamma': 0.001, 'kernel': 'rbf', 'max_iter': 1000}, grid.best_score_=0.6277777777777778, grid.best_index_=31, acc=0.6, time=0.3672480583190918
02-06-2022 18:06:09|INFO|Is groups None: False 
02-06-2022 18:06:09|INFO|grid.best_params_={'C': 1000000.0, 'gamma': 1e-05, 'kernel': 'rbf', 'max_iter': 1000}, grid.best_score_=0.65, grid.best_index_=30, acc=0.35, time=0.2874715328216553
02-06-2022 18:06:09|INFO|Is groups None: False 
02-06-2022 18:06:10|INFO|grid.best_params_={'C': 10000.0, 'gamma': 1e-05, 'kernel': 'rbf', 'max_iter': 1000}, grid.best_score_=0.6722222222222222, grid.best_index_=23, acc=0.4, time=0.3844025135040283
02-06-2022 18:06:10|INFO|Is groups None: False 
02-06-2022 18:06:10|INFO|grid.best_params_={'C': 10000.0, 'gamma': 1e-05, 'kernel': 'rbf', 'max_iter': 1000}, grid.best_score_=0.6222222222222222, grid.best_index_=23, acc=0.7, time=0.2976088523864746
02-06-2022 18:06:10|INFO|Is groups None: False 
02-06-2022 18:06:10|INFO|grid.best_params_={'C': 0.01, 'gamma': 1e-07, 'kernel': 'rbf', 'max_iter': 1000}, grid.best_score_=0.5444444444444445, grid.best_index_=1, acc=0.5, time=0.298109769821167
02-06-2022 18:06:10|INFO|Is groups None: False 
02-06-2022 18:06:11|INFO|grid.best_params_={'C': 10000.0, 'gamma': 1e-05, 'kernel': 'rbf', 'max_iter': 1000}, grid.best_score_=0.6777777777777777, grid.best_index_=23, acc=0.4, time=0.30048465728759766
02-06-2022 18:06:11|INFO|Is groups None: False 
02-06-2022 18:06:11|INFO|grid.best_params_={'C': 10000.0, 'gamma': 1e-05, 'kernel': 'rbf', 'max_iter': 1000}, grid.best_score_=0.6055555555555556, grid.best_index_=23, acc=0.6, time=0.2856144905090332
02-06-2022 18:06:11|INFO|Is groups None: False 
02-06-2022 18:06:11|INFO|grid.best_params_={'C': 100000000.0, 'gamma': 1e-07, 'kernel': 'rbf', 'max_iter': 1000}, grid.best_score_=0.6055555555555555, grid.best_index_=36, acc=0.55, time=0.3073418140411377
02-06-2022 18:06:11|INFO|Is groups None: False 
02-06-2022 18:06:11|INFO|grid.best_params_={'C': 1.0, 'gamma': 0.1, 'kernel': 'rbf', 'max_iter': 1000}, grid.best_score_=0.5666666666666667, grid.best_index_=11, acc=0.8, time=0.2876617908477783
02-06-2022 18:06:11|INFO|Is groups None: False 
02-06-2022 18:06:12|INFO|grid.best_params_={'C': 10000.0, 'gamma': 1e-05, 'kernel': 'rbf', 'max_iter': 1000}, grid.best_score_=0.6666666666666666, grid.best_index_=23, acc=0.45, time=0.30640196800231934
02-06-2022 18:06:12|INFO|s24|10-CV=0.53500|STD=0.13611|Time spend=3.6735546588897705
02-06-2022 18:06:12|INFO|Running Segment-First
02-06-2022 18:06:12|INFO|X.shape=(200, 14), y.shape=(200,), groups.shape=(200,)
02-06-2022 18:06:12|INFO|Is groups None: False 
02-06-2022 18:06:13|INFO|grid.best_params_={'C': 10000000000.0, 'gamma': 1e-07, 'kernel': 'rbf', 'max_iter': 1000}, grid.best_score_=0.5388888888888889, grid.best_index_=43, acc=0.4, time=0.42621302604675293
02-06-2022 18:06:13|INFO|Is groups None: False 
02-06-2022 18:06:13|INFO|grid.best_params_={'C': 1000000.0, 'gamma': 0.001, 'kernel': 'rbf', 'max_iter': 1000}, grid.best_score_=0.5111111111111112, grid.best_index_=31, acc=0.35, time=0.3147311210632324
02-06-2022 18:06:13|INFO|Is groups None: False 
02-06-2022 18:06:13|INFO|grid.best_params_={'C': 1000000.0, 'gamma': 0.001, 'kernel': 'rbf', 'max_iter': 1000}, grid.best_score_=0.5388888888888889, grid.best_index_=31, acc=0.6, time=0.30440497398376465
02-06-2022 18:06:13|INFO|Is groups None: False 
02-06-2022 18:06:14|INFO|grid.best_params_={'C': 100.0, 'gamma': 0.1, 'kernel': 'rbf', 'max_iter': 1000}, grid.best_score_=0.5122222222222222, grid.best_index_=18, acc=0.4, time=0.30355215072631836
02-06-2022 18:06:14|INFO|Is groups None: False 
02-06-2022 18:06:14|INFO|grid.best_params_={'C': 10000.0, 'gamma': 0.001, 'kernel': 'rbf', 'max_iter': 1000}, grid.best_score_=0.5092592592592592, grid.best_index_=24, acc=0.45, time=0.31198883056640625
02-06-2022 18:06:14|INFO|Is groups None: False 
02-06-2022 18:06:14|INFO|grid.best_params_={'C': 0.01, 'gamma': 0.1, 'kernel': 'rbf', 'max_iter': 1000}, grid.best_score_=0.48888888888888893, grid.best_index_=4, acc=0.5, time=0.3134334087371826
02-06-2022 18:06:14|INFO|Is groups None: False 
02-06-2022 18:06:15|INFO|grid.best_params_={'C': 100000000.0, 'gamma': 1e-05, 'kernel': 'rbf', 'max_iter': 1000}, grid.best_score_=0.5351851851851852, grid.best_index_=37, acc=0.55, time=0.35161256790161133
02-06-2022 18:06:15|INFO|Is groups None: False 
02-06-2022 18:06:15|INFO|grid.best_params_={'C': 1000000.0, 'gamma': 1e-05, 'kernel': 'rbf', 'max_iter': 1000}, grid.best_score_=0.5388888888888889, grid.best_index_=30, acc=0.5, time=0.3128678798675537
02-06-2022 18:06:15|INFO|Is groups None: False 
02-06-2022 18:06:15|INFO|grid.best_params_={'C': 10000.0, 'gamma': 0.001, 'kernel': 'rbf', 'max_iter': 1000}, grid.best_score_=0.4944444444444446, grid.best_index_=24, acc=0.65, time=0.3179311752319336
02-06-2022 18:06:15|INFO|Is groups None: False 
02-06-2022 18:06:16|INFO|grid.best_params_={'C': 10000.0, 'gamma': 0.001, 'kernel': 'rbf', 'max_iter': 1000}, grid.best_score_=0.5333333333333333, grid.best_index_=24, acc=0.5, time=0.3182191848754883
02-06-2022 18:06:16|INFO|s25|10-CV=0.49000|STD=0.08888|Time spend=3.831904172897339
02-06-2022 18:06:16|INFO|Running Segment-First
02-06-2022 18:06:16|INFO|X.shape=(200, 14), y.shape=(200,), groups.shape=(200,)
02-06-2022 18:06:16|INFO|Is groups None: False 
02-06-2022 18:06:17|INFO|grid.best_params_={'C': 10000000000.0, 'gamma': 1e-07, 'kernel': 'rbf', 'max_iter': 1000}, grid.best_score_=0.6888888888888889, grid.best_index_=43, acc=0.55, time=0.37687206268310547
02-06-2022 18:06:17|INFO|Is groups None: False 
02-06-2022 18:06:17|INFO|grid.best_params_={'C': 0.01, 'gamma': 1e-09, 'kernel': 'rbf', 'max_iter': 1000}, grid.best_score_=0.6388888888888888, grid.best_index_=0, acc=0.75, time=0.28877687454223633
02-06-2022 18:06:17|INFO|Is groups None: False 
02-06-2022 18:06:17|INFO|grid.best_params_={'C': 0.01, 'gamma': 1e-09, 'kernel': 'rbf', 'max_iter': 1000}, grid.best_score_=0.6388888888888888, grid.best_index_=0, acc=0.75, time=0.3009164333343506
02-06-2022 18:06:17|INFO|Is groups None: False 
02-06-2022 18:06:17|INFO|grid.best_params_={'C': 100000000.0, 'gamma': 1e-07, 'kernel': 'rbf', 'max_iter': 1000}, grid.best_score_=0.65, grid.best_index_=36, acc=0.5, time=0.29329538345336914
02-06-2022 18:06:17|INFO|Is groups None: False 
02-06-2022 18:06:18|INFO|grid.best_params_={'C': 10000.0, 'gamma': 0.001, 'kernel': 'rbf', 'max_iter': 1000}, grid.best_score_=0.7, grid.best_index_=24, acc=0.5, time=0.3080120086669922
02-06-2022 18:06:18|INFO|Is groups None: False 
02-06-2022 18:06:18|INFO|grid.best_params_={'C': 100.0, 'gamma': 0.001, 'kernel': 'rbf', 'max_iter': 1000}, grid.best_score_=0.6499999999999999, grid.best_index_=17, acc=0.7, time=0.3438870906829834
02-06-2022 18:06:18|INFO|Is groups None: False 
02-06-2022 18:06:18|INFO|grid.best_params_={'C': 100.0, 'gamma': 0.001, 'kernel': 'rbf', 'max_iter': 1000}, grid.best_score_=0.6666666666666666, grid.best_index_=17, acc=0.65, time=0.30359840393066406
02-06-2022 18:06:18|INFO|Is groups None: False 
02-06-2022 18:06:19|INFO|grid.best_params_={'C': 10000.0, 'gamma': 1e-05, 'kernel': 'rbf', 'max_iter': 1000}, grid.best_score_=0.6722222222222223, grid.best_index_=23, acc=0.75, time=0.3082919120788574
02-06-2022 18:06:19|INFO|Is groups None: False 
02-06-2022 18:06:19|INFO|grid.best_params_={'C': 10000.0, 'gamma': 1e-05, 'kernel': 'rbf', 'max_iter': 1000}, grid.best_score_=0.6666666666666667, grid.best_index_=23, acc=0.6, time=0.30338263511657715
02-06-2022 18:06:19|INFO|Is groups None: False 
02-06-2022 18:06:19|INFO|grid.best_params_={'C': 100.0, 'gamma': 0.001, 'kernel': 'rbf', 'max_iter': 1000}, grid.best_score_=0.7, grid.best_index_=17, acc=0.55, time=0.3667452335357666
02-06-2022 18:06:19|INFO|s26|10-CV=0.63000|STD=0.09798|Time spend=3.750720262527466
02-06-2022 18:06:20|INFO|Running Segment-First
02-06-2022 18:06:20|INFO|X.shape=(200, 14), y.shape=(200,), groups.shape=(200,)
02-06-2022 18:06:20|INFO|Is groups None: False 
02-06-2022 18:06:20|INFO|grid.best_params_={'C': 0.01, 'gamma': 1e-09, 'kernel': 'rbf', 'max_iter': 1000}, grid.best_score_=0.75, grid.best_index_=0, acc=0.75, time=0.3559560775756836
02-06-2022 18:06:20|INFO|Is groups None: False 
02-06-2022 18:06:20|INFO|grid.best_params_={'C': 0.01, 'gamma': 1e-09, 'kernel': 'rbf', 'max_iter': 1000}, grid.best_score_=0.75, grid.best_index_=0, acc=0.75, time=0.27785301208496094
02-06-2022 18:06:21|INFO|Is groups None: False 
02-06-2022 18:06:21|INFO|grid.best_params_={'C': 0.01, 'gamma': 1e-09, 'kernel': 'rbf', 'max_iter': 1000}, grid.best_score_=0.75, grid.best_index_=0, acc=0.75, time=0.32740139961242676
02-06-2022 18:06:21|INFO|Is groups None: False 
02-06-2022 18:06:21|INFO|grid.best_params_={'C': 0.01, 'gamma': 1e-09, 'kernel': 'rbf', 'max_iter': 1000}, grid.best_score_=0.75, grid.best_index_=0, acc=0.75, time=0.29440855979919434
02-06-2022 18:06:21|INFO|Is groups None: False 
02-06-2022 18:06:21|INFO|grid.best_params_={'C': 0.01, 'gamma': 1e-09, 'kernel': 'rbf', 'max_iter': 1000}, grid.best_score_=0.75, grid.best_index_=0, acc=0.75, time=0.28645920753479004
02-06-2022 18:06:21|INFO|Is groups None: False 
02-06-2022 18:06:22|INFO|grid.best_params_={'C': 0.01, 'gamma': 1e-09, 'kernel': 'rbf', 'max_iter': 1000}, grid.best_score_=0.75, grid.best_index_=0, acc=0.75, time=0.4761025905609131
02-06-2022 18:06:22|INFO|Is groups None: False 
02-06-2022 18:06:22|INFO|grid.best_params_={'C': 0.01, 'gamma': 1e-09, 'kernel': 'rbf', 'max_iter': 1000}, grid.best_score_=0.75, grid.best_index_=0, acc=0.75, time=0.28795933723449707
02-06-2022 18:06:22|INFO|Is groups None: False 
02-06-2022 18:06:22|INFO|grid.best_params_={'C': 10000.0, 'gamma': 1e-05, 'kernel': 'rbf', 'max_iter': 1000}, grid.best_score_=0.7611111111111111, grid.best_index_=23, acc=0.75, time=0.285412073135376
02-06-2022 18:06:22|INFO|Is groups None: False 
02-06-2022 18:06:23|INFO|grid.best_params_={'C': 0.01, 'gamma': 1e-09, 'kernel': 'rbf', 'max_iter': 1000}, grid.best_score_=0.75, grid.best_index_=0, acc=0.75, time=0.3094487190246582
02-06-2022 18:06:23|INFO|Is groups None: False 
02-06-2022 18:06:23|INFO|grid.best_params_={'C': 0.01, 'gamma': 1e-09, 'kernel': 'rbf', 'max_iter': 1000}, grid.best_score_=0.75, grid.best_index_=0, acc=0.75, time=0.28319597244262695
02-06-2022 18:06:23|INFO|s27|10-CV=0.75000|STD=0.00000|Time spend=3.707085371017456
02-06-2022 18:06:24|INFO|Running Segment-First
02-06-2022 18:06:24|INFO|X.shape=(200, 14), y.shape=(200,), groups.shape=(200,)
02-06-2022 18:06:24|INFO|Is groups None: False 
02-06-2022 18:06:24|INFO|grid.best_params_={'C': 10000000000.0, 'gamma': 1e-07, 'kernel': 'rbf', 'max_iter': 1000}, grid.best_score_=0.7111111111111111, grid.best_index_=43, acc=0.5, time=0.4284641742706299
02-06-2022 18:06:24|INFO|Is groups None: False 
02-06-2022 18:06:24|INFO|grid.best_params_={'C': 100.0, 'gamma': 0.1, 'kernel': 'rbf', 'max_iter': 1000}, grid.best_score_=0.6444444444444445, grid.best_index_=18, acc=0.45, time=0.30547547340393066
02-06-2022 18:06:24|INFO|Is groups None: False 
02-06-2022 18:06:25|INFO|grid.best_params_={'C': 100000000.0, 'gamma': 1e-07, 'kernel': 'rbf', 'max_iter': 1000}, grid.best_score_=0.6722222222222222, grid.best_index_=36, acc=0.8, time=0.3432326316833496
02-06-2022 18:06:25|INFO|Is groups None: False 
02-06-2022 18:06:25|INFO|grid.best_params_={'C': 100000000.0, 'gamma': 1e-07, 'kernel': 'rbf', 'max_iter': 1000}, grid.best_score_=0.7277777777777779, grid.best_index_=36, acc=0.4, time=0.3034327030181885
02-06-2022 18:06:25|INFO|Is groups None: False 
02-06-2022 18:06:25|INFO|grid.best_params_={'C': 100000000.0, 'gamma': 1e-07, 'kernel': 'rbf', 'max_iter': 1000}, grid.best_score_=0.6666666666666666, grid.best_index_=36, acc=0.45, time=0.3108081817626953
02-06-2022 18:06:25|INFO|Is groups None: False 
02-06-2022 18:06:26|INFO|grid.best_params_={'C': 0.01, 'gamma': 1e-09, 'kernel': 'rbf', 'max_iter': 1000}, grid.best_score_=0.6388888888888888, grid.best_index_=0, acc=0.5, time=0.29048776626586914
02-06-2022 18:06:26|INFO|Is groups None: False 
02-06-2022 18:06:26|INFO|grid.best_params_={'C': 100000000.0, 'gamma': 1e-05, 'kernel': 'rbf', 'max_iter': 1000}, grid.best_score_=0.6333333333333333, grid.best_index_=37, acc=0.45, time=0.3808937072753906
02-06-2022 18:06:26|INFO|Is groups None: False 
02-06-2022 18:06:26|INFO|grid.best_params_={'C': 1.0, 'gamma': 0.1, 'kernel': 'rbf', 'max_iter': 1000}, grid.best_score_=0.6444444444444444, grid.best_index_=11, acc=0.55, time=0.3074307441711426
02-06-2022 18:06:26|INFO|Is groups None: False 
02-06-2022 18:06:27|INFO|grid.best_params_={'C': 100000000.0, 'gamma': 1e-09, 'kernel': 'rbf', 'max_iter': 1000}, grid.best_score_=0.6444444444444445, grid.best_index_=35, acc=0.5, time=0.31998491287231445
02-06-2022 18:06:27|INFO|Is groups None: False 
02-06-2022 18:06:27|INFO|grid.best_params_={'C': 100000000.0, 'gamma': 1e-07, 'kernel': 'rbf', 'max_iter': 1000}, grid.best_score_=0.6388888888888888, grid.best_index_=36, acc=0.8, time=0.2974720001220703
02-06-2022 18:06:27|INFO|s28|10-CV=0.54000|STD=0.13565|Time spend=3.811896324157715
02-06-2022 18:06:27|INFO|Running Segment-First
02-06-2022 18:06:27|INFO|X.shape=(200, 14), y.shape=(200,), groups.shape=(200,)
02-06-2022 18:06:27|INFO|Is groups None: False 
02-06-2022 18:06:28|INFO|grid.best_params_={'C': 100.0, 'gamma': 0.001, 'kernel': 'rbf', 'max_iter': 1000}, grid.best_score_=0.6555555555555554, grid.best_index_=17, acc=0.3, time=0.4373140335083008
02-06-2022 18:06:28|INFO|Is groups None: False 
02-06-2022 18:06:28|INFO|grid.best_params_={'C': 10000000000.0, 'gamma': 1e-07, 'kernel': 'rbf', 'max_iter': 1000}, grid.best_score_=0.6499999999999999, grid.best_index_=43, acc=0.65, time=0.29581665992736816
02-06-2022 18:06:28|INFO|Is groups None: False 
02-06-2022 18:06:28|INFO|grid.best_params_={'C': 100000000.0, 'gamma': 1e-09, 'kernel': 'rbf', 'max_iter': 1000}, grid.best_score_=0.6277777777777778, grid.best_index_=35, acc=0.8, time=0.32902097702026367
02-06-2022 18:06:29|INFO|Is groups None: False 
02-06-2022 18:06:29|INFO|grid.best_params_={'C': 10000000000.0, 'gamma': 1e-09, 'kernel': 'rbf', 'max_iter': 1000}, grid.best_score_=0.6444444444444444, grid.best_index_=42, acc=0.5, time=0.29576754570007324
02-06-2022 18:06:29|INFO|Is groups None: False 
02-06-2022 18:06:29|INFO|grid.best_params_={'C': 1000000.0, 'gamma': 0.001, 'kernel': 'rbf', 'max_iter': 1000}, grid.best_score_=0.6444444444444444, grid.best_index_=31, acc=0.7, time=0.30503344535827637
02-06-2022 18:06:29|INFO|Is groups None: False 
02-06-2022 18:06:29|INFO|grid.best_params_={'C': 10000000000.0, 'gamma': 1e-07, 'kernel': 'rbf', 'max_iter': 1000}, grid.best_score_=0.6555555555555556, grid.best_index_=43, acc=0.65, time=0.29444432258605957
02-06-2022 18:06:29|INFO|Is groups None: False 
02-06-2022 18:06:30|INFO|grid.best_params_={'C': 10000.0, 'gamma': 1e-05, 'kernel': 'rbf', 'max_iter': 1000}, grid.best_score_=0.6333333333333333, grid.best_index_=23, acc=0.65, time=0.38415002822875977
02-06-2022 18:06:30|INFO|Is groups None: False 
02-06-2022 18:06:30|INFO|grid.best_params_={'C': 1000000.0, 'gamma': 1e-07, 'kernel': 'rbf', 'max_iter': 1000}, grid.best_score_=0.6403703703703704, grid.best_index_=29, acc=0.65, time=0.30432844161987305
02-06-2022 18:06:30|INFO|Is groups None: False 
02-06-2022 18:06:31|INFO|grid.best_params_={'C': 10000.0, 'gamma': 0.001, 'kernel': 'rbf', 'max_iter': 1000}, grid.best_score_=0.6444444444444444, grid.best_index_=24, acc=0.6, time=0.5035297870635986
02-06-2022 18:06:31|INFO|Is groups None: False 
02-06-2022 18:06:31|INFO|grid.best_params_={'C': 100000000.0, 'gamma': 1e-07, 'kernel': 'rbf', 'max_iter': 1000}, grid.best_score_=0.6, grid.best_index_=36, acc=0.7, time=0.3198220729827881
02-06-2022 18:06:31|INFO|s29|10-CV=0.62000|STD=0.12884|Time spend=4.043093204498291
02-06-2022 18:06:31|INFO|Running Segment-First
02-06-2022 18:06:31|INFO|X.shape=(200, 14), y.shape=(200,), groups.shape=(200,)
02-06-2022 18:06:31|INFO|Is groups None: False 
02-06-2022 18:06:32|INFO|grid.best_params_={'C': 0.01, 'gamma': 1e-09, 'kernel': 'rbf', 'max_iter': 1000}, grid.best_score_=0.6666666666666666, grid.best_index_=0, acc=0.75, time=0.372133731842041
02-06-2022 18:06:32|INFO|Is groups None: False 
02-06-2022 18:06:32|INFO|grid.best_params_={'C': 0.01, 'gamma': 1e-09, 'kernel': 'rbf', 'max_iter': 1000}, grid.best_score_=0.6666666666666666, grid.best_index_=0, acc=0.75, time=0.29680514335632324
02-06-2022 18:06:32|INFO|Is groups None: False 
02-06-2022 18:06:32|INFO|grid.best_params_={'C': 0.01, 'gamma': 1e-09, 'kernel': 'rbf', 'max_iter': 1000}, grid.best_score_=0.6944444444444444, grid.best_index_=0, acc=0.5, time=0.333906888961792
02-06-2022 18:06:32|INFO|Is groups None: False 
02-06-2022 18:06:33|INFO|grid.best_params_={'C': 0.01, 'gamma': 1e-09, 'kernel': 'rbf', 'max_iter': 1000}, grid.best_score_=0.6944444444444444, grid.best_index_=0, acc=0.5, time=0.2805461883544922
02-06-2022 18:06:33|INFO|Is groups None: False 
02-06-2022 18:06:33|INFO|grid.best_params_={'C': 100000000.0, 'gamma': 1e-09, 'kernel': 'rbf', 'max_iter': 1000}, grid.best_score_=0.6722222222222222, grid.best_index_=35, acc=0.75, time=0.33132004737854004
02-06-2022 18:06:33|INFO|Is groups None: False 
02-06-2022 18:06:33|INFO|grid.best_params_={'C': 0.01, 'gamma': 1e-09, 'kernel': 'rbf', 'max_iter': 1000}, grid.best_score_=0.6666666666666666, grid.best_index_=0, acc=0.75, time=0.29849720001220703
02-06-2022 18:06:33|INFO|Is groups None: False 
02-06-2022 18:06:34|INFO|grid.best_params_={'C': 0.01, 'gamma': 1e-09, 'kernel': 'rbf', 'max_iter': 1000}, grid.best_score_=0.6944444444444444, grid.best_index_=0, acc=0.5, time=0.3288264274597168
02-06-2022 18:06:34|INFO|Is groups None: False 
02-06-2022 18:06:34|INFO|grid.best_params_={'C': 1000000.0, 'gamma': 1e-07, 'kernel': 'rbf', 'max_iter': 1000}, grid.best_score_=0.6722222222222222, grid.best_index_=29, acc=0.7, time=0.318676233291626
02-06-2022 18:06:34|INFO|Is groups None: False 
02-06-2022 18:06:34|INFO|grid.best_params_={'C': 10000.0, 'gamma': 1e-05, 'kernel': 'rbf', 'max_iter': 1000}, grid.best_score_=0.6833333333333333, grid.best_index_=23, acc=0.55, time=0.3200035095214844
02-06-2022 18:06:34|INFO|Is groups None: False 
02-06-2022 18:06:35|INFO|grid.best_params_={'C': 0.01, 'gamma': 1e-09, 'kernel': 'rbf', 'max_iter': 1000}, grid.best_score_=0.6666666666666666, grid.best_index_=0, acc=0.75, time=0.3099842071533203
02-06-2022 18:06:35|INFO|s30|10-CV=0.65000|STD=0.11402|Time spend=3.7259161472320557
02-06-2022 18:06:35|INFO|Running Segment-First
02-06-2022 18:06:35|INFO|X.shape=(200, 14), y.shape=(200,), groups.shape=(200,)
02-06-2022 18:06:35|INFO|Is groups None: False 
02-06-2022 18:06:36|INFO|grid.best_params_={'C': 0.01, 'gamma': 1e-09, 'kernel': 'rbf', 'max_iter': 1000}, grid.best_score_=0.5833333333333334, grid.best_index_=0, acc=0.5, time=0.44409918785095215
02-06-2022 18:06:36|INFO|Is groups None: False 
02-06-2022 18:06:36|INFO|grid.best_params_={'C': 1.0, 'gamma': 0.1, 'kernel': 'rbf', 'max_iter': 1000}, grid.best_score_=0.6388888888888888, grid.best_index_=11, acc=0.45, time=0.31476402282714844
02-06-2022 18:06:36|INFO|Is groups None: False 
02-06-2022 18:06:36|INFO|grid.best_params_={'C': 1000000.0, 'gamma': 1e-05, 'kernel': 'rbf', 'max_iter': 1000}, grid.best_score_=0.6611111111111111, grid.best_index_=30, acc=0.35, time=0.3307063579559326
02-06-2022 18:06:36|INFO|Is groups None: False 
02-06-2022 18:06:37|INFO|grid.best_params_={'C': 1.0, 'gamma': 0.1, 'kernel': 'rbf', 'max_iter': 1000}, grid.best_score_=0.5777777777777778, grid.best_index_=11, acc=0.8, time=0.29897594451904297
02-06-2022 18:06:37|INFO|Is groups None: False 
02-06-2022 18:06:37|INFO|grid.best_params_={'C': 1.0, 'gamma': 0.1, 'kernel': 'rbf', 'max_iter': 1000}, grid.best_score_=0.6, grid.best_index_=11, acc=0.75, time=0.33190321922302246
02-06-2022 18:06:37|INFO|Is groups None: False 
02-06-2022 18:06:37|INFO|grid.best_params_={'C': 1.0, 'gamma': 0.1, 'kernel': 'rbf', 'max_iter': 1000}, grid.best_score_=0.6277777777777778, grid.best_index_=11, acc=0.65, time=0.2926783561706543
02-06-2022 18:06:37|INFO|Is groups None: False 
02-06-2022 18:06:38|INFO|grid.best_params_={'C': 1.0, 'gamma': 0.1, 'kernel': 'rbf', 'max_iter': 1000}, grid.best_score_=0.6055555555555556, grid.best_index_=11, acc=0.7, time=0.31933021545410156
02-06-2022 18:06:38|INFO|Is groups None: False 
02-06-2022 18:06:38|INFO|grid.best_params_={'C': 1.0, 'gamma': 0.1, 'kernel': 'rbf', 'max_iter': 1000}, grid.best_score_=0.65, grid.best_index_=11, acc=0.7, time=0.316028356552124
02-06-2022 18:06:38|INFO|Is groups None: False 
02-06-2022 18:06:38|INFO|grid.best_params_={'C': 1.0, 'gamma': 0.1, 'kernel': 'rbf', 'max_iter': 1000}, grid.best_score_=0.6333333333333333, grid.best_index_=11, acc=0.4, time=0.3334050178527832
02-06-2022 18:06:38|INFO|Is groups None: False 
02-06-2022 18:06:39|INFO|grid.best_params_={'C': 1.0, 'gamma': 0.1, 'kernel': 'rbf', 'max_iter': 1000}, grid.best_score_=0.6055555555555556, grid.best_index_=11, acc=0.7, time=0.2982497215270996
02-06-2022 18:06:39|INFO|s31|10-CV=0.60000|STD=0.15166|Time spend=3.830007314682007
02-06-2022 18:06:39|INFO|Running Segment-First
02-06-2022 18:06:39|INFO|X.shape=(200, 14), y.shape=(200,), groups.shape=(200,)
02-06-2022 18:06:39|INFO|Is groups None: False 
02-06-2022 18:06:39|INFO|grid.best_params_={'C': 1000000.0, 'gamma': 1e-07, 'kernel': 'rbf', 'max_iter': 1000}, grid.best_score_=0.5833333333333334, grid.best_index_=29, acc=0.75, time=0.4590768814086914
02-06-2022 18:06:39|INFO|Is groups None: False 
02-06-2022 18:06:40|INFO|grid.best_params_={'C': 10000.0, 'gamma': 1e-05, 'kernel': 'rbf', 'max_iter': 1000}, grid.best_score_=0.6000000000000001, grid.best_index_=23, acc=0.5, time=0.3925745487213135
02-06-2022 18:06:40|INFO|Is groups None: False 
02-06-2022 18:06:40|INFO|grid.best_params_={'C': 100.0, 'gamma': 0.001, 'kernel': 'rbf', 'max_iter': 1000}, grid.best_score_=0.6222222222222222, grid.best_index_=17, acc=0.45, time=0.3513369560241699
02-06-2022 18:06:40|INFO|Is groups None: False 
02-06-2022 18:06:41|INFO|grid.best_params_={'C': 100.0, 'gamma': 0.001, 'kernel': 'rbf', 'max_iter': 1000}, grid.best_score_=0.6333333333333333, grid.best_index_=17, acc=0.35, time=0.2955024242401123
02-06-2022 18:06:41|INFO|Is groups None: False 
02-06-2022 18:06:41|INFO|grid.best_params_={'C': 100.0, 'gamma': 0.001, 'kernel': 'rbf', 'max_iter': 1000}, grid.best_score_=0.5944444444444446, grid.best_index_=17, acc=0.45, time=0.3340020179748535
02-06-2022 18:06:41|INFO|Is groups None: False 
02-06-2022 18:06:41|INFO|grid.best_params_={'C': 1.0, 'gamma': 0.1, 'kernel': 'rbf', 'max_iter': 1000}, grid.best_score_=0.5499999999999999, grid.best_index_=11, acc=0.7, time=0.3032393455505371
02-06-2022 18:06:41|INFO|Is groups None: False 
02-06-2022 18:06:41|INFO|grid.best_params_={'C': 10000000000.0, 'gamma': 1e-07, 'kernel': 'rbf', 'max_iter': 1000}, grid.best_score_=0.5444444444444444, grid.best_index_=43, acc=0.6, time=0.29613685607910156
02-06-2022 18:06:41|INFO|Is groups None: False 
02-06-2022 18:06:42|INFO|grid.best_params_={'C': 10000.0, 'gamma': 1e-05, 'kernel': 'rbf', 'max_iter': 1000}, grid.best_score_=0.5111111111111112, grid.best_index_=23, acc=0.85, time=0.3229794502258301
02-06-2022 18:06:42|INFO|Is groups None: False 
02-06-2022 18:06:42|INFO|grid.best_params_={'C': 100.0, 'gamma': 0.001, 'kernel': 'rbf', 'max_iter': 1000}, grid.best_score_=0.611111111111111, grid.best_index_=17, acc=0.6, time=0.33851099014282227
02-06-2022 18:06:42|INFO|Is groups None: False 
02-06-2022 18:06:42|INFO|grid.best_params_={'C': 1.0, 'gamma': 0.1, 'kernel': 'rbf', 'max_iter': 1000}, grid.best_score_=0.5833333333333334, grid.best_index_=11, acc=0.45, time=0.3004751205444336
02-06-2022 18:06:42|INFO|s32|10-CV=0.57000|STD=0.15033|Time spend=3.947481870651245
02-06-2022 18:06:42|INFO|final|10-CV=0.61625|STD=0.03996
