02-06-2022 17:32:32|INFO|
    Running Command: 
        python3 main-ml.py --subject_setup dependent --experimental_setup trial --stimuli_class valence --preprocessing RASM --segment_lenght 20 --output_log ./output/dependent-trial-valence-RASM-20.log
    Starting training:
        segment_lenght:  20
        output_log:      ./output/dependent-trial-valence-RASM-20.log
        stimuli_class:   valence
        preprocessing:   RASM
        subject_setup:   dependent
        experimental_setup: trial
    
02-06-2022 17:32:37|INFO|Running Segment-First
02-06-2022 17:32:37|INFO|X.shape=(120, 14), y.shape=(120,), groups.shape=(120,)
02-06-2022 17:32:37|INFO|Is groups None: False 
02-06-2022 17:32:58|INFO|grid.best_params_={'C': 100000000.0, 'gamma': 1e-07, 'kernel': 'rbf', 'max_iter': 1000}, grid.best_score_=0.5506172839506174, grid.best_index_=36, acc=0.3333333333333333, time=21.08877682685852
02-06-2022 17:32:59|INFO|Is groups None: False 
02-06-2022 17:32:59|INFO|grid.best_params_={'C': 10000000000.0, 'gamma': 1e-09, 'kernel': 'rbf', 'max_iter': 1000}, grid.best_score_=0.55, grid.best_index_=42, acc=0.4166666666666667, time=0.3566772937774658
02-06-2022 17:32:59|INFO|Is groups None: False 
02-06-2022 17:32:59|INFO|grid.best_params_={'C': 100000000.0, 'gamma': 1e-05, 'kernel': 'rbf', 'max_iter': 1000}, grid.best_score_=0.537037037037037, grid.best_index_=37, acc=0.6666666666666666, time=0.2562413215637207
02-06-2022 17:32:59|INFO|Is groups None: False 
02-06-2022 17:32:59|INFO|grid.best_params_={'C': 1000000.0, 'gamma': 0.001, 'kernel': 'rbf', 'max_iter': 1000}, grid.best_score_=0.5722222222222223, grid.best_index_=31, acc=0.5, time=0.24943780899047852
02-06-2022 17:32:59|INFO|Is groups None: False 
02-06-2022 17:33:00|INFO|grid.best_params_={'C': 1000000.0, 'gamma': 0.001, 'kernel': 'rbf', 'max_iter': 1000}, grid.best_score_=0.5487654320987655, grid.best_index_=31, acc=0.75, time=0.28675174713134766
02-06-2022 17:33:00|INFO|Is groups None: False 
02-06-2022 17:33:00|INFO|grid.best_params_={'C': 100000000.0, 'gamma': 1e-05, 'kernel': 'rbf', 'max_iter': 1000}, grid.best_score_=0.5555555555555556, grid.best_index_=37, acc=0.5833333333333334, time=0.2500317096710205
02-06-2022 17:33:00|INFO|Is groups None: False 
02-06-2022 17:33:00|INFO|grid.best_params_={'C': 100000000.0, 'gamma': 1e-05, 'kernel': 'rbf', 'max_iter': 1000}, grid.best_score_=0.5740740740740741, grid.best_index_=37, acc=0.4166666666666667, time=0.23296022415161133
02-06-2022 17:33:00|INFO|Is groups None: False 
02-06-2022 17:33:43|INFO|grid.best_params_={'C': 1000000.0, 'gamma': 0.001, 'kernel': 'rbf', 'max_iter': 1000}, grid.best_score_=0.5277777777777779, grid.best_index_=31, acc=0.5, time=42.59191155433655
02-06-2022 17:33:43|INFO|Is groups None: False 
02-06-2022 17:33:43|INFO|grid.best_params_={'C': 1000000.0, 'gamma': 0.001, 'kernel': 'rbf', 'max_iter': 1000}, grid.best_score_=0.5833333333333334, grid.best_index_=31, acc=0.5833333333333334, time=0.311687707901001
02-06-2022 17:33:43|INFO|Is groups None: False 
02-06-2022 17:33:43|INFO|grid.best_params_={'C': 0.01, 'gamma': 1e-09, 'kernel': 'rbf', 'max_iter': 1000}, grid.best_score_=0.5407407407407407, grid.best_index_=0, acc=0.5, time=0.2331233024597168
02-06-2022 17:33:43|INFO|s01|10-CV=0.52500|STD=0.11815|Time spend=71.70450091362
02-06-2022 17:33:44|INFO|Running Segment-First
02-06-2022 17:33:44|INFO|X.shape=(120, 14), y.shape=(120,), groups.shape=(120,)
02-06-2022 17:33:44|INFO|Is groups None: False 
02-06-2022 17:33:44|INFO|grid.best_params_={'C': 10000000000.0, 'gamma': 1e-09, 'kernel': 'rbf', 'max_iter': 1000}, grid.best_score_=0.6666666666666667, grid.best_index_=42, acc=0.5833333333333334, time=0.28779006004333496
02-06-2022 17:33:44|INFO|Is groups None: False 
02-06-2022 17:33:44|INFO|grid.best_params_={'C': 100.0, 'gamma': 0.001, 'kernel': 'rbf', 'max_iter': 1000}, grid.best_score_=0.6574074074074074, grid.best_index_=17, acc=0.75, time=0.23971915245056152
02-06-2022 17:33:44|INFO|Is groups None: False 
02-06-2022 17:33:45|INFO|grid.best_params_={'C': 100.0, 'gamma': 0.001, 'kernel': 'rbf', 'max_iter': 1000}, grid.best_score_=0.6296296296296297, grid.best_index_=17, acc=0.9166666666666666, time=0.2300107479095459
02-06-2022 17:33:45|INFO|Is groups None: False 
02-06-2022 17:33:45|INFO|grid.best_params_={'C': 100.0, 'gamma': 0.001, 'kernel': 'rbf', 'max_iter': 1000}, grid.best_score_=0.7314814814814814, grid.best_index_=17, acc=0.4166666666666667, time=0.23435544967651367
02-06-2022 17:33:45|INFO|Is groups None: False 
02-06-2022 17:33:45|INFO|grid.best_params_={'C': 1.0, 'gamma': 0.1, 'kernel': 'rbf', 'max_iter': 1000}, grid.best_score_=0.6851851851851852, grid.best_index_=11, acc=0.6666666666666666, time=0.22832417488098145
02-06-2022 17:33:45|INFO|Is groups None: False 
02-06-2022 17:33:45|INFO|grid.best_params_={'C': 1000000.0, 'gamma': 1e-07, 'kernel': 'rbf', 'max_iter': 1000}, grid.best_score_=0.7030864197530865, grid.best_index_=29, acc=0.5833333333333334, time=0.24403047561645508
02-06-2022 17:33:45|INFO|Is groups None: False 
02-06-2022 17:33:45|INFO|grid.best_params_={'C': 10000.0, 'gamma': 1e-05, 'kernel': 'rbf', 'max_iter': 1000}, grid.best_score_=0.6759259259259259, grid.best_index_=23, acc=0.5833333333333334, time=0.23758959770202637
02-06-2022 17:33:45|INFO|Is groups None: False 
02-06-2022 17:33:46|INFO|grid.best_params_={'C': 100000000.0, 'gamma': 1e-09, 'kernel': 'rbf', 'max_iter': 1000}, grid.best_score_=0.6574074074074073, grid.best_index_=35, acc=0.8333333333333334, time=0.2261972427368164
02-06-2022 17:33:46|INFO|Is groups None: False 
02-06-2022 17:33:46|INFO|grid.best_params_={'C': 10000000000.0, 'gamma': 1e-07, 'kernel': 'rbf', 'max_iter': 1000}, grid.best_score_=0.6666666666666667, grid.best_index_=43, acc=0.6666666666666666, time=0.23041939735412598
02-06-2022 17:33:46|INFO|Is groups None: False 
02-06-2022 17:33:46|INFO|grid.best_params_={'C': 1000000.0, 'gamma': 1e-07, 'kernel': 'rbf', 'max_iter': 1000}, grid.best_score_=0.75, grid.best_index_=29, acc=0.4166666666666667, time=0.2428269386291504
02-06-2022 17:33:46|INFO|s02|10-CV=0.64167|STD=0.15388|Time spend=2.838745355606079
02-06-2022 17:33:47|INFO|Running Segment-First
02-06-2022 17:33:47|INFO|X.shape=(120, 14), y.shape=(120,), groups.shape=(120,)
02-06-2022 17:33:47|INFO|Is groups None: False 
02-06-2022 17:33:47|INFO|grid.best_params_={'C': 1000000.0, 'gamma': 0.001, 'kernel': 'rbf', 'max_iter': 1000}, grid.best_score_=0.5925925925925927, grid.best_index_=31, acc=0.5833333333333334, time=0.33337926864624023
02-06-2022 17:33:47|INFO|Is groups None: False 
02-06-2022 17:33:47|INFO|grid.best_params_={'C': 0.01, 'gamma': 1e-09, 'kernel': 'rbf', 'max_iter': 1000}, grid.best_score_=0.5555555555555556, grid.best_index_=0, acc=0.5, time=0.26454615592956543
02-06-2022 17:33:47|INFO|Is groups None: False 
02-06-2022 17:33:47|INFO|grid.best_params_={'C': 100000000.0, 'gamma': 1e-07, 'kernel': 'rbf', 'max_iter': 1000}, grid.best_score_=0.6203703703703703, grid.best_index_=36, acc=0.5, time=0.23262834548950195
02-06-2022 17:33:47|INFO|Is groups None: False 
02-06-2022 17:33:48|INFO|grid.best_params_={'C': 100000000.0, 'gamma': 1e-07, 'kernel': 'rbf', 'max_iter': 1000}, grid.best_score_=0.65, grid.best_index_=36, acc=0.5, time=0.23394489288330078
02-06-2022 17:33:48|INFO|Is groups None: False 
02-06-2022 17:33:48|INFO|grid.best_params_={'C': 100000000.0, 'gamma': 1e-07, 'kernel': 'rbf', 'max_iter': 1000}, grid.best_score_=0.6018518518518519, grid.best_index_=36, acc=0.5833333333333334, time=0.231886625289917
02-06-2022 17:33:48|INFO|Is groups None: False 
02-06-2022 17:33:48|INFO|grid.best_params_={'C': 10000000000.0, 'gamma': 1e-09, 'kernel': 'rbf', 'max_iter': 1000}, grid.best_score_=0.6018518518518519, grid.best_index_=42, acc=0.5, time=0.24479246139526367
02-06-2022 17:33:48|INFO|Is groups None: False 
02-06-2022 17:33:48|INFO|grid.best_params_={'C': 0.01, 'gamma': 10.0, 'kernel': 'rbf', 'max_iter': 1000}, grid.best_score_=0.5555555555555556, grid.best_index_=5, acc=0.5, time=0.25855207443237305
02-06-2022 17:33:48|INFO|Is groups None: False 
02-06-2022 17:33:49|INFO|grid.best_params_={'C': 100.0, 'gamma': 0.001, 'kernel': 'rbf', 'max_iter': 1000}, grid.best_score_=0.6018518518518519, grid.best_index_=17, acc=0.5, time=0.22875547409057617
02-06-2022 17:33:49|INFO|Is groups None: False 
02-06-2022 17:33:49|INFO|grid.best_params_={'C': 10000.0, 'gamma': 0.001, 'kernel': 'rbf', 'max_iter': 1000}, grid.best_score_=0.5623456790123457, grid.best_index_=24, acc=0.4166666666666667, time=0.3895556926727295
02-06-2022 17:33:49|INFO|Is groups None: False 
02-06-2022 17:33:49|INFO|grid.best_params_={'C': 100000000.0, 'gamma': 1e-07, 'kernel': 'rbf', 'max_iter': 1000}, grid.best_score_=0.6018518518518519, grid.best_index_=36, acc=0.5833333333333334, time=0.26587820053100586
02-06-2022 17:33:49|INFO|s03|10-CV=0.51667|STD=0.05000|Time spend=3.125260829925537
02-06-2022 17:33:50|INFO|Running Segment-First
02-06-2022 17:33:50|INFO|X.shape=(120, 14), y.shape=(120,), groups.shape=(120,)
02-06-2022 17:33:50|INFO|Is groups None: False 
02-06-2022 17:33:50|INFO|grid.best_params_={'C': 100.0, 'gamma': 0.001, 'kernel': 'rbf', 'max_iter': 1000}, grid.best_score_=0.6944444444444444, grid.best_index_=17, acc=0.6666666666666666, time=0.33275723457336426
02-06-2022 17:33:50|INFO|Is groups None: False 
02-06-2022 17:33:50|INFO|grid.best_params_={'C': 1000000.0, 'gamma': 1e-07, 'kernel': 'rbf', 'max_iter': 1000}, grid.best_score_=0.7037037037037037, grid.best_index_=29, acc=0.5833333333333334, time=0.2629384994506836
02-06-2022 17:33:50|INFO|Is groups None: False 
02-06-2022 17:33:51|INFO|grid.best_params_={'C': 1000000.0, 'gamma': 1e-07, 'kernel': 'rbf', 'max_iter': 1000}, grid.best_score_=0.6851851851851851, grid.best_index_=29, acc=0.6666666666666666, time=0.24997925758361816
02-06-2022 17:33:51|INFO|Is groups None: False 
02-06-2022 17:33:51|INFO|grid.best_params_={'C': 1000000.0, 'gamma': 1e-07, 'kernel': 'rbf', 'max_iter': 1000}, grid.best_score_=0.7222222222222222, grid.best_index_=29, acc=0.6666666666666666, time=0.2660951614379883
02-06-2022 17:33:51|INFO|Is groups None: False 
02-06-2022 17:33:51|INFO|grid.best_params_={'C': 1000000.0, 'gamma': 1e-07, 'kernel': 'rbf', 'max_iter': 1000}, grid.best_score_=0.6851851851851851, grid.best_index_=29, acc=0.75, time=0.250809907913208
02-06-2022 17:33:51|INFO|Is groups None: False 
02-06-2022 17:33:51|INFO|grid.best_params_={'C': 100.0, 'gamma': 0.001, 'kernel': 'rbf', 'max_iter': 1000}, grid.best_score_=0.6944444444444444, grid.best_index_=17, acc=0.8333333333333334, time=0.23495697975158691
02-06-2022 17:33:51|INFO|Is groups None: False 
02-06-2022 17:33:52|INFO|grid.best_params_={'C': 10000.0, 'gamma': 0.001, 'kernel': 'rbf', 'max_iter': 1000}, grid.best_score_=0.7037037037037037, grid.best_index_=24, acc=1.0, time=0.24218440055847168
02-06-2022 17:33:52|INFO|Is groups None: False 
02-06-2022 17:33:52|INFO|grid.best_params_={'C': 10000.0, 'gamma': 1e-05, 'kernel': 'rbf', 'max_iter': 1000}, grid.best_score_=0.7222222222222221, grid.best_index_=23, acc=0.5, time=0.26417088508605957
02-06-2022 17:33:52|INFO|Is groups None: False 
02-06-2022 17:33:52|INFO|grid.best_params_={'C': 100.0, 'gamma': 0.001, 'kernel': 'rbf', 'max_iter': 1000}, grid.best_score_=0.7222222222222222, grid.best_index_=17, acc=0.6666666666666666, time=0.2449939250946045
02-06-2022 17:33:52|INFO|Is groups None: False 
02-06-2022 17:33:52|INFO|grid.best_params_={'C': 10000.0, 'gamma': 1e-05, 'kernel': 'rbf', 'max_iter': 1000}, grid.best_score_=0.6851851851851852, grid.best_index_=23, acc=0.9166666666666666, time=0.26137280464172363
02-06-2022 17:33:52|INFO|s04|10-CV=0.72500|STD=0.14458|Time spend=3.0386760234832764
02-06-2022 17:33:53|INFO|Running Segment-First
02-06-2022 17:33:53|INFO|X.shape=(120, 14), y.shape=(120,), groups.shape=(120,)
02-06-2022 17:33:53|INFO|Is groups None: False 
02-06-2022 17:33:53|INFO|grid.best_params_={'C': 1000000.0, 'gamma': 1e-05, 'kernel': 'rbf', 'max_iter': 1000}, grid.best_score_=0.6203703703703705, grid.best_index_=30, acc=0.5833333333333334, time=0.3428456783294678
02-06-2022 17:33:53|INFO|Is groups None: False 
02-06-2022 17:33:53|INFO|grid.best_params_={'C': 100000000.0, 'gamma': 1e-07, 'kernel': 'rbf', 'max_iter': 1000}, grid.best_score_=0.6574074074074073, grid.best_index_=36, acc=0.5, time=0.2610287666320801
02-06-2022 17:33:53|INFO|Is groups None: False 
02-06-2022 17:33:54|INFO|grid.best_params_={'C': 100.0, 'gamma': 0.1, 'kernel': 'rbf', 'max_iter': 1000}, grid.best_score_=0.6481481481481481, grid.best_index_=18, acc=0.75, time=0.23019719123840332
02-06-2022 17:33:54|INFO|Is groups None: False 
02-06-2022 17:33:54|INFO|grid.best_params_={'C': 100.0, 'gamma': 0.001, 'kernel': 'rbf', 'max_iter': 1000}, grid.best_score_=0.6944444444444445, grid.best_index_=17, acc=0.5833333333333334, time=0.23670291900634766
02-06-2022 17:33:54|INFO|Is groups None: False 
02-06-2022 17:33:54|INFO|grid.best_params_={'C': 100.0, 'gamma': 0.1, 'kernel': 'rbf', 'max_iter': 1000}, grid.best_score_=0.6203703703703705, grid.best_index_=18, acc=0.3333333333333333, time=0.23910999298095703
02-06-2022 17:33:54|INFO|Is groups None: False 
02-06-2022 17:33:54|INFO|grid.best_params_={'C': 10000000000.0, 'gamma': 1e-09, 'kernel': 'rbf', 'max_iter': 1000}, grid.best_score_=0.6203703703703705, grid.best_index_=42, acc=0.5, time=0.2468581199645996
02-06-2022 17:33:54|INFO|Is groups None: False 
02-06-2022 17:33:55|INFO|grid.best_params_={'C': 1000000.0, 'gamma': 0.001, 'kernel': 'rbf', 'max_iter': 1000}, grid.best_score_=0.6666666666666667, grid.best_index_=31, acc=0.3333333333333333, time=0.3504517078399658
02-06-2022 17:33:55|INFO|Is groups None: False 
02-06-2022 17:33:55|INFO|grid.best_params_={'C': 10000000000.0, 'gamma': 1e-09, 'kernel': 'rbf', 'max_iter': 1000}, grid.best_score_=0.6481481481481483, grid.best_index_=42, acc=0.5, time=0.24729132652282715
02-06-2022 17:33:55|INFO|Is groups None: False 
02-06-2022 17:33:55|INFO|grid.best_params_={'C': 100.0, 'gamma': 0.1, 'kernel': 'rbf', 'max_iter': 1000}, grid.best_score_=0.6203703703703703, grid.best_index_=18, acc=0.3333333333333333, time=0.2419126033782959
02-06-2022 17:33:55|INFO|Is groups None: False 
02-06-2022 17:33:55|INFO|grid.best_params_={'C': 1000000.0, 'gamma': 1e-07, 'kernel': 'rbf', 'max_iter': 1000}, grid.best_score_=0.6481481481481481, grid.best_index_=29, acc=0.5833333333333334, time=0.24088501930236816
02-06-2022 17:33:55|INFO|s05|10-CV=0.50000|STD=0.12910|Time spend=3.0432090759277344
02-06-2022 17:33:56|INFO|Running Segment-First
02-06-2022 17:33:56|INFO|X.shape=(120, 14), y.shape=(120,), groups.shape=(120,)
02-06-2022 17:33:56|INFO|Is groups None: False 
02-06-2022 17:33:56|INFO|grid.best_params_={'C': 0.01, 'gamma': 1e-09, 'kernel': 'rbf', 'max_iter': 1000}, grid.best_score_=0.75, grid.best_index_=0, acc=0.75, time=0.2901275157928467
02-06-2022 17:33:56|INFO|Is groups None: False 
02-06-2022 17:33:56|INFO|grid.best_params_={'C': 0.01, 'gamma': 1e-09, 'kernel': 'rbf', 'max_iter': 1000}, grid.best_score_=0.75, grid.best_index_=0, acc=0.75, time=0.24091744422912598
02-06-2022 17:33:56|INFO|Is groups None: False 
02-06-2022 17:33:57|INFO|grid.best_params_={'C': 0.01, 'gamma': 1e-09, 'kernel': 'rbf', 'max_iter': 1000}, grid.best_score_=0.75, grid.best_index_=0, acc=0.75, time=0.2317829132080078
02-06-2022 17:33:57|INFO|Is groups None: False 
02-06-2022 17:33:57|INFO|grid.best_params_={'C': 0.01, 'gamma': 1e-09, 'kernel': 'rbf', 'max_iter': 1000}, grid.best_score_=0.75, grid.best_index_=0, acc=0.75, time=0.26536107063293457
02-06-2022 17:33:57|INFO|Is groups None: False 
02-06-2022 17:33:57|INFO|grid.best_params_={'C': 0.01, 'gamma': 1e-09, 'kernel': 'rbf', 'max_iter': 1000}, grid.best_score_=0.75, grid.best_index_=0, acc=0.75, time=0.25327253341674805
02-06-2022 17:33:57|INFO|Is groups None: False 
02-06-2022 17:33:57|INFO|grid.best_params_={'C': 0.01, 'gamma': 1e-09, 'kernel': 'rbf', 'max_iter': 1000}, grid.best_score_=0.75, grid.best_index_=0, acc=0.75, time=0.24339628219604492
02-06-2022 17:33:57|INFO|Is groups None: False 
02-06-2022 17:33:58|INFO|grid.best_params_={'C': 0.01, 'gamma': 1e-09, 'kernel': 'rbf', 'max_iter': 1000}, grid.best_score_=0.75, grid.best_index_=0, acc=0.75, time=0.23321127891540527
02-06-2022 17:33:58|INFO|Is groups None: False 
02-06-2022 17:33:58|INFO|grid.best_params_={'C': 0.01, 'gamma': 1e-09, 'kernel': 'rbf', 'max_iter': 1000}, grid.best_score_=0.75, grid.best_index_=0, acc=0.75, time=0.23952174186706543
02-06-2022 17:33:58|INFO|Is groups None: False 
02-06-2022 17:33:58|INFO|grid.best_params_={'C': 0.01, 'gamma': 1e-09, 'kernel': 'rbf', 'max_iter': 1000}, grid.best_score_=0.75, grid.best_index_=0, acc=0.75, time=0.23998403549194336
02-06-2022 17:33:58|INFO|Is groups None: False 
02-06-2022 17:33:58|INFO|grid.best_params_={'C': 0.01, 'gamma': 1e-09, 'kernel': 'rbf', 'max_iter': 1000}, grid.best_score_=0.75, grid.best_index_=0, acc=0.75, time=0.2537863254547119
02-06-2022 17:33:58|INFO|s06|10-CV=0.75000|STD=0.00000|Time spend=2.9395954608917236
02-06-2022 17:33:59|INFO|Running Segment-First
02-06-2022 17:33:59|INFO|X.shape=(120, 14), y.shape=(120,), groups.shape=(120,)
02-06-2022 17:33:59|INFO|Is groups None: False 
02-06-2022 17:33:59|INFO|grid.best_params_={'C': 0.01, 'gamma': 1e-09, 'kernel': 'rbf', 'max_iter': 1000}, grid.best_score_=0.6944444444444444, grid.best_index_=0, acc=0.75, time=0.31671643257141113
02-06-2022 17:33:59|INFO|Is groups None: False 
02-06-2022 17:33:59|INFO|grid.best_params_={'C': 10000000000.0, 'gamma': 1e-07, 'kernel': 'rbf', 'max_iter': 1000}, grid.best_score_=0.75, grid.best_index_=43, acc=0.5, time=0.25371408462524414
02-06-2022 17:33:59|INFO|Is groups None: False 
02-06-2022 17:34:00|INFO|grid.best_params_={'C': 0.01, 'gamma': 1e-09, 'kernel': 'rbf', 'max_iter': 1000}, grid.best_score_=0.6944444444444444, grid.best_index_=0, acc=0.75, time=0.23628473281860352
02-06-2022 17:34:00|INFO|Is groups None: False 
02-06-2022 17:34:00|INFO|grid.best_params_={'C': 0.01, 'gamma': 1e-09, 'kernel': 'rbf', 'max_iter': 1000}, grid.best_score_=0.7222222222222222, grid.best_index_=0, acc=0.5, time=0.24044227600097656
02-06-2022 17:34:00|INFO|Is groups None: False 
02-06-2022 17:34:00|INFO|grid.best_params_={'C': 0.01, 'gamma': 1e-09, 'kernel': 'rbf', 'max_iter': 1000}, grid.best_score_=0.6944444444444444, grid.best_index_=0, acc=0.75, time=0.24487519264221191
02-06-2022 17:34:00|INFO|Is groups None: False 
02-06-2022 17:34:00|INFO|grid.best_params_={'C': 0.01, 'gamma': 1e-09, 'kernel': 'rbf', 'max_iter': 1000}, grid.best_score_=0.6944444444444444, grid.best_index_=0, acc=0.75, time=0.24251246452331543
02-06-2022 17:34:00|INFO|Is groups None: False 
02-06-2022 17:34:01|INFO|grid.best_params_={'C': 0.01, 'gamma': 1e-09, 'kernel': 'rbf', 'max_iter': 1000}, grid.best_score_=0.6944444444444444, grid.best_index_=0, acc=0.75, time=0.2512791156768799
02-06-2022 17:34:01|INFO|Is groups None: False 
02-06-2022 17:34:01|INFO|grid.best_params_={'C': 0.01, 'gamma': 1e-09, 'kernel': 'rbf', 'max_iter': 1000}, grid.best_score_=0.6944444444444444, grid.best_index_=0, acc=0.75, time=0.24747705459594727
02-06-2022 17:34:01|INFO|Is groups None: False 
02-06-2022 17:34:01|INFO|grid.best_params_={'C': 100000000.0, 'gamma': 1e-09, 'kernel': 'rbf', 'max_iter': 1000}, grid.best_score_=0.7037037037037037, grid.best_index_=35, acc=0.75, time=0.24161100387573242
02-06-2022 17:34:01|INFO|Is groups None: False 
02-06-2022 17:34:01|INFO|grid.best_params_={'C': 1000000.0, 'gamma': 1e-05, 'kernel': 'rbf', 'max_iter': 1000}, grid.best_score_=0.7037037037037037, grid.best_index_=30, acc=0.3333333333333333, time=0.24733304977416992
02-06-2022 17:34:01|INFO|s07|10-CV=0.65833|STD=0.14649|Time spend=2.96950101852417
02-06-2022 17:34:02|INFO|Running Segment-First
02-06-2022 17:34:02|INFO|X.shape=(120, 14), y.shape=(120,), groups.shape=(120,)
02-06-2022 17:34:02|INFO|Is groups None: False 
02-06-2022 17:34:02|INFO|grid.best_params_={'C': 10000.0, 'gamma': 0.001, 'kernel': 'rbf', 'max_iter': 1000}, grid.best_score_=0.675925925925926, grid.best_index_=24, acc=0.5833333333333334, time=0.29174375534057617
02-06-2022 17:34:02|INFO|Is groups None: False 
02-06-2022 17:34:02|INFO|grid.best_params_={'C': 1.0, 'gamma': 0.1, 'kernel': 'rbf', 'max_iter': 1000}, grid.best_score_=0.6481481481481483, grid.best_index_=11, acc=0.5833333333333334, time=0.2573060989379883
02-06-2022 17:34:02|INFO|Is groups None: False 
02-06-2022 17:34:03|INFO|grid.best_params_={'C': 1000000.0, 'gamma': 0.001, 'kernel': 'rbf', 'max_iter': 1000}, grid.best_score_=0.6296296296296297, grid.best_index_=31, acc=0.5833333333333334, time=0.24201035499572754
02-06-2022 17:34:03|INFO|Is groups None: False 
02-06-2022 17:34:03|INFO|grid.best_params_={'C': 100.0, 'gamma': 0.001, 'kernel': 'rbf', 'max_iter': 1000}, grid.best_score_=0.6574074074074074, grid.best_index_=17, acc=0.4166666666666667, time=0.26295971870422363
02-06-2022 17:34:03|INFO|Is groups None: False 
02-06-2022 17:34:03|INFO|grid.best_params_={'C': 10000.0, 'gamma': 0.001, 'kernel': 'rbf', 'max_iter': 1000}, grid.best_score_=0.5833333333333335, grid.best_index_=24, acc=0.8333333333333334, time=0.2413325309753418
02-06-2022 17:34:03|INFO|Is groups None: False 
02-06-2022 17:34:03|INFO|grid.best_params_={'C': 10000.0, 'gamma': 0.001, 'kernel': 'rbf', 'max_iter': 1000}, grid.best_score_=0.6771604938271606, grid.best_index_=24, acc=0.5, time=0.2343308925628662
02-06-2022 17:34:03|INFO|Is groups None: False 
02-06-2022 17:34:04|INFO|grid.best_params_={'C': 1.0, 'gamma': 0.1, 'kernel': 'rbf', 'max_iter': 1000}, grid.best_score_=0.6574074074074074, grid.best_index_=11, acc=0.5, time=0.2501242160797119
02-06-2022 17:34:04|INFO|Is groups None: False 
02-06-2022 17:34:04|INFO|grid.best_params_={'C': 1.0, 'gamma': 0.1, 'kernel': 'rbf', 'max_iter': 1000}, grid.best_score_=0.6944444444444444, grid.best_index_=11, acc=0.5, time=0.2707672119140625
02-06-2022 17:34:04|INFO|Is groups None: False 
02-06-2022 17:34:04|INFO|grid.best_params_={'C': 10000.0, 'gamma': 0.001, 'kernel': 'rbf', 'max_iter': 1000}, grid.best_score_=0.6851851851851851, grid.best_index_=24, acc=0.5, time=0.24598121643066406
02-06-2022 17:34:04|INFO|Is groups None: False 
02-06-2022 17:34:04|INFO|grid.best_params_={'C': 1.0, 'gamma': 0.1, 'kernel': 'rbf', 'max_iter': 1000}, grid.best_score_=0.6388888888888888, grid.best_index_=11, acc=0.6666666666666666, time=0.25386977195739746
02-06-2022 17:34:04|INFO|s08|10-CV=0.56667|STD=0.11055|Time spend=3.0255887508392334
02-06-2022 17:34:05|INFO|Running Segment-First
02-06-2022 17:34:05|INFO|X.shape=(120, 14), y.shape=(120,), groups.shape=(120,)
02-06-2022 17:34:05|INFO|Is groups None: False 
02-06-2022 17:34:05|INFO|grid.best_params_={'C': 1.0, 'gamma': 0.1, 'kernel': 'rbf', 'max_iter': 1000}, grid.best_score_=0.6574074074074074, grid.best_index_=11, acc=0.75, time=0.3046724796295166
02-06-2022 17:34:05|INFO|Is groups None: False 
02-06-2022 17:34:05|INFO|grid.best_params_={'C': 1000000.0, 'gamma': 1e-07, 'kernel': 'rbf', 'max_iter': 1000}, grid.best_score_=0.6666666666666666, grid.best_index_=29, acc=0.9166666666666666, time=0.24255919456481934
02-06-2022 17:34:05|INFO|Is groups None: False 
02-06-2022 17:34:06|INFO|grid.best_params_={'C': 10000.0, 'gamma': 1e-05, 'kernel': 'rbf', 'max_iter': 1000}, grid.best_score_=0.7222222222222222, grid.best_index_=23, acc=0.6666666666666666, time=0.23656296730041504
02-06-2022 17:34:06|INFO|Is groups None: False 
02-06-2022 17:34:06|INFO|grid.best_params_={'C': 1.0, 'gamma': 0.1, 'kernel': 'rbf', 'max_iter': 1000}, grid.best_score_=0.6944444444444444, grid.best_index_=11, acc=0.8333333333333334, time=0.24390792846679688
02-06-2022 17:34:06|INFO|Is groups None: False 
02-06-2022 17:34:06|INFO|grid.best_params_={'C': 10000.0, 'gamma': 1e-05, 'kernel': 'rbf', 'max_iter': 1000}, grid.best_score_=0.7314814814814814, grid.best_index_=23, acc=0.75, time=0.23821258544921875
02-06-2022 17:34:06|INFO|Is groups None: False 
02-06-2022 17:34:06|INFO|grid.best_params_={'C': 100.0, 'gamma': 0.001, 'kernel': 'rbf', 'max_iter': 1000}, grid.best_score_=0.6388888888888888, grid.best_index_=17, acc=0.9166666666666666, time=0.24059796333312988
02-06-2022 17:34:06|INFO|Is groups None: False 
02-06-2022 17:34:06|INFO|grid.best_params_={'C': 1000000.0, 'gamma': 1e-05, 'kernel': 'rbf', 'max_iter': 1000}, grid.best_score_=0.7407407407407408, grid.best_index_=30, acc=0.4166666666666667, time=0.23842716217041016
02-06-2022 17:34:06|INFO|Is groups None: False 
02-06-2022 17:34:07|INFO|grid.best_params_={'C': 100.0, 'gamma': 0.001, 'kernel': 'rbf', 'max_iter': 1000}, grid.best_score_=0.6851851851851852, grid.best_index_=17, acc=0.6666666666666666, time=0.24126195907592773
02-06-2022 17:34:07|INFO|Is groups None: False 
02-06-2022 17:34:07|INFO|grid.best_params_={'C': 10000.0, 'gamma': 1e-05, 'kernel': 'rbf', 'max_iter': 1000}, grid.best_score_=0.6666666666666667, grid.best_index_=23, acc=0.6666666666666666, time=0.23500633239746094
02-06-2022 17:34:07|INFO|Is groups None: False 
02-06-2022 17:34:07|INFO|grid.best_params_={'C': 10000.0, 'gamma': 0.001, 'kernel': 'rbf', 'max_iter': 1000}, grid.best_score_=0.6851851851851852, grid.best_index_=24, acc=0.4166666666666667, time=0.2643876075744629
02-06-2022 17:34:07|INFO|s09|10-CV=0.70000|STD=0.16750|Time spend=2.916689872741699
02-06-2022 17:34:08|INFO|Running Segment-First
02-06-2022 17:34:08|INFO|X.shape=(120, 14), y.shape=(120,), groups.shape=(120,)
02-06-2022 17:34:08|INFO|Is groups None: False 
02-06-2022 17:34:08|INFO|grid.best_params_={'C': 10000.0, 'gamma': 1e-05, 'kernel': 'rbf', 'max_iter': 1000}, grid.best_score_=0.7962962962962963, grid.best_index_=23, acc=0.5, time=0.3336141109466553
02-06-2022 17:34:08|INFO|Is groups None: False 
02-06-2022 17:34:08|INFO|grid.best_params_={'C': 1.0, 'gamma': 0.1, 'kernel': 'rbf', 'max_iter': 1000}, grid.best_score_=0.7037037037037037, grid.best_index_=11, acc=0.75, time=0.261716365814209
02-06-2022 17:34:08|INFO|Is groups None: False 
02-06-2022 17:34:09|INFO|grid.best_params_={'C': 1000000.0, 'gamma': 1e-07, 'kernel': 'rbf', 'max_iter': 1000}, grid.best_score_=0.7592592592592593, grid.best_index_=29, acc=0.4166666666666667, time=0.23399806022644043
02-06-2022 17:34:09|INFO|Is groups None: False 
02-06-2022 17:34:09|INFO|grid.best_params_={'C': 10000.0, 'gamma': 1e-05, 'kernel': 'rbf', 'max_iter': 1000}, grid.best_score_=0.7037037037037037, grid.best_index_=23, acc=0.6666666666666666, time=0.24296236038208008
02-06-2022 17:34:09|INFO|Is groups None: False 
02-06-2022 17:34:09|INFO|grid.best_params_={'C': 10000.0, 'gamma': 1e-05, 'kernel': 'rbf', 'max_iter': 1000}, grid.best_score_=0.712962962962963, grid.best_index_=23, acc=0.9166666666666666, time=0.24856352806091309
02-06-2022 17:34:09|INFO|Is groups None: False 
02-06-2022 17:34:09|INFO|grid.best_params_={'C': 1000000.0, 'gamma': 1e-07, 'kernel': 'rbf', 'max_iter': 1000}, grid.best_score_=0.7407407407407408, grid.best_index_=29, acc=0.9166666666666666, time=0.3973262310028076
02-06-2022 17:34:09|INFO|Is groups None: False 
02-06-2022 17:34:10|INFO|grid.best_params_={'C': 1000000.0, 'gamma': 1e-07, 'kernel': 'rbf', 'max_iter': 1000}, grid.best_score_=0.7037037037037037, grid.best_index_=29, acc=0.8333333333333334, time=0.2652261257171631
02-06-2022 17:34:10|INFO|Is groups None: False 
02-06-2022 17:34:10|INFO|grid.best_params_={'C': 10000.0, 'gamma': 1e-05, 'kernel': 'rbf', 'max_iter': 1000}, grid.best_score_=0.7685185185185185, grid.best_index_=23, acc=0.75, time=0.24062037467956543
02-06-2022 17:34:10|INFO|Is groups None: False 
02-06-2022 17:34:10|INFO|grid.best_params_={'C': 1.0, 'gamma': 0.1, 'kernel': 'rbf', 'max_iter': 1000}, grid.best_score_=0.6944444444444444, grid.best_index_=11, acc=0.8333333333333334, time=0.24660062789916992
02-06-2022 17:34:10|INFO|Is groups None: False 
02-06-2022 17:34:10|INFO|grid.best_params_={'C': 100.0, 'gamma': 0.001, 'kernel': 'rbf', 'max_iter': 1000}, grid.best_score_=0.787037037037037, grid.best_index_=17, acc=0.5, time=0.2507588863372803
02-06-2022 17:34:10|INFO|s10|10-CV=0.70833|STD=0.17180|Time spend=3.1961758136749268
02-06-2022 17:34:11|INFO|Running Segment-First
02-06-2022 17:34:11|INFO|X.shape=(120, 14), y.shape=(120,), groups.shape=(120,)
02-06-2022 17:34:11|INFO|Is groups None: False 
02-06-2022 17:34:11|INFO|grid.best_params_={'C': 100000000.0, 'gamma': 1e-09, 'kernel': 'rbf', 'max_iter': 1000}, grid.best_score_=0.6759259259259259, grid.best_index_=35, acc=0.6666666666666666, time=0.3519289493560791
02-06-2022 17:34:11|INFO|Is groups None: False 
02-06-2022 17:34:11|INFO|grid.best_params_={'C': 1000000.0, 'gamma': 1e-07, 'kernel': 'rbf', 'max_iter': 1000}, grid.best_score_=0.6574074074074074, grid.best_index_=29, acc=0.5833333333333334, time=0.2500736713409424
02-06-2022 17:34:11|INFO|Is groups None: False 
02-06-2022 17:34:12|INFO|grid.best_params_={'C': 1.0, 'gamma': 0.1, 'kernel': 'rbf', 'max_iter': 1000}, grid.best_score_=0.6574074074074074, grid.best_index_=11, acc=0.5, time=0.23100948333740234
02-06-2022 17:34:12|INFO|Is groups None: False 
02-06-2022 17:34:12|INFO|grid.best_params_={'C': 100000000.0, 'gamma': 1e-09, 'kernel': 'rbf', 'max_iter': 1000}, grid.best_score_=0.6666666666666665, grid.best_index_=35, acc=0.5, time=0.2417764663696289
02-06-2022 17:34:12|INFO|Is groups None: False 
02-06-2022 17:34:12|INFO|grid.best_params_={'C': 10000000000.0, 'gamma': 1e-09, 'kernel': 'rbf', 'max_iter': 1000}, grid.best_score_=0.6666666666666667, grid.best_index_=42, acc=0.5, time=0.25057458877563477
02-06-2022 17:34:12|INFO|Is groups None: False 
02-06-2022 17:34:12|INFO|grid.best_params_={'C': 1000000.0, 'gamma': 1e-07, 'kernel': 'rbf', 'max_iter': 1000}, grid.best_score_=0.6759259259259259, grid.best_index_=29, acc=0.75, time=0.23990941047668457
02-06-2022 17:34:12|INFO|Is groups None: False 
02-06-2022 17:34:13|INFO|grid.best_params_={'C': 100000000.0, 'gamma': 1e-09, 'kernel': 'rbf', 'max_iter': 1000}, grid.best_score_=0.6574074074074074, grid.best_index_=35, acc=0.5833333333333334, time=0.2631223201751709
02-06-2022 17:34:13|INFO|Is groups None: False 
02-06-2022 17:34:13|INFO|grid.best_params_={'C': 1000000.0, 'gamma': 1e-05, 'kernel': 'rbf', 'max_iter': 1000}, grid.best_score_=0.6203703703703703, grid.best_index_=30, acc=0.5833333333333334, time=0.23389172554016113
02-06-2022 17:34:13|INFO|Is groups None: False 
02-06-2022 17:34:13|INFO|grid.best_params_={'C': 1.0, 'gamma': 0.1, 'kernel': 'rbf', 'max_iter': 1000}, grid.best_score_=0.6481481481481481, grid.best_index_=11, acc=0.6666666666666666, time=0.31122398376464844
02-06-2022 17:34:13|INFO|Is groups None: False 
02-06-2022 17:34:14|INFO|grid.best_params_={'C': 100000000.0, 'gamma': 1e-09, 'kernel': 'rbf', 'max_iter': 1000}, grid.best_score_=0.6759259259259259, grid.best_index_=35, acc=0.6666666666666666, time=0.26383447647094727
02-06-2022 17:34:14|INFO|s11|10-CV=0.60000|STD=0.08165|Time spend=3.0924391746520996
02-06-2022 17:34:14|INFO|Running Segment-First
02-06-2022 17:34:14|INFO|X.shape=(120, 14), y.shape=(120,), groups.shape=(120,)
02-06-2022 17:34:14|INFO|Is groups None: False 
02-06-2022 17:34:14|INFO|grid.best_params_={'C': 1000000.0, 'gamma': 1e-07, 'kernel': 'rbf', 'max_iter': 1000}, grid.best_score_=0.6049382716049383, grid.best_index_=29, acc=0.8333333333333334, time=0.32524609565734863
02-06-2022 17:34:14|INFO|Is groups None: False 
02-06-2022 17:34:15|INFO|grid.best_params_={'C': 100000000.0, 'gamma': 1e-05, 'kernel': 'rbf', 'max_iter': 1000}, grid.best_score_=0.5901234567901235, grid.best_index_=37, acc=0.4166666666666667, time=0.2614014148712158
02-06-2022 17:34:15|INFO|Is groups None: False 
02-06-2022 17:34:15|INFO|grid.best_params_={'C': 100.0, 'gamma': 0.001, 'kernel': 'rbf', 'max_iter': 1000}, grid.best_score_=0.5864197530864197, grid.best_index_=17, acc=0.8333333333333334, time=0.23697662353515625
02-06-2022 17:34:15|INFO|Is groups None: False 
02-06-2022 17:34:15|INFO|grid.best_params_={'C': 10000.0, 'gamma': 1e-05, 'kernel': 'rbf', 'max_iter': 1000}, grid.best_score_=0.6296296296296297, grid.best_index_=23, acc=0.75, time=0.2445082664489746
02-06-2022 17:34:15|INFO|Is groups None: False 
02-06-2022 17:34:15|INFO|grid.best_params_={'C': 1000000.0, 'gamma': 1e-07, 'kernel': 'rbf', 'max_iter': 1000}, grid.best_score_=0.6666666666666667, grid.best_index_=29, acc=0.5, time=0.24521589279174805
02-06-2022 17:34:15|INFO|Is groups None: False 
02-06-2022 17:34:16|INFO|grid.best_params_={'C': 10000000000.0, 'gamma': 1e-09, 'kernel': 'rbf', 'max_iter': 1000}, grid.best_score_=0.6296296296296297, grid.best_index_=42, acc=0.6666666666666666, time=0.24456238746643066
02-06-2022 17:34:16|INFO|Is groups None: False 
02-06-2022 17:34:16|INFO|grid.best_params_={'C': 100.0, 'gamma': 0.1, 'kernel': 'rbf', 'max_iter': 1000}, grid.best_score_=0.6388888888888888, grid.best_index_=18, acc=0.5, time=0.2544867992401123
02-06-2022 17:34:16|INFO|Is groups None: False 
02-06-2022 17:34:16|INFO|grid.best_params_={'C': 100000000.0, 'gamma': 1e-09, 'kernel': 'rbf', 'max_iter': 1000}, grid.best_score_=0.6753086419753086, grid.best_index_=35, acc=0.5, time=0.25658082962036133
02-06-2022 17:34:16|INFO|Is groups None: False 
02-06-2022 17:34:16|INFO|grid.best_params_={'C': 1000000.0, 'gamma': 1e-07, 'kernel': 'rbf', 'max_iter': 1000}, grid.best_score_=0.6203703703703705, grid.best_index_=29, acc=0.5, time=0.24086785316467285
02-06-2022 17:34:16|INFO|Is groups None: False 
02-06-2022 17:34:17|INFO|grid.best_params_={'C': 10000.0, 'gamma': 0.001, 'kernel': 'rbf', 'max_iter': 1000}, grid.best_score_=0.6666666666666666, grid.best_index_=24, acc=0.5, time=0.2625293731689453
02-06-2022 17:34:17|INFO|s12|10-CV=0.60000|STD=0.14814|Time spend=3.1148555278778076
02-06-2022 17:34:17|INFO|Running Segment-First
02-06-2022 17:34:17|INFO|X.shape=(120, 14), y.shape=(120,), groups.shape=(120,)
02-06-2022 17:34:17|INFO|Is groups None: False 
02-06-2022 17:34:17|INFO|grid.best_params_={'C': 100.0, 'gamma': 0.1, 'kernel': 'rbf', 'max_iter': 1000}, grid.best_score_=0.75, grid.best_index_=18, acc=0.3333333333333333, time=0.2992415428161621
02-06-2022 17:34:17|INFO|Is groups None: False 
02-06-2022 17:34:18|INFO|grid.best_params_={'C': 1.0, 'gamma': 0.1, 'kernel': 'rbf', 'max_iter': 1000}, grid.best_score_=0.7037037037037037, grid.best_index_=11, acc=0.6666666666666666, time=0.24535465240478516
02-06-2022 17:34:18|INFO|Is groups None: False 
02-06-2022 17:34:18|INFO|grid.best_params_={'C': 1.0, 'gamma': 0.1, 'kernel': 'rbf', 'max_iter': 1000}, grid.best_score_=0.7407407407407408, grid.best_index_=11, acc=0.5833333333333334, time=0.2378239631652832
02-06-2022 17:34:18|INFO|Is groups None: False 
02-06-2022 17:34:18|INFO|grid.best_params_={'C': 100.0, 'gamma': 0.001, 'kernel': 'rbf', 'max_iter': 1000}, grid.best_score_=0.7314814814814814, grid.best_index_=17, acc=0.5833333333333334, time=0.316570520401001
02-06-2022 17:34:18|INFO|Is groups None: False 
02-06-2022 17:34:18|INFO|grid.best_params_={'C': 1.0, 'gamma': 0.1, 'kernel': 'rbf', 'max_iter': 1000}, grid.best_score_=0.75, grid.best_index_=11, acc=0.5833333333333334, time=0.255054235458374
02-06-2022 17:34:18|INFO|Is groups None: False 
02-06-2022 17:34:19|INFO|grid.best_params_={'C': 100.0, 'gamma': 0.001, 'kernel': 'rbf', 'max_iter': 1000}, grid.best_score_=0.7037037037037037, grid.best_index_=17, acc=0.75, time=0.2309408187866211
02-06-2022 17:34:19|INFO|Is groups None: False 
02-06-2022 17:34:19|INFO|grid.best_params_={'C': 1.0, 'gamma': 0.1, 'kernel': 'rbf', 'max_iter': 1000}, grid.best_score_=0.6851851851851852, grid.best_index_=11, acc=0.6666666666666666, time=0.26578450202941895
02-06-2022 17:34:19|INFO|Is groups None: False 
02-06-2022 17:34:19|INFO|grid.best_params_={'C': 100.0, 'gamma': 0.001, 'kernel': 'rbf', 'max_iter': 1000}, grid.best_score_=0.6944444444444444, grid.best_index_=17, acc=0.9166666666666666, time=0.23646950721740723
02-06-2022 17:34:19|INFO|Is groups None: False 
02-06-2022 17:34:19|INFO|grid.best_params_={'C': 1.0, 'gamma': 0.1, 'kernel': 'rbf', 'max_iter': 1000}, grid.best_score_=0.75, grid.best_index_=11, acc=0.75, time=0.250934362411499
02-06-2022 17:34:19|INFO|Is groups None: False 
02-06-2022 17:34:20|INFO|grid.best_params_={'C': 1000000.0, 'gamma': 1e-07, 'kernel': 'rbf', 'max_iter': 1000}, grid.best_score_=0.6851851851851852, grid.best_index_=29, acc=0.8333333333333334, time=0.2530968189239502
02-06-2022 17:34:20|INFO|s13|10-CV=0.66667|STD=0.15366|Time spend=3.0502359867095947
02-06-2022 17:34:20|INFO|Running Segment-First
02-06-2022 17:34:20|INFO|X.shape=(120, 14), y.shape=(120,), groups.shape=(120,)
02-06-2022 17:34:20|INFO|Is groups None: False 
02-06-2022 17:34:20|INFO|grid.best_params_={'C': 1000000.0, 'gamma': 1e-07, 'kernel': 'rbf', 'max_iter': 1000}, grid.best_score_=0.712962962962963, grid.best_index_=29, acc=0.8333333333333334, time=0.3091907501220703
02-06-2022 17:34:20|INFO|Is groups None: False 
02-06-2022 17:34:21|INFO|grid.best_params_={'C': 100.0, 'gamma': 0.001, 'kernel': 'rbf', 'max_iter': 1000}, grid.best_score_=0.7592592592592593, grid.best_index_=17, acc=0.4166666666666667, time=0.25150275230407715
02-06-2022 17:34:21|INFO|Is groups None: False 
02-06-2022 17:34:21|INFO|grid.best_params_={'C': 10000.0, 'gamma': 1e-05, 'kernel': 'rbf', 'max_iter': 1000}, grid.best_score_=0.7222222222222222, grid.best_index_=23, acc=1.0, time=0.2372760772705078
02-06-2022 17:34:21|INFO|Is groups None: False 
02-06-2022 17:34:21|INFO|grid.best_params_={'C': 100.0, 'gamma': 0.001, 'kernel': 'rbf', 'max_iter': 1000}, grid.best_score_=0.7592592592592593, grid.best_index_=17, acc=0.5, time=0.24805426597595215
02-06-2022 17:34:21|INFO|Is groups None: False 
02-06-2022 17:34:21|INFO|grid.best_params_={'C': 100.0, 'gamma': 0.001, 'kernel': 'rbf', 'max_iter': 1000}, grid.best_score_=0.6944444444444444, grid.best_index_=17, acc=0.9166666666666666, time=0.2496795654296875
02-06-2022 17:34:21|INFO|Is groups None: False 
02-06-2022 17:34:22|INFO|grid.best_params_={'C': 1000000.0, 'gamma': 1e-05, 'kernel': 'rbf', 'max_iter': 1000}, grid.best_score_=0.712962962962963, grid.best_index_=30, acc=0.5, time=0.26688718795776367
02-06-2022 17:34:22|INFO|Is groups None: False 
02-06-2022 17:34:22|INFO|grid.best_params_={'C': 1000000.0, 'gamma': 1e-07, 'kernel': 'rbf', 'max_iter': 1000}, grid.best_score_=0.7592592592592592, grid.best_index_=29, acc=0.5, time=0.24522733688354492
02-06-2022 17:34:22|INFO|Is groups None: False 
02-06-2022 17:34:22|INFO|grid.best_params_={'C': 100.0, 'gamma': 0.001, 'kernel': 'rbf', 'max_iter': 1000}, grid.best_score_=0.6851851851851852, grid.best_index_=17, acc=0.75, time=0.2939722537994385
02-06-2022 17:34:22|INFO|Is groups None: False 
02-06-2022 17:34:23|INFO|grid.best_params_={'C': 100000000.0, 'gamma': 1e-07, 'kernel': 'rbf', 'max_iter': 1000}, grid.best_score_=0.7592592592592593, grid.best_index_=36, acc=0.75, time=0.2603261470794678
02-06-2022 17:34:23|INFO|Is groups None: False 
02-06-2022 17:34:23|INFO|grid.best_params_={'C': 10000.0, 'gamma': 1e-05, 'kernel': 'rbf', 'max_iter': 1000}, grid.best_score_=0.7592592592592592, grid.best_index_=23, acc=0.75, time=0.25071096420288086
02-06-2022 17:34:23|INFO|s14|10-CV=0.69167|STD=0.19021|Time spend=3.0651772022247314
02-06-2022 17:34:23|INFO|Running Segment-First
02-06-2022 17:34:23|INFO|X.shape=(120, 14), y.shape=(120,), groups.shape=(120,)
02-06-2022 17:34:23|INFO|Is groups None: False 
02-06-2022 17:34:23|INFO|grid.best_params_={'C': 100.0, 'gamma': 0.001, 'kernel': 'rbf', 'max_iter': 1000}, grid.best_score_=0.7407407407407408, grid.best_index_=17, acc=0.6666666666666666, time=0.305497407913208
02-06-2022 17:34:23|INFO|Is groups None: False 
02-06-2022 17:34:24|INFO|grid.best_params_={'C': 1000000.0, 'gamma': 1e-07, 'kernel': 'rbf', 'max_iter': 1000}, grid.best_score_=0.712962962962963, grid.best_index_=29, acc=0.6666666666666666, time=0.24864506721496582
02-06-2022 17:34:24|INFO|Is groups None: False 
02-06-2022 17:34:24|INFO|grid.best_params_={'C': 10000.0, 'gamma': 1e-05, 'kernel': 'rbf', 'max_iter': 1000}, grid.best_score_=0.7314814814814815, grid.best_index_=23, acc=0.75, time=0.23874831199645996
02-06-2022 17:34:24|INFO|Is groups None: False 
02-06-2022 17:34:24|INFO|grid.best_params_={'C': 10000.0, 'gamma': 0.001, 'kernel': 'rbf', 'max_iter': 1000}, grid.best_score_=0.7592592592592593, grid.best_index_=24, acc=0.16666666666666666, time=0.2618372440338135
02-06-2022 17:34:24|INFO|Is groups None: False 
02-06-2022 17:34:24|INFO|grid.best_params_={'C': 100000000.0, 'gamma': 1e-07, 'kernel': 'rbf', 'max_iter': 1000}, grid.best_score_=0.7222222222222223, grid.best_index_=36, acc=0.9166666666666666, time=0.24627375602722168
02-06-2022 17:34:24|INFO|Is groups None: False 
02-06-2022 17:34:25|INFO|grid.best_params_={'C': 100.0, 'gamma': 0.001, 'kernel': 'rbf', 'max_iter': 1000}, grid.best_score_=0.7129629629629629, grid.best_index_=17, acc=0.8333333333333334, time=0.286984920501709
02-06-2022 17:34:25|INFO|Is groups None: False 
02-06-2022 17:34:25|INFO|grid.best_params_={'C': 10000000000.0, 'gamma': 1e-07, 'kernel': 'rbf', 'max_iter': 1000}, grid.best_score_=0.7407407407407408, grid.best_index_=43, acc=0.8333333333333334, time=0.2401599884033203
02-06-2022 17:34:25|INFO|Is groups None: False 
02-06-2022 17:34:25|INFO|grid.best_params_={'C': 100.0, 'gamma': 0.001, 'kernel': 'rbf', 'max_iter': 1000}, grid.best_score_=0.7314814814814815, grid.best_index_=17, acc=0.5833333333333334, time=0.23859453201293945
02-06-2022 17:34:25|INFO|Is groups None: False 
02-06-2022 17:34:26|INFO|grid.best_params_={'C': 1000000.0, 'gamma': 1e-07, 'kernel': 'rbf', 'max_iter': 1000}, grid.best_score_=0.712962962962963, grid.best_index_=29, acc=0.6666666666666666, time=0.2544991970062256
02-06-2022 17:34:26|INFO|Is groups None: False 
02-06-2022 17:34:26|INFO|grid.best_params_={'C': 100000000.0, 'gamma': 1e-07, 'kernel': 'rbf', 'max_iter': 1000}, grid.best_score_=0.712962962962963, grid.best_index_=36, acc=0.75, time=0.27074480056762695
02-06-2022 17:34:26|INFO|s15|10-CV=0.68333|STD=0.19650|Time spend=3.0391969680786133
02-06-2022 17:34:26|INFO|Running Segment-First
02-06-2022 17:34:26|INFO|X.shape=(120, 14), y.shape=(120,), groups.shape=(120,)
02-06-2022 17:34:26|INFO|Is groups None: False 
02-06-2022 17:34:27|INFO|grid.best_params_={'C': 1.0, 'gamma': 0.1, 'kernel': 'rbf', 'max_iter': 1000}, grid.best_score_=0.712962962962963, grid.best_index_=11, acc=0.6666666666666666, time=0.3365600109100342
02-06-2022 17:34:27|INFO|Is groups None: False 
02-06-2022 17:34:27|INFO|grid.best_params_={'C': 1.0, 'gamma': 0.1, 'kernel': 'rbf', 'max_iter': 1000}, grid.best_score_=0.7037037037037037, grid.best_index_=11, acc=0.75, time=0.26483964920043945
02-06-2022 17:34:27|INFO|Is groups None: False 
02-06-2022 17:34:27|INFO|grid.best_params_={'C': 10000.0, 'gamma': 1e-05, 'kernel': 'rbf', 'max_iter': 1000}, grid.best_score_=0.7037037037037037, grid.best_index_=23, acc=0.75, time=0.23514795303344727
02-06-2022 17:34:27|INFO|Is groups None: False 
02-06-2022 17:34:27|INFO|grid.best_params_={'C': 1.0, 'gamma': 0.1, 'kernel': 'rbf', 'max_iter': 1000}, grid.best_score_=0.7592592592592592, grid.best_index_=11, acc=0.4166666666666667, time=0.2563784122467041
02-06-2022 17:34:27|INFO|Is groups None: False 
02-06-2022 17:34:28|INFO|grid.best_params_={'C': 100.0, 'gamma': 0.001, 'kernel': 'rbf', 'max_iter': 1000}, grid.best_score_=0.6944444444444445, grid.best_index_=17, acc=0.75, time=0.24086904525756836
02-06-2022 17:34:28|INFO|Is groups None: False 
02-06-2022 17:34:28|INFO|grid.best_params_={'C': 1000000.0, 'gamma': 1e-07, 'kernel': 'rbf', 'max_iter': 1000}, grid.best_score_=0.6574074074074074, grid.best_index_=29, acc=1.0, time=0.25165510177612305
02-06-2022 17:34:28|INFO|Is groups None: False 
02-06-2022 17:34:28|INFO|grid.best_params_={'C': 100.0, 'gamma': 0.001, 'kernel': 'rbf', 'max_iter': 1000}, grid.best_score_=0.6944444444444444, grid.best_index_=17, acc=0.6666666666666666, time=0.23984479904174805
02-06-2022 17:34:28|INFO|Is groups None: False 
02-06-2022 17:34:28|INFO|grid.best_params_={'C': 10000.0, 'gamma': 0.001, 'kernel': 'rbf', 'max_iter': 1000}, grid.best_score_=0.8055555555555556, grid.best_index_=24, acc=0.4166666666666667, time=0.2367260456085205
02-06-2022 17:34:28|INFO|Is groups None: False 
02-06-2022 17:34:29|INFO|grid.best_params_={'C': 1.0, 'gamma': 0.1, 'kernel': 'rbf', 'max_iter': 1000}, grid.best_score_=0.7500000000000001, grid.best_index_=11, acc=0.5833333333333334, time=0.32792139053344727
02-06-2022 17:34:29|INFO|Is groups None: False 
02-06-2022 17:34:29|INFO|grid.best_params_={'C': 10000.0, 'gamma': 0.001, 'kernel': 'rbf', 'max_iter': 1000}, grid.best_score_=0.6851851851851851, grid.best_index_=24, acc=0.75, time=0.2477116584777832
02-06-2022 17:34:29|INFO|s16|10-CV=0.67500|STD=0.16436|Time spend=3.0590062141418457
02-06-2022 17:34:29|INFO|Running Segment-First
02-06-2022 17:34:29|INFO|X.shape=(120, 14), y.shape=(120,), groups.shape=(120,)
02-06-2022 17:34:29|INFO|Is groups None: False 
02-06-2022 17:34:30|INFO|grid.best_params_={'C': 0.01, 'gamma': 1000.0, 'kernel': 'rbf', 'max_iter': 1000}, grid.best_score_=0.5555555555555556, grid.best_index_=6, acc=0.5, time=0.3251307010650635
02-06-2022 17:34:30|INFO|Is groups None: False 
02-06-2022 17:34:30|INFO|grid.best_params_={'C': 0.01, 'gamma': 10.0, 'kernel': 'rbf', 'max_iter': 1000}, grid.best_score_=0.5555555555555556, grid.best_index_=5, acc=0.5, time=0.26241111755371094
02-06-2022 17:34:30|INFO|Is groups None: False 
02-06-2022 17:34:30|INFO|grid.best_params_={'C': 10000000000.0, 'gamma': 1e-09, 'kernel': 'rbf', 'max_iter': 1000}, grid.best_score_=0.5648148148148149, grid.best_index_=42, acc=0.8333333333333334, time=0.253204345703125
02-06-2022 17:34:30|INFO|Is groups None: False 
02-06-2022 17:34:30|INFO|grid.best_params_={'C': 0.01, 'gamma': 1000.0, 'kernel': 'rbf', 'max_iter': 1000}, grid.best_score_=0.5555555555555556, grid.best_index_=6, acc=0.5, time=0.27466320991516113
02-06-2022 17:34:30|INFO|Is groups None: False 
02-06-2022 17:34:31|INFO|grid.best_params_={'C': 0.01, 'gamma': 1000.0, 'kernel': 'rbf', 'max_iter': 1000}, grid.best_score_=0.5555555555555556, grid.best_index_=6, acc=0.5, time=0.2536940574645996
02-06-2022 17:34:31|INFO|Is groups None: False 
02-06-2022 17:34:31|INFO|grid.best_params_={'C': 0.01, 'gamma': 1e-09, 'kernel': 'rbf', 'max_iter': 1000}, grid.best_score_=0.5555555555555556, grid.best_index_=0, acc=0.5, time=0.2665431499481201
02-06-2022 17:34:31|INFO|Is groups None: False 
02-06-2022 17:34:31|INFO|grid.best_params_={'C': 0.01, 'gamma': 1e-09, 'kernel': 'rbf', 'max_iter': 1000}, grid.best_score_=0.5555555555555556, grid.best_index_=0, acc=0.5, time=0.24756932258605957
02-06-2022 17:34:31|INFO|Is groups None: False 
02-06-2022 17:34:31|INFO|grid.best_params_={'C': 0.01, 'gamma': 10.0, 'kernel': 'rbf', 'max_iter': 1000}, grid.best_score_=0.5555555555555556, grid.best_index_=5, acc=0.5, time=0.246856689453125
02-06-2022 17:34:31|INFO|Is groups None: False 
02-06-2022 17:34:32|INFO|grid.best_params_={'C': 0.01, 'gamma': 1000.0, 'kernel': 'rbf', 'max_iter': 1000}, grid.best_score_=0.5462962962962963, grid.best_index_=6, acc=0.75, time=0.24325823783874512
02-06-2022 17:34:32|INFO|Is groups None: False 
02-06-2022 17:34:32|INFO|grid.best_params_={'C': 1000000.0, 'gamma': 1e-05, 'kernel': 'rbf', 'max_iter': 1000}, grid.best_score_=0.5598765432098766, grid.best_index_=30, acc=0.6666666666666666, time=0.27005457878112793
02-06-2022 17:34:32|INFO|s17|10-CV=0.57500|STD=0.12047|Time spend=3.0815279483795166
02-06-2022 17:34:32|INFO|Running Segment-First
02-06-2022 17:34:32|INFO|X.shape=(120, 14), y.shape=(120,), groups.shape=(120,)
02-06-2022 17:34:32|INFO|Is groups None: False 
02-06-2022 17:34:33|INFO|grid.best_params_={'C': 1.0, 'gamma': 0.1, 'kernel': 'rbf', 'max_iter': 1000}, grid.best_score_=0.7777777777777778, grid.best_index_=11, acc=0.5, time=0.3177802562713623
02-06-2022 17:34:33|INFO|Is groups None: False 
02-06-2022 17:34:33|INFO|grid.best_params_={'C': 100.0, 'gamma': 0.1, 'kernel': 'rbf', 'max_iter': 1000}, grid.best_score_=0.7222222222222222, grid.best_index_=18, acc=1.0, time=0.24996638298034668
02-06-2022 17:34:33|INFO|Is groups None: False 
02-06-2022 17:34:33|INFO|grid.best_params_={'C': 100.0, 'gamma': 0.1, 'kernel': 'rbf', 'max_iter': 1000}, grid.best_score_=0.787037037037037, grid.best_index_=18, acc=0.8333333333333334, time=0.22690129280090332
02-06-2022 17:34:33|INFO|Is groups None: False 
02-06-2022 17:34:33|INFO|grid.best_params_={'C': 100000000.0, 'gamma': 1e-07, 'kernel': 'rbf', 'max_iter': 1000}, grid.best_score_=0.8333333333333334, grid.best_index_=36, acc=0.5, time=0.2568337917327881
02-06-2022 17:34:33|INFO|Is groups None: False 
02-06-2022 17:34:34|INFO|grid.best_params_={'C': 100.0, 'gamma': 0.1, 'kernel': 'rbf', 'max_iter': 1000}, grid.best_score_=0.8148148148148149, grid.best_index_=18, acc=0.75, time=0.23443841934204102
02-06-2022 17:34:34|INFO|Is groups None: False 
02-06-2022 17:34:34|INFO|grid.best_params_={'C': 100.0, 'gamma': 0.1, 'kernel': 'rbf', 'max_iter': 1000}, grid.best_score_=0.8055555555555556, grid.best_index_=18, acc=1.0, time=0.4361424446105957
02-06-2022 17:34:34|INFO|Is groups None: False 
02-06-2022 17:34:34|INFO|grid.best_params_={'C': 1.0, 'gamma': 0.1, 'kernel': 'rbf', 'max_iter': 1000}, grid.best_score_=0.7962962962962963, grid.best_index_=11, acc=0.5, time=0.2529418468475342
02-06-2022 17:34:34|INFO|Is groups None: False 
02-06-2022 17:34:35|INFO|grid.best_params_={'C': 100.0, 'gamma': 0.1, 'kernel': 'rbf', 'max_iter': 1000}, grid.best_score_=0.7777777777777778, grid.best_index_=18, acc=0.9166666666666666, time=0.24652862548828125
02-06-2022 17:34:35|INFO|Is groups None: False 
02-06-2022 17:34:35|INFO|grid.best_params_={'C': 100.0, 'gamma': 0.1, 'kernel': 'rbf', 'max_iter': 1000}, grid.best_score_=0.7777777777777778, grid.best_index_=18, acc=0.8333333333333334, time=0.2466442584991455
02-06-2022 17:34:35|INFO|Is groups None: False 
02-06-2022 17:34:35|INFO|grid.best_params_={'C': 100.0, 'gamma': 0.1, 'kernel': 'rbf', 'max_iter': 1000}, grid.best_score_=0.8055555555555556, grid.best_index_=18, acc=0.8333333333333334, time=0.24210214614868164
02-06-2022 17:34:35|INFO|s18|10-CV=0.76667|STD=0.18930|Time spend=3.1552865505218506
02-06-2022 17:34:35|INFO|Running Segment-First
02-06-2022 17:34:35|INFO|X.shape=(120, 14), y.shape=(120,), groups.shape=(120,)
02-06-2022 17:34:36|INFO|Is groups None: False 
02-06-2022 17:34:36|INFO|grid.best_params_={'C': 10000.0, 'gamma': 1e-05, 'kernel': 'rbf', 'max_iter': 1000}, grid.best_score_=0.675925925925926, grid.best_index_=23, acc=0.6666666666666666, time=0.3813505172729492
02-06-2022 17:34:36|INFO|Is groups None: False 
02-06-2022 17:34:36|INFO|grid.best_params_={'C': 100.0, 'gamma': 0.001, 'kernel': 'rbf', 'max_iter': 1000}, grid.best_score_=0.6574074074074073, grid.best_index_=17, acc=0.6666666666666666, time=0.2751603126525879
02-06-2022 17:34:36|INFO|Is groups None: False 
02-06-2022 17:34:36|INFO|grid.best_params_={'C': 100.0, 'gamma': 0.001, 'kernel': 'rbf', 'max_iter': 1000}, grid.best_score_=0.6481481481481481, grid.best_index_=17, acc=0.5833333333333334, time=0.2438826560974121
02-06-2022 17:34:36|INFO|Is groups None: False 
02-06-2022 17:34:37|INFO|grid.best_params_={'C': 100.0, 'gamma': 0.001, 'kernel': 'rbf', 'max_iter': 1000}, grid.best_score_=0.6851851851851852, grid.best_index_=17, acc=0.6666666666666666, time=0.24408721923828125
02-06-2022 17:34:37|INFO|Is groups None: False 
02-06-2022 17:34:37|INFO|grid.best_params_={'C': 100.0, 'gamma': 0.001, 'kernel': 'rbf', 'max_iter': 1000}, grid.best_score_=0.5925925925925927, grid.best_index_=17, acc=0.8333333333333334, time=0.24705076217651367
02-06-2022 17:34:37|INFO|Is groups None: False 
02-06-2022 17:34:37|INFO|grid.best_params_={'C': 0.01, 'gamma': 1e-09, 'kernel': 'rbf', 'max_iter': 1000}, grid.best_score_=0.5833333333333334, grid.best_index_=0, acc=0.5, time=0.264087438583374
02-06-2022 17:34:37|INFO|Is groups None: False 
02-06-2022 17:34:37|INFO|grid.best_params_={'C': 10000.0, 'gamma': 1e-05, 'kernel': 'rbf', 'max_iter': 1000}, grid.best_score_=0.6203703703703705, grid.best_index_=23, acc=0.5833333333333334, time=0.2607767581939697
02-06-2022 17:34:37|INFO|Is groups None: False 
02-06-2022 17:34:38|INFO|grid.best_params_={'C': 10000.0, 'gamma': 1e-05, 'kernel': 'rbf', 'max_iter': 1000}, grid.best_score_=0.6296296296296297, grid.best_index_=23, acc=0.75, time=0.24365234375
02-06-2022 17:34:38|INFO|Is groups None: False 
02-06-2022 17:34:38|INFO|grid.best_params_={'C': 1000000.0, 'gamma': 1e-07, 'kernel': 'rbf', 'max_iter': 1000}, grid.best_score_=0.6481481481481483, grid.best_index_=29, acc=0.5833333333333334, time=0.27000904083251953
02-06-2022 17:34:38|INFO|Is groups None: False 
02-06-2022 17:34:38|INFO|grid.best_params_={'C': 1000000.0, 'gamma': 1e-07, 'kernel': 'rbf', 'max_iter': 1000}, grid.best_score_=0.6666666666666666, grid.best_index_=29, acc=0.5833333333333334, time=0.23984837532043457
02-06-2022 17:34:38|INFO|s19|10-CV=0.64167|STD=0.09167|Time spend=3.140550374984741
02-06-2022 17:34:39|INFO|Running Segment-First
02-06-2022 17:34:39|INFO|X.shape=(120, 14), y.shape=(120,), groups.shape=(120,)
02-06-2022 17:34:39|INFO|Is groups None: False 
02-06-2022 17:34:39|INFO|grid.best_params_={'C': 10000.0, 'gamma': 0.001, 'kernel': 'rbf', 'max_iter': 1000}, grid.best_score_=0.7314814814814815, grid.best_index_=24, acc=0.8333333333333334, time=0.32196712493896484
02-06-2022 17:34:39|INFO|Is groups None: False 
02-06-2022 17:34:39|INFO|grid.best_params_={'C': 10000.0, 'gamma': 0.001, 'kernel': 'rbf', 'max_iter': 1000}, grid.best_score_=0.7407407407407407, grid.best_index_=24, acc=0.8333333333333334, time=0.24971246719360352
02-06-2022 17:34:39|INFO|Is groups None: False 
02-06-2022 17:34:39|INFO|grid.best_params_={'C': 100.0, 'gamma': 0.1, 'kernel': 'rbf', 'max_iter': 1000}, grid.best_score_=0.7592592592592593, grid.best_index_=18, acc=0.5833333333333334, time=0.2383136749267578
02-06-2022 17:34:39|INFO|Is groups None: False 
02-06-2022 17:34:40|INFO|grid.best_params_={'C': 10000.0, 'gamma': 0.001, 'kernel': 'rbf', 'max_iter': 1000}, grid.best_score_=0.7222222222222222, grid.best_index_=24, acc=0.9166666666666666, time=0.3313169479370117
02-06-2022 17:34:40|INFO|Is groups None: False 
02-06-2022 17:34:40|INFO|grid.best_params_={'C': 10000000000.0, 'gamma': 1e-09, 'kernel': 'rbf', 'max_iter': 1000}, grid.best_score_=0.7962962962962963, grid.best_index_=42, acc=0.6666666666666666, time=0.2616286277770996
02-06-2022 17:34:40|INFO|Is groups None: False 
02-06-2022 17:34:40|INFO|grid.best_params_={'C': 10000.0, 'gamma': 0.001, 'kernel': 'rbf', 'max_iter': 1000}, grid.best_score_=0.7407407407407408, grid.best_index_=24, acc=0.5833333333333334, time=0.2518918514251709
02-06-2022 17:34:40|INFO|Is groups None: False 
02-06-2022 17:34:41|INFO|grid.best_params_={'C': 1000000.0, 'gamma': 1e-05, 'kernel': 'rbf', 'max_iter': 1000}, grid.best_score_=0.7685185185185186, grid.best_index_=30, acc=0.5833333333333334, time=0.27059340476989746
02-06-2022 17:34:41|INFO|Is groups None: False 
02-06-2022 17:34:41|INFO|grid.best_params_={'C': 10000.0, 'gamma': 0.001, 'kernel': 'rbf', 'max_iter': 1000}, grid.best_score_=0.7777777777777777, grid.best_index_=24, acc=0.5, time=0.2587459087371826
02-06-2022 17:34:41|INFO|Is groups None: False 
02-06-2022 17:34:41|INFO|grid.best_params_={'C': 1.0, 'gamma': 0.1, 'kernel': 'rbf', 'max_iter': 1000}, grid.best_score_=0.7685185185185186, grid.best_index_=11, acc=0.6666666666666666, time=0.24531078338623047
02-06-2022 17:34:41|INFO|Is groups None: False 
02-06-2022 17:34:41|INFO|grid.best_params_={'C': 100.0, 'gamma': 0.1, 'kernel': 'rbf', 'max_iter': 1000}, grid.best_score_=0.787037037037037, grid.best_index_=18, acc=0.5833333333333334, time=0.24604415893554688
02-06-2022 17:34:41|INFO|s20|10-CV=0.67500|STD=0.13150|Time spend=3.1256964206695557
02-06-2022 17:34:42|INFO|Running Segment-First
02-06-2022 17:34:42|INFO|X.shape=(120, 14), y.shape=(120,), groups.shape=(120,)
02-06-2022 17:34:42|INFO|Is groups None: False 
02-06-2022 17:34:42|INFO|grid.best_params_={'C': 100000000.0, 'gamma': 1e-05, 'kernel': 'rbf', 'max_iter': 1000}, grid.best_score_=0.5648148148148148, grid.best_index_=37, acc=0.4166666666666667, time=0.34332823753356934
02-06-2022 17:34:42|INFO|Is groups None: False 
02-06-2022 17:34:42|INFO|grid.best_params_={'C': 1000000.0, 'gamma': 1e-05, 'kernel': 'rbf', 'max_iter': 1000}, grid.best_score_=0.6117283950617284, grid.best_index_=30, acc=0.4166666666666667, time=0.2813122272491455
02-06-2022 17:34:42|INFO|Is groups None: False 
02-06-2022 17:34:43|INFO|grid.best_params_={'C': 1000000.0, 'gamma': 0.001, 'kernel': 'rbf', 'max_iter': 1000}, grid.best_score_=0.5648148148148149, grid.best_index_=31, acc=0.6666666666666666, time=0.25177526473999023
02-06-2022 17:34:43|INFO|Is groups None: False 
02-06-2022 17:34:43|INFO|grid.best_params_={'C': 1000000.0, 'gamma': 1e-05, 'kernel': 'rbf', 'max_iter': 1000}, grid.best_score_=0.6111111111111112, grid.best_index_=30, acc=0.5, time=0.2647836208343506
02-06-2022 17:34:43|INFO|Is groups None: False 
02-06-2022 17:34:43|INFO|grid.best_params_={'C': 100000000.0, 'gamma': 1e-05, 'kernel': 'rbf', 'max_iter': 1000}, grid.best_score_=0.5833333333333334, grid.best_index_=37, acc=0.75, time=0.2570037841796875
02-06-2022 17:34:43|INFO|Is groups None: False 
02-06-2022 17:34:43|INFO|grid.best_params_={'C': 100000000.0, 'gamma': 1e-07, 'kernel': 'rbf', 'max_iter': 1000}, grid.best_score_=0.6203703703703705, grid.best_index_=36, acc=0.5833333333333334, time=0.2558629512786865
02-06-2022 17:34:43|INFO|Is groups None: False 
02-06-2022 17:34:44|INFO|grid.best_params_={'C': 0.01, 'gamma': 1000.0, 'kernel': 'rbf', 'max_iter': 1000}, grid.best_score_=0.5277777777777778, grid.best_index_=6, acc=0.5, time=0.24240612983703613
02-06-2022 17:34:44|INFO|Is groups None: False 
02-06-2022 17:34:44|INFO|grid.best_params_={'C': 100000000.0, 'gamma': 1e-05, 'kernel': 'rbf', 'max_iter': 1000}, grid.best_score_=0.5648148148148149, grid.best_index_=37, acc=0.6666666666666666, time=0.24884247779846191
02-06-2022 17:34:44|INFO|Is groups None: False 
02-06-2022 17:34:44|INFO|grid.best_params_={'C': 10000000000.0, 'gamma': 1e-07, 'kernel': 'rbf', 'max_iter': 1000}, grid.best_score_=0.5740740740740741, grid.best_index_=43, acc=0.4166666666666667, time=0.2520127296447754
02-06-2022 17:34:44|INFO|Is groups None: False 
02-06-2022 17:34:44|INFO|grid.best_params_={'C': 10000000000.0, 'gamma': 1e-07, 'kernel': 'rbf', 'max_iter': 1000}, grid.best_score_=0.5648148148148149, grid.best_index_=43, acc=0.6666666666666666, time=0.24988102912902832
02-06-2022 17:34:44|INFO|s21|10-CV=0.55833|STD=0.11815|Time spend=3.1180601119995117
02-06-2022 17:34:45|INFO|Running Segment-First
02-06-2022 17:34:45|INFO|X.shape=(120, 14), y.shape=(120,), groups.shape=(120,)
02-06-2022 17:34:45|INFO|Is groups None: False 
02-06-2022 17:34:45|INFO|grid.best_params_={'C': 10000000000.0, 'gamma': 1e-07, 'kernel': 'rbf', 'max_iter': 1000}, grid.best_score_=0.6944444444444445, grid.best_index_=43, acc=0.4166666666666667, time=0.29306721687316895
02-06-2022 17:34:45|INFO|Is groups None: False 
02-06-2022 17:34:45|INFO|grid.best_params_={'C': 1000000.0, 'gamma': 0.001, 'kernel': 'rbf', 'max_iter': 1000}, grid.best_score_=0.6018518518518519, grid.best_index_=31, acc=0.5, time=0.26024460792541504
02-06-2022 17:34:45|INFO|Is groups None: False 
02-06-2022 17:34:46|INFO|grid.best_params_={'C': 10000000000.0, 'gamma': 1e-07, 'kernel': 'rbf', 'max_iter': 1000}, grid.best_score_=0.6851851851851852, grid.best_index_=43, acc=0.5833333333333334, time=0.24421906471252441
02-06-2022 17:34:46|INFO|Is groups None: False 
02-06-2022 17:34:46|INFO|grid.best_params_={'C': 100000000.0, 'gamma': 1e-07, 'kernel': 'rbf', 'max_iter': 1000}, grid.best_score_=0.6759259259259259, grid.best_index_=36, acc=0.5833333333333334, time=0.4009222984313965
02-06-2022 17:34:46|INFO|Is groups None: False 
02-06-2022 17:34:46|INFO|grid.best_params_={'C': 100.0, 'gamma': 0.1, 'kernel': 'rbf', 'max_iter': 1000}, grid.best_score_=0.5975308641975308, grid.best_index_=18, acc=0.6666666666666666, time=0.2764596939086914
02-06-2022 17:34:46|INFO|Is groups None: False 
02-06-2022 17:34:47|INFO|grid.best_params_={'C': 10000.0, 'gamma': 0.001, 'kernel': 'rbf', 'max_iter': 1000}, grid.best_score_=0.6574074074074074, grid.best_index_=24, acc=0.5833333333333334, time=0.24460959434509277
02-06-2022 17:34:47|INFO|Is groups None: False 
02-06-2022 17:34:47|INFO|grid.best_params_={'C': 100000000.0, 'gamma': 1e-07, 'kernel': 'rbf', 'max_iter': 1000}, grid.best_score_=0.6296296296296297, grid.best_index_=36, acc=0.75, time=0.2585783004760742
02-06-2022 17:34:47|INFO|Is groups None: False 
02-06-2022 17:34:47|INFO|grid.best_params_={'C': 100000000.0, 'gamma': 1e-07, 'kernel': 'rbf', 'max_iter': 1000}, grid.best_score_=0.6574074074074074, grid.best_index_=36, acc=0.75, time=0.24917864799499512
02-06-2022 17:34:47|INFO|Is groups None: False 
02-06-2022 17:34:47|INFO|grid.best_params_={'C': 100000000.0, 'gamma': 1e-07, 'kernel': 'rbf', 'max_iter': 1000}, grid.best_score_=0.6296296296296297, grid.best_index_=36, acc=0.6666666666666666, time=0.2481076717376709
02-06-2022 17:34:47|INFO|Is groups None: False 
02-06-2022 17:34:48|INFO|grid.best_params_={'C': 100000000.0, 'gamma': 1e-07, 'kernel': 'rbf', 'max_iter': 1000}, grid.best_score_=0.6388888888888888, grid.best_index_=36, acc=0.5, time=0.2370164394378662
02-06-2022 17:34:48|INFO|s22|10-CV=0.60000|STD=0.10408|Time spend=3.160879135131836
02-06-2022 17:34:48|INFO|Running Segment-First
02-06-2022 17:34:48|INFO|X.shape=(120, 14), y.shape=(120,), groups.shape=(120,)
02-06-2022 17:34:48|INFO|Is groups None: False 
02-06-2022 17:34:48|INFO|grid.best_params_={'C': 100.0, 'gamma': 0.1, 'kernel': 'rbf', 'max_iter': 1000}, grid.best_score_=0.712962962962963, grid.best_index_=18, acc=0.8333333333333334, time=0.31148791313171387
02-06-2022 17:34:48|INFO|Is groups None: False 
02-06-2022 17:34:49|INFO|grid.best_params_={'C': 100.0, 'gamma': 0.1, 'kernel': 'rbf', 'max_iter': 1000}, grid.best_score_=0.6666666666666666, grid.best_index_=18, acc=0.8333333333333334, time=0.2518949508666992
02-06-2022 17:34:49|INFO|Is groups None: False 
02-06-2022 17:34:49|INFO|grid.best_params_={'C': 100.0, 'gamma': 0.1, 'kernel': 'rbf', 'max_iter': 1000}, grid.best_score_=0.6851851851851852, grid.best_index_=18, acc=0.5, time=0.23847532272338867
02-06-2022 17:34:49|INFO|Is groups None: False 
02-06-2022 17:34:49|INFO|grid.best_params_={'C': 100.0, 'gamma': 0.1, 'kernel': 'rbf', 'max_iter': 1000}, grid.best_score_=0.675925925925926, grid.best_index_=18, acc=0.9166666666666666, time=0.24230313301086426
02-06-2022 17:34:49|INFO|Is groups None: False 
02-06-2022 17:34:49|INFO|grid.best_params_={'C': 100.0, 'gamma': 0.001, 'kernel': 'rbf', 'max_iter': 1000}, grid.best_score_=0.6574074074074074, grid.best_index_=17, acc=0.5, time=0.27437353134155273
02-06-2022 17:34:49|INFO|Is groups None: False 
02-06-2022 17:34:50|INFO|grid.best_params_={'C': 10000000000.0, 'gamma': 1e-09, 'kernel': 'rbf', 'max_iter': 1000}, grid.best_score_=0.6759259259259259, grid.best_index_=42, acc=0.75, time=0.2570936679840088
02-06-2022 17:34:50|INFO|Is groups None: False 
02-06-2022 17:34:50|INFO|grid.best_params_={'C': 100.0, 'gamma': 0.1, 'kernel': 'rbf', 'max_iter': 1000}, grid.best_score_=0.7037037037037037, grid.best_index_=18, acc=0.75, time=0.2517070770263672
02-06-2022 17:34:50|INFO|Is groups None: False 
02-06-2022 17:34:50|INFO|grid.best_params_={'C': 0.01, 'gamma': 1e-09, 'kernel': 'rbf', 'max_iter': 1000}, grid.best_score_=0.6666666666666666, grid.best_index_=0, acc=0.5, time=0.25266122817993164
02-06-2022 17:34:50|INFO|Is groups None: False 
02-06-2022 17:34:50|INFO|grid.best_params_={'C': 100.0, 'gamma': 0.1, 'kernel': 'rbf', 'max_iter': 1000}, grid.best_score_=0.712962962962963, grid.best_index_=18, acc=0.3333333333333333, time=0.23747467994689941
02-06-2022 17:34:50|INFO|Is groups None: False 
02-06-2022 17:34:51|INFO|grid.best_params_={'C': 1.0, 'gamma': 0.1, 'kernel': 'rbf', 'max_iter': 1000}, grid.best_score_=0.6851851851851851, grid.best_index_=11, acc=0.5, time=0.2515268325805664
02-06-2022 17:34:51|INFO|s23|10-CV=0.64167|STD=0.18653|Time spend=3.0289292335510254
02-06-2022 17:34:51|INFO|Running Segment-First
02-06-2022 17:34:51|INFO|X.shape=(120, 14), y.shape=(120,), groups.shape=(120,)
02-06-2022 17:34:51|INFO|Is groups None: False 
02-06-2022 17:34:51|INFO|grid.best_params_={'C': 100.0, 'gamma': 0.001, 'kernel': 'rbf', 'max_iter': 1000}, grid.best_score_=0.6203703703703705, grid.best_index_=17, acc=0.6666666666666666, time=0.34941768646240234
02-06-2022 17:34:51|INFO|Is groups None: False 
02-06-2022 17:34:52|INFO|grid.best_params_={'C': 1.0, 'gamma': 0.1, 'kernel': 'rbf', 'max_iter': 1000}, grid.best_score_=0.712962962962963, grid.best_index_=11, acc=0.16666666666666666, time=0.2559072971343994
02-06-2022 17:34:52|INFO|Is groups None: False 
02-06-2022 17:34:52|INFO|grid.best_params_={'C': 10000.0, 'gamma': 1e-05, 'kernel': 'rbf', 'max_iter': 1000}, grid.best_score_=0.6944444444444443, grid.best_index_=23, acc=0.5833333333333334, time=0.2411484718322754
02-06-2022 17:34:52|INFO|Is groups None: False 
02-06-2022 17:34:52|INFO|grid.best_params_={'C': 100.0, 'gamma': 0.001, 'kernel': 'rbf', 'max_iter': 1000}, grid.best_score_=0.6111111111111112, grid.best_index_=17, acc=0.5833333333333334, time=0.24439692497253418
02-06-2022 17:34:52|INFO|Is groups None: False 
02-06-2022 17:34:52|INFO|grid.best_params_={'C': 10000000000.0, 'gamma': 1e-09, 'kernel': 'rbf', 'max_iter': 1000}, grid.best_score_=0.6018518518518519, grid.best_index_=42, acc=0.5, time=0.24452900886535645
02-06-2022 17:34:52|INFO|Is groups None: False 
02-06-2022 17:34:53|INFO|grid.best_params_={'C': 100.0, 'gamma': 0.001, 'kernel': 'rbf', 'max_iter': 1000}, grid.best_score_=0.75, grid.best_index_=17, acc=0.3333333333333333, time=0.23961138725280762
02-06-2022 17:34:53|INFO|Is groups None: False 
02-06-2022 17:34:53|INFO|grid.best_params_={'C': 10000.0, 'gamma': 1e-05, 'kernel': 'rbf', 'max_iter': 1000}, grid.best_score_=0.6388888888888888, grid.best_index_=23, acc=0.5833333333333334, time=0.26087212562561035
02-06-2022 17:34:53|INFO|Is groups None: False 
02-06-2022 17:34:53|INFO|grid.best_params_={'C': 10000000000.0, 'gamma': 1e-07, 'kernel': 'rbf', 'max_iter': 1000}, grid.best_score_=0.6296296296296295, grid.best_index_=43, acc=0.75, time=0.24235916137695312
02-06-2022 17:34:53|INFO|Is groups None: False 
02-06-2022 17:34:53|INFO|grid.best_params_={'C': 1.0, 'gamma': 0.1, 'kernel': 'rbf', 'max_iter': 1000}, grid.best_score_=0.6018518518518519, grid.best_index_=11, acc=0.6666666666666666, time=0.24638843536376953
02-06-2022 17:34:53|INFO|Is groups None: False 
02-06-2022 17:34:54|INFO|grid.best_params_={'C': 10000.0, 'gamma': 1e-05, 'kernel': 'rbf', 'max_iter': 1000}, grid.best_score_=0.6666666666666666, grid.best_index_=23, acc=0.3333333333333333, time=0.40899157524108887
02-06-2022 17:34:54|INFO|s24|10-CV=0.51667|STD=0.17401|Time spend=3.187098741531372
02-06-2022 17:34:54|INFO|Running Segment-First
02-06-2022 17:34:54|INFO|X.shape=(120, 14), y.shape=(120,), groups.shape=(120,)
02-06-2022 17:34:54|INFO|Is groups None: False 
02-06-2022 17:34:55|INFO|grid.best_params_={'C': 10000.0, 'gamma': 0.001, 'kernel': 'rbf', 'max_iter': 1000}, grid.best_score_=0.5740740740740741, grid.best_index_=24, acc=0.75, time=0.3767056465148926
02-06-2022 17:34:55|INFO|Is groups None: False 
02-06-2022 17:34:55|INFO|grid.best_params_={'C': 100.0, 'gamma': 0.1, 'kernel': 'rbf', 'max_iter': 1000}, grid.best_score_=0.5740740740740741, grid.best_index_=18, acc=0.5, time=0.2555654048919678
02-06-2022 17:34:55|INFO|Is groups None: False 
02-06-2022 17:34:55|INFO|grid.best_params_={'C': 1000000.0, 'gamma': 0.001, 'kernel': 'rbf', 'max_iter': 1000}, grid.best_score_=0.5833333333333334, grid.best_index_=31, acc=0.6666666666666666, time=0.2450559139251709
02-06-2022 17:34:55|INFO|Is groups None: False 
02-06-2022 17:34:55|INFO|grid.best_params_={'C': 10000.0, 'gamma': 0.001, 'kernel': 'rbf', 'max_iter': 1000}, grid.best_score_=0.5833333333333335, grid.best_index_=24, acc=0.6666666666666666, time=0.2421131134033203
02-06-2022 17:34:55|INFO|Is groups None: False 
02-06-2022 17:34:56|INFO|grid.best_params_={'C': 10000.0, 'gamma': 0.001, 'kernel': 'rbf', 'max_iter': 1000}, grid.best_score_=0.5796296296296295, grid.best_index_=24, acc=0.5833333333333334, time=0.23965883255004883
02-06-2022 17:34:56|INFO|Is groups None: False 
02-06-2022 17:34:56|INFO|grid.best_params_={'C': 10000.0, 'gamma': 0.001, 'kernel': 'rbf', 'max_iter': 1000}, grid.best_score_=0.6277777777777778, grid.best_index_=24, acc=0.75, time=0.2564990520477295
02-06-2022 17:34:56|INFO|Is groups None: False 
02-06-2022 17:34:56|INFO|grid.best_params_={'C': 10000.0, 'gamma': 0.001, 'kernel': 'rbf', 'max_iter': 1000}, grid.best_score_=0.6351851851851852, grid.best_index_=24, acc=0.5, time=0.280902624130249
02-06-2022 17:34:56|INFO|Is groups None: False 
02-06-2022 17:34:57|INFO|grid.best_params_={'C': 100.0, 'gamma': 0.1, 'kernel': 'rbf', 'max_iter': 1000}, grid.best_score_=0.5462962962962963, grid.best_index_=18, acc=0.5, time=0.25359559059143066
02-06-2022 17:34:57|INFO|Is groups None: False 
02-06-2022 17:34:57|INFO|grid.best_params_={'C': 10000.0, 'gamma': 0.001, 'kernel': 'rbf', 'max_iter': 1000}, grid.best_score_=0.5740740740740741, grid.best_index_=24, acc=0.4166666666666667, time=0.23730707168579102
02-06-2022 17:34:57|INFO|Is groups None: False 
02-06-2022 17:34:57|INFO|grid.best_params_={'C': 1000000.0, 'gamma': 0.001, 'kernel': 'rbf', 'max_iter': 1000}, grid.best_score_=0.5648148148148148, grid.best_index_=31, acc=0.6666666666666666, time=0.2502624988555908
02-06-2022 17:34:57|INFO|s25|10-CV=0.60000|STD=0.11055|Time spend=3.148591995239258
02-06-2022 17:34:57|INFO|Running Segment-First
02-06-2022 17:34:57|INFO|X.shape=(120, 14), y.shape=(120,), groups.shape=(120,)
02-06-2022 17:34:57|INFO|Is groups None: False 
02-06-2022 17:34:58|INFO|grid.best_params_={'C': 10000.0, 'gamma': 1e-05, 'kernel': 'rbf', 'max_iter': 1000}, grid.best_score_=0.7129629629629629, grid.best_index_=23, acc=0.5833333333333334, time=0.3281064033508301
02-06-2022 17:34:58|INFO|Is groups None: False 
02-06-2022 17:34:58|INFO|grid.best_params_={'C': 100000000.0, 'gamma': 1e-05, 'kernel': 'rbf', 'max_iter': 1000}, grid.best_score_=0.6481481481481481, grid.best_index_=37, acc=0.6666666666666666, time=0.2566673755645752
02-06-2022 17:34:58|INFO|Is groups None: False 
02-06-2022 17:34:58|INFO|grid.best_params_={'C': 10000.0, 'gamma': 0.001, 'kernel': 'rbf', 'max_iter': 1000}, grid.best_score_=0.6851851851851852, grid.best_index_=24, acc=0.5, time=0.245100736618042
02-06-2022 17:34:58|INFO|Is groups None: False 
02-06-2022 17:34:59|INFO|grid.best_params_={'C': 1.0, 'gamma': 0.1, 'kernel': 'rbf', 'max_iter': 1000}, grid.best_score_=0.712962962962963, grid.best_index_=11, acc=0.3333333333333333, time=0.27364134788513184
02-06-2022 17:34:59|INFO|Is groups None: False 
02-06-2022 17:34:59|INFO|grid.best_params_={'C': 1000000.0, 'gamma': 0.001, 'kernel': 'rbf', 'max_iter': 1000}, grid.best_score_=0.7037037037037037, grid.best_index_=31, acc=0.3333333333333333, time=0.24347496032714844
02-06-2022 17:34:59|INFO|Is groups None: False 
02-06-2022 17:34:59|INFO|grid.best_params_={'C': 100000000.0, 'gamma': 1e-09, 'kernel': 'rbf', 'max_iter': 1000}, grid.best_score_=0.6851851851851852, grid.best_index_=35, acc=0.75, time=0.2683846950531006
02-06-2022 17:34:59|INFO|Is groups None: False 
02-06-2022 17:34:59|INFO|grid.best_params_={'C': 10000.0, 'gamma': 0.001, 'kernel': 'rbf', 'max_iter': 1000}, grid.best_score_=0.6759259259259259, grid.best_index_=24, acc=0.6666666666666666, time=0.2453901767730713
02-06-2022 17:34:59|INFO|Is groups None: False 
02-06-2022 17:35:00|INFO|grid.best_params_={'C': 1000000.0, 'gamma': 1e-05, 'kernel': 'rbf', 'max_iter': 1000}, grid.best_score_=0.6574074074074074, grid.best_index_=30, acc=0.8333333333333334, time=0.2399001121520996
02-06-2022 17:35:00|INFO|Is groups None: False 
02-06-2022 17:35:00|INFO|grid.best_params_={'C': 10000.0, 'gamma': 1e-05, 'kernel': 'rbf', 'max_iter': 1000}, grid.best_score_=0.7037037037037037, grid.best_index_=23, acc=0.75, time=0.3300185203552246
02-06-2022 17:35:00|INFO|Is groups None: False 
02-06-2022 17:35:00|INFO|grid.best_params_={'C': 100000000.0, 'gamma': 1e-09, 'kernel': 'rbf', 'max_iter': 1000}, grid.best_score_=0.7129629629629629, grid.best_index_=35, acc=0.5, time=0.25752973556518555
02-06-2022 17:35:00|INFO|s26|10-CV=0.59167|STD=0.16436|Time spend=3.15511417388916
02-06-2022 17:35:01|INFO|Running Segment-First
02-06-2022 17:35:01|INFO|X.shape=(120, 14), y.shape=(120,), groups.shape=(120,)
02-06-2022 17:35:01|INFO|Is groups None: False 
02-06-2022 17:35:01|INFO|grid.best_params_={'C': 0.01, 'gamma': 1e-09, 'kernel': 'rbf', 'max_iter': 1000}, grid.best_score_=0.75, grid.best_index_=0, acc=0.75, time=0.34056782722473145
02-06-2022 17:35:01|INFO|Is groups None: False 
02-06-2022 17:35:01|INFO|grid.best_params_={'C': 0.01, 'gamma': 1e-09, 'kernel': 'rbf', 'max_iter': 1000}, grid.best_score_=0.75, grid.best_index_=0, acc=0.75, time=0.2651646137237549
02-06-2022 17:35:01|INFO|Is groups None: False 
02-06-2022 17:35:01|INFO|grid.best_params_={'C': 100.0, 'gamma': 0.001, 'kernel': 'rbf', 'max_iter': 1000}, grid.best_score_=0.7592592592592593, grid.best_index_=17, acc=0.75, time=0.2392578125
02-06-2022 17:35:01|INFO|Is groups None: False 
02-06-2022 17:35:02|INFO|grid.best_params_={'C': 100.0, 'gamma': 0.001, 'kernel': 'rbf', 'max_iter': 1000}, grid.best_score_=0.7592592592592592, grid.best_index_=17, acc=0.75, time=0.2896440029144287
02-06-2022 17:35:02|INFO|Is groups None: False 
02-06-2022 17:35:02|INFO|grid.best_params_={'C': 0.01, 'gamma': 1e-09, 'kernel': 'rbf', 'max_iter': 1000}, grid.best_score_=0.75, grid.best_index_=0, acc=0.75, time=0.2677450180053711
02-06-2022 17:35:02|INFO|Is groups None: False 
02-06-2022 17:35:02|INFO|grid.best_params_={'C': 0.01, 'gamma': 1e-09, 'kernel': 'rbf', 'max_iter': 1000}, grid.best_score_=0.75, grid.best_index_=0, acc=0.75, time=0.23529911041259766
02-06-2022 17:35:02|INFO|Is groups None: False 
02-06-2022 17:35:02|INFO|grid.best_params_={'C': 0.01, 'gamma': 1e-09, 'kernel': 'rbf', 'max_iter': 1000}, grid.best_score_=0.75, grid.best_index_=0, acc=0.75, time=0.24500203132629395
02-06-2022 17:35:02|INFO|Is groups None: False 
02-06-2022 17:35:03|INFO|grid.best_params_={'C': 0.01, 'gamma': 1e-09, 'kernel': 'rbf', 'max_iter': 1000}, grid.best_score_=0.75, grid.best_index_=0, acc=0.75, time=0.2433156967163086
02-06-2022 17:35:03|INFO|Is groups None: False 
02-06-2022 17:35:03|INFO|grid.best_params_={'C': 0.01, 'gamma': 1e-09, 'kernel': 'rbf', 'max_iter': 1000}, grid.best_score_=0.75, grid.best_index_=0, acc=0.75, time=0.23799657821655273
02-06-2022 17:35:03|INFO|Is groups None: False 
02-06-2022 17:35:03|INFO|grid.best_params_={'C': 100000000.0, 'gamma': 1e-09, 'kernel': 'rbf', 'max_iter': 1000}, grid.best_score_=0.7777777777777778, grid.best_index_=35, acc=0.75, time=0.2305920124053955
02-06-2022 17:35:03|INFO|s27|10-CV=0.75000|STD=0.00000|Time spend=3.0278420448303223
02-06-2022 17:35:04|INFO|Running Segment-First
02-06-2022 17:35:04|INFO|X.shape=(120, 14), y.shape=(120,), groups.shape=(120,)
02-06-2022 17:35:04|INFO|Is groups None: False 
02-06-2022 17:35:04|INFO|grid.best_params_={'C': 100.0, 'gamma': 0.001, 'kernel': 'rbf', 'max_iter': 1000}, grid.best_score_=0.6851851851851852, grid.best_index_=17, acc=0.5, time=0.30097460746765137
02-06-2022 17:35:04|INFO|Is groups None: False 
02-06-2022 17:35:04|INFO|grid.best_params_={'C': 100.0, 'gamma': 0.001, 'kernel': 'rbf', 'max_iter': 1000}, grid.best_score_=0.7037037037037037, grid.best_index_=17, acc=0.5833333333333334, time=0.2563152313232422
02-06-2022 17:35:04|INFO|Is groups None: False 
02-06-2022 17:35:04|INFO|grid.best_params_={'C': 100000000.0, 'gamma': 1e-07, 'kernel': 'rbf', 'max_iter': 1000}, grid.best_score_=0.6666666666666666, grid.best_index_=36, acc=0.75, time=0.24417567253112793
02-06-2022 17:35:04|INFO|Is groups None: False 
02-06-2022 17:35:05|INFO|grid.best_params_={'C': 100.0, 'gamma': 0.001, 'kernel': 'rbf', 'max_iter': 1000}, grid.best_score_=0.6851851851851852, grid.best_index_=17, acc=0.3333333333333333, time=0.2807950973510742
02-06-2022 17:35:05|INFO|Is groups None: False 
02-06-2022 17:35:05|INFO|grid.best_params_={'C': 1000000.0, 'gamma': 1e-05, 'kernel': 'rbf', 'max_iter': 1000}, grid.best_score_=0.6944444444444443, grid.best_index_=30, acc=0.4166666666666667, time=0.2731640338897705
02-06-2022 17:35:05|INFO|Is groups None: False 
02-06-2022 17:35:05|INFO|grid.best_params_={'C': 100000000.0, 'gamma': 1e-07, 'kernel': 'rbf', 'max_iter': 1000}, grid.best_score_=0.6759259259259259, grid.best_index_=36, acc=0.6666666666666666, time=0.25600194931030273
02-06-2022 17:35:05|INFO|Is groups None: False 
02-06-2022 17:35:06|INFO|grid.best_params_={'C': 1000000.0, 'gamma': 1e-05, 'kernel': 'rbf', 'max_iter': 1000}, grid.best_score_=0.6851851851851852, grid.best_index_=30, acc=0.8333333333333334, time=0.2557535171508789
02-06-2022 17:35:06|INFO|Is groups None: False 
02-06-2022 17:35:06|INFO|grid.best_params_={'C': 100000000.0, 'gamma': 1e-07, 'kernel': 'rbf', 'max_iter': 1000}, grid.best_score_=0.6666666666666666, grid.best_index_=36, acc=0.8333333333333334, time=0.24411249160766602
02-06-2022 17:35:06|INFO|Is groups None: False 
02-06-2022 17:35:06|INFO|grid.best_params_={'C': 1000000.0, 'gamma': 1e-07, 'kernel': 'rbf', 'max_iter': 1000}, grid.best_score_=0.6666666666666666, grid.best_index_=29, acc=0.5833333333333334, time=0.24602127075195312
02-06-2022 17:35:06|INFO|Is groups None: False 
02-06-2022 17:35:06|INFO|grid.best_params_={'C': 100.0, 'gamma': 0.001, 'kernel': 'rbf', 'max_iter': 1000}, grid.best_score_=0.6296296296296295, grid.best_index_=17, acc=0.8333333333333334, time=0.24004673957824707
02-06-2022 17:35:06|INFO|s28|10-CV=0.63333|STD=0.17159|Time spend=3.0906078815460205
02-06-2022 17:35:07|INFO|Running Segment-First
02-06-2022 17:35:07|INFO|X.shape=(120, 14), y.shape=(120,), groups.shape=(120,)
02-06-2022 17:35:07|INFO|Is groups None: False 
02-06-2022 17:35:07|INFO|grid.best_params_={'C': 100000000.0, 'gamma': 1e-07, 'kernel': 'rbf', 'max_iter': 1000}, grid.best_score_=0.6666666666666666, grid.best_index_=36, acc=0.5, time=0.35640692710876465
02-06-2022 17:35:07|INFO|Is groups None: False 
02-06-2022 17:35:07|INFO|grid.best_params_={'C': 10000.0, 'gamma': 1e-05, 'kernel': 'rbf', 'max_iter': 1000}, grid.best_score_=0.6388888888888888, grid.best_index_=23, acc=0.5833333333333334, time=0.27428412437438965
02-06-2022 17:35:07|INFO|Is groups None: False 
02-06-2022 17:35:08|INFO|grid.best_params_={'C': 10000.0, 'gamma': 1e-05, 'kernel': 'rbf', 'max_iter': 1000}, grid.best_score_=0.6203703703703705, grid.best_index_=23, acc=0.75, time=0.24712133407592773
02-06-2022 17:35:08|INFO|Is groups None: False 
02-06-2022 17:35:08|INFO|grid.best_params_={'C': 10000000000.0, 'gamma': 1e-07, 'kernel': 'rbf', 'max_iter': 1000}, grid.best_score_=0.6666666666666667, grid.best_index_=43, acc=0.5833333333333334, time=0.38912439346313477
02-06-2022 17:35:08|INFO|Is groups None: False 
02-06-2022 17:35:08|INFO|grid.best_params_={'C': 1000000.0, 'gamma': 1e-05, 'kernel': 'rbf', 'max_iter': 1000}, grid.best_score_=0.6944444444444444, grid.best_index_=30, acc=0.5, time=0.2652759552001953
02-06-2022 17:35:08|INFO|Is groups None: False 
02-06-2022 17:35:09|INFO|grid.best_params_={'C': 10000000000.0, 'gamma': 1e-09, 'kernel': 'rbf', 'max_iter': 1000}, grid.best_score_=0.6851851851851852, grid.best_index_=42, acc=0.5833333333333334, time=0.2516818046569824
02-06-2022 17:35:09|INFO|Is groups None: False 
02-06-2022 17:35:09|INFO|grid.best_params_={'C': 10000000000.0, 'gamma': 1e-07, 'kernel': 'rbf', 'max_iter': 1000}, grid.best_score_=0.6388888888888888, grid.best_index_=43, acc=0.75, time=0.2729761600494385
02-06-2022 17:35:09|INFO|Is groups None: False 
02-06-2022 17:35:09|INFO|grid.best_params_={'C': 1000000.0, 'gamma': 1e-05, 'kernel': 'rbf', 'max_iter': 1000}, grid.best_score_=0.6580246913580247, grid.best_index_=30, acc=0.75, time=0.26485371589660645
02-06-2022 17:35:09|INFO|Is groups None: False 
02-06-2022 17:35:09|INFO|grid.best_params_={'C': 1.0, 'gamma': 0.1, 'kernel': 'rbf', 'max_iter': 1000}, grid.best_score_=0.6759259259259259, grid.best_index_=11, acc=0.5, time=0.24153804779052734
02-06-2022 17:35:09|INFO|Is groups None: False 
02-06-2022 17:35:10|INFO|grid.best_params_={'C': 100000000.0, 'gamma': 1e-07, 'kernel': 'rbf', 'max_iter': 1000}, grid.best_score_=0.6388888888888888, grid.best_index_=36, acc=0.6666666666666666, time=0.25540709495544434
02-06-2022 17:35:10|INFO|s29|10-CV=0.61667|STD=0.10000|Time spend=3.3020012378692627
02-06-2022 17:35:10|INFO|Running Segment-First
02-06-2022 17:35:10|INFO|X.shape=(120, 14), y.shape=(120,), groups.shape=(120,)
02-06-2022 17:35:10|INFO|Is groups None: False 
02-06-2022 17:35:10|INFO|grid.best_params_={'C': 0.01, 'gamma': 1e-09, 'kernel': 'rbf', 'max_iter': 1000}, grid.best_score_=0.6666666666666666, grid.best_index_=0, acc=0.75, time=0.34143972396850586
02-06-2022 17:35:10|INFO|Is groups None: False 
02-06-2022 17:35:11|INFO|grid.best_params_={'C': 0.01, 'gamma': 1e-09, 'kernel': 'rbf', 'max_iter': 1000}, grid.best_score_=0.6666666666666666, grid.best_index_=0, acc=0.75, time=0.25888848304748535
02-06-2022 17:35:11|INFO|Is groups None: False 
02-06-2022 17:35:11|INFO|grid.best_params_={'C': 0.01, 'gamma': 1e-09, 'kernel': 'rbf', 'max_iter': 1000}, grid.best_score_=0.6944444444444444, grid.best_index_=0, acc=0.5, time=0.23797178268432617
02-06-2022 17:35:11|INFO|Is groups None: False 
02-06-2022 17:35:11|INFO|grid.best_params_={'C': 0.01, 'gamma': 1e-09, 'kernel': 'rbf', 'max_iter': 1000}, grid.best_score_=0.6944444444444444, grid.best_index_=0, acc=0.5, time=0.2438218593597412
02-06-2022 17:35:11|INFO|Is groups None: False 
02-06-2022 17:35:11|INFO|grid.best_params_={'C': 1.0, 'gamma': 0.1, 'kernel': 'rbf', 'max_iter': 1000}, grid.best_score_=0.7037037037037037, grid.best_index_=11, acc=0.5833333333333334, time=0.23520660400390625
02-06-2022 17:35:11|INFO|Is groups None: False 
02-06-2022 17:35:12|INFO|grid.best_params_={'C': 0.01, 'gamma': 1e-09, 'kernel': 'rbf', 'max_iter': 1000}, grid.best_score_=0.6666666666666666, grid.best_index_=0, acc=0.75, time=0.24126625061035156
02-06-2022 17:35:12|INFO|Is groups None: False 
02-06-2022 17:35:12|INFO|grid.best_params_={'C': 0.01, 'gamma': 1e-09, 'kernel': 'rbf', 'max_iter': 1000}, grid.best_score_=0.6944444444444444, grid.best_index_=0, acc=0.5, time=0.25715088844299316
02-06-2022 17:35:12|INFO|Is groups None: False 
02-06-2022 17:35:12|INFO|grid.best_params_={'C': 0.01, 'gamma': 1e-09, 'kernel': 'rbf', 'max_iter': 1000}, grid.best_score_=0.6666666666666666, grid.best_index_=0, acc=0.75, time=0.2364656925201416
02-06-2022 17:35:12|INFO|Is groups None: False 
02-06-2022 17:35:12|INFO|grid.best_params_={'C': 0.01, 'gamma': 1e-09, 'kernel': 'rbf', 'max_iter': 1000}, grid.best_score_=0.6666666666666666, grid.best_index_=0, acc=0.75, time=0.24664092063903809
02-06-2022 17:35:12|INFO|Is groups None: False 
02-06-2022 17:35:13|INFO|grid.best_params_={'C': 0.01, 'gamma': 1e-09, 'kernel': 'rbf', 'max_iter': 1000}, grid.best_score_=0.6666666666666666, grid.best_index_=0, acc=0.75, time=0.23401641845703125
02-06-2022 17:35:13|INFO|s30|10-CV=0.65833|STD=0.11456|Time spend=2.9746952056884766
02-06-2022 17:35:13|INFO|Running Segment-First
02-06-2022 17:35:13|INFO|X.shape=(120, 14), y.shape=(120,), groups.shape=(120,)
02-06-2022 17:35:13|INFO|Is groups None: False 
02-06-2022 17:35:13|INFO|grid.best_params_={'C': 1.0, 'gamma': 0.1, 'kernel': 'rbf', 'max_iter': 1000}, grid.best_score_=0.6296296296296297, grid.best_index_=11, acc=0.4166666666666667, time=0.34224748611450195
02-06-2022 17:35:13|INFO|Is groups None: False 
02-06-2022 17:35:14|INFO|grid.best_params_={'C': 1.0, 'gamma': 0.1, 'kernel': 'rbf', 'max_iter': 1000}, grid.best_score_=0.6574074074074073, grid.best_index_=11, acc=0.4166666666666667, time=0.25405001640319824
02-06-2022 17:35:14|INFO|Is groups None: False 
02-06-2022 17:35:14|INFO|grid.best_params_={'C': 0.01, 'gamma': 1e-09, 'kernel': 'rbf', 'max_iter': 1000}, grid.best_score_=0.5833333333333334, grid.best_index_=0, acc=0.5, time=0.23843622207641602
02-06-2022 17:35:14|INFO|Is groups None: False 
02-06-2022 17:35:14|INFO|grid.best_params_={'C': 10000.0, 'gamma': 0.001, 'kernel': 'rbf', 'max_iter': 1000}, grid.best_score_=0.5740740740740741, grid.best_index_=24, acc=0.75, time=0.289905309677124
02-06-2022 17:35:14|INFO|Is groups None: False 
02-06-2022 17:35:14|INFO|grid.best_params_={'C': 0.01, 'gamma': 1e-09, 'kernel': 'rbf', 'max_iter': 1000}, grid.best_score_=0.5833333333333334, grid.best_index_=0, acc=0.5, time=0.24905014038085938
02-06-2022 17:35:14|INFO|Is groups None: False 
02-06-2022 17:35:15|INFO|grid.best_params_={'C': 1.0, 'gamma': 0.1, 'kernel': 'rbf', 'max_iter': 1000}, grid.best_score_=0.6203703703703705, grid.best_index_=11, acc=0.5, time=0.23661565780639648
02-06-2022 17:35:15|INFO|Is groups None: False 
02-06-2022 17:35:15|INFO|grid.best_params_={'C': 10000000000.0, 'gamma': 1e-07, 'kernel': 'rbf', 'max_iter': 1000}, grid.best_score_=0.6018518518518517, grid.best_index_=43, acc=0.6666666666666666, time=0.44780778884887695
02-06-2022 17:35:15|INFO|Is groups None: False 
02-06-2022 17:35:15|INFO|grid.best_params_={'C': 100000000.0, 'gamma': 1e-09, 'kernel': 'rbf', 'max_iter': 1000}, grid.best_score_=0.5555555555555557, grid.best_index_=35, acc=0.6666666666666666, time=0.24837851524353027
02-06-2022 17:35:15|INFO|Is groups None: False 
02-06-2022 17:35:16|INFO|grid.best_params_={'C': 100000000.0, 'gamma': 1e-07, 'kernel': 'rbf', 'max_iter': 1000}, grid.best_score_=0.6018518518518519, grid.best_index_=36, acc=0.25, time=0.239088773727417
02-06-2022 17:35:16|INFO|Is groups None: False 
02-06-2022 17:35:16|INFO|grid.best_params_={'C': 100000000.0, 'gamma': 1e-05, 'kernel': 'rbf', 'max_iter': 1000}, grid.best_score_=0.6018518518518519, grid.best_index_=37, acc=0.6666666666666666, time=0.24219560623168945
02-06-2022 17:35:16|INFO|s31|10-CV=0.53333|STD=0.14530|Time spend=3.235640048980713
02-06-2022 17:35:16|INFO|Running Segment-First
02-06-2022 17:35:16|INFO|X.shape=(120, 14), y.shape=(120,), groups.shape=(120,)
02-06-2022 17:35:16|INFO|Is groups None: False 
02-06-2022 17:35:17|INFO|grid.best_params_={'C': 100.0, 'gamma': 0.001, 'kernel': 'rbf', 'max_iter': 1000}, grid.best_score_=0.6203703703703705, grid.best_index_=17, acc=0.75, time=0.28939032554626465
02-06-2022 17:35:17|INFO|Is groups None: False 
02-06-2022 17:35:17|INFO|grid.best_params_={'C': 100000000.0, 'gamma': 1e-09, 'kernel': 'rbf', 'max_iter': 1000}, grid.best_score_=0.6574074074074074, grid.best_index_=35, acc=0.6666666666666666, time=0.2594578266143799
02-06-2022 17:35:17|INFO|Is groups None: False 
02-06-2022 17:35:17|INFO|grid.best_params_={'C': 10000.0, 'gamma': 0.001, 'kernel': 'rbf', 'max_iter': 1000}, grid.best_score_=0.6481481481481481, grid.best_index_=24, acc=0.6666666666666666, time=0.25481510162353516
02-06-2022 17:35:17|INFO|Is groups None: False 
02-06-2022 17:35:17|INFO|grid.best_params_={'C': 1000000.0, 'gamma': 1e-07, 'kernel': 'rbf', 'max_iter': 1000}, grid.best_score_=0.675925925925926, grid.best_index_=29, acc=0.3333333333333333, time=0.2730751037597656
02-06-2022 17:35:17|INFO|Is groups None: False 
02-06-2022 17:35:18|INFO|grid.best_params_={'C': 1.0, 'gamma': 0.1, 'kernel': 'rbf', 'max_iter': 1000}, grid.best_score_=0.6944444444444444, grid.best_index_=11, acc=0.3333333333333333, time=0.2559044361114502
02-06-2022 17:35:18|INFO|Is groups None: False 
02-06-2022 17:35:18|INFO|grid.best_params_={'C': 10000000000.0, 'gamma': 1e-07, 'kernel': 'rbf', 'max_iter': 1000}, grid.best_score_=0.6203703703703703, grid.best_index_=43, acc=0.9166666666666666, time=0.2508227825164795
02-06-2022 17:35:18|INFO|Is groups None: False 
02-06-2022 17:35:18|INFO|grid.best_params_={'C': 100.0, 'gamma': 0.1, 'kernel': 'rbf', 'max_iter': 1000}, grid.best_score_=0.6018518518518519, grid.best_index_=18, acc=0.4166666666666667, time=0.25244927406311035
02-06-2022 17:35:18|INFO|Is groups None: False 
02-06-2022 17:35:18|INFO|grid.best_params_={'C': 10000000000.0, 'gamma': 1e-07, 'kernel': 'rbf', 'max_iter': 1000}, grid.best_score_=0.6018518518518519, grid.best_index_=43, acc=0.8333333333333334, time=0.26589512825012207
02-06-2022 17:35:18|INFO|Is groups None: False 
02-06-2022 17:35:19|INFO|grid.best_params_={'C': 1.0, 'gamma': 0.1, 'kernel': 'rbf', 'max_iter': 1000}, grid.best_score_=0.6574074074074074, grid.best_index_=11, acc=0.5, time=0.2526426315307617
02-06-2022 17:35:19|INFO|Is groups None: False 
02-06-2022 17:35:19|INFO|grid.best_params_={'C': 1.0, 'gamma': 0.1, 'kernel': 'rbf', 'max_iter': 1000}, grid.best_score_=0.638888888888889, grid.best_index_=11, acc=0.75, time=0.24147248268127441
02-06-2022 17:35:19|INFO|s32|10-CV=0.61667|STD=0.19791|Time spend=3.093053102493286
02-06-2022 17:35:19|INFO|final|10-CV=0.63073|STD=0.04919
