27-05-2022 14:07:56|INFO|
    Running Command: 
        python3 main-ml.py --subject_setup dependent --experimental_setup segment --stimuli_class arousal --preprocessing RASM --segment_lenght 1 --output_log ./output/dependent_segment_arousal_RASM_1.log
    Starting training:
        segment_lenght:  1
        output_log:      ./output/dependent_segment_arousal_RASM_1.log
        stimuli_class:   arousal
        preprocessing:   RASM
        subject_setup:   dependent
        experimental_setup: segment
    
27-05-2022 14:13:14|INFO|s01|10-CV=0.59958|STD=0.00573|Time spend=318.0189263820648
27-05-2022 14:18:02|INFO|s02|10-CV=0.63167|STD=0.01710|Time spend=287.684707403183
27-05-2022 14:22:14|INFO|s03|10-CV=0.79833|STD=0.00677|Time spend=252.0647177696228
27-05-2022 14:26:57|INFO|s04|10-CV=0.62000|STD=0.02022|Time spend=283.13347339630127
27-05-2022 14:32:00|INFO|s05|10-CV=0.53083|STD=0.02809|Time spend=302.4766311645508
27-05-2022 14:36:56|INFO|s06|10-CV=0.59792|STD=0.01562|Time spend=296.4063768386841
27-05-2022 14:41:40|INFO|s07|10-CV=0.62083|STD=0.00833|Time spend=283.7710361480713
27-05-2022 14:46:16|INFO|s08|10-CV=0.56792|STD=0.02244|Time spend=275.73478651046753
27-05-2022 14:51:07|INFO|s09|10-CV=0.64875|STD=0.02569|Time spend=291.83062982559204
27-05-2022 14:56:00|INFO|s10|10-CV=0.60583|STD=0.02577|Time spend=292.8812997341156
27-05-2022 15:00:34|INFO|s11|10-CV=0.63292|STD=0.01028|Time spend=273.93879532814026
27-05-2022 15:04:55|INFO|s12|10-CV=0.82500|STD=0.00000|Time spend=260.3176724910736
27-05-2022 15:09:03|INFO|s13|10-CV=0.84958|STD=0.00125|Time spend=248.15132236480713
27-05-2022 15:13:41|INFO|s14|10-CV=0.67583|STD=0.00167|Time spend=277.9824688434601
27-05-2022 15:18:20|INFO|s15|10-CV=0.59833|STD=0.02284|Time spend=279.4992444515228
27-05-2022 15:23:00|INFO|s16|10-CV=0.58708|STD=0.01949|Time spend=279.6815490722656
27-05-2022 15:27:49|INFO|s17|10-CV=0.61000|STD=0.02529|Time spend=288.7851538658142
27-05-2022 15:32:34|INFO|s18|10-CV=0.61833|STD=0.01333|Time spend=285.11913299560547
27-05-2022 15:37:12|INFO|s19|10-CV=0.67375|STD=0.00375|Time spend=278.6975529193878
27-05-2022 15:41:44|INFO|s20|10-CV=0.77417|STD=0.00167|Time spend=271.57054710388184
27-05-2022 15:46:08|INFO|s21|10-CV=0.80042|STD=0.00125|Time spend=264.1507873535156
27-05-2022 15:50:57|INFO|s22|10-CV=0.60167|STD=0.02126|Time spend=289.1184952259064
27-05-2022 15:55:13|INFO|s23|10-CV=0.75000|STD=0.00000|Time spend=255.75294828414917
27-05-2022 15:59:31|INFO|s24|10-CV=0.82500|STD=0.00000|Time spend=258.38513588905334
27-05-2022 16:04:15|INFO|s25|10-CV=0.72375|STD=0.00325|Time spend=283.3831887245178
27-05-2022 16:09:05|INFO|s26|10-CV=0.57167|STD=0.00764|Time spend=290.34399580955505
27-05-2022 16:13:48|INFO|s27|10-CV=0.67500|STD=0.00000|Time spend=282.55824398994446
27-05-2022 16:18:37|INFO|s28|10-CV=0.56167|STD=0.02258|Time spend=288.8223671913147
27-05-2022 16:23:22|INFO|s29|10-CV=0.62292|STD=0.00280|Time spend=285.6819803714752
27-05-2022 16:28:06|INFO|s30|10-CV=0.52917|STD=0.03062|Time spend=283.3262219429016
27-05-2022 16:32:51|INFO|s31|10-CV=0.59625|STD=0.02255|Time spend=285.74678921699524
27-05-2022 16:37:37|INFO|s32|10-CV=0.67500|STD=0.00000|Time spend=285.23211789131165
27-05-2022 16:37:37|INFO|final|10-CV=0.65622|STD=0.01024
