27-05-2022 08:13:21|INFO|
    Running Command: 
        python3 main-ml.py --subject_setup dependent --experimental_setup trial --stimuli_class arousal --preprocessing RASM --segment_lenght 12 --output_log ./output/dependent_trial_arousal_RASM_12.log
    Starting training:
        segment_lenght:  12
        output_log:      ./output/dependent_trial_arousal_RASM_12.log
        stimuli_class:   arousal
        preprocessing:   RASM
        subject_setup:   dependent
        experimental_setup: trial
    
27-05-2022 08:14:24|INFO|s01|10-CV=0.58000|STD=0.13638|Time spend=62.644418239593506
27-05-2022 08:15:31|INFO|s02|10-CV=0.53500|STD=0.15338|Time spend=67.42146158218384
27-05-2022 08:15:43|INFO|s03|10-CV=0.80000|STD=0.10000|Time spend=11.613114595413208
27-05-2022 08:15:57|INFO|s04|10-CV=0.70000|STD=0.12649|Time spend=13.946083068847656
27-05-2022 08:16:12|INFO|s05|10-CV=0.50500|STD=0.10595|Time spend=15.368690490722656
27-05-2022 08:16:27|INFO|s06|10-CV=0.49000|STD=0.06633|Time spend=14.924333810806274
27-05-2022 08:16:41|INFO|s07|10-CV=0.55000|STD=0.15166|Time spend=13.539854526519775
27-05-2022 08:16:55|INFO|s08|10-CV=0.56167|STD=0.12933|Time spend=14.671408653259277
27-05-2022 08:17:07|INFO|s09|10-CV=0.63000|STD=0.09798|Time spend=12.182208776473999
27-05-2022 08:17:22|INFO|s10|10-CV=0.56500|STD=0.12258|Time spend=14.715539932250977
27-05-2022 08:17:37|INFO|s11|10-CV=0.59000|STD=0.13191|Time spend=15.102718353271484
27-05-2022 08:17:50|INFO|s12|10-CV=0.82000|STD=0.10770|Time spend=12.757989406585693
27-05-2022 08:18:01|INFO|s13|10-CV=0.85000|STD=0.12247|Time spend=11.453429460525513
27-05-2022 08:18:16|INFO|s14|10-CV=0.63000|STD=0.13266|Time spend=14.455924272537231
27-05-2022 08:18:31|INFO|s15|10-CV=0.42000|STD=0.11874|Time spend=15.569130182266235
27-05-2022 08:18:47|INFO|s16|10-CV=0.51000|STD=0.13000|Time spend=15.540555238723755
27-05-2022 08:19:02|INFO|s17|10-CV=0.63500|STD=0.05025|Time spend=14.777139663696289
27-05-2022 08:19:17|INFO|s18|10-CV=0.61000|STD=0.11358|Time spend=15.61025619506836
27-05-2022 08:19:32|INFO|s19|10-CV=0.66500|STD=0.11192|Time spend=15.08227825164795
27-05-2022 08:19:48|INFO|s20|10-CV=0.77000|STD=0.07810|Time spend=15.568858623504639
27-05-2022 08:20:02|INFO|s21|10-CV=0.80000|STD=0.10000|Time spend=14.095049619674683
27-05-2022 08:20:18|INFO|s22|10-CV=0.59500|STD=0.12738|Time spend=15.446846961975098
27-05-2022 08:20:32|INFO|s23|10-CV=0.75000|STD=0.00000|Time spend=13.963075399398804
27-05-2022 08:20:44|INFO|s24|10-CV=0.82500|STD=0.11456|Time spend=12.976174116134644
27-05-2022 08:20:59|INFO|s25|10-CV=0.71500|STD=0.07762|Time spend=14.846729040145874
27-05-2022 08:21:15|INFO|s26|10-CV=0.54000|STD=0.05831|Time spend=15.159047365188599
27-05-2022 08:21:29|INFO|s27|10-CV=0.67500|STD=0.15042|Time spend=14.310442209243774
27-05-2022 08:21:45|INFO|s28|10-CV=0.44500|STD=0.04717|Time spend=16.47028398513794
27-05-2022 08:22:01|INFO|s29|10-CV=0.62000|STD=0.11662|Time spend=15.636791706085205
27-05-2022 08:22:17|INFO|s30|10-CV=0.53500|STD=0.12460|Time spend=16.081626176834106
27-05-2022 08:22:33|INFO|s31|10-CV=0.59000|STD=0.10440|Time spend=16.05267834663391
27-05-2022 08:22:48|INFO|s32|10-CV=0.68000|STD=0.11874|Time spend=15.234559297561646
27-05-2022 08:22:48|INFO|final|10-CV=0.63083|STD=0.03328
