27-05-2022 11:05:33|INFO|
    Running Command: 
        python3 main-ml.py --subject_setup dependent --experimental_setup segment --stimuli_class valence --preprocessing RASM --segment_lenght 20 --output_log ./output/dependent_segment_valence_RASM_20.log
    Starting training:
        segment_lenght:  20
        output_log:      ./output/dependent_segment_valence_RASM_20.log
        stimuli_class:   valence
        preprocessing:   RASM
        subject_setup:   dependent
        experimental_setup: segment
    
27-05-2022 11:06:22|INFO|s01|10-CV=0.41667|STD=0.07454|Time spend=48.86773872375488
27-05-2022 11:07:25|INFO|s02|10-CV=0.67500|STD=0.12047|Time spend=63.569881200790405
27-05-2022 11:07:35|INFO|s03|10-CV=0.61667|STD=0.10672|Time spend=9.675926446914673
27-05-2022 11:07:43|INFO|s04|10-CV=0.69167|STD=0.12937|Time spend=8.149640560150146
27-05-2022 11:07:51|INFO|s05|10-CV=0.55000|STD=0.10672|Time spend=8.223469257354736
27-05-2022 11:08:00|INFO|s06|10-CV=0.74167|STD=0.02500|Time spend=8.642213106155396
27-05-2022 11:08:09|INFO|s07|10-CV=0.69167|STD=0.05336|Time spend=9.149930715560913
27-05-2022 11:08:17|INFO|s08|10-CV=0.70000|STD=0.17951|Time spend=7.725593090057373
27-05-2022 11:08:25|INFO|s09|10-CV=0.67500|STD=0.10833|Time spend=8.291693687438965
27-05-2022 11:08:33|INFO|s10|10-CV=0.75000|STD=0.17078|Time spend=7.81538724899292
27-05-2022 11:08:42|INFO|s11|10-CV=0.67500|STD=0.13668|Time spend=9.130789518356323
27-05-2022 11:08:51|INFO|s12|10-CV=0.53333|STD=0.16750|Time spend=9.188024282455444
27-05-2022 11:09:00|INFO|s13|10-CV=0.71667|STD=0.12472|Time spend=8.404513597488403
27-05-2022 11:09:09|INFO|s14|10-CV=0.70833|STD=0.11335|Time spend=9.32693886756897
27-05-2022 11:09:17|INFO|s15|10-CV=0.70000|STD=0.17159|Time spend=7.517091989517212
27-05-2022 11:09:26|INFO|s16|10-CV=0.71667|STD=0.14044|Time spend=9.047672033309937
27-05-2022 11:09:36|INFO|s17|10-CV=0.49167|STD=0.13150|Time spend=9.950210809707642
27-05-2022 11:09:42|INFO|s18|10-CV=0.80833|STD=0.09167|Time spend=6.603767395019531
27-05-2022 11:09:52|INFO|s19|10-CV=0.65833|STD=0.10172|Time spend=9.741161346435547
27-05-2022 11:09:59|INFO|s20|10-CV=0.70833|STD=0.13566|Time spend=7.306576251983643
27-05-2022 11:10:09|INFO|s21|10-CV=0.59167|STD=0.10172|Time spend=10.023954629898071
27-05-2022 11:10:19|INFO|s22|10-CV=0.60000|STD=0.19650|Time spend=9.471726894378662
27-05-2022 11:10:28|INFO|s23|10-CV=0.61667|STD=0.11902|Time spend=8.79927110671997
27-05-2022 11:10:37|INFO|s24|10-CV=0.63333|STD=0.09280|Time spend=9.330076694488525
27-05-2022 11:10:47|INFO|s25|10-CV=0.58333|STD=0.13437|Time spend=10.022119522094727
27-05-2022 11:10:56|INFO|s26|10-CV=0.67500|STD=0.10833|Time spend=8.767843961715698
27-05-2022 11:11:04|INFO|s27|10-CV=0.74167|STD=0.04488|Time spend=8.436132669448853
27-05-2022 11:11:14|INFO|s28|10-CV=0.65000|STD=0.06236|Time spend=9.675788402557373
27-05-2022 11:11:23|INFO|s29|10-CV=0.58333|STD=0.13437|Time spend=9.13822340965271
27-05-2022 11:11:33|INFO|s30|10-CV=0.65833|STD=0.06922|Time spend=9.908853530883789
27-05-2022 11:11:43|INFO|s31|10-CV=0.61667|STD=0.09280|Time spend=10.017040967941284
27-05-2022 11:11:52|INFO|s32|10-CV=0.60000|STD=0.15275|Time spend=8.941462278366089
27-05-2022 11:11:52|INFO|final|10-CV=0.64922|STD=0.03938
