27-05-2022 11:21:38|INFO|
    Running Command: 
        python3 main-ml.py --subject_setup dependent --experimental_setup segment --stimuli_class valence --preprocessing RASM --segment_lenght 1 --output_log ./output/dependent_segment_valence_RASM_1.log
    Starting training:
        segment_lenght:  1
        output_log:      ./output/dependent_segment_valence_RASM_1.log
        stimuli_class:   valence
        preprocessing:   RASM
        subject_setup:   dependent
        experimental_setup: segment
    
27-05-2022 11:26:56|INFO|s01|10-CV=0.52333|STD=0.01137|Time spend=318.2922122478485
27-05-2022 11:31:48|INFO|s02|10-CV=0.59792|STD=0.04205|Time spend=291.7703742980957
27-05-2022 11:37:01|INFO|s03|10-CV=0.56583|STD=0.02123|Time spend=313.2236292362213
27-05-2022 11:41:46|INFO|s04|10-CV=0.63958|STD=0.02948|Time spend=284.9008526802063
27-05-2022 11:46:48|INFO|s05|10-CV=0.60083|STD=0.01644|Time spend=302.38804817199707
27-05-2022 11:51:34|INFO|s06|10-CV=0.74792|STD=0.00625|Time spend=286.2079710960388
27-05-2022 11:56:20|INFO|s07|10-CV=0.70542|STD=0.01179|Time spend=285.6110870838165
27-05-2022 12:01:11|INFO|s08|10-CV=0.54167|STD=0.02386|Time spend=291.35796093940735
27-05-2022 12:06:04|INFO|s09|10-CV=0.67792|STD=0.04290|Time spend=292.68196153640747
27-05-2022 12:10:46|INFO|s10|10-CV=0.73458|STD=0.03113|Time spend=282.134970664978
27-05-2022 12:15:37|INFO|s11|10-CV=0.59833|STD=0.01689|Time spend=290.6477620601654
27-05-2022 12:20:16|INFO|s12|10-CV=0.56792|STD=0.02758|Time spend=279.33776450157166
27-05-2022 12:24:41|INFO|s13|10-CV=0.65500|STD=0.02581|Time spend=264.6066424846649
27-05-2022 12:29:01|INFO|s14|10-CV=0.64167|STD=0.06852|Time spend=260.380980014801
27-05-2022 12:33:23|INFO|s15|10-CV=0.64833|STD=0.03980|Time spend=261.27444410324097
27-05-2022 12:37:31|INFO|s16|10-CV=0.65417|STD=0.02869|Time spend=248.57749676704407
27-05-2022 12:42:08|INFO|s17|10-CV=0.54125|STD=0.01375|Time spend=277.12269496917725
27-05-2022 12:46:32|INFO|s18|10-CV=0.72083|STD=0.04099|Time spend=263.60153675079346
27-05-2022 12:51:02|INFO|s19|10-CV=0.58042|STD=0.01882|Time spend=269.8864233493805
27-05-2022 12:55:27|INFO|s20|10-CV=0.62875|STD=0.02967|Time spend=265.28837728500366
27-05-2022 13:00:07|INFO|s21|10-CV=0.53000|STD=0.02540|Time spend=279.64947605133057
27-05-2022 13:04:33|INFO|s22|10-CV=0.63458|STD=0.02025|Time spend=266.02192997932434
27-05-2022 13:09:11|INFO|s23|10-CV=0.65292|STD=0.00619|Time spend=278.380184173584
27-05-2022 13:13:41|INFO|s24|10-CV=0.56417|STD=0.02321|Time spend=269.60574221611023
27-05-2022 13:18:22|INFO|s25|10-CV=0.53000|STD=0.02904|Time spend=280.895929813385
27-05-2022 13:23:01|INFO|s26|10-CV=0.64833|STD=0.00204|Time spend=279.6224567890167
27-05-2022 13:27:07|INFO|s27|10-CV=0.75000|STD=0.00000|Time spend=246.02369856834412
27-05-2022 13:31:36|INFO|s28|10-CV=0.63000|STD=0.02471|Time spend=268.99644136428833
27-05-2022 13:36:07|INFO|s29|10-CV=0.57500|STD=0.02075|Time spend=271.0011546611786
27-05-2022 13:40:32|INFO|s30|10-CV=0.66875|STD=0.00796|Time spend=265.12422800064087
27-05-2022 13:45:08|INFO|s31|10-CV=0.58417|STD=0.01889|Time spend=275.8242690563202
27-05-2022 13:49:39|INFO|s32|10-CV=0.53375|STD=0.02461|Time spend=270.546728849411
27-05-2022 13:49:39|INFO|final|10-CV=0.62104|STD=0.01361
