02-06-2022 17:20:22|INFO|
    Running Command: 
        python3 main-ml.py --subject_setup independent --experimental_setup trial --stimuli_class valence --preprocessing RASM --segment_lenght 60 --output_log ./output/independent-trial-valence-RASM-60.log
    Starting training:
        segment_lenght:  60
        output_log:      ./output/independent-trial-valence-RASM-60.log
        stimuli_class:   valence
        preprocessing:   RASM
        subject_setup:   independent
        experimental_setup: trial
    
02-06-2022 17:20:42|INFO|Running Segment-First
02-06-2022 17:20:42|INFO|X.shape=(1280, 14), y.shape=(1280,), groups.shape=(1280,)
02-06-2022 17:20:42|INFO|Is groups None: False 
02-06-2022 17:21:06|INFO|grid.best_params_={'C': 1.0, 'gamma': 10.0, 'kernel': 'rbf', 'max_iter': 1000}, grid.best_score_=0.5694444444444444, grid.best_index_=12, acc=0.6171875, time=23.72786831855774
02-06-2022 17:21:06|INFO|Is groups None: False 
02-06-2022 17:21:10|INFO|grid.best_params_={'C': 1.0, 'gamma': 0.1, 'kernel': 'rbf', 'max_iter': 1000}, grid.best_score_=0.5772569444444444, grid.best_index_=11, acc=0.6015625, time=4.3147265911102295
02-06-2022 17:21:10|INFO|Is groups None: False 
02-06-2022 17:21:45|INFO|grid.best_params_={'C': 1.0, 'gamma': 0.1, 'kernel': 'rbf', 'max_iter': 1000}, grid.best_score_=0.5720486111111112, grid.best_index_=11, acc=0.5625, time=34.674612522125244
02-06-2022 17:21:45|INFO|Is groups None: False 
02-06-2022 17:22:44|INFO|grid.best_params_={'C': 1.0, 'gamma': 10.0, 'kernel': 'rbf', 'max_iter': 1000}, grid.best_score_=0.5842013888888888, grid.best_index_=12, acc=0.5546875, time=58.42021465301514
02-06-2022 17:22:44|INFO|Is groups None: False 
02-06-2022 17:22:48|INFO|grid.best_params_={'C': 100.0, 'gamma': 0.1, 'kernel': 'rbf', 'max_iter': 1000}, grid.best_score_=0.5859375, grid.best_index_=18, acc=0.484375, time=3.950733184814453
02-06-2022 17:22:48|INFO|Is groups None: False 
02-06-2022 17:22:51|INFO|grid.best_params_={'C': 1.0, 'gamma': 0.1, 'kernel': 'rbf', 'max_iter': 1000}, grid.best_score_=0.5824652777777778, grid.best_index_=11, acc=0.5703125, time=3.935563802719116
02-06-2022 17:22:51|INFO|Is groups None: False 
02-06-2022 17:22:55|INFO|grid.best_params_={'C': 1.0, 'gamma': 0.1, 'kernel': 'rbf', 'max_iter': 1000}, grid.best_score_=0.5815972222222222, grid.best_index_=11, acc=0.546875, time=3.9964230060577393
02-06-2022 17:22:55|INFO|Is groups None: False 
02-06-2022 17:23:00|INFO|grid.best_params_={'C': 1.0, 'gamma': 10.0, 'kernel': 'rbf', 'max_iter': 1000}, grid.best_score_=0.5729166666666666, grid.best_index_=12, acc=0.5703125, time=4.166378021240234
02-06-2022 17:23:00|INFO|Is groups None: False 
02-06-2022 17:23:04|INFO|grid.best_params_={'C': 100.0, 'gamma': 0.1, 'kernel': 'rbf', 'max_iter': 1000}, grid.best_score_=0.5842013888888888, grid.best_index_=18, acc=0.515625, time=4.117889404296875
02-06-2022 17:23:04|INFO|Is groups None: False 
02-06-2022 17:23:08|INFO|grid.best_params_={'C': 1.0, 'gamma': 10.0, 'kernel': 'rbf', 'max_iter': 1000}, grid.best_score_=0.5789930555555556, grid.best_index_=12, acc=0.5859375, time=4.0822882652282715
02-06-2022 17:23:08|INFO|all|10-CV=0.56094|STD=0.03711|Time spend=165.66319751739502
02-06-2022 17:23:08|INFO|final|10-CV=0.56094|STD=0.00000
