02-06-2022 17:17:33|INFO|
    Running Command: 
        python3 main-ml.py --subject_setup independent --experimental_setup segment --stimuli_class arousal --preprocessing RASM --segment_lenght 60 --output_log ./output/independent-segment-arousal-RASM-60.log
    Starting training:
        segment_lenght:  60
        output_log:      ./output/independent-segment-arousal-RASM-60.log
        stimuli_class:   arousal
        preprocessing:   RASM
        subject_setup:   independent
        experimental_setup: segment
    
02-06-2022 17:17:51|INFO|Running Split-First
02-06-2022 17:17:51|INFO|X.shape=(1280, 14), y.shape=(1280,), groups.shape=(1280,)
02-06-2022 17:17:51|INFO|Is groups None: True 
02-06-2022 17:18:13|INFO|1/10|grid.best_params_={'C': 1.0, 'gamma': 0.1, 'kernel': 'rbf', 'max_iter': 1000}, grid.best_score_=0.625, grid.best_index_=11, acc=0.46875, time=22.498868465423584
02-06-2022 17:18:14|INFO|Is groups None: True 
02-06-2022 17:18:17|INFO|2/10|grid.best_params_={'C': 1.0, 'gamma': 0.1, 'kernel': 'rbf', 'max_iter': 1000}, grid.best_score_=0.65625, grid.best_index_=11, acc=0.21875, time=3.4598042964935303
02-06-2022 17:18:17|INFO|Is groups None: True 
02-06-2022 17:18:44|INFO|3/10|grid.best_params_={'C': 1.0, 'gamma': 0.1, 'kernel': 'rbf', 'max_iter': 1000}, grid.best_score_=0.6770833333333334, grid.best_index_=11, acc=0.1484375, time=27.361961841583252
02-06-2022 17:18:44|INFO|Is groups None: True 
02-06-2022 17:19:43|INFO|4/10|grid.best_params_={'C': 100.0, 'gamma': 0.1, 'kernel': 'rbf', 'max_iter': 1000}, grid.best_score_=0.6215277777777778, grid.best_index_=18, acc=0.296875, time=58.80108666419983
02-06-2022 17:19:43|INFO|Is groups None: True 
02-06-2022 17:19:46|INFO|5/10|grid.best_params_={'C': 1.0, 'gamma': 0.1, 'kernel': 'rbf', 'max_iter': 1000}, grid.best_score_=0.6362847222222222, grid.best_index_=11, acc=0.3203125, time=3.0902576446533203
02-06-2022 17:19:46|INFO|Is groups None: True 
02-06-2022 17:19:49|INFO|6/10|grid.best_params_={'C': 1.0, 'gamma': 0.1, 'kernel': 'rbf', 'max_iter': 1000}, grid.best_score_=0.6241319444444444, grid.best_index_=11, acc=0.390625, time=3.176575183868408
02-06-2022 17:19:49|INFO|Is groups None: True 
02-06-2022 17:19:53|INFO|7/10|grid.best_params_={'C': 1.0, 'gamma': 0.1, 'kernel': 'rbf', 'max_iter': 1000}, grid.best_score_=0.6267361111111112, grid.best_index_=11, acc=0.6171875, time=3.217263698577881
02-06-2022 17:19:53|INFO|Is groups None: True 
02-06-2022 17:19:56|INFO|8/10|grid.best_params_={'C': 1.0, 'gamma': 10.0, 'kernel': 'rbf', 'max_iter': 1000}, grid.best_score_=0.6050347222222222, grid.best_index_=12, acc=0.5703125, time=3.277998208999634
02-06-2022 17:19:56|INFO|Is groups None: True 
02-06-2022 17:19:59|INFO|9/10|grid.best_params_={'C': 1.0, 'gamma': 0.1, 'kernel': 'rbf', 'max_iter': 1000}, grid.best_score_=0.6371527777777778, grid.best_index_=11, acc=0.515625, time=3.2886807918548584
02-06-2022 17:19:59|INFO|Is groups None: True 
02-06-2022 17:20:03|INFO|10/10|grid.best_params_={'C': 1.0, 'gamma': 0.1, 'kernel': 'rbf', 'max_iter': 1000}, grid.best_score_=0.6241319444444444, grid.best_index_=11, acc=0.6015625, time=3.331850528717041
02-06-2022 17:20:03|INFO|all|10-CV=0.41484|STD=0.15681|Time spend=149.35530734062195
02-06-2022 17:20:03|INFO|final|10-CV=0.41484|STD=0.00000
