02-06-2022 17:15:10|INFO|
    Running Command: 
        python3 main-ml.py --subject_setup independent --experimental_setup trial --stimuli_class arousal --preprocessing RASM --segment_lenght 60 --output_log ./output/independent-trial-arousal-RASM-60.log
    Starting training:
        segment_lenght:  60
        output_log:      ./output/independent-trial-arousal-RASM-60.log
        stimuli_class:   arousal
        preprocessing:   RASM
        subject_setup:   independent
        experimental_setup: trial
    
02-06-2022 17:15:28|INFO|Running Segment-First
02-06-2022 17:15:28|INFO|X.shape=(1280, 14), y.shape=(1280,), groups.shape=(1280,)
02-06-2022 17:15:29|INFO|Is groups None: False 
02-06-2022 17:15:52|INFO|grid.best_params_={'C': 1.0, 'gamma': 0.1, 'kernel': 'rbf', 'max_iter': 1000}, grid.best_score_=0.6154513888888888, grid.best_index_=11, acc=0.6171875, time=23.089388370513916
02-06-2022 17:15:52|INFO|Is groups None: False 
02-06-2022 17:15:56|INFO|grid.best_params_={'C': 1.0, 'gamma': 0.1, 'kernel': 'rbf', 'max_iter': 1000}, grid.best_score_=0.6163194444444444, grid.best_index_=11, acc=0.6328125, time=4.192160606384277
02-06-2022 17:15:56|INFO|Is groups None: False 
02-06-2022 17:16:45|INFO|grid.best_params_={'C': 1.0, 'gamma': 0.1, 'kernel': 'rbf', 'max_iter': 1000}, grid.best_score_=0.6154513888888888, grid.best_index_=11, acc=0.671875, time=48.107027769088745
02-06-2022 17:16:45|INFO|Is groups None: False 
02-06-2022 17:16:49|INFO|grid.best_params_={'C': 1000000.0, 'gamma': 1e-07, 'kernel': 'rbf', 'max_iter': 1000}, grid.best_score_=0.6180555555555556, grid.best_index_=29, acc=0.59375, time=3.9664504528045654
02-06-2022 17:16:49|INFO|Is groups None: False 
02-06-2022 17:16:53|INFO|grid.best_params_={'C': 100.0, 'gamma': 0.1, 'kernel': 'rbf', 'max_iter': 1000}, grid.best_score_=0.6137152777777778, grid.best_index_=18, acc=0.640625, time=3.9719293117523193
02-06-2022 17:16:53|INFO|Is groups None: False 
02-06-2022 17:16:57|INFO|grid.best_params_={'C': 1.0, 'gamma': 0.1, 'kernel': 'rbf', 'max_iter': 1000}, grid.best_score_=0.6171875, grid.best_index_=11, acc=0.5625, time=4.105845928192139
02-06-2022 17:16:57|INFO|Is groups None: False 
02-06-2022 17:17:01|INFO|grid.best_params_={'C': 1.0, 'gamma': 0.1, 'kernel': 'rbf', 'max_iter': 1000}, grid.best_score_=0.6111111111111112, grid.best_index_=11, acc=0.625, time=4.152209758758545
02-06-2022 17:17:01|INFO|Is groups None: False 
02-06-2022 17:17:05|INFO|grid.best_params_={'C': 1.0, 'gamma': 0.1, 'kernel': 'rbf', 'max_iter': 1000}, grid.best_score_=0.6215277777777778, grid.best_index_=11, acc=0.6015625, time=4.177238941192627
02-06-2022 17:17:05|INFO|Is groups None: False 
02-06-2022 17:17:09|INFO|grid.best_params_={'C': 1000000.0, 'gamma': 1e-07, 'kernel': 'rbf', 'max_iter': 1000}, grid.best_score_=0.6015625, grid.best_index_=29, acc=0.6171875, time=4.081577777862549
02-06-2022 17:17:09|INFO|Is groups None: False 
02-06-2022 17:17:13|INFO|grid.best_params_={'C': 1.0, 'gamma': 0.1, 'kernel': 'rbf', 'max_iter': 1000}, grid.best_score_=0.6163194444444444, grid.best_index_=11, acc=0.625, time=4.120128631591797
02-06-2022 17:17:13|INFO|all|10-CV=0.61875|STD=0.02769|Time spend=122.8373851776123
02-06-2022 17:17:13|INFO|final|10-CV=0.61875|STD=0.00000
